[2025-02-18T15:21:22.194+0000] {local_task_job_runner.py:123} INFO - ::group::Pre task execution logs
[2025-02-18T15:21:22.209+0000] {taskinstance.py:2612} INFO - Dependencies all met for dep_context=non-requeueable deps ti=<TaskInstance: mydag.templated manual__2025-02-18T15:21:18.944767+00:00 [queued]>
[2025-02-18T15:21:22.216+0000] {taskinstance.py:2612} INFO - Dependencies all met for dep_context=requeueable deps ti=<TaskInstance: mydag.templated manual__2025-02-18T15:21:18.944767+00:00 [queued]>
[2025-02-18T15:21:22.217+0000] {taskinstance.py:2865} INFO - Starting attempt 1 of 2
[2025-02-18T15:21:22.227+0000] {taskinstance.py:2888} INFO - Executing <Task(BashOperator): templated> on 2025-02-18 15:21:18.944767+00:00
[2025-02-18T15:21:22.233+0000] {warnings.py:112} WARNING - /home/***/.local/lib/python3.12/site-packages/***/task/task_runner/standard_task_runner.py:70: DeprecationWarning: This process (pid=436) is multi-threaded, use of fork() may lead to deadlocks in the child.
  pid = os.fork()

[2025-02-18T15:21:22.235+0000] {standard_task_runner.py:72} INFO - Started process 442 to run task
[2025-02-18T15:21:22.235+0000] {standard_task_runner.py:104} INFO - Running: ['***', 'tasks', 'run', 'mydag', 'templated', 'manual__2025-02-18T15:21:18.944767+00:00', '--job-id', '11', '--raw', '--subdir', 'DAGS_FOLDER/mydag.py', '--cfg-path', '/tmp/tmpovrlo_eq']
[2025-02-18T15:21:22.235+0000] {standard_task_runner.py:105} INFO - Job 11: Subtask templated
[2025-02-18T15:21:22.277+0000] {task_command.py:467} INFO - Running <TaskInstance: mydag.templated manual__2025-02-18T15:21:18.944767+00:00 [running]> on host 12ff667e38c6
[2025-02-18T15:21:22.360+0000] {taskinstance.py:3131} INFO - Exporting env vars: AIRFLOW_CTX_DAG_EMAIL='***@example.com' AIRFLOW_CTX_DAG_OWNER='***' AIRFLOW_CTX_DAG_ID='mydag' AIRFLOW_CTX_TASK_ID='templated' AIRFLOW_CTX_EXECUTION_DATE='2025-02-18T15:21:18.944767+00:00' AIRFLOW_CTX_TRY_NUMBER='1' AIRFLOW_CTX_DAG_RUN_ID='manual__2025-02-18T15:21:18.944767+00:00'
[2025-02-18T15:21:22.361+0000] {logging_mixin.py:190} INFO - Task instance is in running state
[2025-02-18T15:21:22.361+0000] {logging_mixin.py:190} INFO -  Previous state of the Task instance: queued
[2025-02-18T15:21:22.361+0000] {logging_mixin.py:190} INFO - Current task name:templated state:running start_date:2025-02-18 15:21:22.209516+00:00
[2025-02-18T15:21:22.362+0000] {logging_mixin.py:190} INFO - Dag name:mydag and current dag run status:running
[2025-02-18T15:21:22.362+0000] {taskinstance.py:731} INFO - ::endgroup::
[2025-02-18T15:21:22.363+0000] {subprocess.py:63} INFO - Tmp dir root location: /tmp
[2025-02-18T15:21:22.364+0000] {subprocess.py:75} INFO - Running command: ['/usr/bin/bash', '-c', '\n\n    echo "2025-02-18"\n    echo "2025-02-25"\n\n    echo "2025-02-18"\n    echo "2025-02-25"\n\n    echo "2025-02-18"\n    echo "2025-02-25"\n\n    echo "2025-02-18"\n    echo "2025-02-25"\n\n    echo "2025-02-18"\n    echo "2025-02-25"\n']
[2025-02-18T15:21:22.376+0000] {subprocess.py:86} INFO - Output:
[2025-02-18T15:21:22.378+0000] {subprocess.py:93} INFO - 2025-02-18
[2025-02-18T15:21:22.378+0000] {subprocess.py:93} INFO - 2025-02-25
[2025-02-18T15:21:22.378+0000] {subprocess.py:93} INFO - 2025-02-18
[2025-02-18T15:21:22.378+0000] {subprocess.py:93} INFO - 2025-02-25
[2025-02-18T15:21:22.378+0000] {subprocess.py:93} INFO - 2025-02-18
[2025-02-18T15:21:22.379+0000] {subprocess.py:93} INFO - 2025-02-25
[2025-02-18T15:21:22.379+0000] {subprocess.py:93} INFO - 2025-02-18
[2025-02-18T15:21:22.379+0000] {subprocess.py:93} INFO - 2025-02-25
[2025-02-18T15:21:22.379+0000] {subprocess.py:93} INFO - 2025-02-18
[2025-02-18T15:21:22.379+0000] {subprocess.py:93} INFO - 2025-02-25
[2025-02-18T15:21:22.379+0000] {subprocess.py:97} INFO - Command exited with return code 0
[2025-02-18T15:21:22.404+0000] {taskinstance.py:340} INFO - ::group::Post task execution logs
[2025-02-18T15:21:22.404+0000] {taskinstance.py:352} INFO - Marking task as SUCCESS. dag_id=mydag, task_id=templated, run_id=manual__2025-02-18T15:21:18.944767+00:00, execution_date=20250218T152118, start_date=20250218T152122, end_date=20250218T152122
[2025-02-18T15:21:22.415+0000] {logging_mixin.py:190} INFO - Task instance in success state
[2025-02-18T15:21:22.415+0000] {logging_mixin.py:190} INFO -  Previous state of the Task instance: running
[2025-02-18T15:21:22.415+0000] {logging_mixin.py:190} INFO - Dag name:mydag queued_at:2025-02-18 15:21:18.979329+00:00
[2025-02-18T15:21:22.415+0000] {logging_mixin.py:190} INFO - Task hostname:12ff667e38c6 operator:BashOperator
[2025-02-18T15:21:22.450+0000] {local_task_job_runner.py:266} INFO - Task exited with return code 0
[2025-02-18T15:21:22.463+0000] {taskinstance.py:3900} INFO - 0 downstream tasks scheduled from follow-on schedule check
[2025-02-18T15:21:22.465+0000] {local_task_job_runner.py:245} INFO - ::endgroup::
