[2025-02-18T17:04:29.871+0000] {local_task_job_runner.py:123} INFO - ::group::Pre task execution logs
[2025-02-18T17:04:29.896+0000] {taskinstance.py:2612} INFO - Dependencies all met for dep_context=non-requeueable deps ti=<TaskInstance: etl_pipeline.ingest_api manual__2025-02-18T17:04:26.358073+00:00 [queued]>
[2025-02-18T17:04:29.908+0000] {taskinstance.py:2612} INFO - Dependencies all met for dep_context=requeueable deps ti=<TaskInstance: etl_pipeline.ingest_api manual__2025-02-18T17:04:26.358073+00:00 [queued]>
[2025-02-18T17:04:29.909+0000] {taskinstance.py:2865} INFO - Starting attempt 1 of 2
[2025-02-18T17:04:29.933+0000] {taskinstance.py:2888} INFO - Executing <Task(PythonOperator): ingest_api> on 2025-02-18 17:04:26.358073+00:00
[2025-02-18T17:04:29.943+0000] {warnings.py:112} WARNING - /home/***/.local/lib/python3.12/site-packages/***/task/task_runner/standard_task_runner.py:70: DeprecationWarning: This process (pid=367) is multi-threaded, use of fork() may lead to deadlocks in the child.
  pid = os.fork()

[2025-02-18T17:04:29.946+0000] {standard_task_runner.py:72} INFO - Started process 375 to run task
[2025-02-18T17:04:29.946+0000] {standard_task_runner.py:104} INFO - Running: ['***', 'tasks', 'run', 'etl_pipeline', 'ingest_api', 'manual__2025-02-18T17:04:26.358073+00:00', '--job-id', '30', '--raw', '--subdir', 'DAGS_FOLDER/etl_pipeline.py', '--cfg-path', '/tmp/tmpa0zml5mi']
[2025-02-18T17:04:29.948+0000] {standard_task_runner.py:105} INFO - Job 30: Subtask ingest_api
[2025-02-18T17:04:30.021+0000] {task_command.py:467} INFO - Running <TaskInstance: etl_pipeline.ingest_api manual__2025-02-18T17:04:26.358073+00:00 [running]> on host 5054b4bca224
[2025-02-18T17:04:30.163+0000] {taskinstance.py:3131} INFO - Exporting env vars: AIRFLOW_CTX_DAG_EMAIL='your_email@example.com' AIRFLOW_CTX_DAG_OWNER='***' AIRFLOW_CTX_DAG_ID='etl_pipeline' AIRFLOW_CTX_TASK_ID='ingest_api' AIRFLOW_CTX_EXECUTION_DATE='2025-02-18T17:04:26.358073+00:00' AIRFLOW_CTX_TRY_NUMBER='1' AIRFLOW_CTX_DAG_RUN_ID='manual__2025-02-18T17:04:26.358073+00:00'
[2025-02-18T17:04:30.166+0000] {logging_mixin.py:190} INFO - Task instance is in running state
[2025-02-18T17:04:30.166+0000] {logging_mixin.py:190} INFO -  Previous state of the Task instance: queued
[2025-02-18T17:04:30.167+0000] {logging_mixin.py:190} INFO - Current task name:ingest_api state:running start_date:2025-02-18 17:04:29.897138+00:00
[2025-02-18T17:04:30.167+0000] {logging_mixin.py:190} INFO - Dag name:etl_pipeline and current dag run status:running
[2025-02-18T17:04:30.167+0000] {taskinstance.py:731} INFO - ::endgroup::
[2025-02-18T17:04:30.899+0000] {etl_pipeline.py:50} INFO - API data ingested and saved to /tmp/restcountries.json
[2025-02-18T17:04:30.903+0000] {python.py:240} INFO - Done. Returned value was: /tmp/restcountries.json
[2025-02-18T17:04:30.941+0000] {taskinstance.py:340} INFO - ::group::Post task execution logs
[2025-02-18T17:04:30.942+0000] {taskinstance.py:352} INFO - Marking task as SUCCESS. dag_id=etl_pipeline, task_id=ingest_api, run_id=manual__2025-02-18T17:04:26.358073+00:00, execution_date=20250218T170426, start_date=20250218T170429, end_date=20250218T170430
[2025-02-18T17:04:30.959+0000] {logging_mixin.py:190} INFO - Task instance in success state
[2025-02-18T17:04:30.959+0000] {logging_mixin.py:190} INFO -  Previous state of the Task instance: running
[2025-02-18T17:04:30.960+0000] {logging_mixin.py:190} INFO - Dag name:etl_pipeline queued_at:2025-02-18 17:04:26.392191+00:00
[2025-02-18T17:04:30.960+0000] {logging_mixin.py:190} INFO - Task hostname:5054b4bca224 operator:PythonOperator
[2025-02-18T17:04:31.010+0000] {local_task_job_runner.py:266} INFO - Task exited with return code 0
[2025-02-18T17:04:31.046+0000] {taskinstance.py:3900} INFO - 0 downstream tasks scheduled from follow-on schedule check
[2025-02-18T17:04:31.050+0000] {local_task_job_runner.py:245} INFO - ::endgroup::
