[2025-02-18T15:21:20.611+0000] {local_task_job_runner.py:123} INFO - ::group::Pre task execution logs
[2025-02-18T15:21:20.626+0000] {taskinstance.py:2612} INFO - Dependencies all met for dep_context=non-requeueable deps ti=<TaskInstance: mydag.print_date manual__2025-02-18T15:21:18.944767+00:00 [queued]>
[2025-02-18T15:21:20.631+0000] {taskinstance.py:2612} INFO - Dependencies all met for dep_context=requeueable deps ti=<TaskInstance: mydag.print_date manual__2025-02-18T15:21:18.944767+00:00 [queued]>
[2025-02-18T15:21:20.632+0000] {taskinstance.py:2865} INFO - Starting attempt 1 of 2
[2025-02-18T15:21:20.642+0000] {taskinstance.py:2888} INFO - Executing <Task(BashOperator): print_date> on 2025-02-18 15:21:18.944767+00:00
[2025-02-18T15:21:20.648+0000] {warnings.py:112} WARNING - /home/***/.local/lib/python3.12/site-packages/***/task/task_runner/standard_task_runner.py:70: DeprecationWarning: This process (pid=431) is multi-threaded, use of fork() may lead to deadlocks in the child.
  pid = os.fork()

[2025-02-18T15:21:20.650+0000] {standard_task_runner.py:72} INFO - Started process 433 to run task
[2025-02-18T15:21:20.649+0000] {standard_task_runner.py:104} INFO - Running: ['***', 'tasks', 'run', 'mydag', 'print_date', 'manual__2025-02-18T15:21:18.944767+00:00', '--job-id', '9', '--raw', '--subdir', 'DAGS_FOLDER/mydag.py', '--cfg-path', '/tmp/tmp98or6hp2']
[2025-02-18T15:21:20.650+0000] {standard_task_runner.py:105} INFO - Job 9: Subtask print_date
[2025-02-18T15:21:20.694+0000] {task_command.py:467} INFO - Running <TaskInstance: mydag.print_date manual__2025-02-18T15:21:18.944767+00:00 [running]> on host 12ff667e38c6
[2025-02-18T15:21:20.767+0000] {taskinstance.py:3131} INFO - Exporting env vars: AIRFLOW_CTX_DAG_EMAIL='***@example.com' AIRFLOW_CTX_DAG_OWNER='***' AIRFLOW_CTX_DAG_ID='mydag' AIRFLOW_CTX_TASK_ID='print_date' AIRFLOW_CTX_EXECUTION_DATE='2025-02-18T15:21:18.944767+00:00' AIRFLOW_CTX_TRY_NUMBER='1' AIRFLOW_CTX_DAG_RUN_ID='manual__2025-02-18T15:21:18.944767+00:00'
[2025-02-18T15:21:20.768+0000] {logging_mixin.py:190} INFO - Task instance is in running state
[2025-02-18T15:21:20.768+0000] {logging_mixin.py:190} INFO -  Previous state of the Task instance: queued
[2025-02-18T15:21:20.768+0000] {logging_mixin.py:190} INFO - Current task name:print_date state:running start_date:2025-02-18 15:21:20.626470+00:00
[2025-02-18T15:21:20.768+0000] {logging_mixin.py:190} INFO - Dag name:mydag and current dag run status:running
[2025-02-18T15:21:20.768+0000] {taskinstance.py:731} INFO - ::endgroup::
[2025-02-18T15:21:20.769+0000] {subprocess.py:63} INFO - Tmp dir root location: /tmp
[2025-02-18T15:21:20.770+0000] {subprocess.py:75} INFO - Running command: ['/usr/bin/bash', '-c', 'date']
[2025-02-18T15:21:20.782+0000] {subprocess.py:86} INFO - Output:
[2025-02-18T15:21:20.785+0000] {subprocess.py:93} INFO - Tue Feb 18 15:21:20 UTC 2025
[2025-02-18T15:21:20.786+0000] {subprocess.py:97} INFO - Command exited with return code 0
[2025-02-18T15:21:20.809+0000] {taskinstance.py:340} INFO - ::group::Post task execution logs
[2025-02-18T15:21:20.810+0000] {taskinstance.py:352} INFO - Marking task as SUCCESS. dag_id=mydag, task_id=print_date, run_id=manual__2025-02-18T15:21:18.944767+00:00, execution_date=20250218T152118, start_date=20250218T152120, end_date=20250218T152120
[2025-02-18T15:21:20.818+0000] {logging_mixin.py:190} INFO - Task instance in success state
[2025-02-18T15:21:20.819+0000] {logging_mixin.py:190} INFO -  Previous state of the Task instance: running
[2025-02-18T15:21:20.819+0000] {logging_mixin.py:190} INFO - Dag name:mydag queued_at:2025-02-18 15:21:18.979329+00:00
[2025-02-18T15:21:20.819+0000] {logging_mixin.py:190} INFO - Task hostname:12ff667e38c6 operator:BashOperator
[2025-02-18T15:21:20.866+0000] {local_task_job_runner.py:266} INFO - Task exited with return code 0
[2025-02-18T15:21:20.886+0000] {taskinstance.py:3900} INFO - 2 downstream tasks scheduled from follow-on schedule check
[2025-02-18T15:21:20.888+0000] {local_task_job_runner.py:245} INFO - ::endgroup::
