[2025-02-18T15:18:47.222+0000] {local_task_job_runner.py:123} INFO - ::group::Pre task execution logs
[2025-02-18T15:18:47.239+0000] {taskinstance.py:2612} INFO - Dependencies all met for dep_context=non-requeueable deps ti=<TaskInstance: mydag.templated scheduled__2025-02-17T00:00:00+00:00 [queued]>
[2025-02-18T15:18:47.245+0000] {taskinstance.py:2612} INFO - Dependencies all met for dep_context=requeueable deps ti=<TaskInstance: mydag.templated scheduled__2025-02-17T00:00:00+00:00 [queued]>
[2025-02-18T15:18:47.246+0000] {taskinstance.py:2865} INFO - Starting attempt 1 of 2
[2025-02-18T15:18:47.258+0000] {taskinstance.py:2888} INFO - Executing <Task(BashOperator): templated> on 2025-02-17 00:00:00+00:00
[2025-02-18T15:18:47.265+0000] {warnings.py:112} WARNING - /home/***/.local/lib/python3.12/site-packages/***/task/task_runner/standard_task_runner.py:70: DeprecationWarning: This process (pid=380) is multi-threaded, use of fork() may lead to deadlocks in the child.
  pid = os.fork()

[2025-02-18T15:18:47.266+0000] {standard_task_runner.py:72} INFO - Started process 390 to run task
[2025-02-18T15:18:47.266+0000] {standard_task_runner.py:104} INFO - Running: ['***', 'tasks', 'run', 'mydag', 'templated', 'scheduled__2025-02-17T00:00:00+00:00', '--job-id', '7', '--raw', '--subdir', 'DAGS_FOLDER/mydag.py', '--cfg-path', '/tmp/tmprvwcra98']
[2025-02-18T15:18:47.267+0000] {standard_task_runner.py:105} INFO - Job 7: Subtask templated
[2025-02-18T15:18:47.320+0000] {task_command.py:467} INFO - Running <TaskInstance: mydag.templated scheduled__2025-02-17T00:00:00+00:00 [running]> on host 12ff667e38c6
[2025-02-18T15:18:47.997+0000] {taskinstance.py:3131} INFO - Exporting env vars: AIRFLOW_CTX_DAG_EMAIL='***@example.com' AIRFLOW_CTX_DAG_OWNER='***' AIRFLOW_CTX_DAG_ID='mydag' AIRFLOW_CTX_TASK_ID='templated' AIRFLOW_CTX_EXECUTION_DATE='2025-02-17T00:00:00+00:00' AIRFLOW_CTX_TRY_NUMBER='1' AIRFLOW_CTX_DAG_RUN_ID='scheduled__2025-02-17T00:00:00+00:00'
[2025-02-18T15:18:47.998+0000] {logging_mixin.py:190} INFO - Task instance is in running state
[2025-02-18T15:18:47.998+0000] {logging_mixin.py:190} INFO -  Previous state of the Task instance: queued
[2025-02-18T15:18:47.998+0000] {logging_mixin.py:190} INFO - Current task name:templated state:running start_date:2025-02-18 15:18:47.239512+00:00
[2025-02-18T15:18:47.998+0000] {logging_mixin.py:190} INFO - Dag name:mydag and current dag run status:running
[2025-02-18T15:18:47.998+0000] {taskinstance.py:731} INFO - ::endgroup::
[2025-02-18T15:18:47.999+0000] {subprocess.py:63} INFO - Tmp dir root location: /tmp
[2025-02-18T15:18:48.000+0000] {subprocess.py:75} INFO - Running command: ['/usr/bin/bash', '-c', '\n\n    echo "2025-02-17"\n    echo "2025-02-24"\n\n    echo "2025-02-17"\n    echo "2025-02-24"\n\n    echo "2025-02-17"\n    echo "2025-02-24"\n\n    echo "2025-02-17"\n    echo "2025-02-24"\n\n    echo "2025-02-17"\n    echo "2025-02-24"\n']
[2025-02-18T15:18:48.014+0000] {subprocess.py:86} INFO - Output:
[2025-02-18T15:18:48.138+0000] {subprocess.py:93} INFO - 2025-02-17
[2025-02-18T15:18:48.138+0000] {subprocess.py:93} INFO - 2025-02-24
[2025-02-18T15:18:48.139+0000] {subprocess.py:93} INFO - 2025-02-17
[2025-02-18T15:18:48.139+0000] {subprocess.py:93} INFO - 2025-02-24
[2025-02-18T15:18:48.139+0000] {subprocess.py:93} INFO - 2025-02-17
[2025-02-18T15:18:48.139+0000] {subprocess.py:93} INFO - 2025-02-24
[2025-02-18T15:18:48.139+0000] {subprocess.py:93} INFO - 2025-02-17
[2025-02-18T15:18:48.139+0000] {subprocess.py:93} INFO - 2025-02-24
[2025-02-18T15:18:48.140+0000] {subprocess.py:93} INFO - 2025-02-17
[2025-02-18T15:18:48.140+0000] {subprocess.py:93} INFO - 2025-02-24
[2025-02-18T15:18:48.140+0000] {subprocess.py:97} INFO - Command exited with return code 0
[2025-02-18T15:18:48.257+0000] {taskinstance.py:340} INFO - ::group::Post task execution logs
[2025-02-18T15:18:48.257+0000] {taskinstance.py:352} INFO - Marking task as SUCCESS. dag_id=mydag, task_id=templated, run_id=scheduled__2025-02-17T00:00:00+00:00, execution_date=20250217T000000, start_date=20250218T151847, end_date=20250218T151848
[2025-02-18T15:18:48.630+0000] {logging_mixin.py:190} INFO - Task instance in success state
[2025-02-18T15:18:48.631+0000] {logging_mixin.py:190} INFO -  Previous state of the Task instance: running
[2025-02-18T15:18:48.631+0000] {logging_mixin.py:190} INFO - Dag name:mydag queued_at:2025-02-18 15:18:39.505461+00:00
[2025-02-18T15:18:48.631+0000] {logging_mixin.py:190} INFO - Task hostname:12ff667e38c6 operator:BashOperator
[2025-02-18T15:18:48.647+0000] {local_task_job_runner.py:266} INFO - Task exited with return code 0
[2025-02-18T15:18:48.662+0000] {taskinstance.py:3900} INFO - 0 downstream tasks scheduled from follow-on schedule check
[2025-02-18T15:18:49.012+0000] {local_task_job_runner.py:245} INFO - ::endgroup::
