[2025-02-19T09:58:34.976+0000] {local_task_job_runner.py:123} INFO - ::group::Pre task execution logs
[2025-02-19T09:58:34.995+0000] {taskinstance.py:2612} INFO - Dependencies all met for dep_context=non-requeueable deps ti=<TaskInstance: etl_pipeline.load_data manual__2025-02-19T09:58:26.918142+00:00 [queued]>
[2025-02-19T09:58:35.004+0000] {taskinstance.py:2612} INFO - Dependencies all met for dep_context=requeueable deps ti=<TaskInstance: etl_pipeline.load_data manual__2025-02-19T09:58:26.918142+00:00 [queued]>
[2025-02-19T09:58:35.004+0000] {taskinstance.py:2865} INFO - Starting attempt 1 of 3
[2025-02-19T09:58:35.016+0000] {taskinstance.py:2888} INFO - Executing <Task(BigQueryInsertJobOperator): load_data> on 2025-02-19 09:58:26.918142+00:00
[2025-02-19T09:58:35.022+0000] {warnings.py:112} WARNING - /home/***/.local/lib/python3.12/site-packages/***/task/task_runner/standard_task_runner.py:70: DeprecationWarning: This process (pid=382) is multi-threaded, use of fork() may lead to deadlocks in the child.
  pid = os.fork()

[2025-02-19T09:58:35.024+0000] {standard_task_runner.py:72} INFO - Started process 384 to run task
[2025-02-19T09:58:35.024+0000] {standard_task_runner.py:104} INFO - Running: ['***', 'tasks', 'run', 'etl_pipeline', 'load_data', 'manual__2025-02-19T09:58:26.918142+00:00', '--job-id', '72', '--raw', '--subdir', 'DAGS_FOLDER/etl_pipeline.py', '--cfg-path', '/tmp/tmplpo7rql3']
[2025-02-19T09:58:35.025+0000] {standard_task_runner.py:105} INFO - Job 72: Subtask load_data
[2025-02-19T09:58:35.067+0000] {task_command.py:467} INFO - Running <TaskInstance: etl_pipeline.load_data manual__2025-02-19T09:58:26.918142+00:00 [running]> on host fb45ff33766c
[2025-02-19T09:58:35.140+0000] {taskinstance.py:3131} INFO - Exporting env vars: AIRFLOW_CTX_DAG_EMAIL='your_email@example.com' AIRFLOW_CTX_DAG_OWNER='***' AIRFLOW_CTX_DAG_ID='etl_pipeline' AIRFLOW_CTX_TASK_ID='load_data' AIRFLOW_CTX_EXECUTION_DATE='2025-02-19T09:58:26.918142+00:00' AIRFLOW_CTX_TRY_NUMBER='1' AIRFLOW_CTX_DAG_RUN_ID='manual__2025-02-19T09:58:26.918142+00:00'
[2025-02-19T09:58:35.142+0000] {logging_mixin.py:190} INFO - Task instance is in running state
[2025-02-19T09:58:35.142+0000] {logging_mixin.py:190} INFO -  Previous state of the Task instance: queued
[2025-02-19T09:58:35.142+0000] {logging_mixin.py:190} INFO - Current task name:load_data state:running start_date:2025-02-19 09:58:34.996239+00:00
[2025-02-19T09:58:35.142+0000] {logging_mixin.py:190} INFO - Dag name:etl_pipeline and current dag run status:running
[2025-02-19T09:58:35.143+0000] {taskinstance.py:731} INFO - ::endgroup::
[2025-02-19T09:58:35.151+0000] {connection.py:277} WARNING - Connection schemes (type: google_cloud_platform) shall not contain '_' according to RFC3986.
[2025-02-19T09:58:35.157+0000] {base.py:84} INFO - Retrieving connection 'google_cloud_default'
[2025-02-19T09:58:35.198+0000] {bigquery.py:2957} INFO - Executing: {'query': {'query': "SELECT 'Data loaded successfully' AS status", 'useLegacySql': False}}'
[2025-02-19T09:58:35.199+0000] {bigquery.py:1702} INFO - Inserting job ***_etl_pipeline_load_data_2025_02_19T09_58_26_918142_00_00_e31bf20f282c413bdd11140986bd6e2a
[2025-02-19T09:58:36.022+0000] {taskinstance.py:340} INFO - ::group::Post task execution logs
[2025-02-19T09:58:36.023+0000] {taskinstance.py:352} INFO - Marking task as SUCCESS. dag_id=etl_pipeline, task_id=load_data, run_id=manual__2025-02-19T09:58:26.918142+00:00, execution_date=20250219T095826, start_date=20250219T095834, end_date=20250219T095836
[2025-02-19T09:58:36.032+0000] {logging_mixin.py:190} INFO - Task instance in success state
[2025-02-19T09:58:36.033+0000] {logging_mixin.py:190} INFO -  Previous state of the Task instance: running
[2025-02-19T09:58:36.033+0000] {logging_mixin.py:190} INFO - Dag name:etl_pipeline queued_at:2025-02-19 09:58:26.935372+00:00
[2025-02-19T09:58:36.033+0000] {logging_mixin.py:190} INFO - Task hostname:fb45ff33766c operator:BigQueryInsertJobOperator
[2025-02-19T09:58:36.043+0000] {local_task_job_runner.py:266} INFO - Task exited with return code 0
[2025-02-19T09:58:36.058+0000] {taskinstance.py:3900} INFO - 0 downstream tasks scheduled from follow-on schedule check
[2025-02-19T09:58:36.060+0000] {local_task_job_runner.py:245} INFO - ::endgroup::
