[2025-02-18T15:18:44.868+0000] {local_task_job_runner.py:123} INFO - ::group::Pre task execution logs
[2025-02-18T15:18:44.885+0000] {taskinstance.py:2612} INFO - Dependencies all met for dep_context=non-requeueable deps ti=<TaskInstance: mydag.sleep manual__2025-02-18T15:18:39.240938+00:00 [queued]>
[2025-02-18T15:18:44.896+0000] {taskinstance.py:2612} INFO - Dependencies all met for dep_context=requeueable deps ti=<TaskInstance: mydag.sleep manual__2025-02-18T15:18:39.240938+00:00 [queued]>
[2025-02-18T15:18:44.897+0000] {taskinstance.py:2865} INFO - Starting attempt 1 of 4
[2025-02-18T15:18:44.909+0000] {taskinstance.py:2888} INFO - Executing <Task(BashOperator): sleep> on 2025-02-18 15:18:39.240938+00:00
[2025-02-18T15:18:44.918+0000] {warnings.py:112} WARNING - /home/***/.local/lib/python3.12/site-packages/***/task/task_runner/standard_task_runner.py:70: DeprecationWarning: This process (pid=377) is multi-threaded, use of fork() may lead to deadlocks in the child.
  pid = os.fork()

[2025-02-18T15:18:44.922+0000] {standard_task_runner.py:72} INFO - Started process 385 to run task
[2025-02-18T15:18:44.922+0000] {standard_task_runner.py:104} INFO - Running: ['***', 'tasks', 'run', 'mydag', 'sleep', 'manual__2025-02-18T15:18:39.240938+00:00', '--job-id', '6', '--raw', '--subdir', 'DAGS_FOLDER/mydag.py', '--cfg-path', '/tmp/tmpdrkayaoi']
[2025-02-18T15:18:44.923+0000] {standard_task_runner.py:105} INFO - Job 6: Subtask sleep
[2025-02-18T15:18:44.985+0000] {task_command.py:467} INFO - Running <TaskInstance: mydag.sleep manual__2025-02-18T15:18:39.240938+00:00 [running]> on host 12ff667e38c6
[2025-02-18T15:18:45.077+0000] {taskinstance.py:3131} INFO - Exporting env vars: AIRFLOW_CTX_DAG_EMAIL='***@example.com' AIRFLOW_CTX_DAG_OWNER='***' AIRFLOW_CTX_DAG_ID='mydag' AIRFLOW_CTX_TASK_ID='sleep' AIRFLOW_CTX_EXECUTION_DATE='2025-02-18T15:18:39.240938+00:00' AIRFLOW_CTX_TRY_NUMBER='1' AIRFLOW_CTX_DAG_RUN_ID='manual__2025-02-18T15:18:39.240938+00:00'
[2025-02-18T15:18:45.078+0000] {logging_mixin.py:190} INFO - Task instance is in running state
[2025-02-18T15:18:45.078+0000] {logging_mixin.py:190} INFO -  Previous state of the Task instance: queued
[2025-02-18T15:18:45.078+0000] {logging_mixin.py:190} INFO - Current task name:sleep state:running start_date:2025-02-18 15:18:44.886206+00:00
[2025-02-18T15:18:45.078+0000] {logging_mixin.py:190} INFO - Dag name:mydag and current dag run status:running
[2025-02-18T15:18:45.079+0000] {taskinstance.py:731} INFO - ::endgroup::
[2025-02-18T15:18:45.079+0000] {subprocess.py:63} INFO - Tmp dir root location: /tmp
[2025-02-18T15:18:45.080+0000] {subprocess.py:75} INFO - Running command: ['/usr/bin/bash', '-c', 'sleep 5']
[2025-02-18T15:18:45.093+0000] {subprocess.py:86} INFO - Output:
[2025-02-18T15:18:50.098+0000] {subprocess.py:97} INFO - Command exited with return code 0
[2025-02-18T15:18:50.343+0000] {taskinstance.py:340} INFO - ::group::Post task execution logs
[2025-02-18T15:18:50.343+0000] {taskinstance.py:352} INFO - Marking task as SUCCESS. dag_id=mydag, task_id=sleep, run_id=manual__2025-02-18T15:18:39.240938+00:00, execution_date=20250218T151839, start_date=20250218T151844, end_date=20250218T151850
[2025-02-18T15:18:50.736+0000] {logging_mixin.py:190} INFO - Task instance in success state
[2025-02-18T15:18:50.736+0000] {logging_mixin.py:190} INFO -  Previous state of the Task instance: running
[2025-02-18T15:18:50.736+0000] {logging_mixin.py:190} INFO - Dag name:mydag queued_at:2025-02-18 15:18:39.273260+00:00
[2025-02-18T15:18:50.736+0000] {logging_mixin.py:190} INFO - Task hostname:12ff667e38c6 operator:BashOperator
[2025-02-18T15:18:50.773+0000] {local_task_job_runner.py:266} INFO - Task exited with return code 0
[2025-02-18T15:18:50.787+0000] {taskinstance.py:3900} INFO - 0 downstream tasks scheduled from follow-on schedule check
[2025-02-18T15:18:50.993+0000] {local_task_job_runner.py:245} INFO - ::endgroup::
