[2025-02-18T15:18:47.308+0000] {local_task_job_runner.py:123} INFO - ::group::Pre task execution logs
[2025-02-18T15:18:47.326+0000] {taskinstance.py:2612} INFO - Dependencies all met for dep_context=non-requeueable deps ti=<TaskInstance: mydag.templated manual__2025-02-18T15:18:39.240938+00:00 [queued]>
[2025-02-18T15:18:47.333+0000] {taskinstance.py:2612} INFO - Dependencies all met for dep_context=requeueable deps ti=<TaskInstance: mydag.templated manual__2025-02-18T15:18:39.240938+00:00 [queued]>
[2025-02-18T15:18:47.333+0000] {taskinstance.py:2865} INFO - Starting attempt 1 of 2
[2025-02-18T15:18:47.454+0000] {taskinstance.py:2888} INFO - Executing <Task(BashOperator): templated> on 2025-02-18 15:18:39.240938+00:00
[2025-02-18T15:18:47.461+0000] {warnings.py:112} WARNING - /home/***/.local/lib/python3.12/site-packages/***/task/task_runner/standard_task_runner.py:70: DeprecationWarning: This process (pid=381) is multi-threaded, use of fork() may lead to deadlocks in the child.
  pid = os.fork()

[2025-02-18T15:18:47.464+0000] {standard_task_runner.py:72} INFO - Started process 392 to run task
[2025-02-18T15:18:47.464+0000] {standard_task_runner.py:104} INFO - Running: ['***', 'tasks', 'run', 'mydag', 'templated', 'manual__2025-02-18T15:18:39.240938+00:00', '--job-id', '8', '--raw', '--subdir', 'DAGS_FOLDER/mydag.py', '--cfg-path', '/tmp/tmpocaax9yj']
[2025-02-18T15:18:47.464+0000] {standard_task_runner.py:105} INFO - Job 8: Subtask templated
[2025-02-18T15:18:47.848+0000] {task_command.py:467} INFO - Running <TaskInstance: mydag.templated manual__2025-02-18T15:18:39.240938+00:00 [running]> on host 12ff667e38c6
[2025-02-18T15:18:48.450+0000] {taskinstance.py:3131} INFO - Exporting env vars: AIRFLOW_CTX_DAG_EMAIL='***@example.com' AIRFLOW_CTX_DAG_OWNER='***' AIRFLOW_CTX_DAG_ID='mydag' AIRFLOW_CTX_TASK_ID='templated' AIRFLOW_CTX_EXECUTION_DATE='2025-02-18T15:18:39.240938+00:00' AIRFLOW_CTX_TRY_NUMBER='1' AIRFLOW_CTX_DAG_RUN_ID='manual__2025-02-18T15:18:39.240938+00:00'
[2025-02-18T15:18:48.452+0000] {logging_mixin.py:190} INFO - Task instance is in running state
[2025-02-18T15:18:48.452+0000] {logging_mixin.py:190} INFO -  Previous state of the Task instance: queued
[2025-02-18T15:18:48.452+0000] {logging_mixin.py:190} INFO - Current task name:templated state:running start_date:2025-02-18 15:18:47.326438+00:00
[2025-02-18T15:18:48.453+0000] {logging_mixin.py:190} INFO - Dag name:mydag and current dag run status:running
[2025-02-18T15:18:48.453+0000] {taskinstance.py:731} INFO - ::endgroup::
[2025-02-18T15:18:48.454+0000] {subprocess.py:63} INFO - Tmp dir root location: /tmp
[2025-02-18T15:18:48.455+0000] {subprocess.py:75} INFO - Running command: ['/usr/bin/bash', '-c', '\n\n    echo "2025-02-18"\n    echo "2025-02-25"\n\n    echo "2025-02-18"\n    echo "2025-02-25"\n\n    echo "2025-02-18"\n    echo "2025-02-25"\n\n    echo "2025-02-18"\n    echo "2025-02-25"\n\n    echo "2025-02-18"\n    echo "2025-02-25"\n']
[2025-02-18T15:18:48.468+0000] {subprocess.py:86} INFO - Output:
[2025-02-18T15:18:48.469+0000] {subprocess.py:93} INFO - 2025-02-18
[2025-02-18T15:18:48.469+0000] {subprocess.py:93} INFO - 2025-02-25
[2025-02-18T15:18:48.469+0000] {subprocess.py:93} INFO - 2025-02-18
[2025-02-18T15:18:48.470+0000] {subprocess.py:93} INFO - 2025-02-25
[2025-02-18T15:18:48.470+0000] {subprocess.py:93} INFO - 2025-02-18
[2025-02-18T15:18:48.470+0000] {subprocess.py:93} INFO - 2025-02-25
[2025-02-18T15:18:48.470+0000] {subprocess.py:93} INFO - 2025-02-18
[2025-02-18T15:18:48.470+0000] {subprocess.py:93} INFO - 2025-02-25
[2025-02-18T15:18:48.470+0000] {subprocess.py:93} INFO - 2025-02-18
[2025-02-18T15:18:48.471+0000] {subprocess.py:93} INFO - 2025-02-25
[2025-02-18T15:18:48.471+0000] {subprocess.py:97} INFO - Command exited with return code 0
[2025-02-18T15:18:48.831+0000] {taskinstance.py:340} INFO - ::group::Post task execution logs
[2025-02-18T15:18:48.832+0000] {taskinstance.py:352} INFO - Marking task as SUCCESS. dag_id=mydag, task_id=templated, run_id=manual__2025-02-18T15:18:39.240938+00:00, execution_date=20250218T151839, start_date=20250218T151847, end_date=20250218T151848
[2025-02-18T15:18:49.220+0000] {logging_mixin.py:190} INFO - Task instance in success state
[2025-02-18T15:18:49.221+0000] {logging_mixin.py:190} INFO -  Previous state of the Task instance: running
[2025-02-18T15:18:49.221+0000] {logging_mixin.py:190} INFO - Dag name:mydag queued_at:2025-02-18 15:18:39.273260+00:00
[2025-02-18T15:18:49.221+0000] {logging_mixin.py:190} INFO - Task hostname:12ff667e38c6 operator:BashOperator
[2025-02-18T15:18:49.255+0000] {local_task_job_runner.py:266} INFO - Task exited with return code 0
[2025-02-18T15:18:49.270+0000] {taskinstance.py:3900} INFO - 0 downstream tasks scheduled from follow-on schedule check
[2025-02-18T15:18:49.310+0000] {local_task_job_runner.py:245} INFO - ::endgroup::
