[2025-02-18T17:21:35.730+0000] {local_task_job_runner.py:123} INFO - ::group::Pre task execution logs
[2025-02-18T17:21:35.749+0000] {taskinstance.py:2612} INFO - Dependencies all met for dep_context=non-requeueable deps ti=<TaskInstance: etl_pipeline.ingest_api manual__2025-02-18T17:21:33.638934+00:00 [queued]>
[2025-02-18T17:21:35.758+0000] {taskinstance.py:2612} INFO - Dependencies all met for dep_context=requeueable deps ti=<TaskInstance: etl_pipeline.ingest_api manual__2025-02-18T17:21:33.638934+00:00 [queued]>
[2025-02-18T17:21:35.759+0000] {taskinstance.py:2865} INFO - Starting attempt 1 of 3
[2025-02-18T17:21:35.774+0000] {taskinstance.py:2888} INFO - Executing <Task(PythonOperator): ingest_api> on 2025-02-18 17:21:33.638934+00:00
[2025-02-18T17:21:35.783+0000] {warnings.py:112} WARNING - /home/***/.local/lib/python3.12/site-packages/***/task/task_runner/standard_task_runner.py:70: DeprecationWarning: This process (pid=194) is multi-threaded, use of fork() may lead to deadlocks in the child.
  pid = os.fork()

[2025-02-18T17:21:35.786+0000] {standard_task_runner.py:72} INFO - Started process 201 to run task
[2025-02-18T17:21:35.786+0000] {standard_task_runner.py:104} INFO - Running: ['***', 'tasks', 'run', 'etl_pipeline', 'ingest_api', 'manual__2025-02-18T17:21:33.638934+00:00', '--job-id', '49', '--raw', '--subdir', 'DAGS_FOLDER/etl_pipeline.py', '--cfg-path', '/tmp/tmpvo734utv']
[2025-02-18T17:21:35.787+0000] {standard_task_runner.py:105} INFO - Job 49: Subtask ingest_api
[2025-02-18T17:21:35.851+0000] {task_command.py:467} INFO - Running <TaskInstance: etl_pipeline.ingest_api manual__2025-02-18T17:21:33.638934+00:00 [running]> on host 06238f81c50a
[2025-02-18T17:21:35.939+0000] {taskinstance.py:3131} INFO - Exporting env vars: AIRFLOW_CTX_DAG_EMAIL='your_email@example.com' AIRFLOW_CTX_DAG_OWNER='***' AIRFLOW_CTX_DAG_ID='etl_pipeline' AIRFLOW_CTX_TASK_ID='ingest_api' AIRFLOW_CTX_EXECUTION_DATE='2025-02-18T17:21:33.638934+00:00' AIRFLOW_CTX_TRY_NUMBER='1' AIRFLOW_CTX_DAG_RUN_ID='manual__2025-02-18T17:21:33.638934+00:00'
[2025-02-18T17:21:35.941+0000] {logging_mixin.py:190} INFO - Task instance is in running state
[2025-02-18T17:21:35.941+0000] {logging_mixin.py:190} INFO -  Previous state of the Task instance: queued
[2025-02-18T17:21:35.941+0000] {logging_mixin.py:190} INFO - Current task name:ingest_api state:running start_date:2025-02-18 17:21:35.750237+00:00
[2025-02-18T17:21:35.942+0000] {logging_mixin.py:190} INFO - Dag name:etl_pipeline and current dag run status:running
[2025-02-18T17:21:35.942+0000] {taskinstance.py:731} INFO - ::endgroup::
[2025-02-18T17:21:36.877+0000] {etl_pipeline.py:51} INFO - API data ingested and saved to /tmp/restcountries.json
[2025-02-18T17:21:36.881+0000] {python.py:240} INFO - Done. Returned value was: /tmp/restcountries.json
[2025-02-18T17:21:36.908+0000] {taskinstance.py:340} INFO - ::group::Post task execution logs
[2025-02-18T17:21:36.909+0000] {taskinstance.py:352} INFO - Marking task as SUCCESS. dag_id=etl_pipeline, task_id=ingest_api, run_id=manual__2025-02-18T17:21:33.638934+00:00, execution_date=20250218T172133, start_date=20250218T172135, end_date=20250218T172136
[2025-02-18T17:21:36.918+0000] {logging_mixin.py:190} INFO - Task instance in success state
[2025-02-18T17:21:36.918+0000] {logging_mixin.py:190} INFO -  Previous state of the Task instance: running
[2025-02-18T17:21:36.918+0000] {logging_mixin.py:190} INFO - Dag name:etl_pipeline queued_at:2025-02-18 17:21:33.648322+00:00
[2025-02-18T17:21:36.919+0000] {logging_mixin.py:190} INFO - Task hostname:06238f81c50a operator:PythonOperator
[2025-02-18T17:21:36.969+0000] {local_task_job_runner.py:266} INFO - Task exited with return code 0
[2025-02-18T17:21:36.994+0000] {taskinstance.py:3900} INFO - 0 downstream tasks scheduled from follow-on schedule check
[2025-02-18T17:21:36.996+0000] {local_task_job_runner.py:245} INFO - ::endgroup::
