[2025-02-18T17:18:47.422+0000] {local_task_job_runner.py:123} INFO - ::group::Pre task execution logs
[2025-02-18T17:18:47.439+0000] {taskinstance.py:2612} INFO - Dependencies all met for dep_context=non-requeueable deps ti=<TaskInstance: etl_pipeline.ingest_postgres manual__2025-02-18T17:18:43.512188+00:00 [queued]>
[2025-02-18T17:18:47.447+0000] {taskinstance.py:2612} INFO - Dependencies all met for dep_context=requeueable deps ti=<TaskInstance: etl_pipeline.ingest_postgres manual__2025-02-18T17:18:43.512188+00:00 [queued]>
[2025-02-18T17:18:47.447+0000] {taskinstance.py:2865} INFO - Starting attempt 1 of 3
[2025-02-18T17:18:47.464+0000] {taskinstance.py:2888} INFO - Executing <Task(PythonOperator): ingest_postgres> on 2025-02-18 17:18:43.512188+00:00
[2025-02-18T17:18:47.472+0000] {warnings.py:112} WARNING - /home/***/.local/lib/python3.12/site-packages/***/task/task_runner/standard_task_runner.py:70: DeprecationWarning: This process (pid=133) is multi-threaded, use of fork() may lead to deadlocks in the child.
  pid = os.fork()

[2025-02-18T17:18:47.473+0000] {standard_task_runner.py:72} INFO - Started process 141 to run task
[2025-02-18T17:18:47.473+0000] {standard_task_runner.py:104} INFO - Running: ['***', 'tasks', 'run', 'etl_pipeline', 'ingest_postgres', 'manual__2025-02-18T17:18:43.512188+00:00', '--job-id', '45', '--raw', '--subdir', 'DAGS_FOLDER/etl_pipeline.py', '--cfg-path', '/tmp/tmpp0j5lfhi']
[2025-02-18T17:18:47.474+0000] {standard_task_runner.py:105} INFO - Job 45: Subtask ingest_postgres
[2025-02-18T17:18:47.517+0000] {task_command.py:467} INFO - Running <TaskInstance: etl_pipeline.ingest_postgres manual__2025-02-18T17:18:43.512188+00:00 [running]> on host 06238f81c50a
[2025-02-18T17:18:47.596+0000] {taskinstance.py:3131} INFO - Exporting env vars: AIRFLOW_CTX_DAG_EMAIL='your_email@example.com' AIRFLOW_CTX_DAG_OWNER='***' AIRFLOW_CTX_DAG_ID='etl_pipeline' AIRFLOW_CTX_TASK_ID='ingest_postgres' AIRFLOW_CTX_EXECUTION_DATE='2025-02-18T17:18:43.512188+00:00' AIRFLOW_CTX_TRY_NUMBER='1' AIRFLOW_CTX_DAG_RUN_ID='manual__2025-02-18T17:18:43.512188+00:00'
[2025-02-18T17:18:47.598+0000] {logging_mixin.py:190} INFO - Task instance is in running state
[2025-02-18T17:18:47.598+0000] {logging_mixin.py:190} INFO -  Previous state of the Task instance: queued
[2025-02-18T17:18:47.598+0000] {logging_mixin.py:190} INFO - Current task name:ingest_postgres state:running start_date:2025-02-18 17:18:47.439571+00:00
[2025-02-18T17:18:47.599+0000] {logging_mixin.py:190} INFO - Dag name:etl_pipeline and current dag run status:running
[2025-02-18T17:18:47.599+0000] {taskinstance.py:731} INFO - ::endgroup::
[2025-02-18T17:18:47.605+0000] {etl_pipeline.py:68} INFO - Postgres data ingested and saved to /tmp/postgres_data.csv
[2025-02-18T17:18:47.606+0000] {python.py:240} INFO - Done. Returned value was: /tmp/postgres_data.csv
[2025-02-18T17:18:47.631+0000] {taskinstance.py:340} INFO - ::group::Post task execution logs
[2025-02-18T17:18:47.632+0000] {taskinstance.py:352} INFO - Marking task as SUCCESS. dag_id=etl_pipeline, task_id=ingest_postgres, run_id=manual__2025-02-18T17:18:43.512188+00:00, execution_date=20250218T171843, start_date=20250218T171847, end_date=20250218T171847
[2025-02-18T17:18:47.641+0000] {logging_mixin.py:190} INFO - Task instance in success state
[2025-02-18T17:18:47.642+0000] {logging_mixin.py:190} INFO -  Previous state of the Task instance: running
[2025-02-18T17:18:47.642+0000] {logging_mixin.py:190} INFO - Dag name:etl_pipeline queued_at:2025-02-18 17:18:43.527315+00:00
[2025-02-18T17:18:47.642+0000] {logging_mixin.py:190} INFO - Task hostname:06238f81c50a operator:PythonOperator
[2025-02-18T17:18:47.688+0000] {local_task_job_runner.py:266} INFO - Task exited with return code 0
[2025-02-18T17:18:47.715+0000] {taskinstance.py:3900} INFO - 0 downstream tasks scheduled from follow-on schedule check
[2025-02-18T17:18:47.717+0000] {local_task_job_runner.py:245} INFO - ::endgroup::
