[2025-02-19T09:38:25.831+0000] {processor.py:186} INFO - Started process (PID=74) to work on /home/airflow/.local/lib/python3.12/site-packages/airflow/example_dags/example_short_circuit_decorator.py
[2025-02-19T09:38:25.831+0000] {processor.py:914} INFO - Processing file /home/airflow/.local/lib/python3.12/site-packages/airflow/example_dags/example_short_circuit_decorator.py for tasks to queue
[2025-02-19T09:38:25.833+0000] {logging_mixin.py:190} INFO - [2025-02-19T09:38:25.833+0000] {dagbag.py:587} INFO - Filling up the DagBag from /home/airflow/.local/lib/python3.12/site-packages/airflow/example_dags/example_short_circuit_decorator.py
[2025-02-19T09:38:25.843+0000] {processor.py:925} INFO - DAG(s) 'example_short_circuit_decorator' retrieved from /home/airflow/.local/lib/python3.12/site-packages/airflow/example_dags/example_short_circuit_decorator.py
[2025-02-19T09:38:25.868+0000] {logging_mixin.py:190} INFO - [2025-02-19T09:38:25.868+0000] {dag.py:3229} INFO - Sync 1 DAGs
[2025-02-19T09:38:25.883+0000] {logging_mixin.py:190} INFO - [2025-02-19T09:38:25.882+0000] {dag.py:4156} INFO - Setting next_dagrun for example_short_circuit_decorator to None, run_after=None
[2025-02-19T09:38:25.908+0000] {processor.py:208} INFO - Processing /home/airflow/.local/lib/python3.12/site-packages/airflow/example_dags/example_short_circuit_decorator.py took 0.082 seconds
[2025-02-19T09:38:56.643+0000] {processor.py:186} INFO - Started process (PID=143) to work on /home/airflow/.local/lib/python3.12/site-packages/airflow/example_dags/example_short_circuit_decorator.py
[2025-02-19T09:38:56.644+0000] {processor.py:914} INFO - Processing file /home/airflow/.local/lib/python3.12/site-packages/airflow/example_dags/example_short_circuit_decorator.py for tasks to queue
[2025-02-19T09:38:56.646+0000] {logging_mixin.py:190} INFO - [2025-02-19T09:38:56.646+0000] {dagbag.py:587} INFO - Filling up the DagBag from /home/airflow/.local/lib/python3.12/site-packages/airflow/example_dags/example_short_circuit_decorator.py
[2025-02-19T09:38:56.654+0000] {processor.py:925} INFO - DAG(s) 'example_short_circuit_decorator' retrieved from /home/airflow/.local/lib/python3.12/site-packages/airflow/example_dags/example_short_circuit_decorator.py
[2025-02-19T09:38:56.674+0000] {logging_mixin.py:190} INFO - [2025-02-19T09:38:56.673+0000] {dag.py:3229} INFO - Sync 1 DAGs
[2025-02-19T09:38:56.684+0000] {logging_mixin.py:190} INFO - [2025-02-19T09:38:56.684+0000] {dag.py:4156} INFO - Setting next_dagrun for example_short_circuit_decorator to None, run_after=None
[2025-02-19T09:38:56.699+0000] {processor.py:208} INFO - Processing /home/airflow/.local/lib/python3.12/site-packages/airflow/example_dags/example_short_circuit_decorator.py took 0.060 seconds
[2025-02-19T09:39:27.398+0000] {processor.py:186} INFO - Started process (PID=207) to work on /home/airflow/.local/lib/python3.12/site-packages/airflow/example_dags/example_short_circuit_decorator.py
[2025-02-19T09:39:27.399+0000] {processor.py:914} INFO - Processing file /home/airflow/.local/lib/python3.12/site-packages/airflow/example_dags/example_short_circuit_decorator.py for tasks to queue
[2025-02-19T09:39:27.402+0000] {logging_mixin.py:190} INFO - [2025-02-19T09:39:27.401+0000] {dagbag.py:587} INFO - Filling up the DagBag from /home/airflow/.local/lib/python3.12/site-packages/airflow/example_dags/example_short_circuit_decorator.py
[2025-02-19T09:39:27.410+0000] {processor.py:925} INFO - DAG(s) 'example_short_circuit_decorator' retrieved from /home/airflow/.local/lib/python3.12/site-packages/airflow/example_dags/example_short_circuit_decorator.py
[2025-02-19T09:39:27.430+0000] {logging_mixin.py:190} INFO - [2025-02-19T09:39:27.429+0000] {dag.py:3229} INFO - Sync 1 DAGs
[2025-02-19T09:39:27.441+0000] {logging_mixin.py:190} INFO - [2025-02-19T09:39:27.441+0000] {dag.py:4156} INFO - Setting next_dagrun for example_short_circuit_decorator to None, run_after=None
[2025-02-19T09:39:27.457+0000] {processor.py:208} INFO - Processing /home/airflow/.local/lib/python3.12/site-packages/airflow/example_dags/example_short_circuit_decorator.py took 0.063 seconds
[2025-02-19T09:39:57.562+0000] {processor.py:186} INFO - Started process (PID=271) to work on /home/airflow/.local/lib/python3.12/site-packages/airflow/example_dags/example_short_circuit_decorator.py
[2025-02-19T09:39:57.563+0000] {processor.py:914} INFO - Processing file /home/airflow/.local/lib/python3.12/site-packages/airflow/example_dags/example_short_circuit_decorator.py for tasks to queue
[2025-02-19T09:39:57.565+0000] {logging_mixin.py:190} INFO - [2025-02-19T09:39:57.565+0000] {dagbag.py:587} INFO - Filling up the DagBag from /home/airflow/.local/lib/python3.12/site-packages/airflow/example_dags/example_short_circuit_decorator.py
[2025-02-19T09:39:57.573+0000] {processor.py:925} INFO - DAG(s) 'example_short_circuit_decorator' retrieved from /home/airflow/.local/lib/python3.12/site-packages/airflow/example_dags/example_short_circuit_decorator.py
[2025-02-19T09:39:57.592+0000] {logging_mixin.py:190} INFO - [2025-02-19T09:39:57.592+0000] {dag.py:3229} INFO - Sync 1 DAGs
[2025-02-19T09:39:57.603+0000] {logging_mixin.py:190} INFO - [2025-02-19T09:39:57.603+0000] {dag.py:4156} INFO - Setting next_dagrun for example_short_circuit_decorator to None, run_after=None
[2025-02-19T09:39:57.619+0000] {processor.py:208} INFO - Processing /home/airflow/.local/lib/python3.12/site-packages/airflow/example_dags/example_short_circuit_decorator.py took 0.062 seconds
[2025-02-19T09:40:27.852+0000] {processor.py:186} INFO - Started process (PID=335) to work on /home/airflow/.local/lib/python3.12/site-packages/airflow/example_dags/example_short_circuit_decorator.py
[2025-02-19T09:40:27.853+0000] {processor.py:914} INFO - Processing file /home/airflow/.local/lib/python3.12/site-packages/airflow/example_dags/example_short_circuit_decorator.py for tasks to queue
[2025-02-19T09:40:27.855+0000] {logging_mixin.py:190} INFO - [2025-02-19T09:40:27.855+0000] {dagbag.py:587} INFO - Filling up the DagBag from /home/airflow/.local/lib/python3.12/site-packages/airflow/example_dags/example_short_circuit_decorator.py
[2025-02-19T09:40:27.863+0000] {processor.py:925} INFO - DAG(s) 'example_short_circuit_decorator' retrieved from /home/airflow/.local/lib/python3.12/site-packages/airflow/example_dags/example_short_circuit_decorator.py
[2025-02-19T09:40:27.885+0000] {logging_mixin.py:190} INFO - [2025-02-19T09:40:27.885+0000] {dag.py:3229} INFO - Sync 1 DAGs
[2025-02-19T09:40:27.899+0000] {logging_mixin.py:190} INFO - [2025-02-19T09:40:27.898+0000] {dag.py:4156} INFO - Setting next_dagrun for example_short_circuit_decorator to None, run_after=None
[2025-02-19T09:40:27.917+0000] {processor.py:208} INFO - Processing /home/airflow/.local/lib/python3.12/site-packages/airflow/example_dags/example_short_circuit_decorator.py took 0.069 seconds
[2025-02-19T09:40:58.145+0000] {processor.py:186} INFO - Started process (PID=399) to work on /home/airflow/.local/lib/python3.12/site-packages/airflow/example_dags/example_short_circuit_decorator.py
[2025-02-19T09:40:58.146+0000] {processor.py:914} INFO - Processing file /home/airflow/.local/lib/python3.12/site-packages/airflow/example_dags/example_short_circuit_decorator.py for tasks to queue
[2025-02-19T09:40:58.148+0000] {logging_mixin.py:190} INFO - [2025-02-19T09:40:58.147+0000] {dagbag.py:587} INFO - Filling up the DagBag from /home/airflow/.local/lib/python3.12/site-packages/airflow/example_dags/example_short_circuit_decorator.py
[2025-02-19T09:40:58.156+0000] {processor.py:925} INFO - DAG(s) 'example_short_circuit_decorator' retrieved from /home/airflow/.local/lib/python3.12/site-packages/airflow/example_dags/example_short_circuit_decorator.py
[2025-02-19T09:40:58.178+0000] {logging_mixin.py:190} INFO - [2025-02-19T09:40:58.177+0000] {dag.py:3229} INFO - Sync 1 DAGs
[2025-02-19T09:40:58.190+0000] {logging_mixin.py:190} INFO - [2025-02-19T09:40:58.190+0000] {dag.py:4156} INFO - Setting next_dagrun for example_short_circuit_decorator to None, run_after=None
[2025-02-19T09:40:58.206+0000] {processor.py:208} INFO - Processing /home/airflow/.local/lib/python3.12/site-packages/airflow/example_dags/example_short_circuit_decorator.py took 0.066 seconds
[2025-02-19T09:41:28.381+0000] {processor.py:186} INFO - Started process (PID=463) to work on /home/airflow/.local/lib/python3.12/site-packages/airflow/example_dags/example_short_circuit_decorator.py
[2025-02-19T09:41:28.382+0000] {processor.py:914} INFO - Processing file /home/airflow/.local/lib/python3.12/site-packages/airflow/example_dags/example_short_circuit_decorator.py for tasks to queue
[2025-02-19T09:41:28.384+0000] {logging_mixin.py:190} INFO - [2025-02-19T09:41:28.383+0000] {dagbag.py:587} INFO - Filling up the DagBag from /home/airflow/.local/lib/python3.12/site-packages/airflow/example_dags/example_short_circuit_decorator.py
[2025-02-19T09:41:28.392+0000] {processor.py:925} INFO - DAG(s) 'example_short_circuit_decorator' retrieved from /home/airflow/.local/lib/python3.12/site-packages/airflow/example_dags/example_short_circuit_decorator.py
[2025-02-19T09:41:28.415+0000] {logging_mixin.py:190} INFO - [2025-02-19T09:41:28.414+0000] {dag.py:3229} INFO - Sync 1 DAGs
[2025-02-19T09:41:28.429+0000] {logging_mixin.py:190} INFO - [2025-02-19T09:41:28.429+0000] {dag.py:4156} INFO - Setting next_dagrun for example_short_circuit_decorator to None, run_after=None
[2025-02-19T09:41:28.451+0000] {processor.py:208} INFO - Processing /home/airflow/.local/lib/python3.12/site-packages/airflow/example_dags/example_short_circuit_decorator.py took 0.075 seconds
[2025-02-19T09:41:58.561+0000] {processor.py:186} INFO - Started process (PID=527) to work on /home/airflow/.local/lib/python3.12/site-packages/airflow/example_dags/example_short_circuit_decorator.py
[2025-02-19T09:41:58.563+0000] {processor.py:914} INFO - Processing file /home/airflow/.local/lib/python3.12/site-packages/airflow/example_dags/example_short_circuit_decorator.py for tasks to queue
[2025-02-19T09:41:58.565+0000] {logging_mixin.py:190} INFO - [2025-02-19T09:41:58.565+0000] {dagbag.py:587} INFO - Filling up the DagBag from /home/airflow/.local/lib/python3.12/site-packages/airflow/example_dags/example_short_circuit_decorator.py
[2025-02-19T09:41:58.573+0000] {processor.py:925} INFO - DAG(s) 'example_short_circuit_decorator' retrieved from /home/airflow/.local/lib/python3.12/site-packages/airflow/example_dags/example_short_circuit_decorator.py
[2025-02-19T09:41:58.594+0000] {logging_mixin.py:190} INFO - [2025-02-19T09:41:58.594+0000] {dag.py:3229} INFO - Sync 1 DAGs
[2025-02-19T09:41:58.606+0000] {logging_mixin.py:190} INFO - [2025-02-19T09:41:58.606+0000] {dag.py:4156} INFO - Setting next_dagrun for example_short_circuit_decorator to None, run_after=None
[2025-02-19T09:41:58.622+0000] {processor.py:208} INFO - Processing /home/airflow/.local/lib/python3.12/site-packages/airflow/example_dags/example_short_circuit_decorator.py took 0.065 seconds
[2025-02-19T09:42:28.712+0000] {processor.py:186} INFO - Started process (PID=591) to work on /home/airflow/.local/lib/python3.12/site-packages/airflow/example_dags/example_short_circuit_decorator.py
[2025-02-19T09:42:28.713+0000] {processor.py:914} INFO - Processing file /home/airflow/.local/lib/python3.12/site-packages/airflow/example_dags/example_short_circuit_decorator.py for tasks to queue
[2025-02-19T09:42:28.715+0000] {logging_mixin.py:190} INFO - [2025-02-19T09:42:28.715+0000] {dagbag.py:587} INFO - Filling up the DagBag from /home/airflow/.local/lib/python3.12/site-packages/airflow/example_dags/example_short_circuit_decorator.py
[2025-02-19T09:42:28.724+0000] {processor.py:925} INFO - DAG(s) 'example_short_circuit_decorator' retrieved from /home/airflow/.local/lib/python3.12/site-packages/airflow/example_dags/example_short_circuit_decorator.py
[2025-02-19T09:42:28.745+0000] {logging_mixin.py:190} INFO - [2025-02-19T09:42:28.744+0000] {dag.py:3229} INFO - Sync 1 DAGs
[2025-02-19T09:42:28.757+0000] {logging_mixin.py:190} INFO - [2025-02-19T09:42:28.757+0000] {dag.py:4156} INFO - Setting next_dagrun for example_short_circuit_decorator to None, run_after=None
[2025-02-19T09:42:28.776+0000] {processor.py:208} INFO - Processing /home/airflow/.local/lib/python3.12/site-packages/airflow/example_dags/example_short_circuit_decorator.py took 0.069 seconds
[2025-02-19T09:42:58.886+0000] {processor.py:186} INFO - Started process (PID=655) to work on /home/airflow/.local/lib/python3.12/site-packages/airflow/example_dags/example_short_circuit_decorator.py
[2025-02-19T09:42:58.887+0000] {processor.py:914} INFO - Processing file /home/airflow/.local/lib/python3.12/site-packages/airflow/example_dags/example_short_circuit_decorator.py for tasks to queue
[2025-02-19T09:42:58.889+0000] {logging_mixin.py:190} INFO - [2025-02-19T09:42:58.889+0000] {dagbag.py:587} INFO - Filling up the DagBag from /home/airflow/.local/lib/python3.12/site-packages/airflow/example_dags/example_short_circuit_decorator.py
[2025-02-19T09:42:58.898+0000] {processor.py:925} INFO - DAG(s) 'example_short_circuit_decorator' retrieved from /home/airflow/.local/lib/python3.12/site-packages/airflow/example_dags/example_short_circuit_decorator.py
[2025-02-19T09:42:58.920+0000] {logging_mixin.py:190} INFO - [2025-02-19T09:42:58.919+0000] {dag.py:3229} INFO - Sync 1 DAGs
[2025-02-19T09:42:58.932+0000] {logging_mixin.py:190} INFO - [2025-02-19T09:42:58.932+0000] {dag.py:4156} INFO - Setting next_dagrun for example_short_circuit_decorator to None, run_after=None
[2025-02-19T09:42:58.947+0000] {processor.py:208} INFO - Processing /home/airflow/.local/lib/python3.12/site-packages/airflow/example_dags/example_short_circuit_decorator.py took 0.066 seconds
[2025-02-19T09:43:30.061+0000] {processor.py:186} INFO - Started process (PID=719) to work on /home/airflow/.local/lib/python3.12/site-packages/airflow/example_dags/example_short_circuit_decorator.py
[2025-02-19T09:43:30.062+0000] {processor.py:914} INFO - Processing file /home/airflow/.local/lib/python3.12/site-packages/airflow/example_dags/example_short_circuit_decorator.py for tasks to queue
[2025-02-19T09:43:30.064+0000] {logging_mixin.py:190} INFO - [2025-02-19T09:43:30.064+0000] {dagbag.py:587} INFO - Filling up the DagBag from /home/airflow/.local/lib/python3.12/site-packages/airflow/example_dags/example_short_circuit_decorator.py
[2025-02-19T09:43:30.071+0000] {processor.py:925} INFO - DAG(s) 'example_short_circuit_decorator' retrieved from /home/airflow/.local/lib/python3.12/site-packages/airflow/example_dags/example_short_circuit_decorator.py
[2025-02-19T09:43:30.091+0000] {logging_mixin.py:190} INFO - [2025-02-19T09:43:30.090+0000] {dag.py:3229} INFO - Sync 1 DAGs
[2025-02-19T09:43:30.101+0000] {logging_mixin.py:190} INFO - [2025-02-19T09:43:30.101+0000] {dag.py:4156} INFO - Setting next_dagrun for example_short_circuit_decorator to None, run_after=None
[2025-02-19T09:43:30.117+0000] {processor.py:208} INFO - Processing /home/airflow/.local/lib/python3.12/site-packages/airflow/example_dags/example_short_circuit_decorator.py took 0.060 seconds
[2025-02-19T09:44:00.344+0000] {processor.py:186} INFO - Started process (PID=783) to work on /home/airflow/.local/lib/python3.12/site-packages/airflow/example_dags/example_short_circuit_decorator.py
[2025-02-19T09:44:00.345+0000] {processor.py:914} INFO - Processing file /home/airflow/.local/lib/python3.12/site-packages/airflow/example_dags/example_short_circuit_decorator.py for tasks to queue
[2025-02-19T09:44:00.348+0000] {logging_mixin.py:190} INFO - [2025-02-19T09:44:00.347+0000] {dagbag.py:587} INFO - Filling up the DagBag from /home/airflow/.local/lib/python3.12/site-packages/airflow/example_dags/example_short_circuit_decorator.py
[2025-02-19T09:44:00.356+0000] {processor.py:925} INFO - DAG(s) 'example_short_circuit_decorator' retrieved from /home/airflow/.local/lib/python3.12/site-packages/airflow/example_dags/example_short_circuit_decorator.py
[2025-02-19T09:44:00.377+0000] {logging_mixin.py:190} INFO - [2025-02-19T09:44:00.376+0000] {dag.py:3229} INFO - Sync 1 DAGs
[2025-02-19T09:44:00.390+0000] {logging_mixin.py:190} INFO - [2025-02-19T09:44:00.389+0000] {dag.py:4156} INFO - Setting next_dagrun for example_short_circuit_decorator to None, run_after=None
[2025-02-19T09:44:00.406+0000] {processor.py:208} INFO - Processing /home/airflow/.local/lib/python3.12/site-packages/airflow/example_dags/example_short_circuit_decorator.py took 0.067 seconds
[2025-02-19T09:44:30.521+0000] {processor.py:186} INFO - Started process (PID=847) to work on /home/airflow/.local/lib/python3.12/site-packages/airflow/example_dags/example_short_circuit_decorator.py
[2025-02-19T09:44:30.534+0000] {processor.py:914} INFO - Processing file /home/airflow/.local/lib/python3.12/site-packages/airflow/example_dags/example_short_circuit_decorator.py for tasks to queue
[2025-02-19T09:44:30.537+0000] {logging_mixin.py:190} INFO - [2025-02-19T09:44:30.536+0000] {dagbag.py:587} INFO - Filling up the DagBag from /home/airflow/.local/lib/python3.12/site-packages/airflow/example_dags/example_short_circuit_decorator.py
[2025-02-19T09:44:30.544+0000] {processor.py:925} INFO - DAG(s) 'example_short_circuit_decorator' retrieved from /home/airflow/.local/lib/python3.12/site-packages/airflow/example_dags/example_short_circuit_decorator.py
[2025-02-19T09:44:30.566+0000] {logging_mixin.py:190} INFO - [2025-02-19T09:44:30.565+0000] {dag.py:3229} INFO - Sync 1 DAGs
[2025-02-19T09:44:30.579+0000] {logging_mixin.py:190} INFO - [2025-02-19T09:44:30.579+0000] {dag.py:4156} INFO - Setting next_dagrun for example_short_circuit_decorator to None, run_after=None
[2025-02-19T09:44:30.597+0000] {processor.py:208} INFO - Processing /home/airflow/.local/lib/python3.12/site-packages/airflow/example_dags/example_short_circuit_decorator.py took 0.080 seconds
[2025-02-19T09:45:00.738+0000] {processor.py:186} INFO - Started process (PID=911) to work on /home/airflow/.local/lib/python3.12/site-packages/airflow/example_dags/example_short_circuit_decorator.py
[2025-02-19T09:45:00.751+0000] {processor.py:914} INFO - Processing file /home/airflow/.local/lib/python3.12/site-packages/airflow/example_dags/example_short_circuit_decorator.py for tasks to queue
[2025-02-19T09:45:00.753+0000] {logging_mixin.py:190} INFO - [2025-02-19T09:45:00.753+0000] {dagbag.py:587} INFO - Filling up the DagBag from /home/airflow/.local/lib/python3.12/site-packages/airflow/example_dags/example_short_circuit_decorator.py
[2025-02-19T09:45:00.761+0000] {processor.py:925} INFO - DAG(s) 'example_short_circuit_decorator' retrieved from /home/airflow/.local/lib/python3.12/site-packages/airflow/example_dags/example_short_circuit_decorator.py
[2025-02-19T09:45:00.784+0000] {logging_mixin.py:190} INFO - [2025-02-19T09:45:00.783+0000] {dag.py:3229} INFO - Sync 1 DAGs
[2025-02-19T09:45:00.797+0000] {logging_mixin.py:190} INFO - [2025-02-19T09:45:00.797+0000] {dag.py:4156} INFO - Setting next_dagrun for example_short_circuit_decorator to None, run_after=None
[2025-02-19T09:45:00.816+0000] {processor.py:208} INFO - Processing /home/airflow/.local/lib/python3.12/site-packages/airflow/example_dags/example_short_circuit_decorator.py took 0.082 seconds
[2025-02-19T09:45:30.962+0000] {processor.py:186} INFO - Started process (PID=975) to work on /home/airflow/.local/lib/python3.12/site-packages/airflow/example_dags/example_short_circuit_decorator.py
[2025-02-19T09:45:30.963+0000] {processor.py:914} INFO - Processing file /home/airflow/.local/lib/python3.12/site-packages/airflow/example_dags/example_short_circuit_decorator.py for tasks to queue
[2025-02-19T09:45:30.965+0000] {logging_mixin.py:190} INFO - [2025-02-19T09:45:30.965+0000] {dagbag.py:587} INFO - Filling up the DagBag from /home/airflow/.local/lib/python3.12/site-packages/airflow/example_dags/example_short_circuit_decorator.py
[2025-02-19T09:45:30.973+0000] {processor.py:925} INFO - DAG(s) 'example_short_circuit_decorator' retrieved from /home/airflow/.local/lib/python3.12/site-packages/airflow/example_dags/example_short_circuit_decorator.py
[2025-02-19T09:45:30.993+0000] {logging_mixin.py:190} INFO - [2025-02-19T09:45:30.992+0000] {dag.py:3229} INFO - Sync 1 DAGs
[2025-02-19T09:45:31.005+0000] {logging_mixin.py:190} INFO - [2025-02-19T09:45:31.004+0000] {dag.py:4156} INFO - Setting next_dagrun for example_short_circuit_decorator to None, run_after=None
[2025-02-19T09:45:31.021+0000] {processor.py:208} INFO - Processing /home/airflow/.local/lib/python3.12/site-packages/airflow/example_dags/example_short_circuit_decorator.py took 0.064 seconds
[2025-02-19T09:46:01.188+0000] {processor.py:186} INFO - Started process (PID=1039) to work on /home/airflow/.local/lib/python3.12/site-packages/airflow/example_dags/example_short_circuit_decorator.py
[2025-02-19T09:46:01.189+0000] {processor.py:914} INFO - Processing file /home/airflow/.local/lib/python3.12/site-packages/airflow/example_dags/example_short_circuit_decorator.py for tasks to queue
[2025-02-19T09:46:01.191+0000] {logging_mixin.py:190} INFO - [2025-02-19T09:46:01.191+0000] {dagbag.py:587} INFO - Filling up the DagBag from /home/airflow/.local/lib/python3.12/site-packages/airflow/example_dags/example_short_circuit_decorator.py
[2025-02-19T09:46:01.199+0000] {processor.py:925} INFO - DAG(s) 'example_short_circuit_decorator' retrieved from /home/airflow/.local/lib/python3.12/site-packages/airflow/example_dags/example_short_circuit_decorator.py
[2025-02-19T09:46:01.218+0000] {logging_mixin.py:190} INFO - [2025-02-19T09:46:01.217+0000] {dag.py:3229} INFO - Sync 1 DAGs
[2025-02-19T09:46:01.230+0000] {logging_mixin.py:190} INFO - [2025-02-19T09:46:01.229+0000] {dag.py:4156} INFO - Setting next_dagrun for example_short_circuit_decorator to None, run_after=None
[2025-02-19T09:46:01.247+0000] {processor.py:208} INFO - Processing /home/airflow/.local/lib/python3.12/site-packages/airflow/example_dags/example_short_circuit_decorator.py took 0.063 seconds
[2025-02-19T09:46:32.100+0000] {processor.py:186} INFO - Started process (PID=1103) to work on /home/airflow/.local/lib/python3.12/site-packages/airflow/example_dags/example_short_circuit_decorator.py
[2025-02-19T09:46:32.114+0000] {processor.py:914} INFO - Processing file /home/airflow/.local/lib/python3.12/site-packages/airflow/example_dags/example_short_circuit_decorator.py for tasks to queue
[2025-02-19T09:46:32.117+0000] {logging_mixin.py:190} INFO - [2025-02-19T09:46:32.116+0000] {dagbag.py:587} INFO - Filling up the DagBag from /home/airflow/.local/lib/python3.12/site-packages/airflow/example_dags/example_short_circuit_decorator.py
[2025-02-19T09:46:32.124+0000] {processor.py:925} INFO - DAG(s) 'example_short_circuit_decorator' retrieved from /home/airflow/.local/lib/python3.12/site-packages/airflow/example_dags/example_short_circuit_decorator.py
[2025-02-19T09:46:32.144+0000] {logging_mixin.py:190} INFO - [2025-02-19T09:46:32.144+0000] {dag.py:3229} INFO - Sync 1 DAGs
[2025-02-19T09:46:32.156+0000] {logging_mixin.py:190} INFO - [2025-02-19T09:46:32.156+0000] {dag.py:4156} INFO - Setting next_dagrun for example_short_circuit_decorator to None, run_after=None
[2025-02-19T09:46:32.173+0000] {processor.py:208} INFO - Processing /home/airflow/.local/lib/python3.12/site-packages/airflow/example_dags/example_short_circuit_decorator.py took 0.077 seconds
[2025-02-19T09:47:02.923+0000] {processor.py:186} INFO - Started process (PID=1167) to work on /home/airflow/.local/lib/python3.12/site-packages/airflow/example_dags/example_short_circuit_decorator.py
[2025-02-19T09:47:02.937+0000] {processor.py:914} INFO - Processing file /home/airflow/.local/lib/python3.12/site-packages/airflow/example_dags/example_short_circuit_decorator.py for tasks to queue
[2025-02-19T09:47:02.939+0000] {logging_mixin.py:190} INFO - [2025-02-19T09:47:02.939+0000] {dagbag.py:587} INFO - Filling up the DagBag from /home/airflow/.local/lib/python3.12/site-packages/airflow/example_dags/example_short_circuit_decorator.py
[2025-02-19T09:47:02.947+0000] {processor.py:925} INFO - DAG(s) 'example_short_circuit_decorator' retrieved from /home/airflow/.local/lib/python3.12/site-packages/airflow/example_dags/example_short_circuit_decorator.py
[2025-02-19T09:47:02.966+0000] {logging_mixin.py:190} INFO - [2025-02-19T09:47:02.966+0000] {dag.py:3229} INFO - Sync 1 DAGs
[2025-02-19T09:47:02.978+0000] {logging_mixin.py:190} INFO - [2025-02-19T09:47:02.978+0000] {dag.py:4156} INFO - Setting next_dagrun for example_short_circuit_decorator to None, run_after=None
[2025-02-19T09:47:03.003+0000] {processor.py:208} INFO - Processing /home/airflow/.local/lib/python3.12/site-packages/airflow/example_dags/example_short_circuit_decorator.py took 0.085 seconds
[2025-02-19T09:47:33.279+0000] {processor.py:186} INFO - Started process (PID=1231) to work on /home/airflow/.local/lib/python3.12/site-packages/airflow/example_dags/example_short_circuit_decorator.py
[2025-02-19T09:47:33.279+0000] {processor.py:914} INFO - Processing file /home/airflow/.local/lib/python3.12/site-packages/airflow/example_dags/example_short_circuit_decorator.py for tasks to queue
[2025-02-19T09:47:33.281+0000] {logging_mixin.py:190} INFO - [2025-02-19T09:47:33.281+0000] {dagbag.py:587} INFO - Filling up the DagBag from /home/airflow/.local/lib/python3.12/site-packages/airflow/example_dags/example_short_circuit_decorator.py
[2025-02-19T09:47:33.291+0000] {processor.py:925} INFO - DAG(s) 'example_short_circuit_decorator' retrieved from /home/airflow/.local/lib/python3.12/site-packages/airflow/example_dags/example_short_circuit_decorator.py
[2025-02-19T09:47:33.314+0000] {logging_mixin.py:190} INFO - [2025-02-19T09:47:33.314+0000] {dag.py:3229} INFO - Sync 1 DAGs
[2025-02-19T09:47:33.329+0000] {logging_mixin.py:190} INFO - [2025-02-19T09:47:33.329+0000] {dag.py:4156} INFO - Setting next_dagrun for example_short_circuit_decorator to None, run_after=None
[2025-02-19T09:47:33.353+0000] {processor.py:208} INFO - Processing /home/airflow/.local/lib/python3.12/site-packages/airflow/example_dags/example_short_circuit_decorator.py took 0.079 seconds
[2025-02-19T09:48:03.720+0000] {processor.py:186} INFO - Started process (PID=1296) to work on /home/airflow/.local/lib/python3.12/site-packages/airflow/example_dags/example_short_circuit_decorator.py
[2025-02-19T09:48:03.733+0000] {processor.py:914} INFO - Processing file /home/airflow/.local/lib/python3.12/site-packages/airflow/example_dags/example_short_circuit_decorator.py for tasks to queue
[2025-02-19T09:48:03.735+0000] {logging_mixin.py:190} INFO - [2025-02-19T09:48:03.735+0000] {dagbag.py:587} INFO - Filling up the DagBag from /home/airflow/.local/lib/python3.12/site-packages/airflow/example_dags/example_short_circuit_decorator.py
[2025-02-19T09:48:03.743+0000] {processor.py:925} INFO - DAG(s) 'example_short_circuit_decorator' retrieved from /home/airflow/.local/lib/python3.12/site-packages/airflow/example_dags/example_short_circuit_decorator.py
[2025-02-19T09:48:03.762+0000] {logging_mixin.py:190} INFO - [2025-02-19T09:48:03.762+0000] {dag.py:3229} INFO - Sync 1 DAGs
[2025-02-19T09:48:03.775+0000] {logging_mixin.py:190} INFO - [2025-02-19T09:48:03.774+0000] {dag.py:4156} INFO - Setting next_dagrun for example_short_circuit_decorator to None, run_after=None
[2025-02-19T09:48:03.791+0000] {processor.py:208} INFO - Processing /home/airflow/.local/lib/python3.12/site-packages/airflow/example_dags/example_short_circuit_decorator.py took 0.076 seconds
[2025-02-19T09:48:33.846+0000] {processor.py:186} INFO - Started process (PID=1360) to work on /home/airflow/.local/lib/python3.12/site-packages/airflow/example_dags/example_short_circuit_decorator.py
[2025-02-19T09:48:33.859+0000] {processor.py:914} INFO - Processing file /home/airflow/.local/lib/python3.12/site-packages/airflow/example_dags/example_short_circuit_decorator.py for tasks to queue
[2025-02-19T09:48:33.861+0000] {logging_mixin.py:190} INFO - [2025-02-19T09:48:33.861+0000] {dagbag.py:587} INFO - Filling up the DagBag from /home/airflow/.local/lib/python3.12/site-packages/airflow/example_dags/example_short_circuit_decorator.py
[2025-02-19T09:48:33.870+0000] {processor.py:925} INFO - DAG(s) 'example_short_circuit_decorator' retrieved from /home/airflow/.local/lib/python3.12/site-packages/airflow/example_dags/example_short_circuit_decorator.py
[2025-02-19T09:48:33.891+0000] {logging_mixin.py:190} INFO - [2025-02-19T09:48:33.890+0000] {dag.py:3229} INFO - Sync 1 DAGs
[2025-02-19T09:48:33.903+0000] {logging_mixin.py:190} INFO - [2025-02-19T09:48:33.903+0000] {dag.py:4156} INFO - Setting next_dagrun for example_short_circuit_decorator to None, run_after=None
[2025-02-19T09:48:33.919+0000] {processor.py:208} INFO - Processing /home/airflow/.local/lib/python3.12/site-packages/airflow/example_dags/example_short_circuit_decorator.py took 0.077 seconds
[2025-02-19T09:49:04.869+0000] {processor.py:186} INFO - Started process (PID=1424) to work on /home/airflow/.local/lib/python3.12/site-packages/airflow/example_dags/example_short_circuit_decorator.py
[2025-02-19T09:49:04.871+0000] {processor.py:914} INFO - Processing file /home/airflow/.local/lib/python3.12/site-packages/airflow/example_dags/example_short_circuit_decorator.py for tasks to queue
[2025-02-19T09:49:04.873+0000] {logging_mixin.py:190} INFO - [2025-02-19T09:49:04.872+0000] {dagbag.py:587} INFO - Filling up the DagBag from /home/airflow/.local/lib/python3.12/site-packages/airflow/example_dags/example_short_circuit_decorator.py
[2025-02-19T09:49:04.881+0000] {processor.py:925} INFO - DAG(s) 'example_short_circuit_decorator' retrieved from /home/airflow/.local/lib/python3.12/site-packages/airflow/example_dags/example_short_circuit_decorator.py
[2025-02-19T09:49:04.900+0000] {logging_mixin.py:190} INFO - [2025-02-19T09:49:04.900+0000] {dag.py:3229} INFO - Sync 1 DAGs
[2025-02-19T09:49:04.912+0000] {logging_mixin.py:190} INFO - [2025-02-19T09:49:04.912+0000] {dag.py:4156} INFO - Setting next_dagrun for example_short_circuit_decorator to None, run_after=None
[2025-02-19T09:49:04.928+0000] {processor.py:208} INFO - Processing /home/airflow/.local/lib/python3.12/site-packages/airflow/example_dags/example_short_circuit_decorator.py took 0.063 seconds
[2025-02-19T09:49:35.783+0000] {processor.py:186} INFO - Started process (PID=1488) to work on /home/airflow/.local/lib/python3.12/site-packages/airflow/example_dags/example_short_circuit_decorator.py
[2025-02-19T09:49:35.795+0000] {processor.py:914} INFO - Processing file /home/airflow/.local/lib/python3.12/site-packages/airflow/example_dags/example_short_circuit_decorator.py for tasks to queue
[2025-02-19T09:49:35.798+0000] {logging_mixin.py:190} INFO - [2025-02-19T09:49:35.798+0000] {dagbag.py:587} INFO - Filling up the DagBag from /home/airflow/.local/lib/python3.12/site-packages/airflow/example_dags/example_short_circuit_decorator.py
[2025-02-19T09:49:35.806+0000] {processor.py:925} INFO - DAG(s) 'example_short_circuit_decorator' retrieved from /home/airflow/.local/lib/python3.12/site-packages/airflow/example_dags/example_short_circuit_decorator.py
[2025-02-19T09:49:35.827+0000] {logging_mixin.py:190} INFO - [2025-02-19T09:49:35.827+0000] {dag.py:3229} INFO - Sync 1 DAGs
[2025-02-19T09:49:35.840+0000] {logging_mixin.py:190} INFO - [2025-02-19T09:49:35.839+0000] {dag.py:4156} INFO - Setting next_dagrun for example_short_circuit_decorator to None, run_after=None
[2025-02-19T09:49:35.856+0000] {processor.py:208} INFO - Processing /home/airflow/.local/lib/python3.12/site-packages/airflow/example_dags/example_short_circuit_decorator.py took 0.078 seconds
[2025-02-19T09:50:05.951+0000] {processor.py:186} INFO - Started process (PID=1552) to work on /home/airflow/.local/lib/python3.12/site-packages/airflow/example_dags/example_short_circuit_decorator.py
[2025-02-19T09:50:05.952+0000] {processor.py:914} INFO - Processing file /home/airflow/.local/lib/python3.12/site-packages/airflow/example_dags/example_short_circuit_decorator.py for tasks to queue
[2025-02-19T09:50:05.954+0000] {logging_mixin.py:190} INFO - [2025-02-19T09:50:05.954+0000] {dagbag.py:587} INFO - Filling up the DagBag from /home/airflow/.local/lib/python3.12/site-packages/airflow/example_dags/example_short_circuit_decorator.py
[2025-02-19T09:50:05.962+0000] {processor.py:925} INFO - DAG(s) 'example_short_circuit_decorator' retrieved from /home/airflow/.local/lib/python3.12/site-packages/airflow/example_dags/example_short_circuit_decorator.py
[2025-02-19T09:50:05.982+0000] {logging_mixin.py:190} INFO - [2025-02-19T09:50:05.982+0000] {dag.py:3229} INFO - Sync 1 DAGs
[2025-02-19T09:50:05.994+0000] {logging_mixin.py:190} INFO - [2025-02-19T09:50:05.994+0000] {dag.py:4156} INFO - Setting next_dagrun for example_short_circuit_decorator to None, run_after=None
[2025-02-19T09:50:06.012+0000] {processor.py:208} INFO - Processing /home/airflow/.local/lib/python3.12/site-packages/airflow/example_dags/example_short_circuit_decorator.py took 0.065 seconds
[2025-02-19T09:50:36.277+0000] {processor.py:186} INFO - Started process (PID=1616) to work on /home/airflow/.local/lib/python3.12/site-packages/airflow/example_dags/example_short_circuit_decorator.py
[2025-02-19T09:50:36.278+0000] {processor.py:914} INFO - Processing file /home/airflow/.local/lib/python3.12/site-packages/airflow/example_dags/example_short_circuit_decorator.py for tasks to queue
[2025-02-19T09:50:36.281+0000] {logging_mixin.py:190} INFO - [2025-02-19T09:50:36.281+0000] {dagbag.py:587} INFO - Filling up the DagBag from /home/airflow/.local/lib/python3.12/site-packages/airflow/example_dags/example_short_circuit_decorator.py
[2025-02-19T09:50:36.289+0000] {processor.py:925} INFO - DAG(s) 'example_short_circuit_decorator' retrieved from /home/airflow/.local/lib/python3.12/site-packages/airflow/example_dags/example_short_circuit_decorator.py
[2025-02-19T09:50:36.309+0000] {logging_mixin.py:190} INFO - [2025-02-19T09:50:36.309+0000] {dag.py:3229} INFO - Sync 1 DAGs
[2025-02-19T09:50:36.321+0000] {logging_mixin.py:190} INFO - [2025-02-19T09:50:36.321+0000] {dag.py:4156} INFO - Setting next_dagrun for example_short_circuit_decorator to None, run_after=None
[2025-02-19T09:50:36.337+0000] {processor.py:208} INFO - Processing /home/airflow/.local/lib/python3.12/site-packages/airflow/example_dags/example_short_circuit_decorator.py took 0.064 seconds
[2025-02-19T09:51:06.827+0000] {processor.py:186} INFO - Started process (PID=1680) to work on /home/airflow/.local/lib/python3.12/site-packages/airflow/example_dags/example_short_circuit_decorator.py
[2025-02-19T09:51:06.841+0000] {processor.py:914} INFO - Processing file /home/airflow/.local/lib/python3.12/site-packages/airflow/example_dags/example_short_circuit_decorator.py for tasks to queue
[2025-02-19T09:51:06.843+0000] {logging_mixin.py:190} INFO - [2025-02-19T09:51:06.843+0000] {dagbag.py:587} INFO - Filling up the DagBag from /home/airflow/.local/lib/python3.12/site-packages/airflow/example_dags/example_short_circuit_decorator.py
[2025-02-19T09:51:06.851+0000] {processor.py:925} INFO - DAG(s) 'example_short_circuit_decorator' retrieved from /home/airflow/.local/lib/python3.12/site-packages/airflow/example_dags/example_short_circuit_decorator.py
[2025-02-19T09:51:06.873+0000] {logging_mixin.py:190} INFO - [2025-02-19T09:51:06.872+0000] {dag.py:3229} INFO - Sync 1 DAGs
[2025-02-19T09:51:06.884+0000] {logging_mixin.py:190} INFO - [2025-02-19T09:51:06.884+0000] {dag.py:4156} INFO - Setting next_dagrun for example_short_circuit_decorator to None, run_after=None
[2025-02-19T09:51:06.900+0000] {processor.py:208} INFO - Processing /home/airflow/.local/lib/python3.12/site-packages/airflow/example_dags/example_short_circuit_decorator.py took 0.078 seconds
[2025-02-19T09:51:36.982+0000] {processor.py:186} INFO - Started process (PID=1744) to work on /home/airflow/.local/lib/python3.12/site-packages/airflow/example_dags/example_short_circuit_decorator.py
[2025-02-19T09:51:36.996+0000] {processor.py:914} INFO - Processing file /home/airflow/.local/lib/python3.12/site-packages/airflow/example_dags/example_short_circuit_decorator.py for tasks to queue
[2025-02-19T09:51:36.998+0000] {logging_mixin.py:190} INFO - [2025-02-19T09:51:36.998+0000] {dagbag.py:587} INFO - Filling up the DagBag from /home/airflow/.local/lib/python3.12/site-packages/airflow/example_dags/example_short_circuit_decorator.py
[2025-02-19T09:51:37.007+0000] {processor.py:925} INFO - DAG(s) 'example_short_circuit_decorator' retrieved from /home/airflow/.local/lib/python3.12/site-packages/airflow/example_dags/example_short_circuit_decorator.py
[2025-02-19T09:51:37.027+0000] {logging_mixin.py:190} INFO - [2025-02-19T09:51:37.026+0000] {dag.py:3229} INFO - Sync 1 DAGs
[2025-02-19T09:51:37.039+0000] {logging_mixin.py:190} INFO - [2025-02-19T09:51:37.039+0000] {dag.py:4156} INFO - Setting next_dagrun for example_short_circuit_decorator to None, run_after=None
[2025-02-19T09:51:37.055+0000] {processor.py:208} INFO - Processing /home/airflow/.local/lib/python3.12/site-packages/airflow/example_dags/example_short_circuit_decorator.py took 0.077 seconds
[2025-02-19T09:52:07.258+0000] {processor.py:186} INFO - Started process (PID=1808) to work on /home/airflow/.local/lib/python3.12/site-packages/airflow/example_dags/example_short_circuit_decorator.py
[2025-02-19T09:52:07.271+0000] {processor.py:914} INFO - Processing file /home/airflow/.local/lib/python3.12/site-packages/airflow/example_dags/example_short_circuit_decorator.py for tasks to queue
[2025-02-19T09:52:07.274+0000] {logging_mixin.py:190} INFO - [2025-02-19T09:52:07.273+0000] {dagbag.py:587} INFO - Filling up the DagBag from /home/airflow/.local/lib/python3.12/site-packages/airflow/example_dags/example_short_circuit_decorator.py
[2025-02-19T09:52:07.282+0000] {processor.py:925} INFO - DAG(s) 'example_short_circuit_decorator' retrieved from /home/airflow/.local/lib/python3.12/site-packages/airflow/example_dags/example_short_circuit_decorator.py
[2025-02-19T09:52:07.302+0000] {logging_mixin.py:190} INFO - [2025-02-19T09:52:07.302+0000] {dag.py:3229} INFO - Sync 1 DAGs
[2025-02-19T09:52:07.315+0000] {logging_mixin.py:190} INFO - [2025-02-19T09:52:07.314+0000] {dag.py:4156} INFO - Setting next_dagrun for example_short_circuit_decorator to None, run_after=None
[2025-02-19T09:52:07.332+0000] {processor.py:208} INFO - Processing /home/airflow/.local/lib/python3.12/site-packages/airflow/example_dags/example_short_circuit_decorator.py took 0.079 seconds
[2025-02-19T09:52:37.555+0000] {processor.py:186} INFO - Started process (PID=1872) to work on /home/airflow/.local/lib/python3.12/site-packages/airflow/example_dags/example_short_circuit_decorator.py
[2025-02-19T09:52:37.556+0000] {processor.py:914} INFO - Processing file /home/airflow/.local/lib/python3.12/site-packages/airflow/example_dags/example_short_circuit_decorator.py for tasks to queue
[2025-02-19T09:52:37.558+0000] {logging_mixin.py:190} INFO - [2025-02-19T09:52:37.557+0000] {dagbag.py:587} INFO - Filling up the DagBag from /home/airflow/.local/lib/python3.12/site-packages/airflow/example_dags/example_short_circuit_decorator.py
[2025-02-19T09:52:37.566+0000] {processor.py:925} INFO - DAG(s) 'example_short_circuit_decorator' retrieved from /home/airflow/.local/lib/python3.12/site-packages/airflow/example_dags/example_short_circuit_decorator.py
[2025-02-19T09:52:37.584+0000] {logging_mixin.py:190} INFO - [2025-02-19T09:52:37.584+0000] {dag.py:3229} INFO - Sync 1 DAGs
[2025-02-19T09:52:37.596+0000] {logging_mixin.py:190} INFO - [2025-02-19T09:52:37.596+0000] {dag.py:4156} INFO - Setting next_dagrun for example_short_circuit_decorator to None, run_after=None
[2025-02-19T09:52:37.613+0000] {processor.py:208} INFO - Processing /home/airflow/.local/lib/python3.12/site-packages/airflow/example_dags/example_short_circuit_decorator.py took 0.063 seconds
[2025-02-19T09:53:07.882+0000] {processor.py:186} INFO - Started process (PID=1936) to work on /home/airflow/.local/lib/python3.12/site-packages/airflow/example_dags/example_short_circuit_decorator.py
[2025-02-19T09:53:07.883+0000] {processor.py:914} INFO - Processing file /home/airflow/.local/lib/python3.12/site-packages/airflow/example_dags/example_short_circuit_decorator.py for tasks to queue
[2025-02-19T09:53:07.885+0000] {logging_mixin.py:190} INFO - [2025-02-19T09:53:07.885+0000] {dagbag.py:587} INFO - Filling up the DagBag from /home/airflow/.local/lib/python3.12/site-packages/airflow/example_dags/example_short_circuit_decorator.py
[2025-02-19T09:53:07.893+0000] {processor.py:925} INFO - DAG(s) 'example_short_circuit_decorator' retrieved from /home/airflow/.local/lib/python3.12/site-packages/airflow/example_dags/example_short_circuit_decorator.py
[2025-02-19T09:53:07.913+0000] {logging_mixin.py:190} INFO - [2025-02-19T09:53:07.912+0000] {dag.py:3229} INFO - Sync 1 DAGs
[2025-02-19T09:53:07.924+0000] {logging_mixin.py:190} INFO - [2025-02-19T09:53:07.924+0000] {dag.py:4156} INFO - Setting next_dagrun for example_short_circuit_decorator to None, run_after=None
[2025-02-19T09:53:07.942+0000] {processor.py:208} INFO - Processing /home/airflow/.local/lib/python3.12/site-packages/airflow/example_dags/example_short_circuit_decorator.py took 0.064 seconds
[2025-02-19T09:53:38.367+0000] {processor.py:186} INFO - Started process (PID=2000) to work on /home/airflow/.local/lib/python3.12/site-packages/airflow/example_dags/example_short_circuit_decorator.py
[2025-02-19T09:53:38.380+0000] {processor.py:914} INFO - Processing file /home/airflow/.local/lib/python3.12/site-packages/airflow/example_dags/example_short_circuit_decorator.py for tasks to queue
[2025-02-19T09:53:38.382+0000] {logging_mixin.py:190} INFO - [2025-02-19T09:53:38.382+0000] {dagbag.py:587} INFO - Filling up the DagBag from /home/airflow/.local/lib/python3.12/site-packages/airflow/example_dags/example_short_circuit_decorator.py
[2025-02-19T09:53:38.391+0000] {processor.py:925} INFO - DAG(s) 'example_short_circuit_decorator' retrieved from /home/airflow/.local/lib/python3.12/site-packages/airflow/example_dags/example_short_circuit_decorator.py
[2025-02-19T09:53:38.411+0000] {logging_mixin.py:190} INFO - [2025-02-19T09:53:38.411+0000] {dag.py:3229} INFO - Sync 1 DAGs
[2025-02-19T09:53:38.424+0000] {logging_mixin.py:190} INFO - [2025-02-19T09:53:38.424+0000] {dag.py:4156} INFO - Setting next_dagrun for example_short_circuit_decorator to None, run_after=None
[2025-02-19T09:53:38.441+0000] {processor.py:208} INFO - Processing /home/airflow/.local/lib/python3.12/site-packages/airflow/example_dags/example_short_circuit_decorator.py took 0.078 seconds
[2025-02-19T09:54:08.567+0000] {processor.py:186} INFO - Started process (PID=2064) to work on /home/airflow/.local/lib/python3.12/site-packages/airflow/example_dags/example_short_circuit_decorator.py
[2025-02-19T09:54:08.568+0000] {processor.py:914} INFO - Processing file /home/airflow/.local/lib/python3.12/site-packages/airflow/example_dags/example_short_circuit_decorator.py for tasks to queue
[2025-02-19T09:54:08.571+0000] {logging_mixin.py:190} INFO - [2025-02-19T09:54:08.570+0000] {dagbag.py:587} INFO - Filling up the DagBag from /home/airflow/.local/lib/python3.12/site-packages/airflow/example_dags/example_short_circuit_decorator.py
[2025-02-19T09:54:08.580+0000] {processor.py:925} INFO - DAG(s) 'example_short_circuit_decorator' retrieved from /home/airflow/.local/lib/python3.12/site-packages/airflow/example_dags/example_short_circuit_decorator.py
[2025-02-19T09:54:08.603+0000] {logging_mixin.py:190} INFO - [2025-02-19T09:54:08.602+0000] {dag.py:3229} INFO - Sync 1 DAGs
[2025-02-19T09:54:08.616+0000] {logging_mixin.py:190} INFO - [2025-02-19T09:54:08.615+0000] {dag.py:4156} INFO - Setting next_dagrun for example_short_circuit_decorator to None, run_after=None
[2025-02-19T09:54:08.634+0000] {processor.py:208} INFO - Processing /home/airflow/.local/lib/python3.12/site-packages/airflow/example_dags/example_short_circuit_decorator.py took 0.073 seconds
[2025-02-19T09:54:38.974+0000] {processor.py:186} INFO - Started process (PID=2128) to work on /home/airflow/.local/lib/python3.12/site-packages/airflow/example_dags/example_short_circuit_decorator.py
[2025-02-19T09:54:38.975+0000] {processor.py:914} INFO - Processing file /home/airflow/.local/lib/python3.12/site-packages/airflow/example_dags/example_short_circuit_decorator.py for tasks to queue
[2025-02-19T09:54:38.977+0000] {logging_mixin.py:190} INFO - [2025-02-19T09:54:38.977+0000] {dagbag.py:587} INFO - Filling up the DagBag from /home/airflow/.local/lib/python3.12/site-packages/airflow/example_dags/example_short_circuit_decorator.py
[2025-02-19T09:54:38.985+0000] {processor.py:925} INFO - DAG(s) 'example_short_circuit_decorator' retrieved from /home/airflow/.local/lib/python3.12/site-packages/airflow/example_dags/example_short_circuit_decorator.py
[2025-02-19T09:54:39.006+0000] {logging_mixin.py:190} INFO - [2025-02-19T09:54:39.005+0000] {dag.py:3229} INFO - Sync 1 DAGs
[2025-02-19T09:54:39.018+0000] {logging_mixin.py:190} INFO - [2025-02-19T09:54:39.018+0000] {dag.py:4156} INFO - Setting next_dagrun for example_short_circuit_decorator to None, run_after=None
[2025-02-19T09:54:39.035+0000] {processor.py:208} INFO - Processing /home/airflow/.local/lib/python3.12/site-packages/airflow/example_dags/example_short_circuit_decorator.py took 0.065 seconds
[2025-02-19T09:55:09.177+0000] {processor.py:186} INFO - Started process (PID=2192) to work on /home/airflow/.local/lib/python3.12/site-packages/airflow/example_dags/example_short_circuit_decorator.py
[2025-02-19T09:55:09.190+0000] {processor.py:914} INFO - Processing file /home/airflow/.local/lib/python3.12/site-packages/airflow/example_dags/example_short_circuit_decorator.py for tasks to queue
[2025-02-19T09:55:09.192+0000] {logging_mixin.py:190} INFO - [2025-02-19T09:55:09.192+0000] {dagbag.py:587} INFO - Filling up the DagBag from /home/airflow/.local/lib/python3.12/site-packages/airflow/example_dags/example_short_circuit_decorator.py
[2025-02-19T09:55:09.205+0000] {processor.py:925} INFO - DAG(s) 'example_short_circuit_decorator' retrieved from /home/airflow/.local/lib/python3.12/site-packages/airflow/example_dags/example_short_circuit_decorator.py
[2025-02-19T09:55:09.236+0000] {logging_mixin.py:190} INFO - [2025-02-19T09:55:09.235+0000] {dag.py:3229} INFO - Sync 1 DAGs
[2025-02-19T09:55:09.253+0000] {logging_mixin.py:190} INFO - [2025-02-19T09:55:09.252+0000] {dag.py:4156} INFO - Setting next_dagrun for example_short_circuit_decorator to None, run_after=None
[2025-02-19T09:55:09.273+0000] {processor.py:208} INFO - Processing /home/airflow/.local/lib/python3.12/site-packages/airflow/example_dags/example_short_circuit_decorator.py took 0.100 seconds
[2025-02-19T09:55:39.524+0000] {processor.py:186} INFO - Started process (PID=2256) to work on /home/airflow/.local/lib/python3.12/site-packages/airflow/example_dags/example_short_circuit_decorator.py
[2025-02-19T09:55:39.525+0000] {processor.py:914} INFO - Processing file /home/airflow/.local/lib/python3.12/site-packages/airflow/example_dags/example_short_circuit_decorator.py for tasks to queue
[2025-02-19T09:55:39.527+0000] {logging_mixin.py:190} INFO - [2025-02-19T09:55:39.527+0000] {dagbag.py:587} INFO - Filling up the DagBag from /home/airflow/.local/lib/python3.12/site-packages/airflow/example_dags/example_short_circuit_decorator.py
[2025-02-19T09:55:39.535+0000] {processor.py:925} INFO - DAG(s) 'example_short_circuit_decorator' retrieved from /home/airflow/.local/lib/python3.12/site-packages/airflow/example_dags/example_short_circuit_decorator.py
[2025-02-19T09:55:39.557+0000] {logging_mixin.py:190} INFO - [2025-02-19T09:55:39.556+0000] {dag.py:3229} INFO - Sync 1 DAGs
[2025-02-19T09:55:39.571+0000] {logging_mixin.py:190} INFO - [2025-02-19T09:55:39.571+0000] {dag.py:4156} INFO - Setting next_dagrun for example_short_circuit_decorator to None, run_after=None
[2025-02-19T09:55:39.592+0000] {processor.py:208} INFO - Processing /home/airflow/.local/lib/python3.12/site-packages/airflow/example_dags/example_short_circuit_decorator.py took 0.073 seconds
[2025-02-19T09:56:10.028+0000] {processor.py:186} INFO - Started process (PID=2320) to work on /home/airflow/.local/lib/python3.12/site-packages/airflow/example_dags/example_short_circuit_decorator.py
[2025-02-19T09:56:10.044+0000] {processor.py:914} INFO - Processing file /home/airflow/.local/lib/python3.12/site-packages/airflow/example_dags/example_short_circuit_decorator.py for tasks to queue
[2025-02-19T09:56:10.046+0000] {logging_mixin.py:190} INFO - [2025-02-19T09:56:10.046+0000] {dagbag.py:587} INFO - Filling up the DagBag from /home/airflow/.local/lib/python3.12/site-packages/airflow/example_dags/example_short_circuit_decorator.py
[2025-02-19T09:56:10.054+0000] {processor.py:925} INFO - DAG(s) 'example_short_circuit_decorator' retrieved from /home/airflow/.local/lib/python3.12/site-packages/airflow/example_dags/example_short_circuit_decorator.py
[2025-02-19T09:56:10.076+0000] {logging_mixin.py:190} INFO - [2025-02-19T09:56:10.075+0000] {dag.py:3229} INFO - Sync 1 DAGs
[2025-02-19T09:56:10.088+0000] {logging_mixin.py:190} INFO - [2025-02-19T09:56:10.088+0000] {dag.py:4156} INFO - Setting next_dagrun for example_short_circuit_decorator to None, run_after=None
[2025-02-19T09:56:10.105+0000] {processor.py:208} INFO - Processing /home/airflow/.local/lib/python3.12/site-packages/airflow/example_dags/example_short_circuit_decorator.py took 0.081 seconds
[2025-02-19T09:56:40.145+0000] {processor.py:186} INFO - Started process (PID=2384) to work on /home/airflow/.local/lib/python3.12/site-packages/airflow/example_dags/example_short_circuit_decorator.py
[2025-02-19T09:56:40.147+0000] {processor.py:914} INFO - Processing file /home/airflow/.local/lib/python3.12/site-packages/airflow/example_dags/example_short_circuit_decorator.py for tasks to queue
[2025-02-19T09:56:40.149+0000] {logging_mixin.py:190} INFO - [2025-02-19T09:56:40.149+0000] {dagbag.py:587} INFO - Filling up the DagBag from /home/airflow/.local/lib/python3.12/site-packages/airflow/example_dags/example_short_circuit_decorator.py
[2025-02-19T09:56:40.158+0000] {processor.py:925} INFO - DAG(s) 'example_short_circuit_decorator' retrieved from /home/airflow/.local/lib/python3.12/site-packages/airflow/example_dags/example_short_circuit_decorator.py
[2025-02-19T09:56:40.180+0000] {logging_mixin.py:190} INFO - [2025-02-19T09:56:40.179+0000] {dag.py:3229} INFO - Sync 1 DAGs
[2025-02-19T09:56:40.194+0000] {logging_mixin.py:190} INFO - [2025-02-19T09:56:40.194+0000] {dag.py:4156} INFO - Setting next_dagrun for example_short_circuit_decorator to None, run_after=None
[2025-02-19T09:56:40.213+0000] {processor.py:208} INFO - Processing /home/airflow/.local/lib/python3.12/site-packages/airflow/example_dags/example_short_circuit_decorator.py took 0.073 seconds
[2025-02-19T09:57:10.543+0000] {processor.py:186} INFO - Started process (PID=2449) to work on /home/airflow/.local/lib/python3.12/site-packages/airflow/example_dags/example_short_circuit_decorator.py
[2025-02-19T09:57:10.558+0000] {processor.py:914} INFO - Processing file /home/airflow/.local/lib/python3.12/site-packages/airflow/example_dags/example_short_circuit_decorator.py for tasks to queue
[2025-02-19T09:57:10.560+0000] {logging_mixin.py:190} INFO - [2025-02-19T09:57:10.560+0000] {dagbag.py:587} INFO - Filling up the DagBag from /home/airflow/.local/lib/python3.12/site-packages/airflow/example_dags/example_short_circuit_decorator.py
[2025-02-19T09:57:10.569+0000] {processor.py:925} INFO - DAG(s) 'example_short_circuit_decorator' retrieved from /home/airflow/.local/lib/python3.12/site-packages/airflow/example_dags/example_short_circuit_decorator.py
[2025-02-19T09:57:10.591+0000] {logging_mixin.py:190} INFO - [2025-02-19T09:57:10.591+0000] {dag.py:3229} INFO - Sync 1 DAGs
[2025-02-19T09:57:10.604+0000] {logging_mixin.py:190} INFO - [2025-02-19T09:57:10.604+0000] {dag.py:4156} INFO - Setting next_dagrun for example_short_circuit_decorator to None, run_after=None
[2025-02-19T09:57:10.620+0000] {processor.py:208} INFO - Processing /home/airflow/.local/lib/python3.12/site-packages/airflow/example_dags/example_short_circuit_decorator.py took 0.081 seconds
[2025-02-19T09:57:41.057+0000] {processor.py:186} INFO - Started process (PID=2514) to work on /home/airflow/.local/lib/python3.12/site-packages/airflow/example_dags/example_short_circuit_decorator.py
[2025-02-19T09:57:41.058+0000] {processor.py:914} INFO - Processing file /home/airflow/.local/lib/python3.12/site-packages/airflow/example_dags/example_short_circuit_decorator.py for tasks to queue
[2025-02-19T09:57:41.060+0000] {logging_mixin.py:190} INFO - [2025-02-19T09:57:41.060+0000] {dagbag.py:587} INFO - Filling up the DagBag from /home/airflow/.local/lib/python3.12/site-packages/airflow/example_dags/example_short_circuit_decorator.py
[2025-02-19T09:57:41.068+0000] {processor.py:925} INFO - DAG(s) 'example_short_circuit_decorator' retrieved from /home/airflow/.local/lib/python3.12/site-packages/airflow/example_dags/example_short_circuit_decorator.py
[2025-02-19T09:57:41.087+0000] {logging_mixin.py:190} INFO - [2025-02-19T09:57:41.087+0000] {dag.py:3229} INFO - Sync 1 DAGs
[2025-02-19T09:57:41.100+0000] {logging_mixin.py:190} INFO - [2025-02-19T09:57:41.099+0000] {dag.py:4156} INFO - Setting next_dagrun for example_short_circuit_decorator to None, run_after=None
[2025-02-19T09:57:41.117+0000] {processor.py:208} INFO - Processing /home/airflow/.local/lib/python3.12/site-packages/airflow/example_dags/example_short_circuit_decorator.py took 0.064 seconds
[2025-02-19T09:58:11.354+0000] {processor.py:186} INFO - Started process (PID=2579) to work on /home/airflow/.local/lib/python3.12/site-packages/airflow/example_dags/example_short_circuit_decorator.py
[2025-02-19T09:58:11.356+0000] {processor.py:914} INFO - Processing file /home/airflow/.local/lib/python3.12/site-packages/airflow/example_dags/example_short_circuit_decorator.py for tasks to queue
[2025-02-19T09:58:11.360+0000] {logging_mixin.py:190} INFO - [2025-02-19T09:58:11.359+0000] {dagbag.py:587} INFO - Filling up the DagBag from /home/airflow/.local/lib/python3.12/site-packages/airflow/example_dags/example_short_circuit_decorator.py
[2025-02-19T09:58:11.373+0000] {processor.py:925} INFO - DAG(s) 'example_short_circuit_decorator' retrieved from /home/airflow/.local/lib/python3.12/site-packages/airflow/example_dags/example_short_circuit_decorator.py
[2025-02-19T09:58:11.417+0000] {logging_mixin.py:190} INFO - [2025-02-19T09:58:11.416+0000] {dag.py:3229} INFO - Sync 1 DAGs
[2025-02-19T09:58:11.443+0000] {logging_mixin.py:190} INFO - [2025-02-19T09:58:11.442+0000] {dag.py:4156} INFO - Setting next_dagrun for example_short_circuit_decorator to None, run_after=None
[2025-02-19T09:58:11.466+0000] {processor.py:208} INFO - Processing /home/airflow/.local/lib/python3.12/site-packages/airflow/example_dags/example_short_circuit_decorator.py took 0.123 seconds
[2025-02-19T09:58:41.786+0000] {processor.py:186} INFO - Started process (PID=2648) to work on /home/airflow/.local/lib/python3.12/site-packages/airflow/example_dags/example_short_circuit_decorator.py
[2025-02-19T09:58:41.787+0000] {processor.py:914} INFO - Processing file /home/airflow/.local/lib/python3.12/site-packages/airflow/example_dags/example_short_circuit_decorator.py for tasks to queue
[2025-02-19T09:58:41.789+0000] {logging_mixin.py:190} INFO - [2025-02-19T09:58:41.789+0000] {dagbag.py:587} INFO - Filling up the DagBag from /home/airflow/.local/lib/python3.12/site-packages/airflow/example_dags/example_short_circuit_decorator.py
[2025-02-19T09:58:41.799+0000] {processor.py:925} INFO - DAG(s) 'example_short_circuit_decorator' retrieved from /home/airflow/.local/lib/python3.12/site-packages/airflow/example_dags/example_short_circuit_decorator.py
[2025-02-19T09:58:41.822+0000] {logging_mixin.py:190} INFO - [2025-02-19T09:58:41.821+0000] {dag.py:3229} INFO - Sync 1 DAGs
[2025-02-19T09:58:41.835+0000] {logging_mixin.py:190} INFO - [2025-02-19T09:58:41.835+0000] {dag.py:4156} INFO - Setting next_dagrun for example_short_circuit_decorator to None, run_after=None
[2025-02-19T09:58:41.854+0000] {processor.py:208} INFO - Processing /home/airflow/.local/lib/python3.12/site-packages/airflow/example_dags/example_short_circuit_decorator.py took 0.074 seconds
[2025-02-19T09:59:12.083+0000] {processor.py:186} INFO - Started process (PID=2712) to work on /home/airflow/.local/lib/python3.12/site-packages/airflow/example_dags/example_short_circuit_decorator.py
[2025-02-19T09:59:12.096+0000] {processor.py:914} INFO - Processing file /home/airflow/.local/lib/python3.12/site-packages/airflow/example_dags/example_short_circuit_decorator.py for tasks to queue
[2025-02-19T09:59:12.098+0000] {logging_mixin.py:190} INFO - [2025-02-19T09:59:12.098+0000] {dagbag.py:587} INFO - Filling up the DagBag from /home/airflow/.local/lib/python3.12/site-packages/airflow/example_dags/example_short_circuit_decorator.py
[2025-02-19T09:59:12.107+0000] {processor.py:925} INFO - DAG(s) 'example_short_circuit_decorator' retrieved from /home/airflow/.local/lib/python3.12/site-packages/airflow/example_dags/example_short_circuit_decorator.py
[2025-02-19T09:59:12.128+0000] {logging_mixin.py:190} INFO - [2025-02-19T09:59:12.128+0000] {dag.py:3229} INFO - Sync 1 DAGs
[2025-02-19T09:59:12.141+0000] {logging_mixin.py:190} INFO - [2025-02-19T09:59:12.141+0000] {dag.py:4156} INFO - Setting next_dagrun for example_short_circuit_decorator to None, run_after=None
[2025-02-19T09:59:12.158+0000] {processor.py:208} INFO - Processing /home/airflow/.local/lib/python3.12/site-packages/airflow/example_dags/example_short_circuit_decorator.py took 0.079 seconds
[2025-02-19T10:23:11.302+0000] {logging_mixin.py:190} INFO - [2025-02-19T10:23:11.301+0000] {settings.py:475} DEBUG - Setting up DB connection pool (PID 55)
[2025-02-19T10:23:11.303+0000] {logging_mixin.py:190} INFO - [2025-02-19T10:23:11.303+0000] {settings.py:579} DEBUG - settings.prepare_engine_args(): Using pool settings. pool_size=5, max_overflow=10, pool_recycle=1800, pid=55
[2025-02-19T10:23:11.307+0000] {processor.py:186} INFO - Started process (PID=55) to work on /home/airflow/.local/lib/python3.12/site-packages/airflow/example_dags/example_short_circuit_decorator.py
[2025-02-19T10:23:11.307+0000] {processor.py:914} INFO - Processing file /home/airflow/.local/lib/python3.12/site-packages/airflow/example_dags/example_short_circuit_decorator.py for tasks to queue
[2025-02-19T10:23:11.308+0000] {logging_mixin.py:190} INFO - [2025-02-19T10:23:11.308+0000] {dagbag.py:587} INFO - Filling up the DagBag from /home/airflow/.local/lib/python3.12/site-packages/airflow/example_dags/example_short_circuit_decorator.py
[2025-02-19T10:23:11.309+0000] {logging_mixin.py:190} INFO - [2025-02-19T10:23:11.309+0000] {dagbag.py:368} DEBUG - Importing /home/airflow/.local/lib/python3.12/site-packages/airflow/example_dags/example_short_circuit_decorator.py
[2025-02-19T10:23:11.319+0000] {logging_mixin.py:190} INFO - [2025-02-19T10:23:11.318+0000] {dagbag.py:553} DEBUG - Loaded DAG <DAG: example_short_circuit_decorator>
[2025-02-19T10:23:11.319+0000] {processor.py:925} INFO - DAG(s) 'example_short_circuit_decorator' retrieved from /home/airflow/.local/lib/python3.12/site-packages/airflow/example_dags/example_short_circuit_decorator.py
[2025-02-19T10:23:11.320+0000] {logging_mixin.py:190} INFO - [2025-02-19T10:23:11.320+0000] {dagbag.py:710} DEBUG - Running dagbag.sync_to_db with retries. Try 1 of 3
[2025-02-19T10:23:11.320+0000] {logging_mixin.py:190} INFO - [2025-02-19T10:23:11.320+0000] {dagbag.py:715} DEBUG - Calling the DAG.bulk_sync_to_db method
[2025-02-19T10:23:11.331+0000] {logging_mixin.py:190} INFO - [2025-02-19T10:23:11.330+0000] {serialized_dag.py:168} DEBUG - Checking if DAG (example_short_circuit_decorator) changed
[2025-02-19T10:23:11.345+0000] {logging_mixin.py:190} INFO - [2025-02-19T10:23:11.345+0000] {serialized_dag.py:179} DEBUG - Serialized DAG (example_short_circuit_decorator) is unchanged. Skipping writing to DB
[2025-02-19T10:23:11.346+0000] {logging_mixin.py:190} INFO - [2025-02-19T10:23:11.345+0000] {dag.py:3229} INFO - Sync 1 DAGs
[2025-02-19T10:23:11.359+0000] {logging_mixin.py:190} INFO - [2025-02-19T10:23:11.359+0000] {dag.py:4156} INFO - Setting next_dagrun for example_short_circuit_decorator to None, run_after=None
[2025-02-19T10:23:11.387+0000] {processor.py:208} INFO - Processing /home/airflow/.local/lib/python3.12/site-packages/airflow/example_dags/example_short_circuit_decorator.py took 0.086 seconds
[2025-02-19T10:23:48.530+0000] {logging_mixin.py:190} INFO - [2025-02-19T10:23:48.530+0000] {settings.py:475} DEBUG - Setting up DB connection pool (PID 125)
[2025-02-19T10:23:48.536+0000] {logging_mixin.py:190} INFO - [2025-02-19T10:23:48.535+0000] {settings.py:579} DEBUG - settings.prepare_engine_args(): Using pool settings. pool_size=5, max_overflow=10, pool_recycle=1800, pid=125
[2025-02-19T10:23:48.557+0000] {processor.py:186} INFO - Started process (PID=125) to work on /home/airflow/.local/lib/python3.12/site-packages/airflow/example_dags/example_short_circuit_decorator.py
[2025-02-19T10:23:48.558+0000] {processor.py:914} INFO - Processing file /home/airflow/.local/lib/python3.12/site-packages/airflow/example_dags/example_short_circuit_decorator.py for tasks to queue
[2025-02-19T10:23:48.559+0000] {logging_mixin.py:190} INFO - [2025-02-19T10:23:48.559+0000] {dagbag.py:587} INFO - Filling up the DagBag from /home/airflow/.local/lib/python3.12/site-packages/airflow/example_dags/example_short_circuit_decorator.py
[2025-02-19T10:23:48.560+0000] {logging_mixin.py:190} INFO - [2025-02-19T10:23:48.560+0000] {dagbag.py:368} DEBUG - Importing /home/airflow/.local/lib/python3.12/site-packages/airflow/example_dags/example_short_circuit_decorator.py
[2025-02-19T10:23:48.570+0000] {logging_mixin.py:190} INFO - [2025-02-19T10:23:48.568+0000] {dagbag.py:553} DEBUG - Loaded DAG <DAG: example_short_circuit_decorator>
[2025-02-19T10:23:48.570+0000] {processor.py:925} INFO - DAG(s) 'example_short_circuit_decorator' retrieved from /home/airflow/.local/lib/python3.12/site-packages/airflow/example_dags/example_short_circuit_decorator.py
[2025-02-19T10:23:48.571+0000] {logging_mixin.py:190} INFO - [2025-02-19T10:23:48.571+0000] {dagbag.py:710} DEBUG - Running dagbag.sync_to_db with retries. Try 1 of 3
[2025-02-19T10:23:48.571+0000] {logging_mixin.py:190} INFO - [2025-02-19T10:23:48.571+0000] {dagbag.py:715} DEBUG - Calling the DAG.bulk_sync_to_db method
[2025-02-19T10:23:48.582+0000] {logging_mixin.py:190} INFO - [2025-02-19T10:23:48.582+0000] {serialized_dag.py:168} DEBUG - Checking if DAG (example_short_circuit_decorator) changed
[2025-02-19T10:23:48.592+0000] {logging_mixin.py:190} INFO - [2025-02-19T10:23:48.591+0000] {serialized_dag.py:179} DEBUG - Serialized DAG (example_short_circuit_decorator) is unchanged. Skipping writing to DB
[2025-02-19T10:23:48.592+0000] {logging_mixin.py:190} INFO - [2025-02-19T10:23:48.592+0000] {dag.py:3229} INFO - Sync 1 DAGs
[2025-02-19T10:23:48.611+0000] {logging_mixin.py:190} INFO - [2025-02-19T10:23:48.611+0000] {dag.py:4156} INFO - Setting next_dagrun for example_short_circuit_decorator to None, run_after=None
[2025-02-19T10:23:48.995+0000] {processor.py:208} INFO - Processing /home/airflow/.local/lib/python3.12/site-packages/airflow/example_dags/example_short_circuit_decorator.py took 0.466 seconds
[2025-02-19T10:24:19.717+0000] {logging_mixin.py:190} INFO - [2025-02-19T10:24:19.716+0000] {settings.py:475} DEBUG - Setting up DB connection pool (PID 183)
[2025-02-19T10:24:19.718+0000] {logging_mixin.py:190} INFO - [2025-02-19T10:24:19.718+0000] {settings.py:579} DEBUG - settings.prepare_engine_args(): Using pool settings. pool_size=5, max_overflow=10, pool_recycle=1800, pid=183
[2025-02-19T10:24:19.723+0000] {processor.py:186} INFO - Started process (PID=183) to work on /home/airflow/.local/lib/python3.12/site-packages/airflow/example_dags/example_short_circuit_decorator.py
[2025-02-19T10:24:19.723+0000] {processor.py:914} INFO - Processing file /home/airflow/.local/lib/python3.12/site-packages/airflow/example_dags/example_short_circuit_decorator.py for tasks to queue
[2025-02-19T10:24:19.724+0000] {logging_mixin.py:190} INFO - [2025-02-19T10:24:19.724+0000] {dagbag.py:587} INFO - Filling up the DagBag from /home/airflow/.local/lib/python3.12/site-packages/airflow/example_dags/example_short_circuit_decorator.py
[2025-02-19T10:24:19.725+0000] {logging_mixin.py:190} INFO - [2025-02-19T10:24:19.725+0000] {dagbag.py:368} DEBUG - Importing /home/airflow/.local/lib/python3.12/site-packages/airflow/example_dags/example_short_circuit_decorator.py
[2025-02-19T10:24:19.735+0000] {logging_mixin.py:190} INFO - [2025-02-19T10:24:19.733+0000] {dagbag.py:553} DEBUG - Loaded DAG <DAG: example_short_circuit_decorator>
[2025-02-19T10:24:19.735+0000] {processor.py:925} INFO - DAG(s) 'example_short_circuit_decorator' retrieved from /home/airflow/.local/lib/python3.12/site-packages/airflow/example_dags/example_short_circuit_decorator.py
[2025-02-19T10:24:19.736+0000] {logging_mixin.py:190} INFO - [2025-02-19T10:24:19.736+0000] {dagbag.py:710} DEBUG - Running dagbag.sync_to_db with retries. Try 1 of 3
[2025-02-19T10:24:19.736+0000] {logging_mixin.py:190} INFO - [2025-02-19T10:24:19.736+0000] {dagbag.py:715} DEBUG - Calling the DAG.bulk_sync_to_db method
[2025-02-19T10:24:19.747+0000] {logging_mixin.py:190} INFO - [2025-02-19T10:24:19.746+0000] {serialized_dag.py:168} DEBUG - Checking if DAG (example_short_circuit_decorator) changed
[2025-02-19T10:24:19.759+0000] {logging_mixin.py:190} INFO - [2025-02-19T10:24:19.758+0000] {serialized_dag.py:179} DEBUG - Serialized DAG (example_short_circuit_decorator) is unchanged. Skipping writing to DB
[2025-02-19T10:24:19.759+0000] {logging_mixin.py:190} INFO - [2025-02-19T10:24:19.759+0000] {dag.py:3229} INFO - Sync 1 DAGs
[2025-02-19T10:24:19.771+0000] {logging_mixin.py:190} INFO - [2025-02-19T10:24:19.771+0000] {dag.py:4156} INFO - Setting next_dagrun for example_short_circuit_decorator to None, run_after=None
[2025-02-19T10:24:19.790+0000] {processor.py:208} INFO - Processing /home/airflow/.local/lib/python3.12/site-packages/airflow/example_dags/example_short_circuit_decorator.py took 0.074 seconds
[2025-02-19T10:24:50.618+0000] {logging_mixin.py:190} INFO - [2025-02-19T10:24:50.617+0000] {settings.py:475} DEBUG - Setting up DB connection pool (PID 252)
[2025-02-19T10:24:50.620+0000] {logging_mixin.py:190} INFO - [2025-02-19T10:24:50.620+0000] {settings.py:579} DEBUG - settings.prepare_engine_args(): Using pool settings. pool_size=5, max_overflow=10, pool_recycle=1800, pid=252
[2025-02-19T10:24:50.625+0000] {processor.py:186} INFO - Started process (PID=252) to work on /home/airflow/.local/lib/python3.12/site-packages/airflow/example_dags/example_short_circuit_decorator.py
[2025-02-19T10:24:50.626+0000] {processor.py:914} INFO - Processing file /home/airflow/.local/lib/python3.12/site-packages/airflow/example_dags/example_short_circuit_decorator.py for tasks to queue
[2025-02-19T10:24:50.627+0000] {logging_mixin.py:190} INFO - [2025-02-19T10:24:50.626+0000] {dagbag.py:587} INFO - Filling up the DagBag from /home/airflow/.local/lib/python3.12/site-packages/airflow/example_dags/example_short_circuit_decorator.py
[2025-02-19T10:24:50.628+0000] {logging_mixin.py:190} INFO - [2025-02-19T10:24:50.628+0000] {dagbag.py:368} DEBUG - Importing /home/airflow/.local/lib/python3.12/site-packages/airflow/example_dags/example_short_circuit_decorator.py
[2025-02-19T10:24:50.638+0000] {logging_mixin.py:190} INFO - [2025-02-19T10:24:50.637+0000] {dagbag.py:553} DEBUG - Loaded DAG <DAG: example_short_circuit_decorator>
[2025-02-19T10:24:50.639+0000] {processor.py:925} INFO - DAG(s) 'example_short_circuit_decorator' retrieved from /home/airflow/.local/lib/python3.12/site-packages/airflow/example_dags/example_short_circuit_decorator.py
[2025-02-19T10:24:50.639+0000] {logging_mixin.py:190} INFO - [2025-02-19T10:24:50.639+0000] {dagbag.py:710} DEBUG - Running dagbag.sync_to_db with retries. Try 1 of 3
[2025-02-19T10:24:50.640+0000] {logging_mixin.py:190} INFO - [2025-02-19T10:24:50.640+0000] {dagbag.py:715} DEBUG - Calling the DAG.bulk_sync_to_db method
[2025-02-19T10:24:50.651+0000] {logging_mixin.py:190} INFO - [2025-02-19T10:24:50.651+0000] {serialized_dag.py:168} DEBUG - Checking if DAG (example_short_circuit_decorator) changed
[2025-02-19T10:24:50.662+0000] {logging_mixin.py:190} INFO - [2025-02-19T10:24:50.662+0000] {serialized_dag.py:179} DEBUG - Serialized DAG (example_short_circuit_decorator) is unchanged. Skipping writing to DB
[2025-02-19T10:24:50.663+0000] {logging_mixin.py:190} INFO - [2025-02-19T10:24:50.663+0000] {dag.py:3229} INFO - Sync 1 DAGs
[2025-02-19T10:24:50.677+0000] {logging_mixin.py:190} INFO - [2025-02-19T10:24:50.677+0000] {dag.py:4156} INFO - Setting next_dagrun for example_short_circuit_decorator to None, run_after=None
[2025-02-19T10:24:50.697+0000] {processor.py:208} INFO - Processing /home/airflow/.local/lib/python3.12/site-packages/airflow/example_dags/example_short_circuit_decorator.py took 0.080 seconds
[2025-02-19T10:25:20.799+0000] {logging_mixin.py:190} INFO - [2025-02-19T10:25:20.798+0000] {settings.py:475} DEBUG - Setting up DB connection pool (PID 316)
[2025-02-19T10:25:20.800+0000] {logging_mixin.py:190} INFO - [2025-02-19T10:25:20.800+0000] {settings.py:579} DEBUG - settings.prepare_engine_args(): Using pool settings. pool_size=5, max_overflow=10, pool_recycle=1800, pid=316
[2025-02-19T10:25:20.804+0000] {processor.py:186} INFO - Started process (PID=316) to work on /home/airflow/.local/lib/python3.12/site-packages/airflow/example_dags/example_short_circuit_decorator.py
[2025-02-19T10:25:20.805+0000] {processor.py:914} INFO - Processing file /home/airflow/.local/lib/python3.12/site-packages/airflow/example_dags/example_short_circuit_decorator.py for tasks to queue
[2025-02-19T10:25:20.805+0000] {logging_mixin.py:190} INFO - [2025-02-19T10:25:20.805+0000] {dagbag.py:587} INFO - Filling up the DagBag from /home/airflow/.local/lib/python3.12/site-packages/airflow/example_dags/example_short_circuit_decorator.py
[2025-02-19T10:25:20.807+0000] {logging_mixin.py:190} INFO - [2025-02-19T10:25:20.806+0000] {dagbag.py:368} DEBUG - Importing /home/airflow/.local/lib/python3.12/site-packages/airflow/example_dags/example_short_circuit_decorator.py
[2025-02-19T10:25:20.815+0000] {logging_mixin.py:190} INFO - [2025-02-19T10:25:20.814+0000] {dagbag.py:553} DEBUG - Loaded DAG <DAG: example_short_circuit_decorator>
[2025-02-19T10:25:20.815+0000] {processor.py:925} INFO - DAG(s) 'example_short_circuit_decorator' retrieved from /home/airflow/.local/lib/python3.12/site-packages/airflow/example_dags/example_short_circuit_decorator.py
[2025-02-19T10:25:20.816+0000] {logging_mixin.py:190} INFO - [2025-02-19T10:25:20.816+0000] {dagbag.py:710} DEBUG - Running dagbag.sync_to_db with retries. Try 1 of 3
[2025-02-19T10:25:20.816+0000] {logging_mixin.py:190} INFO - [2025-02-19T10:25:20.816+0000] {dagbag.py:715} DEBUG - Calling the DAG.bulk_sync_to_db method
[2025-02-19T10:25:20.828+0000] {logging_mixin.py:190} INFO - [2025-02-19T10:25:20.827+0000] {serialized_dag.py:168} DEBUG - Checking if DAG (example_short_circuit_decorator) changed
[2025-02-19T10:25:20.838+0000] {logging_mixin.py:190} INFO - [2025-02-19T10:25:20.837+0000] {serialized_dag.py:179} DEBUG - Serialized DAG (example_short_circuit_decorator) is unchanged. Skipping writing to DB
[2025-02-19T10:25:20.838+0000] {logging_mixin.py:190} INFO - [2025-02-19T10:25:20.838+0000] {dag.py:3229} INFO - Sync 1 DAGs
[2025-02-19T10:25:20.851+0000] {logging_mixin.py:190} INFO - [2025-02-19T10:25:20.850+0000] {dag.py:4156} INFO - Setting next_dagrun for example_short_circuit_decorator to None, run_after=None
[2025-02-19T10:25:20.869+0000] {processor.py:208} INFO - Processing /home/airflow/.local/lib/python3.12/site-packages/airflow/example_dags/example_short_circuit_decorator.py took 0.071 seconds
[2025-02-19T10:25:51.496+0000] {logging_mixin.py:190} INFO - [2025-02-19T10:25:51.495+0000] {settings.py:475} DEBUG - Setting up DB connection pool (PID 380)
[2025-02-19T10:25:51.497+0000] {logging_mixin.py:190} INFO - [2025-02-19T10:25:51.497+0000] {settings.py:579} DEBUG - settings.prepare_engine_args(): Using pool settings. pool_size=5, max_overflow=10, pool_recycle=1800, pid=380
[2025-02-19T10:25:51.501+0000] {processor.py:186} INFO - Started process (PID=380) to work on /home/airflow/.local/lib/python3.12/site-packages/airflow/example_dags/example_short_circuit_decorator.py
[2025-02-19T10:25:51.502+0000] {processor.py:914} INFO - Processing file /home/airflow/.local/lib/python3.12/site-packages/airflow/example_dags/example_short_circuit_decorator.py for tasks to queue
[2025-02-19T10:25:51.503+0000] {logging_mixin.py:190} INFO - [2025-02-19T10:25:51.503+0000] {dagbag.py:587} INFO - Filling up the DagBag from /home/airflow/.local/lib/python3.12/site-packages/airflow/example_dags/example_short_circuit_decorator.py
[2025-02-19T10:25:51.504+0000] {logging_mixin.py:190} INFO - [2025-02-19T10:25:51.504+0000] {dagbag.py:368} DEBUG - Importing /home/airflow/.local/lib/python3.12/site-packages/airflow/example_dags/example_short_circuit_decorator.py
[2025-02-19T10:25:51.513+0000] {logging_mixin.py:190} INFO - [2025-02-19T10:25:51.512+0000] {dagbag.py:553} DEBUG - Loaded DAG <DAG: example_short_circuit_decorator>
[2025-02-19T10:25:51.513+0000] {processor.py:925} INFO - DAG(s) 'example_short_circuit_decorator' retrieved from /home/airflow/.local/lib/python3.12/site-packages/airflow/example_dags/example_short_circuit_decorator.py
[2025-02-19T10:25:51.514+0000] {logging_mixin.py:190} INFO - [2025-02-19T10:25:51.514+0000] {dagbag.py:710} DEBUG - Running dagbag.sync_to_db with retries. Try 1 of 3
[2025-02-19T10:25:51.514+0000] {logging_mixin.py:190} INFO - [2025-02-19T10:25:51.514+0000] {dagbag.py:715} DEBUG - Calling the DAG.bulk_sync_to_db method
[2025-02-19T10:25:51.526+0000] {logging_mixin.py:190} INFO - [2025-02-19T10:25:51.525+0000] {serialized_dag.py:168} DEBUG - Checking if DAG (example_short_circuit_decorator) changed
[2025-02-19T10:25:51.537+0000] {logging_mixin.py:190} INFO - [2025-02-19T10:25:51.536+0000] {serialized_dag.py:179} DEBUG - Serialized DAG (example_short_circuit_decorator) is unchanged. Skipping writing to DB
[2025-02-19T10:25:51.537+0000] {logging_mixin.py:190} INFO - [2025-02-19T10:25:51.537+0000] {dag.py:3229} INFO - Sync 1 DAGs
[2025-02-19T10:25:51.549+0000] {logging_mixin.py:190} INFO - [2025-02-19T10:25:51.549+0000] {dag.py:4156} INFO - Setting next_dagrun for example_short_circuit_decorator to None, run_after=None
[2025-02-19T10:25:51.567+0000] {processor.py:208} INFO - Processing /home/airflow/.local/lib/python3.12/site-packages/airflow/example_dags/example_short_circuit_decorator.py took 0.072 seconds
[2025-02-19T10:26:22.212+0000] {logging_mixin.py:190} INFO - [2025-02-19T10:26:22.211+0000] {settings.py:475} DEBUG - Setting up DB connection pool (PID 444)
[2025-02-19T10:26:22.214+0000] {logging_mixin.py:190} INFO - [2025-02-19T10:26:22.213+0000] {settings.py:579} DEBUG - settings.prepare_engine_args(): Using pool settings. pool_size=5, max_overflow=10, pool_recycle=1800, pid=444
[2025-02-19T10:26:22.218+0000] {processor.py:186} INFO - Started process (PID=444) to work on /home/airflow/.local/lib/python3.12/site-packages/airflow/example_dags/example_short_circuit_decorator.py
[2025-02-19T10:26:22.219+0000] {processor.py:914} INFO - Processing file /home/airflow/.local/lib/python3.12/site-packages/airflow/example_dags/example_short_circuit_decorator.py for tasks to queue
[2025-02-19T10:26:22.220+0000] {logging_mixin.py:190} INFO - [2025-02-19T10:26:22.219+0000] {dagbag.py:587} INFO - Filling up the DagBag from /home/airflow/.local/lib/python3.12/site-packages/airflow/example_dags/example_short_circuit_decorator.py
[2025-02-19T10:26:22.221+0000] {logging_mixin.py:190} INFO - [2025-02-19T10:26:22.220+0000] {dagbag.py:368} DEBUG - Importing /home/airflow/.local/lib/python3.12/site-packages/airflow/example_dags/example_short_circuit_decorator.py
[2025-02-19T10:26:22.230+0000] {logging_mixin.py:190} INFO - [2025-02-19T10:26:22.229+0000] {dagbag.py:553} DEBUG - Loaded DAG <DAG: example_short_circuit_decorator>
[2025-02-19T10:26:22.230+0000] {processor.py:925} INFO - DAG(s) 'example_short_circuit_decorator' retrieved from /home/airflow/.local/lib/python3.12/site-packages/airflow/example_dags/example_short_circuit_decorator.py
[2025-02-19T10:26:22.231+0000] {logging_mixin.py:190} INFO - [2025-02-19T10:26:22.231+0000] {dagbag.py:710} DEBUG - Running dagbag.sync_to_db with retries. Try 1 of 3
[2025-02-19T10:26:22.231+0000] {logging_mixin.py:190} INFO - [2025-02-19T10:26:22.231+0000] {dagbag.py:715} DEBUG - Calling the DAG.bulk_sync_to_db method
[2025-02-19T10:26:22.243+0000] {logging_mixin.py:190} INFO - [2025-02-19T10:26:22.243+0000] {serialized_dag.py:168} DEBUG - Checking if DAG (example_short_circuit_decorator) changed
[2025-02-19T10:26:22.255+0000] {logging_mixin.py:190} INFO - [2025-02-19T10:26:22.254+0000] {serialized_dag.py:179} DEBUG - Serialized DAG (example_short_circuit_decorator) is unchanged. Skipping writing to DB
[2025-02-19T10:26:22.255+0000] {logging_mixin.py:190} INFO - [2025-02-19T10:26:22.255+0000] {dag.py:3229} INFO - Sync 1 DAGs
[2025-02-19T10:26:22.268+0000] {logging_mixin.py:190} INFO - [2025-02-19T10:26:22.267+0000] {dag.py:4156} INFO - Setting next_dagrun for example_short_circuit_decorator to None, run_after=None
[2025-02-19T10:26:22.286+0000] {processor.py:208} INFO - Processing /home/airflow/.local/lib/python3.12/site-packages/airflow/example_dags/example_short_circuit_decorator.py took 0.075 seconds
