[2025-02-19T09:38:25.936+0000] {processor.py:186} INFO - Started process (PID=75) to work on /home/airflow/.local/lib/python3.12/site-packages/airflow/example_dags/example_python_operator.py
[2025-02-19T09:38:25.936+0000] {processor.py:914} INFO - Processing file /home/airflow/.local/lib/python3.12/site-packages/airflow/example_dags/example_python_operator.py for tasks to queue
[2025-02-19T09:38:25.938+0000] {logging_mixin.py:190} INFO - [2025-02-19T09:38:25.938+0000] {dagbag.py:587} INFO - Filling up the DagBag from /home/airflow/.local/lib/python3.12/site-packages/airflow/example_dags/example_python_operator.py
[2025-02-19T09:38:25.964+0000] {processor.py:925} INFO - DAG(s) 'example_python_operator' retrieved from /home/airflow/.local/lib/python3.12/site-packages/airflow/example_dags/example_python_operator.py
[2025-02-19T09:38:26.191+0000] {logging_mixin.py:190} INFO - [2025-02-19T09:38:26.190+0000] {dag.py:3229} INFO - Sync 1 DAGs
[2025-02-19T09:38:26.217+0000] {logging_mixin.py:190} INFO - [2025-02-19T09:38:26.217+0000] {dag.py:4156} INFO - Setting next_dagrun for example_python_operator to None, run_after=None
[2025-02-19T09:38:26.660+0000] {processor.py:208} INFO - Processing /home/airflow/.local/lib/python3.12/site-packages/airflow/example_dags/example_python_operator.py took 0.729 seconds
[2025-02-19T09:38:56.840+0000] {processor.py:186} INFO - Started process (PID=146) to work on /home/airflow/.local/lib/python3.12/site-packages/airflow/example_dags/example_python_operator.py
[2025-02-19T09:38:56.841+0000] {processor.py:914} INFO - Processing file /home/airflow/.local/lib/python3.12/site-packages/airflow/example_dags/example_python_operator.py for tasks to queue
[2025-02-19T09:38:56.844+0000] {logging_mixin.py:190} INFO - [2025-02-19T09:38:56.843+0000] {dagbag.py:587} INFO - Filling up the DagBag from /home/airflow/.local/lib/python3.12/site-packages/airflow/example_dags/example_python_operator.py
[2025-02-19T09:38:56.858+0000] {processor.py:925} INFO - DAG(s) 'example_python_operator' retrieved from /home/airflow/.local/lib/python3.12/site-packages/airflow/example_dags/example_python_operator.py
[2025-02-19T09:38:56.879+0000] {logging_mixin.py:190} INFO - [2025-02-19T09:38:56.878+0000] {dag.py:3229} INFO - Sync 1 DAGs
[2025-02-19T09:38:56.895+0000] {logging_mixin.py:190} INFO - [2025-02-19T09:38:56.895+0000] {dag.py:4156} INFO - Setting next_dagrun for example_python_operator to None, run_after=None
[2025-02-19T09:38:56.917+0000] {processor.py:208} INFO - Processing /home/airflow/.local/lib/python3.12/site-packages/airflow/example_dags/example_python_operator.py took 0.082 seconds
[2025-02-19T09:39:27.405+0000] {processor.py:186} INFO - Started process (PID=208) to work on /home/airflow/.local/lib/python3.12/site-packages/airflow/example_dags/example_python_operator.py
[2025-02-19T09:39:27.406+0000] {processor.py:914} INFO - Processing file /home/airflow/.local/lib/python3.12/site-packages/airflow/example_dags/example_python_operator.py for tasks to queue
[2025-02-19T09:39:27.408+0000] {logging_mixin.py:190} INFO - [2025-02-19T09:39:27.408+0000] {dagbag.py:587} INFO - Filling up the DagBag from /home/airflow/.local/lib/python3.12/site-packages/airflow/example_dags/example_python_operator.py
[2025-02-19T09:39:27.418+0000] {processor.py:925} INFO - DAG(s) 'example_python_operator' retrieved from /home/airflow/.local/lib/python3.12/site-packages/airflow/example_dags/example_python_operator.py
[2025-02-19T09:39:27.436+0000] {logging_mixin.py:190} INFO - [2025-02-19T09:39:27.435+0000] {dag.py:3229} INFO - Sync 1 DAGs
[2025-02-19T09:39:27.447+0000] {logging_mixin.py:190} INFO - [2025-02-19T09:39:27.446+0000] {dag.py:4156} INFO - Setting next_dagrun for example_python_operator to None, run_after=None
[2025-02-19T09:39:27.463+0000] {processor.py:208} INFO - Processing /home/airflow/.local/lib/python3.12/site-packages/airflow/example_dags/example_python_operator.py took 0.062 seconds
[2025-02-19T09:39:57.568+0000] {processor.py:186} INFO - Started process (PID=272) to work on /home/airflow/.local/lib/python3.12/site-packages/airflow/example_dags/example_python_operator.py
[2025-02-19T09:39:57.569+0000] {processor.py:914} INFO - Processing file /home/airflow/.local/lib/python3.12/site-packages/airflow/example_dags/example_python_operator.py for tasks to queue
[2025-02-19T09:39:57.571+0000] {logging_mixin.py:190} INFO - [2025-02-19T09:39:57.571+0000] {dagbag.py:587} INFO - Filling up the DagBag from /home/airflow/.local/lib/python3.12/site-packages/airflow/example_dags/example_python_operator.py
[2025-02-19T09:39:57.580+0000] {processor.py:925} INFO - DAG(s) 'example_python_operator' retrieved from /home/airflow/.local/lib/python3.12/site-packages/airflow/example_dags/example_python_operator.py
[2025-02-19T09:39:57.601+0000] {logging_mixin.py:190} INFO - [2025-02-19T09:39:57.601+0000] {dag.py:3229} INFO - Sync 1 DAGs
[2025-02-19T09:39:57.612+0000] {logging_mixin.py:190} INFO - [2025-02-19T09:39:57.612+0000] {dag.py:4156} INFO - Setting next_dagrun for example_python_operator to None, run_after=None
[2025-02-19T09:39:57.625+0000] {processor.py:208} INFO - Processing /home/airflow/.local/lib/python3.12/site-packages/airflow/example_dags/example_python_operator.py took 0.061 seconds
[2025-02-19T09:40:27.859+0000] {processor.py:186} INFO - Started process (PID=336) to work on /home/airflow/.local/lib/python3.12/site-packages/airflow/example_dags/example_python_operator.py
[2025-02-19T09:40:27.860+0000] {processor.py:914} INFO - Processing file /home/airflow/.local/lib/python3.12/site-packages/airflow/example_dags/example_python_operator.py for tasks to queue
[2025-02-19T09:40:27.862+0000] {logging_mixin.py:190} INFO - [2025-02-19T09:40:27.862+0000] {dagbag.py:587} INFO - Filling up the DagBag from /home/airflow/.local/lib/python3.12/site-packages/airflow/example_dags/example_python_operator.py
[2025-02-19T09:40:27.872+0000] {processor.py:925} INFO - DAG(s) 'example_python_operator' retrieved from /home/airflow/.local/lib/python3.12/site-packages/airflow/example_dags/example_python_operator.py
[2025-02-19T09:40:27.890+0000] {logging_mixin.py:190} INFO - [2025-02-19T09:40:27.890+0000] {dag.py:3229} INFO - Sync 1 DAGs
[2025-02-19T09:40:27.901+0000] {logging_mixin.py:190} INFO - [2025-02-19T09:40:27.901+0000] {dag.py:4156} INFO - Setting next_dagrun for example_python_operator to None, run_after=None
[2025-02-19T09:40:27.917+0000] {processor.py:208} INFO - Processing /home/airflow/.local/lib/python3.12/site-packages/airflow/example_dags/example_python_operator.py took 0.062 seconds
[2025-02-19T09:40:58.151+0000] {processor.py:186} INFO - Started process (PID=400) to work on /home/airflow/.local/lib/python3.12/site-packages/airflow/example_dags/example_python_operator.py
[2025-02-19T09:40:58.152+0000] {processor.py:914} INFO - Processing file /home/airflow/.local/lib/python3.12/site-packages/airflow/example_dags/example_python_operator.py for tasks to queue
[2025-02-19T09:40:58.154+0000] {logging_mixin.py:190} INFO - [2025-02-19T09:40:58.154+0000] {dagbag.py:587} INFO - Filling up the DagBag from /home/airflow/.local/lib/python3.12/site-packages/airflow/example_dags/example_python_operator.py
[2025-02-19T09:40:58.164+0000] {processor.py:925} INFO - DAG(s) 'example_python_operator' retrieved from /home/airflow/.local/lib/python3.12/site-packages/airflow/example_dags/example_python_operator.py
[2025-02-19T09:40:58.184+0000] {logging_mixin.py:190} INFO - [2025-02-19T09:40:58.184+0000] {dag.py:3229} INFO - Sync 1 DAGs
[2025-02-19T09:40:58.196+0000] {logging_mixin.py:190} INFO - [2025-02-19T09:40:58.195+0000] {dag.py:4156} INFO - Setting next_dagrun for example_python_operator to None, run_after=None
[2025-02-19T09:40:58.211+0000] {processor.py:208} INFO - Processing /home/airflow/.local/lib/python3.12/site-packages/airflow/example_dags/example_python_operator.py took 0.065 seconds
[2025-02-19T09:41:28.388+0000] {processor.py:186} INFO - Started process (PID=464) to work on /home/airflow/.local/lib/python3.12/site-packages/airflow/example_dags/example_python_operator.py
[2025-02-19T09:41:28.389+0000] {processor.py:914} INFO - Processing file /home/airflow/.local/lib/python3.12/site-packages/airflow/example_dags/example_python_operator.py for tasks to queue
[2025-02-19T09:41:28.391+0000] {logging_mixin.py:190} INFO - [2025-02-19T09:41:28.391+0000] {dagbag.py:587} INFO - Filling up the DagBag from /home/airflow/.local/lib/python3.12/site-packages/airflow/example_dags/example_python_operator.py
[2025-02-19T09:41:28.403+0000] {processor.py:925} INFO - DAG(s) 'example_python_operator' retrieved from /home/airflow/.local/lib/python3.12/site-packages/airflow/example_dags/example_python_operator.py
[2025-02-19T09:41:28.427+0000] {logging_mixin.py:190} INFO - [2025-02-19T09:41:28.426+0000] {dag.py:3229} INFO - Sync 1 DAGs
[2025-02-19T09:41:28.441+0000] {logging_mixin.py:190} INFO - [2025-02-19T09:41:28.440+0000] {dag.py:4156} INFO - Setting next_dagrun for example_python_operator to None, run_after=None
[2025-02-19T09:41:28.461+0000] {processor.py:208} INFO - Processing /home/airflow/.local/lib/python3.12/site-packages/airflow/example_dags/example_python_operator.py took 0.078 seconds
[2025-02-19T09:41:58.568+0000] {processor.py:186} INFO - Started process (PID=528) to work on /home/airflow/.local/lib/python3.12/site-packages/airflow/example_dags/example_python_operator.py
[2025-02-19T09:41:58.569+0000] {processor.py:914} INFO - Processing file /home/airflow/.local/lib/python3.12/site-packages/airflow/example_dags/example_python_operator.py for tasks to queue
[2025-02-19T09:41:58.570+0000] {logging_mixin.py:190} INFO - [2025-02-19T09:41:58.570+0000] {dagbag.py:587} INFO - Filling up the DagBag from /home/airflow/.local/lib/python3.12/site-packages/airflow/example_dags/example_python_operator.py
[2025-02-19T09:41:58.580+0000] {processor.py:925} INFO - DAG(s) 'example_python_operator' retrieved from /home/airflow/.local/lib/python3.12/site-packages/airflow/example_dags/example_python_operator.py
[2025-02-19T09:41:58.600+0000] {logging_mixin.py:190} INFO - [2025-02-19T09:41:58.599+0000] {dag.py:3229} INFO - Sync 1 DAGs
[2025-02-19T09:41:58.611+0000] {logging_mixin.py:190} INFO - [2025-02-19T09:41:58.610+0000] {dag.py:4156} INFO - Setting next_dagrun for example_python_operator to None, run_after=None
[2025-02-19T09:41:58.625+0000] {processor.py:208} INFO - Processing /home/airflow/.local/lib/python3.12/site-packages/airflow/example_dags/example_python_operator.py took 0.062 seconds
[2025-02-19T09:42:28.719+0000] {processor.py:186} INFO - Started process (PID=592) to work on /home/airflow/.local/lib/python3.12/site-packages/airflow/example_dags/example_python_operator.py
[2025-02-19T09:42:28.719+0000] {processor.py:914} INFO - Processing file /home/airflow/.local/lib/python3.12/site-packages/airflow/example_dags/example_python_operator.py for tasks to queue
[2025-02-19T09:42:28.722+0000] {logging_mixin.py:190} INFO - [2025-02-19T09:42:28.721+0000] {dagbag.py:587} INFO - Filling up the DagBag from /home/airflow/.local/lib/python3.12/site-packages/airflow/example_dags/example_python_operator.py
[2025-02-19T09:42:28.732+0000] {processor.py:925} INFO - DAG(s) 'example_python_operator' retrieved from /home/airflow/.local/lib/python3.12/site-packages/airflow/example_dags/example_python_operator.py
[2025-02-19T09:42:28.752+0000] {logging_mixin.py:190} INFO - [2025-02-19T09:42:28.752+0000] {dag.py:3229} INFO - Sync 1 DAGs
[2025-02-19T09:42:28.765+0000] {logging_mixin.py:190} INFO - [2025-02-19T09:42:28.765+0000] {dag.py:4156} INFO - Setting next_dagrun for example_python_operator to None, run_after=None
[2025-02-19T09:42:28.782+0000] {processor.py:208} INFO - Processing /home/airflow/.local/lib/python3.12/site-packages/airflow/example_dags/example_python_operator.py took 0.068 seconds
[2025-02-19T09:42:58.893+0000] {processor.py:186} INFO - Started process (PID=656) to work on /home/airflow/.local/lib/python3.12/site-packages/airflow/example_dags/example_python_operator.py
[2025-02-19T09:42:58.894+0000] {processor.py:914} INFO - Processing file /home/airflow/.local/lib/python3.12/site-packages/airflow/example_dags/example_python_operator.py for tasks to queue
[2025-02-19T09:42:58.896+0000] {logging_mixin.py:190} INFO - [2025-02-19T09:42:58.896+0000] {dagbag.py:587} INFO - Filling up the DagBag from /home/airflow/.local/lib/python3.12/site-packages/airflow/example_dags/example_python_operator.py
[2025-02-19T09:42:58.906+0000] {processor.py:925} INFO - DAG(s) 'example_python_operator' retrieved from /home/airflow/.local/lib/python3.12/site-packages/airflow/example_dags/example_python_operator.py
[2025-02-19T09:42:58.925+0000] {logging_mixin.py:190} INFO - [2025-02-19T09:42:58.924+0000] {dag.py:3229} INFO - Sync 1 DAGs
[2025-02-19T09:42:58.937+0000] {logging_mixin.py:190} INFO - [2025-02-19T09:42:58.936+0000] {dag.py:4156} INFO - Setting next_dagrun for example_python_operator to None, run_after=None
[2025-02-19T09:42:58.953+0000] {processor.py:208} INFO - Processing /home/airflow/.local/lib/python3.12/site-packages/airflow/example_dags/example_python_operator.py took 0.064 seconds
[2025-02-19T09:43:30.142+0000] {processor.py:186} INFO - Started process (PID=720) to work on /home/airflow/.local/lib/python3.12/site-packages/airflow/example_dags/example_python_operator.py
[2025-02-19T09:43:30.143+0000] {processor.py:914} INFO - Processing file /home/airflow/.local/lib/python3.12/site-packages/airflow/example_dags/example_python_operator.py for tasks to queue
[2025-02-19T09:43:30.145+0000] {logging_mixin.py:190} INFO - [2025-02-19T09:43:30.145+0000] {dagbag.py:587} INFO - Filling up the DagBag from /home/airflow/.local/lib/python3.12/site-packages/airflow/example_dags/example_python_operator.py
[2025-02-19T09:43:30.154+0000] {processor.py:925} INFO - DAG(s) 'example_python_operator' retrieved from /home/airflow/.local/lib/python3.12/site-packages/airflow/example_dags/example_python_operator.py
[2025-02-19T09:43:30.174+0000] {logging_mixin.py:190} INFO - [2025-02-19T09:43:30.174+0000] {dag.py:3229} INFO - Sync 1 DAGs
[2025-02-19T09:43:30.186+0000] {logging_mixin.py:190} INFO - [2025-02-19T09:43:30.186+0000] {dag.py:4156} INFO - Setting next_dagrun for example_python_operator to None, run_after=None
[2025-02-19T09:43:30.201+0000] {processor.py:208} INFO - Processing /home/airflow/.local/lib/python3.12/site-packages/airflow/example_dags/example_python_operator.py took 0.064 seconds
[2025-02-19T09:44:00.431+0000] {processor.py:186} INFO - Started process (PID=784) to work on /home/airflow/.local/lib/python3.12/site-packages/airflow/example_dags/example_python_operator.py
[2025-02-19T09:44:00.433+0000] {processor.py:914} INFO - Processing file /home/airflow/.local/lib/python3.12/site-packages/airflow/example_dags/example_python_operator.py for tasks to queue
[2025-02-19T09:44:00.434+0000] {logging_mixin.py:190} INFO - [2025-02-19T09:44:00.434+0000] {dagbag.py:587} INFO - Filling up the DagBag from /home/airflow/.local/lib/python3.12/site-packages/airflow/example_dags/example_python_operator.py
[2025-02-19T09:44:00.445+0000] {processor.py:925} INFO - DAG(s) 'example_python_operator' retrieved from /home/airflow/.local/lib/python3.12/site-packages/airflow/example_dags/example_python_operator.py
[2025-02-19T09:44:00.466+0000] {logging_mixin.py:190} INFO - [2025-02-19T09:44:00.465+0000] {dag.py:3229} INFO - Sync 1 DAGs
[2025-02-19T09:44:00.478+0000] {logging_mixin.py:190} INFO - [2025-02-19T09:44:00.477+0000] {dag.py:4156} INFO - Setting next_dagrun for example_python_operator to None, run_after=None
[2025-02-19T09:44:00.496+0000] {processor.py:208} INFO - Processing /home/airflow/.local/lib/python3.12/site-packages/airflow/example_dags/example_python_operator.py took 0.069 seconds
[2025-02-19T09:44:30.622+0000] {processor.py:186} INFO - Started process (PID=848) to work on /home/airflow/.local/lib/python3.12/site-packages/airflow/example_dags/example_python_operator.py
[2025-02-19T09:44:30.623+0000] {processor.py:914} INFO - Processing file /home/airflow/.local/lib/python3.12/site-packages/airflow/example_dags/example_python_operator.py for tasks to queue
[2025-02-19T09:44:30.625+0000] {logging_mixin.py:190} INFO - [2025-02-19T09:44:30.625+0000] {dagbag.py:587} INFO - Filling up the DagBag from /home/airflow/.local/lib/python3.12/site-packages/airflow/example_dags/example_python_operator.py
[2025-02-19T09:44:30.636+0000] {processor.py:925} INFO - DAG(s) 'example_python_operator' retrieved from /home/airflow/.local/lib/python3.12/site-packages/airflow/example_dags/example_python_operator.py
[2025-02-19T09:44:30.657+0000] {logging_mixin.py:190} INFO - [2025-02-19T09:44:30.656+0000] {dag.py:3229} INFO - Sync 1 DAGs
[2025-02-19T09:44:30.671+0000] {logging_mixin.py:190} INFO - [2025-02-19T09:44:30.670+0000] {dag.py:4156} INFO - Setting next_dagrun for example_python_operator to None, run_after=None
[2025-02-19T09:44:30.686+0000] {processor.py:208} INFO - Processing /home/airflow/.local/lib/python3.12/site-packages/airflow/example_dags/example_python_operator.py took 0.069 seconds
[2025-02-19T09:45:00.842+0000] {processor.py:186} INFO - Started process (PID=912) to work on /home/airflow/.local/lib/python3.12/site-packages/airflow/example_dags/example_python_operator.py
[2025-02-19T09:45:00.844+0000] {processor.py:914} INFO - Processing file /home/airflow/.local/lib/python3.12/site-packages/airflow/example_dags/example_python_operator.py for tasks to queue
[2025-02-19T09:45:00.846+0000] {logging_mixin.py:190} INFO - [2025-02-19T09:45:00.846+0000] {dagbag.py:587} INFO - Filling up the DagBag from /home/airflow/.local/lib/python3.12/site-packages/airflow/example_dags/example_python_operator.py
[2025-02-19T09:45:00.857+0000] {processor.py:925} INFO - DAG(s) 'example_python_operator' retrieved from /home/airflow/.local/lib/python3.12/site-packages/airflow/example_dags/example_python_operator.py
[2025-02-19T09:45:00.879+0000] {logging_mixin.py:190} INFO - [2025-02-19T09:45:00.879+0000] {dag.py:3229} INFO - Sync 1 DAGs
[2025-02-19T09:45:00.891+0000] {logging_mixin.py:190} INFO - [2025-02-19T09:45:00.891+0000] {dag.py:4156} INFO - Setting next_dagrun for example_python_operator to None, run_after=None
[2025-02-19T09:45:00.909+0000] {processor.py:208} INFO - Processing /home/airflow/.local/lib/python3.12/site-packages/airflow/example_dags/example_python_operator.py took 0.071 seconds
[2025-02-19T09:45:31.043+0000] {processor.py:186} INFO - Started process (PID=976) to work on /home/airflow/.local/lib/python3.12/site-packages/airflow/example_dags/example_python_operator.py
[2025-02-19T09:45:31.044+0000] {processor.py:914} INFO - Processing file /home/airflow/.local/lib/python3.12/site-packages/airflow/example_dags/example_python_operator.py for tasks to queue
[2025-02-19T09:45:31.046+0000] {logging_mixin.py:190} INFO - [2025-02-19T09:45:31.046+0000] {dagbag.py:587} INFO - Filling up the DagBag from /home/airflow/.local/lib/python3.12/site-packages/airflow/example_dags/example_python_operator.py
[2025-02-19T09:45:31.057+0000] {processor.py:925} INFO - DAG(s) 'example_python_operator' retrieved from /home/airflow/.local/lib/python3.12/site-packages/airflow/example_dags/example_python_operator.py
[2025-02-19T09:45:31.078+0000] {logging_mixin.py:190} INFO - [2025-02-19T09:45:31.077+0000] {dag.py:3229} INFO - Sync 1 DAGs
[2025-02-19T09:45:31.089+0000] {logging_mixin.py:190} INFO - [2025-02-19T09:45:31.089+0000] {dag.py:4156} INFO - Setting next_dagrun for example_python_operator to None, run_after=None
[2025-02-19T09:45:31.104+0000] {processor.py:208} INFO - Processing /home/airflow/.local/lib/python3.12/site-packages/airflow/example_dags/example_python_operator.py took 0.065 seconds
[2025-02-19T09:46:01.272+0000] {processor.py:186} INFO - Started process (PID=1040) to work on /home/airflow/.local/lib/python3.12/site-packages/airflow/example_dags/example_python_operator.py
[2025-02-19T09:46:01.273+0000] {processor.py:914} INFO - Processing file /home/airflow/.local/lib/python3.12/site-packages/airflow/example_dags/example_python_operator.py for tasks to queue
[2025-02-19T09:46:01.275+0000] {logging_mixin.py:190} INFO - [2025-02-19T09:46:01.275+0000] {dagbag.py:587} INFO - Filling up the DagBag from /home/airflow/.local/lib/python3.12/site-packages/airflow/example_dags/example_python_operator.py
[2025-02-19T09:46:01.285+0000] {processor.py:925} INFO - DAG(s) 'example_python_operator' retrieved from /home/airflow/.local/lib/python3.12/site-packages/airflow/example_dags/example_python_operator.py
[2025-02-19T09:46:01.304+0000] {logging_mixin.py:190} INFO - [2025-02-19T09:46:01.304+0000] {dag.py:3229} INFO - Sync 1 DAGs
[2025-02-19T09:46:01.316+0000] {logging_mixin.py:190} INFO - [2025-02-19T09:46:01.316+0000] {dag.py:4156} INFO - Setting next_dagrun for example_python_operator to None, run_after=None
[2025-02-19T09:46:01.332+0000] {processor.py:208} INFO - Processing /home/airflow/.local/lib/python3.12/site-packages/airflow/example_dags/example_python_operator.py took 0.065 seconds
[2025-02-19T09:46:32.198+0000] {processor.py:186} INFO - Started process (PID=1104) to work on /home/airflow/.local/lib/python3.12/site-packages/airflow/example_dags/example_python_operator.py
[2025-02-19T09:46:32.199+0000] {processor.py:914} INFO - Processing file /home/airflow/.local/lib/python3.12/site-packages/airflow/example_dags/example_python_operator.py for tasks to queue
[2025-02-19T09:46:32.201+0000] {logging_mixin.py:190} INFO - [2025-02-19T09:46:32.201+0000] {dagbag.py:587} INFO - Filling up the DagBag from /home/airflow/.local/lib/python3.12/site-packages/airflow/example_dags/example_python_operator.py
[2025-02-19T09:46:32.211+0000] {processor.py:925} INFO - DAG(s) 'example_python_operator' retrieved from /home/airflow/.local/lib/python3.12/site-packages/airflow/example_dags/example_python_operator.py
[2025-02-19T09:46:32.230+0000] {logging_mixin.py:190} INFO - [2025-02-19T09:46:32.230+0000] {dag.py:3229} INFO - Sync 1 DAGs
[2025-02-19T09:46:32.242+0000] {logging_mixin.py:190} INFO - [2025-02-19T09:46:32.241+0000] {dag.py:4156} INFO - Setting next_dagrun for example_python_operator to None, run_after=None
[2025-02-19T09:46:32.256+0000] {processor.py:208} INFO - Processing /home/airflow/.local/lib/python3.12/site-packages/airflow/example_dags/example_python_operator.py took 0.063 seconds
[2025-02-19T09:47:03.029+0000] {processor.py:186} INFO - Started process (PID=1168) to work on /home/airflow/.local/lib/python3.12/site-packages/airflow/example_dags/example_python_operator.py
[2025-02-19T09:47:03.030+0000] {processor.py:914} INFO - Processing file /home/airflow/.local/lib/python3.12/site-packages/airflow/example_dags/example_python_operator.py for tasks to queue
[2025-02-19T09:47:03.033+0000] {logging_mixin.py:190} INFO - [2025-02-19T09:47:03.032+0000] {dagbag.py:587} INFO - Filling up the DagBag from /home/airflow/.local/lib/python3.12/site-packages/airflow/example_dags/example_python_operator.py
[2025-02-19T09:47:03.043+0000] {processor.py:925} INFO - DAG(s) 'example_python_operator' retrieved from /home/airflow/.local/lib/python3.12/site-packages/airflow/example_dags/example_python_operator.py
[2025-02-19T09:47:03.063+0000] {logging_mixin.py:190} INFO - [2025-02-19T09:47:03.062+0000] {dag.py:3229} INFO - Sync 1 DAGs
[2025-02-19T09:47:03.074+0000] {logging_mixin.py:190} INFO - [2025-02-19T09:47:03.074+0000] {dag.py:4156} INFO - Setting next_dagrun for example_python_operator to None, run_after=None
[2025-02-19T09:47:03.091+0000] {processor.py:208} INFO - Processing /home/airflow/.local/lib/python3.12/site-packages/airflow/example_dags/example_python_operator.py took 0.066 seconds
[2025-02-19T09:47:33.378+0000] {processor.py:186} INFO - Started process (PID=1232) to work on /home/airflow/.local/lib/python3.12/site-packages/airflow/example_dags/example_python_operator.py
[2025-02-19T09:47:33.379+0000] {processor.py:914} INFO - Processing file /home/airflow/.local/lib/python3.12/site-packages/airflow/example_dags/example_python_operator.py for tasks to queue
[2025-02-19T09:47:33.381+0000] {logging_mixin.py:190} INFO - [2025-02-19T09:47:33.381+0000] {dagbag.py:587} INFO - Filling up the DagBag from /home/airflow/.local/lib/python3.12/site-packages/airflow/example_dags/example_python_operator.py
[2025-02-19T09:47:33.396+0000] {processor.py:925} INFO - DAG(s) 'example_python_operator' retrieved from /home/airflow/.local/lib/python3.12/site-packages/airflow/example_dags/example_python_operator.py
[2025-02-19T09:47:33.425+0000] {logging_mixin.py:190} INFO - [2025-02-19T09:47:33.424+0000] {dag.py:3229} INFO - Sync 1 DAGs
[2025-02-19T09:47:33.439+0000] {logging_mixin.py:190} INFO - [2025-02-19T09:47:33.438+0000] {dag.py:4156} INFO - Setting next_dagrun for example_python_operator to None, run_after=None
[2025-02-19T09:47:33.458+0000] {processor.py:208} INFO - Processing /home/airflow/.local/lib/python3.12/site-packages/airflow/example_dags/example_python_operator.py took 0.084 seconds
[2025-02-19T09:48:03.819+0000] {processor.py:186} INFO - Started process (PID=1297) to work on /home/airflow/.local/lib/python3.12/site-packages/airflow/example_dags/example_python_operator.py
[2025-02-19T09:48:03.820+0000] {processor.py:914} INFO - Processing file /home/airflow/.local/lib/python3.12/site-packages/airflow/example_dags/example_python_operator.py for tasks to queue
[2025-02-19T09:48:03.822+0000] {logging_mixin.py:190} INFO - [2025-02-19T09:48:03.822+0000] {dagbag.py:587} INFO - Filling up the DagBag from /home/airflow/.local/lib/python3.12/site-packages/airflow/example_dags/example_python_operator.py
[2025-02-19T09:48:03.833+0000] {processor.py:925} INFO - DAG(s) 'example_python_operator' retrieved from /home/airflow/.local/lib/python3.12/site-packages/airflow/example_dags/example_python_operator.py
[2025-02-19T09:48:03.853+0000] {logging_mixin.py:190} INFO - [2025-02-19T09:48:03.852+0000] {dag.py:3229} INFO - Sync 1 DAGs
[2025-02-19T09:48:03.866+0000] {logging_mixin.py:190} INFO - [2025-02-19T09:48:03.866+0000] {dag.py:4156} INFO - Setting next_dagrun for example_python_operator to None, run_after=None
[2025-02-19T09:48:03.881+0000] {processor.py:208} INFO - Processing /home/airflow/.local/lib/python3.12/site-packages/airflow/example_dags/example_python_operator.py took 0.067 seconds
[2025-02-19T09:48:33.944+0000] {processor.py:186} INFO - Started process (PID=1361) to work on /home/airflow/.local/lib/python3.12/site-packages/airflow/example_dags/example_python_operator.py
[2025-02-19T09:48:33.945+0000] {processor.py:914} INFO - Processing file /home/airflow/.local/lib/python3.12/site-packages/airflow/example_dags/example_python_operator.py for tasks to queue
[2025-02-19T09:48:33.947+0000] {logging_mixin.py:190} INFO - [2025-02-19T09:48:33.947+0000] {dagbag.py:587} INFO - Filling up the DagBag from /home/airflow/.local/lib/python3.12/site-packages/airflow/example_dags/example_python_operator.py
[2025-02-19T09:48:33.958+0000] {processor.py:925} INFO - DAG(s) 'example_python_operator' retrieved from /home/airflow/.local/lib/python3.12/site-packages/airflow/example_dags/example_python_operator.py
[2025-02-19T09:48:33.979+0000] {logging_mixin.py:190} INFO - [2025-02-19T09:48:33.978+0000] {dag.py:3229} INFO - Sync 1 DAGs
[2025-02-19T09:48:33.990+0000] {logging_mixin.py:190} INFO - [2025-02-19T09:48:33.990+0000] {dag.py:4156} INFO - Setting next_dagrun for example_python_operator to None, run_after=None
[2025-02-19T09:48:34.008+0000] {processor.py:208} INFO - Processing /home/airflow/.local/lib/python3.12/site-packages/airflow/example_dags/example_python_operator.py took 0.069 seconds
[2025-02-19T09:49:04.954+0000] {processor.py:186} INFO - Started process (PID=1425) to work on /home/airflow/.local/lib/python3.12/site-packages/airflow/example_dags/example_python_operator.py
[2025-02-19T09:49:04.955+0000] {processor.py:914} INFO - Processing file /home/airflow/.local/lib/python3.12/site-packages/airflow/example_dags/example_python_operator.py for tasks to queue
[2025-02-19T09:49:04.957+0000] {logging_mixin.py:190} INFO - [2025-02-19T09:49:04.957+0000] {dagbag.py:587} INFO - Filling up the DagBag from /home/airflow/.local/lib/python3.12/site-packages/airflow/example_dags/example_python_operator.py
[2025-02-19T09:49:04.968+0000] {processor.py:925} INFO - DAG(s) 'example_python_operator' retrieved from /home/airflow/.local/lib/python3.12/site-packages/airflow/example_dags/example_python_operator.py
[2025-02-19T09:49:04.987+0000] {logging_mixin.py:190} INFO - [2025-02-19T09:49:04.987+0000] {dag.py:3229} INFO - Sync 1 DAGs
[2025-02-19T09:49:04.999+0000] {logging_mixin.py:190} INFO - [2025-02-19T09:49:04.999+0000] {dag.py:4156} INFO - Setting next_dagrun for example_python_operator to None, run_after=None
[2025-02-19T09:49:05.014+0000] {processor.py:208} INFO - Processing /home/airflow/.local/lib/python3.12/site-packages/airflow/example_dags/example_python_operator.py took 0.065 seconds
[2025-02-19T09:49:35.881+0000] {processor.py:186} INFO - Started process (PID=1489) to work on /home/airflow/.local/lib/python3.12/site-packages/airflow/example_dags/example_python_operator.py
[2025-02-19T09:49:35.882+0000] {processor.py:914} INFO - Processing file /home/airflow/.local/lib/python3.12/site-packages/airflow/example_dags/example_python_operator.py for tasks to queue
[2025-02-19T09:49:35.884+0000] {logging_mixin.py:190} INFO - [2025-02-19T09:49:35.884+0000] {dagbag.py:587} INFO - Filling up the DagBag from /home/airflow/.local/lib/python3.12/site-packages/airflow/example_dags/example_python_operator.py
[2025-02-19T09:49:35.895+0000] {processor.py:925} INFO - DAG(s) 'example_python_operator' retrieved from /home/airflow/.local/lib/python3.12/site-packages/airflow/example_dags/example_python_operator.py
[2025-02-19T09:49:35.916+0000] {logging_mixin.py:190} INFO - [2025-02-19T09:49:35.915+0000] {dag.py:3229} INFO - Sync 1 DAGs
[2025-02-19T09:49:35.927+0000] {logging_mixin.py:190} INFO - [2025-02-19T09:49:35.927+0000] {dag.py:4156} INFO - Setting next_dagrun for example_python_operator to None, run_after=None
[2025-02-19T09:49:35.943+0000] {processor.py:208} INFO - Processing /home/airflow/.local/lib/python3.12/site-packages/airflow/example_dags/example_python_operator.py took 0.066 seconds
[2025-02-19T09:50:06.040+0000] {processor.py:186} INFO - Started process (PID=1553) to work on /home/airflow/.local/lib/python3.12/site-packages/airflow/example_dags/example_python_operator.py
[2025-02-19T09:50:06.042+0000] {processor.py:914} INFO - Processing file /home/airflow/.local/lib/python3.12/site-packages/airflow/example_dags/example_python_operator.py for tasks to queue
[2025-02-19T09:50:06.044+0000] {logging_mixin.py:190} INFO - [2025-02-19T09:50:06.043+0000] {dagbag.py:587} INFO - Filling up the DagBag from /home/airflow/.local/lib/python3.12/site-packages/airflow/example_dags/example_python_operator.py
[2025-02-19T09:50:06.062+0000] {processor.py:925} INFO - DAG(s) 'example_python_operator' retrieved from /home/airflow/.local/lib/python3.12/site-packages/airflow/example_dags/example_python_operator.py
[2025-02-19T09:50:06.084+0000] {logging_mixin.py:190} INFO - [2025-02-19T09:50:06.083+0000] {dag.py:3229} INFO - Sync 1 DAGs
[2025-02-19T09:50:06.097+0000] {logging_mixin.py:190} INFO - [2025-02-19T09:50:06.097+0000] {dag.py:4156} INFO - Setting next_dagrun for example_python_operator to None, run_after=None
[2025-02-19T09:50:06.117+0000] {processor.py:208} INFO - Processing /home/airflow/.local/lib/python3.12/site-packages/airflow/example_dags/example_python_operator.py took 0.081 seconds
[2025-02-19T09:50:36.362+0000] {processor.py:186} INFO - Started process (PID=1617) to work on /home/airflow/.local/lib/python3.12/site-packages/airflow/example_dags/example_python_operator.py
[2025-02-19T09:50:36.363+0000] {processor.py:914} INFO - Processing file /home/airflow/.local/lib/python3.12/site-packages/airflow/example_dags/example_python_operator.py for tasks to queue
[2025-02-19T09:50:36.365+0000] {logging_mixin.py:190} INFO - [2025-02-19T09:50:36.365+0000] {dagbag.py:587} INFO - Filling up the DagBag from /home/airflow/.local/lib/python3.12/site-packages/airflow/example_dags/example_python_operator.py
[2025-02-19T09:50:36.375+0000] {processor.py:925} INFO - DAG(s) 'example_python_operator' retrieved from /home/airflow/.local/lib/python3.12/site-packages/airflow/example_dags/example_python_operator.py
[2025-02-19T09:50:36.395+0000] {logging_mixin.py:190} INFO - [2025-02-19T09:50:36.395+0000] {dag.py:3229} INFO - Sync 1 DAGs
[2025-02-19T09:50:36.408+0000] {logging_mixin.py:190} INFO - [2025-02-19T09:50:36.408+0000] {dag.py:4156} INFO - Setting next_dagrun for example_python_operator to None, run_after=None
[2025-02-19T09:50:36.426+0000] {processor.py:208} INFO - Processing /home/airflow/.local/lib/python3.12/site-packages/airflow/example_dags/example_python_operator.py took 0.069 seconds
[2025-02-19T09:51:06.925+0000] {processor.py:186} INFO - Started process (PID=1681) to work on /home/airflow/.local/lib/python3.12/site-packages/airflow/example_dags/example_python_operator.py
[2025-02-19T09:51:06.926+0000] {processor.py:914} INFO - Processing file /home/airflow/.local/lib/python3.12/site-packages/airflow/example_dags/example_python_operator.py for tasks to queue
[2025-02-19T09:51:06.928+0000] {logging_mixin.py:190} INFO - [2025-02-19T09:51:06.928+0000] {dagbag.py:587} INFO - Filling up the DagBag from /home/airflow/.local/lib/python3.12/site-packages/airflow/example_dags/example_python_operator.py
[2025-02-19T09:51:06.939+0000] {processor.py:925} INFO - DAG(s) 'example_python_operator' retrieved from /home/airflow/.local/lib/python3.12/site-packages/airflow/example_dags/example_python_operator.py
[2025-02-19T09:51:06.960+0000] {logging_mixin.py:190} INFO - [2025-02-19T09:51:06.959+0000] {dag.py:3229} INFO - Sync 1 DAGs
[2025-02-19T09:51:06.972+0000] {logging_mixin.py:190} INFO - [2025-02-19T09:51:06.971+0000] {dag.py:4156} INFO - Setting next_dagrun for example_python_operator to None, run_after=None
[2025-02-19T09:51:06.990+0000] {processor.py:208} INFO - Processing /home/airflow/.local/lib/python3.12/site-packages/airflow/example_dags/example_python_operator.py took 0.070 seconds
[2025-02-19T09:51:37.080+0000] {processor.py:186} INFO - Started process (PID=1745) to work on /home/airflow/.local/lib/python3.12/site-packages/airflow/example_dags/example_python_operator.py
[2025-02-19T09:51:37.082+0000] {processor.py:914} INFO - Processing file /home/airflow/.local/lib/python3.12/site-packages/airflow/example_dags/example_python_operator.py for tasks to queue
[2025-02-19T09:51:37.084+0000] {logging_mixin.py:190} INFO - [2025-02-19T09:51:37.083+0000] {dagbag.py:587} INFO - Filling up the DagBag from /home/airflow/.local/lib/python3.12/site-packages/airflow/example_dags/example_python_operator.py
[2025-02-19T09:51:37.094+0000] {processor.py:925} INFO - DAG(s) 'example_python_operator' retrieved from /home/airflow/.local/lib/python3.12/site-packages/airflow/example_dags/example_python_operator.py
[2025-02-19T09:51:37.114+0000] {logging_mixin.py:190} INFO - [2025-02-19T09:51:37.114+0000] {dag.py:3229} INFO - Sync 1 DAGs
[2025-02-19T09:51:37.126+0000] {logging_mixin.py:190} INFO - [2025-02-19T09:51:37.126+0000] {dag.py:4156} INFO - Setting next_dagrun for example_python_operator to None, run_after=None
[2025-02-19T09:51:37.142+0000] {processor.py:208} INFO - Processing /home/airflow/.local/lib/python3.12/site-packages/airflow/example_dags/example_python_operator.py took 0.066 seconds
[2025-02-19T09:52:07.358+0000] {processor.py:186} INFO - Started process (PID=1809) to work on /home/airflow/.local/lib/python3.12/site-packages/airflow/example_dags/example_python_operator.py
[2025-02-19T09:52:07.359+0000] {processor.py:914} INFO - Processing file /home/airflow/.local/lib/python3.12/site-packages/airflow/example_dags/example_python_operator.py for tasks to queue
[2025-02-19T09:52:07.361+0000] {logging_mixin.py:190} INFO - [2025-02-19T09:52:07.361+0000] {dagbag.py:587} INFO - Filling up the DagBag from /home/airflow/.local/lib/python3.12/site-packages/airflow/example_dags/example_python_operator.py
[2025-02-19T09:52:07.372+0000] {processor.py:925} INFO - DAG(s) 'example_python_operator' retrieved from /home/airflow/.local/lib/python3.12/site-packages/airflow/example_dags/example_python_operator.py
[2025-02-19T09:52:07.393+0000] {logging_mixin.py:190} INFO - [2025-02-19T09:52:07.392+0000] {dag.py:3229} INFO - Sync 1 DAGs
[2025-02-19T09:52:07.405+0000] {logging_mixin.py:190} INFO - [2025-02-19T09:52:07.404+0000] {dag.py:4156} INFO - Setting next_dagrun for example_python_operator to None, run_after=None
[2025-02-19T09:52:07.423+0000] {processor.py:208} INFO - Processing /home/airflow/.local/lib/python3.12/site-packages/airflow/example_dags/example_python_operator.py took 0.069 seconds
[2025-02-19T09:52:37.639+0000] {processor.py:186} INFO - Started process (PID=1873) to work on /home/airflow/.local/lib/python3.12/site-packages/airflow/example_dags/example_python_operator.py
[2025-02-19T09:52:37.641+0000] {processor.py:914} INFO - Processing file /home/airflow/.local/lib/python3.12/site-packages/airflow/example_dags/example_python_operator.py for tasks to queue
[2025-02-19T09:52:37.642+0000] {logging_mixin.py:190} INFO - [2025-02-19T09:52:37.642+0000] {dagbag.py:587} INFO - Filling up the DagBag from /home/airflow/.local/lib/python3.12/site-packages/airflow/example_dags/example_python_operator.py
[2025-02-19T09:52:37.653+0000] {processor.py:925} INFO - DAG(s) 'example_python_operator' retrieved from /home/airflow/.local/lib/python3.12/site-packages/airflow/example_dags/example_python_operator.py
[2025-02-19T09:52:37.673+0000] {logging_mixin.py:190} INFO - [2025-02-19T09:52:37.672+0000] {dag.py:3229} INFO - Sync 1 DAGs
[2025-02-19T09:52:37.684+0000] {logging_mixin.py:190} INFO - [2025-02-19T09:52:37.684+0000] {dag.py:4156} INFO - Setting next_dagrun for example_python_operator to None, run_after=None
[2025-02-19T09:52:37.698+0000] {processor.py:208} INFO - Processing /home/airflow/.local/lib/python3.12/site-packages/airflow/example_dags/example_python_operator.py took 0.064 seconds
[2025-02-19T09:53:07.969+0000] {processor.py:186} INFO - Started process (PID=1937) to work on /home/airflow/.local/lib/python3.12/site-packages/airflow/example_dags/example_python_operator.py
[2025-02-19T09:53:07.970+0000] {processor.py:914} INFO - Processing file /home/airflow/.local/lib/python3.12/site-packages/airflow/example_dags/example_python_operator.py for tasks to queue
[2025-02-19T09:53:07.972+0000] {logging_mixin.py:190} INFO - [2025-02-19T09:53:07.972+0000] {dagbag.py:587} INFO - Filling up the DagBag from /home/airflow/.local/lib/python3.12/site-packages/airflow/example_dags/example_python_operator.py
[2025-02-19T09:53:07.983+0000] {processor.py:925} INFO - DAG(s) 'example_python_operator' retrieved from /home/airflow/.local/lib/python3.12/site-packages/airflow/example_dags/example_python_operator.py
[2025-02-19T09:53:08.003+0000] {logging_mixin.py:190} INFO - [2025-02-19T09:53:08.002+0000] {dag.py:3229} INFO - Sync 1 DAGs
[2025-02-19T09:53:08.015+0000] {logging_mixin.py:190} INFO - [2025-02-19T09:53:08.014+0000] {dag.py:4156} INFO - Setting next_dagrun for example_python_operator to None, run_after=None
[2025-02-19T09:53:08.031+0000] {processor.py:208} INFO - Processing /home/airflow/.local/lib/python3.12/site-packages/airflow/example_dags/example_python_operator.py took 0.067 seconds
[2025-02-19T09:53:38.466+0000] {processor.py:186} INFO - Started process (PID=2001) to work on /home/airflow/.local/lib/python3.12/site-packages/airflow/example_dags/example_python_operator.py
[2025-02-19T09:53:38.467+0000] {processor.py:914} INFO - Processing file /home/airflow/.local/lib/python3.12/site-packages/airflow/example_dags/example_python_operator.py for tasks to queue
[2025-02-19T09:53:38.469+0000] {logging_mixin.py:190} INFO - [2025-02-19T09:53:38.469+0000] {dagbag.py:587} INFO - Filling up the DagBag from /home/airflow/.local/lib/python3.12/site-packages/airflow/example_dags/example_python_operator.py
[2025-02-19T09:53:38.479+0000] {processor.py:925} INFO - DAG(s) 'example_python_operator' retrieved from /home/airflow/.local/lib/python3.12/site-packages/airflow/example_dags/example_python_operator.py
[2025-02-19T09:53:38.498+0000] {logging_mixin.py:190} INFO - [2025-02-19T09:53:38.497+0000] {dag.py:3229} INFO - Sync 1 DAGs
[2025-02-19T09:53:38.510+0000] {logging_mixin.py:190} INFO - [2025-02-19T09:53:38.510+0000] {dag.py:4156} INFO - Setting next_dagrun for example_python_operator to None, run_after=None
[2025-02-19T09:53:38.525+0000] {processor.py:208} INFO - Processing /home/airflow/.local/lib/python3.12/site-packages/airflow/example_dags/example_python_operator.py took 0.064 seconds
[2025-02-19T09:54:08.661+0000] {processor.py:186} INFO - Started process (PID=2065) to work on /home/airflow/.local/lib/python3.12/site-packages/airflow/example_dags/example_python_operator.py
[2025-02-19T09:54:08.662+0000] {processor.py:914} INFO - Processing file /home/airflow/.local/lib/python3.12/site-packages/airflow/example_dags/example_python_operator.py for tasks to queue
[2025-02-19T09:54:08.664+0000] {logging_mixin.py:190} INFO - [2025-02-19T09:54:08.664+0000] {dagbag.py:587} INFO - Filling up the DagBag from /home/airflow/.local/lib/python3.12/site-packages/airflow/example_dags/example_python_operator.py
[2025-02-19T09:54:08.675+0000] {processor.py:925} INFO - DAG(s) 'example_python_operator' retrieved from /home/airflow/.local/lib/python3.12/site-packages/airflow/example_dags/example_python_operator.py
[2025-02-19T09:54:08.696+0000] {logging_mixin.py:190} INFO - [2025-02-19T09:54:08.695+0000] {dag.py:3229} INFO - Sync 1 DAGs
[2025-02-19T09:54:08.709+0000] {logging_mixin.py:190} INFO - [2025-02-19T09:54:08.709+0000] {dag.py:4156} INFO - Setting next_dagrun for example_python_operator to None, run_after=None
[2025-02-19T09:54:08.729+0000] {processor.py:208} INFO - Processing /home/airflow/.local/lib/python3.12/site-packages/airflow/example_dags/example_python_operator.py took 0.073 seconds
[2025-02-19T09:54:39.058+0000] {processor.py:186} INFO - Started process (PID=2129) to work on /home/airflow/.local/lib/python3.12/site-packages/airflow/example_dags/example_python_operator.py
[2025-02-19T09:54:39.059+0000] {processor.py:914} INFO - Processing file /home/airflow/.local/lib/python3.12/site-packages/airflow/example_dags/example_python_operator.py for tasks to queue
[2025-02-19T09:54:39.061+0000] {logging_mixin.py:190} INFO - [2025-02-19T09:54:39.061+0000] {dagbag.py:587} INFO - Filling up the DagBag from /home/airflow/.local/lib/python3.12/site-packages/airflow/example_dags/example_python_operator.py
[2025-02-19T09:54:39.072+0000] {processor.py:925} INFO - DAG(s) 'example_python_operator' retrieved from /home/airflow/.local/lib/python3.12/site-packages/airflow/example_dags/example_python_operator.py
[2025-02-19T09:54:39.091+0000] {logging_mixin.py:190} INFO - [2025-02-19T09:54:39.091+0000] {dag.py:3229} INFO - Sync 1 DAGs
[2025-02-19T09:54:39.102+0000] {logging_mixin.py:190} INFO - [2025-02-19T09:54:39.102+0000] {dag.py:4156} INFO - Setting next_dagrun for example_python_operator to None, run_after=None
[2025-02-19T09:54:39.119+0000] {processor.py:208} INFO - Processing /home/airflow/.local/lib/python3.12/site-packages/airflow/example_dags/example_python_operator.py took 0.066 seconds
[2025-02-19T09:55:09.298+0000] {processor.py:186} INFO - Started process (PID=2193) to work on /home/airflow/.local/lib/python3.12/site-packages/airflow/example_dags/example_python_operator.py
[2025-02-19T09:55:09.299+0000] {processor.py:914} INFO - Processing file /home/airflow/.local/lib/python3.12/site-packages/airflow/example_dags/example_python_operator.py for tasks to queue
[2025-02-19T09:55:09.301+0000] {logging_mixin.py:190} INFO - [2025-02-19T09:55:09.301+0000] {dagbag.py:587} INFO - Filling up the DagBag from /home/airflow/.local/lib/python3.12/site-packages/airflow/example_dags/example_python_operator.py
[2025-02-19T09:55:09.313+0000] {processor.py:925} INFO - DAG(s) 'example_python_operator' retrieved from /home/airflow/.local/lib/python3.12/site-packages/airflow/example_dags/example_python_operator.py
[2025-02-19T09:55:09.334+0000] {logging_mixin.py:190} INFO - [2025-02-19T09:55:09.334+0000] {dag.py:3229} INFO - Sync 1 DAGs
[2025-02-19T09:55:09.348+0000] {logging_mixin.py:190} INFO - [2025-02-19T09:55:09.347+0000] {dag.py:4156} INFO - Setting next_dagrun for example_python_operator to None, run_after=None
[2025-02-19T09:55:09.362+0000] {processor.py:208} INFO - Processing /home/airflow/.local/lib/python3.12/site-packages/airflow/example_dags/example_python_operator.py took 0.069 seconds
[2025-02-19T09:55:39.619+0000] {processor.py:186} INFO - Started process (PID=2257) to work on /home/airflow/.local/lib/python3.12/site-packages/airflow/example_dags/example_python_operator.py
[2025-02-19T09:55:39.620+0000] {processor.py:914} INFO - Processing file /home/airflow/.local/lib/python3.12/site-packages/airflow/example_dags/example_python_operator.py for tasks to queue
[2025-02-19T09:55:39.622+0000] {logging_mixin.py:190} INFO - [2025-02-19T09:55:39.621+0000] {dagbag.py:587} INFO - Filling up the DagBag from /home/airflow/.local/lib/python3.12/site-packages/airflow/example_dags/example_python_operator.py
[2025-02-19T09:55:39.632+0000] {processor.py:925} INFO - DAG(s) 'example_python_operator' retrieved from /home/airflow/.local/lib/python3.12/site-packages/airflow/example_dags/example_python_operator.py
[2025-02-19T09:55:39.653+0000] {logging_mixin.py:190} INFO - [2025-02-19T09:55:39.653+0000] {dag.py:3229} INFO - Sync 1 DAGs
[2025-02-19T09:55:39.666+0000] {logging_mixin.py:190} INFO - [2025-02-19T09:55:39.666+0000] {dag.py:4156} INFO - Setting next_dagrun for example_python_operator to None, run_after=None
[2025-02-19T09:55:39.691+0000] {processor.py:208} INFO - Processing /home/airflow/.local/lib/python3.12/site-packages/airflow/example_dags/example_python_operator.py took 0.078 seconds
[2025-02-19T09:56:10.130+0000] {processor.py:186} INFO - Started process (PID=2321) to work on /home/airflow/.local/lib/python3.12/site-packages/airflow/example_dags/example_python_operator.py
[2025-02-19T09:56:10.132+0000] {processor.py:914} INFO - Processing file /home/airflow/.local/lib/python3.12/site-packages/airflow/example_dags/example_python_operator.py for tasks to queue
[2025-02-19T09:56:10.134+0000] {logging_mixin.py:190} INFO - [2025-02-19T09:56:10.134+0000] {dagbag.py:587} INFO - Filling up the DagBag from /home/airflow/.local/lib/python3.12/site-packages/airflow/example_dags/example_python_operator.py
[2025-02-19T09:56:10.145+0000] {processor.py:925} INFO - DAG(s) 'example_python_operator' retrieved from /home/airflow/.local/lib/python3.12/site-packages/airflow/example_dags/example_python_operator.py
[2025-02-19T09:56:10.165+0000] {logging_mixin.py:190} INFO - [2025-02-19T09:56:10.165+0000] {dag.py:3229} INFO - Sync 1 DAGs
[2025-02-19T09:56:10.177+0000] {logging_mixin.py:190} INFO - [2025-02-19T09:56:10.177+0000] {dag.py:4156} INFO - Setting next_dagrun for example_python_operator to None, run_after=None
[2025-02-19T09:56:10.195+0000] {processor.py:208} INFO - Processing /home/airflow/.local/lib/python3.12/site-packages/airflow/example_dags/example_python_operator.py took 0.070 seconds
[2025-02-19T09:56:40.328+0000] {processor.py:186} INFO - Started process (PID=2386) to work on /home/airflow/.local/lib/python3.12/site-packages/airflow/example_dags/example_python_operator.py
[2025-02-19T09:56:40.330+0000] {processor.py:914} INFO - Processing file /home/airflow/.local/lib/python3.12/site-packages/airflow/example_dags/example_python_operator.py for tasks to queue
[2025-02-19T09:56:40.332+0000] {logging_mixin.py:190} INFO - [2025-02-19T09:56:40.332+0000] {dagbag.py:587} INFO - Filling up the DagBag from /home/airflow/.local/lib/python3.12/site-packages/airflow/example_dags/example_python_operator.py
[2025-02-19T09:56:40.343+0000] {processor.py:925} INFO - DAG(s) 'example_python_operator' retrieved from /home/airflow/.local/lib/python3.12/site-packages/airflow/example_dags/example_python_operator.py
[2025-02-19T09:56:40.365+0000] {logging_mixin.py:190} INFO - [2025-02-19T09:56:40.364+0000] {dag.py:3229} INFO - Sync 1 DAGs
[2025-02-19T09:56:40.379+0000] {logging_mixin.py:190} INFO - [2025-02-19T09:56:40.379+0000] {dag.py:4156} INFO - Setting next_dagrun for example_python_operator to None, run_after=None
[2025-02-19T09:56:40.406+0000] {processor.py:208} INFO - Processing /home/airflow/.local/lib/python3.12/site-packages/airflow/example_dags/example_python_operator.py took 0.082 seconds
[2025-02-19T09:57:10.646+0000] {processor.py:186} INFO - Started process (PID=2450) to work on /home/airflow/.local/lib/python3.12/site-packages/airflow/example_dags/example_python_operator.py
[2025-02-19T09:57:10.647+0000] {processor.py:914} INFO - Processing file /home/airflow/.local/lib/python3.12/site-packages/airflow/example_dags/example_python_operator.py for tasks to queue
[2025-02-19T09:57:10.649+0000] {logging_mixin.py:190} INFO - [2025-02-19T09:57:10.649+0000] {dagbag.py:587} INFO - Filling up the DagBag from /home/airflow/.local/lib/python3.12/site-packages/airflow/example_dags/example_python_operator.py
[2025-02-19T09:57:10.659+0000] {processor.py:925} INFO - DAG(s) 'example_python_operator' retrieved from /home/airflow/.local/lib/python3.12/site-packages/airflow/example_dags/example_python_operator.py
[2025-02-19T09:57:10.679+0000] {logging_mixin.py:190} INFO - [2025-02-19T09:57:10.679+0000] {dag.py:3229} INFO - Sync 1 DAGs
[2025-02-19T09:57:10.691+0000] {logging_mixin.py:190} INFO - [2025-02-19T09:57:10.691+0000] {dag.py:4156} INFO - Setting next_dagrun for example_python_operator to None, run_after=None
[2025-02-19T09:57:10.706+0000] {processor.py:208} INFO - Processing /home/airflow/.local/lib/python3.12/site-packages/airflow/example_dags/example_python_operator.py took 0.065 seconds
[2025-02-19T09:57:41.143+0000] {processor.py:186} INFO - Started process (PID=2515) to work on /home/airflow/.local/lib/python3.12/site-packages/airflow/example_dags/example_python_operator.py
[2025-02-19T09:57:41.144+0000] {processor.py:914} INFO - Processing file /home/airflow/.local/lib/python3.12/site-packages/airflow/example_dags/example_python_operator.py for tasks to queue
[2025-02-19T09:57:41.146+0000] {logging_mixin.py:190} INFO - [2025-02-19T09:57:41.145+0000] {dagbag.py:587} INFO - Filling up the DagBag from /home/airflow/.local/lib/python3.12/site-packages/airflow/example_dags/example_python_operator.py
[2025-02-19T09:57:41.157+0000] {processor.py:925} INFO - DAG(s) 'example_python_operator' retrieved from /home/airflow/.local/lib/python3.12/site-packages/airflow/example_dags/example_python_operator.py
[2025-02-19T09:57:41.178+0000] {logging_mixin.py:190} INFO - [2025-02-19T09:57:41.178+0000] {dag.py:3229} INFO - Sync 1 DAGs
[2025-02-19T09:57:41.190+0000] {logging_mixin.py:190} INFO - [2025-02-19T09:57:41.189+0000] {dag.py:4156} INFO - Setting next_dagrun for example_python_operator to None, run_after=None
[2025-02-19T09:57:41.207+0000] {processor.py:208} INFO - Processing /home/airflow/.local/lib/python3.12/site-packages/airflow/example_dags/example_python_operator.py took 0.069 seconds
[2025-02-19T09:58:11.492+0000] {processor.py:186} INFO - Started process (PID=2580) to work on /home/airflow/.local/lib/python3.12/site-packages/airflow/example_dags/example_python_operator.py
[2025-02-19T09:58:11.493+0000] {processor.py:914} INFO - Processing file /home/airflow/.local/lib/python3.12/site-packages/airflow/example_dags/example_python_operator.py for tasks to queue
[2025-02-19T09:58:11.495+0000] {logging_mixin.py:190} INFO - [2025-02-19T09:58:11.495+0000] {dagbag.py:587} INFO - Filling up the DagBag from /home/airflow/.local/lib/python3.12/site-packages/airflow/example_dags/example_python_operator.py
[2025-02-19T09:58:11.507+0000] {processor.py:925} INFO - DAG(s) 'example_python_operator' retrieved from /home/airflow/.local/lib/python3.12/site-packages/airflow/example_dags/example_python_operator.py
[2025-02-19T09:58:11.529+0000] {logging_mixin.py:190} INFO - [2025-02-19T09:58:11.528+0000] {dag.py:3229} INFO - Sync 1 DAGs
[2025-02-19T09:58:11.543+0000] {logging_mixin.py:190} INFO - [2025-02-19T09:58:11.543+0000] {dag.py:4156} INFO - Setting next_dagrun for example_python_operator to None, run_after=None
[2025-02-19T09:58:11.564+0000] {processor.py:208} INFO - Processing /home/airflow/.local/lib/python3.12/site-packages/airflow/example_dags/example_python_operator.py took 0.078 seconds
[2025-02-19T09:58:41.879+0000] {processor.py:186} INFO - Started process (PID=2649) to work on /home/airflow/.local/lib/python3.12/site-packages/airflow/example_dags/example_python_operator.py
[2025-02-19T09:58:41.881+0000] {processor.py:914} INFO - Processing file /home/airflow/.local/lib/python3.12/site-packages/airflow/example_dags/example_python_operator.py for tasks to queue
[2025-02-19T09:58:41.883+0000] {logging_mixin.py:190} INFO - [2025-02-19T09:58:41.882+0000] {dagbag.py:587} INFO - Filling up the DagBag from /home/airflow/.local/lib/python3.12/site-packages/airflow/example_dags/example_python_operator.py
[2025-02-19T09:58:41.894+0000] {processor.py:925} INFO - DAG(s) 'example_python_operator' retrieved from /home/airflow/.local/lib/python3.12/site-packages/airflow/example_dags/example_python_operator.py
[2025-02-19T09:58:41.913+0000] {logging_mixin.py:190} INFO - [2025-02-19T09:58:41.913+0000] {dag.py:3229} INFO - Sync 1 DAGs
[2025-02-19T09:58:41.926+0000] {logging_mixin.py:190} INFO - [2025-02-19T09:58:41.926+0000] {dag.py:4156} INFO - Setting next_dagrun for example_python_operator to None, run_after=None
[2025-02-19T09:58:41.941+0000] {processor.py:208} INFO - Processing /home/airflow/.local/lib/python3.12/site-packages/airflow/example_dags/example_python_operator.py took 0.067 seconds
[2025-02-19T09:59:12.183+0000] {processor.py:186} INFO - Started process (PID=2713) to work on /home/airflow/.local/lib/python3.12/site-packages/airflow/example_dags/example_python_operator.py
[2025-02-19T09:59:12.184+0000] {processor.py:914} INFO - Processing file /home/airflow/.local/lib/python3.12/site-packages/airflow/example_dags/example_python_operator.py for tasks to queue
[2025-02-19T09:59:12.187+0000] {logging_mixin.py:190} INFO - [2025-02-19T09:59:12.186+0000] {dagbag.py:587} INFO - Filling up the DagBag from /home/airflow/.local/lib/python3.12/site-packages/airflow/example_dags/example_python_operator.py
[2025-02-19T09:59:12.198+0000] {processor.py:925} INFO - DAG(s) 'example_python_operator' retrieved from /home/airflow/.local/lib/python3.12/site-packages/airflow/example_dags/example_python_operator.py
[2025-02-19T09:59:12.219+0000] {logging_mixin.py:190} INFO - [2025-02-19T09:59:12.218+0000] {dag.py:3229} INFO - Sync 1 DAGs
[2025-02-19T09:59:12.231+0000] {logging_mixin.py:190} INFO - [2025-02-19T09:59:12.231+0000] {dag.py:4156} INFO - Setting next_dagrun for example_python_operator to None, run_after=None
[2025-02-19T09:59:12.249+0000] {processor.py:208} INFO - Processing /home/airflow/.local/lib/python3.12/site-packages/airflow/example_dags/example_python_operator.py took 0.071 seconds
[2025-02-19T10:23:11.320+0000] {logging_mixin.py:190} INFO - [2025-02-19T10:23:11.320+0000] {settings.py:475} DEBUG - Setting up DB connection pool (PID 56)
[2025-02-19T10:23:11.321+0000] {logging_mixin.py:190} INFO - [2025-02-19T10:23:11.321+0000] {settings.py:579} DEBUG - settings.prepare_engine_args(): Using pool settings. pool_size=5, max_overflow=10, pool_recycle=1800, pid=56
[2025-02-19T10:23:11.326+0000] {processor.py:186} INFO - Started process (PID=56) to work on /home/airflow/.local/lib/python3.12/site-packages/airflow/example_dags/example_python_operator.py
[2025-02-19T10:23:11.327+0000] {processor.py:914} INFO - Processing file /home/airflow/.local/lib/python3.12/site-packages/airflow/example_dags/example_python_operator.py for tasks to queue
[2025-02-19T10:23:11.328+0000] {logging_mixin.py:190} INFO - [2025-02-19T10:23:11.327+0000] {dagbag.py:587} INFO - Filling up the DagBag from /home/airflow/.local/lib/python3.12/site-packages/airflow/example_dags/example_python_operator.py
[2025-02-19T10:23:11.328+0000] {logging_mixin.py:190} INFO - [2025-02-19T10:23:11.328+0000] {dagbag.py:368} DEBUG - Importing /home/airflow/.local/lib/python3.12/site-packages/airflow/example_dags/example_python_operator.py
[2025-02-19T10:23:11.346+0000] {logging_mixin.py:190} INFO - [2025-02-19T10:23:11.345+0000] {dagbag.py:553} DEBUG - Loaded DAG <DAG: example_python_operator>
[2025-02-19T10:23:11.346+0000] {processor.py:925} INFO - DAG(s) 'example_python_operator' retrieved from /home/airflow/.local/lib/python3.12/site-packages/airflow/example_dags/example_python_operator.py
[2025-02-19T10:23:11.347+0000] {logging_mixin.py:190} INFO - [2025-02-19T10:23:11.347+0000] {dagbag.py:710} DEBUG - Running dagbag.sync_to_db with retries. Try 1 of 3
[2025-02-19T10:23:11.347+0000] {logging_mixin.py:190} INFO - [2025-02-19T10:23:11.347+0000] {dagbag.py:715} DEBUG - Calling the DAG.bulk_sync_to_db method
[2025-02-19T10:23:11.359+0000] {logging_mixin.py:190} INFO - [2025-02-19T10:23:11.359+0000] {serialized_dag.py:168} DEBUG - Checking if DAG (example_python_operator) changed
[2025-02-19T10:23:11.377+0000] {logging_mixin.py:190} INFO - [2025-02-19T10:23:11.377+0000] {serialized_dag.py:182} DEBUG - Writing Serialized DAG: example_python_operator to the DB
[2025-02-19T10:23:11.382+0000] {logging_mixin.py:190} INFO - [2025-02-19T10:23:11.381+0000] {serialized_dag.py:184} DEBUG - DAG: example_python_operator written to the DB
[2025-02-19T10:23:11.382+0000] {logging_mixin.py:190} INFO - [2025-02-19T10:23:11.382+0000] {dagbag.py:744} DEBUG - Syncing DAG permissions: example_python_operator to the DB
[2025-02-19T10:23:11.581+0000] {logging_mixin.py:190} INFO - [2025-02-19T10:23:11.580+0000] {override.py:1129} DEBUG - Not syncing DAG-level permissions for DAG 'example_python_operator' as access control is unset.
[2025-02-19T10:23:11.581+0000] {logging_mixin.py:190} INFO - [2025-02-19T10:23:11.581+0000] {dag.py:3229} INFO - Sync 1 DAGs
[2025-02-19T10:23:11.594+0000] {logging_mixin.py:190} INFO - [2025-02-19T10:23:11.594+0000] {dag.py:4156} INFO - Setting next_dagrun for example_python_operator to None, run_after=None
[2025-02-19T10:23:11.614+0000] {processor.py:208} INFO - Processing /home/airflow/.local/lib/python3.12/site-packages/airflow/example_dags/example_python_operator.py took 0.294 seconds
[2025-02-19T10:23:48.556+0000] {logging_mixin.py:190} INFO - [2025-02-19T10:23:48.555+0000] {settings.py:475} DEBUG - Setting up DB connection pool (PID 126)
[2025-02-19T10:23:48.566+0000] {logging_mixin.py:190} INFO - [2025-02-19T10:23:48.565+0000] {settings.py:579} DEBUG - settings.prepare_engine_args(): Using pool settings. pool_size=5, max_overflow=10, pool_recycle=1800, pid=126
[2025-02-19T10:23:48.570+0000] {processor.py:186} INFO - Started process (PID=126) to work on /home/airflow/.local/lib/python3.12/site-packages/airflow/example_dags/example_python_operator.py
[2025-02-19T10:23:48.571+0000] {processor.py:914} INFO - Processing file /home/airflow/.local/lib/python3.12/site-packages/airflow/example_dags/example_python_operator.py for tasks to queue
[2025-02-19T10:23:48.571+0000] {logging_mixin.py:190} INFO - [2025-02-19T10:23:48.571+0000] {dagbag.py:587} INFO - Filling up the DagBag from /home/airflow/.local/lib/python3.12/site-packages/airflow/example_dags/example_python_operator.py
[2025-02-19T10:23:48.572+0000] {logging_mixin.py:190} INFO - [2025-02-19T10:23:48.572+0000] {dagbag.py:368} DEBUG - Importing /home/airflow/.local/lib/python3.12/site-packages/airflow/example_dags/example_python_operator.py
[2025-02-19T10:23:48.584+0000] {logging_mixin.py:190} INFO - [2025-02-19T10:23:48.583+0000] {dagbag.py:553} DEBUG - Loaded DAG <DAG: example_python_operator>
[2025-02-19T10:23:48.584+0000] {processor.py:925} INFO - DAG(s) 'example_python_operator' retrieved from /home/airflow/.local/lib/python3.12/site-packages/airflow/example_dags/example_python_operator.py
[2025-02-19T10:23:48.585+0000] {logging_mixin.py:190} INFO - [2025-02-19T10:23:48.585+0000] {dagbag.py:710} DEBUG - Running dagbag.sync_to_db with retries. Try 1 of 3
[2025-02-19T10:23:48.585+0000] {logging_mixin.py:190} INFO - [2025-02-19T10:23:48.585+0000] {dagbag.py:715} DEBUG - Calling the DAG.bulk_sync_to_db method
[2025-02-19T10:23:48.596+0000] {logging_mixin.py:190} INFO - [2025-02-19T10:23:48.596+0000] {serialized_dag.py:168} DEBUG - Checking if DAG (example_python_operator) changed
[2025-02-19T10:23:48.611+0000] {logging_mixin.py:190} INFO - [2025-02-19T10:23:48.610+0000] {serialized_dag.py:179} DEBUG - Serialized DAG (example_python_operator) is unchanged. Skipping writing to DB
[2025-02-19T10:23:48.611+0000] {logging_mixin.py:190} INFO - [2025-02-19T10:23:48.611+0000] {dag.py:3229} INFO - Sync 1 DAGs
[2025-02-19T10:23:48.627+0000] {logging_mixin.py:190} INFO - [2025-02-19T10:23:48.627+0000] {dag.py:4156} INFO - Setting next_dagrun for example_python_operator to None, run_after=None
[2025-02-19T10:23:48.933+0000] {processor.py:208} INFO - Processing /home/airflow/.local/lib/python3.12/site-packages/airflow/example_dags/example_python_operator.py took 0.378 seconds
[2025-02-19T10:24:19.725+0000] {logging_mixin.py:190} INFO - [2025-02-19T10:24:19.724+0000] {settings.py:475} DEBUG - Setting up DB connection pool (PID 184)
[2025-02-19T10:24:19.726+0000] {logging_mixin.py:190} INFO - [2025-02-19T10:24:19.726+0000] {settings.py:579} DEBUG - settings.prepare_engine_args(): Using pool settings. pool_size=5, max_overflow=10, pool_recycle=1800, pid=184
[2025-02-19T10:24:19.730+0000] {processor.py:186} INFO - Started process (PID=184) to work on /home/airflow/.local/lib/python3.12/site-packages/airflow/example_dags/example_python_operator.py
[2025-02-19T10:24:19.731+0000] {processor.py:914} INFO - Processing file /home/airflow/.local/lib/python3.12/site-packages/airflow/example_dags/example_python_operator.py for tasks to queue
[2025-02-19T10:24:19.732+0000] {logging_mixin.py:190} INFO - [2025-02-19T10:24:19.731+0000] {dagbag.py:587} INFO - Filling up the DagBag from /home/airflow/.local/lib/python3.12/site-packages/airflow/example_dags/example_python_operator.py
[2025-02-19T10:24:19.733+0000] {logging_mixin.py:190} INFO - [2025-02-19T10:24:19.732+0000] {dagbag.py:368} DEBUG - Importing /home/airflow/.local/lib/python3.12/site-packages/airflow/example_dags/example_python_operator.py
[2025-02-19T10:24:19.744+0000] {logging_mixin.py:190} INFO - [2025-02-19T10:24:19.743+0000] {dagbag.py:553} DEBUG - Loaded DAG <DAG: example_python_operator>
[2025-02-19T10:24:19.745+0000] {processor.py:925} INFO - DAG(s) 'example_python_operator' retrieved from /home/airflow/.local/lib/python3.12/site-packages/airflow/example_dags/example_python_operator.py
[2025-02-19T10:24:19.745+0000] {logging_mixin.py:190} INFO - [2025-02-19T10:24:19.745+0000] {dagbag.py:710} DEBUG - Running dagbag.sync_to_db with retries. Try 1 of 3
[2025-02-19T10:24:19.746+0000] {logging_mixin.py:190} INFO - [2025-02-19T10:24:19.745+0000] {dagbag.py:715} DEBUG - Calling the DAG.bulk_sync_to_db method
[2025-02-19T10:24:19.756+0000] {logging_mixin.py:190} INFO - [2025-02-19T10:24:19.756+0000] {serialized_dag.py:168} DEBUG - Checking if DAG (example_python_operator) changed
[2025-02-19T10:24:19.767+0000] {logging_mixin.py:190} INFO - [2025-02-19T10:24:19.766+0000] {serialized_dag.py:179} DEBUG - Serialized DAG (example_python_operator) is unchanged. Skipping writing to DB
[2025-02-19T10:24:19.767+0000] {logging_mixin.py:190} INFO - [2025-02-19T10:24:19.767+0000] {dag.py:3229} INFO - Sync 1 DAGs
[2025-02-19T10:24:19.780+0000] {logging_mixin.py:190} INFO - [2025-02-19T10:24:19.780+0000] {dag.py:4156} INFO - Setting next_dagrun for example_python_operator to None, run_after=None
[2025-02-19T10:24:19.799+0000] {processor.py:208} INFO - Processing /home/airflow/.local/lib/python3.12/site-packages/airflow/example_dags/example_python_operator.py took 0.074 seconds
[2025-02-19T10:24:50.627+0000] {logging_mixin.py:190} INFO - [2025-02-19T10:24:50.627+0000] {settings.py:475} DEBUG - Setting up DB connection pool (PID 253)
[2025-02-19T10:24:50.629+0000] {logging_mixin.py:190} INFO - [2025-02-19T10:24:50.628+0000] {settings.py:579} DEBUG - settings.prepare_engine_args(): Using pool settings. pool_size=5, max_overflow=10, pool_recycle=1800, pid=253
[2025-02-19T10:24:50.634+0000] {processor.py:186} INFO - Started process (PID=253) to work on /home/airflow/.local/lib/python3.12/site-packages/airflow/example_dags/example_python_operator.py
[2025-02-19T10:24:50.634+0000] {processor.py:914} INFO - Processing file /home/airflow/.local/lib/python3.12/site-packages/airflow/example_dags/example_python_operator.py for tasks to queue
[2025-02-19T10:24:50.635+0000] {logging_mixin.py:190} INFO - [2025-02-19T10:24:50.635+0000] {dagbag.py:587} INFO - Filling up the DagBag from /home/airflow/.local/lib/python3.12/site-packages/airflow/example_dags/example_python_operator.py
[2025-02-19T10:24:50.636+0000] {logging_mixin.py:190} INFO - [2025-02-19T10:24:50.636+0000] {dagbag.py:368} DEBUG - Importing /home/airflow/.local/lib/python3.12/site-packages/airflow/example_dags/example_python_operator.py
[2025-02-19T10:24:50.650+0000] {logging_mixin.py:190} INFO - [2025-02-19T10:24:50.649+0000] {dagbag.py:553} DEBUG - Loaded DAG <DAG: example_python_operator>
[2025-02-19T10:24:50.650+0000] {processor.py:925} INFO - DAG(s) 'example_python_operator' retrieved from /home/airflow/.local/lib/python3.12/site-packages/airflow/example_dags/example_python_operator.py
[2025-02-19T10:24:50.651+0000] {logging_mixin.py:190} INFO - [2025-02-19T10:24:50.651+0000] {dagbag.py:710} DEBUG - Running dagbag.sync_to_db with retries. Try 1 of 3
[2025-02-19T10:24:50.651+0000] {logging_mixin.py:190} INFO - [2025-02-19T10:24:50.651+0000] {dagbag.py:715} DEBUG - Calling the DAG.bulk_sync_to_db method
[2025-02-19T10:24:50.663+0000] {logging_mixin.py:190} INFO - [2025-02-19T10:24:50.662+0000] {serialized_dag.py:168} DEBUG - Checking if DAG (example_python_operator) changed
[2025-02-19T10:24:50.673+0000] {logging_mixin.py:190} INFO - [2025-02-19T10:24:50.672+0000] {serialized_dag.py:179} DEBUG - Serialized DAG (example_python_operator) is unchanged. Skipping writing to DB
[2025-02-19T10:24:50.673+0000] {logging_mixin.py:190} INFO - [2025-02-19T10:24:50.673+0000] {dag.py:3229} INFO - Sync 1 DAGs
[2025-02-19T10:24:50.686+0000] {logging_mixin.py:190} INFO - [2025-02-19T10:24:50.686+0000] {dag.py:4156} INFO - Setting next_dagrun for example_python_operator to None, run_after=None
[2025-02-19T10:24:50.706+0000] {processor.py:208} INFO - Processing /home/airflow/.local/lib/python3.12/site-packages/airflow/example_dags/example_python_operator.py took 0.080 seconds
[2025-02-19T10:25:20.807+0000] {logging_mixin.py:190} INFO - [2025-02-19T10:25:20.807+0000] {settings.py:475} DEBUG - Setting up DB connection pool (PID 317)
[2025-02-19T10:25:20.808+0000] {logging_mixin.py:190} INFO - [2025-02-19T10:25:20.808+0000] {settings.py:579} DEBUG - settings.prepare_engine_args(): Using pool settings. pool_size=5, max_overflow=10, pool_recycle=1800, pid=317
[2025-02-19T10:25:20.812+0000] {processor.py:186} INFO - Started process (PID=317) to work on /home/airflow/.local/lib/python3.12/site-packages/airflow/example_dags/example_python_operator.py
[2025-02-19T10:25:20.813+0000] {processor.py:914} INFO - Processing file /home/airflow/.local/lib/python3.12/site-packages/airflow/example_dags/example_python_operator.py for tasks to queue
[2025-02-19T10:25:20.813+0000] {logging_mixin.py:190} INFO - [2025-02-19T10:25:20.813+0000] {dagbag.py:587} INFO - Filling up the DagBag from /home/airflow/.local/lib/python3.12/site-packages/airflow/example_dags/example_python_operator.py
[2025-02-19T10:25:20.814+0000] {logging_mixin.py:190} INFO - [2025-02-19T10:25:20.814+0000] {dagbag.py:368} DEBUG - Importing /home/airflow/.local/lib/python3.12/site-packages/airflow/example_dags/example_python_operator.py
[2025-02-19T10:25:20.826+0000] {logging_mixin.py:190} INFO - [2025-02-19T10:25:20.825+0000] {dagbag.py:553} DEBUG - Loaded DAG <DAG: example_python_operator>
[2025-02-19T10:25:20.826+0000] {processor.py:925} INFO - DAG(s) 'example_python_operator' retrieved from /home/airflow/.local/lib/python3.12/site-packages/airflow/example_dags/example_python_operator.py
[2025-02-19T10:25:20.827+0000] {logging_mixin.py:190} INFO - [2025-02-19T10:25:20.827+0000] {dagbag.py:710} DEBUG - Running dagbag.sync_to_db with retries. Try 1 of 3
[2025-02-19T10:25:20.827+0000] {logging_mixin.py:190} INFO - [2025-02-19T10:25:20.827+0000] {dagbag.py:715} DEBUG - Calling the DAG.bulk_sync_to_db method
[2025-02-19T10:25:20.838+0000] {logging_mixin.py:190} INFO - [2025-02-19T10:25:20.837+0000] {serialized_dag.py:168} DEBUG - Checking if DAG (example_python_operator) changed
[2025-02-19T10:25:20.847+0000] {logging_mixin.py:190} INFO - [2025-02-19T10:25:20.847+0000] {serialized_dag.py:179} DEBUG - Serialized DAG (example_python_operator) is unchanged. Skipping writing to DB
[2025-02-19T10:25:20.848+0000] {logging_mixin.py:190} INFO - [2025-02-19T10:25:20.847+0000] {dag.py:3229} INFO - Sync 1 DAGs
[2025-02-19T10:25:20.860+0000] {logging_mixin.py:190} INFO - [2025-02-19T10:25:20.860+0000] {dag.py:4156} INFO - Setting next_dagrun for example_python_operator to None, run_after=None
[2025-02-19T10:25:20.879+0000] {processor.py:208} INFO - Processing /home/airflow/.local/lib/python3.12/site-packages/airflow/example_dags/example_python_operator.py took 0.073 seconds
[2025-02-19T10:25:51.504+0000] {logging_mixin.py:190} INFO - [2025-02-19T10:25:51.504+0000] {settings.py:475} DEBUG - Setting up DB connection pool (PID 381)
[2025-02-19T10:25:51.505+0000] {logging_mixin.py:190} INFO - [2025-02-19T10:25:51.505+0000] {settings.py:579} DEBUG - settings.prepare_engine_args(): Using pool settings. pool_size=5, max_overflow=10, pool_recycle=1800, pid=381
[2025-02-19T10:25:51.510+0000] {processor.py:186} INFO - Started process (PID=381) to work on /home/airflow/.local/lib/python3.12/site-packages/airflow/example_dags/example_python_operator.py
[2025-02-19T10:25:51.510+0000] {processor.py:914} INFO - Processing file /home/airflow/.local/lib/python3.12/site-packages/airflow/example_dags/example_python_operator.py for tasks to queue
[2025-02-19T10:25:51.511+0000] {logging_mixin.py:190} INFO - [2025-02-19T10:25:51.511+0000] {dagbag.py:587} INFO - Filling up the DagBag from /home/airflow/.local/lib/python3.12/site-packages/airflow/example_dags/example_python_operator.py
[2025-02-19T10:25:51.512+0000] {logging_mixin.py:190} INFO - [2025-02-19T10:25:51.512+0000] {dagbag.py:368} DEBUG - Importing /home/airflow/.local/lib/python3.12/site-packages/airflow/example_dags/example_python_operator.py
[2025-02-19T10:25:51.524+0000] {logging_mixin.py:190} INFO - [2025-02-19T10:25:51.523+0000] {dagbag.py:553} DEBUG - Loaded DAG <DAG: example_python_operator>
[2025-02-19T10:25:51.524+0000] {processor.py:925} INFO - DAG(s) 'example_python_operator' retrieved from /home/airflow/.local/lib/python3.12/site-packages/airflow/example_dags/example_python_operator.py
[2025-02-19T10:25:51.525+0000] {logging_mixin.py:190} INFO - [2025-02-19T10:25:51.525+0000] {dagbag.py:710} DEBUG - Running dagbag.sync_to_db with retries. Try 1 of 3
[2025-02-19T10:25:51.525+0000] {logging_mixin.py:190} INFO - [2025-02-19T10:25:51.525+0000] {dagbag.py:715} DEBUG - Calling the DAG.bulk_sync_to_db method
[2025-02-19T10:25:51.537+0000] {logging_mixin.py:190} INFO - [2025-02-19T10:25:51.536+0000] {serialized_dag.py:168} DEBUG - Checking if DAG (example_python_operator) changed
[2025-02-19T10:25:51.547+0000] {logging_mixin.py:190} INFO - [2025-02-19T10:25:51.547+0000] {serialized_dag.py:179} DEBUG - Serialized DAG (example_python_operator) is unchanged. Skipping writing to DB
[2025-02-19T10:25:51.548+0000] {logging_mixin.py:190} INFO - [2025-02-19T10:25:51.548+0000] {dag.py:3229} INFO - Sync 1 DAGs
[2025-02-19T10:25:51.560+0000] {logging_mixin.py:190} INFO - [2025-02-19T10:25:51.560+0000] {dag.py:4156} INFO - Setting next_dagrun for example_python_operator to None, run_after=None
[2025-02-19T10:25:51.580+0000] {processor.py:208} INFO - Processing /home/airflow/.local/lib/python3.12/site-packages/airflow/example_dags/example_python_operator.py took 0.076 seconds
[2025-02-19T10:26:22.220+0000] {logging_mixin.py:190} INFO - [2025-02-19T10:26:22.219+0000] {settings.py:475} DEBUG - Setting up DB connection pool (PID 445)
[2025-02-19T10:26:22.221+0000] {logging_mixin.py:190} INFO - [2025-02-19T10:26:22.221+0000] {settings.py:579} DEBUG - settings.prepare_engine_args(): Using pool settings. pool_size=5, max_overflow=10, pool_recycle=1800, pid=445
[2025-02-19T10:26:22.226+0000] {processor.py:186} INFO - Started process (PID=445) to work on /home/airflow/.local/lib/python3.12/site-packages/airflow/example_dags/example_python_operator.py
[2025-02-19T10:26:22.226+0000] {processor.py:914} INFO - Processing file /home/airflow/.local/lib/python3.12/site-packages/airflow/example_dags/example_python_operator.py for tasks to queue
[2025-02-19T10:26:22.227+0000] {logging_mixin.py:190} INFO - [2025-02-19T10:26:22.227+0000] {dagbag.py:587} INFO - Filling up the DagBag from /home/airflow/.local/lib/python3.12/site-packages/airflow/example_dags/example_python_operator.py
[2025-02-19T10:26:22.228+0000] {logging_mixin.py:190} INFO - [2025-02-19T10:26:22.228+0000] {dagbag.py:368} DEBUG - Importing /home/airflow/.local/lib/python3.12/site-packages/airflow/example_dags/example_python_operator.py
[2025-02-19T10:26:22.240+0000] {logging_mixin.py:190} INFO - [2025-02-19T10:26:22.239+0000] {dagbag.py:553} DEBUG - Loaded DAG <DAG: example_python_operator>
[2025-02-19T10:26:22.240+0000] {processor.py:925} INFO - DAG(s) 'example_python_operator' retrieved from /home/airflow/.local/lib/python3.12/site-packages/airflow/example_dags/example_python_operator.py
[2025-02-19T10:26:22.241+0000] {logging_mixin.py:190} INFO - [2025-02-19T10:26:22.241+0000] {dagbag.py:710} DEBUG - Running dagbag.sync_to_db with retries. Try 1 of 3
[2025-02-19T10:26:22.241+0000] {logging_mixin.py:190} INFO - [2025-02-19T10:26:22.241+0000] {dagbag.py:715} DEBUG - Calling the DAG.bulk_sync_to_db method
[2025-02-19T10:26:22.252+0000] {logging_mixin.py:190} INFO - [2025-02-19T10:26:22.252+0000] {serialized_dag.py:168} DEBUG - Checking if DAG (example_python_operator) changed
[2025-02-19T10:26:22.263+0000] {logging_mixin.py:190} INFO - [2025-02-19T10:26:22.263+0000] {serialized_dag.py:179} DEBUG - Serialized DAG (example_python_operator) is unchanged. Skipping writing to DB
[2025-02-19T10:26:22.263+0000] {logging_mixin.py:190} INFO - [2025-02-19T10:26:22.263+0000] {dag.py:3229} INFO - Sync 1 DAGs
[2025-02-19T10:26:22.276+0000] {logging_mixin.py:190} INFO - [2025-02-19T10:26:22.276+0000] {dag.py:4156} INFO - Setting next_dagrun for example_python_operator to None, run_after=None
[2025-02-19T10:26:22.293+0000] {processor.py:208} INFO - Processing /home/airflow/.local/lib/python3.12/site-packages/airflow/example_dags/example_python_operator.py took 0.074 seconds
