[2025-02-19T09:38:27.286+0000] {processor.py:186} INFO - Started process (PID=86) to work on /home/airflow/.local/lib/python3.12/site-packages/airflow/example_dags/example_trigger_target_dag.py
[2025-02-19T09:38:27.287+0000] {processor.py:914} INFO - Processing file /home/airflow/.local/lib/python3.12/site-packages/airflow/example_dags/example_trigger_target_dag.py for tasks to queue
[2025-02-19T09:38:27.290+0000] {logging_mixin.py:190} INFO - [2025-02-19T09:38:27.290+0000] {dagbag.py:587} INFO - Filling up the DagBag from /home/airflow/.local/lib/python3.12/site-packages/airflow/example_dags/example_trigger_target_dag.py
[2025-02-19T09:38:27.301+0000] {processor.py:925} INFO - DAG(s) 'example_trigger_target_dag' retrieved from /home/airflow/.local/lib/python3.12/site-packages/airflow/example_dags/example_trigger_target_dag.py
[2025-02-19T09:38:27.321+0000] {logging_mixin.py:190} INFO - [2025-02-19T09:38:27.320+0000] {dag.py:3229} INFO - Sync 1 DAGs
[2025-02-19T09:38:27.336+0000] {logging_mixin.py:190} INFO - [2025-02-19T09:38:27.335+0000] {dag.py:4156} INFO - Setting next_dagrun for example_trigger_target_dag to None, run_after=None
[2025-02-19T09:38:27.361+0000] {processor.py:208} INFO - Processing /home/airflow/.local/lib/python3.12/site-packages/airflow/example_dags/example_trigger_target_dag.py took 0.083 seconds
[2025-02-19T09:38:57.494+0000] {processor.py:186} INFO - Started process (PID=155) to work on /home/airflow/.local/lib/python3.12/site-packages/airflow/example_dags/example_trigger_target_dag.py
[2025-02-19T09:38:57.496+0000] {processor.py:914} INFO - Processing file /home/airflow/.local/lib/python3.12/site-packages/airflow/example_dags/example_trigger_target_dag.py for tasks to queue
[2025-02-19T09:38:57.499+0000] {logging_mixin.py:190} INFO - [2025-02-19T09:38:57.498+0000] {dagbag.py:587} INFO - Filling up the DagBag from /home/airflow/.local/lib/python3.12/site-packages/airflow/example_dags/example_trigger_target_dag.py
[2025-02-19T09:38:57.508+0000] {processor.py:925} INFO - DAG(s) 'example_trigger_target_dag' retrieved from /home/airflow/.local/lib/python3.12/site-packages/airflow/example_dags/example_trigger_target_dag.py
[2025-02-19T09:38:57.527+0000] {logging_mixin.py:190} INFO - [2025-02-19T09:38:57.527+0000] {dag.py:3229} INFO - Sync 1 DAGs
[2025-02-19T09:38:57.540+0000] {logging_mixin.py:190} INFO - [2025-02-19T09:38:57.540+0000] {dag.py:4156} INFO - Setting next_dagrun for example_trigger_target_dag to None, run_after=None
[2025-02-19T09:38:57.563+0000] {processor.py:208} INFO - Processing /home/airflow/.local/lib/python3.12/site-packages/airflow/example_dags/example_trigger_target_dag.py took 0.077 seconds
[2025-02-19T09:39:28.006+0000] {processor.py:186} INFO - Started process (PID=219) to work on /home/airflow/.local/lib/python3.12/site-packages/airflow/example_dags/example_trigger_target_dag.py
[2025-02-19T09:39:28.007+0000] {processor.py:914} INFO - Processing file /home/airflow/.local/lib/python3.12/site-packages/airflow/example_dags/example_trigger_target_dag.py for tasks to queue
[2025-02-19T09:39:28.009+0000] {logging_mixin.py:190} INFO - [2025-02-19T09:39:28.009+0000] {dagbag.py:587} INFO - Filling up the DagBag from /home/airflow/.local/lib/python3.12/site-packages/airflow/example_dags/example_trigger_target_dag.py
[2025-02-19T09:39:28.016+0000] {processor.py:925} INFO - DAG(s) 'example_trigger_target_dag' retrieved from /home/airflow/.local/lib/python3.12/site-packages/airflow/example_dags/example_trigger_target_dag.py
[2025-02-19T09:39:28.038+0000] {logging_mixin.py:190} INFO - [2025-02-19T09:39:28.038+0000] {dag.py:3229} INFO - Sync 1 DAGs
[2025-02-19T09:39:28.052+0000] {logging_mixin.py:190} INFO - [2025-02-19T09:39:28.052+0000] {dag.py:4156} INFO - Setting next_dagrun for example_trigger_target_dag to None, run_after=None
[2025-02-19T09:39:28.072+0000] {processor.py:208} INFO - Processing /home/airflow/.local/lib/python3.12/site-packages/airflow/example_dags/example_trigger_target_dag.py took 0.071 seconds
[2025-02-19T09:39:58.215+0000] {processor.py:186} INFO - Started process (PID=283) to work on /home/airflow/.local/lib/python3.12/site-packages/airflow/example_dags/example_trigger_target_dag.py
[2025-02-19T09:39:58.216+0000] {processor.py:914} INFO - Processing file /home/airflow/.local/lib/python3.12/site-packages/airflow/example_dags/example_trigger_target_dag.py for tasks to queue
[2025-02-19T09:39:58.218+0000] {logging_mixin.py:190} INFO - [2025-02-19T09:39:58.218+0000] {dagbag.py:587} INFO - Filling up the DagBag from /home/airflow/.local/lib/python3.12/site-packages/airflow/example_dags/example_trigger_target_dag.py
[2025-02-19T09:39:58.224+0000] {processor.py:925} INFO - DAG(s) 'example_trigger_target_dag' retrieved from /home/airflow/.local/lib/python3.12/site-packages/airflow/example_dags/example_trigger_target_dag.py
[2025-02-19T09:39:58.240+0000] {logging_mixin.py:190} INFO - [2025-02-19T09:39:58.240+0000] {dag.py:3229} INFO - Sync 1 DAGs
[2025-02-19T09:39:58.251+0000] {logging_mixin.py:190} INFO - [2025-02-19T09:39:58.250+0000] {dag.py:4156} INFO - Setting next_dagrun for example_trigger_target_dag to None, run_after=None
[2025-02-19T09:39:58.264+0000] {processor.py:208} INFO - Processing /home/airflow/.local/lib/python3.12/site-packages/airflow/example_dags/example_trigger_target_dag.py took 0.053 seconds
[2025-02-19T09:40:28.362+0000] {processor.py:186} INFO - Started process (PID=347) to work on /home/airflow/.local/lib/python3.12/site-packages/airflow/example_dags/example_trigger_target_dag.py
[2025-02-19T09:40:28.363+0000] {processor.py:914} INFO - Processing file /home/airflow/.local/lib/python3.12/site-packages/airflow/example_dags/example_trigger_target_dag.py for tasks to queue
[2025-02-19T09:40:28.366+0000] {logging_mixin.py:190} INFO - [2025-02-19T09:40:28.365+0000] {dagbag.py:587} INFO - Filling up the DagBag from /home/airflow/.local/lib/python3.12/site-packages/airflow/example_dags/example_trigger_target_dag.py
[2025-02-19T09:40:28.372+0000] {processor.py:925} INFO - DAG(s) 'example_trigger_target_dag' retrieved from /home/airflow/.local/lib/python3.12/site-packages/airflow/example_dags/example_trigger_target_dag.py
[2025-02-19T09:40:28.390+0000] {logging_mixin.py:190} INFO - [2025-02-19T09:40:28.390+0000] {dag.py:3229} INFO - Sync 1 DAGs
[2025-02-19T09:40:28.402+0000] {logging_mixin.py:190} INFO - [2025-02-19T09:40:28.401+0000] {dag.py:4156} INFO - Setting next_dagrun for example_trigger_target_dag to None, run_after=None
[2025-02-19T09:40:28.421+0000] {processor.py:208} INFO - Processing /home/airflow/.local/lib/python3.12/site-packages/airflow/example_dags/example_trigger_target_dag.py took 0.064 seconds
[2025-02-19T09:40:58.697+0000] {processor.py:186} INFO - Started process (PID=411) to work on /home/airflow/.local/lib/python3.12/site-packages/airflow/example_dags/example_trigger_target_dag.py
[2025-02-19T09:40:58.698+0000] {processor.py:914} INFO - Processing file /home/airflow/.local/lib/python3.12/site-packages/airflow/example_dags/example_trigger_target_dag.py for tasks to queue
[2025-02-19T09:40:58.700+0000] {logging_mixin.py:190} INFO - [2025-02-19T09:40:58.700+0000] {dagbag.py:587} INFO - Filling up the DagBag from /home/airflow/.local/lib/python3.12/site-packages/airflow/example_dags/example_trigger_target_dag.py
[2025-02-19T09:40:58.706+0000] {processor.py:925} INFO - DAG(s) 'example_trigger_target_dag' retrieved from /home/airflow/.local/lib/python3.12/site-packages/airflow/example_dags/example_trigger_target_dag.py
[2025-02-19T09:40:58.722+0000] {logging_mixin.py:190} INFO - [2025-02-19T09:40:58.722+0000] {dag.py:3229} INFO - Sync 1 DAGs
[2025-02-19T09:40:58.733+0000] {logging_mixin.py:190} INFO - [2025-02-19T09:40:58.733+0000] {dag.py:4156} INFO - Setting next_dagrun for example_trigger_target_dag to None, run_after=None
[2025-02-19T09:40:58.748+0000] {processor.py:208} INFO - Processing /home/airflow/.local/lib/python3.12/site-packages/airflow/example_dags/example_trigger_target_dag.py took 0.055 seconds
[2025-02-19T09:41:29.027+0000] {processor.py:186} INFO - Started process (PID=475) to work on /home/airflow/.local/lib/python3.12/site-packages/airflow/example_dags/example_trigger_target_dag.py
[2025-02-19T09:41:29.028+0000] {processor.py:914} INFO - Processing file /home/airflow/.local/lib/python3.12/site-packages/airflow/example_dags/example_trigger_target_dag.py for tasks to queue
[2025-02-19T09:41:29.030+0000] {logging_mixin.py:190} INFO - [2025-02-19T09:41:29.030+0000] {dagbag.py:587} INFO - Filling up the DagBag from /home/airflow/.local/lib/python3.12/site-packages/airflow/example_dags/example_trigger_target_dag.py
[2025-02-19T09:41:29.038+0000] {processor.py:925} INFO - DAG(s) 'example_trigger_target_dag' retrieved from /home/airflow/.local/lib/python3.12/site-packages/airflow/example_dags/example_trigger_target_dag.py
[2025-02-19T09:41:29.057+0000] {logging_mixin.py:190} INFO - [2025-02-19T09:41:29.057+0000] {dag.py:3229} INFO - Sync 1 DAGs
[2025-02-19T09:41:29.071+0000] {logging_mixin.py:190} INFO - [2025-02-19T09:41:29.071+0000] {dag.py:4156} INFO - Setting next_dagrun for example_trigger_target_dag to None, run_after=None
[2025-02-19T09:41:29.091+0000] {processor.py:208} INFO - Processing /home/airflow/.local/lib/python3.12/site-packages/airflow/example_dags/example_trigger_target_dag.py took 0.069 seconds
[2025-02-19T09:41:59.123+0000] {processor.py:186} INFO - Started process (PID=539) to work on /home/airflow/.local/lib/python3.12/site-packages/airflow/example_dags/example_trigger_target_dag.py
[2025-02-19T09:41:59.125+0000] {processor.py:914} INFO - Processing file /home/airflow/.local/lib/python3.12/site-packages/airflow/example_dags/example_trigger_target_dag.py for tasks to queue
[2025-02-19T09:41:59.127+0000] {logging_mixin.py:190} INFO - [2025-02-19T09:41:59.126+0000] {dagbag.py:587} INFO - Filling up the DagBag from /home/airflow/.local/lib/python3.12/site-packages/airflow/example_dags/example_trigger_target_dag.py
[2025-02-19T09:41:59.132+0000] {processor.py:925} INFO - DAG(s) 'example_trigger_target_dag' retrieved from /home/airflow/.local/lib/python3.12/site-packages/airflow/example_dags/example_trigger_target_dag.py
[2025-02-19T09:41:59.148+0000] {logging_mixin.py:190} INFO - [2025-02-19T09:41:59.147+0000] {dag.py:3229} INFO - Sync 1 DAGs
[2025-02-19T09:41:59.159+0000] {logging_mixin.py:190} INFO - [2025-02-19T09:41:59.158+0000] {dag.py:4156} INFO - Setting next_dagrun for example_trigger_target_dag to None, run_after=None
[2025-02-19T09:41:59.173+0000] {processor.py:208} INFO - Processing /home/airflow/.local/lib/python3.12/site-packages/airflow/example_dags/example_trigger_target_dag.py took 0.053 seconds
[2025-02-19T09:42:29.284+0000] {processor.py:186} INFO - Started process (PID=603) to work on /home/airflow/.local/lib/python3.12/site-packages/airflow/example_dags/example_trigger_target_dag.py
[2025-02-19T09:42:29.285+0000] {processor.py:914} INFO - Processing file /home/airflow/.local/lib/python3.12/site-packages/airflow/example_dags/example_trigger_target_dag.py for tasks to queue
[2025-02-19T09:42:29.287+0000] {logging_mixin.py:190} INFO - [2025-02-19T09:42:29.287+0000] {dagbag.py:587} INFO - Filling up the DagBag from /home/airflow/.local/lib/python3.12/site-packages/airflow/example_dags/example_trigger_target_dag.py
[2025-02-19T09:42:29.293+0000] {processor.py:925} INFO - DAG(s) 'example_trigger_target_dag' retrieved from /home/airflow/.local/lib/python3.12/site-packages/airflow/example_dags/example_trigger_target_dag.py
[2025-02-19T09:42:29.312+0000] {logging_mixin.py:190} INFO - [2025-02-19T09:42:29.312+0000] {dag.py:3229} INFO - Sync 1 DAGs
[2025-02-19T09:42:29.324+0000] {logging_mixin.py:190} INFO - [2025-02-19T09:42:29.324+0000] {dag.py:4156} INFO - Setting next_dagrun for example_trigger_target_dag to None, run_after=None
[2025-02-19T09:42:29.343+0000] {processor.py:208} INFO - Processing /home/airflow/.local/lib/python3.12/site-packages/airflow/example_dags/example_trigger_target_dag.py took 0.063 seconds
[2025-02-19T09:42:59.464+0000] {processor.py:186} INFO - Started process (PID=667) to work on /home/airflow/.local/lib/python3.12/site-packages/airflow/example_dags/example_trigger_target_dag.py
[2025-02-19T09:42:59.465+0000] {processor.py:914} INFO - Processing file /home/airflow/.local/lib/python3.12/site-packages/airflow/example_dags/example_trigger_target_dag.py for tasks to queue
[2025-02-19T09:42:59.466+0000] {logging_mixin.py:190} INFO - [2025-02-19T09:42:59.466+0000] {dagbag.py:587} INFO - Filling up the DagBag from /home/airflow/.local/lib/python3.12/site-packages/airflow/example_dags/example_trigger_target_dag.py
[2025-02-19T09:42:59.472+0000] {processor.py:925} INFO - DAG(s) 'example_trigger_target_dag' retrieved from /home/airflow/.local/lib/python3.12/site-packages/airflow/example_dags/example_trigger_target_dag.py
[2025-02-19T09:42:59.488+0000] {logging_mixin.py:190} INFO - [2025-02-19T09:42:59.488+0000] {dag.py:3229} INFO - Sync 1 DAGs
[2025-02-19T09:42:59.498+0000] {logging_mixin.py:190} INFO - [2025-02-19T09:42:59.497+0000] {dag.py:4156} INFO - Setting next_dagrun for example_trigger_target_dag to None, run_after=None
[2025-02-19T09:42:59.511+0000] {processor.py:208} INFO - Processing /home/airflow/.local/lib/python3.12/site-packages/airflow/example_dags/example_trigger_target_dag.py took 0.051 seconds
[2025-02-19T09:43:30.649+0000] {processor.py:186} INFO - Started process (PID=731) to work on /home/airflow/.local/lib/python3.12/site-packages/airflow/example_dags/example_trigger_target_dag.py
[2025-02-19T09:43:30.650+0000] {processor.py:914} INFO - Processing file /home/airflow/.local/lib/python3.12/site-packages/airflow/example_dags/example_trigger_target_dag.py for tasks to queue
[2025-02-19T09:43:30.652+0000] {logging_mixin.py:190} INFO - [2025-02-19T09:43:30.652+0000] {dagbag.py:587} INFO - Filling up the DagBag from /home/airflow/.local/lib/python3.12/site-packages/airflow/example_dags/example_trigger_target_dag.py
[2025-02-19T09:43:30.659+0000] {processor.py:925} INFO - DAG(s) 'example_trigger_target_dag' retrieved from /home/airflow/.local/lib/python3.12/site-packages/airflow/example_dags/example_trigger_target_dag.py
[2025-02-19T09:43:30.675+0000] {logging_mixin.py:190} INFO - [2025-02-19T09:43:30.675+0000] {dag.py:3229} INFO - Sync 1 DAGs
[2025-02-19T09:43:30.686+0000] {logging_mixin.py:190} INFO - [2025-02-19T09:43:30.686+0000] {dag.py:4156} INFO - Setting next_dagrun for example_trigger_target_dag to None, run_after=None
[2025-02-19T09:43:30.700+0000] {processor.py:208} INFO - Processing /home/airflow/.local/lib/python3.12/site-packages/airflow/example_dags/example_trigger_target_dag.py took 0.056 seconds
[2025-02-19T09:44:00.953+0000] {processor.py:186} INFO - Started process (PID=795) to work on /home/airflow/.local/lib/python3.12/site-packages/airflow/example_dags/example_trigger_target_dag.py
[2025-02-19T09:44:00.954+0000] {processor.py:914} INFO - Processing file /home/airflow/.local/lib/python3.12/site-packages/airflow/example_dags/example_trigger_target_dag.py for tasks to queue
[2025-02-19T09:44:00.955+0000] {logging_mixin.py:190} INFO - [2025-02-19T09:44:00.955+0000] {dagbag.py:587} INFO - Filling up the DagBag from /home/airflow/.local/lib/python3.12/site-packages/airflow/example_dags/example_trigger_target_dag.py
[2025-02-19T09:44:00.961+0000] {processor.py:925} INFO - DAG(s) 'example_trigger_target_dag' retrieved from /home/airflow/.local/lib/python3.12/site-packages/airflow/example_dags/example_trigger_target_dag.py
[2025-02-19T09:44:00.977+0000] {logging_mixin.py:190} INFO - [2025-02-19T09:44:00.977+0000] {dag.py:3229} INFO - Sync 1 DAGs
[2025-02-19T09:44:00.987+0000] {logging_mixin.py:190} INFO - [2025-02-19T09:44:00.987+0000] {dag.py:4156} INFO - Setting next_dagrun for example_trigger_target_dag to None, run_after=None
[2025-02-19T09:44:01.001+0000] {processor.py:208} INFO - Processing /home/airflow/.local/lib/python3.12/site-packages/airflow/example_dags/example_trigger_target_dag.py took 0.053 seconds
[2025-02-19T09:44:31.117+0000] {processor.py:186} INFO - Started process (PID=859) to work on /home/airflow/.local/lib/python3.12/site-packages/airflow/example_dags/example_trigger_target_dag.py
[2025-02-19T09:44:31.118+0000] {processor.py:914} INFO - Processing file /home/airflow/.local/lib/python3.12/site-packages/airflow/example_dags/example_trigger_target_dag.py for tasks to queue
[2025-02-19T09:44:31.120+0000] {logging_mixin.py:190} INFO - [2025-02-19T09:44:31.120+0000] {dagbag.py:587} INFO - Filling up the DagBag from /home/airflow/.local/lib/python3.12/site-packages/airflow/example_dags/example_trigger_target_dag.py
[2025-02-19T09:44:31.128+0000] {processor.py:925} INFO - DAG(s) 'example_trigger_target_dag' retrieved from /home/airflow/.local/lib/python3.12/site-packages/airflow/example_dags/example_trigger_target_dag.py
[2025-02-19T09:44:31.144+0000] {logging_mixin.py:190} INFO - [2025-02-19T09:44:31.144+0000] {dag.py:3229} INFO - Sync 1 DAGs
[2025-02-19T09:44:31.154+0000] {logging_mixin.py:190} INFO - [2025-02-19T09:44:31.154+0000] {dag.py:4156} INFO - Setting next_dagrun for example_trigger_target_dag to None, run_after=None
[2025-02-19T09:44:31.169+0000] {processor.py:208} INFO - Processing /home/airflow/.local/lib/python3.12/site-packages/airflow/example_dags/example_trigger_target_dag.py took 0.057 seconds
[2025-02-19T09:45:01.376+0000] {processor.py:186} INFO - Started process (PID=923) to work on /home/airflow/.local/lib/python3.12/site-packages/airflow/example_dags/example_trigger_target_dag.py
[2025-02-19T09:45:01.378+0000] {processor.py:914} INFO - Processing file /home/airflow/.local/lib/python3.12/site-packages/airflow/example_dags/example_trigger_target_dag.py for tasks to queue
[2025-02-19T09:45:01.380+0000] {logging_mixin.py:190} INFO - [2025-02-19T09:45:01.380+0000] {dagbag.py:587} INFO - Filling up the DagBag from /home/airflow/.local/lib/python3.12/site-packages/airflow/example_dags/example_trigger_target_dag.py
[2025-02-19T09:45:01.387+0000] {processor.py:925} INFO - DAG(s) 'example_trigger_target_dag' retrieved from /home/airflow/.local/lib/python3.12/site-packages/airflow/example_dags/example_trigger_target_dag.py
[2025-02-19T09:45:01.404+0000] {logging_mixin.py:190} INFO - [2025-02-19T09:45:01.404+0000] {dag.py:3229} INFO - Sync 1 DAGs
[2025-02-19T09:45:01.415+0000] {logging_mixin.py:190} INFO - [2025-02-19T09:45:01.415+0000] {dag.py:4156} INFO - Setting next_dagrun for example_trigger_target_dag to None, run_after=None
[2025-02-19T09:45:01.433+0000] {processor.py:208} INFO - Processing /home/airflow/.local/lib/python3.12/site-packages/airflow/example_dags/example_trigger_target_dag.py took 0.061 seconds
[2025-02-19T09:45:31.534+0000] {processor.py:186} INFO - Started process (PID=987) to work on /home/airflow/.local/lib/python3.12/site-packages/airflow/example_dags/example_trigger_target_dag.py
[2025-02-19T09:45:31.535+0000] {processor.py:914} INFO - Processing file /home/airflow/.local/lib/python3.12/site-packages/airflow/example_dags/example_trigger_target_dag.py for tasks to queue
[2025-02-19T09:45:31.537+0000] {logging_mixin.py:190} INFO - [2025-02-19T09:45:31.537+0000] {dagbag.py:587} INFO - Filling up the DagBag from /home/airflow/.local/lib/python3.12/site-packages/airflow/example_dags/example_trigger_target_dag.py
[2025-02-19T09:45:31.544+0000] {processor.py:925} INFO - DAG(s) 'example_trigger_target_dag' retrieved from /home/airflow/.local/lib/python3.12/site-packages/airflow/example_dags/example_trigger_target_dag.py
[2025-02-19T09:45:31.560+0000] {logging_mixin.py:190} INFO - [2025-02-19T09:45:31.560+0000] {dag.py:3229} INFO - Sync 1 DAGs
[2025-02-19T09:45:31.571+0000] {logging_mixin.py:190} INFO - [2025-02-19T09:45:31.571+0000] {dag.py:4156} INFO - Setting next_dagrun for example_trigger_target_dag to None, run_after=None
[2025-02-19T09:45:31.586+0000] {processor.py:208} INFO - Processing /home/airflow/.local/lib/python3.12/site-packages/airflow/example_dags/example_trigger_target_dag.py took 0.056 seconds
[2025-02-19T09:46:01.729+0000] {processor.py:186} INFO - Started process (PID=1051) to work on /home/airflow/.local/lib/python3.12/site-packages/airflow/example_dags/example_trigger_target_dag.py
[2025-02-19T09:46:01.731+0000] {processor.py:914} INFO - Processing file /home/airflow/.local/lib/python3.12/site-packages/airflow/example_dags/example_trigger_target_dag.py for tasks to queue
[2025-02-19T09:46:01.732+0000] {logging_mixin.py:190} INFO - [2025-02-19T09:46:01.732+0000] {dagbag.py:587} INFO - Filling up the DagBag from /home/airflow/.local/lib/python3.12/site-packages/airflow/example_dags/example_trigger_target_dag.py
[2025-02-19T09:46:01.738+0000] {processor.py:925} INFO - DAG(s) 'example_trigger_target_dag' retrieved from /home/airflow/.local/lib/python3.12/site-packages/airflow/example_dags/example_trigger_target_dag.py
[2025-02-19T09:46:01.753+0000] {logging_mixin.py:190} INFO - [2025-02-19T09:46:01.753+0000] {dag.py:3229} INFO - Sync 1 DAGs
[2025-02-19T09:46:01.763+0000] {logging_mixin.py:190} INFO - [2025-02-19T09:46:01.763+0000] {dag.py:4156} INFO - Setting next_dagrun for example_trigger_target_dag to None, run_after=None
[2025-02-19T09:46:01.777+0000] {processor.py:208} INFO - Processing /home/airflow/.local/lib/python3.12/site-packages/airflow/example_dags/example_trigger_target_dag.py took 0.052 seconds
[2025-02-19T09:46:32.664+0000] {processor.py:186} INFO - Started process (PID=1115) to work on /home/airflow/.local/lib/python3.12/site-packages/airflow/example_dags/example_trigger_target_dag.py
[2025-02-19T09:46:32.665+0000] {processor.py:914} INFO - Processing file /home/airflow/.local/lib/python3.12/site-packages/airflow/example_dags/example_trigger_target_dag.py for tasks to queue
[2025-02-19T09:46:32.667+0000] {logging_mixin.py:190} INFO - [2025-02-19T09:46:32.666+0000] {dagbag.py:587} INFO - Filling up the DagBag from /home/airflow/.local/lib/python3.12/site-packages/airflow/example_dags/example_trigger_target_dag.py
[2025-02-19T09:46:32.673+0000] {processor.py:925} INFO - DAG(s) 'example_trigger_target_dag' retrieved from /home/airflow/.local/lib/python3.12/site-packages/airflow/example_dags/example_trigger_target_dag.py
[2025-02-19T09:46:32.688+0000] {logging_mixin.py:190} INFO - [2025-02-19T09:46:32.688+0000] {dag.py:3229} INFO - Sync 1 DAGs
[2025-02-19T09:46:32.699+0000] {logging_mixin.py:190} INFO - [2025-02-19T09:46:32.699+0000] {dag.py:4156} INFO - Setting next_dagrun for example_trigger_target_dag to None, run_after=None
[2025-02-19T09:46:32.714+0000] {processor.py:208} INFO - Processing /home/airflow/.local/lib/python3.12/site-packages/airflow/example_dags/example_trigger_target_dag.py took 0.055 seconds
[2025-02-19T09:47:03.584+0000] {processor.py:186} INFO - Started process (PID=1179) to work on /home/airflow/.local/lib/python3.12/site-packages/airflow/example_dags/example_trigger_target_dag.py
[2025-02-19T09:47:03.586+0000] {processor.py:914} INFO - Processing file /home/airflow/.local/lib/python3.12/site-packages/airflow/example_dags/example_trigger_target_dag.py for tasks to queue
[2025-02-19T09:47:03.588+0000] {logging_mixin.py:190} INFO - [2025-02-19T09:47:03.587+0000] {dagbag.py:587} INFO - Filling up the DagBag from /home/airflow/.local/lib/python3.12/site-packages/airflow/example_dags/example_trigger_target_dag.py
[2025-02-19T09:47:03.595+0000] {processor.py:925} INFO - DAG(s) 'example_trigger_target_dag' retrieved from /home/airflow/.local/lib/python3.12/site-packages/airflow/example_dags/example_trigger_target_dag.py
[2025-02-19T09:47:03.613+0000] {logging_mixin.py:190} INFO - [2025-02-19T09:47:03.612+0000] {dag.py:3229} INFO - Sync 1 DAGs
[2025-02-19T09:47:03.626+0000] {logging_mixin.py:190} INFO - [2025-02-19T09:47:03.625+0000] {dag.py:4156} INFO - Setting next_dagrun for example_trigger_target_dag to None, run_after=None
[2025-02-19T09:47:03.642+0000] {processor.py:208} INFO - Processing /home/airflow/.local/lib/python3.12/site-packages/airflow/example_dags/example_trigger_target_dag.py took 0.062 seconds
[2025-02-19T09:47:33.956+0000] {processor.py:186} INFO - Started process (PID=1243) to work on /home/airflow/.local/lib/python3.12/site-packages/airflow/example_dags/example_trigger_target_dag.py
[2025-02-19T09:47:33.958+0000] {processor.py:914} INFO - Processing file /home/airflow/.local/lib/python3.12/site-packages/airflow/example_dags/example_trigger_target_dag.py for tasks to queue
[2025-02-19T09:47:33.960+0000] {logging_mixin.py:190} INFO - [2025-02-19T09:47:33.960+0000] {dagbag.py:587} INFO - Filling up the DagBag from /home/airflow/.local/lib/python3.12/site-packages/airflow/example_dags/example_trigger_target_dag.py
[2025-02-19T09:47:33.969+0000] {processor.py:925} INFO - DAG(s) 'example_trigger_target_dag' retrieved from /home/airflow/.local/lib/python3.12/site-packages/airflow/example_dags/example_trigger_target_dag.py
[2025-02-19T09:47:33.989+0000] {logging_mixin.py:190} INFO - [2025-02-19T09:47:33.988+0000] {dag.py:3229} INFO - Sync 1 DAGs
[2025-02-19T09:47:34.002+0000] {logging_mixin.py:190} INFO - [2025-02-19T09:47:34.002+0000] {dag.py:4156} INFO - Setting next_dagrun for example_trigger_target_dag to None, run_after=None
[2025-02-19T09:47:34.023+0000] {processor.py:208} INFO - Processing /home/airflow/.local/lib/python3.12/site-packages/airflow/example_dags/example_trigger_target_dag.py took 0.071 seconds
[2025-02-19T09:48:04.371+0000] {processor.py:186} INFO - Started process (PID=1308) to work on /home/airflow/.local/lib/python3.12/site-packages/airflow/example_dags/example_trigger_target_dag.py
[2025-02-19T09:48:04.372+0000] {processor.py:914} INFO - Processing file /home/airflow/.local/lib/python3.12/site-packages/airflow/example_dags/example_trigger_target_dag.py for tasks to queue
[2025-02-19T09:48:04.375+0000] {logging_mixin.py:190} INFO - [2025-02-19T09:48:04.374+0000] {dagbag.py:587} INFO - Filling up the DagBag from /home/airflow/.local/lib/python3.12/site-packages/airflow/example_dags/example_trigger_target_dag.py
[2025-02-19T09:48:04.381+0000] {processor.py:925} INFO - DAG(s) 'example_trigger_target_dag' retrieved from /home/airflow/.local/lib/python3.12/site-packages/airflow/example_dags/example_trigger_target_dag.py
[2025-02-19T09:48:04.400+0000] {logging_mixin.py:190} INFO - [2025-02-19T09:48:04.399+0000] {dag.py:3229} INFO - Sync 1 DAGs
[2025-02-19T09:48:04.411+0000] {logging_mixin.py:190} INFO - [2025-02-19T09:48:04.411+0000] {dag.py:4156} INFO - Setting next_dagrun for example_trigger_target_dag to None, run_after=None
[2025-02-19T09:48:04.428+0000] {processor.py:208} INFO - Processing /home/airflow/.local/lib/python3.12/site-packages/airflow/example_dags/example_trigger_target_dag.py took 0.061 seconds
[2025-02-19T09:48:34.536+0000] {processor.py:186} INFO - Started process (PID=1372) to work on /home/airflow/.local/lib/python3.12/site-packages/airflow/example_dags/example_trigger_target_dag.py
[2025-02-19T09:48:34.537+0000] {processor.py:914} INFO - Processing file /home/airflow/.local/lib/python3.12/site-packages/airflow/example_dags/example_trigger_target_dag.py for tasks to queue
[2025-02-19T09:48:34.539+0000] {logging_mixin.py:190} INFO - [2025-02-19T09:48:34.539+0000] {dagbag.py:587} INFO - Filling up the DagBag from /home/airflow/.local/lib/python3.12/site-packages/airflow/example_dags/example_trigger_target_dag.py
[2025-02-19T09:48:34.545+0000] {processor.py:925} INFO - DAG(s) 'example_trigger_target_dag' retrieved from /home/airflow/.local/lib/python3.12/site-packages/airflow/example_dags/example_trigger_target_dag.py
[2025-02-19T09:48:34.562+0000] {logging_mixin.py:190} INFO - [2025-02-19T09:48:34.561+0000] {dag.py:3229} INFO - Sync 1 DAGs
[2025-02-19T09:48:34.573+0000] {logging_mixin.py:190} INFO - [2025-02-19T09:48:34.573+0000] {dag.py:4156} INFO - Setting next_dagrun for example_trigger_target_dag to None, run_after=None
[2025-02-19T09:48:34.587+0000] {processor.py:208} INFO - Processing /home/airflow/.local/lib/python3.12/site-packages/airflow/example_dags/example_trigger_target_dag.py took 0.055 seconds
[2025-02-19T09:49:05.457+0000] {processor.py:186} INFO - Started process (PID=1436) to work on /home/airflow/.local/lib/python3.12/site-packages/airflow/example_dags/example_trigger_target_dag.py
[2025-02-19T09:49:05.457+0000] {processor.py:914} INFO - Processing file /home/airflow/.local/lib/python3.12/site-packages/airflow/example_dags/example_trigger_target_dag.py for tasks to queue
[2025-02-19T09:49:05.459+0000] {logging_mixin.py:190} INFO - [2025-02-19T09:49:05.459+0000] {dagbag.py:587} INFO - Filling up the DagBag from /home/airflow/.local/lib/python3.12/site-packages/airflow/example_dags/example_trigger_target_dag.py
[2025-02-19T09:49:05.466+0000] {processor.py:925} INFO - DAG(s) 'example_trigger_target_dag' retrieved from /home/airflow/.local/lib/python3.12/site-packages/airflow/example_dags/example_trigger_target_dag.py
[2025-02-19T09:49:05.481+0000] {logging_mixin.py:190} INFO - [2025-02-19T09:49:05.481+0000] {dag.py:3229} INFO - Sync 1 DAGs
[2025-02-19T09:49:05.493+0000] {logging_mixin.py:190} INFO - [2025-02-19T09:49:05.493+0000] {dag.py:4156} INFO - Setting next_dagrun for example_trigger_target_dag to None, run_after=None
[2025-02-19T09:49:05.507+0000] {processor.py:208} INFO - Processing /home/airflow/.local/lib/python3.12/site-packages/airflow/example_dags/example_trigger_target_dag.py took 0.055 seconds
[2025-02-19T09:49:36.377+0000] {processor.py:186} INFO - Started process (PID=1500) to work on /home/airflow/.local/lib/python3.12/site-packages/airflow/example_dags/example_trigger_target_dag.py
[2025-02-19T09:49:36.378+0000] {processor.py:914} INFO - Processing file /home/airflow/.local/lib/python3.12/site-packages/airflow/example_dags/example_trigger_target_dag.py for tasks to queue
[2025-02-19T09:49:36.380+0000] {logging_mixin.py:190} INFO - [2025-02-19T09:49:36.380+0000] {dagbag.py:587} INFO - Filling up the DagBag from /home/airflow/.local/lib/python3.12/site-packages/airflow/example_dags/example_trigger_target_dag.py
[2025-02-19T09:49:36.387+0000] {processor.py:925} INFO - DAG(s) 'example_trigger_target_dag' retrieved from /home/airflow/.local/lib/python3.12/site-packages/airflow/example_dags/example_trigger_target_dag.py
[2025-02-19T09:49:36.402+0000] {logging_mixin.py:190} INFO - [2025-02-19T09:49:36.402+0000] {dag.py:3229} INFO - Sync 1 DAGs
[2025-02-19T09:49:36.413+0000] {logging_mixin.py:190} INFO - [2025-02-19T09:49:36.413+0000] {dag.py:4156} INFO - Setting next_dagrun for example_trigger_target_dag to None, run_after=None
[2025-02-19T09:49:36.428+0000] {processor.py:208} INFO - Processing /home/airflow/.local/lib/python3.12/site-packages/airflow/example_dags/example_trigger_target_dag.py took 0.056 seconds
[2025-02-19T09:50:06.665+0000] {processor.py:186} INFO - Started process (PID=1564) to work on /home/airflow/.local/lib/python3.12/site-packages/airflow/example_dags/example_trigger_target_dag.py
[2025-02-19T09:50:06.666+0000] {processor.py:914} INFO - Processing file /home/airflow/.local/lib/python3.12/site-packages/airflow/example_dags/example_trigger_target_dag.py for tasks to queue
[2025-02-19T09:50:06.668+0000] {logging_mixin.py:190} INFO - [2025-02-19T09:50:06.668+0000] {dagbag.py:587} INFO - Filling up the DagBag from /home/airflow/.local/lib/python3.12/site-packages/airflow/example_dags/example_trigger_target_dag.py
[2025-02-19T09:50:06.675+0000] {processor.py:925} INFO - DAG(s) 'example_trigger_target_dag' retrieved from /home/airflow/.local/lib/python3.12/site-packages/airflow/example_dags/example_trigger_target_dag.py
[2025-02-19T09:50:06.691+0000] {logging_mixin.py:190} INFO - [2025-02-19T09:50:06.691+0000] {dag.py:3229} INFO - Sync 1 DAGs
[2025-02-19T09:50:06.703+0000] {logging_mixin.py:190} INFO - [2025-02-19T09:50:06.703+0000] {dag.py:4156} INFO - Setting next_dagrun for example_trigger_target_dag to None, run_after=None
[2025-02-19T09:50:06.721+0000] {processor.py:208} INFO - Processing /home/airflow/.local/lib/python3.12/site-packages/airflow/example_dags/example_trigger_target_dag.py took 0.060 seconds
[2025-02-19T09:50:36.994+0000] {processor.py:186} INFO - Started process (PID=1628) to work on /home/airflow/.local/lib/python3.12/site-packages/airflow/example_dags/example_trigger_target_dag.py
[2025-02-19T09:50:36.995+0000] {processor.py:914} INFO - Processing file /home/airflow/.local/lib/python3.12/site-packages/airflow/example_dags/example_trigger_target_dag.py for tasks to queue
[2025-02-19T09:50:36.997+0000] {logging_mixin.py:190} INFO - [2025-02-19T09:50:36.996+0000] {dagbag.py:587} INFO - Filling up the DagBag from /home/airflow/.local/lib/python3.12/site-packages/airflow/example_dags/example_trigger_target_dag.py
[2025-02-19T09:50:37.003+0000] {processor.py:925} INFO - DAG(s) 'example_trigger_target_dag' retrieved from /home/airflow/.local/lib/python3.12/site-packages/airflow/example_dags/example_trigger_target_dag.py
[2025-02-19T09:50:37.019+0000] {logging_mixin.py:190} INFO - [2025-02-19T09:50:37.019+0000] {dag.py:3229} INFO - Sync 1 DAGs
[2025-02-19T09:50:37.031+0000] {logging_mixin.py:190} INFO - [2025-02-19T09:50:37.031+0000] {dag.py:4156} INFO - Setting next_dagrun for example_trigger_target_dag to None, run_after=None
[2025-02-19T09:50:37.046+0000] {processor.py:208} INFO - Processing /home/airflow/.local/lib/python3.12/site-packages/airflow/example_dags/example_trigger_target_dag.py took 0.057 seconds
[2025-02-19T09:51:07.414+0000] {processor.py:186} INFO - Started process (PID=1692) to work on /home/airflow/.local/lib/python3.12/site-packages/airflow/example_dags/example_trigger_target_dag.py
[2025-02-19T09:51:07.416+0000] {processor.py:914} INFO - Processing file /home/airflow/.local/lib/python3.12/site-packages/airflow/example_dags/example_trigger_target_dag.py for tasks to queue
[2025-02-19T09:51:07.417+0000] {logging_mixin.py:190} INFO - [2025-02-19T09:51:07.417+0000] {dagbag.py:587} INFO - Filling up the DagBag from /home/airflow/.local/lib/python3.12/site-packages/airflow/example_dags/example_trigger_target_dag.py
[2025-02-19T09:51:07.424+0000] {processor.py:925} INFO - DAG(s) 'example_trigger_target_dag' retrieved from /home/airflow/.local/lib/python3.12/site-packages/airflow/example_dags/example_trigger_target_dag.py
[2025-02-19T09:51:07.440+0000] {logging_mixin.py:190} INFO - [2025-02-19T09:51:07.439+0000] {dag.py:3229} INFO - Sync 1 DAGs
[2025-02-19T09:51:07.451+0000] {logging_mixin.py:190} INFO - [2025-02-19T09:51:07.450+0000] {dag.py:4156} INFO - Setting next_dagrun for example_trigger_target_dag to None, run_after=None
[2025-02-19T09:51:07.465+0000] {processor.py:208} INFO - Processing /home/airflow/.local/lib/python3.12/site-packages/airflow/example_dags/example_trigger_target_dag.py took 0.054 seconds
[2025-02-19T09:51:37.649+0000] {processor.py:186} INFO - Started process (PID=1756) to work on /home/airflow/.local/lib/python3.12/site-packages/airflow/example_dags/example_trigger_target_dag.py
[2025-02-19T09:51:37.650+0000] {processor.py:914} INFO - Processing file /home/airflow/.local/lib/python3.12/site-packages/airflow/example_dags/example_trigger_target_dag.py for tasks to queue
[2025-02-19T09:51:37.652+0000] {logging_mixin.py:190} INFO - [2025-02-19T09:51:37.651+0000] {dagbag.py:587} INFO - Filling up the DagBag from /home/airflow/.local/lib/python3.12/site-packages/airflow/example_dags/example_trigger_target_dag.py
[2025-02-19T09:51:37.658+0000] {processor.py:925} INFO - DAG(s) 'example_trigger_target_dag' retrieved from /home/airflow/.local/lib/python3.12/site-packages/airflow/example_dags/example_trigger_target_dag.py
[2025-02-19T09:51:37.676+0000] {logging_mixin.py:190} INFO - [2025-02-19T09:51:37.676+0000] {dag.py:3229} INFO - Sync 1 DAGs
[2025-02-19T09:51:37.687+0000] {logging_mixin.py:190} INFO - [2025-02-19T09:51:37.687+0000] {dag.py:4156} INFO - Setting next_dagrun for example_trigger_target_dag to None, run_after=None
[2025-02-19T09:51:37.703+0000] {processor.py:208} INFO - Processing /home/airflow/.local/lib/python3.12/site-packages/airflow/example_dags/example_trigger_target_dag.py took 0.059 seconds
[2025-02-19T09:52:08.006+0000] {processor.py:186} INFO - Started process (PID=1820) to work on /home/airflow/.local/lib/python3.12/site-packages/airflow/example_dags/example_trigger_target_dag.py
[2025-02-19T09:52:08.007+0000] {processor.py:914} INFO - Processing file /home/airflow/.local/lib/python3.12/site-packages/airflow/example_dags/example_trigger_target_dag.py for tasks to queue
[2025-02-19T09:52:08.009+0000] {logging_mixin.py:190} INFO - [2025-02-19T09:52:08.009+0000] {dagbag.py:587} INFO - Filling up the DagBag from /home/airflow/.local/lib/python3.12/site-packages/airflow/example_dags/example_trigger_target_dag.py
[2025-02-19T09:52:08.017+0000] {processor.py:925} INFO - DAG(s) 'example_trigger_target_dag' retrieved from /home/airflow/.local/lib/python3.12/site-packages/airflow/example_dags/example_trigger_target_dag.py
[2025-02-19T09:52:08.036+0000] {logging_mixin.py:190} INFO - [2025-02-19T09:52:08.035+0000] {dag.py:3229} INFO - Sync 1 DAGs
[2025-02-19T09:52:08.048+0000] {logging_mixin.py:190} INFO - [2025-02-19T09:52:08.048+0000] {dag.py:4156} INFO - Setting next_dagrun for example_trigger_target_dag to None, run_after=None
[2025-02-19T09:52:08.066+0000] {processor.py:208} INFO - Processing /home/airflow/.local/lib/python3.12/site-packages/airflow/example_dags/example_trigger_target_dag.py took 0.065 seconds
[2025-02-19T09:52:38.123+0000] {processor.py:186} INFO - Started process (PID=1884) to work on /home/airflow/.local/lib/python3.12/site-packages/airflow/example_dags/example_trigger_target_dag.py
[2025-02-19T09:52:38.124+0000] {processor.py:914} INFO - Processing file /home/airflow/.local/lib/python3.12/site-packages/airflow/example_dags/example_trigger_target_dag.py for tasks to queue
[2025-02-19T09:52:38.126+0000] {logging_mixin.py:190} INFO - [2025-02-19T09:52:38.126+0000] {dagbag.py:587} INFO - Filling up the DagBag from /home/airflow/.local/lib/python3.12/site-packages/airflow/example_dags/example_trigger_target_dag.py
[2025-02-19T09:52:38.132+0000] {processor.py:925} INFO - DAG(s) 'example_trigger_target_dag' retrieved from /home/airflow/.local/lib/python3.12/site-packages/airflow/example_dags/example_trigger_target_dag.py
[2025-02-19T09:52:38.147+0000] {logging_mixin.py:190} INFO - [2025-02-19T09:52:38.147+0000] {dag.py:3229} INFO - Sync 1 DAGs
[2025-02-19T09:52:38.159+0000] {logging_mixin.py:190} INFO - [2025-02-19T09:52:38.159+0000] {dag.py:4156} INFO - Setting next_dagrun for example_trigger_target_dag to None, run_after=None
[2025-02-19T09:52:38.175+0000] {processor.py:208} INFO - Processing /home/airflow/.local/lib/python3.12/site-packages/airflow/example_dags/example_trigger_target_dag.py took 0.056 seconds
[2025-02-19T09:53:08.623+0000] {processor.py:186} INFO - Started process (PID=1948) to work on /home/airflow/.local/lib/python3.12/site-packages/airflow/example_dags/example_trigger_target_dag.py
[2025-02-19T09:53:08.625+0000] {processor.py:914} INFO - Processing file /home/airflow/.local/lib/python3.12/site-packages/airflow/example_dags/example_trigger_target_dag.py for tasks to queue
[2025-02-19T09:53:08.627+0000] {logging_mixin.py:190} INFO - [2025-02-19T09:53:08.626+0000] {dagbag.py:587} INFO - Filling up the DagBag from /home/airflow/.local/lib/python3.12/site-packages/airflow/example_dags/example_trigger_target_dag.py
[2025-02-19T09:53:08.634+0000] {processor.py:925} INFO - DAG(s) 'example_trigger_target_dag' retrieved from /home/airflow/.local/lib/python3.12/site-packages/airflow/example_dags/example_trigger_target_dag.py
[2025-02-19T09:53:08.652+0000] {logging_mixin.py:190} INFO - [2025-02-19T09:53:08.652+0000] {dag.py:3229} INFO - Sync 1 DAGs
[2025-02-19T09:53:08.665+0000] {logging_mixin.py:190} INFO - [2025-02-19T09:53:08.665+0000] {dag.py:4156} INFO - Setting next_dagrun for example_trigger_target_dag to None, run_after=None
[2025-02-19T09:53:08.681+0000] {processor.py:208} INFO - Processing /home/airflow/.local/lib/python3.12/site-packages/airflow/example_dags/example_trigger_target_dag.py took 0.062 seconds
[2025-02-19T09:53:39.007+0000] {processor.py:186} INFO - Started process (PID=2012) to work on /home/airflow/.local/lib/python3.12/site-packages/airflow/example_dags/example_trigger_target_dag.py
[2025-02-19T09:53:39.017+0000] {processor.py:914} INFO - Processing file /home/airflow/.local/lib/python3.12/site-packages/airflow/example_dags/example_trigger_target_dag.py for tasks to queue
[2025-02-19T09:53:39.019+0000] {logging_mixin.py:190} INFO - [2025-02-19T09:53:39.019+0000] {dagbag.py:587} INFO - Filling up the DagBag from /home/airflow/.local/lib/python3.12/site-packages/airflow/example_dags/example_trigger_target_dag.py
[2025-02-19T09:53:39.026+0000] {processor.py:925} INFO - DAG(s) 'example_trigger_target_dag' retrieved from /home/airflow/.local/lib/python3.12/site-packages/airflow/example_dags/example_trigger_target_dag.py
[2025-02-19T09:53:39.044+0000] {logging_mixin.py:190} INFO - [2025-02-19T09:53:39.043+0000] {dag.py:3229} INFO - Sync 1 DAGs
[2025-02-19T09:53:39.056+0000] {logging_mixin.py:190} INFO - [2025-02-19T09:53:39.055+0000] {dag.py:4156} INFO - Setting next_dagrun for example_trigger_target_dag to None, run_after=None
[2025-02-19T09:53:39.072+0000] {processor.py:208} INFO - Processing /home/airflow/.local/lib/python3.12/site-packages/airflow/example_dags/example_trigger_target_dag.py took 0.070 seconds
[2025-02-19T09:54:09.321+0000] {processor.py:186} INFO - Started process (PID=2076) to work on /home/airflow/.local/lib/python3.12/site-packages/airflow/example_dags/example_trigger_target_dag.py
[2025-02-19T09:54:09.322+0000] {processor.py:914} INFO - Processing file /home/airflow/.local/lib/python3.12/site-packages/airflow/example_dags/example_trigger_target_dag.py for tasks to queue
[2025-02-19T09:54:09.324+0000] {logging_mixin.py:190} INFO - [2025-02-19T09:54:09.324+0000] {dagbag.py:587} INFO - Filling up the DagBag from /home/airflow/.local/lib/python3.12/site-packages/airflow/example_dags/example_trigger_target_dag.py
[2025-02-19T09:54:09.330+0000] {processor.py:925} INFO - DAG(s) 'example_trigger_target_dag' retrieved from /home/airflow/.local/lib/python3.12/site-packages/airflow/example_dags/example_trigger_target_dag.py
[2025-02-19T09:54:09.345+0000] {logging_mixin.py:190} INFO - [2025-02-19T09:54:09.345+0000] {dag.py:3229} INFO - Sync 1 DAGs
[2025-02-19T09:54:09.356+0000] {logging_mixin.py:190} INFO - [2025-02-19T09:54:09.356+0000] {dag.py:4156} INFO - Setting next_dagrun for example_trigger_target_dag to None, run_after=None
[2025-02-19T09:54:09.372+0000] {processor.py:208} INFO - Processing /home/airflow/.local/lib/python3.12/site-packages/airflow/example_dags/example_trigger_target_dag.py took 0.055 seconds
[2025-02-19T09:54:39.568+0000] {processor.py:186} INFO - Started process (PID=2140) to work on /home/airflow/.local/lib/python3.12/site-packages/airflow/example_dags/example_trigger_target_dag.py
[2025-02-19T09:54:39.569+0000] {processor.py:914} INFO - Processing file /home/airflow/.local/lib/python3.12/site-packages/airflow/example_dags/example_trigger_target_dag.py for tasks to queue
[2025-02-19T09:54:39.571+0000] {logging_mixin.py:190} INFO - [2025-02-19T09:54:39.571+0000] {dagbag.py:587} INFO - Filling up the DagBag from /home/airflow/.local/lib/python3.12/site-packages/airflow/example_dags/example_trigger_target_dag.py
[2025-02-19T09:54:39.577+0000] {processor.py:925} INFO - DAG(s) 'example_trigger_target_dag' retrieved from /home/airflow/.local/lib/python3.12/site-packages/airflow/example_dags/example_trigger_target_dag.py
[2025-02-19T09:54:39.594+0000] {logging_mixin.py:190} INFO - [2025-02-19T09:54:39.593+0000] {dag.py:3229} INFO - Sync 1 DAGs
[2025-02-19T09:54:39.605+0000] {logging_mixin.py:190} INFO - [2025-02-19T09:54:39.605+0000] {dag.py:4156} INFO - Setting next_dagrun for example_trigger_target_dag to None, run_after=None
[2025-02-19T09:54:39.621+0000] {processor.py:208} INFO - Processing /home/airflow/.local/lib/python3.12/site-packages/airflow/example_dags/example_trigger_target_dag.py took 0.057 seconds
[2025-02-19T09:55:09.897+0000] {processor.py:186} INFO - Started process (PID=2204) to work on /home/airflow/.local/lib/python3.12/site-packages/airflow/example_dags/example_trigger_target_dag.py
[2025-02-19T09:55:09.898+0000] {processor.py:914} INFO - Processing file /home/airflow/.local/lib/python3.12/site-packages/airflow/example_dags/example_trigger_target_dag.py for tasks to queue
[2025-02-19T09:55:09.900+0000] {logging_mixin.py:190} INFO - [2025-02-19T09:55:09.899+0000] {dagbag.py:587} INFO - Filling up the DagBag from /home/airflow/.local/lib/python3.12/site-packages/airflow/example_dags/example_trigger_target_dag.py
[2025-02-19T09:55:09.906+0000] {processor.py:925} INFO - DAG(s) 'example_trigger_target_dag' retrieved from /home/airflow/.local/lib/python3.12/site-packages/airflow/example_dags/example_trigger_target_dag.py
[2025-02-19T09:55:09.923+0000] {logging_mixin.py:190} INFO - [2025-02-19T09:55:09.922+0000] {dag.py:3229} INFO - Sync 1 DAGs
[2025-02-19T09:55:09.934+0000] {logging_mixin.py:190} INFO - [2025-02-19T09:55:09.934+0000] {dag.py:4156} INFO - Setting next_dagrun for example_trigger_target_dag to None, run_after=None
[2025-02-19T09:55:09.951+0000] {processor.py:208} INFO - Processing /home/airflow/.local/lib/python3.12/site-packages/airflow/example_dags/example_trigger_target_dag.py took 0.058 seconds
[2025-02-19T09:55:40.245+0000] {processor.py:186} INFO - Started process (PID=2268) to work on /home/airflow/.local/lib/python3.12/site-packages/airflow/example_dags/example_trigger_target_dag.py
[2025-02-19T09:55:40.247+0000] {processor.py:914} INFO - Processing file /home/airflow/.local/lib/python3.12/site-packages/airflow/example_dags/example_trigger_target_dag.py for tasks to queue
[2025-02-19T09:55:40.249+0000] {logging_mixin.py:190} INFO - [2025-02-19T09:55:40.248+0000] {dagbag.py:587} INFO - Filling up the DagBag from /home/airflow/.local/lib/python3.12/site-packages/airflow/example_dags/example_trigger_target_dag.py
[2025-02-19T09:55:40.255+0000] {processor.py:925} INFO - DAG(s) 'example_trigger_target_dag' retrieved from /home/airflow/.local/lib/python3.12/site-packages/airflow/example_dags/example_trigger_target_dag.py
[2025-02-19T09:55:40.274+0000] {logging_mixin.py:190} INFO - [2025-02-19T09:55:40.273+0000] {dag.py:3229} INFO - Sync 1 DAGs
[2025-02-19T09:55:40.286+0000] {logging_mixin.py:190} INFO - [2025-02-19T09:55:40.285+0000] {dag.py:4156} INFO - Setting next_dagrun for example_trigger_target_dag to None, run_after=None
[2025-02-19T09:55:40.302+0000] {processor.py:208} INFO - Processing /home/airflow/.local/lib/python3.12/site-packages/airflow/example_dags/example_trigger_target_dag.py took 0.061 seconds
[2025-02-19T09:56:10.723+0000] {processor.py:186} INFO - Started process (PID=2333) to work on /home/airflow/.local/lib/python3.12/site-packages/airflow/example_dags/example_trigger_target_dag.py
[2025-02-19T09:56:10.724+0000] {processor.py:914} INFO - Processing file /home/airflow/.local/lib/python3.12/site-packages/airflow/example_dags/example_trigger_target_dag.py for tasks to queue
[2025-02-19T09:56:10.726+0000] {logging_mixin.py:190} INFO - [2025-02-19T09:56:10.726+0000] {dagbag.py:587} INFO - Filling up the DagBag from /home/airflow/.local/lib/python3.12/site-packages/airflow/example_dags/example_trigger_target_dag.py
[2025-02-19T09:56:10.733+0000] {processor.py:925} INFO - DAG(s) 'example_trigger_target_dag' retrieved from /home/airflow/.local/lib/python3.12/site-packages/airflow/example_dags/example_trigger_target_dag.py
[2025-02-19T09:56:10.750+0000] {logging_mixin.py:190} INFO - [2025-02-19T09:56:10.750+0000] {dag.py:3229} INFO - Sync 1 DAGs
[2025-02-19T09:56:10.762+0000] {logging_mixin.py:190} INFO - [2025-02-19T09:56:10.762+0000] {dag.py:4156} INFO - Setting next_dagrun for example_trigger_target_dag to None, run_after=None
[2025-02-19T09:56:10.779+0000] {processor.py:208} INFO - Processing /home/airflow/.local/lib/python3.12/site-packages/airflow/example_dags/example_trigger_target_dag.py took 0.061 seconds
[2025-02-19T09:56:40.981+0000] {processor.py:186} INFO - Started process (PID=2397) to work on /home/airflow/.local/lib/python3.12/site-packages/airflow/example_dags/example_trigger_target_dag.py
[2025-02-19T09:56:40.982+0000] {processor.py:914} INFO - Processing file /home/airflow/.local/lib/python3.12/site-packages/airflow/example_dags/example_trigger_target_dag.py for tasks to queue
[2025-02-19T09:56:40.984+0000] {logging_mixin.py:190} INFO - [2025-02-19T09:56:40.984+0000] {dagbag.py:587} INFO - Filling up the DagBag from /home/airflow/.local/lib/python3.12/site-packages/airflow/example_dags/example_trigger_target_dag.py
[2025-02-19T09:56:40.993+0000] {processor.py:925} INFO - DAG(s) 'example_trigger_target_dag' retrieved from /home/airflow/.local/lib/python3.12/site-packages/airflow/example_dags/example_trigger_target_dag.py
[2025-02-19T09:56:41.014+0000] {logging_mixin.py:190} INFO - [2025-02-19T09:56:41.014+0000] {dag.py:3229} INFO - Sync 1 DAGs
[2025-02-19T09:56:41.028+0000] {logging_mixin.py:190} INFO - [2025-02-19T09:56:41.027+0000] {dag.py:4156} INFO - Setting next_dagrun for example_trigger_target_dag to None, run_after=None
[2025-02-19T09:56:41.046+0000] {processor.py:208} INFO - Processing /home/airflow/.local/lib/python3.12/site-packages/airflow/example_dags/example_trigger_target_dag.py took 0.069 seconds
[2025-02-19T09:57:11.153+0000] {processor.py:186} INFO - Started process (PID=2461) to work on /home/airflow/.local/lib/python3.12/site-packages/airflow/example_dags/example_trigger_target_dag.py
[2025-02-19T09:57:11.154+0000] {processor.py:914} INFO - Processing file /home/airflow/.local/lib/python3.12/site-packages/airflow/example_dags/example_trigger_target_dag.py for tasks to queue
[2025-02-19T09:57:11.156+0000] {logging_mixin.py:190} INFO - [2025-02-19T09:57:11.156+0000] {dagbag.py:587} INFO - Filling up the DagBag from /home/airflow/.local/lib/python3.12/site-packages/airflow/example_dags/example_trigger_target_dag.py
[2025-02-19T09:57:11.163+0000] {processor.py:925} INFO - DAG(s) 'example_trigger_target_dag' retrieved from /home/airflow/.local/lib/python3.12/site-packages/airflow/example_dags/example_trigger_target_dag.py
[2025-02-19T09:57:11.178+0000] {logging_mixin.py:190} INFO - [2025-02-19T09:57:11.178+0000] {dag.py:3229} INFO - Sync 1 DAGs
[2025-02-19T09:57:11.190+0000] {logging_mixin.py:190} INFO - [2025-02-19T09:57:11.190+0000] {dag.py:4156} INFO - Setting next_dagrun for example_trigger_target_dag to None, run_after=None
[2025-02-19T09:57:11.209+0000] {processor.py:208} INFO - Processing /home/airflow/.local/lib/python3.12/site-packages/airflow/example_dags/example_trigger_target_dag.py took 0.060 seconds
[2025-02-19T09:57:41.662+0000] {processor.py:186} INFO - Started process (PID=2526) to work on /home/airflow/.local/lib/python3.12/site-packages/airflow/example_dags/example_trigger_target_dag.py
[2025-02-19T09:57:41.664+0000] {processor.py:914} INFO - Processing file /home/airflow/.local/lib/python3.12/site-packages/airflow/example_dags/example_trigger_target_dag.py for tasks to queue
[2025-02-19T09:57:41.665+0000] {logging_mixin.py:190} INFO - [2025-02-19T09:57:41.665+0000] {dagbag.py:587} INFO - Filling up the DagBag from /home/airflow/.local/lib/python3.12/site-packages/airflow/example_dags/example_trigger_target_dag.py
[2025-02-19T09:57:41.672+0000] {processor.py:925} INFO - DAG(s) 'example_trigger_target_dag' retrieved from /home/airflow/.local/lib/python3.12/site-packages/airflow/example_dags/example_trigger_target_dag.py
[2025-02-19T09:57:41.689+0000] {logging_mixin.py:190} INFO - [2025-02-19T09:57:41.689+0000] {dag.py:3229} INFO - Sync 1 DAGs
[2025-02-19T09:57:41.701+0000] {logging_mixin.py:190} INFO - [2025-02-19T09:57:41.700+0000] {dag.py:4156} INFO - Setting next_dagrun for example_trigger_target_dag to None, run_after=None
[2025-02-19T09:57:41.716+0000] {processor.py:208} INFO - Processing /home/airflow/.local/lib/python3.12/site-packages/airflow/example_dags/example_trigger_target_dag.py took 0.058 seconds
[2025-02-19T09:58:12.328+0000] {processor.py:186} INFO - Started process (PID=2591) to work on /home/airflow/.local/lib/python3.12/site-packages/airflow/example_dags/example_trigger_target_dag.py
[2025-02-19T09:58:12.329+0000] {processor.py:914} INFO - Processing file /home/airflow/.local/lib/python3.12/site-packages/airflow/example_dags/example_trigger_target_dag.py for tasks to queue
[2025-02-19T09:58:12.331+0000] {logging_mixin.py:190} INFO - [2025-02-19T09:58:12.331+0000] {dagbag.py:587} INFO - Filling up the DagBag from /home/airflow/.local/lib/python3.12/site-packages/airflow/example_dags/example_trigger_target_dag.py
[2025-02-19T09:58:12.339+0000] {processor.py:925} INFO - DAG(s) 'example_trigger_target_dag' retrieved from /home/airflow/.local/lib/python3.12/site-packages/airflow/example_dags/example_trigger_target_dag.py
[2025-02-19T09:58:12.359+0000] {logging_mixin.py:190} INFO - [2025-02-19T09:58:12.359+0000] {dag.py:3229} INFO - Sync 1 DAGs
[2025-02-19T09:58:12.372+0000] {logging_mixin.py:190} INFO - [2025-02-19T09:58:12.372+0000] {dag.py:4156} INFO - Setting next_dagrun for example_trigger_target_dag to None, run_after=None
[2025-02-19T09:58:12.392+0000] {processor.py:208} INFO - Processing /home/airflow/.local/lib/python3.12/site-packages/airflow/example_dags/example_trigger_target_dag.py took 0.071 seconds
[2025-02-19T09:58:42.422+0000] {processor.py:186} INFO - Started process (PID=2660) to work on /home/airflow/.local/lib/python3.12/site-packages/airflow/example_dags/example_trigger_target_dag.py
[2025-02-19T09:58:42.423+0000] {processor.py:914} INFO - Processing file /home/airflow/.local/lib/python3.12/site-packages/airflow/example_dags/example_trigger_target_dag.py for tasks to queue
[2025-02-19T09:58:42.425+0000] {logging_mixin.py:190} INFO - [2025-02-19T09:58:42.425+0000] {dagbag.py:587} INFO - Filling up the DagBag from /home/airflow/.local/lib/python3.12/site-packages/airflow/example_dags/example_trigger_target_dag.py
[2025-02-19T09:58:42.436+0000] {processor.py:925} INFO - DAG(s) 'example_trigger_target_dag' retrieved from /home/airflow/.local/lib/python3.12/site-packages/airflow/example_dags/example_trigger_target_dag.py
[2025-02-19T09:58:42.456+0000] {logging_mixin.py:190} INFO - [2025-02-19T09:58:42.455+0000] {dag.py:3229} INFO - Sync 1 DAGs
[2025-02-19T09:58:42.468+0000] {logging_mixin.py:190} INFO - [2025-02-19T09:58:42.467+0000] {dag.py:4156} INFO - Setting next_dagrun for example_trigger_target_dag to None, run_after=None
[2025-02-19T09:58:42.485+0000] {processor.py:208} INFO - Processing /home/airflow/.local/lib/python3.12/site-packages/airflow/example_dags/example_trigger_target_dag.py took 0.068 seconds
[2025-02-19T09:59:12.733+0000] {processor.py:186} INFO - Started process (PID=2724) to work on /home/airflow/.local/lib/python3.12/site-packages/airflow/example_dags/example_trigger_target_dag.py
[2025-02-19T09:59:12.735+0000] {processor.py:914} INFO - Processing file /home/airflow/.local/lib/python3.12/site-packages/airflow/example_dags/example_trigger_target_dag.py for tasks to queue
[2025-02-19T09:59:12.737+0000] {logging_mixin.py:190} INFO - [2025-02-19T09:59:12.736+0000] {dagbag.py:587} INFO - Filling up the DagBag from /home/airflow/.local/lib/python3.12/site-packages/airflow/example_dags/example_trigger_target_dag.py
[2025-02-19T09:59:12.744+0000] {processor.py:925} INFO - DAG(s) 'example_trigger_target_dag' retrieved from /home/airflow/.local/lib/python3.12/site-packages/airflow/example_dags/example_trigger_target_dag.py
[2025-02-19T09:59:12.762+0000] {logging_mixin.py:190} INFO - [2025-02-19T09:59:12.761+0000] {dag.py:3229} INFO - Sync 1 DAGs
[2025-02-19T09:59:12.774+0000] {logging_mixin.py:190} INFO - [2025-02-19T09:59:12.773+0000] {dag.py:4156} INFO - Setting next_dagrun for example_trigger_target_dag to None, run_after=None
[2025-02-19T09:59:12.790+0000] {processor.py:208} INFO - Processing /home/airflow/.local/lib/python3.12/site-packages/airflow/example_dags/example_trigger_target_dag.py took 0.061 seconds
[2025-02-19T10:23:12.090+0000] {logging_mixin.py:190} INFO - [2025-02-19T10:23:12.089+0000] {settings.py:475} DEBUG - Setting up DB connection pool (PID 67)
[2025-02-19T10:23:12.091+0000] {logging_mixin.py:190} INFO - [2025-02-19T10:23:12.091+0000] {settings.py:579} DEBUG - settings.prepare_engine_args(): Using pool settings. pool_size=5, max_overflow=10, pool_recycle=1800, pid=67
[2025-02-19T10:23:12.096+0000] {processor.py:186} INFO - Started process (PID=67) to work on /home/airflow/.local/lib/python3.12/site-packages/airflow/example_dags/example_trigger_target_dag.py
[2025-02-19T10:23:12.096+0000] {processor.py:914} INFO - Processing file /home/airflow/.local/lib/python3.12/site-packages/airflow/example_dags/example_trigger_target_dag.py for tasks to queue
[2025-02-19T10:23:12.097+0000] {logging_mixin.py:190} INFO - [2025-02-19T10:23:12.096+0000] {dagbag.py:587} INFO - Filling up the DagBag from /home/airflow/.local/lib/python3.12/site-packages/airflow/example_dags/example_trigger_target_dag.py
[2025-02-19T10:23:12.098+0000] {logging_mixin.py:190} INFO - [2025-02-19T10:23:12.097+0000] {dagbag.py:368} DEBUG - Importing /home/airflow/.local/lib/python3.12/site-packages/airflow/example_dags/example_trigger_target_dag.py
[2025-02-19T10:23:12.105+0000] {logging_mixin.py:190} INFO - [2025-02-19T10:23:12.104+0000] {dagbag.py:553} DEBUG - Loaded DAG <DAG: example_trigger_target_dag>
[2025-02-19T10:23:12.106+0000] {processor.py:925} INFO - DAG(s) 'example_trigger_target_dag' retrieved from /home/airflow/.local/lib/python3.12/site-packages/airflow/example_dags/example_trigger_target_dag.py
[2025-02-19T10:23:12.106+0000] {logging_mixin.py:190} INFO - [2025-02-19T10:23:12.106+0000] {dagbag.py:710} DEBUG - Running dagbag.sync_to_db with retries. Try 1 of 3
[2025-02-19T10:23:12.107+0000] {logging_mixin.py:190} INFO - [2025-02-19T10:23:12.107+0000] {dagbag.py:715} DEBUG - Calling the DAG.bulk_sync_to_db method
[2025-02-19T10:23:12.117+0000] {logging_mixin.py:190} INFO - [2025-02-19T10:23:12.117+0000] {serialized_dag.py:168} DEBUG - Checking if DAG (example_trigger_target_dag) changed
[2025-02-19T10:23:12.124+0000] {logging_mixin.py:190} INFO - [2025-02-19T10:23:12.124+0000] {serialized_dag.py:179} DEBUG - Serialized DAG (example_trigger_target_dag) is unchanged. Skipping writing to DB
[2025-02-19T10:23:12.124+0000] {logging_mixin.py:190} INFO - [2025-02-19T10:23:12.124+0000] {dag.py:3229} INFO - Sync 1 DAGs
[2025-02-19T10:23:12.139+0000] {logging_mixin.py:190} INFO - [2025-02-19T10:23:12.139+0000] {dag.py:4156} INFO - Setting next_dagrun for example_trigger_target_dag to None, run_after=None
[2025-02-19T10:23:12.157+0000] {processor.py:208} INFO - Processing /home/airflow/.local/lib/python3.12/site-packages/airflow/example_dags/example_trigger_target_dag.py took 0.068 seconds
[2025-02-19T10:23:54.482+0000] {logging_mixin.py:190} INFO - [2025-02-19T10:23:54.482+0000] {settings.py:475} DEBUG - Setting up DB connection pool (PID 137)
[2025-02-19T10:23:54.483+0000] {logging_mixin.py:190} INFO - [2025-02-19T10:23:54.483+0000] {settings.py:579} DEBUG - settings.prepare_engine_args(): Using pool settings. pool_size=5, max_overflow=10, pool_recycle=1800, pid=137
[2025-02-19T10:23:54.488+0000] {processor.py:186} INFO - Started process (PID=137) to work on /home/airflow/.local/lib/python3.12/site-packages/airflow/example_dags/example_trigger_target_dag.py
[2025-02-19T10:23:54.488+0000] {processor.py:914} INFO - Processing file /home/airflow/.local/lib/python3.12/site-packages/airflow/example_dags/example_trigger_target_dag.py for tasks to queue
[2025-02-19T10:23:54.489+0000] {logging_mixin.py:190} INFO - [2025-02-19T10:23:54.489+0000] {dagbag.py:587} INFO - Filling up the DagBag from /home/airflow/.local/lib/python3.12/site-packages/airflow/example_dags/example_trigger_target_dag.py
[2025-02-19T10:23:54.490+0000] {logging_mixin.py:190} INFO - [2025-02-19T10:23:54.490+0000] {dagbag.py:368} DEBUG - Importing /home/airflow/.local/lib/python3.12/site-packages/airflow/example_dags/example_trigger_target_dag.py
[2025-02-19T10:23:54.499+0000] {logging_mixin.py:190} INFO - [2025-02-19T10:23:54.498+0000] {dagbag.py:553} DEBUG - Loaded DAG <DAG: example_trigger_target_dag>
[2025-02-19T10:23:54.499+0000] {processor.py:925} INFO - DAG(s) 'example_trigger_target_dag' retrieved from /home/airflow/.local/lib/python3.12/site-packages/airflow/example_dags/example_trigger_target_dag.py
[2025-02-19T10:23:54.500+0000] {logging_mixin.py:190} INFO - [2025-02-19T10:23:54.500+0000] {dagbag.py:710} DEBUG - Running dagbag.sync_to_db with retries. Try 1 of 3
[2025-02-19T10:23:54.500+0000] {logging_mixin.py:190} INFO - [2025-02-19T10:23:54.500+0000] {dagbag.py:715} DEBUG - Calling the DAG.bulk_sync_to_db method
[2025-02-19T10:23:54.512+0000] {logging_mixin.py:190} INFO - [2025-02-19T10:23:54.511+0000] {serialized_dag.py:168} DEBUG - Checking if DAG (example_trigger_target_dag) changed
[2025-02-19T10:23:54.520+0000] {logging_mixin.py:190} INFO - [2025-02-19T10:23:54.519+0000] {serialized_dag.py:179} DEBUG - Serialized DAG (example_trigger_target_dag) is unchanged. Skipping writing to DB
[2025-02-19T10:23:54.520+0000] {logging_mixin.py:190} INFO - [2025-02-19T10:23:54.520+0000] {dag.py:3229} INFO - Sync 1 DAGs
[2025-02-19T10:23:54.534+0000] {logging_mixin.py:190} INFO - [2025-02-19T10:23:54.533+0000] {dag.py:4156} INFO - Setting next_dagrun for example_trigger_target_dag to None, run_after=None
[2025-02-19T10:23:54.555+0000] {processor.py:208} INFO - Processing /home/airflow/.local/lib/python3.12/site-packages/airflow/example_dags/example_trigger_target_dag.py took 0.074 seconds
[2025-02-19T10:24:25.443+0000] {logging_mixin.py:190} INFO - [2025-02-19T10:24:25.443+0000] {settings.py:475} DEBUG - Setting up DB connection pool (PID 201)
[2025-02-19T10:24:25.444+0000] {logging_mixin.py:190} INFO - [2025-02-19T10:24:25.444+0000] {settings.py:579} DEBUG - settings.prepare_engine_args(): Using pool settings. pool_size=5, max_overflow=10, pool_recycle=1800, pid=201
[2025-02-19T10:24:25.448+0000] {processor.py:186} INFO - Started process (PID=201) to work on /home/airflow/.local/lib/python3.12/site-packages/airflow/example_dags/example_trigger_target_dag.py
[2025-02-19T10:24:25.449+0000] {processor.py:914} INFO - Processing file /home/airflow/.local/lib/python3.12/site-packages/airflow/example_dags/example_trigger_target_dag.py for tasks to queue
[2025-02-19T10:24:25.450+0000] {logging_mixin.py:190} INFO - [2025-02-19T10:24:25.449+0000] {dagbag.py:587} INFO - Filling up the DagBag from /home/airflow/.local/lib/python3.12/site-packages/airflow/example_dags/example_trigger_target_dag.py
[2025-02-19T10:24:25.451+0000] {logging_mixin.py:190} INFO - [2025-02-19T10:24:25.451+0000] {dagbag.py:368} DEBUG - Importing /home/airflow/.local/lib/python3.12/site-packages/airflow/example_dags/example_trigger_target_dag.py
[2025-02-19T10:24:25.457+0000] {logging_mixin.py:190} INFO - [2025-02-19T10:24:25.456+0000] {dagbag.py:553} DEBUG - Loaded DAG <DAG: example_trigger_target_dag>
[2025-02-19T10:24:25.458+0000] {processor.py:925} INFO - DAG(s) 'example_trigger_target_dag' retrieved from /home/airflow/.local/lib/python3.12/site-packages/airflow/example_dags/example_trigger_target_dag.py
[2025-02-19T10:24:25.458+0000] {logging_mixin.py:190} INFO - [2025-02-19T10:24:25.458+0000] {dagbag.py:710} DEBUG - Running dagbag.sync_to_db with retries. Try 1 of 3
[2025-02-19T10:24:25.459+0000] {logging_mixin.py:190} INFO - [2025-02-19T10:24:25.458+0000] {dagbag.py:715} DEBUG - Calling the DAG.bulk_sync_to_db method
[2025-02-19T10:24:25.468+0000] {logging_mixin.py:190} INFO - [2025-02-19T10:24:25.468+0000] {serialized_dag.py:168} DEBUG - Checking if DAG (example_trigger_target_dag) changed
[2025-02-19T10:24:25.476+0000] {logging_mixin.py:190} INFO - [2025-02-19T10:24:25.475+0000] {serialized_dag.py:179} DEBUG - Serialized DAG (example_trigger_target_dag) is unchanged. Skipping writing to DB
[2025-02-19T10:24:25.476+0000] {logging_mixin.py:190} INFO - [2025-02-19T10:24:25.476+0000] {dag.py:3229} INFO - Sync 1 DAGs
[2025-02-19T10:24:25.488+0000] {logging_mixin.py:190} INFO - [2025-02-19T10:24:25.487+0000] {dag.py:4156} INFO - Setting next_dagrun for example_trigger_target_dag to None, run_after=None
[2025-02-19T10:24:25.503+0000] {processor.py:208} INFO - Processing /home/airflow/.local/lib/python3.12/site-packages/airflow/example_dags/example_trigger_target_dag.py took 0.061 seconds
[2025-02-19T10:24:56.282+0000] {logging_mixin.py:190} INFO - [2025-02-19T10:24:56.282+0000] {settings.py:475} DEBUG - Setting up DB connection pool (PID 270)
[2025-02-19T10:24:56.283+0000] {logging_mixin.py:190} INFO - [2025-02-19T10:24:56.283+0000] {settings.py:579} DEBUG - settings.prepare_engine_args(): Using pool settings. pool_size=5, max_overflow=10, pool_recycle=1800, pid=270
[2025-02-19T10:24:56.288+0000] {processor.py:186} INFO - Started process (PID=270) to work on /home/airflow/.local/lib/python3.12/site-packages/airflow/example_dags/example_trigger_target_dag.py
[2025-02-19T10:24:56.288+0000] {processor.py:914} INFO - Processing file /home/airflow/.local/lib/python3.12/site-packages/airflow/example_dags/example_trigger_target_dag.py for tasks to queue
[2025-02-19T10:24:56.290+0000] {logging_mixin.py:190} INFO - [2025-02-19T10:24:56.289+0000] {dagbag.py:587} INFO - Filling up the DagBag from /home/airflow/.local/lib/python3.12/site-packages/airflow/example_dags/example_trigger_target_dag.py
[2025-02-19T10:24:56.290+0000] {logging_mixin.py:190} INFO - [2025-02-19T10:24:56.290+0000] {dagbag.py:368} DEBUG - Importing /home/airflow/.local/lib/python3.12/site-packages/airflow/example_dags/example_trigger_target_dag.py
[2025-02-19T10:24:56.298+0000] {logging_mixin.py:190} INFO - [2025-02-19T10:24:56.297+0000] {dagbag.py:553} DEBUG - Loaded DAG <DAG: example_trigger_target_dag>
[2025-02-19T10:24:56.298+0000] {processor.py:925} INFO - DAG(s) 'example_trigger_target_dag' retrieved from /home/airflow/.local/lib/python3.12/site-packages/airflow/example_dags/example_trigger_target_dag.py
[2025-02-19T10:24:56.299+0000] {logging_mixin.py:190} INFO - [2025-02-19T10:24:56.299+0000] {dagbag.py:710} DEBUG - Running dagbag.sync_to_db with retries. Try 1 of 3
[2025-02-19T10:24:56.299+0000] {logging_mixin.py:190} INFO - [2025-02-19T10:24:56.299+0000] {dagbag.py:715} DEBUG - Calling the DAG.bulk_sync_to_db method
[2025-02-19T10:24:56.311+0000] {logging_mixin.py:190} INFO - [2025-02-19T10:24:56.311+0000] {serialized_dag.py:168} DEBUG - Checking if DAG (example_trigger_target_dag) changed
[2025-02-19T10:24:56.319+0000] {logging_mixin.py:190} INFO - [2025-02-19T10:24:56.319+0000] {serialized_dag.py:179} DEBUG - Serialized DAG (example_trigger_target_dag) is unchanged. Skipping writing to DB
[2025-02-19T10:24:56.320+0000] {logging_mixin.py:190} INFO - [2025-02-19T10:24:56.320+0000] {dag.py:3229} INFO - Sync 1 DAGs
[2025-02-19T10:24:56.332+0000] {logging_mixin.py:190} INFO - [2025-02-19T10:24:56.332+0000] {dag.py:4156} INFO - Setting next_dagrun for example_trigger_target_dag to None, run_after=None
[2025-02-19T10:24:56.349+0000] {processor.py:208} INFO - Processing /home/airflow/.local/lib/python3.12/site-packages/airflow/example_dags/example_trigger_target_dag.py took 0.067 seconds
[2025-02-19T10:25:26.521+0000] {logging_mixin.py:190} INFO - [2025-02-19T10:25:26.521+0000] {settings.py:475} DEBUG - Setting up DB connection pool (PID 334)
[2025-02-19T10:25:26.523+0000] {logging_mixin.py:190} INFO - [2025-02-19T10:25:26.523+0000] {settings.py:579} DEBUG - settings.prepare_engine_args(): Using pool settings. pool_size=5, max_overflow=10, pool_recycle=1800, pid=334
[2025-02-19T10:25:26.528+0000] {processor.py:186} INFO - Started process (PID=334) to work on /home/airflow/.local/lib/python3.12/site-packages/airflow/example_dags/example_trigger_target_dag.py
[2025-02-19T10:25:26.528+0000] {processor.py:914} INFO - Processing file /home/airflow/.local/lib/python3.12/site-packages/airflow/example_dags/example_trigger_target_dag.py for tasks to queue
[2025-02-19T10:25:26.529+0000] {logging_mixin.py:190} INFO - [2025-02-19T10:25:26.529+0000] {dagbag.py:587} INFO - Filling up the DagBag from /home/airflow/.local/lib/python3.12/site-packages/airflow/example_dags/example_trigger_target_dag.py
[2025-02-19T10:25:26.530+0000] {logging_mixin.py:190} INFO - [2025-02-19T10:25:26.530+0000] {dagbag.py:368} DEBUG - Importing /home/airflow/.local/lib/python3.12/site-packages/airflow/example_dags/example_trigger_target_dag.py
[2025-02-19T10:25:26.538+0000] {logging_mixin.py:190} INFO - [2025-02-19T10:25:26.537+0000] {dagbag.py:553} DEBUG - Loaded DAG <DAG: example_trigger_target_dag>
[2025-02-19T10:25:26.538+0000] {processor.py:925} INFO - DAG(s) 'example_trigger_target_dag' retrieved from /home/airflow/.local/lib/python3.12/site-packages/airflow/example_dags/example_trigger_target_dag.py
[2025-02-19T10:25:26.539+0000] {logging_mixin.py:190} INFO - [2025-02-19T10:25:26.539+0000] {dagbag.py:710} DEBUG - Running dagbag.sync_to_db with retries. Try 1 of 3
[2025-02-19T10:25:26.539+0000] {logging_mixin.py:190} INFO - [2025-02-19T10:25:26.539+0000] {dagbag.py:715} DEBUG - Calling the DAG.bulk_sync_to_db method
[2025-02-19T10:25:26.551+0000] {logging_mixin.py:190} INFO - [2025-02-19T10:25:26.551+0000] {serialized_dag.py:168} DEBUG - Checking if DAG (example_trigger_target_dag) changed
[2025-02-19T10:25:26.560+0000] {logging_mixin.py:190} INFO - [2025-02-19T10:25:26.559+0000] {serialized_dag.py:179} DEBUG - Serialized DAG (example_trigger_target_dag) is unchanged. Skipping writing to DB
[2025-02-19T10:25:26.560+0000] {logging_mixin.py:190} INFO - [2025-02-19T10:25:26.560+0000] {dag.py:3229} INFO - Sync 1 DAGs
[2025-02-19T10:25:26.574+0000] {logging_mixin.py:190} INFO - [2025-02-19T10:25:26.574+0000] {dag.py:4156} INFO - Setting next_dagrun for example_trigger_target_dag to None, run_after=None
[2025-02-19T10:25:26.594+0000] {processor.py:208} INFO - Processing /home/airflow/.local/lib/python3.12/site-packages/airflow/example_dags/example_trigger_target_dag.py took 0.073 seconds
[2025-02-19T10:25:57.240+0000] {logging_mixin.py:190} INFO - [2025-02-19T10:25:57.239+0000] {settings.py:475} DEBUG - Setting up DB connection pool (PID 398)
[2025-02-19T10:25:57.241+0000] {logging_mixin.py:190} INFO - [2025-02-19T10:25:57.241+0000] {settings.py:579} DEBUG - settings.prepare_engine_args(): Using pool settings. pool_size=5, max_overflow=10, pool_recycle=1800, pid=398
[2025-02-19T10:25:57.245+0000] {processor.py:186} INFO - Started process (PID=398) to work on /home/airflow/.local/lib/python3.12/site-packages/airflow/example_dags/example_trigger_target_dag.py
[2025-02-19T10:25:57.246+0000] {processor.py:914} INFO - Processing file /home/airflow/.local/lib/python3.12/site-packages/airflow/example_dags/example_trigger_target_dag.py for tasks to queue
[2025-02-19T10:25:57.247+0000] {logging_mixin.py:190} INFO - [2025-02-19T10:25:57.246+0000] {dagbag.py:587} INFO - Filling up the DagBag from /home/airflow/.local/lib/python3.12/site-packages/airflow/example_dags/example_trigger_target_dag.py
[2025-02-19T10:25:57.248+0000] {logging_mixin.py:190} INFO - [2025-02-19T10:25:57.247+0000] {dagbag.py:368} DEBUG - Importing /home/airflow/.local/lib/python3.12/site-packages/airflow/example_dags/example_trigger_target_dag.py
[2025-02-19T10:25:57.255+0000] {logging_mixin.py:190} INFO - [2025-02-19T10:25:57.254+0000] {dagbag.py:553} DEBUG - Loaded DAG <DAG: example_trigger_target_dag>
[2025-02-19T10:25:57.255+0000] {processor.py:925} INFO - DAG(s) 'example_trigger_target_dag' retrieved from /home/airflow/.local/lib/python3.12/site-packages/airflow/example_dags/example_trigger_target_dag.py
[2025-02-19T10:25:57.256+0000] {logging_mixin.py:190} INFO - [2025-02-19T10:25:57.256+0000] {dagbag.py:710} DEBUG - Running dagbag.sync_to_db with retries. Try 1 of 3
[2025-02-19T10:25:57.256+0000] {logging_mixin.py:190} INFO - [2025-02-19T10:25:57.256+0000] {dagbag.py:715} DEBUG - Calling the DAG.bulk_sync_to_db method
[2025-02-19T10:25:57.266+0000] {logging_mixin.py:190} INFO - [2025-02-19T10:25:57.266+0000] {serialized_dag.py:168} DEBUG - Checking if DAG (example_trigger_target_dag) changed
[2025-02-19T10:25:57.274+0000] {logging_mixin.py:190} INFO - [2025-02-19T10:25:57.274+0000] {serialized_dag.py:179} DEBUG - Serialized DAG (example_trigger_target_dag) is unchanged. Skipping writing to DB
[2025-02-19T10:25:57.275+0000] {logging_mixin.py:190} INFO - [2025-02-19T10:25:57.274+0000] {dag.py:3229} INFO - Sync 1 DAGs
[2025-02-19T10:25:57.287+0000] {logging_mixin.py:190} INFO - [2025-02-19T10:25:57.287+0000] {dag.py:4156} INFO - Setting next_dagrun for example_trigger_target_dag to None, run_after=None
[2025-02-19T10:25:57.304+0000] {processor.py:208} INFO - Processing /home/airflow/.local/lib/python3.12/site-packages/airflow/example_dags/example_trigger_target_dag.py took 0.065 seconds
[2025-02-19T10:26:27.980+0000] {logging_mixin.py:190} INFO - [2025-02-19T10:26:27.980+0000] {settings.py:475} DEBUG - Setting up DB connection pool (PID 462)
[2025-02-19T10:26:27.982+0000] {logging_mixin.py:190} INFO - [2025-02-19T10:26:27.982+0000] {settings.py:579} DEBUG - settings.prepare_engine_args(): Using pool settings. pool_size=5, max_overflow=10, pool_recycle=1800, pid=462
[2025-02-19T10:26:27.986+0000] {processor.py:186} INFO - Started process (PID=462) to work on /home/airflow/.local/lib/python3.12/site-packages/airflow/example_dags/example_trigger_target_dag.py
[2025-02-19T10:26:27.987+0000] {processor.py:914} INFO - Processing file /home/airflow/.local/lib/python3.12/site-packages/airflow/example_dags/example_trigger_target_dag.py for tasks to queue
[2025-02-19T10:26:27.988+0000] {logging_mixin.py:190} INFO - [2025-02-19T10:26:27.988+0000] {dagbag.py:587} INFO - Filling up the DagBag from /home/airflow/.local/lib/python3.12/site-packages/airflow/example_dags/example_trigger_target_dag.py
[2025-02-19T10:26:27.989+0000] {logging_mixin.py:190} INFO - [2025-02-19T10:26:27.989+0000] {dagbag.py:368} DEBUG - Importing /home/airflow/.local/lib/python3.12/site-packages/airflow/example_dags/example_trigger_target_dag.py
[2025-02-19T10:26:27.996+0000] {logging_mixin.py:190} INFO - [2025-02-19T10:26:27.995+0000] {dagbag.py:553} DEBUG - Loaded DAG <DAG: example_trigger_target_dag>
[2025-02-19T10:26:27.996+0000] {processor.py:925} INFO - DAG(s) 'example_trigger_target_dag' retrieved from /home/airflow/.local/lib/python3.12/site-packages/airflow/example_dags/example_trigger_target_dag.py
[2025-02-19T10:26:27.996+0000] {logging_mixin.py:190} INFO - [2025-02-19T10:26:27.996+0000] {dagbag.py:710} DEBUG - Running dagbag.sync_to_db with retries. Try 1 of 3
[2025-02-19T10:26:27.997+0000] {logging_mixin.py:190} INFO - [2025-02-19T10:26:27.997+0000] {dagbag.py:715} DEBUG - Calling the DAG.bulk_sync_to_db method
[2025-02-19T10:26:28.007+0000] {logging_mixin.py:190} INFO - [2025-02-19T10:26:28.007+0000] {serialized_dag.py:168} DEBUG - Checking if DAG (example_trigger_target_dag) changed
[2025-02-19T10:26:28.015+0000] {logging_mixin.py:190} INFO - [2025-02-19T10:26:28.014+0000] {serialized_dag.py:179} DEBUG - Serialized DAG (example_trigger_target_dag) is unchanged. Skipping writing to DB
[2025-02-19T10:26:28.015+0000] {logging_mixin.py:190} INFO - [2025-02-19T10:26:28.015+0000] {dag.py:3229} INFO - Sync 1 DAGs
[2025-02-19T10:26:28.027+0000] {logging_mixin.py:190} INFO - [2025-02-19T10:26:28.026+0000] {dag.py:4156} INFO - Setting next_dagrun for example_trigger_target_dag to None, run_after=None
[2025-02-19T10:26:28.044+0000] {processor.py:208} INFO - Processing /home/airflow/.local/lib/python3.12/site-packages/airflow/example_dags/example_trigger_target_dag.py took 0.064 seconds
