[2025-02-19T09:38:27.396+0000] {processor.py:186} INFO - Started process (PID=88) to work on /home/airflow/.local/lib/python3.12/site-packages/airflow/example_dags/example_complex.py
[2025-02-19T09:38:27.397+0000] {processor.py:914} INFO - Processing file /home/airflow/.local/lib/python3.12/site-packages/airflow/example_dags/example_complex.py for tasks to queue
[2025-02-19T09:38:27.399+0000] {logging_mixin.py:190} INFO - [2025-02-19T09:38:27.399+0000] {dagbag.py:587} INFO - Filling up the DagBag from /home/airflow/.local/lib/python3.12/site-packages/airflow/example_dags/example_complex.py
[2025-02-19T09:38:27.420+0000] {processor.py:925} INFO - DAG(s) 'example_complex' retrieved from /home/airflow/.local/lib/python3.12/site-packages/airflow/example_dags/example_complex.py
[2025-02-19T09:38:27.456+0000] {logging_mixin.py:190} INFO - [2025-02-19T09:38:27.456+0000] {dag.py:3229} INFO - Sync 1 DAGs
[2025-02-19T09:38:27.481+0000] {logging_mixin.py:190} INFO - [2025-02-19T09:38:27.480+0000] {dag.py:4156} INFO - Setting next_dagrun for example_complex to None, run_after=None
[2025-02-19T09:38:27.503+0000] {processor.py:208} INFO - Processing /home/airflow/.local/lib/python3.12/site-packages/airflow/example_dags/example_complex.py took 0.113 seconds
[2025-02-19T09:38:57.600+0000] {processor.py:186} INFO - Started process (PID=157) to work on /home/airflow/.local/lib/python3.12/site-packages/airflow/example_dags/example_complex.py
[2025-02-19T09:38:57.601+0000] {processor.py:914} INFO - Processing file /home/airflow/.local/lib/python3.12/site-packages/airflow/example_dags/example_complex.py for tasks to queue
[2025-02-19T09:38:57.604+0000] {logging_mixin.py:190} INFO - [2025-02-19T09:38:57.603+0000] {dagbag.py:587} INFO - Filling up the DagBag from /home/airflow/.local/lib/python3.12/site-packages/airflow/example_dags/example_complex.py
[2025-02-19T09:38:57.615+0000] {processor.py:925} INFO - DAG(s) 'example_complex' retrieved from /home/airflow/.local/lib/python3.12/site-packages/airflow/example_dags/example_complex.py
[2025-02-19T09:38:57.648+0000] {logging_mixin.py:190} INFO - [2025-02-19T09:38:57.648+0000] {dag.py:3229} INFO - Sync 1 DAGs
[2025-02-19T09:38:57.664+0000] {logging_mixin.py:190} INFO - [2025-02-19T09:38:57.663+0000] {dag.py:4156} INFO - Setting next_dagrun for example_complex to None, run_after=None
[2025-02-19T09:38:57.686+0000] {processor.py:208} INFO - Processing /home/airflow/.local/lib/python3.12/site-packages/airflow/example_dags/example_complex.py took 0.092 seconds
[2025-02-19T09:39:28.110+0000] {processor.py:186} INFO - Started process (PID=221) to work on /home/airflow/.local/lib/python3.12/site-packages/airflow/example_dags/example_complex.py
[2025-02-19T09:39:28.112+0000] {processor.py:914} INFO - Processing file /home/airflow/.local/lib/python3.12/site-packages/airflow/example_dags/example_complex.py for tasks to queue
[2025-02-19T09:39:28.114+0000] {logging_mixin.py:190} INFO - [2025-02-19T09:39:28.114+0000] {dagbag.py:587} INFO - Filling up the DagBag from /home/airflow/.local/lib/python3.12/site-packages/airflow/example_dags/example_complex.py
[2025-02-19T09:39:28.125+0000] {processor.py:925} INFO - DAG(s) 'example_complex' retrieved from /home/airflow/.local/lib/python3.12/site-packages/airflow/example_dags/example_complex.py
[2025-02-19T09:39:28.153+0000] {logging_mixin.py:190} INFO - [2025-02-19T09:39:28.152+0000] {dag.py:3229} INFO - Sync 1 DAGs
[2025-02-19T09:39:28.166+0000] {logging_mixin.py:190} INFO - [2025-02-19T09:39:28.165+0000] {dag.py:4156} INFO - Setting next_dagrun for example_complex to None, run_after=None
[2025-02-19T09:39:28.185+0000] {processor.py:208} INFO - Processing /home/airflow/.local/lib/python3.12/site-packages/airflow/example_dags/example_complex.py took 0.080 seconds
[2025-02-19T09:39:58.292+0000] {processor.py:186} INFO - Started process (PID=285) to work on /home/airflow/.local/lib/python3.12/site-packages/airflow/example_dags/example_complex.py
[2025-02-19T09:39:58.293+0000] {processor.py:914} INFO - Processing file /home/airflow/.local/lib/python3.12/site-packages/airflow/example_dags/example_complex.py for tasks to queue
[2025-02-19T09:39:58.295+0000] {logging_mixin.py:190} INFO - [2025-02-19T09:39:58.295+0000] {dagbag.py:587} INFO - Filling up the DagBag from /home/airflow/.local/lib/python3.12/site-packages/airflow/example_dags/example_complex.py
[2025-02-19T09:39:58.305+0000] {processor.py:925} INFO - DAG(s) 'example_complex' retrieved from /home/airflow/.local/lib/python3.12/site-packages/airflow/example_dags/example_complex.py
[2025-02-19T09:39:58.331+0000] {logging_mixin.py:190} INFO - [2025-02-19T09:39:58.331+0000] {dag.py:3229} INFO - Sync 1 DAGs
[2025-02-19T09:39:58.341+0000] {logging_mixin.py:190} INFO - [2025-02-19T09:39:58.341+0000] {dag.py:4156} INFO - Setting next_dagrun for example_complex to None, run_after=None
[2025-02-19T09:39:58.358+0000] {processor.py:208} INFO - Processing /home/airflow/.local/lib/python3.12/site-packages/airflow/example_dags/example_complex.py took 0.069 seconds
[2025-02-19T09:40:28.448+0000] {processor.py:186} INFO - Started process (PID=349) to work on /home/airflow/.local/lib/python3.12/site-packages/airflow/example_dags/example_complex.py
[2025-02-19T09:40:28.450+0000] {processor.py:914} INFO - Processing file /home/airflow/.local/lib/python3.12/site-packages/airflow/example_dags/example_complex.py for tasks to queue
[2025-02-19T09:40:28.452+0000] {logging_mixin.py:190} INFO - [2025-02-19T09:40:28.451+0000] {dagbag.py:587} INFO - Filling up the DagBag from /home/airflow/.local/lib/python3.12/site-packages/airflow/example_dags/example_complex.py
[2025-02-19T09:40:28.461+0000] {processor.py:925} INFO - DAG(s) 'example_complex' retrieved from /home/airflow/.local/lib/python3.12/site-packages/airflow/example_dags/example_complex.py
[2025-02-19T09:40:28.489+0000] {logging_mixin.py:190} INFO - [2025-02-19T09:40:28.489+0000] {dag.py:3229} INFO - Sync 1 DAGs
[2025-02-19T09:40:28.502+0000] {logging_mixin.py:190} INFO - [2025-02-19T09:40:28.501+0000] {dag.py:4156} INFO - Setting next_dagrun for example_complex to None, run_after=None
[2025-02-19T09:40:28.517+0000] {processor.py:208} INFO - Processing /home/airflow/.local/lib/python3.12/site-packages/airflow/example_dags/example_complex.py took 0.073 seconds
[2025-02-19T09:40:58.772+0000] {processor.py:186} INFO - Started process (PID=413) to work on /home/airflow/.local/lib/python3.12/site-packages/airflow/example_dags/example_complex.py
[2025-02-19T09:40:58.773+0000] {processor.py:914} INFO - Processing file /home/airflow/.local/lib/python3.12/site-packages/airflow/example_dags/example_complex.py for tasks to queue
[2025-02-19T09:40:58.774+0000] {logging_mixin.py:190} INFO - [2025-02-19T09:40:58.774+0000] {dagbag.py:587} INFO - Filling up the DagBag from /home/airflow/.local/lib/python3.12/site-packages/airflow/example_dags/example_complex.py
[2025-02-19T09:40:58.783+0000] {processor.py:925} INFO - DAG(s) 'example_complex' retrieved from /home/airflow/.local/lib/python3.12/site-packages/airflow/example_dags/example_complex.py
[2025-02-19T09:40:58.809+0000] {logging_mixin.py:190} INFO - [2025-02-19T09:40:58.809+0000] {dag.py:3229} INFO - Sync 1 DAGs
[2025-02-19T09:40:58.820+0000] {logging_mixin.py:190} INFO - [2025-02-19T09:40:58.819+0000] {dag.py:4156} INFO - Setting next_dagrun for example_complex to None, run_after=None
[2025-02-19T09:40:58.834+0000] {processor.py:208} INFO - Processing /home/airflow/.local/lib/python3.12/site-packages/airflow/example_dags/example_complex.py took 0.066 seconds
[2025-02-19T09:41:29.120+0000] {processor.py:186} INFO - Started process (PID=477) to work on /home/airflow/.local/lib/python3.12/site-packages/airflow/example_dags/example_complex.py
[2025-02-19T09:41:29.121+0000] {processor.py:914} INFO - Processing file /home/airflow/.local/lib/python3.12/site-packages/airflow/example_dags/example_complex.py for tasks to queue
[2025-02-19T09:41:29.124+0000] {logging_mixin.py:190} INFO - [2025-02-19T09:41:29.123+0000] {dagbag.py:587} INFO - Filling up the DagBag from /home/airflow/.local/lib/python3.12/site-packages/airflow/example_dags/example_complex.py
[2025-02-19T09:41:29.134+0000] {processor.py:925} INFO - DAG(s) 'example_complex' retrieved from /home/airflow/.local/lib/python3.12/site-packages/airflow/example_dags/example_complex.py
[2025-02-19T09:41:29.162+0000] {logging_mixin.py:190} INFO - [2025-02-19T09:41:29.162+0000] {dag.py:3229} INFO - Sync 1 DAGs
[2025-02-19T09:41:29.174+0000] {logging_mixin.py:190} INFO - [2025-02-19T09:41:29.174+0000] {dag.py:4156} INFO - Setting next_dagrun for example_complex to None, run_after=None
[2025-02-19T09:41:29.192+0000] {processor.py:208} INFO - Processing /home/airflow/.local/lib/python3.12/site-packages/airflow/example_dags/example_complex.py took 0.077 seconds
[2025-02-19T09:41:59.256+0000] {processor.py:186} INFO - Started process (PID=541) to work on /home/airflow/.local/lib/python3.12/site-packages/airflow/example_dags/example_complex.py
[2025-02-19T09:41:59.257+0000] {processor.py:914} INFO - Processing file /home/airflow/.local/lib/python3.12/site-packages/airflow/example_dags/example_complex.py for tasks to queue
[2025-02-19T09:41:59.259+0000] {logging_mixin.py:190} INFO - [2025-02-19T09:41:59.258+0000] {dagbag.py:587} INFO - Filling up the DagBag from /home/airflow/.local/lib/python3.12/site-packages/airflow/example_dags/example_complex.py
[2025-02-19T09:41:59.268+0000] {processor.py:925} INFO - DAG(s) 'example_complex' retrieved from /home/airflow/.local/lib/python3.12/site-packages/airflow/example_dags/example_complex.py
[2025-02-19T09:41:59.292+0000] {logging_mixin.py:190} INFO - [2025-02-19T09:41:59.292+0000] {dag.py:3229} INFO - Sync 1 DAGs
[2025-02-19T09:41:59.303+0000] {logging_mixin.py:190} INFO - [2025-02-19T09:41:59.303+0000] {dag.py:4156} INFO - Setting next_dagrun for example_complex to None, run_after=None
[2025-02-19T09:41:59.317+0000] {processor.py:208} INFO - Processing /home/airflow/.local/lib/python3.12/site-packages/airflow/example_dags/example_complex.py took 0.065 seconds
[2025-02-19T09:42:29.368+0000] {processor.py:186} INFO - Started process (PID=605) to work on /home/airflow/.local/lib/python3.12/site-packages/airflow/example_dags/example_complex.py
[2025-02-19T09:42:29.369+0000] {processor.py:914} INFO - Processing file /home/airflow/.local/lib/python3.12/site-packages/airflow/example_dags/example_complex.py for tasks to queue
[2025-02-19T09:42:29.371+0000] {logging_mixin.py:190} INFO - [2025-02-19T09:42:29.371+0000] {dagbag.py:587} INFO - Filling up the DagBag from /home/airflow/.local/lib/python3.12/site-packages/airflow/example_dags/example_complex.py
[2025-02-19T09:42:29.380+0000] {processor.py:925} INFO - DAG(s) 'example_complex' retrieved from /home/airflow/.local/lib/python3.12/site-packages/airflow/example_dags/example_complex.py
[2025-02-19T09:42:29.407+0000] {logging_mixin.py:190} INFO - [2025-02-19T09:42:29.407+0000] {dag.py:3229} INFO - Sync 1 DAGs
[2025-02-19T09:42:29.419+0000] {logging_mixin.py:190} INFO - [2025-02-19T09:42:29.418+0000] {dag.py:4156} INFO - Setting next_dagrun for example_complex to None, run_after=None
[2025-02-19T09:42:29.434+0000] {processor.py:208} INFO - Processing /home/airflow/.local/lib/python3.12/site-packages/airflow/example_dags/example_complex.py took 0.070 seconds
[2025-02-19T09:42:59.604+0000] {processor.py:186} INFO - Started process (PID=669) to work on /home/airflow/.local/lib/python3.12/site-packages/airflow/example_dags/example_complex.py
[2025-02-19T09:42:59.605+0000] {processor.py:914} INFO - Processing file /home/airflow/.local/lib/python3.12/site-packages/airflow/example_dags/example_complex.py for tasks to queue
[2025-02-19T09:42:59.607+0000] {logging_mixin.py:190} INFO - [2025-02-19T09:42:59.607+0000] {dagbag.py:587} INFO - Filling up the DagBag from /home/airflow/.local/lib/python3.12/site-packages/airflow/example_dags/example_complex.py
[2025-02-19T09:42:59.617+0000] {processor.py:925} INFO - DAG(s) 'example_complex' retrieved from /home/airflow/.local/lib/python3.12/site-packages/airflow/example_dags/example_complex.py
[2025-02-19T09:42:59.642+0000] {logging_mixin.py:190} INFO - [2025-02-19T09:42:59.642+0000] {dag.py:3229} INFO - Sync 1 DAGs
[2025-02-19T09:42:59.653+0000] {logging_mixin.py:190} INFO - [2025-02-19T09:42:59.653+0000] {dag.py:4156} INFO - Setting next_dagrun for example_complex to None, run_after=None
[2025-02-19T09:42:59.669+0000] {processor.py:208} INFO - Processing /home/airflow/.local/lib/python3.12/site-packages/airflow/example_dags/example_complex.py took 0.069 seconds
[2025-02-19T09:43:30.729+0000] {processor.py:186} INFO - Started process (PID=733) to work on /home/airflow/.local/lib/python3.12/site-packages/airflow/example_dags/example_complex.py
[2025-02-19T09:43:30.730+0000] {processor.py:914} INFO - Processing file /home/airflow/.local/lib/python3.12/site-packages/airflow/example_dags/example_complex.py for tasks to queue
[2025-02-19T09:43:30.732+0000] {logging_mixin.py:190} INFO - [2025-02-19T09:43:30.732+0000] {dagbag.py:587} INFO - Filling up the DagBag from /home/airflow/.local/lib/python3.12/site-packages/airflow/example_dags/example_complex.py
[2025-02-19T09:43:30.741+0000] {processor.py:925} INFO - DAG(s) 'example_complex' retrieved from /home/airflow/.local/lib/python3.12/site-packages/airflow/example_dags/example_complex.py
[2025-02-19T09:43:30.765+0000] {logging_mixin.py:190} INFO - [2025-02-19T09:43:30.765+0000] {dag.py:3229} INFO - Sync 1 DAGs
[2025-02-19T09:43:30.776+0000] {logging_mixin.py:190} INFO - [2025-02-19T09:43:30.775+0000] {dag.py:4156} INFO - Setting next_dagrun for example_complex to None, run_after=None
[2025-02-19T09:43:30.793+0000] {processor.py:208} INFO - Processing /home/airflow/.local/lib/python3.12/site-packages/airflow/example_dags/example_complex.py took 0.068 seconds
[2025-02-19T09:44:01.026+0000] {processor.py:186} INFO - Started process (PID=797) to work on /home/airflow/.local/lib/python3.12/site-packages/airflow/example_dags/example_complex.py
[2025-02-19T09:44:01.027+0000] {processor.py:914} INFO - Processing file /home/airflow/.local/lib/python3.12/site-packages/airflow/example_dags/example_complex.py for tasks to queue
[2025-02-19T09:44:01.029+0000] {logging_mixin.py:190} INFO - [2025-02-19T09:44:01.029+0000] {dagbag.py:587} INFO - Filling up the DagBag from /home/airflow/.local/lib/python3.12/site-packages/airflow/example_dags/example_complex.py
[2025-02-19T09:44:01.038+0000] {processor.py:925} INFO - DAG(s) 'example_complex' retrieved from /home/airflow/.local/lib/python3.12/site-packages/airflow/example_dags/example_complex.py
[2025-02-19T09:44:01.064+0000] {logging_mixin.py:190} INFO - [2025-02-19T09:44:01.063+0000] {dag.py:3229} INFO - Sync 1 DAGs
[2025-02-19T09:44:01.076+0000] {logging_mixin.py:190} INFO - [2025-02-19T09:44:01.076+0000] {dag.py:4156} INFO - Setting next_dagrun for example_complex to None, run_after=None
[2025-02-19T09:44:01.093+0000] {processor.py:208} INFO - Processing /home/airflow/.local/lib/python3.12/site-packages/airflow/example_dags/example_complex.py took 0.071 seconds
[2025-02-19T09:44:31.195+0000] {processor.py:186} INFO - Started process (PID=861) to work on /home/airflow/.local/lib/python3.12/site-packages/airflow/example_dags/example_complex.py
[2025-02-19T09:44:31.196+0000] {processor.py:914} INFO - Processing file /home/airflow/.local/lib/python3.12/site-packages/airflow/example_dags/example_complex.py for tasks to queue
[2025-02-19T09:44:31.198+0000] {logging_mixin.py:190} INFO - [2025-02-19T09:44:31.198+0000] {dagbag.py:587} INFO - Filling up the DagBag from /home/airflow/.local/lib/python3.12/site-packages/airflow/example_dags/example_complex.py
[2025-02-19T09:44:31.207+0000] {processor.py:925} INFO - DAG(s) 'example_complex' retrieved from /home/airflow/.local/lib/python3.12/site-packages/airflow/example_dags/example_complex.py
[2025-02-19T09:44:31.234+0000] {logging_mixin.py:190} INFO - [2025-02-19T09:44:31.234+0000] {dag.py:3229} INFO - Sync 1 DAGs
[2025-02-19T09:44:31.245+0000] {logging_mixin.py:190} INFO - [2025-02-19T09:44:31.245+0000] {dag.py:4156} INFO - Setting next_dagrun for example_complex to None, run_after=None
[2025-02-19T09:44:31.263+0000] {processor.py:208} INFO - Processing /home/airflow/.local/lib/python3.12/site-packages/airflow/example_dags/example_complex.py took 0.072 seconds
[2025-02-19T09:45:01.461+0000] {processor.py:186} INFO - Started process (PID=925) to work on /home/airflow/.local/lib/python3.12/site-packages/airflow/example_dags/example_complex.py
[2025-02-19T09:45:01.462+0000] {processor.py:914} INFO - Processing file /home/airflow/.local/lib/python3.12/site-packages/airflow/example_dags/example_complex.py for tasks to queue
[2025-02-19T09:45:01.463+0000] {logging_mixin.py:190} INFO - [2025-02-19T09:45:01.463+0000] {dagbag.py:587} INFO - Filling up the DagBag from /home/airflow/.local/lib/python3.12/site-packages/airflow/example_dags/example_complex.py
[2025-02-19T09:45:01.473+0000] {processor.py:925} INFO - DAG(s) 'example_complex' retrieved from /home/airflow/.local/lib/python3.12/site-packages/airflow/example_dags/example_complex.py
[2025-02-19T09:45:01.500+0000] {logging_mixin.py:190} INFO - [2025-02-19T09:45:01.500+0000] {dag.py:3229} INFO - Sync 1 DAGs
[2025-02-19T09:45:01.512+0000] {logging_mixin.py:190} INFO - [2025-02-19T09:45:01.511+0000] {dag.py:4156} INFO - Setting next_dagrun for example_complex to None, run_after=None
[2025-02-19T09:45:01.529+0000] {processor.py:208} INFO - Processing /home/airflow/.local/lib/python3.12/site-packages/airflow/example_dags/example_complex.py took 0.073 seconds
[2025-02-19T09:45:31.612+0000] {processor.py:186} INFO - Started process (PID=989) to work on /home/airflow/.local/lib/python3.12/site-packages/airflow/example_dags/example_complex.py
[2025-02-19T09:45:31.613+0000] {processor.py:914} INFO - Processing file /home/airflow/.local/lib/python3.12/site-packages/airflow/example_dags/example_complex.py for tasks to queue
[2025-02-19T09:45:31.615+0000] {logging_mixin.py:190} INFO - [2025-02-19T09:45:31.614+0000] {dagbag.py:587} INFO - Filling up the DagBag from /home/airflow/.local/lib/python3.12/site-packages/airflow/example_dags/example_complex.py
[2025-02-19T09:45:31.624+0000] {processor.py:925} INFO - DAG(s) 'example_complex' retrieved from /home/airflow/.local/lib/python3.12/site-packages/airflow/example_dags/example_complex.py
[2025-02-19T09:45:31.648+0000] {logging_mixin.py:190} INFO - [2025-02-19T09:45:31.647+0000] {dag.py:3229} INFO - Sync 1 DAGs
[2025-02-19T09:45:31.659+0000] {logging_mixin.py:190} INFO - [2025-02-19T09:45:31.659+0000] {dag.py:4156} INFO - Setting next_dagrun for example_complex to None, run_after=None
[2025-02-19T09:45:31.674+0000] {processor.py:208} INFO - Processing /home/airflow/.local/lib/python3.12/site-packages/airflow/example_dags/example_complex.py took 0.066 seconds
[2025-02-19T09:46:01.802+0000] {processor.py:186} INFO - Started process (PID=1053) to work on /home/airflow/.local/lib/python3.12/site-packages/airflow/example_dags/example_complex.py
[2025-02-19T09:46:01.803+0000] {processor.py:914} INFO - Processing file /home/airflow/.local/lib/python3.12/site-packages/airflow/example_dags/example_complex.py for tasks to queue
[2025-02-19T09:46:01.805+0000] {logging_mixin.py:190} INFO - [2025-02-19T09:46:01.805+0000] {dagbag.py:587} INFO - Filling up the DagBag from /home/airflow/.local/lib/python3.12/site-packages/airflow/example_dags/example_complex.py
[2025-02-19T09:46:01.814+0000] {processor.py:925} INFO - DAG(s) 'example_complex' retrieved from /home/airflow/.local/lib/python3.12/site-packages/airflow/example_dags/example_complex.py
[2025-02-19T09:46:01.839+0000] {logging_mixin.py:190} INFO - [2025-02-19T09:46:01.839+0000] {dag.py:3229} INFO - Sync 1 DAGs
[2025-02-19T09:46:01.849+0000] {logging_mixin.py:190} INFO - [2025-02-19T09:46:01.849+0000] {dag.py:4156} INFO - Setting next_dagrun for example_complex to None, run_after=None
[2025-02-19T09:46:01.866+0000] {processor.py:208} INFO - Processing /home/airflow/.local/lib/python3.12/site-packages/airflow/example_dags/example_complex.py took 0.068 seconds
[2025-02-19T09:46:32.738+0000] {processor.py:186} INFO - Started process (PID=1117) to work on /home/airflow/.local/lib/python3.12/site-packages/airflow/example_dags/example_complex.py
[2025-02-19T09:46:32.739+0000] {processor.py:914} INFO - Processing file /home/airflow/.local/lib/python3.12/site-packages/airflow/example_dags/example_complex.py for tasks to queue
[2025-02-19T09:46:32.741+0000] {logging_mixin.py:190} INFO - [2025-02-19T09:46:32.740+0000] {dagbag.py:587} INFO - Filling up the DagBag from /home/airflow/.local/lib/python3.12/site-packages/airflow/example_dags/example_complex.py
[2025-02-19T09:46:32.750+0000] {processor.py:925} INFO - DAG(s) 'example_complex' retrieved from /home/airflow/.local/lib/python3.12/site-packages/airflow/example_dags/example_complex.py
[2025-02-19T09:46:32.775+0000] {logging_mixin.py:190} INFO - [2025-02-19T09:46:32.774+0000] {dag.py:3229} INFO - Sync 1 DAGs
[2025-02-19T09:46:32.787+0000] {logging_mixin.py:190} INFO - [2025-02-19T09:46:32.786+0000] {dag.py:4156} INFO - Setting next_dagrun for example_complex to None, run_after=None
[2025-02-19T09:46:32.802+0000] {processor.py:208} INFO - Processing /home/airflow/.local/lib/python3.12/site-packages/airflow/example_dags/example_complex.py took 0.068 seconds
[2025-02-19T09:47:03.669+0000] {processor.py:186} INFO - Started process (PID=1181) to work on /home/airflow/.local/lib/python3.12/site-packages/airflow/example_dags/example_complex.py
[2025-02-19T09:47:03.670+0000] {processor.py:914} INFO - Processing file /home/airflow/.local/lib/python3.12/site-packages/airflow/example_dags/example_complex.py for tasks to queue
[2025-02-19T09:47:03.672+0000] {logging_mixin.py:190} INFO - [2025-02-19T09:47:03.672+0000] {dagbag.py:587} INFO - Filling up the DagBag from /home/airflow/.local/lib/python3.12/site-packages/airflow/example_dags/example_complex.py
[2025-02-19T09:47:03.685+0000] {processor.py:925} INFO - DAG(s) 'example_complex' retrieved from /home/airflow/.local/lib/python3.12/site-packages/airflow/example_dags/example_complex.py
[2025-02-19T09:47:03.711+0000] {logging_mixin.py:190} INFO - [2025-02-19T09:47:03.711+0000] {dag.py:3229} INFO - Sync 1 DAGs
[2025-02-19T09:47:03.723+0000] {logging_mixin.py:190} INFO - [2025-02-19T09:47:03.723+0000] {dag.py:4156} INFO - Setting next_dagrun for example_complex to None, run_after=None
[2025-02-19T09:47:03.743+0000] {processor.py:208} INFO - Processing /home/airflow/.local/lib/python3.12/site-packages/airflow/example_dags/example_complex.py took 0.079 seconds
[2025-02-19T09:47:34.050+0000] {processor.py:186} INFO - Started process (PID=1245) to work on /home/airflow/.local/lib/python3.12/site-packages/airflow/example_dags/example_complex.py
[2025-02-19T09:47:34.051+0000] {processor.py:914} INFO - Processing file /home/airflow/.local/lib/python3.12/site-packages/airflow/example_dags/example_complex.py for tasks to queue
[2025-02-19T09:47:34.054+0000] {logging_mixin.py:190} INFO - [2025-02-19T09:47:34.054+0000] {dagbag.py:587} INFO - Filling up the DagBag from /home/airflow/.local/lib/python3.12/site-packages/airflow/example_dags/example_complex.py
[2025-02-19T09:47:34.065+0000] {processor.py:925} INFO - DAG(s) 'example_complex' retrieved from /home/airflow/.local/lib/python3.12/site-packages/airflow/example_dags/example_complex.py
[2025-02-19T09:47:34.094+0000] {logging_mixin.py:190} INFO - [2025-02-19T09:47:34.094+0000] {dag.py:3229} INFO - Sync 1 DAGs
[2025-02-19T09:47:34.109+0000] {logging_mixin.py:190} INFO - [2025-02-19T09:47:34.108+0000] {dag.py:4156} INFO - Setting next_dagrun for example_complex to None, run_after=None
[2025-02-19T09:47:34.129+0000] {processor.py:208} INFO - Processing /home/airflow/.local/lib/python3.12/site-packages/airflow/example_dags/example_complex.py took 0.083 seconds
[2025-02-19T09:48:04.457+0000] {processor.py:186} INFO - Started process (PID=1310) to work on /home/airflow/.local/lib/python3.12/site-packages/airflow/example_dags/example_complex.py
[2025-02-19T09:48:04.458+0000] {processor.py:914} INFO - Processing file /home/airflow/.local/lib/python3.12/site-packages/airflow/example_dags/example_complex.py for tasks to queue
[2025-02-19T09:48:04.460+0000] {logging_mixin.py:190} INFO - [2025-02-19T09:48:04.460+0000] {dagbag.py:587} INFO - Filling up the DagBag from /home/airflow/.local/lib/python3.12/site-packages/airflow/example_dags/example_complex.py
[2025-02-19T09:48:04.470+0000] {processor.py:925} INFO - DAG(s) 'example_complex' retrieved from /home/airflow/.local/lib/python3.12/site-packages/airflow/example_dags/example_complex.py
[2025-02-19T09:48:04.499+0000] {logging_mixin.py:190} INFO - [2025-02-19T09:48:04.498+0000] {dag.py:3229} INFO - Sync 1 DAGs
[2025-02-19T09:48:04.511+0000] {logging_mixin.py:190} INFO - [2025-02-19T09:48:04.511+0000] {dag.py:4156} INFO - Setting next_dagrun for example_complex to None, run_after=None
[2025-02-19T09:48:04.529+0000] {processor.py:208} INFO - Processing /home/airflow/.local/lib/python3.12/site-packages/airflow/example_dags/example_complex.py took 0.077 seconds
[2025-02-19T09:48:34.615+0000] {processor.py:186} INFO - Started process (PID=1374) to work on /home/airflow/.local/lib/python3.12/site-packages/airflow/example_dags/example_complex.py
[2025-02-19T09:48:34.616+0000] {processor.py:914} INFO - Processing file /home/airflow/.local/lib/python3.12/site-packages/airflow/example_dags/example_complex.py for tasks to queue
[2025-02-19T09:48:34.618+0000] {logging_mixin.py:190} INFO - [2025-02-19T09:48:34.618+0000] {dagbag.py:587} INFO - Filling up the DagBag from /home/airflow/.local/lib/python3.12/site-packages/airflow/example_dags/example_complex.py
[2025-02-19T09:48:34.627+0000] {processor.py:925} INFO - DAG(s) 'example_complex' retrieved from /home/airflow/.local/lib/python3.12/site-packages/airflow/example_dags/example_complex.py
[2025-02-19T09:48:34.652+0000] {logging_mixin.py:190} INFO - [2025-02-19T09:48:34.652+0000] {dag.py:3229} INFO - Sync 1 DAGs
[2025-02-19T09:48:34.662+0000] {logging_mixin.py:190} INFO - [2025-02-19T09:48:34.662+0000] {dag.py:4156} INFO - Setting next_dagrun for example_complex to None, run_after=None
[2025-02-19T09:48:34.678+0000] {processor.py:208} INFO - Processing /home/airflow/.local/lib/python3.12/site-packages/airflow/example_dags/example_complex.py took 0.067 seconds
[2025-02-19T09:49:05.531+0000] {processor.py:186} INFO - Started process (PID=1438) to work on /home/airflow/.local/lib/python3.12/site-packages/airflow/example_dags/example_complex.py
[2025-02-19T09:49:05.532+0000] {processor.py:914} INFO - Processing file /home/airflow/.local/lib/python3.12/site-packages/airflow/example_dags/example_complex.py for tasks to queue
[2025-02-19T09:49:05.533+0000] {logging_mixin.py:190} INFO - [2025-02-19T09:49:05.533+0000] {dagbag.py:587} INFO - Filling up the DagBag from /home/airflow/.local/lib/python3.12/site-packages/airflow/example_dags/example_complex.py
[2025-02-19T09:49:05.543+0000] {processor.py:925} INFO - DAG(s) 'example_complex' retrieved from /home/airflow/.local/lib/python3.12/site-packages/airflow/example_dags/example_complex.py
[2025-02-19T09:49:05.568+0000] {logging_mixin.py:190} INFO - [2025-02-19T09:49:05.568+0000] {dag.py:3229} INFO - Sync 1 DAGs
[2025-02-19T09:49:05.580+0000] {logging_mixin.py:190} INFO - [2025-02-19T09:49:05.579+0000] {dag.py:4156} INFO - Setting next_dagrun for example_complex to None, run_after=None
[2025-02-19T09:49:05.595+0000] {processor.py:208} INFO - Processing /home/airflow/.local/lib/python3.12/site-packages/airflow/example_dags/example_complex.py took 0.069 seconds
[2025-02-19T09:49:36.454+0000] {processor.py:186} INFO - Started process (PID=1502) to work on /home/airflow/.local/lib/python3.12/site-packages/airflow/example_dags/example_complex.py
[2025-02-19T09:49:36.455+0000] {processor.py:914} INFO - Processing file /home/airflow/.local/lib/python3.12/site-packages/airflow/example_dags/example_complex.py for tasks to queue
[2025-02-19T09:49:36.456+0000] {logging_mixin.py:190} INFO - [2025-02-19T09:49:36.456+0000] {dagbag.py:587} INFO - Filling up the DagBag from /home/airflow/.local/lib/python3.12/site-packages/airflow/example_dags/example_complex.py
[2025-02-19T09:49:36.465+0000] {processor.py:925} INFO - DAG(s) 'example_complex' retrieved from /home/airflow/.local/lib/python3.12/site-packages/airflow/example_dags/example_complex.py
[2025-02-19T09:49:36.490+0000] {logging_mixin.py:190} INFO - [2025-02-19T09:49:36.489+0000] {dag.py:3229} INFO - Sync 1 DAGs
[2025-02-19T09:49:36.501+0000] {logging_mixin.py:190} INFO - [2025-02-19T09:49:36.501+0000] {dag.py:4156} INFO - Setting next_dagrun for example_complex to None, run_after=None
[2025-02-19T09:49:36.518+0000] {processor.py:208} INFO - Processing /home/airflow/.local/lib/python3.12/site-packages/airflow/example_dags/example_complex.py took 0.069 seconds
[2025-02-19T09:50:06.747+0000] {processor.py:186} INFO - Started process (PID=1566) to work on /home/airflow/.local/lib/python3.12/site-packages/airflow/example_dags/example_complex.py
[2025-02-19T09:50:06.748+0000] {processor.py:914} INFO - Processing file /home/airflow/.local/lib/python3.12/site-packages/airflow/example_dags/example_complex.py for tasks to queue
[2025-02-19T09:50:06.750+0000] {logging_mixin.py:190} INFO - [2025-02-19T09:50:06.749+0000] {dagbag.py:587} INFO - Filling up the DagBag from /home/airflow/.local/lib/python3.12/site-packages/airflow/example_dags/example_complex.py
[2025-02-19T09:50:06.760+0000] {processor.py:925} INFO - DAG(s) 'example_complex' retrieved from /home/airflow/.local/lib/python3.12/site-packages/airflow/example_dags/example_complex.py
[2025-02-19T09:50:06.787+0000] {logging_mixin.py:190} INFO - [2025-02-19T09:50:06.786+0000] {dag.py:3229} INFO - Sync 1 DAGs
[2025-02-19T09:50:06.799+0000] {logging_mixin.py:190} INFO - [2025-02-19T09:50:06.798+0000] {dag.py:4156} INFO - Setting next_dagrun for example_complex to None, run_after=None
[2025-02-19T09:50:06.815+0000] {processor.py:208} INFO - Processing /home/airflow/.local/lib/python3.12/site-packages/airflow/example_dags/example_complex.py took 0.072 seconds
[2025-02-19T09:50:37.080+0000] {processor.py:186} INFO - Started process (PID=1630) to work on /home/airflow/.local/lib/python3.12/site-packages/airflow/example_dags/example_complex.py
[2025-02-19T09:50:37.081+0000] {processor.py:914} INFO - Processing file /home/airflow/.local/lib/python3.12/site-packages/airflow/example_dags/example_complex.py for tasks to queue
[2025-02-19T09:50:37.083+0000] {logging_mixin.py:190} INFO - [2025-02-19T09:50:37.083+0000] {dagbag.py:587} INFO - Filling up the DagBag from /home/airflow/.local/lib/python3.12/site-packages/airflow/example_dags/example_complex.py
[2025-02-19T09:50:37.098+0000] {processor.py:925} INFO - DAG(s) 'example_complex' retrieved from /home/airflow/.local/lib/python3.12/site-packages/airflow/example_dags/example_complex.py
[2025-02-19T09:50:37.131+0000] {logging_mixin.py:190} INFO - [2025-02-19T09:50:37.130+0000] {dag.py:3229} INFO - Sync 1 DAGs
[2025-02-19T09:50:37.143+0000] {logging_mixin.py:190} INFO - [2025-02-19T09:50:37.143+0000] {dag.py:4156} INFO - Setting next_dagrun for example_complex to None, run_after=None
[2025-02-19T09:50:37.162+0000] {processor.py:208} INFO - Processing /home/airflow/.local/lib/python3.12/site-packages/airflow/example_dags/example_complex.py took 0.088 seconds
[2025-02-19T09:51:07.490+0000] {processor.py:186} INFO - Started process (PID=1694) to work on /home/airflow/.local/lib/python3.12/site-packages/airflow/example_dags/example_complex.py
[2025-02-19T09:51:07.491+0000] {processor.py:914} INFO - Processing file /home/airflow/.local/lib/python3.12/site-packages/airflow/example_dags/example_complex.py for tasks to queue
[2025-02-19T09:51:07.493+0000] {logging_mixin.py:190} INFO - [2025-02-19T09:51:07.493+0000] {dagbag.py:587} INFO - Filling up the DagBag from /home/airflow/.local/lib/python3.12/site-packages/airflow/example_dags/example_complex.py
[2025-02-19T09:51:07.502+0000] {processor.py:925} INFO - DAG(s) 'example_complex' retrieved from /home/airflow/.local/lib/python3.12/site-packages/airflow/example_dags/example_complex.py
[2025-02-19T09:51:07.527+0000] {logging_mixin.py:190} INFO - [2025-02-19T09:51:07.527+0000] {dag.py:3229} INFO - Sync 1 DAGs
[2025-02-19T09:51:07.538+0000] {logging_mixin.py:190} INFO - [2025-02-19T09:51:07.538+0000] {dag.py:4156} INFO - Setting next_dagrun for example_complex to None, run_after=None
[2025-02-19T09:51:07.554+0000] {processor.py:208} INFO - Processing /home/airflow/.local/lib/python3.12/site-packages/airflow/example_dags/example_complex.py took 0.068 seconds
[2025-02-19T09:51:37.729+0000] {processor.py:186} INFO - Started process (PID=1758) to work on /home/airflow/.local/lib/python3.12/site-packages/airflow/example_dags/example_complex.py
[2025-02-19T09:51:37.730+0000] {processor.py:914} INFO - Processing file /home/airflow/.local/lib/python3.12/site-packages/airflow/example_dags/example_complex.py for tasks to queue
[2025-02-19T09:51:37.732+0000] {logging_mixin.py:190} INFO - [2025-02-19T09:51:37.731+0000] {dagbag.py:587} INFO - Filling up the DagBag from /home/airflow/.local/lib/python3.12/site-packages/airflow/example_dags/example_complex.py
[2025-02-19T09:51:37.741+0000] {processor.py:925} INFO - DAG(s) 'example_complex' retrieved from /home/airflow/.local/lib/python3.12/site-packages/airflow/example_dags/example_complex.py
[2025-02-19T09:51:37.766+0000] {logging_mixin.py:190} INFO - [2025-02-19T09:51:37.765+0000] {dag.py:3229} INFO - Sync 1 DAGs
[2025-02-19T09:51:37.777+0000] {logging_mixin.py:190} INFO - [2025-02-19T09:51:37.776+0000] {dag.py:4156} INFO - Setting next_dagrun for example_complex to None, run_after=None
[2025-02-19T09:51:37.790+0000] {processor.py:208} INFO - Processing /home/airflow/.local/lib/python3.12/site-packages/airflow/example_dags/example_complex.py took 0.066 seconds
[2025-02-19T09:52:08.093+0000] {processor.py:186} INFO - Started process (PID=1822) to work on /home/airflow/.local/lib/python3.12/site-packages/airflow/example_dags/example_complex.py
[2025-02-19T09:52:08.094+0000] {processor.py:914} INFO - Processing file /home/airflow/.local/lib/python3.12/site-packages/airflow/example_dags/example_complex.py for tasks to queue
[2025-02-19T09:52:08.096+0000] {logging_mixin.py:190} INFO - [2025-02-19T09:52:08.096+0000] {dagbag.py:587} INFO - Filling up the DagBag from /home/airflow/.local/lib/python3.12/site-packages/airflow/example_dags/example_complex.py
[2025-02-19T09:52:08.106+0000] {processor.py:925} INFO - DAG(s) 'example_complex' retrieved from /home/airflow/.local/lib/python3.12/site-packages/airflow/example_dags/example_complex.py
[2025-02-19T09:52:08.134+0000] {logging_mixin.py:190} INFO - [2025-02-19T09:52:08.133+0000] {dag.py:3229} INFO - Sync 1 DAGs
[2025-02-19T09:52:08.145+0000] {logging_mixin.py:190} INFO - [2025-02-19T09:52:08.145+0000] {dag.py:4156} INFO - Setting next_dagrun for example_complex to None, run_after=None
[2025-02-19T09:52:08.162+0000] {processor.py:208} INFO - Processing /home/airflow/.local/lib/python3.12/site-packages/airflow/example_dags/example_complex.py took 0.074 seconds
[2025-02-19T09:52:38.202+0000] {processor.py:186} INFO - Started process (PID=1886) to work on /home/airflow/.local/lib/python3.12/site-packages/airflow/example_dags/example_complex.py
[2025-02-19T09:52:38.203+0000] {processor.py:914} INFO - Processing file /home/airflow/.local/lib/python3.12/site-packages/airflow/example_dags/example_complex.py for tasks to queue
[2025-02-19T09:52:38.205+0000] {logging_mixin.py:190} INFO - [2025-02-19T09:52:38.205+0000] {dagbag.py:587} INFO - Filling up the DagBag from /home/airflow/.local/lib/python3.12/site-packages/airflow/example_dags/example_complex.py
[2025-02-19T09:52:38.214+0000] {processor.py:925} INFO - DAG(s) 'example_complex' retrieved from /home/airflow/.local/lib/python3.12/site-packages/airflow/example_dags/example_complex.py
[2025-02-19T09:52:38.239+0000] {logging_mixin.py:190} INFO - [2025-02-19T09:52:38.239+0000] {dag.py:3229} INFO - Sync 1 DAGs
[2025-02-19T09:52:38.250+0000] {logging_mixin.py:190} INFO - [2025-02-19T09:52:38.250+0000] {dag.py:4156} INFO - Setting next_dagrun for example_complex to None, run_after=None
[2025-02-19T09:52:38.263+0000] {processor.py:208} INFO - Processing /home/airflow/.local/lib/python3.12/site-packages/airflow/example_dags/example_complex.py took 0.066 seconds
[2025-02-19T09:53:08.710+0000] {processor.py:186} INFO - Started process (PID=1950) to work on /home/airflow/.local/lib/python3.12/site-packages/airflow/example_dags/example_complex.py
[2025-02-19T09:53:08.712+0000] {processor.py:914} INFO - Processing file /home/airflow/.local/lib/python3.12/site-packages/airflow/example_dags/example_complex.py for tasks to queue
[2025-02-19T09:53:08.714+0000] {logging_mixin.py:190} INFO - [2025-02-19T09:53:08.713+0000] {dagbag.py:587} INFO - Filling up the DagBag from /home/airflow/.local/lib/python3.12/site-packages/airflow/example_dags/example_complex.py
[2025-02-19T09:53:08.724+0000] {processor.py:925} INFO - DAG(s) 'example_complex' retrieved from /home/airflow/.local/lib/python3.12/site-packages/airflow/example_dags/example_complex.py
[2025-02-19T09:53:08.754+0000] {logging_mixin.py:190} INFO - [2025-02-19T09:53:08.753+0000] {dag.py:3229} INFO - Sync 1 DAGs
[2025-02-19T09:53:08.767+0000] {logging_mixin.py:190} INFO - [2025-02-19T09:53:08.767+0000] {dag.py:4156} INFO - Setting next_dagrun for example_complex to None, run_after=None
[2025-02-19T09:53:08.785+0000] {processor.py:208} INFO - Processing /home/airflow/.local/lib/python3.12/site-packages/airflow/example_dags/example_complex.py took 0.079 seconds
[2025-02-19T09:53:39.098+0000] {processor.py:186} INFO - Started process (PID=2014) to work on /home/airflow/.local/lib/python3.12/site-packages/airflow/example_dags/example_complex.py
[2025-02-19T09:53:39.100+0000] {processor.py:914} INFO - Processing file /home/airflow/.local/lib/python3.12/site-packages/airflow/example_dags/example_complex.py for tasks to queue
[2025-02-19T09:53:39.102+0000] {logging_mixin.py:190} INFO - [2025-02-19T09:53:39.102+0000] {dagbag.py:587} INFO - Filling up the DagBag from /home/airflow/.local/lib/python3.12/site-packages/airflow/example_dags/example_complex.py
[2025-02-19T09:53:39.112+0000] {processor.py:925} INFO - DAG(s) 'example_complex' retrieved from /home/airflow/.local/lib/python3.12/site-packages/airflow/example_dags/example_complex.py
[2025-02-19T09:53:39.141+0000] {logging_mixin.py:190} INFO - [2025-02-19T09:53:39.141+0000] {dag.py:3229} INFO - Sync 1 DAGs
[2025-02-19T09:53:39.154+0000] {logging_mixin.py:190} INFO - [2025-02-19T09:53:39.154+0000] {dag.py:4156} INFO - Setting next_dagrun for example_complex to None, run_after=None
[2025-02-19T09:53:39.170+0000] {processor.py:208} INFO - Processing /home/airflow/.local/lib/python3.12/site-packages/airflow/example_dags/example_complex.py took 0.076 seconds
[2025-02-19T09:54:09.407+0000] {processor.py:186} INFO - Started process (PID=2078) to work on /home/airflow/.local/lib/python3.12/site-packages/airflow/example_dags/example_complex.py
[2025-02-19T09:54:09.408+0000] {processor.py:914} INFO - Processing file /home/airflow/.local/lib/python3.12/site-packages/airflow/example_dags/example_complex.py for tasks to queue
[2025-02-19T09:54:09.410+0000] {logging_mixin.py:190} INFO - [2025-02-19T09:54:09.410+0000] {dagbag.py:587} INFO - Filling up the DagBag from /home/airflow/.local/lib/python3.12/site-packages/airflow/example_dags/example_complex.py
[2025-02-19T09:54:09.419+0000] {processor.py:925} INFO - DAG(s) 'example_complex' retrieved from /home/airflow/.local/lib/python3.12/site-packages/airflow/example_dags/example_complex.py
[2025-02-19T09:54:09.446+0000] {logging_mixin.py:190} INFO - [2025-02-19T09:54:09.445+0000] {dag.py:3229} INFO - Sync 1 DAGs
[2025-02-19T09:54:09.459+0000] {logging_mixin.py:190} INFO - [2025-02-19T09:54:09.458+0000] {dag.py:4156} INFO - Setting next_dagrun for example_complex to None, run_after=None
[2025-02-19T09:54:09.476+0000] {processor.py:208} INFO - Processing /home/airflow/.local/lib/python3.12/site-packages/airflow/example_dags/example_complex.py took 0.073 seconds
[2025-02-19T09:54:39.645+0000] {processor.py:186} INFO - Started process (PID=2142) to work on /home/airflow/.local/lib/python3.12/site-packages/airflow/example_dags/example_complex.py
[2025-02-19T09:54:39.646+0000] {processor.py:914} INFO - Processing file /home/airflow/.local/lib/python3.12/site-packages/airflow/example_dags/example_complex.py for tasks to queue
[2025-02-19T09:54:39.648+0000] {logging_mixin.py:190} INFO - [2025-02-19T09:54:39.648+0000] {dagbag.py:587} INFO - Filling up the DagBag from /home/airflow/.local/lib/python3.12/site-packages/airflow/example_dags/example_complex.py
[2025-02-19T09:54:39.658+0000] {processor.py:925} INFO - DAG(s) 'example_complex' retrieved from /home/airflow/.local/lib/python3.12/site-packages/airflow/example_dags/example_complex.py
[2025-02-19T09:54:39.684+0000] {logging_mixin.py:190} INFO - [2025-02-19T09:54:39.683+0000] {dag.py:3229} INFO - Sync 1 DAGs
[2025-02-19T09:54:39.696+0000] {logging_mixin.py:190} INFO - [2025-02-19T09:54:39.696+0000] {dag.py:4156} INFO - Setting next_dagrun for example_complex to None, run_after=None
[2025-02-19T09:54:39.711+0000] {processor.py:208} INFO - Processing /home/airflow/.local/lib/python3.12/site-packages/airflow/example_dags/example_complex.py took 0.070 seconds
[2025-02-19T09:55:09.977+0000] {processor.py:186} INFO - Started process (PID=2206) to work on /home/airflow/.local/lib/python3.12/site-packages/airflow/example_dags/example_complex.py
[2025-02-19T09:55:09.978+0000] {processor.py:914} INFO - Processing file /home/airflow/.local/lib/python3.12/site-packages/airflow/example_dags/example_complex.py for tasks to queue
[2025-02-19T09:55:09.979+0000] {logging_mixin.py:190} INFO - [2025-02-19T09:55:09.979+0000] {dagbag.py:587} INFO - Filling up the DagBag from /home/airflow/.local/lib/python3.12/site-packages/airflow/example_dags/example_complex.py
[2025-02-19T09:55:09.989+0000] {processor.py:925} INFO - DAG(s) 'example_complex' retrieved from /home/airflow/.local/lib/python3.12/site-packages/airflow/example_dags/example_complex.py
[2025-02-19T09:55:10.019+0000] {logging_mixin.py:190} INFO - [2025-02-19T09:55:10.019+0000] {dag.py:3229} INFO - Sync 1 DAGs
[2025-02-19T09:55:10.031+0000] {logging_mixin.py:190} INFO - [2025-02-19T09:55:10.031+0000] {dag.py:4156} INFO - Setting next_dagrun for example_complex to None, run_after=None
[2025-02-19T09:55:10.048+0000] {processor.py:208} INFO - Processing /home/airflow/.local/lib/python3.12/site-packages/airflow/example_dags/example_complex.py took 0.075 seconds
[2025-02-19T09:55:40.334+0000] {processor.py:186} INFO - Started process (PID=2270) to work on /home/airflow/.local/lib/python3.12/site-packages/airflow/example_dags/example_complex.py
[2025-02-19T09:55:40.335+0000] {processor.py:914} INFO - Processing file /home/airflow/.local/lib/python3.12/site-packages/airflow/example_dags/example_complex.py for tasks to queue
[2025-02-19T09:55:40.337+0000] {logging_mixin.py:190} INFO - [2025-02-19T09:55:40.336+0000] {dagbag.py:587} INFO - Filling up the DagBag from /home/airflow/.local/lib/python3.12/site-packages/airflow/example_dags/example_complex.py
[2025-02-19T09:55:40.346+0000] {processor.py:925} INFO - DAG(s) 'example_complex' retrieved from /home/airflow/.local/lib/python3.12/site-packages/airflow/example_dags/example_complex.py
[2025-02-19T09:55:40.372+0000] {logging_mixin.py:190} INFO - [2025-02-19T09:55:40.372+0000] {dag.py:3229} INFO - Sync 1 DAGs
[2025-02-19T09:55:40.384+0000] {logging_mixin.py:190} INFO - [2025-02-19T09:55:40.383+0000] {dag.py:4156} INFO - Setting next_dagrun for example_complex to None, run_after=None
[2025-02-19T09:55:40.401+0000] {processor.py:208} INFO - Processing /home/airflow/.local/lib/python3.12/site-packages/airflow/example_dags/example_complex.py took 0.071 seconds
[2025-02-19T09:56:10.805+0000] {processor.py:186} INFO - Started process (PID=2335) to work on /home/airflow/.local/lib/python3.12/site-packages/airflow/example_dags/example_complex.py
[2025-02-19T09:56:10.807+0000] {processor.py:914} INFO - Processing file /home/airflow/.local/lib/python3.12/site-packages/airflow/example_dags/example_complex.py for tasks to queue
[2025-02-19T09:56:10.808+0000] {logging_mixin.py:190} INFO - [2025-02-19T09:56:10.808+0000] {dagbag.py:587} INFO - Filling up the DagBag from /home/airflow/.local/lib/python3.12/site-packages/airflow/example_dags/example_complex.py
[2025-02-19T09:56:10.820+0000] {processor.py:925} INFO - DAG(s) 'example_complex' retrieved from /home/airflow/.local/lib/python3.12/site-packages/airflow/example_dags/example_complex.py
[2025-02-19T09:56:10.847+0000] {logging_mixin.py:190} INFO - [2025-02-19T09:56:10.847+0000] {dag.py:3229} INFO - Sync 1 DAGs
[2025-02-19T09:56:10.859+0000] {logging_mixin.py:190} INFO - [2025-02-19T09:56:10.859+0000] {dag.py:4156} INFO - Setting next_dagrun for example_complex to None, run_after=None
[2025-02-19T09:56:10.876+0000] {processor.py:208} INFO - Processing /home/airflow/.local/lib/python3.12/site-packages/airflow/example_dags/example_complex.py took 0.075 seconds
[2025-02-19T09:56:41.168+0000] {processor.py:186} INFO - Started process (PID=2399) to work on /home/airflow/.local/lib/python3.12/site-packages/airflow/example_dags/example_complex.py
[2025-02-19T09:56:41.169+0000] {processor.py:914} INFO - Processing file /home/airflow/.local/lib/python3.12/site-packages/airflow/example_dags/example_complex.py for tasks to queue
[2025-02-19T09:56:41.171+0000] {logging_mixin.py:190} INFO - [2025-02-19T09:56:41.171+0000] {dagbag.py:587} INFO - Filling up the DagBag from /home/airflow/.local/lib/python3.12/site-packages/airflow/example_dags/example_complex.py
[2025-02-19T09:56:41.183+0000] {processor.py:925} INFO - DAG(s) 'example_complex' retrieved from /home/airflow/.local/lib/python3.12/site-packages/airflow/example_dags/example_complex.py
[2025-02-19T09:56:41.212+0000] {logging_mixin.py:190} INFO - [2025-02-19T09:56:41.212+0000] {dag.py:3229} INFO - Sync 1 DAGs
[2025-02-19T09:56:41.225+0000] {logging_mixin.py:190} INFO - [2025-02-19T09:56:41.225+0000] {dag.py:4156} INFO - Setting next_dagrun for example_complex to None, run_after=None
[2025-02-19T09:56:41.247+0000] {processor.py:208} INFO - Processing /home/airflow/.local/lib/python3.12/site-packages/airflow/example_dags/example_complex.py took 0.084 seconds
[2025-02-19T09:57:12.249+0000] {processor.py:186} INFO - Started process (PID=2464) to work on /home/airflow/.local/lib/python3.12/site-packages/airflow/example_dags/example_complex.py
[2025-02-19T09:57:12.250+0000] {processor.py:914} INFO - Processing file /home/airflow/.local/lib/python3.12/site-packages/airflow/example_dags/example_complex.py for tasks to queue
[2025-02-19T09:57:12.252+0000] {logging_mixin.py:190} INFO - [2025-02-19T09:57:12.252+0000] {dagbag.py:587} INFO - Filling up the DagBag from /home/airflow/.local/lib/python3.12/site-packages/airflow/example_dags/example_complex.py
[2025-02-19T09:57:12.262+0000] {processor.py:925} INFO - DAG(s) 'example_complex' retrieved from /home/airflow/.local/lib/python3.12/site-packages/airflow/example_dags/example_complex.py
[2025-02-19T09:57:12.287+0000] {logging_mixin.py:190} INFO - [2025-02-19T09:57:12.287+0000] {dag.py:3229} INFO - Sync 1 DAGs
[2025-02-19T09:57:12.299+0000] {logging_mixin.py:190} INFO - [2025-02-19T09:57:12.298+0000] {dag.py:4156} INFO - Setting next_dagrun for example_complex to None, run_after=None
[2025-02-19T09:57:12.315+0000] {processor.py:208} INFO - Processing /home/airflow/.local/lib/python3.12/site-packages/airflow/example_dags/example_complex.py took 0.071 seconds
[2025-02-19T09:57:42.751+0000] {processor.py:186} INFO - Started process (PID=2528) to work on /home/airflow/.local/lib/python3.12/site-packages/airflow/example_dags/example_complex.py
[2025-02-19T09:57:42.772+0000] {processor.py:914} INFO - Processing file /home/airflow/.local/lib/python3.12/site-packages/airflow/example_dags/example_complex.py for tasks to queue
[2025-02-19T09:57:42.774+0000] {logging_mixin.py:190} INFO - [2025-02-19T09:57:42.774+0000] {dagbag.py:587} INFO - Filling up the DagBag from /home/airflow/.local/lib/python3.12/site-packages/airflow/example_dags/example_complex.py
[2025-02-19T09:57:42.785+0000] {processor.py:925} INFO - DAG(s) 'example_complex' retrieved from /home/airflow/.local/lib/python3.12/site-packages/airflow/example_dags/example_complex.py
[2025-02-19T09:57:42.815+0000] {logging_mixin.py:190} INFO - [2025-02-19T09:57:42.815+0000] {dag.py:3229} INFO - Sync 1 DAGs
[2025-02-19T09:57:42.827+0000] {logging_mixin.py:190} INFO - [2025-02-19T09:57:42.827+0000] {dag.py:4156} INFO - Setting next_dagrun for example_complex to None, run_after=None
[2025-02-19T09:57:42.844+0000] {processor.py:208} INFO - Processing /home/airflow/.local/lib/python3.12/site-packages/airflow/example_dags/example_complex.py took 0.099 seconds
[2025-02-19T09:58:13.427+0000] {processor.py:186} INFO - Started process (PID=2593) to work on /home/airflow/.local/lib/python3.12/site-packages/airflow/example_dags/example_complex.py
[2025-02-19T09:58:13.428+0000] {processor.py:914} INFO - Processing file /home/airflow/.local/lib/python3.12/site-packages/airflow/example_dags/example_complex.py for tasks to queue
[2025-02-19T09:58:13.430+0000] {logging_mixin.py:190} INFO - [2025-02-19T09:58:13.429+0000] {dagbag.py:587} INFO - Filling up the DagBag from /home/airflow/.local/lib/python3.12/site-packages/airflow/example_dags/example_complex.py
[2025-02-19T09:58:13.440+0000] {processor.py:925} INFO - DAG(s) 'example_complex' retrieved from /home/airflow/.local/lib/python3.12/site-packages/airflow/example_dags/example_complex.py
[2025-02-19T09:58:13.468+0000] {logging_mixin.py:190} INFO - [2025-02-19T09:58:13.468+0000] {dag.py:3229} INFO - Sync 1 DAGs
[2025-02-19T09:58:13.480+0000] {logging_mixin.py:190} INFO - [2025-02-19T09:58:13.480+0000] {dag.py:4156} INFO - Setting next_dagrun for example_complex to None, run_after=None
[2025-02-19T09:58:13.524+0000] {processor.py:208} INFO - Processing /home/airflow/.local/lib/python3.12/site-packages/airflow/example_dags/example_complex.py took 0.102 seconds
[2025-02-19T09:58:43.616+0000] {processor.py:186} INFO - Started process (PID=2662) to work on /home/airflow/.local/lib/python3.12/site-packages/airflow/example_dags/example_complex.py
[2025-02-19T09:58:43.618+0000] {processor.py:914} INFO - Processing file /home/airflow/.local/lib/python3.12/site-packages/airflow/example_dags/example_complex.py for tasks to queue
[2025-02-19T09:58:43.620+0000] {logging_mixin.py:190} INFO - [2025-02-19T09:58:43.620+0000] {dagbag.py:587} INFO - Filling up the DagBag from /home/airflow/.local/lib/python3.12/site-packages/airflow/example_dags/example_complex.py
[2025-02-19T09:58:43.630+0000] {processor.py:925} INFO - DAG(s) 'example_complex' retrieved from /home/airflow/.local/lib/python3.12/site-packages/airflow/example_dags/example_complex.py
[2025-02-19T09:58:43.661+0000] {logging_mixin.py:190} INFO - [2025-02-19T09:58:43.660+0000] {dag.py:3229} INFO - Sync 1 DAGs
[2025-02-19T09:58:43.674+0000] {logging_mixin.py:190} INFO - [2025-02-19T09:58:43.674+0000] {dag.py:4156} INFO - Setting next_dagrun for example_complex to None, run_after=None
[2025-02-19T09:58:43.692+0000] {processor.py:208} INFO - Processing /home/airflow/.local/lib/python3.12/site-packages/airflow/example_dags/example_complex.py took 0.080 seconds
[2025-02-19T09:59:13.823+0000] {processor.py:186} INFO - Started process (PID=2726) to work on /home/airflow/.local/lib/python3.12/site-packages/airflow/example_dags/example_complex.py
[2025-02-19T09:59:13.824+0000] {processor.py:914} INFO - Processing file /home/airflow/.local/lib/python3.12/site-packages/airflow/example_dags/example_complex.py for tasks to queue
[2025-02-19T09:59:13.826+0000] {logging_mixin.py:190} INFO - [2025-02-19T09:59:13.826+0000] {dagbag.py:587} INFO - Filling up the DagBag from /home/airflow/.local/lib/python3.12/site-packages/airflow/example_dags/example_complex.py
[2025-02-19T09:59:13.836+0000] {processor.py:925} INFO - DAG(s) 'example_complex' retrieved from /home/airflow/.local/lib/python3.12/site-packages/airflow/example_dags/example_complex.py
[2025-02-19T09:59:13.862+0000] {logging_mixin.py:190} INFO - [2025-02-19T09:59:13.861+0000] {dag.py:3229} INFO - Sync 1 DAGs
[2025-02-19T09:59:13.873+0000] {logging_mixin.py:190} INFO - [2025-02-19T09:59:13.873+0000] {dag.py:4156} INFO - Setting next_dagrun for example_complex to None, run_after=None
[2025-02-19T09:59:13.888+0000] {processor.py:208} INFO - Processing /home/airflow/.local/lib/python3.12/site-packages/airflow/example_dags/example_complex.py took 0.069 seconds
[2025-02-19T10:23:12.182+0000] {logging_mixin.py:190} INFO - [2025-02-19T10:23:12.181+0000] {settings.py:475} DEBUG - Setting up DB connection pool (PID 69)
[2025-02-19T10:23:12.183+0000] {logging_mixin.py:190} INFO - [2025-02-19T10:23:12.183+0000] {settings.py:579} DEBUG - settings.prepare_engine_args(): Using pool settings. pool_size=5, max_overflow=10, pool_recycle=1800, pid=69
[2025-02-19T10:23:12.187+0000] {processor.py:186} INFO - Started process (PID=69) to work on /home/airflow/.local/lib/python3.12/site-packages/airflow/example_dags/example_complex.py
[2025-02-19T10:23:12.187+0000] {processor.py:914} INFO - Processing file /home/airflow/.local/lib/python3.12/site-packages/airflow/example_dags/example_complex.py for tasks to queue
[2025-02-19T10:23:12.188+0000] {logging_mixin.py:190} INFO - [2025-02-19T10:23:12.188+0000] {dagbag.py:587} INFO - Filling up the DagBag from /home/airflow/.local/lib/python3.12/site-packages/airflow/example_dags/example_complex.py
[2025-02-19T10:23:12.189+0000] {logging_mixin.py:190} INFO - [2025-02-19T10:23:12.189+0000] {dagbag.py:368} DEBUG - Importing /home/airflow/.local/lib/python3.12/site-packages/airflow/example_dags/example_complex.py
[2025-02-19T10:23:12.202+0000] {logging_mixin.py:190} INFO - [2025-02-19T10:23:12.201+0000] {dagbag.py:553} DEBUG - Loaded DAG <DAG: example_complex>
[2025-02-19T10:23:12.202+0000] {processor.py:925} INFO - DAG(s) 'example_complex' retrieved from /home/airflow/.local/lib/python3.12/site-packages/airflow/example_dags/example_complex.py
[2025-02-19T10:23:12.203+0000] {logging_mixin.py:190} INFO - [2025-02-19T10:23:12.203+0000] {dagbag.py:710} DEBUG - Running dagbag.sync_to_db with retries. Try 1 of 3
[2025-02-19T10:23:12.203+0000] {logging_mixin.py:190} INFO - [2025-02-19T10:23:12.203+0000] {dagbag.py:715} DEBUG - Calling the DAG.bulk_sync_to_db method
[2025-02-19T10:23:12.214+0000] {logging_mixin.py:190} INFO - [2025-02-19T10:23:12.214+0000] {serialized_dag.py:168} DEBUG - Checking if DAG (example_complex) changed
[2025-02-19T10:23:12.232+0000] {logging_mixin.py:190} INFO - [2025-02-19T10:23:12.231+0000] {serialized_dag.py:179} DEBUG - Serialized DAG (example_complex) is unchanged. Skipping writing to DB
[2025-02-19T10:23:12.232+0000] {logging_mixin.py:190} INFO - [2025-02-19T10:23:12.232+0000] {dag.py:3229} INFO - Sync 1 DAGs
[2025-02-19T10:23:12.247+0000] {logging_mixin.py:190} INFO - [2025-02-19T10:23:12.246+0000] {dag.py:4156} INFO - Setting next_dagrun for example_complex to None, run_after=None
[2025-02-19T10:23:12.265+0000] {processor.py:208} INFO - Processing /home/airflow/.local/lib/python3.12/site-packages/airflow/example_dags/example_complex.py took 0.084 seconds
[2025-02-19T10:23:54.590+0000] {logging_mixin.py:190} INFO - [2025-02-19T10:23:54.589+0000] {settings.py:475} DEBUG - Setting up DB connection pool (PID 139)
[2025-02-19T10:23:54.591+0000] {logging_mixin.py:190} INFO - [2025-02-19T10:23:54.591+0000] {settings.py:579} DEBUG - settings.prepare_engine_args(): Using pool settings. pool_size=5, max_overflow=10, pool_recycle=1800, pid=139
[2025-02-19T10:23:54.595+0000] {processor.py:186} INFO - Started process (PID=139) to work on /home/airflow/.local/lib/python3.12/site-packages/airflow/example_dags/example_complex.py
[2025-02-19T10:23:54.596+0000] {processor.py:914} INFO - Processing file /home/airflow/.local/lib/python3.12/site-packages/airflow/example_dags/example_complex.py for tasks to queue
[2025-02-19T10:23:54.597+0000] {logging_mixin.py:190} INFO - [2025-02-19T10:23:54.597+0000] {dagbag.py:587} INFO - Filling up the DagBag from /home/airflow/.local/lib/python3.12/site-packages/airflow/example_dags/example_complex.py
[2025-02-19T10:23:54.599+0000] {logging_mixin.py:190} INFO - [2025-02-19T10:23:54.598+0000] {dagbag.py:368} DEBUG - Importing /home/airflow/.local/lib/python3.12/site-packages/airflow/example_dags/example_complex.py
[2025-02-19T10:23:54.614+0000] {logging_mixin.py:190} INFO - [2025-02-19T10:23:54.611+0000] {dagbag.py:553} DEBUG - Loaded DAG <DAG: example_complex>
[2025-02-19T10:23:54.614+0000] {processor.py:925} INFO - DAG(s) 'example_complex' retrieved from /home/airflow/.local/lib/python3.12/site-packages/airflow/example_dags/example_complex.py
[2025-02-19T10:23:54.615+0000] {logging_mixin.py:190} INFO - [2025-02-19T10:23:54.615+0000] {dagbag.py:710} DEBUG - Running dagbag.sync_to_db with retries. Try 1 of 3
[2025-02-19T10:23:54.615+0000] {logging_mixin.py:190} INFO - [2025-02-19T10:23:54.615+0000] {dagbag.py:715} DEBUG - Calling the DAG.bulk_sync_to_db method
[2025-02-19T10:23:54.642+0000] {logging_mixin.py:190} INFO - [2025-02-19T10:23:54.642+0000] {serialized_dag.py:168} DEBUG - Checking if DAG (example_complex) changed
[2025-02-19T10:23:54.664+0000] {logging_mixin.py:190} INFO - [2025-02-19T10:23:54.664+0000] {serialized_dag.py:179} DEBUG - Serialized DAG (example_complex) is unchanged. Skipping writing to DB
[2025-02-19T10:23:54.665+0000] {logging_mixin.py:190} INFO - [2025-02-19T10:23:54.665+0000] {dag.py:3229} INFO - Sync 1 DAGs
[2025-02-19T10:23:54.683+0000] {logging_mixin.py:190} INFO - [2025-02-19T10:23:54.682+0000] {dag.py:4156} INFO - Setting next_dagrun for example_complex to None, run_after=None
[2025-02-19T10:23:54.704+0000] {processor.py:208} INFO - Processing /home/airflow/.local/lib/python3.12/site-packages/airflow/example_dags/example_complex.py took 0.114 seconds
[2025-02-19T10:24:25.532+0000] {logging_mixin.py:190} INFO - [2025-02-19T10:24:25.532+0000] {settings.py:475} DEBUG - Setting up DB connection pool (PID 203)
[2025-02-19T10:24:25.533+0000] {logging_mixin.py:190} INFO - [2025-02-19T10:24:25.533+0000] {settings.py:579} DEBUG - settings.prepare_engine_args(): Using pool settings. pool_size=5, max_overflow=10, pool_recycle=1800, pid=203
[2025-02-19T10:24:25.538+0000] {processor.py:186} INFO - Started process (PID=203) to work on /home/airflow/.local/lib/python3.12/site-packages/airflow/example_dags/example_complex.py
[2025-02-19T10:24:25.538+0000] {processor.py:914} INFO - Processing file /home/airflow/.local/lib/python3.12/site-packages/airflow/example_dags/example_complex.py for tasks to queue
[2025-02-19T10:24:25.539+0000] {logging_mixin.py:190} INFO - [2025-02-19T10:24:25.539+0000] {dagbag.py:587} INFO - Filling up the DagBag from /home/airflow/.local/lib/python3.12/site-packages/airflow/example_dags/example_complex.py
[2025-02-19T10:24:25.540+0000] {logging_mixin.py:190} INFO - [2025-02-19T10:24:25.540+0000] {dagbag.py:368} DEBUG - Importing /home/airflow/.local/lib/python3.12/site-packages/airflow/example_dags/example_complex.py
[2025-02-19T10:24:25.551+0000] {logging_mixin.py:190} INFO - [2025-02-19T10:24:25.550+0000] {dagbag.py:553} DEBUG - Loaded DAG <DAG: example_complex>
[2025-02-19T10:24:25.551+0000] {processor.py:925} INFO - DAG(s) 'example_complex' retrieved from /home/airflow/.local/lib/python3.12/site-packages/airflow/example_dags/example_complex.py
[2025-02-19T10:24:25.552+0000] {logging_mixin.py:190} INFO - [2025-02-19T10:24:25.552+0000] {dagbag.py:710} DEBUG - Running dagbag.sync_to_db with retries. Try 1 of 3
[2025-02-19T10:24:25.552+0000] {logging_mixin.py:190} INFO - [2025-02-19T10:24:25.552+0000] {dagbag.py:715} DEBUG - Calling the DAG.bulk_sync_to_db method
[2025-02-19T10:24:25.563+0000] {logging_mixin.py:190} INFO - [2025-02-19T10:24:25.563+0000] {serialized_dag.py:168} DEBUG - Checking if DAG (example_complex) changed
[2025-02-19T10:24:25.588+0000] {logging_mixin.py:190} INFO - [2025-02-19T10:24:25.587+0000] {serialized_dag.py:179} DEBUG - Serialized DAG (example_complex) is unchanged. Skipping writing to DB
[2025-02-19T10:24:25.588+0000] {logging_mixin.py:190} INFO - [2025-02-19T10:24:25.588+0000] {dag.py:3229} INFO - Sync 1 DAGs
[2025-02-19T10:24:25.602+0000] {logging_mixin.py:190} INFO - [2025-02-19T10:24:25.602+0000] {dag.py:4156} INFO - Setting next_dagrun for example_complex to None, run_after=None
[2025-02-19T10:24:25.619+0000] {processor.py:208} INFO - Processing /home/airflow/.local/lib/python3.12/site-packages/airflow/example_dags/example_complex.py took 0.087 seconds
[2025-02-19T10:24:56.373+0000] {logging_mixin.py:190} INFO - [2025-02-19T10:24:56.372+0000] {settings.py:475} DEBUG - Setting up DB connection pool (PID 272)
[2025-02-19T10:24:56.374+0000] {logging_mixin.py:190} INFO - [2025-02-19T10:24:56.374+0000] {settings.py:579} DEBUG - settings.prepare_engine_args(): Using pool settings. pool_size=5, max_overflow=10, pool_recycle=1800, pid=272
[2025-02-19T10:24:56.378+0000] {processor.py:186} INFO - Started process (PID=272) to work on /home/airflow/.local/lib/python3.12/site-packages/airflow/example_dags/example_complex.py
[2025-02-19T10:24:56.378+0000] {processor.py:914} INFO - Processing file /home/airflow/.local/lib/python3.12/site-packages/airflow/example_dags/example_complex.py for tasks to queue
[2025-02-19T10:24:56.379+0000] {logging_mixin.py:190} INFO - [2025-02-19T10:24:56.379+0000] {dagbag.py:587} INFO - Filling up the DagBag from /home/airflow/.local/lib/python3.12/site-packages/airflow/example_dags/example_complex.py
[2025-02-19T10:24:56.380+0000] {logging_mixin.py:190} INFO - [2025-02-19T10:24:56.380+0000] {dagbag.py:368} DEBUG - Importing /home/airflow/.local/lib/python3.12/site-packages/airflow/example_dags/example_complex.py
[2025-02-19T10:24:56.390+0000] {logging_mixin.py:190} INFO - [2025-02-19T10:24:56.389+0000] {dagbag.py:553} DEBUG - Loaded DAG <DAG: example_complex>
[2025-02-19T10:24:56.391+0000] {processor.py:925} INFO - DAG(s) 'example_complex' retrieved from /home/airflow/.local/lib/python3.12/site-packages/airflow/example_dags/example_complex.py
[2025-02-19T10:24:56.391+0000] {logging_mixin.py:190} INFO - [2025-02-19T10:24:56.391+0000] {dagbag.py:710} DEBUG - Running dagbag.sync_to_db with retries. Try 1 of 3
[2025-02-19T10:24:56.392+0000] {logging_mixin.py:190} INFO - [2025-02-19T10:24:56.391+0000] {dagbag.py:715} DEBUG - Calling the DAG.bulk_sync_to_db method
[2025-02-19T10:24:56.402+0000] {logging_mixin.py:190} INFO - [2025-02-19T10:24:56.402+0000] {serialized_dag.py:168} DEBUG - Checking if DAG (example_complex) changed
[2025-02-19T10:24:56.419+0000] {logging_mixin.py:190} INFO - [2025-02-19T10:24:56.418+0000] {serialized_dag.py:179} DEBUG - Serialized DAG (example_complex) is unchanged. Skipping writing to DB
[2025-02-19T10:24:56.419+0000] {logging_mixin.py:190} INFO - [2025-02-19T10:24:56.419+0000] {dag.py:3229} INFO - Sync 1 DAGs
[2025-02-19T10:24:56.431+0000] {logging_mixin.py:190} INFO - [2025-02-19T10:24:56.431+0000] {dag.py:4156} INFO - Setting next_dagrun for example_complex to None, run_after=None
[2025-02-19T10:24:56.451+0000] {processor.py:208} INFO - Processing /home/airflow/.local/lib/python3.12/site-packages/airflow/example_dags/example_complex.py took 0.079 seconds
[2025-02-19T10:25:26.622+0000] {logging_mixin.py:190} INFO - [2025-02-19T10:25:26.621+0000] {settings.py:475} DEBUG - Setting up DB connection pool (PID 336)
[2025-02-19T10:25:26.624+0000] {logging_mixin.py:190} INFO - [2025-02-19T10:25:26.623+0000] {settings.py:579} DEBUG - settings.prepare_engine_args(): Using pool settings. pool_size=5, max_overflow=10, pool_recycle=1800, pid=336
[2025-02-19T10:25:26.629+0000] {processor.py:186} INFO - Started process (PID=336) to work on /home/airflow/.local/lib/python3.12/site-packages/airflow/example_dags/example_complex.py
[2025-02-19T10:25:26.629+0000] {processor.py:914} INFO - Processing file /home/airflow/.local/lib/python3.12/site-packages/airflow/example_dags/example_complex.py for tasks to queue
[2025-02-19T10:25:26.630+0000] {logging_mixin.py:190} INFO - [2025-02-19T10:25:26.630+0000] {dagbag.py:587} INFO - Filling up the DagBag from /home/airflow/.local/lib/python3.12/site-packages/airflow/example_dags/example_complex.py
[2025-02-19T10:25:26.631+0000] {logging_mixin.py:190} INFO - [2025-02-19T10:25:26.631+0000] {dagbag.py:368} DEBUG - Importing /home/airflow/.local/lib/python3.12/site-packages/airflow/example_dags/example_complex.py
[2025-02-19T10:25:26.645+0000] {logging_mixin.py:190} INFO - [2025-02-19T10:25:26.643+0000] {dagbag.py:553} DEBUG - Loaded DAG <DAG: example_complex>
[2025-02-19T10:25:26.645+0000] {processor.py:925} INFO - DAG(s) 'example_complex' retrieved from /home/airflow/.local/lib/python3.12/site-packages/airflow/example_dags/example_complex.py
[2025-02-19T10:25:26.646+0000] {logging_mixin.py:190} INFO - [2025-02-19T10:25:26.646+0000] {dagbag.py:710} DEBUG - Running dagbag.sync_to_db with retries. Try 1 of 3
[2025-02-19T10:25:26.647+0000] {logging_mixin.py:190} INFO - [2025-02-19T10:25:26.647+0000] {dagbag.py:715} DEBUG - Calling the DAG.bulk_sync_to_db method
[2025-02-19T10:25:26.660+0000] {logging_mixin.py:190} INFO - [2025-02-19T10:25:26.659+0000] {serialized_dag.py:168} DEBUG - Checking if DAG (example_complex) changed
[2025-02-19T10:25:26.685+0000] {logging_mixin.py:190} INFO - [2025-02-19T10:25:26.684+0000] {serialized_dag.py:179} DEBUG - Serialized DAG (example_complex) is unchanged. Skipping writing to DB
[2025-02-19T10:25:26.685+0000] {logging_mixin.py:190} INFO - [2025-02-19T10:25:26.685+0000] {dag.py:3229} INFO - Sync 1 DAGs
[2025-02-19T10:25:26.699+0000] {logging_mixin.py:190} INFO - [2025-02-19T10:25:26.699+0000] {dag.py:4156} INFO - Setting next_dagrun for example_complex to None, run_after=None
[2025-02-19T10:25:26.719+0000] {processor.py:208} INFO - Processing /home/airflow/.local/lib/python3.12/site-packages/airflow/example_dags/example_complex.py took 0.098 seconds
[2025-02-19T10:25:57.418+0000] {logging_mixin.py:190} INFO - [2025-02-19T10:25:57.418+0000] {settings.py:475} DEBUG - Setting up DB connection pool (PID 400)
[2025-02-19T10:25:57.420+0000] {logging_mixin.py:190} INFO - [2025-02-19T10:25:57.420+0000] {settings.py:579} DEBUG - settings.prepare_engine_args(): Using pool settings. pool_size=5, max_overflow=10, pool_recycle=1800, pid=400
[2025-02-19T10:25:57.424+0000] {processor.py:186} INFO - Started process (PID=400) to work on /home/airflow/.local/lib/python3.12/site-packages/airflow/example_dags/example_complex.py
[2025-02-19T10:25:57.425+0000] {processor.py:914} INFO - Processing file /home/airflow/.local/lib/python3.12/site-packages/airflow/example_dags/example_complex.py for tasks to queue
[2025-02-19T10:25:57.425+0000] {logging_mixin.py:190} INFO - [2025-02-19T10:25:57.425+0000] {dagbag.py:587} INFO - Filling up the DagBag from /home/airflow/.local/lib/python3.12/site-packages/airflow/example_dags/example_complex.py
[2025-02-19T10:25:57.426+0000] {logging_mixin.py:190} INFO - [2025-02-19T10:25:57.426+0000] {dagbag.py:368} DEBUG - Importing /home/airflow/.local/lib/python3.12/site-packages/airflow/example_dags/example_complex.py
[2025-02-19T10:25:57.438+0000] {logging_mixin.py:190} INFO - [2025-02-19T10:25:57.436+0000] {dagbag.py:553} DEBUG - Loaded DAG <DAG: example_complex>
[2025-02-19T10:25:57.438+0000] {processor.py:925} INFO - DAG(s) 'example_complex' retrieved from /home/airflow/.local/lib/python3.12/site-packages/airflow/example_dags/example_complex.py
[2025-02-19T10:25:57.439+0000] {logging_mixin.py:190} INFO - [2025-02-19T10:25:57.438+0000] {dagbag.py:710} DEBUG - Running dagbag.sync_to_db with retries. Try 1 of 3
[2025-02-19T10:25:57.439+0000] {logging_mixin.py:190} INFO - [2025-02-19T10:25:57.439+0000] {dagbag.py:715} DEBUG - Calling the DAG.bulk_sync_to_db method
[2025-02-19T10:25:57.450+0000] {logging_mixin.py:190} INFO - [2025-02-19T10:25:57.450+0000] {serialized_dag.py:168} DEBUG - Checking if DAG (example_complex) changed
[2025-02-19T10:25:57.466+0000] {logging_mixin.py:190} INFO - [2025-02-19T10:25:57.466+0000] {serialized_dag.py:179} DEBUG - Serialized DAG (example_complex) is unchanged. Skipping writing to DB
[2025-02-19T10:25:57.466+0000] {logging_mixin.py:190} INFO - [2025-02-19T10:25:57.466+0000] {dag.py:3229} INFO - Sync 1 DAGs
[2025-02-19T10:25:57.480+0000] {logging_mixin.py:190} INFO - [2025-02-19T10:25:57.479+0000] {dag.py:4156} INFO - Setting next_dagrun for example_complex to None, run_after=None
[2025-02-19T10:25:57.499+0000] {processor.py:208} INFO - Processing /home/airflow/.local/lib/python3.12/site-packages/airflow/example_dags/example_complex.py took 0.081 seconds
[2025-02-19T10:26:28.157+0000] {logging_mixin.py:190} INFO - [2025-02-19T10:26:28.157+0000] {settings.py:475} DEBUG - Setting up DB connection pool (PID 464)
[2025-02-19T10:26:28.158+0000] {logging_mixin.py:190} INFO - [2025-02-19T10:26:28.158+0000] {settings.py:579} DEBUG - settings.prepare_engine_args(): Using pool settings. pool_size=5, max_overflow=10, pool_recycle=1800, pid=464
[2025-02-19T10:26:28.162+0000] {processor.py:186} INFO - Started process (PID=464) to work on /home/airflow/.local/lib/python3.12/site-packages/airflow/example_dags/example_complex.py
[2025-02-19T10:26:28.163+0000] {processor.py:914} INFO - Processing file /home/airflow/.local/lib/python3.12/site-packages/airflow/example_dags/example_complex.py for tasks to queue
[2025-02-19T10:26:28.163+0000] {logging_mixin.py:190} INFO - [2025-02-19T10:26:28.163+0000] {dagbag.py:587} INFO - Filling up the DagBag from /home/airflow/.local/lib/python3.12/site-packages/airflow/example_dags/example_complex.py
[2025-02-19T10:26:28.164+0000] {logging_mixin.py:190} INFO - [2025-02-19T10:26:28.164+0000] {dagbag.py:368} DEBUG - Importing /home/airflow/.local/lib/python3.12/site-packages/airflow/example_dags/example_complex.py
[2025-02-19T10:26:28.175+0000] {logging_mixin.py:190} INFO - [2025-02-19T10:26:28.173+0000] {dagbag.py:553} DEBUG - Loaded DAG <DAG: example_complex>
[2025-02-19T10:26:28.175+0000] {processor.py:925} INFO - DAG(s) 'example_complex' retrieved from /home/airflow/.local/lib/python3.12/site-packages/airflow/example_dags/example_complex.py
[2025-02-19T10:26:28.175+0000] {logging_mixin.py:190} INFO - [2025-02-19T10:26:28.175+0000] {dagbag.py:710} DEBUG - Running dagbag.sync_to_db with retries. Try 1 of 3
[2025-02-19T10:26:28.176+0000] {logging_mixin.py:190} INFO - [2025-02-19T10:26:28.176+0000] {dagbag.py:715} DEBUG - Calling the DAG.bulk_sync_to_db method
[2025-02-19T10:26:28.186+0000] {logging_mixin.py:190} INFO - [2025-02-19T10:26:28.186+0000] {serialized_dag.py:168} DEBUG - Checking if DAG (example_complex) changed
[2025-02-19T10:26:28.202+0000] {logging_mixin.py:190} INFO - [2025-02-19T10:26:28.202+0000] {serialized_dag.py:179} DEBUG - Serialized DAG (example_complex) is unchanged. Skipping writing to DB
[2025-02-19T10:26:28.202+0000] {logging_mixin.py:190} INFO - [2025-02-19T10:26:28.202+0000] {dag.py:3229} INFO - Sync 1 DAGs
[2025-02-19T10:26:28.215+0000] {logging_mixin.py:190} INFO - [2025-02-19T10:26:28.215+0000] {dag.py:4156} INFO - Setting next_dagrun for example_complex to None, run_after=None
[2025-02-19T10:26:28.232+0000] {processor.py:208} INFO - Processing /home/airflow/.local/lib/python3.12/site-packages/airflow/example_dags/example_complex.py took 0.076 seconds
