[2025-02-19T09:38:25.824+0000] {processor.py:186} INFO - Started process (PID=73) to work on /home/airflow/.local/lib/python3.12/site-packages/airflow/example_dags/example_xcomargs.py
[2025-02-19T09:38:25.824+0000] {processor.py:914} INFO - Processing file /home/airflow/.local/lib/python3.12/site-packages/airflow/example_dags/example_xcomargs.py for tasks to queue
[2025-02-19T09:38:25.826+0000] {logging_mixin.py:190} INFO - [2025-02-19T09:38:25.826+0000] {dagbag.py:587} INFO - Filling up the DagBag from /home/airflow/.local/lib/python3.12/site-packages/airflow/example_dags/example_xcomargs.py
[2025-02-19T09:38:25.836+0000] {processor.py:925} INFO - DAG(s) 'example_xcom_args_with_operators', 'example_xcom_args' retrieved from /home/airflow/.local/lib/python3.12/site-packages/airflow/example_dags/example_xcomargs.py
[2025-02-19T09:38:25.861+0000] {logging_mixin.py:190} INFO - [2025-02-19T09:38:25.861+0000] {dag.py:3229} INFO - Sync 2 DAGs
[2025-02-19T09:38:25.878+0000] {logging_mixin.py:190} INFO - [2025-02-19T09:38:25.878+0000] {dag.py:4156} INFO - Setting next_dagrun for example_xcom_args to None, run_after=None
[2025-02-19T09:38:25.882+0000] {logging_mixin.py:190} INFO - [2025-02-19T09:38:25.882+0000] {dag.py:4156} INFO - Setting next_dagrun for example_xcom_args_with_operators to None, run_after=None
[2025-02-19T09:38:25.908+0000] {processor.py:208} INFO - Processing /home/airflow/.local/lib/python3.12/site-packages/airflow/example_dags/example_xcomargs.py took 0.089 seconds
[2025-02-19T09:38:56.555+0000] {processor.py:186} INFO - Started process (PID=142) to work on /home/airflow/.local/lib/python3.12/site-packages/airflow/example_dags/example_xcomargs.py
[2025-02-19T09:38:56.556+0000] {processor.py:914} INFO - Processing file /home/airflow/.local/lib/python3.12/site-packages/airflow/example_dags/example_xcomargs.py for tasks to queue
[2025-02-19T09:38:56.558+0000] {logging_mixin.py:190} INFO - [2025-02-19T09:38:56.558+0000] {dagbag.py:587} INFO - Filling up the DagBag from /home/airflow/.local/lib/python3.12/site-packages/airflow/example_dags/example_xcomargs.py
[2025-02-19T09:38:56.568+0000] {processor.py:925} INFO - DAG(s) 'example_xcom_args', 'example_xcom_args_with_operators' retrieved from /home/airflow/.local/lib/python3.12/site-packages/airflow/example_dags/example_xcomargs.py
[2025-02-19T09:38:56.589+0000] {logging_mixin.py:190} INFO - [2025-02-19T09:38:56.589+0000] {dag.py:3229} INFO - Sync 2 DAGs
[2025-02-19T09:38:56.602+0000] {logging_mixin.py:190} INFO - [2025-02-19T09:38:56.601+0000] {dag.py:4156} INFO - Setting next_dagrun for example_xcom_args to None, run_after=None
[2025-02-19T09:38:56.605+0000] {logging_mixin.py:190} INFO - [2025-02-19T09:38:56.605+0000] {dag.py:4156} INFO - Setting next_dagrun for example_xcom_args_with_operators to None, run_after=None
[2025-02-19T09:38:56.619+0000] {processor.py:208} INFO - Processing /home/airflow/.local/lib/python3.12/site-packages/airflow/example_dags/example_xcomargs.py took 0.068 seconds
[2025-02-19T09:39:27.298+0000] {processor.py:186} INFO - Started process (PID=206) to work on /home/airflow/.local/lib/python3.12/site-packages/airflow/example_dags/example_xcomargs.py
[2025-02-19T09:39:27.299+0000] {processor.py:914} INFO - Processing file /home/airflow/.local/lib/python3.12/site-packages/airflow/example_dags/example_xcomargs.py for tasks to queue
[2025-02-19T09:39:27.302+0000] {logging_mixin.py:190} INFO - [2025-02-19T09:39:27.302+0000] {dagbag.py:587} INFO - Filling up the DagBag from /home/airflow/.local/lib/python3.12/site-packages/airflow/example_dags/example_xcomargs.py
[2025-02-19T09:39:27.311+0000] {processor.py:925} INFO - DAG(s) 'example_xcom_args_with_operators', 'example_xcom_args' retrieved from /home/airflow/.local/lib/python3.12/site-packages/airflow/example_dags/example_xcomargs.py
[2025-02-19T09:39:27.334+0000] {logging_mixin.py:190} INFO - [2025-02-19T09:39:27.333+0000] {dag.py:3229} INFO - Sync 2 DAGs
[2025-02-19T09:39:27.346+0000] {logging_mixin.py:190} INFO - [2025-02-19T09:39:27.346+0000] {dag.py:4156} INFO - Setting next_dagrun for example_xcom_args to None, run_after=None
[2025-02-19T09:39:27.350+0000] {logging_mixin.py:190} INFO - [2025-02-19T09:39:27.350+0000] {dag.py:4156} INFO - Setting next_dagrun for example_xcom_args_with_operators to None, run_after=None
[2025-02-19T09:39:27.372+0000] {processor.py:208} INFO - Processing /home/airflow/.local/lib/python3.12/site-packages/airflow/example_dags/example_xcomargs.py took 0.079 seconds
[2025-02-19T09:39:57.471+0000] {processor.py:186} INFO - Started process (PID=270) to work on /home/airflow/.local/lib/python3.12/site-packages/airflow/example_dags/example_xcomargs.py
[2025-02-19T09:39:57.472+0000] {processor.py:914} INFO - Processing file /home/airflow/.local/lib/python3.12/site-packages/airflow/example_dags/example_xcomargs.py for tasks to queue
[2025-02-19T09:39:57.474+0000] {logging_mixin.py:190} INFO - [2025-02-19T09:39:57.474+0000] {dagbag.py:587} INFO - Filling up the DagBag from /home/airflow/.local/lib/python3.12/site-packages/airflow/example_dags/example_xcomargs.py
[2025-02-19T09:39:57.483+0000] {processor.py:925} INFO - DAG(s) 'example_xcom_args_with_operators', 'example_xcom_args' retrieved from /home/airflow/.local/lib/python3.12/site-packages/airflow/example_dags/example_xcomargs.py
[2025-02-19T09:39:57.505+0000] {logging_mixin.py:190} INFO - [2025-02-19T09:39:57.505+0000] {dag.py:3229} INFO - Sync 2 DAGs
[2025-02-19T09:39:57.518+0000] {logging_mixin.py:190} INFO - [2025-02-19T09:39:57.518+0000] {dag.py:4156} INFO - Setting next_dagrun for example_xcom_args to None, run_after=None
[2025-02-19T09:39:57.521+0000] {logging_mixin.py:190} INFO - [2025-02-19T09:39:57.521+0000] {dag.py:4156} INFO - Setting next_dagrun for example_xcom_args_with_operators to None, run_after=None
[2025-02-19T09:39:57.534+0000] {processor.py:208} INFO - Processing /home/airflow/.local/lib/python3.12/site-packages/airflow/example_dags/example_xcomargs.py took 0.069 seconds
[2025-02-19T09:40:27.765+0000] {processor.py:186} INFO - Started process (PID=334) to work on /home/airflow/.local/lib/python3.12/site-packages/airflow/example_dags/example_xcomargs.py
[2025-02-19T09:40:27.766+0000] {processor.py:914} INFO - Processing file /home/airflow/.local/lib/python3.12/site-packages/airflow/example_dags/example_xcomargs.py for tasks to queue
[2025-02-19T09:40:27.768+0000] {logging_mixin.py:190} INFO - [2025-02-19T09:40:27.768+0000] {dagbag.py:587} INFO - Filling up the DagBag from /home/airflow/.local/lib/python3.12/site-packages/airflow/example_dags/example_xcomargs.py
[2025-02-19T09:40:27.777+0000] {processor.py:925} INFO - DAG(s) 'example_xcom_args_with_operators', 'example_xcom_args' retrieved from /home/airflow/.local/lib/python3.12/site-packages/airflow/example_dags/example_xcomargs.py
[2025-02-19T09:40:27.797+0000] {logging_mixin.py:190} INFO - [2025-02-19T09:40:27.797+0000] {dag.py:3229} INFO - Sync 2 DAGs
[2025-02-19T09:40:27.809+0000] {logging_mixin.py:190} INFO - [2025-02-19T09:40:27.808+0000] {dag.py:4156} INFO - Setting next_dagrun for example_xcom_args to None, run_after=None
[2025-02-19T09:40:27.812+0000] {logging_mixin.py:190} INFO - [2025-02-19T09:40:27.812+0000] {dag.py:4156} INFO - Setting next_dagrun for example_xcom_args_with_operators to None, run_after=None
[2025-02-19T09:40:27.828+0000] {processor.py:208} INFO - Processing /home/airflow/.local/lib/python3.12/site-packages/airflow/example_dags/example_xcomargs.py took 0.068 seconds
[2025-02-19T09:40:58.061+0000] {processor.py:186} INFO - Started process (PID=398) to work on /home/airflow/.local/lib/python3.12/site-packages/airflow/example_dags/example_xcomargs.py
[2025-02-19T09:40:58.062+0000] {processor.py:914} INFO - Processing file /home/airflow/.local/lib/python3.12/site-packages/airflow/example_dags/example_xcomargs.py for tasks to queue
[2025-02-19T09:40:58.064+0000] {logging_mixin.py:190} INFO - [2025-02-19T09:40:58.064+0000] {dagbag.py:587} INFO - Filling up the DagBag from /home/airflow/.local/lib/python3.12/site-packages/airflow/example_dags/example_xcomargs.py
[2025-02-19T09:40:58.073+0000] {processor.py:925} INFO - DAG(s) 'example_xcom_args_with_operators', 'example_xcom_args' retrieved from /home/airflow/.local/lib/python3.12/site-packages/airflow/example_dags/example_xcomargs.py
[2025-02-19T09:40:58.093+0000] {logging_mixin.py:190} INFO - [2025-02-19T09:40:58.093+0000] {dag.py:3229} INFO - Sync 2 DAGs
[2025-02-19T09:40:58.105+0000] {logging_mixin.py:190} INFO - [2025-02-19T09:40:58.105+0000] {dag.py:4156} INFO - Setting next_dagrun for example_xcom_args to None, run_after=None
[2025-02-19T09:40:58.109+0000] {logging_mixin.py:190} INFO - [2025-02-19T09:40:58.109+0000] {dag.py:4156} INFO - Setting next_dagrun for example_xcom_args_with_operators to None, run_after=None
[2025-02-19T09:40:58.122+0000] {processor.py:208} INFO - Processing /home/airflow/.local/lib/python3.12/site-packages/airflow/example_dags/example_xcomargs.py took 0.066 seconds
[2025-02-19T09:41:28.284+0000] {processor.py:186} INFO - Started process (PID=462) to work on /home/airflow/.local/lib/python3.12/site-packages/airflow/example_dags/example_xcomargs.py
[2025-02-19T09:41:28.285+0000] {processor.py:914} INFO - Processing file /home/airflow/.local/lib/python3.12/site-packages/airflow/example_dags/example_xcomargs.py for tasks to queue
[2025-02-19T09:41:28.288+0000] {logging_mixin.py:190} INFO - [2025-02-19T09:41:28.287+0000] {dagbag.py:587} INFO - Filling up the DagBag from /home/airflow/.local/lib/python3.12/site-packages/airflow/example_dags/example_xcomargs.py
[2025-02-19T09:41:28.297+0000] {processor.py:925} INFO - DAG(s) 'example_xcom_args_with_operators', 'example_xcom_args' retrieved from /home/airflow/.local/lib/python3.12/site-packages/airflow/example_dags/example_xcomargs.py
[2025-02-19T09:41:28.321+0000] {logging_mixin.py:190} INFO - [2025-02-19T09:41:28.321+0000] {dag.py:3229} INFO - Sync 2 DAGs
[2025-02-19T09:41:28.336+0000] {logging_mixin.py:190} INFO - [2025-02-19T09:41:28.335+0000] {dag.py:4156} INFO - Setting next_dagrun for example_xcom_args to None, run_after=None
[2025-02-19T09:41:28.340+0000] {logging_mixin.py:190} INFO - [2025-02-19T09:41:28.339+0000] {dag.py:4156} INFO - Setting next_dagrun for example_xcom_args_with_operators to None, run_after=None
[2025-02-19T09:41:28.354+0000] {processor.py:208} INFO - Processing /home/airflow/.local/lib/python3.12/site-packages/airflow/example_dags/example_xcomargs.py took 0.075 seconds
[2025-02-19T09:41:58.477+0000] {processor.py:186} INFO - Started process (PID=526) to work on /home/airflow/.local/lib/python3.12/site-packages/airflow/example_dags/example_xcomargs.py
[2025-02-19T09:41:58.478+0000] {processor.py:914} INFO - Processing file /home/airflow/.local/lib/python3.12/site-packages/airflow/example_dags/example_xcomargs.py for tasks to queue
[2025-02-19T09:41:58.480+0000] {logging_mixin.py:190} INFO - [2025-02-19T09:41:58.480+0000] {dagbag.py:587} INFO - Filling up the DagBag from /home/airflow/.local/lib/python3.12/site-packages/airflow/example_dags/example_xcomargs.py
[2025-02-19T09:41:58.489+0000] {processor.py:925} INFO - DAG(s) 'example_xcom_args_with_operators', 'example_xcom_args' retrieved from /home/airflow/.local/lib/python3.12/site-packages/airflow/example_dags/example_xcomargs.py
[2025-02-19T09:41:58.510+0000] {logging_mixin.py:190} INFO - [2025-02-19T09:41:58.510+0000] {dag.py:3229} INFO - Sync 2 DAGs
[2025-02-19T09:41:58.522+0000] {logging_mixin.py:190} INFO - [2025-02-19T09:41:58.522+0000] {dag.py:4156} INFO - Setting next_dagrun for example_xcom_args to None, run_after=None
[2025-02-19T09:41:58.525+0000] {logging_mixin.py:190} INFO - [2025-02-19T09:41:58.525+0000] {dag.py:4156} INFO - Setting next_dagrun for example_xcom_args_with_operators to None, run_after=None
[2025-02-19T09:41:58.538+0000] {processor.py:208} INFO - Processing /home/airflow/.local/lib/python3.12/site-packages/airflow/example_dags/example_xcomargs.py took 0.065 seconds
[2025-02-19T09:42:28.622+0000] {processor.py:186} INFO - Started process (PID=590) to work on /home/airflow/.local/lib/python3.12/site-packages/airflow/example_dags/example_xcomargs.py
[2025-02-19T09:42:28.623+0000] {processor.py:914} INFO - Processing file /home/airflow/.local/lib/python3.12/site-packages/airflow/example_dags/example_xcomargs.py for tasks to queue
[2025-02-19T09:42:28.625+0000] {logging_mixin.py:190} INFO - [2025-02-19T09:42:28.625+0000] {dagbag.py:587} INFO - Filling up the DagBag from /home/airflow/.local/lib/python3.12/site-packages/airflow/example_dags/example_xcomargs.py
[2025-02-19T09:42:28.634+0000] {processor.py:925} INFO - DAG(s) 'example_xcom_args_with_operators', 'example_xcom_args' retrieved from /home/airflow/.local/lib/python3.12/site-packages/airflow/example_dags/example_xcomargs.py
[2025-02-19T09:42:28.656+0000] {logging_mixin.py:190} INFO - [2025-02-19T09:42:28.655+0000] {dag.py:3229} INFO - Sync 2 DAGs
[2025-02-19T09:42:28.669+0000] {logging_mixin.py:190} INFO - [2025-02-19T09:42:28.669+0000] {dag.py:4156} INFO - Setting next_dagrun for example_xcom_args to None, run_after=None
[2025-02-19T09:42:28.673+0000] {logging_mixin.py:190} INFO - [2025-02-19T09:42:28.672+0000] {dag.py:4156} INFO - Setting next_dagrun for example_xcom_args_with_operators to None, run_after=None
[2025-02-19T09:42:28.687+0000] {processor.py:208} INFO - Processing /home/airflow/.local/lib/python3.12/site-packages/airflow/example_dags/example_xcomargs.py took 0.070 seconds
[2025-02-19T09:42:58.794+0000] {processor.py:186} INFO - Started process (PID=654) to work on /home/airflow/.local/lib/python3.12/site-packages/airflow/example_dags/example_xcomargs.py
[2025-02-19T09:42:58.795+0000] {processor.py:914} INFO - Processing file /home/airflow/.local/lib/python3.12/site-packages/airflow/example_dags/example_xcomargs.py for tasks to queue
[2025-02-19T09:42:58.797+0000] {logging_mixin.py:190} INFO - [2025-02-19T09:42:58.797+0000] {dagbag.py:587} INFO - Filling up the DagBag from /home/airflow/.local/lib/python3.12/site-packages/airflow/example_dags/example_xcomargs.py
[2025-02-19T09:42:58.805+0000] {processor.py:925} INFO - DAG(s) 'example_xcom_args', 'example_xcom_args_with_operators' retrieved from /home/airflow/.local/lib/python3.12/site-packages/airflow/example_dags/example_xcomargs.py
[2025-02-19T09:42:58.827+0000] {logging_mixin.py:190} INFO - [2025-02-19T09:42:58.827+0000] {dag.py:3229} INFO - Sync 2 DAGs
[2025-02-19T09:42:58.841+0000] {logging_mixin.py:190} INFO - [2025-02-19T09:42:58.840+0000] {dag.py:4156} INFO - Setting next_dagrun for example_xcom_args to None, run_after=None
[2025-02-19T09:42:58.844+0000] {logging_mixin.py:190} INFO - [2025-02-19T09:42:58.844+0000] {dag.py:4156} INFO - Setting next_dagrun for example_xcom_args_with_operators to None, run_after=None
[2025-02-19T09:42:58.860+0000] {processor.py:208} INFO - Processing /home/airflow/.local/lib/python3.12/site-packages/airflow/example_dags/example_xcomargs.py took 0.071 seconds
[2025-02-19T09:43:29.963+0000] {processor.py:186} INFO - Started process (PID=718) to work on /home/airflow/.local/lib/python3.12/site-packages/airflow/example_dags/example_xcomargs.py
[2025-02-19T09:43:29.982+0000] {processor.py:914} INFO - Processing file /home/airflow/.local/lib/python3.12/site-packages/airflow/example_dags/example_xcomargs.py for tasks to queue
[2025-02-19T09:43:29.985+0000] {logging_mixin.py:190} INFO - [2025-02-19T09:43:29.984+0000] {dagbag.py:587} INFO - Filling up the DagBag from /home/airflow/.local/lib/python3.12/site-packages/airflow/example_dags/example_xcomargs.py
[2025-02-19T09:43:29.993+0000] {processor.py:925} INFO - DAG(s) 'example_xcom_args_with_operators', 'example_xcom_args' retrieved from /home/airflow/.local/lib/python3.12/site-packages/airflow/example_dags/example_xcomargs.py
[2025-02-19T09:43:30.012+0000] {logging_mixin.py:190} INFO - [2025-02-19T09:43:30.012+0000] {dag.py:3229} INFO - Sync 2 DAGs
[2025-02-19T09:43:30.025+0000] {logging_mixin.py:190} INFO - [2025-02-19T09:43:30.025+0000] {dag.py:4156} INFO - Setting next_dagrun for example_xcom_args to None, run_after=None
[2025-02-19T09:43:30.029+0000] {logging_mixin.py:190} INFO - [2025-02-19T09:43:30.028+0000] {dag.py:4156} INFO - Setting next_dagrun for example_xcom_args_with_operators to None, run_after=None
[2025-02-19T09:43:30.043+0000] {processor.py:208} INFO - Processing /home/airflow/.local/lib/python3.12/site-packages/airflow/example_dags/example_xcomargs.py took 0.083 seconds
[2025-02-19T09:44:00.338+0000] {processor.py:186} INFO - Started process (PID=782) to work on /home/airflow/.local/lib/python3.12/site-packages/airflow/example_dags/example_xcomargs.py
[2025-02-19T09:44:00.340+0000] {processor.py:914} INFO - Processing file /home/airflow/.local/lib/python3.12/site-packages/airflow/example_dags/example_xcomargs.py for tasks to queue
[2025-02-19T09:44:00.343+0000] {logging_mixin.py:190} INFO - [2025-02-19T09:44:00.342+0000] {dagbag.py:587} INFO - Filling up the DagBag from /home/airflow/.local/lib/python3.12/site-packages/airflow/example_dags/example_xcomargs.py
[2025-02-19T09:44:00.353+0000] {processor.py:925} INFO - DAG(s) 'example_xcom_args_with_operators', 'example_xcom_args' retrieved from /home/airflow/.local/lib/python3.12/site-packages/airflow/example_dags/example_xcomargs.py
[2025-02-19T09:44:00.378+0000] {logging_mixin.py:190} INFO - [2025-02-19T09:44:00.378+0000] {dag.py:3229} INFO - Sync 2 DAGs
[2025-02-19T09:44:00.392+0000] {logging_mixin.py:190} INFO - [2025-02-19T09:44:00.392+0000] {dag.py:4156} INFO - Setting next_dagrun for example_xcom_args to None, run_after=None
[2025-02-19T09:44:00.395+0000] {logging_mixin.py:190} INFO - [2025-02-19T09:44:00.395+0000] {dag.py:4156} INFO - Setting next_dagrun for example_xcom_args_with_operators to None, run_after=None
[2025-02-19T09:44:00.411+0000] {processor.py:208} INFO - Processing /home/airflow/.local/lib/python3.12/site-packages/airflow/example_dags/example_xcomargs.py took 0.078 seconds
[2025-02-19T09:44:30.515+0000] {processor.py:186} INFO - Started process (PID=846) to work on /home/airflow/.local/lib/python3.12/site-packages/airflow/example_dags/example_xcomargs.py
[2025-02-19T09:44:30.534+0000] {processor.py:914} INFO - Processing file /home/airflow/.local/lib/python3.12/site-packages/airflow/example_dags/example_xcomargs.py for tasks to queue
[2025-02-19T09:44:30.536+0000] {logging_mixin.py:190} INFO - [2025-02-19T09:44:30.536+0000] {dagbag.py:587} INFO - Filling up the DagBag from /home/airflow/.local/lib/python3.12/site-packages/airflow/example_dags/example_xcomargs.py
[2025-02-19T09:44:30.545+0000] {processor.py:925} INFO - DAG(s) 'example_xcom_args_with_operators', 'example_xcom_args' retrieved from /home/airflow/.local/lib/python3.12/site-packages/airflow/example_dags/example_xcomargs.py
[2025-02-19T09:44:30.566+0000] {logging_mixin.py:190} INFO - [2025-02-19T09:44:30.566+0000] {dag.py:3229} INFO - Sync 2 DAGs
[2025-02-19T09:44:30.580+0000] {logging_mixin.py:190} INFO - [2025-02-19T09:44:30.580+0000] {dag.py:4156} INFO - Setting next_dagrun for example_xcom_args to None, run_after=None
[2025-02-19T09:44:30.583+0000] {logging_mixin.py:190} INFO - [2025-02-19T09:44:30.583+0000] {dag.py:4156} INFO - Setting next_dagrun for example_xcom_args_with_operators to None, run_after=None
[2025-02-19T09:44:30.597+0000] {processor.py:208} INFO - Processing /home/airflow/.local/lib/python3.12/site-packages/airflow/example_dags/example_xcomargs.py took 0.087 seconds
[2025-02-19T09:45:00.732+0000] {processor.py:186} INFO - Started process (PID=910) to work on /home/airflow/.local/lib/python3.12/site-packages/airflow/example_dags/example_xcomargs.py
[2025-02-19T09:45:00.751+0000] {processor.py:914} INFO - Processing file /home/airflow/.local/lib/python3.12/site-packages/airflow/example_dags/example_xcomargs.py for tasks to queue
[2025-02-19T09:45:00.753+0000] {logging_mixin.py:190} INFO - [2025-02-19T09:45:00.753+0000] {dagbag.py:587} INFO - Filling up the DagBag from /home/airflow/.local/lib/python3.12/site-packages/airflow/example_dags/example_xcomargs.py
[2025-02-19T09:45:00.762+0000] {processor.py:925} INFO - DAG(s) 'example_xcom_args_with_operators', 'example_xcom_args' retrieved from /home/airflow/.local/lib/python3.12/site-packages/airflow/example_dags/example_xcomargs.py
[2025-02-19T09:45:00.784+0000] {logging_mixin.py:190} INFO - [2025-02-19T09:45:00.783+0000] {dag.py:3229} INFO - Sync 2 DAGs
[2025-02-19T09:45:00.797+0000] {logging_mixin.py:190} INFO - [2025-02-19T09:45:00.797+0000] {dag.py:4156} INFO - Setting next_dagrun for example_xcom_args to None, run_after=None
[2025-02-19T09:45:00.800+0000] {logging_mixin.py:190} INFO - [2025-02-19T09:45:00.800+0000] {dag.py:4156} INFO - Setting next_dagrun for example_xcom_args_with_operators to None, run_after=None
[2025-02-19T09:45:00.817+0000] {processor.py:208} INFO - Processing /home/airflow/.local/lib/python3.12/site-packages/airflow/example_dags/example_xcomargs.py took 0.090 seconds
[2025-02-19T09:45:30.956+0000] {processor.py:186} INFO - Started process (PID=974) to work on /home/airflow/.local/lib/python3.12/site-packages/airflow/example_dags/example_xcomargs.py
[2025-02-19T09:45:30.957+0000] {processor.py:914} INFO - Processing file /home/airflow/.local/lib/python3.12/site-packages/airflow/example_dags/example_xcomargs.py for tasks to queue
[2025-02-19T09:45:30.959+0000] {logging_mixin.py:190} INFO - [2025-02-19T09:45:30.958+0000] {dagbag.py:587} INFO - Filling up the DagBag from /home/airflow/.local/lib/python3.12/site-packages/airflow/example_dags/example_xcomargs.py
[2025-02-19T09:45:30.968+0000] {processor.py:925} INFO - DAG(s) 'example_xcom_args', 'example_xcom_args_with_operators' retrieved from /home/airflow/.local/lib/python3.12/site-packages/airflow/example_dags/example_xcomargs.py
[2025-02-19T09:45:30.989+0000] {logging_mixin.py:190} INFO - [2025-02-19T09:45:30.988+0000] {dag.py:3229} INFO - Sync 2 DAGs
[2025-02-19T09:45:31.001+0000] {logging_mixin.py:190} INFO - [2025-02-19T09:45:31.001+0000] {dag.py:4156} INFO - Setting next_dagrun for example_xcom_args to None, run_after=None
[2025-02-19T09:45:31.005+0000] {logging_mixin.py:190} INFO - [2025-02-19T09:45:31.005+0000] {dag.py:4156} INFO - Setting next_dagrun for example_xcom_args_with_operators to None, run_after=None
[2025-02-19T09:45:31.019+0000] {processor.py:208} INFO - Processing /home/airflow/.local/lib/python3.12/site-packages/airflow/example_dags/example_xcomargs.py took 0.069 seconds
[2025-02-19T09:46:01.182+0000] {processor.py:186} INFO - Started process (PID=1038) to work on /home/airflow/.local/lib/python3.12/site-packages/airflow/example_dags/example_xcomargs.py
[2025-02-19T09:46:01.183+0000] {processor.py:914} INFO - Processing file /home/airflow/.local/lib/python3.12/site-packages/airflow/example_dags/example_xcomargs.py for tasks to queue
[2025-02-19T09:46:01.185+0000] {logging_mixin.py:190} INFO - [2025-02-19T09:46:01.185+0000] {dagbag.py:587} INFO - Filling up the DagBag from /home/airflow/.local/lib/python3.12/site-packages/airflow/example_dags/example_xcomargs.py
[2025-02-19T09:46:01.195+0000] {processor.py:925} INFO - DAG(s) 'example_xcom_args', 'example_xcom_args_with_operators' retrieved from /home/airflow/.local/lib/python3.12/site-packages/airflow/example_dags/example_xcomargs.py
[2025-02-19T09:46:01.216+0000] {logging_mixin.py:190} INFO - [2025-02-19T09:46:01.216+0000] {dag.py:3229} INFO - Sync 2 DAGs
[2025-02-19T09:46:01.229+0000] {logging_mixin.py:190} INFO - [2025-02-19T09:46:01.229+0000] {dag.py:4156} INFO - Setting next_dagrun for example_xcom_args to None, run_after=None
[2025-02-19T09:46:01.232+0000] {logging_mixin.py:190} INFO - [2025-02-19T09:46:01.232+0000] {dag.py:4156} INFO - Setting next_dagrun for example_xcom_args_with_operators to None, run_after=None
[2025-02-19T09:46:01.246+0000] {processor.py:208} INFO - Processing /home/airflow/.local/lib/python3.12/site-packages/airflow/example_dags/example_xcomargs.py took 0.069 seconds
[2025-02-19T09:46:32.094+0000] {processor.py:186} INFO - Started process (PID=1102) to work on /home/airflow/.local/lib/python3.12/site-packages/airflow/example_dags/example_xcomargs.py
[2025-02-19T09:46:32.114+0000] {processor.py:914} INFO - Processing file /home/airflow/.local/lib/python3.12/site-packages/airflow/example_dags/example_xcomargs.py for tasks to queue
[2025-02-19T09:46:32.117+0000] {logging_mixin.py:190} INFO - [2025-02-19T09:46:32.116+0000] {dagbag.py:587} INFO - Filling up the DagBag from /home/airflow/.local/lib/python3.12/site-packages/airflow/example_dags/example_xcomargs.py
[2025-02-19T09:46:32.125+0000] {processor.py:925} INFO - DAG(s) 'example_xcom_args_with_operators', 'example_xcom_args' retrieved from /home/airflow/.local/lib/python3.12/site-packages/airflow/example_dags/example_xcomargs.py
[2025-02-19T09:46:32.145+0000] {logging_mixin.py:190} INFO - [2025-02-19T09:46:32.144+0000] {dag.py:3229} INFO - Sync 2 DAGs
[2025-02-19T09:46:32.156+0000] {logging_mixin.py:190} INFO - [2025-02-19T09:46:32.156+0000] {dag.py:4156} INFO - Setting next_dagrun for example_xcom_args to None, run_after=None
[2025-02-19T09:46:32.160+0000] {logging_mixin.py:190} INFO - [2025-02-19T09:46:32.159+0000] {dag.py:4156} INFO - Setting next_dagrun for example_xcom_args_with_operators to None, run_after=None
[2025-02-19T09:46:32.173+0000] {processor.py:208} INFO - Processing /home/airflow/.local/lib/python3.12/site-packages/airflow/example_dags/example_xcomargs.py took 0.083 seconds
[2025-02-19T09:47:02.917+0000] {processor.py:186} INFO - Started process (PID=1166) to work on /home/airflow/.local/lib/python3.12/site-packages/airflow/example_dags/example_xcomargs.py
[2025-02-19T09:47:02.937+0000] {processor.py:914} INFO - Processing file /home/airflow/.local/lib/python3.12/site-packages/airflow/example_dags/example_xcomargs.py for tasks to queue
[2025-02-19T09:47:02.939+0000] {logging_mixin.py:190} INFO - [2025-02-19T09:47:02.939+0000] {dagbag.py:587} INFO - Filling up the DagBag from /home/airflow/.local/lib/python3.12/site-packages/airflow/example_dags/example_xcomargs.py
[2025-02-19T09:47:02.947+0000] {processor.py:925} INFO - DAG(s) 'example_xcom_args', 'example_xcom_args_with_operators' retrieved from /home/airflow/.local/lib/python3.12/site-packages/airflow/example_dags/example_xcomargs.py
[2025-02-19T09:47:02.968+0000] {logging_mixin.py:190} INFO - [2025-02-19T09:47:02.968+0000] {dag.py:3229} INFO - Sync 2 DAGs
[2025-02-19T09:47:02.979+0000] {logging_mixin.py:190} INFO - [2025-02-19T09:47:02.979+0000] {dag.py:4156} INFO - Setting next_dagrun for example_xcom_args to None, run_after=None
[2025-02-19T09:47:02.982+0000] {logging_mixin.py:190} INFO - [2025-02-19T09:47:02.982+0000] {dag.py:4156} INFO - Setting next_dagrun for example_xcom_args_with_operators to None, run_after=None
[2025-02-19T09:47:03.004+0000] {processor.py:208} INFO - Processing /home/airflow/.local/lib/python3.12/site-packages/airflow/example_dags/example_xcomargs.py took 0.091 seconds
[2025-02-19T09:47:33.275+0000] {processor.py:186} INFO - Started process (PID=1230) to work on /home/airflow/.local/lib/python3.12/site-packages/airflow/example_dags/example_xcomargs.py
[2025-02-19T09:47:33.277+0000] {processor.py:914} INFO - Processing file /home/airflow/.local/lib/python3.12/site-packages/airflow/example_dags/example_xcomargs.py for tasks to queue
[2025-02-19T09:47:33.279+0000] {logging_mixin.py:190} INFO - [2025-02-19T09:47:33.278+0000] {dagbag.py:587} INFO - Filling up the DagBag from /home/airflow/.local/lib/python3.12/site-packages/airflow/example_dags/example_xcomargs.py
[2025-02-19T09:47:33.288+0000] {processor.py:925} INFO - DAG(s) 'example_xcom_args_with_operators', 'example_xcom_args' retrieved from /home/airflow/.local/lib/python3.12/site-packages/airflow/example_dags/example_xcomargs.py
[2025-02-19T09:47:33.318+0000] {logging_mixin.py:190} INFO - [2025-02-19T09:47:33.318+0000] {dag.py:3229} INFO - Sync 2 DAGs
[2025-02-19T09:47:33.333+0000] {logging_mixin.py:190} INFO - [2025-02-19T09:47:33.333+0000] {dag.py:4156} INFO - Setting next_dagrun for example_xcom_args to None, run_after=None
[2025-02-19T09:47:33.338+0000] {logging_mixin.py:190} INFO - [2025-02-19T09:47:33.338+0000] {dag.py:4156} INFO - Setting next_dagrun for example_xcom_args_with_operators to None, run_after=None
[2025-02-19T09:47:33.361+0000] {processor.py:208} INFO - Processing /home/airflow/.local/lib/python3.12/site-packages/airflow/example_dags/example_xcomargs.py took 0.092 seconds
[2025-02-19T09:48:03.713+0000] {processor.py:186} INFO - Started process (PID=1295) to work on /home/airflow/.local/lib/python3.12/site-packages/airflow/example_dags/example_xcomargs.py
[2025-02-19T09:48:03.733+0000] {processor.py:914} INFO - Processing file /home/airflow/.local/lib/python3.12/site-packages/airflow/example_dags/example_xcomargs.py for tasks to queue
[2025-02-19T09:48:03.735+0000] {logging_mixin.py:190} INFO - [2025-02-19T09:48:03.735+0000] {dagbag.py:587} INFO - Filling up the DagBag from /home/airflow/.local/lib/python3.12/site-packages/airflow/example_dags/example_xcomargs.py
[2025-02-19T09:48:03.743+0000] {processor.py:925} INFO - DAG(s) 'example_xcom_args_with_operators', 'example_xcom_args' retrieved from /home/airflow/.local/lib/python3.12/site-packages/airflow/example_dags/example_xcomargs.py
[2025-02-19T09:48:03.764+0000] {logging_mixin.py:190} INFO - [2025-02-19T09:48:03.764+0000] {dag.py:3229} INFO - Sync 2 DAGs
[2025-02-19T09:48:03.777+0000] {logging_mixin.py:190} INFO - [2025-02-19T09:48:03.777+0000] {dag.py:4156} INFO - Setting next_dagrun for example_xcom_args to None, run_after=None
[2025-02-19T09:48:03.780+0000] {logging_mixin.py:190} INFO - [2025-02-19T09:48:03.780+0000] {dag.py:4156} INFO - Setting next_dagrun for example_xcom_args_with_operators to None, run_after=None
[2025-02-19T09:48:03.795+0000] {processor.py:208} INFO - Processing /home/airflow/.local/lib/python3.12/site-packages/airflow/example_dags/example_xcomargs.py took 0.085 seconds
[2025-02-19T09:48:33.840+0000] {processor.py:186} INFO - Started process (PID=1359) to work on /home/airflow/.local/lib/python3.12/site-packages/airflow/example_dags/example_xcomargs.py
[2025-02-19T09:48:33.859+0000] {processor.py:914} INFO - Processing file /home/airflow/.local/lib/python3.12/site-packages/airflow/example_dags/example_xcomargs.py for tasks to queue
[2025-02-19T09:48:33.861+0000] {logging_mixin.py:190} INFO - [2025-02-19T09:48:33.861+0000] {dagbag.py:587} INFO - Filling up the DagBag from /home/airflow/.local/lib/python3.12/site-packages/airflow/example_dags/example_xcomargs.py
[2025-02-19T09:48:33.870+0000] {processor.py:925} INFO - DAG(s) 'example_xcom_args_with_operators', 'example_xcom_args' retrieved from /home/airflow/.local/lib/python3.12/site-packages/airflow/example_dags/example_xcomargs.py
[2025-02-19T09:48:33.892+0000] {logging_mixin.py:190} INFO - [2025-02-19T09:48:33.892+0000] {dag.py:3229} INFO - Sync 2 DAGs
[2025-02-19T09:48:33.904+0000] {logging_mixin.py:190} INFO - [2025-02-19T09:48:33.904+0000] {dag.py:4156} INFO - Setting next_dagrun for example_xcom_args to None, run_after=None
[2025-02-19T09:48:33.907+0000] {logging_mixin.py:190} INFO - [2025-02-19T09:48:33.907+0000] {dag.py:4156} INFO - Setting next_dagrun for example_xcom_args_with_operators to None, run_after=None
[2025-02-19T09:48:33.922+0000] {processor.py:208} INFO - Processing /home/airflow/.local/lib/python3.12/site-packages/airflow/example_dags/example_xcomargs.py took 0.087 seconds
[2025-02-19T09:49:04.864+0000] {processor.py:186} INFO - Started process (PID=1423) to work on /home/airflow/.local/lib/python3.12/site-packages/airflow/example_dags/example_xcomargs.py
[2025-02-19T09:49:04.865+0000] {processor.py:914} INFO - Processing file /home/airflow/.local/lib/python3.12/site-packages/airflow/example_dags/example_xcomargs.py for tasks to queue
[2025-02-19T09:49:04.868+0000] {logging_mixin.py:190} INFO - [2025-02-19T09:49:04.867+0000] {dagbag.py:587} INFO - Filling up the DagBag from /home/airflow/.local/lib/python3.12/site-packages/airflow/example_dags/example_xcomargs.py
[2025-02-19T09:49:04.877+0000] {processor.py:925} INFO - DAG(s) 'example_xcom_args_with_operators', 'example_xcom_args' retrieved from /home/airflow/.local/lib/python3.12/site-packages/airflow/example_dags/example_xcomargs.py
[2025-02-19T09:49:04.897+0000] {logging_mixin.py:190} INFO - [2025-02-19T09:49:04.897+0000] {dag.py:3229} INFO - Sync 2 DAGs
[2025-02-19T09:49:04.910+0000] {logging_mixin.py:190} INFO - [2025-02-19T09:49:04.909+0000] {dag.py:4156} INFO - Setting next_dagrun for example_xcom_args to None, run_after=None
[2025-02-19T09:49:04.913+0000] {logging_mixin.py:190} INFO - [2025-02-19T09:49:04.913+0000] {dag.py:4156} INFO - Setting next_dagrun for example_xcom_args_with_operators to None, run_after=None
[2025-02-19T09:49:04.928+0000] {processor.py:208} INFO - Processing /home/airflow/.local/lib/python3.12/site-packages/airflow/example_dags/example_xcomargs.py took 0.069 seconds
[2025-02-19T09:49:35.777+0000] {processor.py:186} INFO - Started process (PID=1487) to work on /home/airflow/.local/lib/python3.12/site-packages/airflow/example_dags/example_xcomargs.py
[2025-02-19T09:49:35.796+0000] {processor.py:914} INFO - Processing file /home/airflow/.local/lib/python3.12/site-packages/airflow/example_dags/example_xcomargs.py for tasks to queue
[2025-02-19T09:49:35.798+0000] {logging_mixin.py:190} INFO - [2025-02-19T09:49:35.798+0000] {dagbag.py:587} INFO - Filling up the DagBag from /home/airflow/.local/lib/python3.12/site-packages/airflow/example_dags/example_xcomargs.py
[2025-02-19T09:49:35.806+0000] {processor.py:925} INFO - DAG(s) 'example_xcom_args', 'example_xcom_args_with_operators' retrieved from /home/airflow/.local/lib/python3.12/site-packages/airflow/example_dags/example_xcomargs.py
[2025-02-19T09:49:35.828+0000] {logging_mixin.py:190} INFO - [2025-02-19T09:49:35.827+0000] {dag.py:3229} INFO - Sync 2 DAGs
[2025-02-19T09:49:35.840+0000] {logging_mixin.py:190} INFO - [2025-02-19T09:49:35.840+0000] {dag.py:4156} INFO - Setting next_dagrun for example_xcom_args to None, run_after=None
[2025-02-19T09:49:35.843+0000] {logging_mixin.py:190} INFO - [2025-02-19T09:49:35.843+0000] {dag.py:4156} INFO - Setting next_dagrun for example_xcom_args_with_operators to None, run_after=None
[2025-02-19T09:49:35.856+0000] {processor.py:208} INFO - Processing /home/airflow/.local/lib/python3.12/site-packages/airflow/example_dags/example_xcomargs.py took 0.084 seconds
[2025-02-19T09:50:05.945+0000] {processor.py:186} INFO - Started process (PID=1551) to work on /home/airflow/.local/lib/python3.12/site-packages/airflow/example_dags/example_xcomargs.py
[2025-02-19T09:50:05.947+0000] {processor.py:914} INFO - Processing file /home/airflow/.local/lib/python3.12/site-packages/airflow/example_dags/example_xcomargs.py for tasks to queue
[2025-02-19T09:50:05.949+0000] {logging_mixin.py:190} INFO - [2025-02-19T09:50:05.949+0000] {dagbag.py:587} INFO - Filling up the DagBag from /home/airflow/.local/lib/python3.12/site-packages/airflow/example_dags/example_xcomargs.py
[2025-02-19T09:50:05.958+0000] {processor.py:925} INFO - DAG(s) 'example_xcom_args_with_operators', 'example_xcom_args' retrieved from /home/airflow/.local/lib/python3.12/site-packages/airflow/example_dags/example_xcomargs.py
[2025-02-19T09:50:05.980+0000] {logging_mixin.py:190} INFO - [2025-02-19T09:50:05.980+0000] {dag.py:3229} INFO - Sync 2 DAGs
[2025-02-19T09:50:05.994+0000] {logging_mixin.py:190} INFO - [2025-02-19T09:50:05.994+0000] {dag.py:4156} INFO - Setting next_dagrun for example_xcom_args to None, run_after=None
[2025-02-19T09:50:05.998+0000] {logging_mixin.py:190} INFO - [2025-02-19T09:50:05.998+0000] {dag.py:4156} INFO - Setting next_dagrun for example_xcom_args_with_operators to None, run_after=None
[2025-02-19T09:50:06.016+0000] {processor.py:208} INFO - Processing /home/airflow/.local/lib/python3.12/site-packages/airflow/example_dags/example_xcomargs.py took 0.075 seconds
[2025-02-19T09:50:36.270+0000] {processor.py:186} INFO - Started process (PID=1615) to work on /home/airflow/.local/lib/python3.12/site-packages/airflow/example_dags/example_xcomargs.py
[2025-02-19T09:50:36.272+0000] {processor.py:914} INFO - Processing file /home/airflow/.local/lib/python3.12/site-packages/airflow/example_dags/example_xcomargs.py for tasks to queue
[2025-02-19T09:50:36.274+0000] {logging_mixin.py:190} INFO - [2025-02-19T09:50:36.274+0000] {dagbag.py:587} INFO - Filling up the DagBag from /home/airflow/.local/lib/python3.12/site-packages/airflow/example_dags/example_xcomargs.py
[2025-02-19T09:50:36.284+0000] {processor.py:925} INFO - DAG(s) 'example_xcom_args', 'example_xcom_args_with_operators' retrieved from /home/airflow/.local/lib/python3.12/site-packages/airflow/example_dags/example_xcomargs.py
[2025-02-19T09:50:36.305+0000] {logging_mixin.py:190} INFO - [2025-02-19T09:50:36.304+0000] {dag.py:3229} INFO - Sync 2 DAGs
[2025-02-19T09:50:36.318+0000] {logging_mixin.py:190} INFO - [2025-02-19T09:50:36.318+0000] {dag.py:4156} INFO - Setting next_dagrun for example_xcom_args to None, run_after=None
[2025-02-19T09:50:36.321+0000] {logging_mixin.py:190} INFO - [2025-02-19T09:50:36.321+0000] {dag.py:4156} INFO - Setting next_dagrun for example_xcom_args_with_operators to None, run_after=None
[2025-02-19T09:50:36.336+0000] {processor.py:208} INFO - Processing /home/airflow/.local/lib/python3.12/site-packages/airflow/example_dags/example_xcomargs.py took 0.070 seconds
[2025-02-19T09:51:06.821+0000] {processor.py:186} INFO - Started process (PID=1679) to work on /home/airflow/.local/lib/python3.12/site-packages/airflow/example_dags/example_xcomargs.py
[2025-02-19T09:51:06.841+0000] {processor.py:914} INFO - Processing file /home/airflow/.local/lib/python3.12/site-packages/airflow/example_dags/example_xcomargs.py for tasks to queue
[2025-02-19T09:51:06.843+0000] {logging_mixin.py:190} INFO - [2025-02-19T09:51:06.843+0000] {dagbag.py:587} INFO - Filling up the DagBag from /home/airflow/.local/lib/python3.12/site-packages/airflow/example_dags/example_xcomargs.py
[2025-02-19T09:51:06.851+0000] {processor.py:925} INFO - DAG(s) 'example_xcom_args', 'example_xcom_args_with_operators' retrieved from /home/airflow/.local/lib/python3.12/site-packages/airflow/example_dags/example_xcomargs.py
[2025-02-19T09:51:06.875+0000] {logging_mixin.py:190} INFO - [2025-02-19T09:51:06.874+0000] {dag.py:3229} INFO - Sync 2 DAGs
[2025-02-19T09:51:06.886+0000] {logging_mixin.py:190} INFO - [2025-02-19T09:51:06.886+0000] {dag.py:4156} INFO - Setting next_dagrun for example_xcom_args to None, run_after=None
[2025-02-19T09:51:06.889+0000] {logging_mixin.py:190} INFO - [2025-02-19T09:51:06.889+0000] {dag.py:4156} INFO - Setting next_dagrun for example_xcom_args_with_operators to None, run_after=None
[2025-02-19T09:51:06.904+0000] {processor.py:208} INFO - Processing /home/airflow/.local/lib/python3.12/site-packages/airflow/example_dags/example_xcomargs.py took 0.088 seconds
[2025-02-19T09:51:36.976+0000] {processor.py:186} INFO - Started process (PID=1743) to work on /home/airflow/.local/lib/python3.12/site-packages/airflow/example_dags/example_xcomargs.py
[2025-02-19T09:51:36.996+0000] {processor.py:914} INFO - Processing file /home/airflow/.local/lib/python3.12/site-packages/airflow/example_dags/example_xcomargs.py for tasks to queue
[2025-02-19T09:51:36.998+0000] {logging_mixin.py:190} INFO - [2025-02-19T09:51:36.998+0000] {dagbag.py:587} INFO - Filling up the DagBag from /home/airflow/.local/lib/python3.12/site-packages/airflow/example_dags/example_xcomargs.py
[2025-02-19T09:51:37.007+0000] {processor.py:925} INFO - DAG(s) 'example_xcom_args_with_operators', 'example_xcom_args' retrieved from /home/airflow/.local/lib/python3.12/site-packages/airflow/example_dags/example_xcomargs.py
[2025-02-19T09:51:37.027+0000] {logging_mixin.py:190} INFO - [2025-02-19T09:51:37.027+0000] {dag.py:3229} INFO - Sync 2 DAGs
[2025-02-19T09:51:37.039+0000] {logging_mixin.py:190} INFO - [2025-02-19T09:51:37.039+0000] {dag.py:4156} INFO - Setting next_dagrun for example_xcom_args to None, run_after=None
[2025-02-19T09:51:37.042+0000] {logging_mixin.py:190} INFO - [2025-02-19T09:51:37.042+0000] {dag.py:4156} INFO - Setting next_dagrun for example_xcom_args_with_operators to None, run_after=None
[2025-02-19T09:51:37.057+0000] {processor.py:208} INFO - Processing /home/airflow/.local/lib/python3.12/site-packages/airflow/example_dags/example_xcomargs.py took 0.085 seconds
[2025-02-19T09:52:07.253+0000] {processor.py:186} INFO - Started process (PID=1807) to work on /home/airflow/.local/lib/python3.12/site-packages/airflow/example_dags/example_xcomargs.py
[2025-02-19T09:52:07.271+0000] {processor.py:914} INFO - Processing file /home/airflow/.local/lib/python3.12/site-packages/airflow/example_dags/example_xcomargs.py for tasks to queue
[2025-02-19T09:52:07.274+0000] {logging_mixin.py:190} INFO - [2025-02-19T09:52:07.273+0000] {dagbag.py:587} INFO - Filling up the DagBag from /home/airflow/.local/lib/python3.12/site-packages/airflow/example_dags/example_xcomargs.py
[2025-02-19T09:52:07.282+0000] {processor.py:925} INFO - DAG(s) 'example_xcom_args', 'example_xcom_args_with_operators' retrieved from /home/airflow/.local/lib/python3.12/site-packages/airflow/example_dags/example_xcomargs.py
[2025-02-19T09:52:07.302+0000] {logging_mixin.py:190} INFO - [2025-02-19T09:52:07.302+0000] {dag.py:3229} INFO - Sync 2 DAGs
[2025-02-19T09:52:07.315+0000] {logging_mixin.py:190} INFO - [2025-02-19T09:52:07.314+0000] {dag.py:4156} INFO - Setting next_dagrun for example_xcom_args to None, run_after=None
[2025-02-19T09:52:07.318+0000] {logging_mixin.py:190} INFO - [2025-02-19T09:52:07.318+0000] {dag.py:4156} INFO - Setting next_dagrun for example_xcom_args_with_operators to None, run_after=None
[2025-02-19T09:52:07.333+0000] {processor.py:208} INFO - Processing /home/airflow/.local/lib/python3.12/site-packages/airflow/example_dags/example_xcomargs.py took 0.085 seconds
[2025-02-19T09:52:37.548+0000] {processor.py:186} INFO - Started process (PID=1871) to work on /home/airflow/.local/lib/python3.12/site-packages/airflow/example_dags/example_xcomargs.py
[2025-02-19T09:52:37.550+0000] {processor.py:914} INFO - Processing file /home/airflow/.local/lib/python3.12/site-packages/airflow/example_dags/example_xcomargs.py for tasks to queue
[2025-02-19T09:52:37.552+0000] {logging_mixin.py:190} INFO - [2025-02-19T09:52:37.551+0000] {dagbag.py:587} INFO - Filling up the DagBag from /home/airflow/.local/lib/python3.12/site-packages/airflow/example_dags/example_xcomargs.py
[2025-02-19T09:52:37.561+0000] {processor.py:925} INFO - DAG(s) 'example_xcom_args_with_operators', 'example_xcom_args' retrieved from /home/airflow/.local/lib/python3.12/site-packages/airflow/example_dags/example_xcomargs.py
[2025-02-19T09:52:37.583+0000] {logging_mixin.py:190} INFO - [2025-02-19T09:52:37.582+0000] {dag.py:3229} INFO - Sync 2 DAGs
[2025-02-19T09:52:37.596+0000] {logging_mixin.py:190} INFO - [2025-02-19T09:52:37.595+0000] {dag.py:4156} INFO - Setting next_dagrun for example_xcom_args to None, run_after=None
[2025-02-19T09:52:37.599+0000] {logging_mixin.py:190} INFO - [2025-02-19T09:52:37.599+0000] {dag.py:4156} INFO - Setting next_dagrun for example_xcom_args_with_operators to None, run_after=None
[2025-02-19T09:52:37.613+0000] {processor.py:208} INFO - Processing /home/airflow/.local/lib/python3.12/site-packages/airflow/example_dags/example_xcomargs.py took 0.070 seconds
[2025-02-19T09:53:07.876+0000] {processor.py:186} INFO - Started process (PID=1935) to work on /home/airflow/.local/lib/python3.12/site-packages/airflow/example_dags/example_xcomargs.py
[2025-02-19T09:53:07.878+0000] {processor.py:914} INFO - Processing file /home/airflow/.local/lib/python3.12/site-packages/airflow/example_dags/example_xcomargs.py for tasks to queue
[2025-02-19T09:53:07.880+0000] {logging_mixin.py:190} INFO - [2025-02-19T09:53:07.880+0000] {dagbag.py:587} INFO - Filling up the DagBag from /home/airflow/.local/lib/python3.12/site-packages/airflow/example_dags/example_xcomargs.py
[2025-02-19T09:53:07.889+0000] {processor.py:925} INFO - DAG(s) 'example_xcom_args', 'example_xcom_args_with_operators' retrieved from /home/airflow/.local/lib/python3.12/site-packages/airflow/example_dags/example_xcomargs.py
[2025-02-19T09:53:07.910+0000] {logging_mixin.py:190} INFO - [2025-02-19T09:53:07.910+0000] {dag.py:3229} INFO - Sync 2 DAGs
[2025-02-19T09:53:07.923+0000] {logging_mixin.py:190} INFO - [2025-02-19T09:53:07.923+0000] {dag.py:4156} INFO - Setting next_dagrun for example_xcom_args to None, run_after=None
[2025-02-19T09:53:07.927+0000] {logging_mixin.py:190} INFO - [2025-02-19T09:53:07.927+0000] {dag.py:4156} INFO - Setting next_dagrun for example_xcom_args_with_operators to None, run_after=None
[2025-02-19T09:53:07.942+0000] {processor.py:208} INFO - Processing /home/airflow/.local/lib/python3.12/site-packages/airflow/example_dags/example_xcomargs.py took 0.070 seconds
[2025-02-19T09:53:38.361+0000] {processor.py:186} INFO - Started process (PID=1999) to work on /home/airflow/.local/lib/python3.12/site-packages/airflow/example_dags/example_xcomargs.py
[2025-02-19T09:53:38.380+0000] {processor.py:914} INFO - Processing file /home/airflow/.local/lib/python3.12/site-packages/airflow/example_dags/example_xcomargs.py for tasks to queue
[2025-02-19T09:53:38.382+0000] {logging_mixin.py:190} INFO - [2025-02-19T09:53:38.382+0000] {dagbag.py:587} INFO - Filling up the DagBag from /home/airflow/.local/lib/python3.12/site-packages/airflow/example_dags/example_xcomargs.py
[2025-02-19T09:53:38.391+0000] {processor.py:925} INFO - DAG(s) 'example_xcom_args', 'example_xcom_args_with_operators' retrieved from /home/airflow/.local/lib/python3.12/site-packages/airflow/example_dags/example_xcomargs.py
[2025-02-19T09:53:38.411+0000] {logging_mixin.py:190} INFO - [2025-02-19T09:53:38.411+0000] {dag.py:3229} INFO - Sync 2 DAGs
[2025-02-19T09:53:38.425+0000] {logging_mixin.py:190} INFO - [2025-02-19T09:53:38.425+0000] {dag.py:4156} INFO - Setting next_dagrun for example_xcom_args to None, run_after=None
[2025-02-19T09:53:38.428+0000] {logging_mixin.py:190} INFO - [2025-02-19T09:53:38.428+0000] {dag.py:4156} INFO - Setting next_dagrun for example_xcom_args_with_operators to None, run_after=None
[2025-02-19T09:53:38.442+0000] {processor.py:208} INFO - Processing /home/airflow/.local/lib/python3.12/site-packages/airflow/example_dags/example_xcomargs.py took 0.086 seconds
[2025-02-19T09:54:08.560+0000] {processor.py:186} INFO - Started process (PID=2063) to work on /home/airflow/.local/lib/python3.12/site-packages/airflow/example_dags/example_xcomargs.py
[2025-02-19T09:54:08.561+0000] {processor.py:914} INFO - Processing file /home/airflow/.local/lib/python3.12/site-packages/airflow/example_dags/example_xcomargs.py for tasks to queue
[2025-02-19T09:54:08.563+0000] {logging_mixin.py:190} INFO - [2025-02-19T09:54:08.563+0000] {dagbag.py:587} INFO - Filling up the DagBag from /home/airflow/.local/lib/python3.12/site-packages/airflow/example_dags/example_xcomargs.py
[2025-02-19T09:54:08.575+0000] {processor.py:925} INFO - DAG(s) 'example_xcom_args', 'example_xcom_args_with_operators' retrieved from /home/airflow/.local/lib/python3.12/site-packages/airflow/example_dags/example_xcomargs.py
[2025-02-19T09:54:08.600+0000] {logging_mixin.py:190} INFO - [2025-02-19T09:54:08.599+0000] {dag.py:3229} INFO - Sync 2 DAGs
[2025-02-19T09:54:08.613+0000] {logging_mixin.py:190} INFO - [2025-02-19T09:54:08.613+0000] {dag.py:4156} INFO - Setting next_dagrun for example_xcom_args to None, run_after=None
[2025-02-19T09:54:08.617+0000] {logging_mixin.py:190} INFO - [2025-02-19T09:54:08.617+0000] {dag.py:4156} INFO - Setting next_dagrun for example_xcom_args_with_operators to None, run_after=None
[2025-02-19T09:54:08.635+0000] {processor.py:208} INFO - Processing /home/airflow/.local/lib/python3.12/site-packages/airflow/example_dags/example_xcomargs.py took 0.080 seconds
[2025-02-19T09:54:38.969+0000] {processor.py:186} INFO - Started process (PID=2127) to work on /home/airflow/.local/lib/python3.12/site-packages/airflow/example_dags/example_xcomargs.py
[2025-02-19T09:54:38.970+0000] {processor.py:914} INFO - Processing file /home/airflow/.local/lib/python3.12/site-packages/airflow/example_dags/example_xcomargs.py for tasks to queue
[2025-02-19T09:54:38.972+0000] {logging_mixin.py:190} INFO - [2025-02-19T09:54:38.972+0000] {dagbag.py:587} INFO - Filling up the DagBag from /home/airflow/.local/lib/python3.12/site-packages/airflow/example_dags/example_xcomargs.py
[2025-02-19T09:54:38.981+0000] {processor.py:925} INFO - DAG(s) 'example_xcom_args', 'example_xcom_args_with_operators' retrieved from /home/airflow/.local/lib/python3.12/site-packages/airflow/example_dags/example_xcomargs.py
[2025-02-19T09:54:39.002+0000] {logging_mixin.py:190} INFO - [2025-02-19T09:54:39.002+0000] {dag.py:3229} INFO - Sync 2 DAGs
[2025-02-19T09:54:39.015+0000] {logging_mixin.py:190} INFO - [2025-02-19T09:54:39.015+0000] {dag.py:4156} INFO - Setting next_dagrun for example_xcom_args to None, run_after=None
[2025-02-19T09:54:39.019+0000] {logging_mixin.py:190} INFO - [2025-02-19T09:54:39.019+0000] {dag.py:4156} INFO - Setting next_dagrun for example_xcom_args_with_operators to None, run_after=None
[2025-02-19T09:54:39.033+0000] {processor.py:208} INFO - Processing /home/airflow/.local/lib/python3.12/site-packages/airflow/example_dags/example_xcomargs.py took 0.069 seconds
[2025-02-19T09:55:09.171+0000] {processor.py:186} INFO - Started process (PID=2191) to work on /home/airflow/.local/lib/python3.12/site-packages/airflow/example_dags/example_xcomargs.py
[2025-02-19T09:55:09.190+0000] {processor.py:914} INFO - Processing file /home/airflow/.local/lib/python3.12/site-packages/airflow/example_dags/example_xcomargs.py for tasks to queue
[2025-02-19T09:55:09.192+0000] {logging_mixin.py:190} INFO - [2025-02-19T09:55:09.192+0000] {dagbag.py:587} INFO - Filling up the DagBag from /home/airflow/.local/lib/python3.12/site-packages/airflow/example_dags/example_xcomargs.py
[2025-02-19T09:55:09.208+0000] {processor.py:925} INFO - DAG(s) 'example_xcom_args', 'example_xcom_args_with_operators' retrieved from /home/airflow/.local/lib/python3.12/site-packages/airflow/example_dags/example_xcomargs.py
[2025-02-19T09:55:09.240+0000] {logging_mixin.py:190} INFO - [2025-02-19T09:55:09.240+0000] {dag.py:3229} INFO - Sync 2 DAGs
[2025-02-19T09:55:09.258+0000] {logging_mixin.py:190} INFO - [2025-02-19T09:55:09.258+0000] {dag.py:4156} INFO - Setting next_dagrun for example_xcom_args to None, run_after=None
[2025-02-19T09:55:09.263+0000] {logging_mixin.py:190} INFO - [2025-02-19T09:55:09.263+0000] {dag.py:4156} INFO - Setting next_dagrun for example_xcom_args_with_operators to None, run_after=None
[2025-02-19T09:55:09.279+0000] {processor.py:208} INFO - Processing /home/airflow/.local/lib/python3.12/site-packages/airflow/example_dags/example_xcomargs.py took 0.114 seconds
[2025-02-19T09:55:39.517+0000] {processor.py:186} INFO - Started process (PID=2255) to work on /home/airflow/.local/lib/python3.12/site-packages/airflow/example_dags/example_xcomargs.py
[2025-02-19T09:55:39.519+0000] {processor.py:914} INFO - Processing file /home/airflow/.local/lib/python3.12/site-packages/airflow/example_dags/example_xcomargs.py for tasks to queue
[2025-02-19T09:55:39.521+0000] {logging_mixin.py:190} INFO - [2025-02-19T09:55:39.521+0000] {dagbag.py:587} INFO - Filling up the DagBag from /home/airflow/.local/lib/python3.12/site-packages/airflow/example_dags/example_xcomargs.py
[2025-02-19T09:55:39.531+0000] {processor.py:925} INFO - DAG(s) 'example_xcom_args_with_operators', 'example_xcom_args' retrieved from /home/airflow/.local/lib/python3.12/site-packages/airflow/example_dags/example_xcomargs.py
[2025-02-19T09:55:39.555+0000] {logging_mixin.py:190} INFO - [2025-02-19T09:55:39.555+0000] {dag.py:3229} INFO - Sync 2 DAGs
[2025-02-19T09:55:39.570+0000] {logging_mixin.py:190} INFO - [2025-02-19T09:55:39.570+0000] {dag.py:4156} INFO - Setting next_dagrun for example_xcom_args to None, run_after=None
[2025-02-19T09:55:39.574+0000] {logging_mixin.py:190} INFO - [2025-02-19T09:55:39.574+0000] {dag.py:4156} INFO - Setting next_dagrun for example_xcom_args_with_operators to None, run_after=None
[2025-02-19T09:55:39.593+0000] {processor.py:208} INFO - Processing /home/airflow/.local/lib/python3.12/site-packages/airflow/example_dags/example_xcomargs.py took 0.080 seconds
[2025-02-19T09:56:10.023+0000] {processor.py:186} INFO - Started process (PID=2319) to work on /home/airflow/.local/lib/python3.12/site-packages/airflow/example_dags/example_xcomargs.py
[2025-02-19T09:56:10.044+0000] {processor.py:914} INFO - Processing file /home/airflow/.local/lib/python3.12/site-packages/airflow/example_dags/example_xcomargs.py for tasks to queue
[2025-02-19T09:56:10.046+0000] {logging_mixin.py:190} INFO - [2025-02-19T09:56:10.046+0000] {dagbag.py:587} INFO - Filling up the DagBag from /home/airflow/.local/lib/python3.12/site-packages/airflow/example_dags/example_xcomargs.py
[2025-02-19T09:56:10.054+0000] {processor.py:925} INFO - DAG(s) 'example_xcom_args_with_operators', 'example_xcom_args' retrieved from /home/airflow/.local/lib/python3.12/site-packages/airflow/example_dags/example_xcomargs.py
[2025-02-19T09:56:10.076+0000] {logging_mixin.py:190} INFO - [2025-02-19T09:56:10.076+0000] {dag.py:3229} INFO - Sync 2 DAGs
[2025-02-19T09:56:10.089+0000] {logging_mixin.py:190} INFO - [2025-02-19T09:56:10.088+0000] {dag.py:4156} INFO - Setting next_dagrun for example_xcom_args to None, run_after=None
[2025-02-19T09:56:10.092+0000] {logging_mixin.py:190} INFO - [2025-02-19T09:56:10.092+0000] {dag.py:4156} INFO - Setting next_dagrun for example_xcom_args_with_operators to None, run_after=None
[2025-02-19T09:56:10.106+0000] {processor.py:208} INFO - Processing /home/airflow/.local/lib/python3.12/site-packages/airflow/example_dags/example_xcomargs.py took 0.089 seconds
[2025-02-19T09:56:40.138+0000] {processor.py:186} INFO - Started process (PID=2383) to work on /home/airflow/.local/lib/python3.12/site-packages/airflow/example_dags/example_xcomargs.py
[2025-02-19T09:56:40.144+0000] {processor.py:914} INFO - Processing file /home/airflow/.local/lib/python3.12/site-packages/airflow/example_dags/example_xcomargs.py for tasks to queue
[2025-02-19T09:56:40.147+0000] {logging_mixin.py:190} INFO - [2025-02-19T09:56:40.146+0000] {dagbag.py:587} INFO - Filling up the DagBag from /home/airflow/.local/lib/python3.12/site-packages/airflow/example_dags/example_xcomargs.py
[2025-02-19T09:56:40.157+0000] {processor.py:925} INFO - DAG(s) 'example_xcom_args_with_operators', 'example_xcom_args' retrieved from /home/airflow/.local/lib/python3.12/site-packages/airflow/example_dags/example_xcomargs.py
[2025-02-19T09:56:40.182+0000] {logging_mixin.py:190} INFO - [2025-02-19T09:56:40.182+0000] {dag.py:3229} INFO - Sync 2 DAGs
[2025-02-19T09:56:40.196+0000] {logging_mixin.py:190} INFO - [2025-02-19T09:56:40.196+0000] {dag.py:4156} INFO - Setting next_dagrun for example_xcom_args to None, run_after=None
[2025-02-19T09:56:40.200+0000] {logging_mixin.py:190} INFO - [2025-02-19T09:56:40.200+0000] {dag.py:4156} INFO - Setting next_dagrun for example_xcom_args_with_operators to None, run_after=None
[2025-02-19T09:56:40.217+0000] {processor.py:208} INFO - Processing /home/airflow/.local/lib/python3.12/site-packages/airflow/example_dags/example_xcomargs.py took 0.084 seconds
[2025-02-19T09:57:10.538+0000] {processor.py:186} INFO - Started process (PID=2448) to work on /home/airflow/.local/lib/python3.12/site-packages/airflow/example_dags/example_xcomargs.py
[2025-02-19T09:57:10.558+0000] {processor.py:914} INFO - Processing file /home/airflow/.local/lib/python3.12/site-packages/airflow/example_dags/example_xcomargs.py for tasks to queue
[2025-02-19T09:57:10.560+0000] {logging_mixin.py:190} INFO - [2025-02-19T09:57:10.560+0000] {dagbag.py:587} INFO - Filling up the DagBag from /home/airflow/.local/lib/python3.12/site-packages/airflow/example_dags/example_xcomargs.py
[2025-02-19T09:57:10.569+0000] {processor.py:925} INFO - DAG(s) 'example_xcom_args_with_operators', 'example_xcom_args' retrieved from /home/airflow/.local/lib/python3.12/site-packages/airflow/example_dags/example_xcomargs.py
[2025-02-19T09:57:10.591+0000] {logging_mixin.py:190} INFO - [2025-02-19T09:57:10.591+0000] {dag.py:3229} INFO - Sync 2 DAGs
[2025-02-19T09:57:10.605+0000] {logging_mixin.py:190} INFO - [2025-02-19T09:57:10.604+0000] {dag.py:4156} INFO - Setting next_dagrun for example_xcom_args to None, run_after=None
[2025-02-19T09:57:10.608+0000] {logging_mixin.py:190} INFO - [2025-02-19T09:57:10.608+0000] {dag.py:4156} INFO - Setting next_dagrun for example_xcom_args_with_operators to None, run_after=None
[2025-02-19T09:57:10.623+0000] {processor.py:208} INFO - Processing /home/airflow/.local/lib/python3.12/site-packages/airflow/example_dags/example_xcomargs.py took 0.090 seconds
[2025-02-19T09:57:41.051+0000] {processor.py:186} INFO - Started process (PID=2513) to work on /home/airflow/.local/lib/python3.12/site-packages/airflow/example_dags/example_xcomargs.py
[2025-02-19T09:57:41.053+0000] {processor.py:914} INFO - Processing file /home/airflow/.local/lib/python3.12/site-packages/airflow/example_dags/example_xcomargs.py for tasks to queue
[2025-02-19T09:57:41.055+0000] {logging_mixin.py:190} INFO - [2025-02-19T09:57:41.055+0000] {dagbag.py:587} INFO - Filling up the DagBag from /home/airflow/.local/lib/python3.12/site-packages/airflow/example_dags/example_xcomargs.py
[2025-02-19T09:57:41.064+0000] {processor.py:925} INFO - DAG(s) 'example_xcom_args_with_operators', 'example_xcom_args' retrieved from /home/airflow/.local/lib/python3.12/site-packages/airflow/example_dags/example_xcomargs.py
[2025-02-19T09:57:41.088+0000] {logging_mixin.py:190} INFO - [2025-02-19T09:57:41.088+0000] {dag.py:3229} INFO - Sync 2 DAGs
[2025-02-19T09:57:41.101+0000] {logging_mixin.py:190} INFO - [2025-02-19T09:57:41.101+0000] {dag.py:4156} INFO - Setting next_dagrun for example_xcom_args to None, run_after=None
[2025-02-19T09:57:41.104+0000] {logging_mixin.py:190} INFO - [2025-02-19T09:57:41.104+0000] {dag.py:4156} INFO - Setting next_dagrun for example_xcom_args_with_operators to None, run_after=None
[2025-02-19T09:57:41.117+0000] {processor.py:208} INFO - Processing /home/airflow/.local/lib/python3.12/site-packages/airflow/example_dags/example_xcomargs.py took 0.071 seconds
[2025-02-19T09:58:11.340+0000] {processor.py:186} INFO - Started process (PID=2578) to work on /home/airflow/.local/lib/python3.12/site-packages/airflow/example_dags/example_xcomargs.py
[2025-02-19T09:58:11.343+0000] {processor.py:914} INFO - Processing file /home/airflow/.local/lib/python3.12/site-packages/airflow/example_dags/example_xcomargs.py for tasks to queue
[2025-02-19T09:58:11.347+0000] {logging_mixin.py:190} INFO - [2025-02-19T09:58:11.346+0000] {dagbag.py:587} INFO - Filling up the DagBag from /home/airflow/.local/lib/python3.12/site-packages/airflow/example_dags/example_xcomargs.py
[2025-02-19T09:58:11.363+0000] {processor.py:925} INFO - DAG(s) 'example_xcom_args_with_operators', 'example_xcom_args' retrieved from /home/airflow/.local/lib/python3.12/site-packages/airflow/example_dags/example_xcomargs.py
[2025-02-19T09:58:11.406+0000] {logging_mixin.py:190} INFO - [2025-02-19T09:58:11.406+0000] {dag.py:3229} INFO - Sync 2 DAGs
[2025-02-19T09:58:11.434+0000] {logging_mixin.py:190} INFO - [2025-02-19T09:58:11.434+0000] {dag.py:4156} INFO - Setting next_dagrun for example_xcom_args to None, run_after=None
[2025-02-19T09:58:11.440+0000] {logging_mixin.py:190} INFO - [2025-02-19T09:58:11.439+0000] {dag.py:4156} INFO - Setting next_dagrun for example_xcom_args_with_operators to None, run_after=None
[2025-02-19T09:58:11.464+0000] {processor.py:208} INFO - Processing /home/airflow/.local/lib/python3.12/site-packages/airflow/example_dags/example_xcomargs.py took 0.135 seconds
[2025-02-19T09:58:41.779+0000] {processor.py:186} INFO - Started process (PID=2647) to work on /home/airflow/.local/lib/python3.12/site-packages/airflow/example_dags/example_xcomargs.py
[2025-02-19T09:58:41.780+0000] {processor.py:914} INFO - Processing file /home/airflow/.local/lib/python3.12/site-packages/airflow/example_dags/example_xcomargs.py for tasks to queue
[2025-02-19T09:58:41.783+0000] {logging_mixin.py:190} INFO - [2025-02-19T09:58:41.782+0000] {dagbag.py:587} INFO - Filling up the DagBag from /home/airflow/.local/lib/python3.12/site-packages/airflow/example_dags/example_xcomargs.py
[2025-02-19T09:58:41.794+0000] {processor.py:925} INFO - DAG(s) 'example_xcom_args', 'example_xcom_args_with_operators' retrieved from /home/airflow/.local/lib/python3.12/site-packages/airflow/example_dags/example_xcomargs.py
[2025-02-19T09:58:41.818+0000] {logging_mixin.py:190} INFO - [2025-02-19T09:58:41.818+0000] {dag.py:3229} INFO - Sync 2 DAGs
[2025-02-19T09:58:41.832+0000] {logging_mixin.py:190} INFO - [2025-02-19T09:58:41.832+0000] {dag.py:4156} INFO - Setting next_dagrun for example_xcom_args to None, run_after=None
[2025-02-19T09:58:41.837+0000] {logging_mixin.py:190} INFO - [2025-02-19T09:58:41.837+0000] {dag.py:4156} INFO - Setting next_dagrun for example_xcom_args_with_operators to None, run_after=None
[2025-02-19T09:58:41.854+0000] {processor.py:208} INFO - Processing /home/airflow/.local/lib/python3.12/site-packages/airflow/example_dags/example_xcomargs.py took 0.081 seconds
[2025-02-19T09:59:12.077+0000] {processor.py:186} INFO - Started process (PID=2711) to work on /home/airflow/.local/lib/python3.12/site-packages/airflow/example_dags/example_xcomargs.py
[2025-02-19T09:59:12.096+0000] {processor.py:914} INFO - Processing file /home/airflow/.local/lib/python3.12/site-packages/airflow/example_dags/example_xcomargs.py for tasks to queue
[2025-02-19T09:59:12.098+0000] {logging_mixin.py:190} INFO - [2025-02-19T09:59:12.098+0000] {dagbag.py:587} INFO - Filling up the DagBag from /home/airflow/.local/lib/python3.12/site-packages/airflow/example_dags/example_xcomargs.py
[2025-02-19T09:59:12.107+0000] {processor.py:925} INFO - DAG(s) 'example_xcom_args', 'example_xcom_args_with_operators' retrieved from /home/airflow/.local/lib/python3.12/site-packages/airflow/example_dags/example_xcomargs.py
[2025-02-19T09:59:12.128+0000] {logging_mixin.py:190} INFO - [2025-02-19T09:59:12.128+0000] {dag.py:3229} INFO - Sync 2 DAGs
[2025-02-19T09:59:12.141+0000] {logging_mixin.py:190} INFO - [2025-02-19T09:59:12.141+0000] {dag.py:4156} INFO - Setting next_dagrun for example_xcom_args to None, run_after=None
[2025-02-19T09:59:12.144+0000] {logging_mixin.py:190} INFO - [2025-02-19T09:59:12.144+0000] {dag.py:4156} INFO - Setting next_dagrun for example_xcom_args_with_operators to None, run_after=None
[2025-02-19T09:59:12.159+0000] {processor.py:208} INFO - Processing /home/airflow/.local/lib/python3.12/site-packages/airflow/example_dags/example_xcomargs.py took 0.087 seconds
[2025-02-19T10:23:11.208+0000] {logging_mixin.py:190} INFO - [2025-02-19T10:23:11.208+0000] {settings.py:475} DEBUG - Setting up DB connection pool (PID 54)
[2025-02-19T10:23:11.209+0000] {logging_mixin.py:190} INFO - [2025-02-19T10:23:11.209+0000] {settings.py:579} DEBUG - settings.prepare_engine_args(): Using pool settings. pool_size=5, max_overflow=10, pool_recycle=1800, pid=54
[2025-02-19T10:23:11.213+0000] {processor.py:186} INFO - Started process (PID=54) to work on /home/airflow/.local/lib/python3.12/site-packages/airflow/example_dags/example_xcomargs.py
[2025-02-19T10:23:11.214+0000] {processor.py:914} INFO - Processing file /home/airflow/.local/lib/python3.12/site-packages/airflow/example_dags/example_xcomargs.py for tasks to queue
[2025-02-19T10:23:11.214+0000] {logging_mixin.py:190} INFO - [2025-02-19T10:23:11.214+0000] {dagbag.py:587} INFO - Filling up the DagBag from /home/airflow/.local/lib/python3.12/site-packages/airflow/example_dags/example_xcomargs.py
[2025-02-19T10:23:11.215+0000] {logging_mixin.py:190} INFO - [2025-02-19T10:23:11.215+0000] {dagbag.py:368} DEBUG - Importing /home/airflow/.local/lib/python3.12/site-packages/airflow/example_dags/example_xcomargs.py
[2025-02-19T10:23:11.227+0000] {logging_mixin.py:190} INFO - [2025-02-19T10:23:11.226+0000] {dagbag.py:553} DEBUG - Loaded DAG <DAG: example_xcom_args_with_operators>
[2025-02-19T10:23:11.227+0000] {logging_mixin.py:190} INFO - [2025-02-19T10:23:11.227+0000] {dagbag.py:553} DEBUG - Loaded DAG <DAG: example_xcom_args>
[2025-02-19T10:23:11.227+0000] {processor.py:925} INFO - DAG(s) 'example_xcom_args_with_operators', 'example_xcom_args' retrieved from /home/airflow/.local/lib/python3.12/site-packages/airflow/example_dags/example_xcomargs.py
[2025-02-19T10:23:11.228+0000] {logging_mixin.py:190} INFO - [2025-02-19T10:23:11.228+0000] {dagbag.py:710} DEBUG - Running dagbag.sync_to_db with retries. Try 1 of 3
[2025-02-19T10:23:11.228+0000] {logging_mixin.py:190} INFO - [2025-02-19T10:23:11.228+0000] {dagbag.py:715} DEBUG - Calling the DAG.bulk_sync_to_db method
[2025-02-19T10:23:11.241+0000] {logging_mixin.py:190} INFO - [2025-02-19T10:23:11.240+0000] {serialized_dag.py:168} DEBUG - Checking if DAG (example_xcom_args_with_operators) changed
[2025-02-19T10:23:11.253+0000] {logging_mixin.py:190} INFO - [2025-02-19T10:23:11.252+0000] {serialized_dag.py:179} DEBUG - Serialized DAG (example_xcom_args_with_operators) is unchanged. Skipping writing to DB
[2025-02-19T10:23:11.254+0000] {logging_mixin.py:190} INFO - [2025-02-19T10:23:11.254+0000] {serialized_dag.py:168} DEBUG - Checking if DAG (example_xcom_args) changed
[2025-02-19T10:23:11.258+0000] {logging_mixin.py:190} INFO - [2025-02-19T10:23:11.257+0000] {serialized_dag.py:179} DEBUG - Serialized DAG (example_xcom_args) is unchanged. Skipping writing to DB
[2025-02-19T10:23:11.258+0000] {logging_mixin.py:190} INFO - [2025-02-19T10:23:11.258+0000] {dag.py:3229} INFO - Sync 2 DAGs
[2025-02-19T10:23:11.273+0000] {logging_mixin.py:190} INFO - [2025-02-19T10:23:11.273+0000] {dag.py:4156} INFO - Setting next_dagrun for example_xcom_args to None, run_after=None
[2025-02-19T10:23:11.279+0000] {logging_mixin.py:190} INFO - [2025-02-19T10:23:11.279+0000] {dag.py:4156} INFO - Setting next_dagrun for example_xcom_args_with_operators to None, run_after=None
[2025-02-19T10:23:11.296+0000] {processor.py:208} INFO - Processing /home/airflow/.local/lib/python3.12/site-packages/airflow/example_dags/example_xcomargs.py took 0.088 seconds
[2025-02-19T10:23:47.994+0000] {logging_mixin.py:190} INFO - [2025-02-19T10:23:47.994+0000] {settings.py:475} DEBUG - Setting up DB connection pool (PID 118)
[2025-02-19T10:23:48.013+0000] {logging_mixin.py:190} INFO - [2025-02-19T10:23:48.013+0000] {settings.py:579} DEBUG - settings.prepare_engine_args(): Using pool settings. pool_size=5, max_overflow=10, pool_recycle=1800, pid=118
[2025-02-19T10:23:48.019+0000] {processor.py:186} INFO - Started process (PID=118) to work on /home/airflow/.local/lib/python3.12/site-packages/airflow/example_dags/example_xcomargs.py
[2025-02-19T10:23:48.019+0000] {processor.py:914} INFO - Processing file /home/airflow/.local/lib/python3.12/site-packages/airflow/example_dags/example_xcomargs.py for tasks to queue
[2025-02-19T10:23:48.020+0000] {logging_mixin.py:190} INFO - [2025-02-19T10:23:48.020+0000] {dagbag.py:587} INFO - Filling up the DagBag from /home/airflow/.local/lib/python3.12/site-packages/airflow/example_dags/example_xcomargs.py
[2025-02-19T10:23:48.021+0000] {logging_mixin.py:190} INFO - [2025-02-19T10:23:48.021+0000] {dagbag.py:368} DEBUG - Importing /home/airflow/.local/lib/python3.12/site-packages/airflow/example_dags/example_xcomargs.py
[2025-02-19T10:23:48.032+0000] {logging_mixin.py:190} INFO - [2025-02-19T10:23:48.030+0000] {dagbag.py:553} DEBUG - Loaded DAG <DAG: example_xcom_args_with_operators>
[2025-02-19T10:23:48.032+0000] {logging_mixin.py:190} INFO - [2025-02-19T10:23:48.032+0000] {dagbag.py:553} DEBUG - Loaded DAG <DAG: example_xcom_args>
[2025-02-19T10:23:48.032+0000] {processor.py:925} INFO - DAG(s) 'example_xcom_args_with_operators', 'example_xcom_args' retrieved from /home/airflow/.local/lib/python3.12/site-packages/airflow/example_dags/example_xcomargs.py
[2025-02-19T10:23:48.033+0000] {logging_mixin.py:190} INFO - [2025-02-19T10:23:48.033+0000] {dagbag.py:710} DEBUG - Running dagbag.sync_to_db with retries. Try 1 of 3
[2025-02-19T10:23:48.033+0000] {logging_mixin.py:190} INFO - [2025-02-19T10:23:48.033+0000] {dagbag.py:715} DEBUG - Calling the DAG.bulk_sync_to_db method
[2025-02-19T10:23:48.047+0000] {logging_mixin.py:190} INFO - [2025-02-19T10:23:48.046+0000] {serialized_dag.py:168} DEBUG - Checking if DAG (example_xcom_args_with_operators) changed
[2025-02-19T10:23:48.055+0000] {logging_mixin.py:190} INFO - [2025-02-19T10:23:48.055+0000] {serialized_dag.py:179} DEBUG - Serialized DAG (example_xcom_args_with_operators) is unchanged. Skipping writing to DB
[2025-02-19T10:23:48.056+0000] {logging_mixin.py:190} INFO - [2025-02-19T10:23:48.056+0000] {serialized_dag.py:168} DEBUG - Checking if DAG (example_xcom_args) changed
[2025-02-19T10:23:48.059+0000] {logging_mixin.py:190} INFO - [2025-02-19T10:23:48.059+0000] {serialized_dag.py:179} DEBUG - Serialized DAG (example_xcom_args) is unchanged. Skipping writing to DB
[2025-02-19T10:23:48.059+0000] {logging_mixin.py:190} INFO - [2025-02-19T10:23:48.059+0000] {dag.py:3229} INFO - Sync 2 DAGs
[2025-02-19T10:23:48.076+0000] {logging_mixin.py:190} INFO - [2025-02-19T10:23:48.076+0000] {dag.py:4156} INFO - Setting next_dagrun for example_xcom_args to None, run_after=None
[2025-02-19T10:23:48.080+0000] {logging_mixin.py:190} INFO - [2025-02-19T10:23:48.080+0000] {dag.py:4156} INFO - Setting next_dagrun for example_xcom_args_with_operators to None, run_after=None
[2025-02-19T10:23:48.504+0000] {processor.py:208} INFO - Processing /home/airflow/.local/lib/python3.12/site-packages/airflow/example_dags/example_xcomargs.py took 0.510 seconds
[2025-02-19T10:24:18.703+0000] {logging_mixin.py:190} INFO - [2025-02-19T10:24:18.703+0000] {settings.py:475} DEBUG - Setting up DB connection pool (PID 182)
[2025-02-19T10:24:18.705+0000] {logging_mixin.py:190} INFO - [2025-02-19T10:24:18.705+0000] {settings.py:579} DEBUG - settings.prepare_engine_args(): Using pool settings. pool_size=5, max_overflow=10, pool_recycle=1800, pid=182
[2025-02-19T10:24:18.708+0000] {processor.py:186} INFO - Started process (PID=182) to work on /home/airflow/.local/lib/python3.12/site-packages/airflow/example_dags/example_xcomargs.py
[2025-02-19T10:24:18.709+0000] {processor.py:914} INFO - Processing file /home/airflow/.local/lib/python3.12/site-packages/airflow/example_dags/example_xcomargs.py for tasks to queue
[2025-02-19T10:24:18.709+0000] {logging_mixin.py:190} INFO - [2025-02-19T10:24:18.709+0000] {dagbag.py:587} INFO - Filling up the DagBag from /home/airflow/.local/lib/python3.12/site-packages/airflow/example_dags/example_xcomargs.py
[2025-02-19T10:24:18.710+0000] {logging_mixin.py:190} INFO - [2025-02-19T10:24:18.710+0000] {dagbag.py:368} DEBUG - Importing /home/airflow/.local/lib/python3.12/site-packages/airflow/example_dags/example_xcomargs.py
[2025-02-19T10:24:18.718+0000] {logging_mixin.py:190} INFO - [2025-02-19T10:24:18.717+0000] {dagbag.py:553} DEBUG - Loaded DAG <DAG: example_xcom_args>
[2025-02-19T10:24:18.719+0000] {logging_mixin.py:190} INFO - [2025-02-19T10:24:18.719+0000] {dagbag.py:553} DEBUG - Loaded DAG <DAG: example_xcom_args_with_operators>
[2025-02-19T10:24:18.719+0000] {processor.py:925} INFO - DAG(s) 'example_xcom_args', 'example_xcom_args_with_operators' retrieved from /home/airflow/.local/lib/python3.12/site-packages/airflow/example_dags/example_xcomargs.py
[2025-02-19T10:24:18.719+0000] {logging_mixin.py:190} INFO - [2025-02-19T10:24:18.719+0000] {dagbag.py:710} DEBUG - Running dagbag.sync_to_db with retries. Try 1 of 3
[2025-02-19T10:24:18.720+0000] {logging_mixin.py:190} INFO - [2025-02-19T10:24:18.720+0000] {dagbag.py:715} DEBUG - Calling the DAG.bulk_sync_to_db method
[2025-02-19T10:24:18.729+0000] {logging_mixin.py:190} INFO - [2025-02-19T10:24:18.729+0000] {serialized_dag.py:168} DEBUG - Checking if DAG (example_xcom_args) changed
[2025-02-19T10:24:18.735+0000] {logging_mixin.py:190} INFO - [2025-02-19T10:24:18.735+0000] {serialized_dag.py:179} DEBUG - Serialized DAG (example_xcom_args) is unchanged. Skipping writing to DB
[2025-02-19T10:24:18.737+0000] {logging_mixin.py:190} INFO - [2025-02-19T10:24:18.736+0000] {serialized_dag.py:168} DEBUG - Checking if DAG (example_xcom_args_with_operators) changed
[2025-02-19T10:24:18.740+0000] {logging_mixin.py:190} INFO - [2025-02-19T10:24:18.739+0000] {serialized_dag.py:179} DEBUG - Serialized DAG (example_xcom_args_with_operators) is unchanged. Skipping writing to DB
[2025-02-19T10:24:18.740+0000] {logging_mixin.py:190} INFO - [2025-02-19T10:24:18.740+0000] {dag.py:3229} INFO - Sync 2 DAGs
[2025-02-19T10:24:18.752+0000] {logging_mixin.py:190} INFO - [2025-02-19T10:24:18.752+0000] {dag.py:4156} INFO - Setting next_dagrun for example_xcom_args to None, run_after=None
[2025-02-19T10:24:18.755+0000] {logging_mixin.py:190} INFO - [2025-02-19T10:24:18.755+0000] {dag.py:4156} INFO - Setting next_dagrun for example_xcom_args_with_operators to None, run_after=None
[2025-02-19T10:24:18.768+0000] {processor.py:208} INFO - Processing /home/airflow/.local/lib/python3.12/site-packages/airflow/example_dags/example_xcomargs.py took 0.065 seconds
[2025-02-19T10:24:49.604+0000] {logging_mixin.py:190} INFO - [2025-02-19T10:24:49.603+0000] {settings.py:475} DEBUG - Setting up DB connection pool (PID 251)
[2025-02-19T10:24:49.605+0000] {logging_mixin.py:190} INFO - [2025-02-19T10:24:49.604+0000] {settings.py:579} DEBUG - settings.prepare_engine_args(): Using pool settings. pool_size=5, max_overflow=10, pool_recycle=1800, pid=251
[2025-02-19T10:24:49.609+0000] {processor.py:186} INFO - Started process (PID=251) to work on /home/airflow/.local/lib/python3.12/site-packages/airflow/example_dags/example_xcomargs.py
[2025-02-19T10:24:49.610+0000] {processor.py:914} INFO - Processing file /home/airflow/.local/lib/python3.12/site-packages/airflow/example_dags/example_xcomargs.py for tasks to queue
[2025-02-19T10:24:49.611+0000] {logging_mixin.py:190} INFO - [2025-02-19T10:24:49.611+0000] {dagbag.py:587} INFO - Filling up the DagBag from /home/airflow/.local/lib/python3.12/site-packages/airflow/example_dags/example_xcomargs.py
[2025-02-19T10:24:49.613+0000] {logging_mixin.py:190} INFO - [2025-02-19T10:24:49.612+0000] {dagbag.py:368} DEBUG - Importing /home/airflow/.local/lib/python3.12/site-packages/airflow/example_dags/example_xcomargs.py
[2025-02-19T10:24:49.625+0000] {logging_mixin.py:190} INFO - [2025-02-19T10:24:49.623+0000] {dagbag.py:553} DEBUG - Loaded DAG <DAG: example_xcom_args>
[2025-02-19T10:24:49.625+0000] {logging_mixin.py:190} INFO - [2025-02-19T10:24:49.625+0000] {dagbag.py:553} DEBUG - Loaded DAG <DAG: example_xcom_args_with_operators>
[2025-02-19T10:24:49.625+0000] {processor.py:925} INFO - DAG(s) 'example_xcom_args', 'example_xcom_args_with_operators' retrieved from /home/airflow/.local/lib/python3.12/site-packages/airflow/example_dags/example_xcomargs.py
[2025-02-19T10:24:49.626+0000] {logging_mixin.py:190} INFO - [2025-02-19T10:24:49.626+0000] {dagbag.py:710} DEBUG - Running dagbag.sync_to_db with retries. Try 1 of 3
[2025-02-19T10:24:49.626+0000] {logging_mixin.py:190} INFO - [2025-02-19T10:24:49.626+0000] {dagbag.py:715} DEBUG - Calling the DAG.bulk_sync_to_db method
[2025-02-19T10:24:49.639+0000] {logging_mixin.py:190} INFO - [2025-02-19T10:24:49.639+0000] {serialized_dag.py:168} DEBUG - Checking if DAG (example_xcom_args) changed
[2025-02-19T10:24:49.648+0000] {logging_mixin.py:190} INFO - [2025-02-19T10:24:49.648+0000] {serialized_dag.py:179} DEBUG - Serialized DAG (example_xcom_args) is unchanged. Skipping writing to DB
[2025-02-19T10:24:49.650+0000] {logging_mixin.py:190} INFO - [2025-02-19T10:24:49.649+0000] {serialized_dag.py:168} DEBUG - Checking if DAG (example_xcom_args_with_operators) changed
[2025-02-19T10:24:49.654+0000] {logging_mixin.py:190} INFO - [2025-02-19T10:24:49.654+0000] {serialized_dag.py:179} DEBUG - Serialized DAG (example_xcom_args_with_operators) is unchanged. Skipping writing to DB
[2025-02-19T10:24:49.654+0000] {logging_mixin.py:190} INFO - [2025-02-19T10:24:49.654+0000] {dag.py:3229} INFO - Sync 2 DAGs
[2025-02-19T10:24:49.670+0000] {logging_mixin.py:190} INFO - [2025-02-19T10:24:49.670+0000] {dag.py:4156} INFO - Setting next_dagrun for example_xcom_args to None, run_after=None
[2025-02-19T10:24:49.676+0000] {logging_mixin.py:190} INFO - [2025-02-19T10:24:49.675+0000] {dag.py:4156} INFO - Setting next_dagrun for example_xcom_args_with_operators to None, run_after=None
[2025-02-19T10:24:49.698+0000] {processor.py:208} INFO - Processing /home/airflow/.local/lib/python3.12/site-packages/airflow/example_dags/example_xcomargs.py took 0.095 seconds
[2025-02-19T10:25:19.784+0000] {logging_mixin.py:190} INFO - [2025-02-19T10:25:19.784+0000] {settings.py:475} DEBUG - Setting up DB connection pool (PID 315)
[2025-02-19T10:25:19.786+0000] {logging_mixin.py:190} INFO - [2025-02-19T10:25:19.786+0000] {settings.py:579} DEBUG - settings.prepare_engine_args(): Using pool settings. pool_size=5, max_overflow=10, pool_recycle=1800, pid=315
[2025-02-19T10:25:19.791+0000] {processor.py:186} INFO - Started process (PID=315) to work on /home/airflow/.local/lib/python3.12/site-packages/airflow/example_dags/example_xcomargs.py
[2025-02-19T10:25:19.791+0000] {processor.py:914} INFO - Processing file /home/airflow/.local/lib/python3.12/site-packages/airflow/example_dags/example_xcomargs.py for tasks to queue
[2025-02-19T10:25:19.792+0000] {logging_mixin.py:190} INFO - [2025-02-19T10:25:19.792+0000] {dagbag.py:587} INFO - Filling up the DagBag from /home/airflow/.local/lib/python3.12/site-packages/airflow/example_dags/example_xcomargs.py
[2025-02-19T10:25:19.793+0000] {logging_mixin.py:190} INFO - [2025-02-19T10:25:19.793+0000] {dagbag.py:368} DEBUG - Importing /home/airflow/.local/lib/python3.12/site-packages/airflow/example_dags/example_xcomargs.py
[2025-02-19T10:25:19.803+0000] {logging_mixin.py:190} INFO - [2025-02-19T10:25:19.802+0000] {dagbag.py:553} DEBUG - Loaded DAG <DAG: example_xcom_args>
[2025-02-19T10:25:19.803+0000] {logging_mixin.py:190} INFO - [2025-02-19T10:25:19.803+0000] {dagbag.py:553} DEBUG - Loaded DAG <DAG: example_xcom_args_with_operators>
[2025-02-19T10:25:19.803+0000] {processor.py:925} INFO - DAG(s) 'example_xcom_args', 'example_xcom_args_with_operators' retrieved from /home/airflow/.local/lib/python3.12/site-packages/airflow/example_dags/example_xcomargs.py
[2025-02-19T10:25:19.804+0000] {logging_mixin.py:190} INFO - [2025-02-19T10:25:19.804+0000] {dagbag.py:710} DEBUG - Running dagbag.sync_to_db with retries. Try 1 of 3
[2025-02-19T10:25:19.804+0000] {logging_mixin.py:190} INFO - [2025-02-19T10:25:19.804+0000] {dagbag.py:715} DEBUG - Calling the DAG.bulk_sync_to_db method
[2025-02-19T10:25:19.815+0000] {logging_mixin.py:190} INFO - [2025-02-19T10:25:19.815+0000] {serialized_dag.py:168} DEBUG - Checking if DAG (example_xcom_args) changed
[2025-02-19T10:25:19.824+0000] {logging_mixin.py:190} INFO - [2025-02-19T10:25:19.823+0000] {serialized_dag.py:179} DEBUG - Serialized DAG (example_xcom_args) is unchanged. Skipping writing to DB
[2025-02-19T10:25:19.825+0000] {logging_mixin.py:190} INFO - [2025-02-19T10:25:19.825+0000] {serialized_dag.py:168} DEBUG - Checking if DAG (example_xcom_args_with_operators) changed
[2025-02-19T10:25:19.829+0000] {logging_mixin.py:190} INFO - [2025-02-19T10:25:19.829+0000] {serialized_dag.py:179} DEBUG - Serialized DAG (example_xcom_args_with_operators) is unchanged. Skipping writing to DB
[2025-02-19T10:25:19.829+0000] {logging_mixin.py:190} INFO - [2025-02-19T10:25:19.829+0000] {dag.py:3229} INFO - Sync 2 DAGs
[2025-02-19T10:25:19.843+0000] {logging_mixin.py:190} INFO - [2025-02-19T10:25:19.843+0000] {dag.py:4156} INFO - Setting next_dagrun for example_xcom_args to None, run_after=None
[2025-02-19T10:25:19.847+0000] {logging_mixin.py:190} INFO - [2025-02-19T10:25:19.847+0000] {dag.py:4156} INFO - Setting next_dagrun for example_xcom_args_with_operators to None, run_after=None
[2025-02-19T10:25:19.863+0000] {processor.py:208} INFO - Processing /home/airflow/.local/lib/python3.12/site-packages/airflow/example_dags/example_xcomargs.py took 0.079 seconds
[2025-02-19T10:25:50.481+0000] {logging_mixin.py:190} INFO - [2025-02-19T10:25:50.480+0000] {settings.py:475} DEBUG - Setting up DB connection pool (PID 379)
[2025-02-19T10:25:50.483+0000] {logging_mixin.py:190} INFO - [2025-02-19T10:25:50.482+0000] {settings.py:579} DEBUG - settings.prepare_engine_args(): Using pool settings. pool_size=5, max_overflow=10, pool_recycle=1800, pid=379
[2025-02-19T10:25:50.488+0000] {processor.py:186} INFO - Started process (PID=379) to work on /home/airflow/.local/lib/python3.12/site-packages/airflow/example_dags/example_xcomargs.py
[2025-02-19T10:25:50.488+0000] {processor.py:914} INFO - Processing file /home/airflow/.local/lib/python3.12/site-packages/airflow/example_dags/example_xcomargs.py for tasks to queue
[2025-02-19T10:25:50.489+0000] {logging_mixin.py:190} INFO - [2025-02-19T10:25:50.489+0000] {dagbag.py:587} INFO - Filling up the DagBag from /home/airflow/.local/lib/python3.12/site-packages/airflow/example_dags/example_xcomargs.py
[2025-02-19T10:25:50.490+0000] {logging_mixin.py:190} INFO - [2025-02-19T10:25:50.490+0000] {dagbag.py:368} DEBUG - Importing /home/airflow/.local/lib/python3.12/site-packages/airflow/example_dags/example_xcomargs.py
[2025-02-19T10:25:50.499+0000] {logging_mixin.py:190} INFO - [2025-02-19T10:25:50.498+0000] {dagbag.py:553} DEBUG - Loaded DAG <DAG: example_xcom_args>
[2025-02-19T10:25:50.500+0000] {logging_mixin.py:190} INFO - [2025-02-19T10:25:50.500+0000] {dagbag.py:553} DEBUG - Loaded DAG <DAG: example_xcom_args_with_operators>
[2025-02-19T10:25:50.500+0000] {processor.py:925} INFO - DAG(s) 'example_xcom_args', 'example_xcom_args_with_operators' retrieved from /home/airflow/.local/lib/python3.12/site-packages/airflow/example_dags/example_xcomargs.py
[2025-02-19T10:25:50.501+0000] {logging_mixin.py:190} INFO - [2025-02-19T10:25:50.501+0000] {dagbag.py:710} DEBUG - Running dagbag.sync_to_db with retries. Try 1 of 3
[2025-02-19T10:25:50.501+0000] {logging_mixin.py:190} INFO - [2025-02-19T10:25:50.501+0000] {dagbag.py:715} DEBUG - Calling the DAG.bulk_sync_to_db method
[2025-02-19T10:25:50.512+0000] {logging_mixin.py:190} INFO - [2025-02-19T10:25:50.512+0000] {serialized_dag.py:168} DEBUG - Checking if DAG (example_xcom_args) changed
[2025-02-19T10:25:50.520+0000] {logging_mixin.py:190} INFO - [2025-02-19T10:25:50.519+0000] {serialized_dag.py:179} DEBUG - Serialized DAG (example_xcom_args) is unchanged. Skipping writing to DB
[2025-02-19T10:25:50.521+0000] {logging_mixin.py:190} INFO - [2025-02-19T10:25:50.521+0000] {serialized_dag.py:168} DEBUG - Checking if DAG (example_xcom_args_with_operators) changed
[2025-02-19T10:25:50.525+0000] {logging_mixin.py:190} INFO - [2025-02-19T10:25:50.525+0000] {serialized_dag.py:179} DEBUG - Serialized DAG (example_xcom_args_with_operators) is unchanged. Skipping writing to DB
[2025-02-19T10:25:50.526+0000] {logging_mixin.py:190} INFO - [2025-02-19T10:25:50.525+0000] {dag.py:3229} INFO - Sync 2 DAGs
[2025-02-19T10:25:50.539+0000] {logging_mixin.py:190} INFO - [2025-02-19T10:25:50.539+0000] {dag.py:4156} INFO - Setting next_dagrun for example_xcom_args to None, run_after=None
[2025-02-19T10:25:50.543+0000] {logging_mixin.py:190} INFO - [2025-02-19T10:25:50.542+0000] {dag.py:4156} INFO - Setting next_dagrun for example_xcom_args_with_operators to None, run_after=None
[2025-02-19T10:25:50.560+0000] {processor.py:208} INFO - Processing /home/airflow/.local/lib/python3.12/site-packages/airflow/example_dags/example_xcomargs.py took 0.080 seconds
[2025-02-19T10:26:21.194+0000] {logging_mixin.py:190} INFO - [2025-02-19T10:26:21.193+0000] {settings.py:475} DEBUG - Setting up DB connection pool (PID 443)
[2025-02-19T10:26:21.195+0000] {logging_mixin.py:190} INFO - [2025-02-19T10:26:21.195+0000] {settings.py:579} DEBUG - settings.prepare_engine_args(): Using pool settings. pool_size=5, max_overflow=10, pool_recycle=1800, pid=443
[2025-02-19T10:26:21.200+0000] {processor.py:186} INFO - Started process (PID=443) to work on /home/airflow/.local/lib/python3.12/site-packages/airflow/example_dags/example_xcomargs.py
[2025-02-19T10:26:21.200+0000] {processor.py:914} INFO - Processing file /home/airflow/.local/lib/python3.12/site-packages/airflow/example_dags/example_xcomargs.py for tasks to queue
[2025-02-19T10:26:21.201+0000] {logging_mixin.py:190} INFO - [2025-02-19T10:26:21.201+0000] {dagbag.py:587} INFO - Filling up the DagBag from /home/airflow/.local/lib/python3.12/site-packages/airflow/example_dags/example_xcomargs.py
[2025-02-19T10:26:21.202+0000] {logging_mixin.py:190} INFO - [2025-02-19T10:26:21.202+0000] {dagbag.py:368} DEBUG - Importing /home/airflow/.local/lib/python3.12/site-packages/airflow/example_dags/example_xcomargs.py
[2025-02-19T10:26:21.212+0000] {logging_mixin.py:190} INFO - [2025-02-19T10:26:21.211+0000] {dagbag.py:553} DEBUG - Loaded DAG <DAG: example_xcom_args>
[2025-02-19T10:26:21.212+0000] {logging_mixin.py:190} INFO - [2025-02-19T10:26:21.212+0000] {dagbag.py:553} DEBUG - Loaded DAG <DAG: example_xcom_args_with_operators>
[2025-02-19T10:26:21.212+0000] {processor.py:925} INFO - DAG(s) 'example_xcom_args', 'example_xcom_args_with_operators' retrieved from /home/airflow/.local/lib/python3.12/site-packages/airflow/example_dags/example_xcomargs.py
[2025-02-19T10:26:21.213+0000] {logging_mixin.py:190} INFO - [2025-02-19T10:26:21.213+0000] {dagbag.py:710} DEBUG - Running dagbag.sync_to_db with retries. Try 1 of 3
[2025-02-19T10:26:21.213+0000] {logging_mixin.py:190} INFO - [2025-02-19T10:26:21.213+0000] {dagbag.py:715} DEBUG - Calling the DAG.bulk_sync_to_db method
[2025-02-19T10:26:21.224+0000] {logging_mixin.py:190} INFO - [2025-02-19T10:26:21.224+0000] {serialized_dag.py:168} DEBUG - Checking if DAG (example_xcom_args) changed
[2025-02-19T10:26:21.232+0000] {logging_mixin.py:190} INFO - [2025-02-19T10:26:21.232+0000] {serialized_dag.py:179} DEBUG - Serialized DAG (example_xcom_args) is unchanged. Skipping writing to DB
[2025-02-19T10:26:21.233+0000] {logging_mixin.py:190} INFO - [2025-02-19T10:26:21.233+0000] {serialized_dag.py:168} DEBUG - Checking if DAG (example_xcom_args_with_operators) changed
[2025-02-19T10:26:21.236+0000] {logging_mixin.py:190} INFO - [2025-02-19T10:26:21.236+0000] {serialized_dag.py:179} DEBUG - Serialized DAG (example_xcom_args_with_operators) is unchanged. Skipping writing to DB
[2025-02-19T10:26:21.237+0000] {logging_mixin.py:190} INFO - [2025-02-19T10:26:21.237+0000] {dag.py:3229} INFO - Sync 2 DAGs
[2025-02-19T10:26:21.251+0000] {logging_mixin.py:190} INFO - [2025-02-19T10:26:21.251+0000] {dag.py:4156} INFO - Setting next_dagrun for example_xcom_args to None, run_after=None
[2025-02-19T10:26:21.255+0000] {logging_mixin.py:190} INFO - [2025-02-19T10:26:21.255+0000] {dag.py:4156} INFO - Setting next_dagrun for example_xcom_args_with_operators to None, run_after=None
[2025-02-19T10:26:21.273+0000] {processor.py:208} INFO - Processing /home/airflow/.local/lib/python3.12/site-packages/airflow/example_dags/example_xcomargs.py took 0.080 seconds
