[2025-02-19T09:38:29.762+0000] {processor.py:186} INFO - Started process (PID=99) to work on /home/airflow/.local/lib/python3.12/site-packages/airflow/example_dags/example_local_kubernetes_executor.py
[2025-02-19T09:38:29.763+0000] {processor.py:914} INFO - Processing file /home/airflow/.local/lib/python3.12/site-packages/airflow/example_dags/example_local_kubernetes_executor.py for tasks to queue
[2025-02-19T09:38:29.765+0000] {logging_mixin.py:190} INFO - [2025-02-19T09:38:29.765+0000] {dagbag.py:587} INFO - Filling up the DagBag from /home/airflow/.local/lib/python3.12/site-packages/airflow/example_dags/example_local_kubernetes_executor.py
[2025-02-19T09:38:29.774+0000] {processor.py:925} INFO - DAG(s) 'example_local_kubernetes_executor' retrieved from /home/airflow/.local/lib/python3.12/site-packages/airflow/example_dags/example_local_kubernetes_executor.py
[2025-02-19T09:38:29.816+0000] {logging_mixin.py:190} INFO - [2025-02-19T09:38:29.815+0000] {dag.py:3229} INFO - Sync 1 DAGs
[2025-02-19T09:38:29.829+0000] {logging_mixin.py:190} INFO - [2025-02-19T09:38:29.828+0000] {dag.py:4156} INFO - Setting next_dagrun for example_local_kubernetes_executor to None, run_after=None
[2025-02-19T09:38:30.016+0000] {processor.py:208} INFO - Processing /home/airflow/.local/lib/python3.12/site-packages/airflow/example_dags/example_local_kubernetes_executor.py took 0.258 seconds
[2025-02-19T09:39:00.403+0000] {processor.py:186} INFO - Started process (PID=168) to work on /home/airflow/.local/lib/python3.12/site-packages/airflow/example_dags/example_local_kubernetes_executor.py
[2025-02-19T09:39:00.404+0000] {processor.py:914} INFO - Processing file /home/airflow/.local/lib/python3.12/site-packages/airflow/example_dags/example_local_kubernetes_executor.py for tasks to queue
[2025-02-19T09:39:00.406+0000] {logging_mixin.py:190} INFO - [2025-02-19T09:39:00.406+0000] {dagbag.py:587} INFO - Filling up the DagBag from /home/airflow/.local/lib/python3.12/site-packages/airflow/example_dags/example_local_kubernetes_executor.py
[2025-02-19T09:39:00.414+0000] {processor.py:925} INFO - DAG(s) 'example_local_kubernetes_executor' retrieved from /home/airflow/.local/lib/python3.12/site-packages/airflow/example_dags/example_local_kubernetes_executor.py
[2025-02-19T09:39:00.441+0000] {logging_mixin.py:190} INFO - [2025-02-19T09:39:00.440+0000] {dag.py:3229} INFO - Sync 1 DAGs
[2025-02-19T09:39:00.454+0000] {logging_mixin.py:190} INFO - [2025-02-19T09:39:00.454+0000] {dag.py:4156} INFO - Setting next_dagrun for example_local_kubernetes_executor to None, run_after=None
[2025-02-19T09:39:00.471+0000] {processor.py:208} INFO - Processing /home/airflow/.local/lib/python3.12/site-packages/airflow/example_dags/example_local_kubernetes_executor.py took 0.073 seconds
[2025-02-19T09:39:30.765+0000] {processor.py:186} INFO - Started process (PID=232) to work on /home/airflow/.local/lib/python3.12/site-packages/airflow/example_dags/example_local_kubernetes_executor.py
[2025-02-19T09:39:30.766+0000] {processor.py:914} INFO - Processing file /home/airflow/.local/lib/python3.12/site-packages/airflow/example_dags/example_local_kubernetes_executor.py for tasks to queue
[2025-02-19T09:39:30.768+0000] {logging_mixin.py:190} INFO - [2025-02-19T09:39:30.768+0000] {dagbag.py:587} INFO - Filling up the DagBag from /home/airflow/.local/lib/python3.12/site-packages/airflow/example_dags/example_local_kubernetes_executor.py
[2025-02-19T09:39:30.776+0000] {processor.py:925} INFO - DAG(s) 'example_local_kubernetes_executor' retrieved from /home/airflow/.local/lib/python3.12/site-packages/airflow/example_dags/example_local_kubernetes_executor.py
[2025-02-19T09:39:30.806+0000] {logging_mixin.py:190} INFO - [2025-02-19T09:39:30.805+0000] {dag.py:3229} INFO - Sync 1 DAGs
[2025-02-19T09:39:30.819+0000] {logging_mixin.py:190} INFO - [2025-02-19T09:39:30.819+0000] {dag.py:4156} INFO - Setting next_dagrun for example_local_kubernetes_executor to None, run_after=None
[2025-02-19T09:39:30.836+0000] {processor.py:208} INFO - Processing /home/airflow/.local/lib/python3.12/site-packages/airflow/example_dags/example_local_kubernetes_executor.py took 0.075 seconds
[2025-02-19T09:40:01.052+0000] {processor.py:186} INFO - Started process (PID=296) to work on /home/airflow/.local/lib/python3.12/site-packages/airflow/example_dags/example_local_kubernetes_executor.py
[2025-02-19T09:40:01.053+0000] {processor.py:914} INFO - Processing file /home/airflow/.local/lib/python3.12/site-packages/airflow/example_dags/example_local_kubernetes_executor.py for tasks to queue
[2025-02-19T09:40:01.055+0000] {logging_mixin.py:190} INFO - [2025-02-19T09:40:01.055+0000] {dagbag.py:587} INFO - Filling up the DagBag from /home/airflow/.local/lib/python3.12/site-packages/airflow/example_dags/example_local_kubernetes_executor.py
[2025-02-19T09:40:01.062+0000] {processor.py:925} INFO - DAG(s) 'example_local_kubernetes_executor' retrieved from /home/airflow/.local/lib/python3.12/site-packages/airflow/example_dags/example_local_kubernetes_executor.py
[2025-02-19T09:40:01.088+0000] {logging_mixin.py:190} INFO - [2025-02-19T09:40:01.087+0000] {dag.py:3229} INFO - Sync 1 DAGs
[2025-02-19T09:40:01.099+0000] {logging_mixin.py:190} INFO - [2025-02-19T09:40:01.099+0000] {dag.py:4156} INFO - Setting next_dagrun for example_local_kubernetes_executor to None, run_after=None
[2025-02-19T09:40:01.115+0000] {processor.py:208} INFO - Processing /home/airflow/.local/lib/python3.12/site-packages/airflow/example_dags/example_local_kubernetes_executor.py took 0.067 seconds
[2025-02-19T09:40:32.160+0000] {processor.py:186} INFO - Started process (PID=360) to work on /home/airflow/.local/lib/python3.12/site-packages/airflow/example_dags/example_local_kubernetes_executor.py
[2025-02-19T09:40:32.161+0000] {processor.py:914} INFO - Processing file /home/airflow/.local/lib/python3.12/site-packages/airflow/example_dags/example_local_kubernetes_executor.py for tasks to queue
[2025-02-19T09:40:32.163+0000] {logging_mixin.py:190} INFO - [2025-02-19T09:40:32.163+0000] {dagbag.py:587} INFO - Filling up the DagBag from /home/airflow/.local/lib/python3.12/site-packages/airflow/example_dags/example_local_kubernetes_executor.py
[2025-02-19T09:40:32.172+0000] {processor.py:925} INFO - DAG(s) 'example_local_kubernetes_executor' retrieved from /home/airflow/.local/lib/python3.12/site-packages/airflow/example_dags/example_local_kubernetes_executor.py
[2025-02-19T09:40:32.201+0000] {logging_mixin.py:190} INFO - [2025-02-19T09:40:32.200+0000] {dag.py:3229} INFO - Sync 1 DAGs
[2025-02-19T09:40:32.213+0000] {logging_mixin.py:190} INFO - [2025-02-19T09:40:32.213+0000] {dag.py:4156} INFO - Setting next_dagrun for example_local_kubernetes_executor to None, run_after=None
[2025-02-19T09:40:32.233+0000] {processor.py:208} INFO - Processing /home/airflow/.local/lib/python3.12/site-packages/airflow/example_dags/example_local_kubernetes_executor.py took 0.078 seconds
[2025-02-19T09:41:02.447+0000] {processor.py:186} INFO - Started process (PID=424) to work on /home/airflow/.local/lib/python3.12/site-packages/airflow/example_dags/example_local_kubernetes_executor.py
[2025-02-19T09:41:02.448+0000] {processor.py:914} INFO - Processing file /home/airflow/.local/lib/python3.12/site-packages/airflow/example_dags/example_local_kubernetes_executor.py for tasks to queue
[2025-02-19T09:41:02.450+0000] {logging_mixin.py:190} INFO - [2025-02-19T09:41:02.450+0000] {dagbag.py:587} INFO - Filling up the DagBag from /home/airflow/.local/lib/python3.12/site-packages/airflow/example_dags/example_local_kubernetes_executor.py
[2025-02-19T09:41:02.457+0000] {processor.py:925} INFO - DAG(s) 'example_local_kubernetes_executor' retrieved from /home/airflow/.local/lib/python3.12/site-packages/airflow/example_dags/example_local_kubernetes_executor.py
[2025-02-19T09:41:02.485+0000] {logging_mixin.py:190} INFO - [2025-02-19T09:41:02.485+0000] {dag.py:3229} INFO - Sync 1 DAGs
[2025-02-19T09:41:02.496+0000] {logging_mixin.py:190} INFO - [2025-02-19T09:41:02.495+0000] {dag.py:4156} INFO - Setting next_dagrun for example_local_kubernetes_executor to None, run_after=None
[2025-02-19T09:41:02.512+0000] {processor.py:208} INFO - Processing /home/airflow/.local/lib/python3.12/site-packages/airflow/example_dags/example_local_kubernetes_executor.py took 0.069 seconds
[2025-02-19T09:41:32.814+0000] {processor.py:186} INFO - Started process (PID=488) to work on /home/airflow/.local/lib/python3.12/site-packages/airflow/example_dags/example_local_kubernetes_executor.py
[2025-02-19T09:41:32.816+0000] {processor.py:914} INFO - Processing file /home/airflow/.local/lib/python3.12/site-packages/airflow/example_dags/example_local_kubernetes_executor.py for tasks to queue
[2025-02-19T09:41:32.817+0000] {logging_mixin.py:190} INFO - [2025-02-19T09:41:32.817+0000] {dagbag.py:587} INFO - Filling up the DagBag from /home/airflow/.local/lib/python3.12/site-packages/airflow/example_dags/example_local_kubernetes_executor.py
[2025-02-19T09:41:32.824+0000] {processor.py:925} INFO - DAG(s) 'example_local_kubernetes_executor' retrieved from /home/airflow/.local/lib/python3.12/site-packages/airflow/example_dags/example_local_kubernetes_executor.py
[2025-02-19T09:41:32.850+0000] {logging_mixin.py:190} INFO - [2025-02-19T09:41:32.849+0000] {dag.py:3229} INFO - Sync 1 DAGs
[2025-02-19T09:41:32.861+0000] {logging_mixin.py:190} INFO - [2025-02-19T09:41:32.861+0000] {dag.py:4156} INFO - Setting next_dagrun for example_local_kubernetes_executor to None, run_after=None
[2025-02-19T09:41:32.876+0000] {processor.py:208} INFO - Processing /home/airflow/.local/lib/python3.12/site-packages/airflow/example_dags/example_local_kubernetes_executor.py took 0.066 seconds
[2025-02-19T09:42:03.938+0000] {processor.py:186} INFO - Started process (PID=552) to work on /home/airflow/.local/lib/python3.12/site-packages/airflow/example_dags/example_local_kubernetes_executor.py
[2025-02-19T09:42:03.939+0000] {processor.py:914} INFO - Processing file /home/airflow/.local/lib/python3.12/site-packages/airflow/example_dags/example_local_kubernetes_executor.py for tasks to queue
[2025-02-19T09:42:03.941+0000] {logging_mixin.py:190} INFO - [2025-02-19T09:42:03.940+0000] {dagbag.py:587} INFO - Filling up the DagBag from /home/airflow/.local/lib/python3.12/site-packages/airflow/example_dags/example_local_kubernetes_executor.py
[2025-02-19T09:42:03.947+0000] {processor.py:925} INFO - DAG(s) 'example_local_kubernetes_executor' retrieved from /home/airflow/.local/lib/python3.12/site-packages/airflow/example_dags/example_local_kubernetes_executor.py
[2025-02-19T09:42:03.974+0000] {logging_mixin.py:190} INFO - [2025-02-19T09:42:03.973+0000] {dag.py:3229} INFO - Sync 1 DAGs
[2025-02-19T09:42:03.985+0000] {logging_mixin.py:190} INFO - [2025-02-19T09:42:03.985+0000] {dag.py:4156} INFO - Setting next_dagrun for example_local_kubernetes_executor to None, run_after=None
[2025-02-19T09:42:03.999+0000] {processor.py:208} INFO - Processing /home/airflow/.local/lib/python3.12/site-packages/airflow/example_dags/example_local_kubernetes_executor.py took 0.066 seconds
[2025-02-19T09:42:34.198+0000] {processor.py:186} INFO - Started process (PID=616) to work on /home/airflow/.local/lib/python3.12/site-packages/airflow/example_dags/example_local_kubernetes_executor.py
[2025-02-19T09:42:34.199+0000] {processor.py:914} INFO - Processing file /home/airflow/.local/lib/python3.12/site-packages/airflow/example_dags/example_local_kubernetes_executor.py for tasks to queue
[2025-02-19T09:42:34.201+0000] {logging_mixin.py:190} INFO - [2025-02-19T09:42:34.201+0000] {dagbag.py:587} INFO - Filling up the DagBag from /home/airflow/.local/lib/python3.12/site-packages/airflow/example_dags/example_local_kubernetes_executor.py
[2025-02-19T09:42:34.209+0000] {processor.py:925} INFO - DAG(s) 'example_local_kubernetes_executor' retrieved from /home/airflow/.local/lib/python3.12/site-packages/airflow/example_dags/example_local_kubernetes_executor.py
[2025-02-19T09:42:34.237+0000] {logging_mixin.py:190} INFO - [2025-02-19T09:42:34.236+0000] {dag.py:3229} INFO - Sync 1 DAGs
[2025-02-19T09:42:34.248+0000] {logging_mixin.py:190} INFO - [2025-02-19T09:42:34.248+0000] {dag.py:4156} INFO - Setting next_dagrun for example_local_kubernetes_executor to None, run_after=None
[2025-02-19T09:42:34.261+0000] {processor.py:208} INFO - Processing /home/airflow/.local/lib/python3.12/site-packages/airflow/example_dags/example_local_kubernetes_executor.py took 0.068 seconds
[2025-02-19T09:43:05.283+0000] {processor.py:186} INFO - Started process (PID=680) to work on /home/airflow/.local/lib/python3.12/site-packages/airflow/example_dags/example_local_kubernetes_executor.py
[2025-02-19T09:43:05.284+0000] {processor.py:914} INFO - Processing file /home/airflow/.local/lib/python3.12/site-packages/airflow/example_dags/example_local_kubernetes_executor.py for tasks to queue
[2025-02-19T09:43:05.285+0000] {logging_mixin.py:190} INFO - [2025-02-19T09:43:05.285+0000] {dagbag.py:587} INFO - Filling up the DagBag from /home/airflow/.local/lib/python3.12/site-packages/airflow/example_dags/example_local_kubernetes_executor.py
[2025-02-19T09:43:05.293+0000] {processor.py:925} INFO - DAG(s) 'example_local_kubernetes_executor' retrieved from /home/airflow/.local/lib/python3.12/site-packages/airflow/example_dags/example_local_kubernetes_executor.py
[2025-02-19T09:43:05.321+0000] {logging_mixin.py:190} INFO - [2025-02-19T09:43:05.321+0000] {dag.py:3229} INFO - Sync 1 DAGs
[2025-02-19T09:43:05.334+0000] {logging_mixin.py:190} INFO - [2025-02-19T09:43:05.333+0000] {dag.py:4156} INFO - Setting next_dagrun for example_local_kubernetes_executor to None, run_after=None
[2025-02-19T09:43:05.351+0000] {processor.py:208} INFO - Processing /home/airflow/.local/lib/python3.12/site-packages/airflow/example_dags/example_local_kubernetes_executor.py took 0.073 seconds
[2025-02-19T09:43:35.609+0000] {processor.py:186} INFO - Started process (PID=744) to work on /home/airflow/.local/lib/python3.12/site-packages/airflow/example_dags/example_local_kubernetes_executor.py
[2025-02-19T09:43:35.610+0000] {processor.py:914} INFO - Processing file /home/airflow/.local/lib/python3.12/site-packages/airflow/example_dags/example_local_kubernetes_executor.py for tasks to queue
[2025-02-19T09:43:35.612+0000] {logging_mixin.py:190} INFO - [2025-02-19T09:43:35.611+0000] {dagbag.py:587} INFO - Filling up the DagBag from /home/airflow/.local/lib/python3.12/site-packages/airflow/example_dags/example_local_kubernetes_executor.py
[2025-02-19T09:43:35.619+0000] {processor.py:925} INFO - DAG(s) 'example_local_kubernetes_executor' retrieved from /home/airflow/.local/lib/python3.12/site-packages/airflow/example_dags/example_local_kubernetes_executor.py
[2025-02-19T09:43:35.647+0000] {logging_mixin.py:190} INFO - [2025-02-19T09:43:35.647+0000] {dag.py:3229} INFO - Sync 1 DAGs
[2025-02-19T09:43:35.658+0000] {logging_mixin.py:190} INFO - [2025-02-19T09:43:35.658+0000] {dag.py:4156} INFO - Setting next_dagrun for example_local_kubernetes_executor to None, run_after=None
[2025-02-19T09:43:35.674+0000] {processor.py:208} INFO - Processing /home/airflow/.local/lib/python3.12/site-packages/airflow/example_dags/example_local_kubernetes_executor.py took 0.070 seconds
[2025-02-19T09:44:05.891+0000] {processor.py:186} INFO - Started process (PID=808) to work on /home/airflow/.local/lib/python3.12/site-packages/airflow/example_dags/example_local_kubernetes_executor.py
[2025-02-19T09:44:05.892+0000] {processor.py:914} INFO - Processing file /home/airflow/.local/lib/python3.12/site-packages/airflow/example_dags/example_local_kubernetes_executor.py for tasks to queue
[2025-02-19T09:44:05.894+0000] {logging_mixin.py:190} INFO - [2025-02-19T09:44:05.893+0000] {dagbag.py:587} INFO - Filling up the DagBag from /home/airflow/.local/lib/python3.12/site-packages/airflow/example_dags/example_local_kubernetes_executor.py
[2025-02-19T09:44:05.900+0000] {processor.py:925} INFO - DAG(s) 'example_local_kubernetes_executor' retrieved from /home/airflow/.local/lib/python3.12/site-packages/airflow/example_dags/example_local_kubernetes_executor.py
[2025-02-19T09:44:05.928+0000] {logging_mixin.py:190} INFO - [2025-02-19T09:44:05.927+0000] {dag.py:3229} INFO - Sync 1 DAGs
[2025-02-19T09:44:05.939+0000] {logging_mixin.py:190} INFO - [2025-02-19T09:44:05.939+0000] {dag.py:4156} INFO - Setting next_dagrun for example_local_kubernetes_executor to None, run_after=None
[2025-02-19T09:44:05.954+0000] {processor.py:208} INFO - Processing /home/airflow/.local/lib/python3.12/site-packages/airflow/example_dags/example_local_kubernetes_executor.py took 0.067 seconds
[2025-02-19T09:44:36.900+0000] {processor.py:186} INFO - Started process (PID=872) to work on /home/airflow/.local/lib/python3.12/site-packages/airflow/example_dags/example_local_kubernetes_executor.py
[2025-02-19T09:44:36.901+0000] {processor.py:914} INFO - Processing file /home/airflow/.local/lib/python3.12/site-packages/airflow/example_dags/example_local_kubernetes_executor.py for tasks to queue
[2025-02-19T09:44:36.903+0000] {logging_mixin.py:190} INFO - [2025-02-19T09:44:36.903+0000] {dagbag.py:587} INFO - Filling up the DagBag from /home/airflow/.local/lib/python3.12/site-packages/airflow/example_dags/example_local_kubernetes_executor.py
[2025-02-19T09:44:36.912+0000] {processor.py:925} INFO - DAG(s) 'example_local_kubernetes_executor' retrieved from /home/airflow/.local/lib/python3.12/site-packages/airflow/example_dags/example_local_kubernetes_executor.py
[2025-02-19T09:44:36.939+0000] {logging_mixin.py:190} INFO - [2025-02-19T09:44:36.938+0000] {dag.py:3229} INFO - Sync 1 DAGs
[2025-02-19T09:44:36.952+0000] {logging_mixin.py:190} INFO - [2025-02-19T09:44:36.951+0000] {dag.py:4156} INFO - Setting next_dagrun for example_local_kubernetes_executor to None, run_after=None
[2025-02-19T09:44:36.969+0000] {processor.py:208} INFO - Processing /home/airflow/.local/lib/python3.12/site-packages/airflow/example_dags/example_local_kubernetes_executor.py took 0.073 seconds
[2025-02-19T09:45:07.259+0000] {processor.py:186} INFO - Started process (PID=936) to work on /home/airflow/.local/lib/python3.12/site-packages/airflow/example_dags/example_local_kubernetes_executor.py
[2025-02-19T09:45:07.260+0000] {processor.py:914} INFO - Processing file /home/airflow/.local/lib/python3.12/site-packages/airflow/example_dags/example_local_kubernetes_executor.py for tasks to queue
[2025-02-19T09:45:07.262+0000] {logging_mixin.py:190} INFO - [2025-02-19T09:45:07.262+0000] {dagbag.py:587} INFO - Filling up the DagBag from /home/airflow/.local/lib/python3.12/site-packages/airflow/example_dags/example_local_kubernetes_executor.py
[2025-02-19T09:45:07.270+0000] {processor.py:925} INFO - DAG(s) 'example_local_kubernetes_executor' retrieved from /home/airflow/.local/lib/python3.12/site-packages/airflow/example_dags/example_local_kubernetes_executor.py
[2025-02-19T09:45:07.298+0000] {logging_mixin.py:190} INFO - [2025-02-19T09:45:07.297+0000] {dag.py:3229} INFO - Sync 1 DAGs
[2025-02-19T09:45:07.311+0000] {logging_mixin.py:190} INFO - [2025-02-19T09:45:07.310+0000] {dag.py:4156} INFO - Setting next_dagrun for example_local_kubernetes_executor to None, run_after=None
[2025-02-19T09:45:07.328+0000] {processor.py:208} INFO - Processing /home/airflow/.local/lib/python3.12/site-packages/airflow/example_dags/example_local_kubernetes_executor.py took 0.073 seconds
[2025-02-19T09:45:38.401+0000] {processor.py:186} INFO - Started process (PID=1000) to work on /home/airflow/.local/lib/python3.12/site-packages/airflow/example_dags/example_local_kubernetes_executor.py
[2025-02-19T09:45:38.402+0000] {processor.py:914} INFO - Processing file /home/airflow/.local/lib/python3.12/site-packages/airflow/example_dags/example_local_kubernetes_executor.py for tasks to queue
[2025-02-19T09:45:38.404+0000] {logging_mixin.py:190} INFO - [2025-02-19T09:45:38.404+0000] {dagbag.py:587} INFO - Filling up the DagBag from /home/airflow/.local/lib/python3.12/site-packages/airflow/example_dags/example_local_kubernetes_executor.py
[2025-02-19T09:45:38.412+0000] {processor.py:925} INFO - DAG(s) 'example_local_kubernetes_executor' retrieved from /home/airflow/.local/lib/python3.12/site-packages/airflow/example_dags/example_local_kubernetes_executor.py
[2025-02-19T09:45:38.440+0000] {logging_mixin.py:190} INFO - [2025-02-19T09:45:38.440+0000] {dag.py:3229} INFO - Sync 1 DAGs
[2025-02-19T09:45:38.453+0000] {logging_mixin.py:190} INFO - [2025-02-19T09:45:38.453+0000] {dag.py:4156} INFO - Setting next_dagrun for example_local_kubernetes_executor to None, run_after=None
[2025-02-19T09:45:38.471+0000] {processor.py:208} INFO - Processing /home/airflow/.local/lib/python3.12/site-packages/airflow/example_dags/example_local_kubernetes_executor.py took 0.075 seconds
[2025-02-19T09:46:09.487+0000] {processor.py:186} INFO - Started process (PID=1064) to work on /home/airflow/.local/lib/python3.12/site-packages/airflow/example_dags/example_local_kubernetes_executor.py
[2025-02-19T09:46:09.488+0000] {processor.py:914} INFO - Processing file /home/airflow/.local/lib/python3.12/site-packages/airflow/example_dags/example_local_kubernetes_executor.py for tasks to queue
[2025-02-19T09:46:09.489+0000] {logging_mixin.py:190} INFO - [2025-02-19T09:46:09.489+0000] {dagbag.py:587} INFO - Filling up the DagBag from /home/airflow/.local/lib/python3.12/site-packages/airflow/example_dags/example_local_kubernetes_executor.py
[2025-02-19T09:46:09.496+0000] {processor.py:925} INFO - DAG(s) 'example_local_kubernetes_executor' retrieved from /home/airflow/.local/lib/python3.12/site-packages/airflow/example_dags/example_local_kubernetes_executor.py
[2025-02-19T09:46:09.522+0000] {logging_mixin.py:190} INFO - [2025-02-19T09:46:09.521+0000] {dag.py:3229} INFO - Sync 1 DAGs
[2025-02-19T09:46:09.533+0000] {logging_mixin.py:190} INFO - [2025-02-19T09:46:09.532+0000] {dag.py:4156} INFO - Setting next_dagrun for example_local_kubernetes_executor to None, run_after=None
[2025-02-19T09:46:09.547+0000] {processor.py:208} INFO - Processing /home/airflow/.local/lib/python3.12/site-packages/airflow/example_dags/example_local_kubernetes_executor.py took 0.064 seconds
[2025-02-19T09:46:40.427+0000] {processor.py:186} INFO - Started process (PID=1128) to work on /home/airflow/.local/lib/python3.12/site-packages/airflow/example_dags/example_local_kubernetes_executor.py
[2025-02-19T09:46:40.428+0000] {processor.py:914} INFO - Processing file /home/airflow/.local/lib/python3.12/site-packages/airflow/example_dags/example_local_kubernetes_executor.py for tasks to queue
[2025-02-19T09:46:40.430+0000] {logging_mixin.py:190} INFO - [2025-02-19T09:46:40.429+0000] {dagbag.py:587} INFO - Filling up the DagBag from /home/airflow/.local/lib/python3.12/site-packages/airflow/example_dags/example_local_kubernetes_executor.py
[2025-02-19T09:46:40.437+0000] {processor.py:925} INFO - DAG(s) 'example_local_kubernetes_executor' retrieved from /home/airflow/.local/lib/python3.12/site-packages/airflow/example_dags/example_local_kubernetes_executor.py
[2025-02-19T09:46:40.464+0000] {logging_mixin.py:190} INFO - [2025-02-19T09:46:40.463+0000] {dag.py:3229} INFO - Sync 1 DAGs
[2025-02-19T09:46:40.475+0000] {logging_mixin.py:190} INFO - [2025-02-19T09:46:40.474+0000] {dag.py:4156} INFO - Setting next_dagrun for example_local_kubernetes_executor to None, run_after=None
[2025-02-19T09:46:40.489+0000] {processor.py:208} INFO - Processing /home/airflow/.local/lib/python3.12/site-packages/airflow/example_dags/example_local_kubernetes_executor.py took 0.067 seconds
[2025-02-19T09:47:11.461+0000] {processor.py:186} INFO - Started process (PID=1192) to work on /home/airflow/.local/lib/python3.12/site-packages/airflow/example_dags/example_local_kubernetes_executor.py
[2025-02-19T09:47:11.462+0000] {processor.py:914} INFO - Processing file /home/airflow/.local/lib/python3.12/site-packages/airflow/example_dags/example_local_kubernetes_executor.py for tasks to queue
[2025-02-19T09:47:11.464+0000] {logging_mixin.py:190} INFO - [2025-02-19T09:47:11.464+0000] {dagbag.py:587} INFO - Filling up the DagBag from /home/airflow/.local/lib/python3.12/site-packages/airflow/example_dags/example_local_kubernetes_executor.py
[2025-02-19T09:47:11.472+0000] {processor.py:925} INFO - DAG(s) 'example_local_kubernetes_executor' retrieved from /home/airflow/.local/lib/python3.12/site-packages/airflow/example_dags/example_local_kubernetes_executor.py
[2025-02-19T09:47:11.501+0000] {logging_mixin.py:190} INFO - [2025-02-19T09:47:11.500+0000] {dag.py:3229} INFO - Sync 1 DAGs
[2025-02-19T09:47:11.512+0000] {logging_mixin.py:190} INFO - [2025-02-19T09:47:11.512+0000] {dag.py:4156} INFO - Setting next_dagrun for example_local_kubernetes_executor to None, run_after=None
[2025-02-19T09:47:11.528+0000] {processor.py:208} INFO - Processing /home/airflow/.local/lib/python3.12/site-packages/airflow/example_dags/example_local_kubernetes_executor.py took 0.071 seconds
[2025-02-19T09:47:41.846+0000] {processor.py:186} INFO - Started process (PID=1256) to work on /home/airflow/.local/lib/python3.12/site-packages/airflow/example_dags/example_local_kubernetes_executor.py
[2025-02-19T09:47:41.847+0000] {processor.py:914} INFO - Processing file /home/airflow/.local/lib/python3.12/site-packages/airflow/example_dags/example_local_kubernetes_executor.py for tasks to queue
[2025-02-19T09:47:41.849+0000] {logging_mixin.py:190} INFO - [2025-02-19T09:47:41.849+0000] {dagbag.py:587} INFO - Filling up the DagBag from /home/airflow/.local/lib/python3.12/site-packages/airflow/example_dags/example_local_kubernetes_executor.py
[2025-02-19T09:47:41.858+0000] {processor.py:925} INFO - DAG(s) 'example_local_kubernetes_executor' retrieved from /home/airflow/.local/lib/python3.12/site-packages/airflow/example_dags/example_local_kubernetes_executor.py
[2025-02-19T09:47:41.887+0000] {logging_mixin.py:190} INFO - [2025-02-19T09:47:41.886+0000] {dag.py:3229} INFO - Sync 1 DAGs
[2025-02-19T09:47:41.899+0000] {logging_mixin.py:190} INFO - [2025-02-19T09:47:41.899+0000] {dag.py:4156} INFO - Setting next_dagrun for example_local_kubernetes_executor to None, run_after=None
[2025-02-19T09:47:41.919+0000] {processor.py:208} INFO - Processing /home/airflow/.local/lib/python3.12/site-packages/airflow/example_dags/example_local_kubernetes_executor.py took 0.077 seconds
[2025-02-19T09:48:12.212+0000] {processor.py:186} INFO - Started process (PID=1321) to work on /home/airflow/.local/lib/python3.12/site-packages/airflow/example_dags/example_local_kubernetes_executor.py
[2025-02-19T09:48:12.213+0000] {processor.py:914} INFO - Processing file /home/airflow/.local/lib/python3.12/site-packages/airflow/example_dags/example_local_kubernetes_executor.py for tasks to queue
[2025-02-19T09:48:12.215+0000] {logging_mixin.py:190} INFO - [2025-02-19T09:48:12.214+0000] {dagbag.py:587} INFO - Filling up the DagBag from /home/airflow/.local/lib/python3.12/site-packages/airflow/example_dags/example_local_kubernetes_executor.py
[2025-02-19T09:48:12.222+0000] {processor.py:925} INFO - DAG(s) 'example_local_kubernetes_executor' retrieved from /home/airflow/.local/lib/python3.12/site-packages/airflow/example_dags/example_local_kubernetes_executor.py
[2025-02-19T09:48:12.248+0000] {logging_mixin.py:190} INFO - [2025-02-19T09:48:12.248+0000] {dag.py:3229} INFO - Sync 1 DAGs
[2025-02-19T09:48:12.259+0000] {logging_mixin.py:190} INFO - [2025-02-19T09:48:12.259+0000] {dag.py:4156} INFO - Setting next_dagrun for example_local_kubernetes_executor to None, run_after=None
[2025-02-19T09:48:12.274+0000] {processor.py:208} INFO - Processing /home/airflow/.local/lib/python3.12/site-packages/airflow/example_dags/example_local_kubernetes_executor.py took 0.066 seconds
[2025-02-19T09:48:43.333+0000] {processor.py:186} INFO - Started process (PID=1385) to work on /home/airflow/.local/lib/python3.12/site-packages/airflow/example_dags/example_local_kubernetes_executor.py
[2025-02-19T09:48:43.334+0000] {processor.py:914} INFO - Processing file /home/airflow/.local/lib/python3.12/site-packages/airflow/example_dags/example_local_kubernetes_executor.py for tasks to queue
[2025-02-19T09:48:43.335+0000] {logging_mixin.py:190} INFO - [2025-02-19T09:48:43.335+0000] {dagbag.py:587} INFO - Filling up the DagBag from /home/airflow/.local/lib/python3.12/site-packages/airflow/example_dags/example_local_kubernetes_executor.py
[2025-02-19T09:48:43.343+0000] {processor.py:925} INFO - DAG(s) 'example_local_kubernetes_executor' retrieved from /home/airflow/.local/lib/python3.12/site-packages/airflow/example_dags/example_local_kubernetes_executor.py
[2025-02-19T09:48:43.368+0000] {logging_mixin.py:190} INFO - [2025-02-19T09:48:43.368+0000] {dag.py:3229} INFO - Sync 1 DAGs
[2025-02-19T09:48:43.379+0000] {logging_mixin.py:190} INFO - [2025-02-19T09:48:43.379+0000] {dag.py:4156} INFO - Setting next_dagrun for example_local_kubernetes_executor to None, run_after=None
[2025-02-19T09:48:43.394+0000] {processor.py:208} INFO - Processing /home/airflow/.local/lib/python3.12/site-packages/airflow/example_dags/example_local_kubernetes_executor.py took 0.065 seconds
[2025-02-19T09:49:14.241+0000] {processor.py:186} INFO - Started process (PID=1449) to work on /home/airflow/.local/lib/python3.12/site-packages/airflow/example_dags/example_local_kubernetes_executor.py
[2025-02-19T09:49:14.242+0000] {processor.py:914} INFO - Processing file /home/airflow/.local/lib/python3.12/site-packages/airflow/example_dags/example_local_kubernetes_executor.py for tasks to queue
[2025-02-19T09:49:14.244+0000] {logging_mixin.py:190} INFO - [2025-02-19T09:49:14.244+0000] {dagbag.py:587} INFO - Filling up the DagBag from /home/airflow/.local/lib/python3.12/site-packages/airflow/example_dags/example_local_kubernetes_executor.py
[2025-02-19T09:49:14.252+0000] {processor.py:925} INFO - DAG(s) 'example_local_kubernetes_executor' retrieved from /home/airflow/.local/lib/python3.12/site-packages/airflow/example_dags/example_local_kubernetes_executor.py
[2025-02-19T09:49:14.281+0000] {logging_mixin.py:190} INFO - [2025-02-19T09:49:14.279+0000] {dag.py:3229} INFO - Sync 1 DAGs
[2025-02-19T09:49:14.292+0000] {logging_mixin.py:190} INFO - [2025-02-19T09:49:14.291+0000] {dag.py:4156} INFO - Setting next_dagrun for example_local_kubernetes_executor to None, run_after=None
[2025-02-19T09:49:14.306+0000] {processor.py:208} INFO - Processing /home/airflow/.local/lib/python3.12/site-packages/airflow/example_dags/example_local_kubernetes_executor.py took 0.069 seconds
[2025-02-19T09:49:45.194+0000] {processor.py:186} INFO - Started process (PID=1513) to work on /home/airflow/.local/lib/python3.12/site-packages/airflow/example_dags/example_local_kubernetes_executor.py
[2025-02-19T09:49:45.195+0000] {processor.py:914} INFO - Processing file /home/airflow/.local/lib/python3.12/site-packages/airflow/example_dags/example_local_kubernetes_executor.py for tasks to queue
[2025-02-19T09:49:45.197+0000] {logging_mixin.py:190} INFO - [2025-02-19T09:49:45.197+0000] {dagbag.py:587} INFO - Filling up the DagBag from /home/airflow/.local/lib/python3.12/site-packages/airflow/example_dags/example_local_kubernetes_executor.py
[2025-02-19T09:49:45.204+0000] {processor.py:925} INFO - DAG(s) 'example_local_kubernetes_executor' retrieved from /home/airflow/.local/lib/python3.12/site-packages/airflow/example_dags/example_local_kubernetes_executor.py
[2025-02-19T09:49:45.233+0000] {logging_mixin.py:190} INFO - [2025-02-19T09:49:45.232+0000] {dag.py:3229} INFO - Sync 1 DAGs
[2025-02-19T09:49:45.245+0000] {logging_mixin.py:190} INFO - [2025-02-19T09:49:45.245+0000] {dag.py:4156} INFO - Setting next_dagrun for example_local_kubernetes_executor to None, run_after=None
[2025-02-19T09:49:45.263+0000] {processor.py:208} INFO - Processing /home/airflow/.local/lib/python3.12/site-packages/airflow/example_dags/example_local_kubernetes_executor.py took 0.073 seconds
[2025-02-19T09:50:15.539+0000] {processor.py:186} INFO - Started process (PID=1577) to work on /home/airflow/.local/lib/python3.12/site-packages/airflow/example_dags/example_local_kubernetes_executor.py
[2025-02-19T09:50:15.540+0000] {processor.py:914} INFO - Processing file /home/airflow/.local/lib/python3.12/site-packages/airflow/example_dags/example_local_kubernetes_executor.py for tasks to queue
[2025-02-19T09:50:15.542+0000] {logging_mixin.py:190} INFO - [2025-02-19T09:50:15.542+0000] {dagbag.py:587} INFO - Filling up the DagBag from /home/airflow/.local/lib/python3.12/site-packages/airflow/example_dags/example_local_kubernetes_executor.py
[2025-02-19T09:50:15.550+0000] {processor.py:925} INFO - DAG(s) 'example_local_kubernetes_executor' retrieved from /home/airflow/.local/lib/python3.12/site-packages/airflow/example_dags/example_local_kubernetes_executor.py
[2025-02-19T09:50:15.579+0000] {logging_mixin.py:190} INFO - [2025-02-19T09:50:15.579+0000] {dag.py:3229} INFO - Sync 1 DAGs
[2025-02-19T09:50:15.593+0000] {logging_mixin.py:190} INFO - [2025-02-19T09:50:15.592+0000] {dag.py:4156} INFO - Setting next_dagrun for example_local_kubernetes_executor to None, run_after=None
[2025-02-19T09:50:15.610+0000] {processor.py:208} INFO - Processing /home/airflow/.local/lib/python3.12/site-packages/airflow/example_dags/example_local_kubernetes_executor.py took 0.076 seconds
[2025-02-19T09:50:46.000+0000] {processor.py:186} INFO - Started process (PID=1641) to work on /home/airflow/.local/lib/python3.12/site-packages/airflow/example_dags/example_local_kubernetes_executor.py
[2025-02-19T09:50:46.001+0000] {processor.py:914} INFO - Processing file /home/airflow/.local/lib/python3.12/site-packages/airflow/example_dags/example_local_kubernetes_executor.py for tasks to queue
[2025-02-19T09:50:46.003+0000] {logging_mixin.py:190} INFO - [2025-02-19T09:50:46.003+0000] {dagbag.py:587} INFO - Filling up the DagBag from /home/airflow/.local/lib/python3.12/site-packages/airflow/example_dags/example_local_kubernetes_executor.py
[2025-02-19T09:50:46.012+0000] {processor.py:925} INFO - DAG(s) 'example_local_kubernetes_executor' retrieved from /home/airflow/.local/lib/python3.12/site-packages/airflow/example_dags/example_local_kubernetes_executor.py
[2025-02-19T09:50:46.043+0000] {logging_mixin.py:190} INFO - [2025-02-19T09:50:46.042+0000] {dag.py:3229} INFO - Sync 1 DAGs
[2025-02-19T09:50:46.055+0000] {logging_mixin.py:190} INFO - [2025-02-19T09:50:46.055+0000] {dag.py:4156} INFO - Setting next_dagrun for example_local_kubernetes_executor to None, run_after=None
[2025-02-19T09:50:46.077+0000] {processor.py:208} INFO - Processing /home/airflow/.local/lib/python3.12/site-packages/airflow/example_dags/example_local_kubernetes_executor.py took 0.081 seconds
[2025-02-19T09:51:16.158+0000] {processor.py:186} INFO - Started process (PID=1705) to work on /home/airflow/.local/lib/python3.12/site-packages/airflow/example_dags/example_local_kubernetes_executor.py
[2025-02-19T09:51:16.159+0000] {processor.py:914} INFO - Processing file /home/airflow/.local/lib/python3.12/site-packages/airflow/example_dags/example_local_kubernetes_executor.py for tasks to queue
[2025-02-19T09:51:16.161+0000] {logging_mixin.py:190} INFO - [2025-02-19T09:51:16.160+0000] {dagbag.py:587} INFO - Filling up the DagBag from /home/airflow/.local/lib/python3.12/site-packages/airflow/example_dags/example_local_kubernetes_executor.py
[2025-02-19T09:51:16.168+0000] {processor.py:925} INFO - DAG(s) 'example_local_kubernetes_executor' retrieved from /home/airflow/.local/lib/python3.12/site-packages/airflow/example_dags/example_local_kubernetes_executor.py
[2025-02-19T09:51:16.194+0000] {logging_mixin.py:190} INFO - [2025-02-19T09:51:16.194+0000] {dag.py:3229} INFO - Sync 1 DAGs
[2025-02-19T09:51:16.205+0000] {logging_mixin.py:190} INFO - [2025-02-19T09:51:16.205+0000] {dag.py:4156} INFO - Setting next_dagrun for example_local_kubernetes_executor to None, run_after=None
[2025-02-19T09:51:16.219+0000] {processor.py:208} INFO - Processing /home/airflow/.local/lib/python3.12/site-packages/airflow/example_dags/example_local_kubernetes_executor.py took 0.066 seconds
[2025-02-19T09:51:46.452+0000] {processor.py:186} INFO - Started process (PID=1768) to work on /home/airflow/.local/lib/python3.12/site-packages/airflow/example_dags/example_local_kubernetes_executor.py
[2025-02-19T09:51:46.453+0000] {processor.py:914} INFO - Processing file /home/airflow/.local/lib/python3.12/site-packages/airflow/example_dags/example_local_kubernetes_executor.py for tasks to queue
[2025-02-19T09:51:46.454+0000] {logging_mixin.py:190} INFO - [2025-02-19T09:51:46.454+0000] {dagbag.py:587} INFO - Filling up the DagBag from /home/airflow/.local/lib/python3.12/site-packages/airflow/example_dags/example_local_kubernetes_executor.py
[2025-02-19T09:51:46.462+0000] {processor.py:925} INFO - DAG(s) 'example_local_kubernetes_executor' retrieved from /home/airflow/.local/lib/python3.12/site-packages/airflow/example_dags/example_local_kubernetes_executor.py
[2025-02-19T09:51:46.489+0000] {logging_mixin.py:190} INFO - [2025-02-19T09:51:46.488+0000] {dag.py:3229} INFO - Sync 1 DAGs
[2025-02-19T09:51:46.500+0000] {logging_mixin.py:190} INFO - [2025-02-19T09:51:46.500+0000] {dag.py:4156} INFO - Setting next_dagrun for example_local_kubernetes_executor to None, run_after=None
[2025-02-19T09:51:46.512+0000] {processor.py:208} INFO - Processing /home/airflow/.local/lib/python3.12/site-packages/airflow/example_dags/example_local_kubernetes_executor.py took 0.064 seconds
[2025-02-19T09:52:16.861+0000] {processor.py:186} INFO - Started process (PID=1832) to work on /home/airflow/.local/lib/python3.12/site-packages/airflow/example_dags/example_local_kubernetes_executor.py
[2025-02-19T09:52:16.862+0000] {processor.py:914} INFO - Processing file /home/airflow/.local/lib/python3.12/site-packages/airflow/example_dags/example_local_kubernetes_executor.py for tasks to queue
[2025-02-19T09:52:16.863+0000] {logging_mixin.py:190} INFO - [2025-02-19T09:52:16.863+0000] {dagbag.py:587} INFO - Filling up the DagBag from /home/airflow/.local/lib/python3.12/site-packages/airflow/example_dags/example_local_kubernetes_executor.py
[2025-02-19T09:52:16.871+0000] {processor.py:925} INFO - DAG(s) 'example_local_kubernetes_executor' retrieved from /home/airflow/.local/lib/python3.12/site-packages/airflow/example_dags/example_local_kubernetes_executor.py
[2025-02-19T09:52:16.899+0000] {logging_mixin.py:190} INFO - [2025-02-19T09:52:16.898+0000] {dag.py:3229} INFO - Sync 1 DAGs
[2025-02-19T09:52:16.910+0000] {logging_mixin.py:190} INFO - [2025-02-19T09:52:16.910+0000] {dag.py:4156} INFO - Setting next_dagrun for example_local_kubernetes_executor to None, run_after=None
[2025-02-19T09:52:16.922+0000] {processor.py:208} INFO - Processing /home/airflow/.local/lib/python3.12/site-packages/airflow/example_dags/example_local_kubernetes_executor.py took 0.066 seconds
[2025-02-19T09:52:47.132+0000] {processor.py:186} INFO - Started process (PID=1896) to work on /home/airflow/.local/lib/python3.12/site-packages/airflow/example_dags/example_local_kubernetes_executor.py
[2025-02-19T09:52:47.133+0000] {processor.py:914} INFO - Processing file /home/airflow/.local/lib/python3.12/site-packages/airflow/example_dags/example_local_kubernetes_executor.py for tasks to queue
[2025-02-19T09:52:47.135+0000] {logging_mixin.py:190} INFO - [2025-02-19T09:52:47.134+0000] {dagbag.py:587} INFO - Filling up the DagBag from /home/airflow/.local/lib/python3.12/site-packages/airflow/example_dags/example_local_kubernetes_executor.py
[2025-02-19T09:52:47.142+0000] {processor.py:925} INFO - DAG(s) 'example_local_kubernetes_executor' retrieved from /home/airflow/.local/lib/python3.12/site-packages/airflow/example_dags/example_local_kubernetes_executor.py
[2025-02-19T09:52:47.172+0000] {logging_mixin.py:190} INFO - [2025-02-19T09:52:47.171+0000] {dag.py:3229} INFO - Sync 1 DAGs
[2025-02-19T09:52:47.184+0000] {logging_mixin.py:190} INFO - [2025-02-19T09:52:47.184+0000] {dag.py:4156} INFO - Setting next_dagrun for example_local_kubernetes_executor to None, run_after=None
[2025-02-19T09:52:47.202+0000] {processor.py:208} INFO - Processing /home/airflow/.local/lib/python3.12/site-packages/airflow/example_dags/example_local_kubernetes_executor.py took 0.074 seconds
[2025-02-19T09:53:17.282+0000] {processor.py:186} INFO - Started process (PID=1960) to work on /home/airflow/.local/lib/python3.12/site-packages/airflow/example_dags/example_local_kubernetes_executor.py
[2025-02-19T09:53:17.283+0000] {processor.py:914} INFO - Processing file /home/airflow/.local/lib/python3.12/site-packages/airflow/example_dags/example_local_kubernetes_executor.py for tasks to queue
[2025-02-19T09:53:17.285+0000] {logging_mixin.py:190} INFO - [2025-02-19T09:53:17.285+0000] {dagbag.py:587} INFO - Filling up the DagBag from /home/airflow/.local/lib/python3.12/site-packages/airflow/example_dags/example_local_kubernetes_executor.py
[2025-02-19T09:53:17.293+0000] {processor.py:925} INFO - DAG(s) 'example_local_kubernetes_executor' retrieved from /home/airflow/.local/lib/python3.12/site-packages/airflow/example_dags/example_local_kubernetes_executor.py
[2025-02-19T09:53:17.324+0000] {logging_mixin.py:190} INFO - [2025-02-19T09:53:17.323+0000] {dag.py:3229} INFO - Sync 1 DAGs
[2025-02-19T09:53:17.337+0000] {logging_mixin.py:190} INFO - [2025-02-19T09:53:17.336+0000] {dag.py:4156} INFO - Setting next_dagrun for example_local_kubernetes_executor to None, run_after=None
[2025-02-19T09:53:17.354+0000] {processor.py:208} INFO - Processing /home/airflow/.local/lib/python3.12/site-packages/airflow/example_dags/example_local_kubernetes_executor.py took 0.077 seconds
[2025-02-19T09:53:47.649+0000] {processor.py:186} INFO - Started process (PID=2023) to work on /home/airflow/.local/lib/python3.12/site-packages/airflow/example_dags/example_local_kubernetes_executor.py
[2025-02-19T09:53:47.651+0000] {processor.py:914} INFO - Processing file /home/airflow/.local/lib/python3.12/site-packages/airflow/example_dags/example_local_kubernetes_executor.py for tasks to queue
[2025-02-19T09:53:47.653+0000] {logging_mixin.py:190} INFO - [2025-02-19T09:53:47.652+0000] {dagbag.py:587} INFO - Filling up the DagBag from /home/airflow/.local/lib/python3.12/site-packages/airflow/example_dags/example_local_kubernetes_executor.py
[2025-02-19T09:53:47.660+0000] {processor.py:925} INFO - DAG(s) 'example_local_kubernetes_executor' retrieved from /home/airflow/.local/lib/python3.12/site-packages/airflow/example_dags/example_local_kubernetes_executor.py
[2025-02-19T09:53:47.687+0000] {logging_mixin.py:190} INFO - [2025-02-19T09:53:47.686+0000] {dag.py:3229} INFO - Sync 1 DAGs
[2025-02-19T09:53:47.696+0000] {logging_mixin.py:190} INFO - [2025-02-19T09:53:47.696+0000] {dag.py:4156} INFO - Setting next_dagrun for example_local_kubernetes_executor to None, run_after=None
[2025-02-19T09:53:47.708+0000] {processor.py:208} INFO - Processing /home/airflow/.local/lib/python3.12/site-packages/airflow/example_dags/example_local_kubernetes_executor.py took 0.063 seconds
[2025-02-19T09:54:18.029+0000] {processor.py:186} INFO - Started process (PID=2087) to work on /home/airflow/.local/lib/python3.12/site-packages/airflow/example_dags/example_local_kubernetes_executor.py
[2025-02-19T09:54:18.030+0000] {processor.py:914} INFO - Processing file /home/airflow/.local/lib/python3.12/site-packages/airflow/example_dags/example_local_kubernetes_executor.py for tasks to queue
[2025-02-19T09:54:18.033+0000] {logging_mixin.py:190} INFO - [2025-02-19T09:54:18.032+0000] {dagbag.py:587} INFO - Filling up the DagBag from /home/airflow/.local/lib/python3.12/site-packages/airflow/example_dags/example_local_kubernetes_executor.py
[2025-02-19T09:54:18.041+0000] {processor.py:925} INFO - DAG(s) 'example_local_kubernetes_executor' retrieved from /home/airflow/.local/lib/python3.12/site-packages/airflow/example_dags/example_local_kubernetes_executor.py
[2025-02-19T09:54:18.069+0000] {logging_mixin.py:190} INFO - [2025-02-19T09:54:18.068+0000] {dag.py:3229} INFO - Sync 1 DAGs
[2025-02-19T09:54:18.082+0000] {logging_mixin.py:190} INFO - [2025-02-19T09:54:18.082+0000] {dag.py:4156} INFO - Setting next_dagrun for example_local_kubernetes_executor to None, run_after=None
[2025-02-19T09:54:18.100+0000] {processor.py:208} INFO - Processing /home/airflow/.local/lib/python3.12/site-packages/airflow/example_dags/example_local_kubernetes_executor.py took 0.076 seconds
[2025-02-19T09:54:48.200+0000] {processor.py:186} INFO - Started process (PID=2151) to work on /home/airflow/.local/lib/python3.12/site-packages/airflow/example_dags/example_local_kubernetes_executor.py
[2025-02-19T09:54:48.201+0000] {processor.py:914} INFO - Processing file /home/airflow/.local/lib/python3.12/site-packages/airflow/example_dags/example_local_kubernetes_executor.py for tasks to queue
[2025-02-19T09:54:48.203+0000] {logging_mixin.py:190} INFO - [2025-02-19T09:54:48.203+0000] {dagbag.py:587} INFO - Filling up the DagBag from /home/airflow/.local/lib/python3.12/site-packages/airflow/example_dags/example_local_kubernetes_executor.py
[2025-02-19T09:54:48.211+0000] {processor.py:925} INFO - DAG(s) 'example_local_kubernetes_executor' retrieved from /home/airflow/.local/lib/python3.12/site-packages/airflow/example_dags/example_local_kubernetes_executor.py
[2025-02-19T09:54:48.240+0000] {logging_mixin.py:190} INFO - [2025-02-19T09:54:48.240+0000] {dag.py:3229} INFO - Sync 1 DAGs
[2025-02-19T09:54:48.254+0000] {logging_mixin.py:190} INFO - [2025-02-19T09:54:48.254+0000] {dag.py:4156} INFO - Setting next_dagrun for example_local_kubernetes_executor to None, run_after=None
[2025-02-19T09:54:48.271+0000] {processor.py:208} INFO - Processing /home/airflow/.local/lib/python3.12/site-packages/airflow/example_dags/example_local_kubernetes_executor.py took 0.076 seconds
[2025-02-19T09:55:18.562+0000] {processor.py:186} INFO - Started process (PID=2216) to work on /home/airflow/.local/lib/python3.12/site-packages/airflow/example_dags/example_local_kubernetes_executor.py
[2025-02-19T09:55:18.563+0000] {processor.py:914} INFO - Processing file /home/airflow/.local/lib/python3.12/site-packages/airflow/example_dags/example_local_kubernetes_executor.py for tasks to queue
[2025-02-19T09:55:18.565+0000] {logging_mixin.py:190} INFO - [2025-02-19T09:55:18.565+0000] {dagbag.py:587} INFO - Filling up the DagBag from /home/airflow/.local/lib/python3.12/site-packages/airflow/example_dags/example_local_kubernetes_executor.py
[2025-02-19T09:55:18.574+0000] {processor.py:925} INFO - DAG(s) 'example_local_kubernetes_executor' retrieved from /home/airflow/.local/lib/python3.12/site-packages/airflow/example_dags/example_local_kubernetes_executor.py
[2025-02-19T09:55:18.604+0000] {logging_mixin.py:190} INFO - [2025-02-19T09:55:18.604+0000] {dag.py:3229} INFO - Sync 1 DAGs
[2025-02-19T09:55:18.618+0000] {logging_mixin.py:190} INFO - [2025-02-19T09:55:18.617+0000] {dag.py:4156} INFO - Setting next_dagrun for example_local_kubernetes_executor to None, run_after=None
[2025-02-19T09:55:18.632+0000] {processor.py:208} INFO - Processing /home/airflow/.local/lib/python3.12/site-packages/airflow/example_dags/example_local_kubernetes_executor.py took 0.074 seconds
[2025-02-19T09:55:48.955+0000] {processor.py:186} INFO - Started process (PID=2280) to work on /home/airflow/.local/lib/python3.12/site-packages/airflow/example_dags/example_local_kubernetes_executor.py
[2025-02-19T09:55:48.956+0000] {processor.py:914} INFO - Processing file /home/airflow/.local/lib/python3.12/site-packages/airflow/example_dags/example_local_kubernetes_executor.py for tasks to queue
[2025-02-19T09:55:48.958+0000] {logging_mixin.py:190} INFO - [2025-02-19T09:55:48.958+0000] {dagbag.py:587} INFO - Filling up the DagBag from /home/airflow/.local/lib/python3.12/site-packages/airflow/example_dags/example_local_kubernetes_executor.py
[2025-02-19T09:55:48.966+0000] {processor.py:925} INFO - DAG(s) 'example_local_kubernetes_executor' retrieved from /home/airflow/.local/lib/python3.12/site-packages/airflow/example_dags/example_local_kubernetes_executor.py
[2025-02-19T09:55:48.994+0000] {logging_mixin.py:190} INFO - [2025-02-19T09:55:48.994+0000] {dag.py:3229} INFO - Sync 1 DAGs
[2025-02-19T09:55:49.005+0000] {logging_mixin.py:190} INFO - [2025-02-19T09:55:49.005+0000] {dag.py:4156} INFO - Setting next_dagrun for example_local_kubernetes_executor to None, run_after=None
[2025-02-19T09:55:49.022+0000] {processor.py:208} INFO - Processing /home/airflow/.local/lib/python3.12/site-packages/airflow/example_dags/example_local_kubernetes_executor.py took 0.072 seconds
[2025-02-19T09:56:19.347+0000] {processor.py:186} INFO - Started process (PID=2344) to work on /home/airflow/.local/lib/python3.12/site-packages/airflow/example_dags/example_local_kubernetes_executor.py
[2025-02-19T09:56:19.348+0000] {processor.py:914} INFO - Processing file /home/airflow/.local/lib/python3.12/site-packages/airflow/example_dags/example_local_kubernetes_executor.py for tasks to queue
[2025-02-19T09:56:19.350+0000] {logging_mixin.py:190} INFO - [2025-02-19T09:56:19.350+0000] {dagbag.py:587} INFO - Filling up the DagBag from /home/airflow/.local/lib/python3.12/site-packages/airflow/example_dags/example_local_kubernetes_executor.py
[2025-02-19T09:56:19.357+0000] {processor.py:925} INFO - DAG(s) 'example_local_kubernetes_executor' retrieved from /home/airflow/.local/lib/python3.12/site-packages/airflow/example_dags/example_local_kubernetes_executor.py
[2025-02-19T09:56:19.384+0000] {logging_mixin.py:190} INFO - [2025-02-19T09:56:19.383+0000] {dag.py:3229} INFO - Sync 1 DAGs
[2025-02-19T09:56:19.395+0000] {logging_mixin.py:190} INFO - [2025-02-19T09:56:19.394+0000] {dag.py:4156} INFO - Setting next_dagrun for example_local_kubernetes_executor to None, run_after=None
[2025-02-19T09:56:19.408+0000] {processor.py:208} INFO - Processing /home/airflow/.local/lib/python3.12/site-packages/airflow/example_dags/example_local_kubernetes_executor.py took 0.065 seconds
[2025-02-19T09:56:49.763+0000] {processor.py:186} INFO - Started process (PID=2409) to work on /home/airflow/.local/lib/python3.12/site-packages/airflow/example_dags/example_local_kubernetes_executor.py
[2025-02-19T09:56:49.764+0000] {processor.py:914} INFO - Processing file /home/airflow/.local/lib/python3.12/site-packages/airflow/example_dags/example_local_kubernetes_executor.py for tasks to queue
[2025-02-19T09:56:49.766+0000] {logging_mixin.py:190} INFO - [2025-02-19T09:56:49.766+0000] {dagbag.py:587} INFO - Filling up the DagBag from /home/airflow/.local/lib/python3.12/site-packages/airflow/example_dags/example_local_kubernetes_executor.py
[2025-02-19T09:56:49.774+0000] {processor.py:925} INFO - DAG(s) 'example_local_kubernetes_executor' retrieved from /home/airflow/.local/lib/python3.12/site-packages/airflow/example_dags/example_local_kubernetes_executor.py
[2025-02-19T09:56:49.805+0000] {logging_mixin.py:190} INFO - [2025-02-19T09:56:49.804+0000] {dag.py:3229} INFO - Sync 1 DAGs
[2025-02-19T09:56:49.816+0000] {logging_mixin.py:190} INFO - [2025-02-19T09:56:49.816+0000] {dag.py:4156} INFO - Setting next_dagrun for example_local_kubernetes_executor to None, run_after=None
[2025-02-19T09:56:49.829+0000] {processor.py:208} INFO - Processing /home/airflow/.local/lib/python3.12/site-packages/airflow/example_dags/example_local_kubernetes_executor.py took 0.071 seconds
[2025-02-19T09:57:21.108+0000] {processor.py:186} INFO - Started process (PID=2475) to work on /home/airflow/.local/lib/python3.12/site-packages/airflow/example_dags/example_local_kubernetes_executor.py
[2025-02-19T09:57:21.109+0000] {processor.py:914} INFO - Processing file /home/airflow/.local/lib/python3.12/site-packages/airflow/example_dags/example_local_kubernetes_executor.py for tasks to queue
[2025-02-19T09:57:21.111+0000] {logging_mixin.py:190} INFO - [2025-02-19T09:57:21.111+0000] {dagbag.py:587} INFO - Filling up the DagBag from /home/airflow/.local/lib/python3.12/site-packages/airflow/example_dags/example_local_kubernetes_executor.py
[2025-02-19T09:57:21.120+0000] {processor.py:925} INFO - DAG(s) 'example_local_kubernetes_executor' retrieved from /home/airflow/.local/lib/python3.12/site-packages/airflow/example_dags/example_local_kubernetes_executor.py
[2025-02-19T09:57:21.148+0000] {logging_mixin.py:190} INFO - [2025-02-19T09:57:21.148+0000] {dag.py:3229} INFO - Sync 1 DAGs
[2025-02-19T09:57:21.160+0000] {logging_mixin.py:190} INFO - [2025-02-19T09:57:21.160+0000] {dag.py:4156} INFO - Setting next_dagrun for example_local_kubernetes_executor to None, run_after=None
[2025-02-19T09:57:21.178+0000] {processor.py:208} INFO - Processing /home/airflow/.local/lib/python3.12/site-packages/airflow/example_dags/example_local_kubernetes_executor.py took 0.075 seconds
[2025-02-19T09:57:51.513+0000] {processor.py:186} INFO - Started process (PID=2539) to work on /home/airflow/.local/lib/python3.12/site-packages/airflow/example_dags/example_local_kubernetes_executor.py
[2025-02-19T09:57:51.514+0000] {processor.py:914} INFO - Processing file /home/airflow/.local/lib/python3.12/site-packages/airflow/example_dags/example_local_kubernetes_executor.py for tasks to queue
[2025-02-19T09:57:51.516+0000] {logging_mixin.py:190} INFO - [2025-02-19T09:57:51.516+0000] {dagbag.py:587} INFO - Filling up the DagBag from /home/airflow/.local/lib/python3.12/site-packages/airflow/example_dags/example_local_kubernetes_executor.py
[2025-02-19T09:57:51.524+0000] {processor.py:925} INFO - DAG(s) 'example_local_kubernetes_executor' retrieved from /home/airflow/.local/lib/python3.12/site-packages/airflow/example_dags/example_local_kubernetes_executor.py
[2025-02-19T09:57:51.551+0000] {logging_mixin.py:190} INFO - [2025-02-19T09:57:51.550+0000] {dag.py:3229} INFO - Sync 1 DAGs
[2025-02-19T09:57:51.563+0000] {logging_mixin.py:190} INFO - [2025-02-19T09:57:51.563+0000] {dag.py:4156} INFO - Setting next_dagrun for example_local_kubernetes_executor to None, run_after=None
[2025-02-19T09:57:51.577+0000] {processor.py:208} INFO - Processing /home/airflow/.local/lib/python3.12/site-packages/airflow/example_dags/example_local_kubernetes_executor.py took 0.069 seconds
[2025-02-19T09:58:22.270+0000] {processor.py:186} INFO - Started process (PID=2604) to work on /home/airflow/.local/lib/python3.12/site-packages/airflow/example_dags/example_local_kubernetes_executor.py
[2025-02-19T09:58:22.272+0000] {processor.py:914} INFO - Processing file /home/airflow/.local/lib/python3.12/site-packages/airflow/example_dags/example_local_kubernetes_executor.py for tasks to queue
[2025-02-19T09:58:22.273+0000] {logging_mixin.py:190} INFO - [2025-02-19T09:58:22.273+0000] {dagbag.py:587} INFO - Filling up the DagBag from /home/airflow/.local/lib/python3.12/site-packages/airflow/example_dags/example_local_kubernetes_executor.py
[2025-02-19T09:58:22.281+0000] {processor.py:925} INFO - DAG(s) 'example_local_kubernetes_executor' retrieved from /home/airflow/.local/lib/python3.12/site-packages/airflow/example_dags/example_local_kubernetes_executor.py
[2025-02-19T09:58:22.308+0000] {logging_mixin.py:190} INFO - [2025-02-19T09:58:22.308+0000] {dag.py:3229} INFO - Sync 1 DAGs
[2025-02-19T09:58:22.319+0000] {logging_mixin.py:190} INFO - [2025-02-19T09:58:22.319+0000] {dag.py:4156} INFO - Setting next_dagrun for example_local_kubernetes_executor to None, run_after=None
[2025-02-19T09:58:22.334+0000] {processor.py:208} INFO - Processing /home/airflow/.local/lib/python3.12/site-packages/airflow/example_dags/example_local_kubernetes_executor.py took 0.068 seconds
[2025-02-19T09:58:53.362+0000] {processor.py:186} INFO - Started process (PID=2673) to work on /home/airflow/.local/lib/python3.12/site-packages/airflow/example_dags/example_local_kubernetes_executor.py
[2025-02-19T09:58:53.364+0000] {processor.py:914} INFO - Processing file /home/airflow/.local/lib/python3.12/site-packages/airflow/example_dags/example_local_kubernetes_executor.py for tasks to queue
[2025-02-19T09:58:53.366+0000] {logging_mixin.py:190} INFO - [2025-02-19T09:58:53.365+0000] {dagbag.py:587} INFO - Filling up the DagBag from /home/airflow/.local/lib/python3.12/site-packages/airflow/example_dags/example_local_kubernetes_executor.py
[2025-02-19T09:58:53.374+0000] {processor.py:925} INFO - DAG(s) 'example_local_kubernetes_executor' retrieved from /home/airflow/.local/lib/python3.12/site-packages/airflow/example_dags/example_local_kubernetes_executor.py
[2025-02-19T09:58:53.403+0000] {logging_mixin.py:190} INFO - [2025-02-19T09:58:53.403+0000] {dag.py:3229} INFO - Sync 1 DAGs
[2025-02-19T09:58:53.416+0000] {logging_mixin.py:190} INFO - [2025-02-19T09:58:53.416+0000] {dag.py:4156} INFO - Setting next_dagrun for example_local_kubernetes_executor to None, run_after=None
[2025-02-19T09:58:53.431+0000] {processor.py:208} INFO - Processing /home/airflow/.local/lib/python3.12/site-packages/airflow/example_dags/example_local_kubernetes_executor.py took 0.073 seconds
[2025-02-19T09:59:24.555+0000] {processor.py:186} INFO - Started process (PID=2737) to work on /home/airflow/.local/lib/python3.12/site-packages/airflow/example_dags/example_local_kubernetes_executor.py
[2025-02-19T09:59:24.557+0000] {processor.py:914} INFO - Processing file /home/airflow/.local/lib/python3.12/site-packages/airflow/example_dags/example_local_kubernetes_executor.py for tasks to queue
[2025-02-19T09:59:24.559+0000] {logging_mixin.py:190} INFO - [2025-02-19T09:59:24.558+0000] {dagbag.py:587} INFO - Filling up the DagBag from /home/airflow/.local/lib/python3.12/site-packages/airflow/example_dags/example_local_kubernetes_executor.py
[2025-02-19T09:59:24.566+0000] {processor.py:925} INFO - DAG(s) 'example_local_kubernetes_executor' retrieved from /home/airflow/.local/lib/python3.12/site-packages/airflow/example_dags/example_local_kubernetes_executor.py
[2025-02-19T09:59:24.594+0000] {logging_mixin.py:190} INFO - [2025-02-19T09:59:24.593+0000] {dag.py:3229} INFO - Sync 1 DAGs
[2025-02-19T09:59:24.606+0000] {logging_mixin.py:190} INFO - [2025-02-19T09:59:24.606+0000] {dag.py:4156} INFO - Setting next_dagrun for example_local_kubernetes_executor to None, run_after=None
[2025-02-19T09:59:24.623+0000] {processor.py:208} INFO - Processing /home/airflow/.local/lib/python3.12/site-packages/airflow/example_dags/example_local_kubernetes_executor.py took 0.071 seconds
[2025-02-19T10:23:13.552+0000] {logging_mixin.py:190} INFO - [2025-02-19T10:23:13.551+0000] {settings.py:475} DEBUG - Setting up DB connection pool (PID 86)
[2025-02-19T10:23:13.553+0000] {logging_mixin.py:190} INFO - [2025-02-19T10:23:13.553+0000] {settings.py:579} DEBUG - settings.prepare_engine_args(): Using pool settings. pool_size=5, max_overflow=10, pool_recycle=1800, pid=86
[2025-02-19T10:23:13.557+0000] {processor.py:186} INFO - Started process (PID=86) to work on /home/airflow/.local/lib/python3.12/site-packages/airflow/example_dags/example_local_kubernetes_executor.py
[2025-02-19T10:23:13.557+0000] {processor.py:914} INFO - Processing file /home/airflow/.local/lib/python3.12/site-packages/airflow/example_dags/example_local_kubernetes_executor.py for tasks to queue
[2025-02-19T10:23:13.558+0000] {logging_mixin.py:190} INFO - [2025-02-19T10:23:13.558+0000] {dagbag.py:587} INFO - Filling up the DagBag from /home/airflow/.local/lib/python3.12/site-packages/airflow/example_dags/example_local_kubernetes_executor.py
[2025-02-19T10:23:13.559+0000] {logging_mixin.py:190} INFO - [2025-02-19T10:23:13.559+0000] {dagbag.py:368} DEBUG - Importing /home/airflow/.local/lib/python3.12/site-packages/airflow/example_dags/example_local_kubernetes_executor.py
[2025-02-19T10:23:13.568+0000] {logging_mixin.py:190} INFO - [2025-02-19T10:23:13.567+0000] {dagbag.py:553} DEBUG - Loaded DAG <DAG: example_local_kubernetes_executor>
[2025-02-19T10:23:13.568+0000] {processor.py:925} INFO - DAG(s) 'example_local_kubernetes_executor' retrieved from /home/airflow/.local/lib/python3.12/site-packages/airflow/example_dags/example_local_kubernetes_executor.py
[2025-02-19T10:23:13.569+0000] {logging_mixin.py:190} INFO - [2025-02-19T10:23:13.569+0000] {dagbag.py:710} DEBUG - Running dagbag.sync_to_db with retries. Try 1 of 3
[2025-02-19T10:23:13.569+0000] {logging_mixin.py:190} INFO - [2025-02-19T10:23:13.569+0000] {dagbag.py:715} DEBUG - Calling the DAG.bulk_sync_to_db method
[2025-02-19T10:23:13.581+0000] {logging_mixin.py:190} INFO - [2025-02-19T10:23:13.580+0000] {serialized_dag.py:168} DEBUG - Checking if DAG (example_local_kubernetes_executor) changed
[2025-02-19T10:23:13.607+0000] {logging_mixin.py:190} INFO - [2025-02-19T10:23:13.606+0000] {serialized_dag.py:179} DEBUG - Serialized DAG (example_local_kubernetes_executor) is unchanged. Skipping writing to DB
[2025-02-19T10:23:13.607+0000] {logging_mixin.py:190} INFO - [2025-02-19T10:23:13.607+0000] {dag.py:3229} INFO - Sync 1 DAGs
[2025-02-19T10:23:13.620+0000] {logging_mixin.py:190} INFO - [2025-02-19T10:23:13.620+0000] {dag.py:4156} INFO - Setting next_dagrun for example_local_kubernetes_executor to None, run_after=None
[2025-02-19T10:23:13.639+0000] {processor.py:208} INFO - Processing /home/airflow/.local/lib/python3.12/site-packages/airflow/example_dags/example_local_kubernetes_executor.py took 0.088 seconds
[2025-02-19T10:23:56.073+0000] {logging_mixin.py:190} INFO - [2025-02-19T10:23:56.073+0000] {settings.py:475} DEBUG - Setting up DB connection pool (PID 150)
[2025-02-19T10:23:56.098+0000] {logging_mixin.py:190} INFO - [2025-02-19T10:23:56.098+0000] {settings.py:579} DEBUG - settings.prepare_engine_args(): Using pool settings. pool_size=5, max_overflow=10, pool_recycle=1800, pid=150
[2025-02-19T10:23:56.103+0000] {processor.py:186} INFO - Started process (PID=150) to work on /home/airflow/.local/lib/python3.12/site-packages/airflow/example_dags/example_local_kubernetes_executor.py
[2025-02-19T10:23:56.103+0000] {processor.py:914} INFO - Processing file /home/airflow/.local/lib/python3.12/site-packages/airflow/example_dags/example_local_kubernetes_executor.py for tasks to queue
[2025-02-19T10:23:56.104+0000] {logging_mixin.py:190} INFO - [2025-02-19T10:23:56.104+0000] {dagbag.py:587} INFO - Filling up the DagBag from /home/airflow/.local/lib/python3.12/site-packages/airflow/example_dags/example_local_kubernetes_executor.py
[2025-02-19T10:23:56.105+0000] {logging_mixin.py:190} INFO - [2025-02-19T10:23:56.105+0000] {dagbag.py:368} DEBUG - Importing /home/airflow/.local/lib/python3.12/site-packages/airflow/example_dags/example_local_kubernetes_executor.py
[2025-02-19T10:23:56.113+0000] {logging_mixin.py:190} INFO - [2025-02-19T10:23:56.112+0000] {dagbag.py:553} DEBUG - Loaded DAG <DAG: example_local_kubernetes_executor>
[2025-02-19T10:23:56.113+0000] {processor.py:925} INFO - DAG(s) 'example_local_kubernetes_executor' retrieved from /home/airflow/.local/lib/python3.12/site-packages/airflow/example_dags/example_local_kubernetes_executor.py
[2025-02-19T10:23:56.114+0000] {logging_mixin.py:190} INFO - [2025-02-19T10:23:56.114+0000] {dagbag.py:710} DEBUG - Running dagbag.sync_to_db with retries. Try 1 of 3
[2025-02-19T10:23:56.114+0000] {logging_mixin.py:190} INFO - [2025-02-19T10:23:56.114+0000] {dagbag.py:715} DEBUG - Calling the DAG.bulk_sync_to_db method
[2025-02-19T10:23:56.125+0000] {logging_mixin.py:190} INFO - [2025-02-19T10:23:56.125+0000] {serialized_dag.py:168} DEBUG - Checking if DAG (example_local_kubernetes_executor) changed
[2025-02-19T10:23:56.143+0000] {logging_mixin.py:190} INFO - [2025-02-19T10:23:56.142+0000] {serialized_dag.py:179} DEBUG - Serialized DAG (example_local_kubernetes_executor) is unchanged. Skipping writing to DB
[2025-02-19T10:23:56.143+0000] {logging_mixin.py:190} INFO - [2025-02-19T10:23:56.143+0000] {dag.py:3229} INFO - Sync 1 DAGs
[2025-02-19T10:23:56.156+0000] {logging_mixin.py:190} INFO - [2025-02-19T10:23:56.156+0000] {dag.py:4156} INFO - Setting next_dagrun for example_local_kubernetes_executor to None, run_after=None
[2025-02-19T10:23:56.249+0000] {processor.py:208} INFO - Processing /home/airflow/.local/lib/python3.12/site-packages/airflow/example_dags/example_local_kubernetes_executor.py took 0.177 seconds
[2025-02-19T10:24:26.478+0000] {logging_mixin.py:190} INFO - [2025-02-19T10:24:26.477+0000] {settings.py:475} DEBUG - Setting up DB connection pool (PID 214)
[2025-02-19T10:24:26.479+0000] {logging_mixin.py:190} INFO - [2025-02-19T10:24:26.479+0000] {settings.py:579} DEBUG - settings.prepare_engine_args(): Using pool settings. pool_size=5, max_overflow=10, pool_recycle=1800, pid=214
[2025-02-19T10:24:26.483+0000] {processor.py:186} INFO - Started process (PID=214) to work on /home/airflow/.local/lib/python3.12/site-packages/airflow/example_dags/example_local_kubernetes_executor.py
[2025-02-19T10:24:26.484+0000] {processor.py:914} INFO - Processing file /home/airflow/.local/lib/python3.12/site-packages/airflow/example_dags/example_local_kubernetes_executor.py for tasks to queue
[2025-02-19T10:24:26.484+0000] {logging_mixin.py:190} INFO - [2025-02-19T10:24:26.484+0000] {dagbag.py:587} INFO - Filling up the DagBag from /home/airflow/.local/lib/python3.12/site-packages/airflow/example_dags/example_local_kubernetes_executor.py
[2025-02-19T10:24:26.485+0000] {logging_mixin.py:190} INFO - [2025-02-19T10:24:26.485+0000] {dagbag.py:368} DEBUG - Importing /home/airflow/.local/lib/python3.12/site-packages/airflow/example_dags/example_local_kubernetes_executor.py
[2025-02-19T10:24:26.494+0000] {logging_mixin.py:190} INFO - [2025-02-19T10:24:26.493+0000] {dagbag.py:553} DEBUG - Loaded DAG <DAG: example_local_kubernetes_executor>
[2025-02-19T10:24:26.494+0000] {processor.py:925} INFO - DAG(s) 'example_local_kubernetes_executor' retrieved from /home/airflow/.local/lib/python3.12/site-packages/airflow/example_dags/example_local_kubernetes_executor.py
[2025-02-19T10:24:26.495+0000] {logging_mixin.py:190} INFO - [2025-02-19T10:24:26.495+0000] {dagbag.py:710} DEBUG - Running dagbag.sync_to_db with retries. Try 1 of 3
[2025-02-19T10:24:26.495+0000] {logging_mixin.py:190} INFO - [2025-02-19T10:24:26.495+0000] {dagbag.py:715} DEBUG - Calling the DAG.bulk_sync_to_db method
[2025-02-19T10:24:26.506+0000] {logging_mixin.py:190} INFO - [2025-02-19T10:24:26.506+0000] {serialized_dag.py:168} DEBUG - Checking if DAG (example_local_kubernetes_executor) changed
[2025-02-19T10:24:26.525+0000] {logging_mixin.py:190} INFO - [2025-02-19T10:24:26.524+0000] {serialized_dag.py:179} DEBUG - Serialized DAG (example_local_kubernetes_executor) is unchanged. Skipping writing to DB
[2025-02-19T10:24:26.525+0000] {logging_mixin.py:190} INFO - [2025-02-19T10:24:26.525+0000] {dag.py:3229} INFO - Sync 1 DAGs
[2025-02-19T10:24:26.539+0000] {logging_mixin.py:190} INFO - [2025-02-19T10:24:26.538+0000] {dag.py:4156} INFO - Setting next_dagrun for example_local_kubernetes_executor to None, run_after=None
[2025-02-19T10:24:26.559+0000] {processor.py:208} INFO - Processing /home/airflow/.local/lib/python3.12/site-packages/airflow/example_dags/example_local_kubernetes_executor.py took 0.082 seconds
[2025-02-19T10:24:57.215+0000] {logging_mixin.py:190} INFO - [2025-02-19T10:24:57.215+0000] {settings.py:475} DEBUG - Setting up DB connection pool (PID 283)
[2025-02-19T10:24:57.216+0000] {logging_mixin.py:190} INFO - [2025-02-19T10:24:57.216+0000] {settings.py:579} DEBUG - settings.prepare_engine_args(): Using pool settings. pool_size=5, max_overflow=10, pool_recycle=1800, pid=283
[2025-02-19T10:24:57.220+0000] {processor.py:186} INFO - Started process (PID=283) to work on /home/airflow/.local/lib/python3.12/site-packages/airflow/example_dags/example_local_kubernetes_executor.py
[2025-02-19T10:24:57.221+0000] {processor.py:914} INFO - Processing file /home/airflow/.local/lib/python3.12/site-packages/airflow/example_dags/example_local_kubernetes_executor.py for tasks to queue
[2025-02-19T10:24:57.222+0000] {logging_mixin.py:190} INFO - [2025-02-19T10:24:57.221+0000] {dagbag.py:587} INFO - Filling up the DagBag from /home/airflow/.local/lib/python3.12/site-packages/airflow/example_dags/example_local_kubernetes_executor.py
[2025-02-19T10:24:57.223+0000] {logging_mixin.py:190} INFO - [2025-02-19T10:24:57.222+0000] {dagbag.py:368} DEBUG - Importing /home/airflow/.local/lib/python3.12/site-packages/airflow/example_dags/example_local_kubernetes_executor.py
[2025-02-19T10:24:57.231+0000] {logging_mixin.py:190} INFO - [2025-02-19T10:24:57.230+0000] {dagbag.py:553} DEBUG - Loaded DAG <DAG: example_local_kubernetes_executor>
[2025-02-19T10:24:57.231+0000] {processor.py:925} INFO - DAG(s) 'example_local_kubernetes_executor' retrieved from /home/airflow/.local/lib/python3.12/site-packages/airflow/example_dags/example_local_kubernetes_executor.py
[2025-02-19T10:24:57.232+0000] {logging_mixin.py:190} INFO - [2025-02-19T10:24:57.232+0000] {dagbag.py:710} DEBUG - Running dagbag.sync_to_db with retries. Try 1 of 3
[2025-02-19T10:24:57.232+0000] {logging_mixin.py:190} INFO - [2025-02-19T10:24:57.232+0000] {dagbag.py:715} DEBUG - Calling the DAG.bulk_sync_to_db method
[2025-02-19T10:24:57.242+0000] {logging_mixin.py:190} INFO - [2025-02-19T10:24:57.242+0000] {serialized_dag.py:168} DEBUG - Checking if DAG (example_local_kubernetes_executor) changed
[2025-02-19T10:24:57.261+0000] {logging_mixin.py:190} INFO - [2025-02-19T10:24:57.261+0000] {serialized_dag.py:179} DEBUG - Serialized DAG (example_local_kubernetes_executor) is unchanged. Skipping writing to DB
[2025-02-19T10:24:57.262+0000] {logging_mixin.py:190} INFO - [2025-02-19T10:24:57.262+0000] {dag.py:3229} INFO - Sync 1 DAGs
[2025-02-19T10:24:57.276+0000] {logging_mixin.py:190} INFO - [2025-02-19T10:24:57.275+0000] {dag.py:4156} INFO - Setting next_dagrun for example_local_kubernetes_executor to None, run_after=None
[2025-02-19T10:24:57.294+0000] {processor.py:208} INFO - Processing /home/airflow/.local/lib/python3.12/site-packages/airflow/example_dags/example_local_kubernetes_executor.py took 0.080 seconds
[2025-02-19T10:25:27.501+0000] {logging_mixin.py:190} INFO - [2025-02-19T10:25:27.500+0000] {settings.py:475} DEBUG - Setting up DB connection pool (PID 347)
[2025-02-19T10:25:27.502+0000] {logging_mixin.py:190} INFO - [2025-02-19T10:25:27.502+0000] {settings.py:579} DEBUG - settings.prepare_engine_args(): Using pool settings. pool_size=5, max_overflow=10, pool_recycle=1800, pid=347
[2025-02-19T10:25:27.506+0000] {processor.py:186} INFO - Started process (PID=347) to work on /home/airflow/.local/lib/python3.12/site-packages/airflow/example_dags/example_local_kubernetes_executor.py
[2025-02-19T10:25:27.507+0000] {processor.py:914} INFO - Processing file /home/airflow/.local/lib/python3.12/site-packages/airflow/example_dags/example_local_kubernetes_executor.py for tasks to queue
[2025-02-19T10:25:27.508+0000] {logging_mixin.py:190} INFO - [2025-02-19T10:25:27.507+0000] {dagbag.py:587} INFO - Filling up the DagBag from /home/airflow/.local/lib/python3.12/site-packages/airflow/example_dags/example_local_kubernetes_executor.py
[2025-02-19T10:25:27.508+0000] {logging_mixin.py:190} INFO - [2025-02-19T10:25:27.508+0000] {dagbag.py:368} DEBUG - Importing /home/airflow/.local/lib/python3.12/site-packages/airflow/example_dags/example_local_kubernetes_executor.py
[2025-02-19T10:25:27.517+0000] {logging_mixin.py:190} INFO - [2025-02-19T10:25:27.516+0000] {dagbag.py:553} DEBUG - Loaded DAG <DAG: example_local_kubernetes_executor>
[2025-02-19T10:25:27.518+0000] {processor.py:925} INFO - DAG(s) 'example_local_kubernetes_executor' retrieved from /home/airflow/.local/lib/python3.12/site-packages/airflow/example_dags/example_local_kubernetes_executor.py
[2025-02-19T10:25:27.518+0000] {logging_mixin.py:190} INFO - [2025-02-19T10:25:27.518+0000] {dagbag.py:710} DEBUG - Running dagbag.sync_to_db with retries. Try 1 of 3
[2025-02-19T10:25:27.519+0000] {logging_mixin.py:190} INFO - [2025-02-19T10:25:27.519+0000] {dagbag.py:715} DEBUG - Calling the DAG.bulk_sync_to_db method
[2025-02-19T10:25:27.531+0000] {logging_mixin.py:190} INFO - [2025-02-19T10:25:27.530+0000] {serialized_dag.py:168} DEBUG - Checking if DAG (example_local_kubernetes_executor) changed
[2025-02-19T10:25:27.549+0000] {logging_mixin.py:190} INFO - [2025-02-19T10:25:27.549+0000] {serialized_dag.py:179} DEBUG - Serialized DAG (example_local_kubernetes_executor) is unchanged. Skipping writing to DB
[2025-02-19T10:25:27.550+0000] {logging_mixin.py:190} INFO - [2025-02-19T10:25:27.549+0000] {dag.py:3229} INFO - Sync 1 DAGs
[2025-02-19T10:25:27.562+0000] {logging_mixin.py:190} INFO - [2025-02-19T10:25:27.561+0000] {dag.py:4156} INFO - Setting next_dagrun for example_local_kubernetes_executor to None, run_after=None
[2025-02-19T10:25:27.580+0000] {processor.py:208} INFO - Processing /home/airflow/.local/lib/python3.12/site-packages/airflow/example_dags/example_local_kubernetes_executor.py took 0.080 seconds
[2025-02-19T10:25:58.337+0000] {logging_mixin.py:190} INFO - [2025-02-19T10:25:58.336+0000] {settings.py:475} DEBUG - Setting up DB connection pool (PID 411)
[2025-02-19T10:25:58.338+0000] {logging_mixin.py:190} INFO - [2025-02-19T10:25:58.338+0000] {settings.py:579} DEBUG - settings.prepare_engine_args(): Using pool settings. pool_size=5, max_overflow=10, pool_recycle=1800, pid=411
[2025-02-19T10:25:58.342+0000] {processor.py:186} INFO - Started process (PID=411) to work on /home/airflow/.local/lib/python3.12/site-packages/airflow/example_dags/example_local_kubernetes_executor.py
[2025-02-19T10:25:58.342+0000] {processor.py:914} INFO - Processing file /home/airflow/.local/lib/python3.12/site-packages/airflow/example_dags/example_local_kubernetes_executor.py for tasks to queue
[2025-02-19T10:25:58.343+0000] {logging_mixin.py:190} INFO - [2025-02-19T10:25:58.343+0000] {dagbag.py:587} INFO - Filling up the DagBag from /home/airflow/.local/lib/python3.12/site-packages/airflow/example_dags/example_local_kubernetes_executor.py
[2025-02-19T10:25:58.344+0000] {logging_mixin.py:190} INFO - [2025-02-19T10:25:58.344+0000] {dagbag.py:368} DEBUG - Importing /home/airflow/.local/lib/python3.12/site-packages/airflow/example_dags/example_local_kubernetes_executor.py
[2025-02-19T10:25:58.352+0000] {logging_mixin.py:190} INFO - [2025-02-19T10:25:58.351+0000] {dagbag.py:553} DEBUG - Loaded DAG <DAG: example_local_kubernetes_executor>
[2025-02-19T10:25:58.352+0000] {processor.py:925} INFO - DAG(s) 'example_local_kubernetes_executor' retrieved from /home/airflow/.local/lib/python3.12/site-packages/airflow/example_dags/example_local_kubernetes_executor.py
[2025-02-19T10:25:58.352+0000] {logging_mixin.py:190} INFO - [2025-02-19T10:25:58.352+0000] {dagbag.py:710} DEBUG - Running dagbag.sync_to_db with retries. Try 1 of 3
[2025-02-19T10:25:58.353+0000] {logging_mixin.py:190} INFO - [2025-02-19T10:25:58.352+0000] {dagbag.py:715} DEBUG - Calling the DAG.bulk_sync_to_db method
[2025-02-19T10:25:58.363+0000] {logging_mixin.py:190} INFO - [2025-02-19T10:25:58.363+0000] {serialized_dag.py:168} DEBUG - Checking if DAG (example_local_kubernetes_executor) changed
[2025-02-19T10:25:58.380+0000] {logging_mixin.py:190} INFO - [2025-02-19T10:25:58.380+0000] {serialized_dag.py:179} DEBUG - Serialized DAG (example_local_kubernetes_executor) is unchanged. Skipping writing to DB
[2025-02-19T10:25:58.381+0000] {logging_mixin.py:190} INFO - [2025-02-19T10:25:58.381+0000] {dag.py:3229} INFO - Sync 1 DAGs
[2025-02-19T10:25:58.392+0000] {logging_mixin.py:190} INFO - [2025-02-19T10:25:58.392+0000] {dag.py:4156} INFO - Setting next_dagrun for example_local_kubernetes_executor to None, run_after=None
[2025-02-19T10:25:58.409+0000] {processor.py:208} INFO - Processing /home/airflow/.local/lib/python3.12/site-packages/airflow/example_dags/example_local_kubernetes_executor.py took 0.073 seconds
[2025-02-19T10:26:29.038+0000] {logging_mixin.py:190} INFO - [2025-02-19T10:26:29.037+0000] {settings.py:475} DEBUG - Setting up DB connection pool (PID 475)
[2025-02-19T10:26:29.039+0000] {logging_mixin.py:190} INFO - [2025-02-19T10:26:29.039+0000] {settings.py:579} DEBUG - settings.prepare_engine_args(): Using pool settings. pool_size=5, max_overflow=10, pool_recycle=1800, pid=475
[2025-02-19T10:26:29.044+0000] {processor.py:186} INFO - Started process (PID=475) to work on /home/airflow/.local/lib/python3.12/site-packages/airflow/example_dags/example_local_kubernetes_executor.py
[2025-02-19T10:26:29.044+0000] {processor.py:914} INFO - Processing file /home/airflow/.local/lib/python3.12/site-packages/airflow/example_dags/example_local_kubernetes_executor.py for tasks to queue
[2025-02-19T10:26:29.045+0000] {logging_mixin.py:190} INFO - [2025-02-19T10:26:29.045+0000] {dagbag.py:587} INFO - Filling up the DagBag from /home/airflow/.local/lib/python3.12/site-packages/airflow/example_dags/example_local_kubernetes_executor.py
[2025-02-19T10:26:29.046+0000] {logging_mixin.py:190} INFO - [2025-02-19T10:26:29.045+0000] {dagbag.py:368} DEBUG - Importing /home/airflow/.local/lib/python3.12/site-packages/airflow/example_dags/example_local_kubernetes_executor.py
[2025-02-19T10:26:29.053+0000] {logging_mixin.py:190} INFO - [2025-02-19T10:26:29.052+0000] {dagbag.py:553} DEBUG - Loaded DAG <DAG: example_local_kubernetes_executor>
[2025-02-19T10:26:29.054+0000] {processor.py:925} INFO - DAG(s) 'example_local_kubernetes_executor' retrieved from /home/airflow/.local/lib/python3.12/site-packages/airflow/example_dags/example_local_kubernetes_executor.py
[2025-02-19T10:26:29.054+0000] {logging_mixin.py:190} INFO - [2025-02-19T10:26:29.054+0000] {dagbag.py:710} DEBUG - Running dagbag.sync_to_db with retries. Try 1 of 3
[2025-02-19T10:26:29.054+0000] {logging_mixin.py:190} INFO - [2025-02-19T10:26:29.054+0000] {dagbag.py:715} DEBUG - Calling the DAG.bulk_sync_to_db method
[2025-02-19T10:26:29.063+0000] {logging_mixin.py:190} INFO - [2025-02-19T10:26:29.063+0000] {serialized_dag.py:168} DEBUG - Checking if DAG (example_local_kubernetes_executor) changed
[2025-02-19T10:26:29.080+0000] {logging_mixin.py:190} INFO - [2025-02-19T10:26:29.080+0000] {serialized_dag.py:179} DEBUG - Serialized DAG (example_local_kubernetes_executor) is unchanged. Skipping writing to DB
[2025-02-19T10:26:29.080+0000] {logging_mixin.py:190} INFO - [2025-02-19T10:26:29.080+0000] {dag.py:3229} INFO - Sync 1 DAGs
[2025-02-19T10:26:29.091+0000] {logging_mixin.py:190} INFO - [2025-02-19T10:26:29.091+0000] {dag.py:4156} INFO - Setting next_dagrun for example_local_kubernetes_executor to None, run_after=None
[2025-02-19T10:26:29.106+0000] {processor.py:208} INFO - Processing /home/airflow/.local/lib/python3.12/site-packages/airflow/example_dags/example_local_kubernetes_executor.py took 0.069 seconds
