[2025-02-19T09:38:30.404+0000] {processor.py:186} INFO - Started process (PID=103) to work on /home/airflow/.local/lib/python3.12/site-packages/airflow/example_dags/example_sensors.py
[2025-02-19T09:38:30.404+0000] {processor.py:914} INFO - Processing file /home/airflow/.local/lib/python3.12/site-packages/airflow/example_dags/example_sensors.py for tasks to queue
[2025-02-19T09:38:30.406+0000] {logging_mixin.py:190} INFO - [2025-02-19T09:38:30.406+0000] {dagbag.py:587} INFO - Filling up the DagBag from /home/airflow/.local/lib/python3.12/site-packages/airflow/example_dags/example_sensors.py
[2025-02-19T09:38:30.415+0000] {processor.py:925} INFO - DAG(s) 'example_sensors' retrieved from /home/airflow/.local/lib/python3.12/site-packages/airflow/example_dags/example_sensors.py
[2025-02-19T09:38:30.439+0000] {logging_mixin.py:190} INFO - [2025-02-19T09:38:30.439+0000] {dag.py:3229} INFO - Sync 1 DAGs
[2025-02-19T09:38:30.452+0000] {logging_mixin.py:190} INFO - [2025-02-19T09:38:30.451+0000] {dag.py:4156} INFO - Setting next_dagrun for example_sensors to None, run_after=None
[2025-02-19T09:38:30.668+0000] {processor.py:208} INFO - Processing /home/airflow/.local/lib/python3.12/site-packages/airflow/example_dags/example_sensors.py took 0.268 seconds
[2025-02-19T09:39:01.570+0000] {processor.py:186} INFO - Started process (PID=172) to work on /home/airflow/.local/lib/python3.12/site-packages/airflow/example_dags/example_sensors.py
[2025-02-19T09:39:01.571+0000] {processor.py:914} INFO - Processing file /home/airflow/.local/lib/python3.12/site-packages/airflow/example_dags/example_sensors.py for tasks to queue
[2025-02-19T09:39:01.573+0000] {logging_mixin.py:190} INFO - [2025-02-19T09:39:01.573+0000] {dagbag.py:587} INFO - Filling up the DagBag from /home/airflow/.local/lib/python3.12/site-packages/airflow/example_dags/example_sensors.py
[2025-02-19T09:39:01.584+0000] {processor.py:925} INFO - DAG(s) 'example_sensors' retrieved from /home/airflow/.local/lib/python3.12/site-packages/airflow/example_dags/example_sensors.py
[2025-02-19T09:39:01.609+0000] {logging_mixin.py:190} INFO - [2025-02-19T09:39:01.608+0000] {dag.py:3229} INFO - Sync 1 DAGs
[2025-02-19T09:39:01.622+0000] {logging_mixin.py:190} INFO - [2025-02-19T09:39:01.621+0000] {dag.py:4156} INFO - Setting next_dagrun for example_sensors to None, run_after=None
[2025-02-19T09:39:01.640+0000] {processor.py:208} INFO - Processing /home/airflow/.local/lib/python3.12/site-packages/airflow/example_dags/example_sensors.py took 0.075 seconds
[2025-02-19T09:39:31.957+0000] {processor.py:186} INFO - Started process (PID=236) to work on /home/airflow/.local/lib/python3.12/site-packages/airflow/example_dags/example_sensors.py
[2025-02-19T09:39:31.958+0000] {processor.py:914} INFO - Processing file /home/airflow/.local/lib/python3.12/site-packages/airflow/example_dags/example_sensors.py for tasks to queue
[2025-02-19T09:39:31.960+0000] {logging_mixin.py:190} INFO - [2025-02-19T09:39:31.959+0000] {dagbag.py:587} INFO - Filling up the DagBag from /home/airflow/.local/lib/python3.12/site-packages/airflow/example_dags/example_sensors.py
[2025-02-19T09:39:31.969+0000] {processor.py:925} INFO - DAG(s) 'example_sensors' retrieved from /home/airflow/.local/lib/python3.12/site-packages/airflow/example_dags/example_sensors.py
[2025-02-19T09:39:31.991+0000] {logging_mixin.py:190} INFO - [2025-02-19T09:39:31.991+0000] {dag.py:3229} INFO - Sync 1 DAGs
[2025-02-19T09:39:32.003+0000] {logging_mixin.py:190} INFO - [2025-02-19T09:39:32.002+0000] {dag.py:4156} INFO - Setting next_dagrun for example_sensors to None, run_after=None
[2025-02-19T09:39:32.019+0000] {processor.py:208} INFO - Processing /home/airflow/.local/lib/python3.12/site-packages/airflow/example_dags/example_sensors.py took 0.067 seconds
[2025-02-19T09:40:02.241+0000] {processor.py:186} INFO - Started process (PID=300) to work on /home/airflow/.local/lib/python3.12/site-packages/airflow/example_dags/example_sensors.py
[2025-02-19T09:40:02.244+0000] {processor.py:914} INFO - Processing file /home/airflow/.local/lib/python3.12/site-packages/airflow/example_dags/example_sensors.py for tasks to queue
[2025-02-19T09:40:02.245+0000] {logging_mixin.py:190} INFO - [2025-02-19T09:40:02.245+0000] {dagbag.py:587} INFO - Filling up the DagBag from /home/airflow/.local/lib/python3.12/site-packages/airflow/example_dags/example_sensors.py
[2025-02-19T09:40:02.254+0000] {processor.py:925} INFO - DAG(s) 'example_sensors' retrieved from /home/airflow/.local/lib/python3.12/site-packages/airflow/example_dags/example_sensors.py
[2025-02-19T09:40:02.275+0000] {logging_mixin.py:190} INFO - [2025-02-19T09:40:02.275+0000] {dag.py:3229} INFO - Sync 1 DAGs
[2025-02-19T09:40:02.288+0000] {logging_mixin.py:190} INFO - [2025-02-19T09:40:02.288+0000] {dag.py:4156} INFO - Setting next_dagrun for example_sensors to None, run_after=None
[2025-02-19T09:40:02.304+0000] {processor.py:208} INFO - Processing /home/airflow/.local/lib/python3.12/site-packages/airflow/example_dags/example_sensors.py took 0.067 seconds
[2025-02-19T09:40:32.371+0000] {processor.py:186} INFO - Started process (PID=364) to work on /home/airflow/.local/lib/python3.12/site-packages/airflow/example_dags/example_sensors.py
[2025-02-19T09:40:32.372+0000] {processor.py:914} INFO - Processing file /home/airflow/.local/lib/python3.12/site-packages/airflow/example_dags/example_sensors.py for tasks to queue
[2025-02-19T09:40:32.374+0000] {logging_mixin.py:190} INFO - [2025-02-19T09:40:32.374+0000] {dagbag.py:587} INFO - Filling up the DagBag from /home/airflow/.local/lib/python3.12/site-packages/airflow/example_dags/example_sensors.py
[2025-02-19T09:40:32.383+0000] {processor.py:925} INFO - DAG(s) 'example_sensors' retrieved from /home/airflow/.local/lib/python3.12/site-packages/airflow/example_dags/example_sensors.py
[2025-02-19T09:40:32.407+0000] {logging_mixin.py:190} INFO - [2025-02-19T09:40:32.407+0000] {dag.py:3229} INFO - Sync 1 DAGs
[2025-02-19T09:40:32.419+0000] {logging_mixin.py:190} INFO - [2025-02-19T09:40:32.419+0000] {dag.py:4156} INFO - Setting next_dagrun for example_sensors to None, run_after=None
[2025-02-19T09:40:32.438+0000] {processor.py:208} INFO - Processing /home/airflow/.local/lib/python3.12/site-packages/airflow/example_dags/example_sensors.py took 0.071 seconds
[2025-02-19T09:41:02.634+0000] {processor.py:186} INFO - Started process (PID=428) to work on /home/airflow/.local/lib/python3.12/site-packages/airflow/example_dags/example_sensors.py
[2025-02-19T09:41:02.635+0000] {processor.py:914} INFO - Processing file /home/airflow/.local/lib/python3.12/site-packages/airflow/example_dags/example_sensors.py for tasks to queue
[2025-02-19T09:41:02.637+0000] {logging_mixin.py:190} INFO - [2025-02-19T09:41:02.637+0000] {dagbag.py:587} INFO - Filling up the DagBag from /home/airflow/.local/lib/python3.12/site-packages/airflow/example_dags/example_sensors.py
[2025-02-19T09:41:02.645+0000] {processor.py:925} INFO - DAG(s) 'example_sensors' retrieved from /home/airflow/.local/lib/python3.12/site-packages/airflow/example_dags/example_sensors.py
[2025-02-19T09:41:02.665+0000] {logging_mixin.py:190} INFO - [2025-02-19T09:41:02.665+0000] {dag.py:3229} INFO - Sync 1 DAGs
[2025-02-19T09:41:02.676+0000] {logging_mixin.py:190} INFO - [2025-02-19T09:41:02.676+0000] {dag.py:4156} INFO - Setting next_dagrun for example_sensors to None, run_after=None
[2025-02-19T09:41:02.691+0000] {processor.py:208} INFO - Processing /home/airflow/.local/lib/python3.12/site-packages/airflow/example_dags/example_sensors.py took 0.061 seconds
[2025-02-19T09:41:32.990+0000] {processor.py:186} INFO - Started process (PID=492) to work on /home/airflow/.local/lib/python3.12/site-packages/airflow/example_dags/example_sensors.py
[2025-02-19T09:41:32.991+0000] {processor.py:914} INFO - Processing file /home/airflow/.local/lib/python3.12/site-packages/airflow/example_dags/example_sensors.py for tasks to queue
[2025-02-19T09:41:32.993+0000] {logging_mixin.py:190} INFO - [2025-02-19T09:41:32.992+0000] {dagbag.py:587} INFO - Filling up the DagBag from /home/airflow/.local/lib/python3.12/site-packages/airflow/example_dags/example_sensors.py
[2025-02-19T09:41:33.001+0000] {processor.py:925} INFO - DAG(s) 'example_sensors' retrieved from /home/airflow/.local/lib/python3.12/site-packages/airflow/example_dags/example_sensors.py
[2025-02-19T09:41:33.021+0000] {logging_mixin.py:190} INFO - [2025-02-19T09:41:33.021+0000] {dag.py:3229} INFO - Sync 1 DAGs
[2025-02-19T09:41:33.032+0000] {logging_mixin.py:190} INFO - [2025-02-19T09:41:33.032+0000] {dag.py:4156} INFO - Setting next_dagrun for example_sensors to None, run_after=None
[2025-02-19T09:41:33.049+0000] {processor.py:208} INFO - Processing /home/airflow/.local/lib/python3.12/site-packages/airflow/example_dags/example_sensors.py took 0.063 seconds
[2025-02-19T09:42:04.114+0000] {processor.py:186} INFO - Started process (PID=556) to work on /home/airflow/.local/lib/python3.12/site-packages/airflow/example_dags/example_sensors.py
[2025-02-19T09:42:04.115+0000] {processor.py:914} INFO - Processing file /home/airflow/.local/lib/python3.12/site-packages/airflow/example_dags/example_sensors.py for tasks to queue
[2025-02-19T09:42:04.117+0000] {logging_mixin.py:190} INFO - [2025-02-19T09:42:04.117+0000] {dagbag.py:587} INFO - Filling up the DagBag from /home/airflow/.local/lib/python3.12/site-packages/airflow/example_dags/example_sensors.py
[2025-02-19T09:42:04.125+0000] {processor.py:925} INFO - DAG(s) 'example_sensors' retrieved from /home/airflow/.local/lib/python3.12/site-packages/airflow/example_dags/example_sensors.py
[2025-02-19T09:42:04.146+0000] {logging_mixin.py:190} INFO - [2025-02-19T09:42:04.146+0000] {dag.py:3229} INFO - Sync 1 DAGs
[2025-02-19T09:42:04.158+0000] {logging_mixin.py:190} INFO - [2025-02-19T09:42:04.157+0000] {dag.py:4156} INFO - Setting next_dagrun for example_sensors to None, run_after=None
[2025-02-19T09:42:04.172+0000] {processor.py:208} INFO - Processing /home/airflow/.local/lib/python3.12/site-packages/airflow/example_dags/example_sensors.py took 0.062 seconds
[2025-02-19T09:42:34.448+0000] {processor.py:186} INFO - Started process (PID=620) to work on /home/airflow/.local/lib/python3.12/site-packages/airflow/example_dags/example_sensors.py
[2025-02-19T09:42:34.449+0000] {processor.py:914} INFO - Processing file /home/airflow/.local/lib/python3.12/site-packages/airflow/example_dags/example_sensors.py for tasks to queue
[2025-02-19T09:42:34.451+0000] {logging_mixin.py:190} INFO - [2025-02-19T09:42:34.451+0000] {dagbag.py:587} INFO - Filling up the DagBag from /home/airflow/.local/lib/python3.12/site-packages/airflow/example_dags/example_sensors.py
[2025-02-19T09:42:34.460+0000] {processor.py:925} INFO - DAG(s) 'example_sensors' retrieved from /home/airflow/.local/lib/python3.12/site-packages/airflow/example_dags/example_sensors.py
[2025-02-19T09:42:34.481+0000] {logging_mixin.py:190} INFO - [2025-02-19T09:42:34.481+0000] {dag.py:3229} INFO - Sync 1 DAGs
[2025-02-19T09:42:34.493+0000] {logging_mixin.py:190} INFO - [2025-02-19T09:42:34.493+0000] {dag.py:4156} INFO - Setting next_dagrun for example_sensors to None, run_after=None
[2025-02-19T09:42:34.510+0000] {processor.py:208} INFO - Processing /home/airflow/.local/lib/python3.12/site-packages/airflow/example_dags/example_sensors.py took 0.066 seconds
[2025-02-19T09:43:05.476+0000] {processor.py:186} INFO - Started process (PID=684) to work on /home/airflow/.local/lib/python3.12/site-packages/airflow/example_dags/example_sensors.py
[2025-02-19T09:43:05.477+0000] {processor.py:914} INFO - Processing file /home/airflow/.local/lib/python3.12/site-packages/airflow/example_dags/example_sensors.py for tasks to queue
[2025-02-19T09:43:05.479+0000] {logging_mixin.py:190} INFO - [2025-02-19T09:43:05.479+0000] {dagbag.py:587} INFO - Filling up the DagBag from /home/airflow/.local/lib/python3.12/site-packages/airflow/example_dags/example_sensors.py
[2025-02-19T09:43:05.489+0000] {processor.py:925} INFO - DAG(s) 'example_sensors' retrieved from /home/airflow/.local/lib/python3.12/site-packages/airflow/example_dags/example_sensors.py
[2025-02-19T09:43:05.513+0000] {logging_mixin.py:190} INFO - [2025-02-19T09:43:05.513+0000] {dag.py:3229} INFO - Sync 1 DAGs
[2025-02-19T09:43:05.526+0000] {logging_mixin.py:190} INFO - [2025-02-19T09:43:05.526+0000] {dag.py:4156} INFO - Setting next_dagrun for example_sensors to None, run_after=None
[2025-02-19T09:43:05.544+0000] {processor.py:208} INFO - Processing /home/airflow/.local/lib/python3.12/site-packages/airflow/example_dags/example_sensors.py took 0.072 seconds
[2025-02-19T09:43:35.857+0000] {processor.py:186} INFO - Started process (PID=748) to work on /home/airflow/.local/lib/python3.12/site-packages/airflow/example_dags/example_sensors.py
[2025-02-19T09:43:35.858+0000] {processor.py:914} INFO - Processing file /home/airflow/.local/lib/python3.12/site-packages/airflow/example_dags/example_sensors.py for tasks to queue
[2025-02-19T09:43:35.860+0000] {logging_mixin.py:190} INFO - [2025-02-19T09:43:35.859+0000] {dagbag.py:587} INFO - Filling up the DagBag from /home/airflow/.local/lib/python3.12/site-packages/airflow/example_dags/example_sensors.py
[2025-02-19T09:43:35.868+0000] {processor.py:925} INFO - DAG(s) 'example_sensors' retrieved from /home/airflow/.local/lib/python3.12/site-packages/airflow/example_dags/example_sensors.py
[2025-02-19T09:43:35.891+0000] {logging_mixin.py:190} INFO - [2025-02-19T09:43:35.890+0000] {dag.py:3229} INFO - Sync 1 DAGs
[2025-02-19T09:43:35.901+0000] {logging_mixin.py:190} INFO - [2025-02-19T09:43:35.901+0000] {dag.py:4156} INFO - Setting next_dagrun for example_sensors to None, run_after=None
[2025-02-19T09:43:35.914+0000] {processor.py:208} INFO - Processing /home/airflow/.local/lib/python3.12/site-packages/airflow/example_dags/example_sensors.py took 0.061 seconds
[2025-02-19T09:44:06.156+0000] {processor.py:186} INFO - Started process (PID=812) to work on /home/airflow/.local/lib/python3.12/site-packages/airflow/example_dags/example_sensors.py
[2025-02-19T09:44:06.158+0000] {processor.py:914} INFO - Processing file /home/airflow/.local/lib/python3.12/site-packages/airflow/example_dags/example_sensors.py for tasks to queue
[2025-02-19T09:44:06.159+0000] {logging_mixin.py:190} INFO - [2025-02-19T09:44:06.159+0000] {dagbag.py:587} INFO - Filling up the DagBag from /home/airflow/.local/lib/python3.12/site-packages/airflow/example_dags/example_sensors.py
[2025-02-19T09:44:06.168+0000] {processor.py:925} INFO - DAG(s) 'example_sensors' retrieved from /home/airflow/.local/lib/python3.12/site-packages/airflow/example_dags/example_sensors.py
[2025-02-19T09:44:06.190+0000] {logging_mixin.py:190} INFO - [2025-02-19T09:44:06.190+0000] {dag.py:3229} INFO - Sync 1 DAGs
[2025-02-19T09:44:06.201+0000] {logging_mixin.py:190} INFO - [2025-02-19T09:44:06.201+0000] {dag.py:4156} INFO - Setting next_dagrun for example_sensors to None, run_after=None
[2025-02-19T09:44:06.216+0000] {processor.py:208} INFO - Processing /home/airflow/.local/lib/python3.12/site-packages/airflow/example_dags/example_sensors.py took 0.064 seconds
[2025-02-19T09:44:37.105+0000] {processor.py:186} INFO - Started process (PID=876) to work on /home/airflow/.local/lib/python3.12/site-packages/airflow/example_dags/example_sensors.py
[2025-02-19T09:44:37.106+0000] {processor.py:914} INFO - Processing file /home/airflow/.local/lib/python3.12/site-packages/airflow/example_dags/example_sensors.py for tasks to queue
[2025-02-19T09:44:37.108+0000] {logging_mixin.py:190} INFO - [2025-02-19T09:44:37.107+0000] {dagbag.py:587} INFO - Filling up the DagBag from /home/airflow/.local/lib/python3.12/site-packages/airflow/example_dags/example_sensors.py
[2025-02-19T09:44:37.117+0000] {processor.py:925} INFO - DAG(s) 'example_sensors' retrieved from /home/airflow/.local/lib/python3.12/site-packages/airflow/example_dags/example_sensors.py
[2025-02-19T09:44:37.140+0000] {logging_mixin.py:190} INFO - [2025-02-19T09:44:37.139+0000] {dag.py:3229} INFO - Sync 1 DAGs
[2025-02-19T09:44:37.152+0000] {logging_mixin.py:190} INFO - [2025-02-19T09:44:37.152+0000] {dag.py:4156} INFO - Setting next_dagrun for example_sensors to None, run_after=None
[2025-02-19T09:44:37.167+0000] {processor.py:208} INFO - Processing /home/airflow/.local/lib/python3.12/site-packages/airflow/example_dags/example_sensors.py took 0.068 seconds
[2025-02-19T09:45:07.453+0000] {processor.py:186} INFO - Started process (PID=940) to work on /home/airflow/.local/lib/python3.12/site-packages/airflow/example_dags/example_sensors.py
[2025-02-19T09:45:07.454+0000] {processor.py:914} INFO - Processing file /home/airflow/.local/lib/python3.12/site-packages/airflow/example_dags/example_sensors.py for tasks to queue
[2025-02-19T09:45:07.455+0000] {logging_mixin.py:190} INFO - [2025-02-19T09:45:07.455+0000] {dagbag.py:587} INFO - Filling up the DagBag from /home/airflow/.local/lib/python3.12/site-packages/airflow/example_dags/example_sensors.py
[2025-02-19T09:45:07.464+0000] {processor.py:925} INFO - DAG(s) 'example_sensors' retrieved from /home/airflow/.local/lib/python3.12/site-packages/airflow/example_dags/example_sensors.py
[2025-02-19T09:45:07.488+0000] {logging_mixin.py:190} INFO - [2025-02-19T09:45:07.488+0000] {dag.py:3229} INFO - Sync 1 DAGs
[2025-02-19T09:45:07.501+0000] {logging_mixin.py:190} INFO - [2025-02-19T09:45:07.501+0000] {dag.py:4156} INFO - Setting next_dagrun for example_sensors to None, run_after=None
[2025-02-19T09:45:07.519+0000] {processor.py:208} INFO - Processing /home/airflow/.local/lib/python3.12/site-packages/airflow/example_dags/example_sensors.py took 0.070 seconds
[2025-02-19T09:45:38.600+0000] {processor.py:186} INFO - Started process (PID=1004) to work on /home/airflow/.local/lib/python3.12/site-packages/airflow/example_dags/example_sensors.py
[2025-02-19T09:45:38.601+0000] {processor.py:914} INFO - Processing file /home/airflow/.local/lib/python3.12/site-packages/airflow/example_dags/example_sensors.py for tasks to queue
[2025-02-19T09:45:38.603+0000] {logging_mixin.py:190} INFO - [2025-02-19T09:45:38.603+0000] {dagbag.py:587} INFO - Filling up the DagBag from /home/airflow/.local/lib/python3.12/site-packages/airflow/example_dags/example_sensors.py
[2025-02-19T09:45:38.612+0000] {processor.py:925} INFO - DAG(s) 'example_sensors' retrieved from /home/airflow/.local/lib/python3.12/site-packages/airflow/example_dags/example_sensors.py
[2025-02-19T09:45:38.635+0000] {logging_mixin.py:190} INFO - [2025-02-19T09:45:38.635+0000] {dag.py:3229} INFO - Sync 1 DAGs
[2025-02-19T09:45:38.647+0000] {logging_mixin.py:190} INFO - [2025-02-19T09:45:38.647+0000] {dag.py:4156} INFO - Setting next_dagrun for example_sensors to None, run_after=None
[2025-02-19T09:45:38.665+0000] {processor.py:208} INFO - Processing /home/airflow/.local/lib/python3.12/site-packages/airflow/example_dags/example_sensors.py took 0.069 seconds
[2025-02-19T09:46:09.659+0000] {processor.py:186} INFO - Started process (PID=1068) to work on /home/airflow/.local/lib/python3.12/site-packages/airflow/example_dags/example_sensors.py
[2025-02-19T09:46:09.661+0000] {processor.py:914} INFO - Processing file /home/airflow/.local/lib/python3.12/site-packages/airflow/example_dags/example_sensors.py for tasks to queue
[2025-02-19T09:46:09.663+0000] {logging_mixin.py:190} INFO - [2025-02-19T09:46:09.663+0000] {dagbag.py:587} INFO - Filling up the DagBag from /home/airflow/.local/lib/python3.12/site-packages/airflow/example_dags/example_sensors.py
[2025-02-19T09:46:09.671+0000] {processor.py:925} INFO - DAG(s) 'example_sensors' retrieved from /home/airflow/.local/lib/python3.12/site-packages/airflow/example_dags/example_sensors.py
[2025-02-19T09:46:09.691+0000] {logging_mixin.py:190} INFO - [2025-02-19T09:46:09.691+0000] {dag.py:3229} INFO - Sync 1 DAGs
[2025-02-19T09:46:09.702+0000] {logging_mixin.py:190} INFO - [2025-02-19T09:46:09.702+0000] {dag.py:4156} INFO - Setting next_dagrun for example_sensors to None, run_after=None
[2025-02-19T09:46:09.716+0000] {processor.py:208} INFO - Processing /home/airflow/.local/lib/python3.12/site-packages/airflow/example_dags/example_sensors.py took 0.061 seconds
[2025-02-19T09:46:40.608+0000] {processor.py:186} INFO - Started process (PID=1132) to work on /home/airflow/.local/lib/python3.12/site-packages/airflow/example_dags/example_sensors.py
[2025-02-19T09:46:40.609+0000] {processor.py:914} INFO - Processing file /home/airflow/.local/lib/python3.12/site-packages/airflow/example_dags/example_sensors.py for tasks to queue
[2025-02-19T09:46:40.611+0000] {logging_mixin.py:190} INFO - [2025-02-19T09:46:40.610+0000] {dagbag.py:587} INFO - Filling up the DagBag from /home/airflow/.local/lib/python3.12/site-packages/airflow/example_dags/example_sensors.py
[2025-02-19T09:46:40.619+0000] {processor.py:925} INFO - DAG(s) 'example_sensors' retrieved from /home/airflow/.local/lib/python3.12/site-packages/airflow/example_dags/example_sensors.py
[2025-02-19T09:46:40.640+0000] {logging_mixin.py:190} INFO - [2025-02-19T09:46:40.640+0000] {dag.py:3229} INFO - Sync 1 DAGs
[2025-02-19T09:46:40.651+0000] {logging_mixin.py:190} INFO - [2025-02-19T09:46:40.651+0000] {dag.py:4156} INFO - Setting next_dagrun for example_sensors to None, run_after=None
[2025-02-19T09:46:40.664+0000] {processor.py:208} INFO - Processing /home/airflow/.local/lib/python3.12/site-packages/airflow/example_dags/example_sensors.py took 0.060 seconds
[2025-02-19T09:47:11.660+0000] {processor.py:186} INFO - Started process (PID=1196) to work on /home/airflow/.local/lib/python3.12/site-packages/airflow/example_dags/example_sensors.py
[2025-02-19T09:47:11.662+0000] {processor.py:914} INFO - Processing file /home/airflow/.local/lib/python3.12/site-packages/airflow/example_dags/example_sensors.py for tasks to queue
[2025-02-19T09:47:11.663+0000] {logging_mixin.py:190} INFO - [2025-02-19T09:47:11.663+0000] {dagbag.py:587} INFO - Filling up the DagBag from /home/airflow/.local/lib/python3.12/site-packages/airflow/example_dags/example_sensors.py
[2025-02-19T09:47:11.672+0000] {processor.py:925} INFO - DAG(s) 'example_sensors' retrieved from /home/airflow/.local/lib/python3.12/site-packages/airflow/example_dags/example_sensors.py
[2025-02-19T09:47:11.696+0000] {logging_mixin.py:190} INFO - [2025-02-19T09:47:11.696+0000] {dag.py:3229} INFO - Sync 1 DAGs
[2025-02-19T09:47:11.709+0000] {logging_mixin.py:190} INFO - [2025-02-19T09:47:11.708+0000] {dag.py:4156} INFO - Setting next_dagrun for example_sensors to None, run_after=None
[2025-02-19T09:47:11.726+0000] {processor.py:208} INFO - Processing /home/airflow/.local/lib/python3.12/site-packages/airflow/example_dags/example_sensors.py took 0.070 seconds
[2025-02-19T09:47:42.058+0000] {processor.py:186} INFO - Started process (PID=1260) to work on /home/airflow/.local/lib/python3.12/site-packages/airflow/example_dags/example_sensors.py
[2025-02-19T09:47:42.059+0000] {processor.py:914} INFO - Processing file /home/airflow/.local/lib/python3.12/site-packages/airflow/example_dags/example_sensors.py for tasks to queue
[2025-02-19T09:47:42.061+0000] {logging_mixin.py:190} INFO - [2025-02-19T09:47:42.061+0000] {dagbag.py:587} INFO - Filling up the DagBag from /home/airflow/.local/lib/python3.12/site-packages/airflow/example_dags/example_sensors.py
[2025-02-19T09:47:42.071+0000] {processor.py:925} INFO - DAG(s) 'example_sensors' retrieved from /home/airflow/.local/lib/python3.12/site-packages/airflow/example_dags/example_sensors.py
[2025-02-19T09:47:42.095+0000] {logging_mixin.py:190} INFO - [2025-02-19T09:47:42.095+0000] {dag.py:3229} INFO - Sync 1 DAGs
[2025-02-19T09:47:42.109+0000] {logging_mixin.py:190} INFO - [2025-02-19T09:47:42.109+0000] {dag.py:4156} INFO - Setting next_dagrun for example_sensors to None, run_after=None
[2025-02-19T09:47:42.128+0000] {processor.py:208} INFO - Processing /home/airflow/.local/lib/python3.12/site-packages/airflow/example_dags/example_sensors.py took 0.075 seconds
[2025-02-19T09:48:12.394+0000] {processor.py:186} INFO - Started process (PID=1325) to work on /home/airflow/.local/lib/python3.12/site-packages/airflow/example_dags/example_sensors.py
[2025-02-19T09:48:12.395+0000] {processor.py:914} INFO - Processing file /home/airflow/.local/lib/python3.12/site-packages/airflow/example_dags/example_sensors.py for tasks to queue
[2025-02-19T09:48:12.396+0000] {logging_mixin.py:190} INFO - [2025-02-19T09:48:12.396+0000] {dagbag.py:587} INFO - Filling up the DagBag from /home/airflow/.local/lib/python3.12/site-packages/airflow/example_dags/example_sensors.py
[2025-02-19T09:48:12.405+0000] {processor.py:925} INFO - DAG(s) 'example_sensors' retrieved from /home/airflow/.local/lib/python3.12/site-packages/airflow/example_dags/example_sensors.py
[2025-02-19T09:48:12.428+0000] {logging_mixin.py:190} INFO - [2025-02-19T09:48:12.428+0000] {dag.py:3229} INFO - Sync 1 DAGs
[2025-02-19T09:48:12.439+0000] {logging_mixin.py:190} INFO - [2025-02-19T09:48:12.439+0000] {dag.py:4156} INFO - Setting next_dagrun for example_sensors to None, run_after=None
[2025-02-19T09:48:12.454+0000] {processor.py:208} INFO - Processing /home/airflow/.local/lib/python3.12/site-packages/airflow/example_dags/example_sensors.py took 0.065 seconds
[2025-02-19T09:48:43.509+0000] {processor.py:186} INFO - Started process (PID=1389) to work on /home/airflow/.local/lib/python3.12/site-packages/airflow/example_dags/example_sensors.py
[2025-02-19T09:48:43.510+0000] {processor.py:914} INFO - Processing file /home/airflow/.local/lib/python3.12/site-packages/airflow/example_dags/example_sensors.py for tasks to queue
[2025-02-19T09:48:43.512+0000] {logging_mixin.py:190} INFO - [2025-02-19T09:48:43.512+0000] {dagbag.py:587} INFO - Filling up the DagBag from /home/airflow/.local/lib/python3.12/site-packages/airflow/example_dags/example_sensors.py
[2025-02-19T09:48:43.520+0000] {processor.py:925} INFO - DAG(s) 'example_sensors' retrieved from /home/airflow/.local/lib/python3.12/site-packages/airflow/example_dags/example_sensors.py
[2025-02-19T09:48:43.540+0000] {logging_mixin.py:190} INFO - [2025-02-19T09:48:43.540+0000] {dag.py:3229} INFO - Sync 1 DAGs
[2025-02-19T09:48:43.551+0000] {logging_mixin.py:190} INFO - [2025-02-19T09:48:43.551+0000] {dag.py:4156} INFO - Setting next_dagrun for example_sensors to None, run_after=None
[2025-02-19T09:48:43.568+0000] {processor.py:208} INFO - Processing /home/airflow/.local/lib/python3.12/site-packages/airflow/example_dags/example_sensors.py took 0.063 seconds
[2025-02-19T09:49:14.423+0000] {processor.py:186} INFO - Started process (PID=1453) to work on /home/airflow/.local/lib/python3.12/site-packages/airflow/example_dags/example_sensors.py
[2025-02-19T09:49:14.424+0000] {processor.py:914} INFO - Processing file /home/airflow/.local/lib/python3.12/site-packages/airflow/example_dags/example_sensors.py for tasks to queue
[2025-02-19T09:49:14.426+0000] {logging_mixin.py:190} INFO - [2025-02-19T09:49:14.426+0000] {dagbag.py:587} INFO - Filling up the DagBag from /home/airflow/.local/lib/python3.12/site-packages/airflow/example_dags/example_sensors.py
[2025-02-19T09:49:14.434+0000] {processor.py:925} INFO - DAG(s) 'example_sensors' retrieved from /home/airflow/.local/lib/python3.12/site-packages/airflow/example_dags/example_sensors.py
[2025-02-19T09:49:14.455+0000] {logging_mixin.py:190} INFO - [2025-02-19T09:49:14.455+0000] {dag.py:3229} INFO - Sync 1 DAGs
[2025-02-19T09:49:14.467+0000] {logging_mixin.py:190} INFO - [2025-02-19T09:49:14.467+0000] {dag.py:4156} INFO - Setting next_dagrun for example_sensors to None, run_after=None
[2025-02-19T09:49:14.482+0000] {processor.py:208} INFO - Processing /home/airflow/.local/lib/python3.12/site-packages/airflow/example_dags/example_sensors.py took 0.063 seconds
[2025-02-19T09:49:45.386+0000] {processor.py:186} INFO - Started process (PID=1517) to work on /home/airflow/.local/lib/python3.12/site-packages/airflow/example_dags/example_sensors.py
[2025-02-19T09:49:45.387+0000] {processor.py:914} INFO - Processing file /home/airflow/.local/lib/python3.12/site-packages/airflow/example_dags/example_sensors.py for tasks to queue
[2025-02-19T09:49:45.389+0000] {logging_mixin.py:190} INFO - [2025-02-19T09:49:45.388+0000] {dagbag.py:587} INFO - Filling up the DagBag from /home/airflow/.local/lib/python3.12/site-packages/airflow/example_dags/example_sensors.py
[2025-02-19T09:49:45.397+0000] {processor.py:925} INFO - DAG(s) 'example_sensors' retrieved from /home/airflow/.local/lib/python3.12/site-packages/airflow/example_dags/example_sensors.py
[2025-02-19T09:49:45.419+0000] {logging_mixin.py:190} INFO - [2025-02-19T09:49:45.418+0000] {dag.py:3229} INFO - Sync 1 DAGs
[2025-02-19T09:49:45.429+0000] {logging_mixin.py:190} INFO - [2025-02-19T09:49:45.429+0000] {dag.py:4156} INFO - Setting next_dagrun for example_sensors to None, run_after=None
[2025-02-19T09:49:45.447+0000] {processor.py:208} INFO - Processing /home/airflow/.local/lib/python3.12/site-packages/airflow/example_dags/example_sensors.py took 0.065 seconds
[2025-02-19T09:50:15.744+0000] {processor.py:186} INFO - Started process (PID=1581) to work on /home/airflow/.local/lib/python3.12/site-packages/airflow/example_dags/example_sensors.py
[2025-02-19T09:50:15.746+0000] {processor.py:914} INFO - Processing file /home/airflow/.local/lib/python3.12/site-packages/airflow/example_dags/example_sensors.py for tasks to queue
[2025-02-19T09:50:15.748+0000] {logging_mixin.py:190} INFO - [2025-02-19T09:50:15.747+0000] {dagbag.py:587} INFO - Filling up the DagBag from /home/airflow/.local/lib/python3.12/site-packages/airflow/example_dags/example_sensors.py
[2025-02-19T09:50:15.757+0000] {processor.py:925} INFO - DAG(s) 'example_sensors' retrieved from /home/airflow/.local/lib/python3.12/site-packages/airflow/example_dags/example_sensors.py
[2025-02-19T09:50:15.782+0000] {logging_mixin.py:190} INFO - [2025-02-19T09:50:15.781+0000] {dag.py:3229} INFO - Sync 1 DAGs
[2025-02-19T09:50:15.794+0000] {logging_mixin.py:190} INFO - [2025-02-19T09:50:15.794+0000] {dag.py:4156} INFO - Setting next_dagrun for example_sensors to None, run_after=None
[2025-02-19T09:50:15.814+0000] {processor.py:208} INFO - Processing /home/airflow/.local/lib/python3.12/site-packages/airflow/example_dags/example_sensors.py took 0.075 seconds
[2025-02-19T09:50:46.205+0000] {processor.py:186} INFO - Started process (PID=1645) to work on /home/airflow/.local/lib/python3.12/site-packages/airflow/example_dags/example_sensors.py
[2025-02-19T09:50:46.206+0000] {processor.py:914} INFO - Processing file /home/airflow/.local/lib/python3.12/site-packages/airflow/example_dags/example_sensors.py for tasks to queue
[2025-02-19T09:50:46.208+0000] {logging_mixin.py:190} INFO - [2025-02-19T09:50:46.208+0000] {dagbag.py:587} INFO - Filling up the DagBag from /home/airflow/.local/lib/python3.12/site-packages/airflow/example_dags/example_sensors.py
[2025-02-19T09:50:46.217+0000] {processor.py:925} INFO - DAG(s) 'example_sensors' retrieved from /home/airflow/.local/lib/python3.12/site-packages/airflow/example_dags/example_sensors.py
[2025-02-19T09:50:46.238+0000] {logging_mixin.py:190} INFO - [2025-02-19T09:50:46.237+0000] {dag.py:3229} INFO - Sync 1 DAGs
[2025-02-19T09:50:46.250+0000] {logging_mixin.py:190} INFO - [2025-02-19T09:50:46.250+0000] {dag.py:4156} INFO - Setting next_dagrun for example_sensors to None, run_after=None
[2025-02-19T09:50:46.265+0000] {processor.py:208} INFO - Processing /home/airflow/.local/lib/python3.12/site-packages/airflow/example_dags/example_sensors.py took 0.065 seconds
[2025-02-19T09:51:16.404+0000] {processor.py:186} INFO - Started process (PID=1709) to work on /home/airflow/.local/lib/python3.12/site-packages/airflow/example_dags/example_sensors.py
[2025-02-19T09:51:16.405+0000] {processor.py:914} INFO - Processing file /home/airflow/.local/lib/python3.12/site-packages/airflow/example_dags/example_sensors.py for tasks to queue
[2025-02-19T09:51:16.407+0000] {logging_mixin.py:190} INFO - [2025-02-19T09:51:16.407+0000] {dagbag.py:587} INFO - Filling up the DagBag from /home/airflow/.local/lib/python3.12/site-packages/airflow/example_dags/example_sensors.py
[2025-02-19T09:51:16.415+0000] {processor.py:925} INFO - DAG(s) 'example_sensors' retrieved from /home/airflow/.local/lib/python3.12/site-packages/airflow/example_dags/example_sensors.py
[2025-02-19T09:51:16.438+0000] {logging_mixin.py:190} INFO - [2025-02-19T09:51:16.437+0000] {dag.py:3229} INFO - Sync 1 DAGs
[2025-02-19T09:51:16.449+0000] {logging_mixin.py:190} INFO - [2025-02-19T09:51:16.449+0000] {dag.py:4156} INFO - Setting next_dagrun for example_sensors to None, run_after=None
[2025-02-19T09:51:16.464+0000] {processor.py:208} INFO - Processing /home/airflow/.local/lib/python3.12/site-packages/airflow/example_dags/example_sensors.py took 0.065 seconds
[2025-02-19T09:51:46.727+0000] {processor.py:186} INFO - Started process (PID=1773) to work on /home/airflow/.local/lib/python3.12/site-packages/airflow/example_dags/example_sensors.py
[2025-02-19T09:51:46.728+0000] {processor.py:914} INFO - Processing file /home/airflow/.local/lib/python3.12/site-packages/airflow/example_dags/example_sensors.py for tasks to queue
[2025-02-19T09:51:46.730+0000] {logging_mixin.py:190} INFO - [2025-02-19T09:51:46.729+0000] {dagbag.py:587} INFO - Filling up the DagBag from /home/airflow/.local/lib/python3.12/site-packages/airflow/example_dags/example_sensors.py
[2025-02-19T09:51:46.738+0000] {processor.py:925} INFO - DAG(s) 'example_sensors' retrieved from /home/airflow/.local/lib/python3.12/site-packages/airflow/example_dags/example_sensors.py
[2025-02-19T09:51:46.760+0000] {logging_mixin.py:190} INFO - [2025-02-19T09:51:46.759+0000] {dag.py:3229} INFO - Sync 1 DAGs
[2025-02-19T09:51:46.772+0000] {logging_mixin.py:190} INFO - [2025-02-19T09:51:46.772+0000] {dag.py:4156} INFO - Setting next_dagrun for example_sensors to None, run_after=None
[2025-02-19T09:51:46.791+0000] {processor.py:208} INFO - Processing /home/airflow/.local/lib/python3.12/site-packages/airflow/example_dags/example_sensors.py took 0.068 seconds
[2025-02-19T09:52:17.167+0000] {processor.py:186} INFO - Started process (PID=1837) to work on /home/airflow/.local/lib/python3.12/site-packages/airflow/example_dags/example_sensors.py
[2025-02-19T09:52:17.168+0000] {processor.py:914} INFO - Processing file /home/airflow/.local/lib/python3.12/site-packages/airflow/example_dags/example_sensors.py for tasks to queue
[2025-02-19T09:52:17.170+0000] {logging_mixin.py:190} INFO - [2025-02-19T09:52:17.170+0000] {dagbag.py:587} INFO - Filling up the DagBag from /home/airflow/.local/lib/python3.12/site-packages/airflow/example_dags/example_sensors.py
[2025-02-19T09:52:17.178+0000] {processor.py:925} INFO - DAG(s) 'example_sensors' retrieved from /home/airflow/.local/lib/python3.12/site-packages/airflow/example_dags/example_sensors.py
[2025-02-19T09:52:17.199+0000] {logging_mixin.py:190} INFO - [2025-02-19T09:52:17.199+0000] {dag.py:3229} INFO - Sync 1 DAGs
[2025-02-19T09:52:17.210+0000] {logging_mixin.py:190} INFO - [2025-02-19T09:52:17.210+0000] {dag.py:4156} INFO - Setting next_dagrun for example_sensors to None, run_after=None
[2025-02-19T09:52:17.227+0000] {processor.py:208} INFO - Processing /home/airflow/.local/lib/python3.12/site-packages/airflow/example_dags/example_sensors.py took 0.064 seconds
[2025-02-19T09:52:47.415+0000] {processor.py:186} INFO - Started process (PID=1901) to work on /home/airflow/.local/lib/python3.12/site-packages/airflow/example_dags/example_sensors.py
[2025-02-19T09:52:47.417+0000] {processor.py:914} INFO - Processing file /home/airflow/.local/lib/python3.12/site-packages/airflow/example_dags/example_sensors.py for tasks to queue
[2025-02-19T09:52:47.419+0000] {logging_mixin.py:190} INFO - [2025-02-19T09:52:47.419+0000] {dagbag.py:587} INFO - Filling up the DagBag from /home/airflow/.local/lib/python3.12/site-packages/airflow/example_dags/example_sensors.py
[2025-02-19T09:52:47.430+0000] {processor.py:925} INFO - DAG(s) 'example_sensors' retrieved from /home/airflow/.local/lib/python3.12/site-packages/airflow/example_dags/example_sensors.py
[2025-02-19T09:52:47.455+0000] {logging_mixin.py:190} INFO - [2025-02-19T09:52:47.455+0000] {dag.py:3229} INFO - Sync 1 DAGs
[2025-02-19T09:52:47.469+0000] {logging_mixin.py:190} INFO - [2025-02-19T09:52:47.468+0000] {dag.py:4156} INFO - Setting next_dagrun for example_sensors to None, run_after=None
[2025-02-19T09:52:47.488+0000] {processor.py:208} INFO - Processing /home/airflow/.local/lib/python3.12/site-packages/airflow/example_dags/example_sensors.py took 0.078 seconds
[2025-02-19T09:53:17.653+0000] {processor.py:186} INFO - Started process (PID=1965) to work on /home/airflow/.local/lib/python3.12/site-packages/airflow/example_dags/example_sensors.py
[2025-02-19T09:53:17.654+0000] {processor.py:914} INFO - Processing file /home/airflow/.local/lib/python3.12/site-packages/airflow/example_dags/example_sensors.py for tasks to queue
[2025-02-19T09:53:17.656+0000] {logging_mixin.py:190} INFO - [2025-02-19T09:53:17.656+0000] {dagbag.py:587} INFO - Filling up the DagBag from /home/airflow/.local/lib/python3.12/site-packages/airflow/example_dags/example_sensors.py
[2025-02-19T09:53:17.666+0000] {processor.py:925} INFO - DAG(s) 'example_sensors' retrieved from /home/airflow/.local/lib/python3.12/site-packages/airflow/example_dags/example_sensors.py
[2025-02-19T09:53:17.689+0000] {logging_mixin.py:190} INFO - [2025-02-19T09:53:17.689+0000] {dag.py:3229} INFO - Sync 1 DAGs
[2025-02-19T09:53:17.702+0000] {logging_mixin.py:190} INFO - [2025-02-19T09:53:17.702+0000] {dag.py:4156} INFO - Setting next_dagrun for example_sensors to None, run_after=None
[2025-02-19T09:53:17.720+0000] {processor.py:208} INFO - Processing /home/airflow/.local/lib/python3.12/site-packages/airflow/example_dags/example_sensors.py took 0.072 seconds
[2025-02-19T09:53:47.982+0000] {processor.py:186} INFO - Started process (PID=2029) to work on /home/airflow/.local/lib/python3.12/site-packages/airflow/example_dags/example_sensors.py
[2025-02-19T09:53:47.983+0000] {processor.py:914} INFO - Processing file /home/airflow/.local/lib/python3.12/site-packages/airflow/example_dags/example_sensors.py for tasks to queue
[2025-02-19T09:53:47.985+0000] {logging_mixin.py:190} INFO - [2025-02-19T09:53:47.985+0000] {dagbag.py:587} INFO - Filling up the DagBag from /home/airflow/.local/lib/python3.12/site-packages/airflow/example_dags/example_sensors.py
[2025-02-19T09:53:47.993+0000] {processor.py:925} INFO - DAG(s) 'example_sensors' retrieved from /home/airflow/.local/lib/python3.12/site-packages/airflow/example_dags/example_sensors.py
[2025-02-19T09:53:48.015+0000] {logging_mixin.py:190} INFO - [2025-02-19T09:53:48.015+0000] {dag.py:3229} INFO - Sync 1 DAGs
[2025-02-19T09:53:48.026+0000] {logging_mixin.py:190} INFO - [2025-02-19T09:53:48.026+0000] {dag.py:4156} INFO - Setting next_dagrun for example_sensors to None, run_after=None
[2025-02-19T09:53:48.042+0000] {processor.py:208} INFO - Processing /home/airflow/.local/lib/python3.12/site-packages/airflow/example_dags/example_sensors.py took 0.064 seconds
[2025-02-19T09:54:18.397+0000] {processor.py:186} INFO - Started process (PID=2092) to work on /home/airflow/.local/lib/python3.12/site-packages/airflow/example_dags/example_sensors.py
[2025-02-19T09:54:18.398+0000] {processor.py:914} INFO - Processing file /home/airflow/.local/lib/python3.12/site-packages/airflow/example_dags/example_sensors.py for tasks to queue
[2025-02-19T09:54:18.400+0000] {logging_mixin.py:190} INFO - [2025-02-19T09:54:18.399+0000] {dagbag.py:587} INFO - Filling up the DagBag from /home/airflow/.local/lib/python3.12/site-packages/airflow/example_dags/example_sensors.py
[2025-02-19T09:54:18.409+0000] {processor.py:925} INFO - DAG(s) 'example_sensors' retrieved from /home/airflow/.local/lib/python3.12/site-packages/airflow/example_dags/example_sensors.py
[2025-02-19T09:54:18.432+0000] {logging_mixin.py:190} INFO - [2025-02-19T09:54:18.432+0000] {dag.py:3229} INFO - Sync 1 DAGs
[2025-02-19T09:54:18.443+0000] {logging_mixin.py:190} INFO - [2025-02-19T09:54:18.443+0000] {dag.py:4156} INFO - Setting next_dagrun for example_sensors to None, run_after=None
[2025-02-19T09:54:18.462+0000] {processor.py:208} INFO - Processing /home/airflow/.local/lib/python3.12/site-packages/airflow/example_dags/example_sensors.py took 0.070 seconds
[2025-02-19T09:54:48.569+0000] {processor.py:186} INFO - Started process (PID=2156) to work on /home/airflow/.local/lib/python3.12/site-packages/airflow/example_dags/example_sensors.py
[2025-02-19T09:54:48.570+0000] {processor.py:914} INFO - Processing file /home/airflow/.local/lib/python3.12/site-packages/airflow/example_dags/example_sensors.py for tasks to queue
[2025-02-19T09:54:48.572+0000] {logging_mixin.py:190} INFO - [2025-02-19T09:54:48.572+0000] {dagbag.py:587} INFO - Filling up the DagBag from /home/airflow/.local/lib/python3.12/site-packages/airflow/example_dags/example_sensors.py
[2025-02-19T09:54:48.581+0000] {processor.py:925} INFO - DAG(s) 'example_sensors' retrieved from /home/airflow/.local/lib/python3.12/site-packages/airflow/example_dags/example_sensors.py
[2025-02-19T09:54:48.605+0000] {logging_mixin.py:190} INFO - [2025-02-19T09:54:48.605+0000] {dag.py:3229} INFO - Sync 1 DAGs
[2025-02-19T09:54:48.618+0000] {logging_mixin.py:190} INFO - [2025-02-19T09:54:48.617+0000] {dag.py:4156} INFO - Setting next_dagrun for example_sensors to None, run_after=None
[2025-02-19T09:54:48.635+0000] {processor.py:208} INFO - Processing /home/airflow/.local/lib/python3.12/site-packages/airflow/example_dags/example_sensors.py took 0.071 seconds
[2025-02-19T09:55:18.826+0000] {processor.py:186} INFO - Started process (PID=2220) to work on /home/airflow/.local/lib/python3.12/site-packages/airflow/example_dags/example_sensors.py
[2025-02-19T09:55:18.827+0000] {processor.py:914} INFO - Processing file /home/airflow/.local/lib/python3.12/site-packages/airflow/example_dags/example_sensors.py for tasks to queue
[2025-02-19T09:55:18.829+0000] {logging_mixin.py:190} INFO - [2025-02-19T09:55:18.828+0000] {dagbag.py:587} INFO - Filling up the DagBag from /home/airflow/.local/lib/python3.12/site-packages/airflow/example_dags/example_sensors.py
[2025-02-19T09:55:18.838+0000] {processor.py:925} INFO - DAG(s) 'example_sensors' retrieved from /home/airflow/.local/lib/python3.12/site-packages/airflow/example_dags/example_sensors.py
[2025-02-19T09:55:18.858+0000] {logging_mixin.py:190} INFO - [2025-02-19T09:55:18.858+0000] {dag.py:3229} INFO - Sync 1 DAGs
[2025-02-19T09:55:18.869+0000] {logging_mixin.py:190} INFO - [2025-02-19T09:55:18.869+0000] {dag.py:4156} INFO - Setting next_dagrun for example_sensors to None, run_after=None
[2025-02-19T09:55:18.883+0000] {processor.py:208} INFO - Processing /home/airflow/.local/lib/python3.12/site-packages/airflow/example_dags/example_sensors.py took 0.061 seconds
[2025-02-19T09:55:49.202+0000] {processor.py:186} INFO - Started process (PID=2284) to work on /home/airflow/.local/lib/python3.12/site-packages/airflow/example_dags/example_sensors.py
[2025-02-19T09:55:49.203+0000] {processor.py:914} INFO - Processing file /home/airflow/.local/lib/python3.12/site-packages/airflow/example_dags/example_sensors.py for tasks to queue
[2025-02-19T09:55:49.205+0000] {logging_mixin.py:190} INFO - [2025-02-19T09:55:49.205+0000] {dagbag.py:587} INFO - Filling up the DagBag from /home/airflow/.local/lib/python3.12/site-packages/airflow/example_dags/example_sensors.py
[2025-02-19T09:55:49.213+0000] {processor.py:925} INFO - DAG(s) 'example_sensors' retrieved from /home/airflow/.local/lib/python3.12/site-packages/airflow/example_dags/example_sensors.py
[2025-02-19T09:55:49.234+0000] {logging_mixin.py:190} INFO - [2025-02-19T09:55:49.234+0000] {dag.py:3229} INFO - Sync 1 DAGs
[2025-02-19T09:55:49.246+0000] {logging_mixin.py:190} INFO - [2025-02-19T09:55:49.246+0000] {dag.py:4156} INFO - Setting next_dagrun for example_sensors to None, run_after=None
[2025-02-19T09:55:49.259+0000] {processor.py:208} INFO - Processing /home/airflow/.local/lib/python3.12/site-packages/airflow/example_dags/example_sensors.py took 0.061 seconds
[2025-02-19T09:56:19.589+0000] {processor.py:186} INFO - Started process (PID=2348) to work on /home/airflow/.local/lib/python3.12/site-packages/airflow/example_dags/example_sensors.py
[2025-02-19T09:56:19.591+0000] {processor.py:914} INFO - Processing file /home/airflow/.local/lib/python3.12/site-packages/airflow/example_dags/example_sensors.py for tasks to queue
[2025-02-19T09:56:19.592+0000] {logging_mixin.py:190} INFO - [2025-02-19T09:56:19.592+0000] {dagbag.py:587} INFO - Filling up the DagBag from /home/airflow/.local/lib/python3.12/site-packages/airflow/example_dags/example_sensors.py
[2025-02-19T09:56:19.600+0000] {processor.py:925} INFO - DAG(s) 'example_sensors' retrieved from /home/airflow/.local/lib/python3.12/site-packages/airflow/example_dags/example_sensors.py
[2025-02-19T09:56:19.621+0000] {logging_mixin.py:190} INFO - [2025-02-19T09:56:19.621+0000] {dag.py:3229} INFO - Sync 1 DAGs
[2025-02-19T09:56:19.634+0000] {logging_mixin.py:190} INFO - [2025-02-19T09:56:19.633+0000] {dag.py:4156} INFO - Setting next_dagrun for example_sensors to None, run_after=None
[2025-02-19T09:56:19.648+0000] {processor.py:208} INFO - Processing /home/airflow/.local/lib/python3.12/site-packages/airflow/example_dags/example_sensors.py took 0.063 seconds
[2025-02-19T09:56:50.266+0000] {processor.py:186} INFO - Started process (PID=2415) to work on /home/airflow/.local/lib/python3.12/site-packages/airflow/example_dags/example_sensors.py
[2025-02-19T09:56:50.268+0000] {processor.py:914} INFO - Processing file /home/airflow/.local/lib/python3.12/site-packages/airflow/example_dags/example_sensors.py for tasks to queue
[2025-02-19T09:56:50.269+0000] {logging_mixin.py:190} INFO - [2025-02-19T09:56:50.269+0000] {dagbag.py:587} INFO - Filling up the DagBag from /home/airflow/.local/lib/python3.12/site-packages/airflow/example_dags/example_sensors.py
[2025-02-19T09:56:50.278+0000] {processor.py:925} INFO - DAG(s) 'example_sensors' retrieved from /home/airflow/.local/lib/python3.12/site-packages/airflow/example_dags/example_sensors.py
[2025-02-19T09:56:50.300+0000] {logging_mixin.py:190} INFO - [2025-02-19T09:56:50.299+0000] {dag.py:3229} INFO - Sync 1 DAGs
[2025-02-19T09:56:50.311+0000] {logging_mixin.py:190} INFO - [2025-02-19T09:56:50.311+0000] {dag.py:4156} INFO - Setting next_dagrun for example_sensors to None, run_after=None
[2025-02-19T09:56:50.328+0000] {processor.py:208} INFO - Processing /home/airflow/.local/lib/python3.12/site-packages/airflow/example_dags/example_sensors.py took 0.066 seconds
[2025-02-19T09:57:21.315+0000] {processor.py:186} INFO - Started process (PID=2479) to work on /home/airflow/.local/lib/python3.12/site-packages/airflow/example_dags/example_sensors.py
[2025-02-19T09:57:21.316+0000] {processor.py:914} INFO - Processing file /home/airflow/.local/lib/python3.12/site-packages/airflow/example_dags/example_sensors.py for tasks to queue
[2025-02-19T09:57:21.318+0000] {logging_mixin.py:190} INFO - [2025-02-19T09:57:21.318+0000] {dagbag.py:587} INFO - Filling up the DagBag from /home/airflow/.local/lib/python3.12/site-packages/airflow/example_dags/example_sensors.py
[2025-02-19T09:57:21.328+0000] {processor.py:925} INFO - DAG(s) 'example_sensors' retrieved from /home/airflow/.local/lib/python3.12/site-packages/airflow/example_dags/example_sensors.py
[2025-02-19T09:57:21.352+0000] {logging_mixin.py:190} INFO - [2025-02-19T09:57:21.352+0000] {dag.py:3229} INFO - Sync 1 DAGs
[2025-02-19T09:57:21.369+0000] {logging_mixin.py:190} INFO - [2025-02-19T09:57:21.369+0000] {dag.py:4156} INFO - Setting next_dagrun for example_sensors to None, run_after=None
[2025-02-19T09:57:21.392+0000] {processor.py:208} INFO - Processing /home/airflow/.local/lib/python3.12/site-packages/airflow/example_dags/example_sensors.py took 0.082 seconds
[2025-02-19T09:57:51.696+0000] {processor.py:186} INFO - Started process (PID=2543) to work on /home/airflow/.local/lib/python3.12/site-packages/airflow/example_dags/example_sensors.py
[2025-02-19T09:57:51.697+0000] {processor.py:914} INFO - Processing file /home/airflow/.local/lib/python3.12/site-packages/airflow/example_dags/example_sensors.py for tasks to queue
[2025-02-19T09:57:51.699+0000] {logging_mixin.py:190} INFO - [2025-02-19T09:57:51.699+0000] {dagbag.py:587} INFO - Filling up the DagBag from /home/airflow/.local/lib/python3.12/site-packages/airflow/example_dags/example_sensors.py
[2025-02-19T09:57:51.707+0000] {processor.py:925} INFO - DAG(s) 'example_sensors' retrieved from /home/airflow/.local/lib/python3.12/site-packages/airflow/example_dags/example_sensors.py
[2025-02-19T09:57:51.728+0000] {logging_mixin.py:190} INFO - [2025-02-19T09:57:51.727+0000] {dag.py:3229} INFO - Sync 1 DAGs
[2025-02-19T09:57:51.739+0000] {logging_mixin.py:190} INFO - [2025-02-19T09:57:51.738+0000] {dag.py:4156} INFO - Setting next_dagrun for example_sensors to None, run_after=None
[2025-02-19T09:57:51.753+0000] {processor.py:208} INFO - Processing /home/airflow/.local/lib/python3.12/site-packages/airflow/example_dags/example_sensors.py took 0.061 seconds
[2025-02-19T09:58:22.453+0000] {processor.py:186} INFO - Started process (PID=2608) to work on /home/airflow/.local/lib/python3.12/site-packages/airflow/example_dags/example_sensors.py
[2025-02-19T09:58:22.454+0000] {processor.py:914} INFO - Processing file /home/airflow/.local/lib/python3.12/site-packages/airflow/example_dags/example_sensors.py for tasks to queue
[2025-02-19T09:58:22.456+0000] {logging_mixin.py:190} INFO - [2025-02-19T09:58:22.456+0000] {dagbag.py:587} INFO - Filling up the DagBag from /home/airflow/.local/lib/python3.12/site-packages/airflow/example_dags/example_sensors.py
[2025-02-19T09:58:22.465+0000] {processor.py:925} INFO - DAG(s) 'example_sensors' retrieved from /home/airflow/.local/lib/python3.12/site-packages/airflow/example_dags/example_sensors.py
[2025-02-19T09:58:22.486+0000] {logging_mixin.py:190} INFO - [2025-02-19T09:58:22.485+0000] {dag.py:3229} INFO - Sync 1 DAGs
[2025-02-19T09:58:22.497+0000] {logging_mixin.py:190} INFO - [2025-02-19T09:58:22.497+0000] {dag.py:4156} INFO - Setting next_dagrun for example_sensors to None, run_after=None
[2025-02-19T09:58:22.510+0000] {processor.py:208} INFO - Processing /home/airflow/.local/lib/python3.12/site-packages/airflow/example_dags/example_sensors.py took 0.061 seconds
[2025-02-19T09:58:53.556+0000] {processor.py:186} INFO - Started process (PID=2677) to work on /home/airflow/.local/lib/python3.12/site-packages/airflow/example_dags/example_sensors.py
[2025-02-19T09:58:53.557+0000] {processor.py:914} INFO - Processing file /home/airflow/.local/lib/python3.12/site-packages/airflow/example_dags/example_sensors.py for tasks to queue
[2025-02-19T09:58:53.559+0000] {logging_mixin.py:190} INFO - [2025-02-19T09:58:53.559+0000] {dagbag.py:587} INFO - Filling up the DagBag from /home/airflow/.local/lib/python3.12/site-packages/airflow/example_dags/example_sensors.py
[2025-02-19T09:58:53.570+0000] {processor.py:925} INFO - DAG(s) 'example_sensors' retrieved from /home/airflow/.local/lib/python3.12/site-packages/airflow/example_dags/example_sensors.py
[2025-02-19T09:58:53.596+0000] {logging_mixin.py:190} INFO - [2025-02-19T09:58:53.595+0000] {dag.py:3229} INFO - Sync 1 DAGs
[2025-02-19T09:58:53.608+0000] {logging_mixin.py:190} INFO - [2025-02-19T09:58:53.608+0000] {dag.py:4156} INFO - Setting next_dagrun for example_sensors to None, run_after=None
[2025-02-19T09:58:53.623+0000] {processor.py:208} INFO - Processing /home/airflow/.local/lib/python3.12/site-packages/airflow/example_dags/example_sensors.py took 0.071 seconds
[2025-02-19T09:59:24.740+0000] {processor.py:186} INFO - Started process (PID=2741) to work on /home/airflow/.local/lib/python3.12/site-packages/airflow/example_dags/example_sensors.py
[2025-02-19T09:59:24.741+0000] {processor.py:914} INFO - Processing file /home/airflow/.local/lib/python3.12/site-packages/airflow/example_dags/example_sensors.py for tasks to queue
[2025-02-19T09:59:24.743+0000] {logging_mixin.py:190} INFO - [2025-02-19T09:59:24.743+0000] {dagbag.py:587} INFO - Filling up the DagBag from /home/airflow/.local/lib/python3.12/site-packages/airflow/example_dags/example_sensors.py
[2025-02-19T09:59:24.752+0000] {processor.py:925} INFO - DAG(s) 'example_sensors' retrieved from /home/airflow/.local/lib/python3.12/site-packages/airflow/example_dags/example_sensors.py
[2025-02-19T09:59:24.774+0000] {logging_mixin.py:190} INFO - [2025-02-19T09:59:24.773+0000] {dag.py:3229} INFO - Sync 1 DAGs
[2025-02-19T09:59:24.785+0000] {logging_mixin.py:190} INFO - [2025-02-19T09:59:24.785+0000] {dag.py:4156} INFO - Setting next_dagrun for example_sensors to None, run_after=None
[2025-02-19T09:59:24.801+0000] {processor.py:208} INFO - Processing /home/airflow/.local/lib/python3.12/site-packages/airflow/example_dags/example_sensors.py took 0.065 seconds
[2025-02-19T10:23:13.811+0000] {logging_mixin.py:190} INFO - [2025-02-19T10:23:13.810+0000] {settings.py:475} DEBUG - Setting up DB connection pool (PID 90)
[2025-02-19T10:23:13.813+0000] {logging_mixin.py:190} INFO - [2025-02-19T10:23:13.812+0000] {settings.py:579} DEBUG - settings.prepare_engine_args(): Using pool settings. pool_size=5, max_overflow=10, pool_recycle=1800, pid=90
[2025-02-19T10:23:13.817+0000] {processor.py:186} INFO - Started process (PID=90) to work on /home/airflow/.local/lib/python3.12/site-packages/airflow/example_dags/example_sensors.py
[2025-02-19T10:23:13.818+0000] {processor.py:914} INFO - Processing file /home/airflow/.local/lib/python3.12/site-packages/airflow/example_dags/example_sensors.py for tasks to queue
[2025-02-19T10:23:13.819+0000] {logging_mixin.py:190} INFO - [2025-02-19T10:23:13.818+0000] {dagbag.py:587} INFO - Filling up the DagBag from /home/airflow/.local/lib/python3.12/site-packages/airflow/example_dags/example_sensors.py
[2025-02-19T10:23:13.820+0000] {logging_mixin.py:190} INFO - [2025-02-19T10:23:13.819+0000] {dagbag.py:368} DEBUG - Importing /home/airflow/.local/lib/python3.12/site-packages/airflow/example_dags/example_sensors.py
[2025-02-19T10:23:13.831+0000] {logging_mixin.py:190} INFO - [2025-02-19T10:23:13.831+0000] {dagbag.py:553} DEBUG - Loaded DAG <DAG: example_sensors>
[2025-02-19T10:23:13.832+0000] {processor.py:925} INFO - DAG(s) 'example_sensors' retrieved from /home/airflow/.local/lib/python3.12/site-packages/airflow/example_dags/example_sensors.py
[2025-02-19T10:23:13.832+0000] {logging_mixin.py:190} INFO - [2025-02-19T10:23:13.832+0000] {dagbag.py:710} DEBUG - Running dagbag.sync_to_db with retries. Try 1 of 3
[2025-02-19T10:23:13.833+0000] {logging_mixin.py:190} INFO - [2025-02-19T10:23:13.833+0000] {dagbag.py:715} DEBUG - Calling the DAG.bulk_sync_to_db method
[2025-02-19T10:23:13.845+0000] {logging_mixin.py:190} INFO - [2025-02-19T10:23:13.844+0000] {serialized_dag.py:168} DEBUG - Checking if DAG (example_sensors) changed
[2025-02-19T10:23:13.850+0000] {logging_mixin.py:190} INFO - [2025-02-19T10:23:13.849+0000] {plugins_manager.py:351} DEBUG - Plugins are already loaded. Skipping.
[2025-02-19T10:23:13.850+0000] {logging_mixin.py:190} INFO - [2025-02-19T10:23:13.850+0000] {plugins_manager.py:429} DEBUG - Initialize custom taskinstance deps plugins
[2025-02-19T10:23:13.852+0000] {logging_mixin.py:190} INFO - [2025-02-19T10:23:13.852+0000] {serialized_objects.py:780} DEBUG - Cast type <class 'airflow.triggers.base.StartTriggerArgs'> to str in serialization.
[2025-02-19T10:23:13.853+0000] {logging_mixin.py:190} INFO - [2025-02-19T10:23:13.853+0000] {serialized_objects.py:780} DEBUG - Cast type <class 'airflow.triggers.base.StartTriggerArgs'> to str in serialization.
[2025-02-19T10:23:13.855+0000] {logging_mixin.py:190} INFO - [2025-02-19T10:23:13.855+0000] {serialized_objects.py:780} DEBUG - Cast type <class 'airflow.triggers.base.StartTriggerArgs'> to str in serialization.
[2025-02-19T10:23:13.856+0000] {logging_mixin.py:190} INFO - [2025-02-19T10:23:13.856+0000] {serialized_objects.py:780} DEBUG - Cast type <class 'airflow.triggers.base.StartTriggerArgs'> to str in serialization.
[2025-02-19T10:23:13.864+0000] {logging_mixin.py:190} INFO - [2025-02-19T10:23:13.863+0000] {serialized_dag.py:179} DEBUG - Serialized DAG (example_sensors) is unchanged. Skipping writing to DB
[2025-02-19T10:23:13.864+0000] {logging_mixin.py:190} INFO - [2025-02-19T10:23:13.864+0000] {dag.py:3229} INFO - Sync 1 DAGs
[2025-02-19T10:23:13.878+0000] {logging_mixin.py:190} INFO - [2025-02-19T10:23:13.877+0000] {dag.py:4156} INFO - Setting next_dagrun for example_sensors to None, run_after=None
[2025-02-19T10:23:13.898+0000] {processor.py:208} INFO - Processing /home/airflow/.local/lib/python3.12/site-packages/airflow/example_dags/example_sensors.py took 0.088 seconds
[2025-02-19T10:23:56.421+0000] {logging_mixin.py:190} INFO - [2025-02-19T10:23:56.420+0000] {settings.py:475} DEBUG - Setting up DB connection pool (PID 154)
[2025-02-19T10:23:56.422+0000] {logging_mixin.py:190} INFO - [2025-02-19T10:23:56.422+0000] {settings.py:579} DEBUG - settings.prepare_engine_args(): Using pool settings. pool_size=5, max_overflow=10, pool_recycle=1800, pid=154
[2025-02-19T10:23:56.428+0000] {processor.py:186} INFO - Started process (PID=154) to work on /home/airflow/.local/lib/python3.12/site-packages/airflow/example_dags/example_sensors.py
[2025-02-19T10:23:56.428+0000] {processor.py:914} INFO - Processing file /home/airflow/.local/lib/python3.12/site-packages/airflow/example_dags/example_sensors.py for tasks to queue
[2025-02-19T10:23:56.429+0000] {logging_mixin.py:190} INFO - [2025-02-19T10:23:56.429+0000] {dagbag.py:587} INFO - Filling up the DagBag from /home/airflow/.local/lib/python3.12/site-packages/airflow/example_dags/example_sensors.py
[2025-02-19T10:23:56.430+0000] {logging_mixin.py:190} INFO - [2025-02-19T10:23:56.430+0000] {dagbag.py:368} DEBUG - Importing /home/airflow/.local/lib/python3.12/site-packages/airflow/example_dags/example_sensors.py
[2025-02-19T10:23:56.444+0000] {logging_mixin.py:190} INFO - [2025-02-19T10:23:56.444+0000] {dagbag.py:553} DEBUG - Loaded DAG <DAG: example_sensors>
[2025-02-19T10:23:56.445+0000] {processor.py:925} INFO - DAG(s) 'example_sensors' retrieved from /home/airflow/.local/lib/python3.12/site-packages/airflow/example_dags/example_sensors.py
[2025-02-19T10:23:56.445+0000] {logging_mixin.py:190} INFO - [2025-02-19T10:23:56.445+0000] {dagbag.py:710} DEBUG - Running dagbag.sync_to_db with retries. Try 1 of 3
[2025-02-19T10:23:56.445+0000] {logging_mixin.py:190} INFO - [2025-02-19T10:23:56.445+0000] {dagbag.py:715} DEBUG - Calling the DAG.bulk_sync_to_db method
[2025-02-19T10:23:56.457+0000] {logging_mixin.py:190} INFO - [2025-02-19T10:23:56.457+0000] {serialized_dag.py:168} DEBUG - Checking if DAG (example_sensors) changed
[2025-02-19T10:23:56.460+0000] {logging_mixin.py:190} INFO - [2025-02-19T10:23:56.460+0000] {plugins_manager.py:351} DEBUG - Plugins are already loaded. Skipping.
[2025-02-19T10:23:56.461+0000] {logging_mixin.py:190} INFO - [2025-02-19T10:23:56.461+0000] {plugins_manager.py:429} DEBUG - Initialize custom taskinstance deps plugins
[2025-02-19T10:23:56.463+0000] {logging_mixin.py:190} INFO - [2025-02-19T10:23:56.463+0000] {serialized_objects.py:780} DEBUG - Cast type <class 'airflow.triggers.base.StartTriggerArgs'> to str in serialization.
[2025-02-19T10:23:56.464+0000] {logging_mixin.py:190} INFO - [2025-02-19T10:23:56.464+0000] {serialized_objects.py:780} DEBUG - Cast type <class 'airflow.triggers.base.StartTriggerArgs'> to str in serialization.
[2025-02-19T10:23:56.467+0000] {logging_mixin.py:190} INFO - [2025-02-19T10:23:56.467+0000] {serialized_objects.py:780} DEBUG - Cast type <class 'airflow.triggers.base.StartTriggerArgs'> to str in serialization.
[2025-02-19T10:23:56.468+0000] {logging_mixin.py:190} INFO - [2025-02-19T10:23:56.468+0000] {serialized_objects.py:780} DEBUG - Cast type <class 'airflow.triggers.base.StartTriggerArgs'> to str in serialization.
[2025-02-19T10:23:56.477+0000] {logging_mixin.py:190} INFO - [2025-02-19T10:23:56.476+0000] {serialized_dag.py:179} DEBUG - Serialized DAG (example_sensors) is unchanged. Skipping writing to DB
[2025-02-19T10:23:56.477+0000] {logging_mixin.py:190} INFO - [2025-02-19T10:23:56.477+0000] {dag.py:3229} INFO - Sync 1 DAGs
[2025-02-19T10:23:56.492+0000] {logging_mixin.py:190} INFO - [2025-02-19T10:23:56.492+0000] {dag.py:4156} INFO - Setting next_dagrun for example_sensors to None, run_after=None
[2025-02-19T10:23:56.515+0000] {processor.py:208} INFO - Processing /home/airflow/.local/lib/python3.12/site-packages/airflow/example_dags/example_sensors.py took 0.095 seconds
[2025-02-19T10:24:26.703+0000] {logging_mixin.py:190} INFO - [2025-02-19T10:24:26.703+0000] {settings.py:475} DEBUG - Setting up DB connection pool (PID 218)
[2025-02-19T10:24:26.705+0000] {logging_mixin.py:190} INFO - [2025-02-19T10:24:26.704+0000] {settings.py:579} DEBUG - settings.prepare_engine_args(): Using pool settings. pool_size=5, max_overflow=10, pool_recycle=1800, pid=218
[2025-02-19T10:24:26.709+0000] {processor.py:186} INFO - Started process (PID=218) to work on /home/airflow/.local/lib/python3.12/site-packages/airflow/example_dags/example_sensors.py
[2025-02-19T10:24:26.709+0000] {processor.py:914} INFO - Processing file /home/airflow/.local/lib/python3.12/site-packages/airflow/example_dags/example_sensors.py for tasks to queue
[2025-02-19T10:24:26.710+0000] {logging_mixin.py:190} INFO - [2025-02-19T10:24:26.710+0000] {dagbag.py:587} INFO - Filling up the DagBag from /home/airflow/.local/lib/python3.12/site-packages/airflow/example_dags/example_sensors.py
[2025-02-19T10:24:26.711+0000] {logging_mixin.py:190} INFO - [2025-02-19T10:24:26.711+0000] {dagbag.py:368} DEBUG - Importing /home/airflow/.local/lib/python3.12/site-packages/airflow/example_dags/example_sensors.py
[2025-02-19T10:24:26.721+0000] {logging_mixin.py:190} INFO - [2025-02-19T10:24:26.720+0000] {dagbag.py:553} DEBUG - Loaded DAG <DAG: example_sensors>
[2025-02-19T10:24:26.721+0000] {processor.py:925} INFO - DAG(s) 'example_sensors' retrieved from /home/airflow/.local/lib/python3.12/site-packages/airflow/example_dags/example_sensors.py
[2025-02-19T10:24:26.722+0000] {logging_mixin.py:190} INFO - [2025-02-19T10:24:26.722+0000] {dagbag.py:710} DEBUG - Running dagbag.sync_to_db with retries. Try 1 of 3
[2025-02-19T10:24:26.722+0000] {logging_mixin.py:190} INFO - [2025-02-19T10:24:26.722+0000] {dagbag.py:715} DEBUG - Calling the DAG.bulk_sync_to_db method
[2025-02-19T10:24:26.732+0000] {logging_mixin.py:190} INFO - [2025-02-19T10:24:26.732+0000] {serialized_dag.py:168} DEBUG - Checking if DAG (example_sensors) changed
[2025-02-19T10:24:26.735+0000] {logging_mixin.py:190} INFO - [2025-02-19T10:24:26.735+0000] {plugins_manager.py:351} DEBUG - Plugins are already loaded. Skipping.
[2025-02-19T10:24:26.736+0000] {logging_mixin.py:190} INFO - [2025-02-19T10:24:26.735+0000] {plugins_manager.py:429} DEBUG - Initialize custom taskinstance deps plugins
[2025-02-19T10:24:26.738+0000] {logging_mixin.py:190} INFO - [2025-02-19T10:24:26.737+0000] {serialized_objects.py:780} DEBUG - Cast type <class 'airflow.triggers.base.StartTriggerArgs'> to str in serialization.
[2025-02-19T10:24:26.739+0000] {logging_mixin.py:190} INFO - [2025-02-19T10:24:26.738+0000] {serialized_objects.py:780} DEBUG - Cast type <class 'airflow.triggers.base.StartTriggerArgs'> to str in serialization.
[2025-02-19T10:24:26.740+0000] {logging_mixin.py:190} INFO - [2025-02-19T10:24:26.740+0000] {serialized_objects.py:780} DEBUG - Cast type <class 'airflow.triggers.base.StartTriggerArgs'> to str in serialization.
[2025-02-19T10:24:26.741+0000] {logging_mixin.py:190} INFO - [2025-02-19T10:24:26.741+0000] {serialized_objects.py:780} DEBUG - Cast type <class 'airflow.triggers.base.StartTriggerArgs'> to str in serialization.
[2025-02-19T10:24:26.748+0000] {logging_mixin.py:190} INFO - [2025-02-19T10:24:26.748+0000] {serialized_dag.py:179} DEBUG - Serialized DAG (example_sensors) is unchanged. Skipping writing to DB
[2025-02-19T10:24:26.749+0000] {logging_mixin.py:190} INFO - [2025-02-19T10:24:26.749+0000] {dag.py:3229} INFO - Sync 1 DAGs
[2025-02-19T10:24:26.761+0000] {logging_mixin.py:190} INFO - [2025-02-19T10:24:26.761+0000] {dag.py:4156} INFO - Setting next_dagrun for example_sensors to None, run_after=None
[2025-02-19T10:24:26.783+0000] {processor.py:208} INFO - Processing /home/airflow/.local/lib/python3.12/site-packages/airflow/example_dags/example_sensors.py took 0.080 seconds
[2025-02-19T10:24:57.442+0000] {logging_mixin.py:190} INFO - [2025-02-19T10:24:57.441+0000] {settings.py:475} DEBUG - Setting up DB connection pool (PID 287)
[2025-02-19T10:24:57.443+0000] {logging_mixin.py:190} INFO - [2025-02-19T10:24:57.443+0000] {settings.py:579} DEBUG - settings.prepare_engine_args(): Using pool settings. pool_size=5, max_overflow=10, pool_recycle=1800, pid=287
[2025-02-19T10:24:57.447+0000] {processor.py:186} INFO - Started process (PID=287) to work on /home/airflow/.local/lib/python3.12/site-packages/airflow/example_dags/example_sensors.py
[2025-02-19T10:24:57.448+0000] {processor.py:914} INFO - Processing file /home/airflow/.local/lib/python3.12/site-packages/airflow/example_dags/example_sensors.py for tasks to queue
[2025-02-19T10:24:57.449+0000] {logging_mixin.py:190} INFO - [2025-02-19T10:24:57.449+0000] {dagbag.py:587} INFO - Filling up the DagBag from /home/airflow/.local/lib/python3.12/site-packages/airflow/example_dags/example_sensors.py
[2025-02-19T10:24:57.450+0000] {logging_mixin.py:190} INFO - [2025-02-19T10:24:57.450+0000] {dagbag.py:368} DEBUG - Importing /home/airflow/.local/lib/python3.12/site-packages/airflow/example_dags/example_sensors.py
[2025-02-19T10:24:57.461+0000] {logging_mixin.py:190} INFO - [2025-02-19T10:24:57.460+0000] {dagbag.py:553} DEBUG - Loaded DAG <DAG: example_sensors>
[2025-02-19T10:24:57.461+0000] {processor.py:925} INFO - DAG(s) 'example_sensors' retrieved from /home/airflow/.local/lib/python3.12/site-packages/airflow/example_dags/example_sensors.py
[2025-02-19T10:24:57.462+0000] {logging_mixin.py:190} INFO - [2025-02-19T10:24:57.462+0000] {dagbag.py:710} DEBUG - Running dagbag.sync_to_db with retries. Try 1 of 3
[2025-02-19T10:24:57.462+0000] {logging_mixin.py:190} INFO - [2025-02-19T10:24:57.462+0000] {dagbag.py:715} DEBUG - Calling the DAG.bulk_sync_to_db method
[2025-02-19T10:24:57.474+0000] {logging_mixin.py:190} INFO - [2025-02-19T10:24:57.473+0000] {serialized_dag.py:168} DEBUG - Checking if DAG (example_sensors) changed
[2025-02-19T10:24:57.478+0000] {logging_mixin.py:190} INFO - [2025-02-19T10:24:57.477+0000] {plugins_manager.py:351} DEBUG - Plugins are already loaded. Skipping.
[2025-02-19T10:24:57.478+0000] {logging_mixin.py:190} INFO - [2025-02-19T10:24:57.478+0000] {plugins_manager.py:429} DEBUG - Initialize custom taskinstance deps plugins
[2025-02-19T10:24:57.480+0000] {logging_mixin.py:190} INFO - [2025-02-19T10:24:57.480+0000] {serialized_objects.py:780} DEBUG - Cast type <class 'airflow.triggers.base.StartTriggerArgs'> to str in serialization.
[2025-02-19T10:24:57.481+0000] {logging_mixin.py:190} INFO - [2025-02-19T10:24:57.481+0000] {serialized_objects.py:780} DEBUG - Cast type <class 'airflow.triggers.base.StartTriggerArgs'> to str in serialization.
[2025-02-19T10:24:57.484+0000] {logging_mixin.py:190} INFO - [2025-02-19T10:24:57.484+0000] {serialized_objects.py:780} DEBUG - Cast type <class 'airflow.triggers.base.StartTriggerArgs'> to str in serialization.
[2025-02-19T10:24:57.485+0000] {logging_mixin.py:190} INFO - [2025-02-19T10:24:57.484+0000] {serialized_objects.py:780} DEBUG - Cast type <class 'airflow.triggers.base.StartTriggerArgs'> to str in serialization.
[2025-02-19T10:24:57.492+0000] {logging_mixin.py:190} INFO - [2025-02-19T10:24:57.492+0000] {serialized_dag.py:179} DEBUG - Serialized DAG (example_sensors) is unchanged. Skipping writing to DB
[2025-02-19T10:24:57.492+0000] {logging_mixin.py:190} INFO - [2025-02-19T10:24:57.492+0000] {dag.py:3229} INFO - Sync 1 DAGs
[2025-02-19T10:24:57.506+0000] {logging_mixin.py:190} INFO - [2025-02-19T10:24:57.506+0000] {dag.py:4156} INFO - Setting next_dagrun for example_sensors to None, run_after=None
[2025-02-19T10:24:57.525+0000] {processor.py:208} INFO - Processing /home/airflow/.local/lib/python3.12/site-packages/airflow/example_dags/example_sensors.py took 0.084 seconds
[2025-02-19T10:25:27.787+0000] {logging_mixin.py:190} INFO - [2025-02-19T10:25:27.787+0000] {settings.py:475} DEBUG - Setting up DB connection pool (PID 351)
[2025-02-19T10:25:27.788+0000] {logging_mixin.py:190} INFO - [2025-02-19T10:25:27.788+0000] {settings.py:579} DEBUG - settings.prepare_engine_args(): Using pool settings. pool_size=5, max_overflow=10, pool_recycle=1800, pid=351
[2025-02-19T10:25:27.792+0000] {processor.py:186} INFO - Started process (PID=351) to work on /home/airflow/.local/lib/python3.12/site-packages/airflow/example_dags/example_sensors.py
[2025-02-19T10:25:27.793+0000] {processor.py:914} INFO - Processing file /home/airflow/.local/lib/python3.12/site-packages/airflow/example_dags/example_sensors.py for tasks to queue
[2025-02-19T10:25:27.793+0000] {logging_mixin.py:190} INFO - [2025-02-19T10:25:27.793+0000] {dagbag.py:587} INFO - Filling up the DagBag from /home/airflow/.local/lib/python3.12/site-packages/airflow/example_dags/example_sensors.py
[2025-02-19T10:25:27.794+0000] {logging_mixin.py:190} INFO - [2025-02-19T10:25:27.794+0000] {dagbag.py:368} DEBUG - Importing /home/airflow/.local/lib/python3.12/site-packages/airflow/example_dags/example_sensors.py
[2025-02-19T10:25:27.803+0000] {logging_mixin.py:190} INFO - [2025-02-19T10:25:27.803+0000] {dagbag.py:553} DEBUG - Loaded DAG <DAG: example_sensors>
[2025-02-19T10:25:27.804+0000] {processor.py:925} INFO - DAG(s) 'example_sensors' retrieved from /home/airflow/.local/lib/python3.12/site-packages/airflow/example_dags/example_sensors.py
[2025-02-19T10:25:27.804+0000] {logging_mixin.py:190} INFO - [2025-02-19T10:25:27.804+0000] {dagbag.py:710} DEBUG - Running dagbag.sync_to_db with retries. Try 1 of 3
[2025-02-19T10:25:27.804+0000] {logging_mixin.py:190} INFO - [2025-02-19T10:25:27.804+0000] {dagbag.py:715} DEBUG - Calling the DAG.bulk_sync_to_db method
[2025-02-19T10:25:27.815+0000] {logging_mixin.py:190} INFO - [2025-02-19T10:25:27.815+0000] {serialized_dag.py:168} DEBUG - Checking if DAG (example_sensors) changed
[2025-02-19T10:25:27.818+0000] {logging_mixin.py:190} INFO - [2025-02-19T10:25:27.817+0000] {plugins_manager.py:351} DEBUG - Plugins are already loaded. Skipping.
[2025-02-19T10:25:27.818+0000] {logging_mixin.py:190} INFO - [2025-02-19T10:25:27.818+0000] {plugins_manager.py:429} DEBUG - Initialize custom taskinstance deps plugins
[2025-02-19T10:25:27.820+0000] {logging_mixin.py:190} INFO - [2025-02-19T10:25:27.819+0000] {serialized_objects.py:780} DEBUG - Cast type <class 'airflow.triggers.base.StartTriggerArgs'> to str in serialization.
[2025-02-19T10:25:27.820+0000] {logging_mixin.py:190} INFO - [2025-02-19T10:25:27.820+0000] {serialized_objects.py:780} DEBUG - Cast type <class 'airflow.triggers.base.StartTriggerArgs'> to str in serialization.
[2025-02-19T10:25:27.822+0000] {logging_mixin.py:190} INFO - [2025-02-19T10:25:27.822+0000] {serialized_objects.py:780} DEBUG - Cast type <class 'airflow.triggers.base.StartTriggerArgs'> to str in serialization.
[2025-02-19T10:25:27.823+0000] {logging_mixin.py:190} INFO - [2025-02-19T10:25:27.822+0000] {serialized_objects.py:780} DEBUG - Cast type <class 'airflow.triggers.base.StartTriggerArgs'> to str in serialization.
[2025-02-19T10:25:27.829+0000] {logging_mixin.py:190} INFO - [2025-02-19T10:25:27.829+0000] {serialized_dag.py:179} DEBUG - Serialized DAG (example_sensors) is unchanged. Skipping writing to DB
[2025-02-19T10:25:27.829+0000] {logging_mixin.py:190} INFO - [2025-02-19T10:25:27.829+0000] {dag.py:3229} INFO - Sync 1 DAGs
[2025-02-19T10:25:27.841+0000] {logging_mixin.py:190} INFO - [2025-02-19T10:25:27.841+0000] {dag.py:4156} INFO - Setting next_dagrun for example_sensors to None, run_after=None
[2025-02-19T10:25:27.860+0000] {processor.py:208} INFO - Processing /home/airflow/.local/lib/python3.12/site-packages/airflow/example_dags/example_sensors.py took 0.073 seconds
[2025-02-19T10:25:58.587+0000] {logging_mixin.py:190} INFO - [2025-02-19T10:25:58.586+0000] {settings.py:475} DEBUG - Setting up DB connection pool (PID 415)
[2025-02-19T10:25:58.588+0000] {logging_mixin.py:190} INFO - [2025-02-19T10:25:58.588+0000] {settings.py:579} DEBUG - settings.prepare_engine_args(): Using pool settings. pool_size=5, max_overflow=10, pool_recycle=1800, pid=415
[2025-02-19T10:25:58.593+0000] {processor.py:186} INFO - Started process (PID=415) to work on /home/airflow/.local/lib/python3.12/site-packages/airflow/example_dags/example_sensors.py
[2025-02-19T10:25:58.593+0000] {processor.py:914} INFO - Processing file /home/airflow/.local/lib/python3.12/site-packages/airflow/example_dags/example_sensors.py for tasks to queue
[2025-02-19T10:25:58.594+0000] {logging_mixin.py:190} INFO - [2025-02-19T10:25:58.594+0000] {dagbag.py:587} INFO - Filling up the DagBag from /home/airflow/.local/lib/python3.12/site-packages/airflow/example_dags/example_sensors.py
[2025-02-19T10:25:58.595+0000] {logging_mixin.py:190} INFO - [2025-02-19T10:25:58.595+0000] {dagbag.py:368} DEBUG - Importing /home/airflow/.local/lib/python3.12/site-packages/airflow/example_dags/example_sensors.py
[2025-02-19T10:25:58.606+0000] {logging_mixin.py:190} INFO - [2025-02-19T10:25:58.605+0000] {dagbag.py:553} DEBUG - Loaded DAG <DAG: example_sensors>
[2025-02-19T10:25:58.606+0000] {processor.py:925} INFO - DAG(s) 'example_sensors' retrieved from /home/airflow/.local/lib/python3.12/site-packages/airflow/example_dags/example_sensors.py
[2025-02-19T10:25:58.607+0000] {logging_mixin.py:190} INFO - [2025-02-19T10:25:58.606+0000] {dagbag.py:710} DEBUG - Running dagbag.sync_to_db with retries. Try 1 of 3
[2025-02-19T10:25:58.607+0000] {logging_mixin.py:190} INFO - [2025-02-19T10:25:58.607+0000] {dagbag.py:715} DEBUG - Calling the DAG.bulk_sync_to_db method
[2025-02-19T10:25:58.617+0000] {logging_mixin.py:190} INFO - [2025-02-19T10:25:58.617+0000] {serialized_dag.py:168} DEBUG - Checking if DAG (example_sensors) changed
[2025-02-19T10:25:58.620+0000] {logging_mixin.py:190} INFO - [2025-02-19T10:25:58.620+0000] {plugins_manager.py:351} DEBUG - Plugins are already loaded. Skipping.
[2025-02-19T10:25:58.620+0000] {logging_mixin.py:190} INFO - [2025-02-19T10:25:58.620+0000] {plugins_manager.py:429} DEBUG - Initialize custom taskinstance deps plugins
[2025-02-19T10:25:58.623+0000] {logging_mixin.py:190} INFO - [2025-02-19T10:25:58.622+0000] {serialized_objects.py:780} DEBUG - Cast type <class 'airflow.triggers.base.StartTriggerArgs'> to str in serialization.
[2025-02-19T10:25:58.623+0000] {logging_mixin.py:190} INFO - [2025-02-19T10:25:58.623+0000] {serialized_objects.py:780} DEBUG - Cast type <class 'airflow.triggers.base.StartTriggerArgs'> to str in serialization.
[2025-02-19T10:25:58.625+0000] {logging_mixin.py:190} INFO - [2025-02-19T10:25:58.625+0000] {serialized_objects.py:780} DEBUG - Cast type <class 'airflow.triggers.base.StartTriggerArgs'> to str in serialization.
[2025-02-19T10:25:58.626+0000] {logging_mixin.py:190} INFO - [2025-02-19T10:25:58.626+0000] {serialized_objects.py:780} DEBUG - Cast type <class 'airflow.triggers.base.StartTriggerArgs'> to str in serialization.
[2025-02-19T10:25:58.633+0000] {logging_mixin.py:190} INFO - [2025-02-19T10:25:58.632+0000] {serialized_dag.py:179} DEBUG - Serialized DAG (example_sensors) is unchanged. Skipping writing to DB
[2025-02-19T10:25:58.633+0000] {logging_mixin.py:190} INFO - [2025-02-19T10:25:58.633+0000] {dag.py:3229} INFO - Sync 1 DAGs
[2025-02-19T10:25:58.647+0000] {logging_mixin.py:190} INFO - [2025-02-19T10:25:58.646+0000] {dag.py:4156} INFO - Setting next_dagrun for example_sensors to None, run_after=None
[2025-02-19T10:25:58.667+0000] {processor.py:208} INFO - Processing /home/airflow/.local/lib/python3.12/site-packages/airflow/example_dags/example_sensors.py took 0.081 seconds
[2025-02-19T10:26:29.269+0000] {logging_mixin.py:190} INFO - [2025-02-19T10:26:29.269+0000] {settings.py:475} DEBUG - Setting up DB connection pool (PID 479)
[2025-02-19T10:26:29.270+0000] {logging_mixin.py:190} INFO - [2025-02-19T10:26:29.270+0000] {settings.py:579} DEBUG - settings.prepare_engine_args(): Using pool settings. pool_size=5, max_overflow=10, pool_recycle=1800, pid=479
[2025-02-19T10:26:29.274+0000] {processor.py:186} INFO - Started process (PID=479) to work on /home/airflow/.local/lib/python3.12/site-packages/airflow/example_dags/example_sensors.py
[2025-02-19T10:26:29.275+0000] {processor.py:914} INFO - Processing file /home/airflow/.local/lib/python3.12/site-packages/airflow/example_dags/example_sensors.py for tasks to queue
[2025-02-19T10:26:29.275+0000] {logging_mixin.py:190} INFO - [2025-02-19T10:26:29.275+0000] {dagbag.py:587} INFO - Filling up the DagBag from /home/airflow/.local/lib/python3.12/site-packages/airflow/example_dags/example_sensors.py
[2025-02-19T10:26:29.276+0000] {logging_mixin.py:190} INFO - [2025-02-19T10:26:29.276+0000] {dagbag.py:368} DEBUG - Importing /home/airflow/.local/lib/python3.12/site-packages/airflow/example_dags/example_sensors.py
[2025-02-19T10:26:29.286+0000] {logging_mixin.py:190} INFO - [2025-02-19T10:26:29.285+0000] {dagbag.py:553} DEBUG - Loaded DAG <DAG: example_sensors>
[2025-02-19T10:26:29.286+0000] {processor.py:925} INFO - DAG(s) 'example_sensors' retrieved from /home/airflow/.local/lib/python3.12/site-packages/airflow/example_dags/example_sensors.py
[2025-02-19T10:26:29.287+0000] {logging_mixin.py:190} INFO - [2025-02-19T10:26:29.287+0000] {dagbag.py:710} DEBUG - Running dagbag.sync_to_db with retries. Try 1 of 3
[2025-02-19T10:26:29.287+0000] {logging_mixin.py:190} INFO - [2025-02-19T10:26:29.287+0000] {dagbag.py:715} DEBUG - Calling the DAG.bulk_sync_to_db method
[2025-02-19T10:26:29.297+0000] {logging_mixin.py:190} INFO - [2025-02-19T10:26:29.297+0000] {serialized_dag.py:168} DEBUG - Checking if DAG (example_sensors) changed
[2025-02-19T10:26:29.300+0000] {logging_mixin.py:190} INFO - [2025-02-19T10:26:29.300+0000] {plugins_manager.py:351} DEBUG - Plugins are already loaded. Skipping.
[2025-02-19T10:26:29.300+0000] {logging_mixin.py:190} INFO - [2025-02-19T10:26:29.300+0000] {plugins_manager.py:429} DEBUG - Initialize custom taskinstance deps plugins
[2025-02-19T10:26:29.304+0000] {logging_mixin.py:190} INFO - [2025-02-19T10:26:29.303+0000] {serialized_objects.py:780} DEBUG - Cast type <class 'airflow.triggers.base.StartTriggerArgs'> to str in serialization.
[2025-02-19T10:26:29.305+0000] {logging_mixin.py:190} INFO - [2025-02-19T10:26:29.305+0000] {serialized_objects.py:780} DEBUG - Cast type <class 'airflow.triggers.base.StartTriggerArgs'> to str in serialization.
[2025-02-19T10:26:29.308+0000] {logging_mixin.py:190} INFO - [2025-02-19T10:26:29.308+0000] {serialized_objects.py:780} DEBUG - Cast type <class 'airflow.triggers.base.StartTriggerArgs'> to str in serialization.
[2025-02-19T10:26:29.309+0000] {logging_mixin.py:190} INFO - [2025-02-19T10:26:29.309+0000] {serialized_objects.py:780} DEBUG - Cast type <class 'airflow.triggers.base.StartTriggerArgs'> to str in serialization.
[2025-02-19T10:26:29.316+0000] {logging_mixin.py:190} INFO - [2025-02-19T10:26:29.316+0000] {serialized_dag.py:179} DEBUG - Serialized DAG (example_sensors) is unchanged. Skipping writing to DB
[2025-02-19T10:26:29.317+0000] {logging_mixin.py:190} INFO - [2025-02-19T10:26:29.317+0000] {dag.py:3229} INFO - Sync 1 DAGs
[2025-02-19T10:26:29.333+0000] {logging_mixin.py:190} INFO - [2025-02-19T10:26:29.332+0000] {dag.py:4156} INFO - Setting next_dagrun for example_sensors to None, run_after=None
[2025-02-19T10:26:29.352+0000] {processor.py:208} INFO - Processing /home/airflow/.local/lib/python3.12/site-packages/airflow/example_dags/example_sensors.py took 0.084 seconds
