[2025-02-19T09:38:29.375+0000] {processor.py:186} INFO - Started process (PID=96) to work on /home/airflow/.local/lib/python3.12/site-packages/airflow/example_dags/example_workday_timetable.py
[2025-02-19T09:38:29.376+0000] {processor.py:914} INFO - Processing file /home/airflow/.local/lib/python3.12/site-packages/airflow/example_dags/example_workday_timetable.py for tasks to queue
[2025-02-19T09:38:29.377+0000] {logging_mixin.py:190} INFO - [2025-02-19T09:38:29.377+0000] {dagbag.py:587} INFO - Filling up the DagBag from /home/airflow/.local/lib/python3.12/site-packages/airflow/example_dags/example_workday_timetable.py
[2025-02-19T09:38:29.382+0000] {processor.py:925} INFO - DAG(s) 'example_workday_timetable' retrieved from /home/airflow/.local/lib/python3.12/site-packages/airflow/example_dags/example_workday_timetable.py
[2025-02-19T09:38:29.402+0000] {logging_mixin.py:190} INFO - [2025-02-19T09:38:29.401+0000] {dag.py:3229} INFO - Sync 1 DAGs
[2025-02-19T09:38:29.655+0000] {logging_mixin.py:190} INFO - [2025-02-19T09:38:29.655+0000] {dag.py:4156} INFO - Setting next_dagrun for example_workday_timetable to 2021-01-04 00:00:00+00:00, run_after=2021-01-05 00:00:00+00:00
[2025-02-19T09:38:29.675+0000] {processor.py:208} INFO - Processing /home/airflow/.local/lib/python3.12/site-packages/airflow/example_dags/example_workday_timetable.py took 0.304 seconds
[2025-02-19T09:39:00.190+0000] {processor.py:186} INFO - Started process (PID=165) to work on /home/airflow/.local/lib/python3.12/site-packages/airflow/example_dags/example_workday_timetable.py
[2025-02-19T09:39:00.191+0000] {processor.py:914} INFO - Processing file /home/airflow/.local/lib/python3.12/site-packages/airflow/example_dags/example_workday_timetable.py for tasks to queue
[2025-02-19T09:39:00.193+0000] {logging_mixin.py:190} INFO - [2025-02-19T09:39:00.192+0000] {dagbag.py:587} INFO - Filling up the DagBag from /home/airflow/.local/lib/python3.12/site-packages/airflow/example_dags/example_workday_timetable.py
[2025-02-19T09:39:00.197+0000] {processor.py:925} INFO - DAG(s) 'example_workday_timetable' retrieved from /home/airflow/.local/lib/python3.12/site-packages/airflow/example_dags/example_workday_timetable.py
[2025-02-19T09:39:00.216+0000] {logging_mixin.py:190} INFO - [2025-02-19T09:39:00.215+0000] {dag.py:3229} INFO - Sync 1 DAGs
[2025-02-19T09:39:00.269+0000] {logging_mixin.py:190} INFO - [2025-02-19T09:39:00.269+0000] {dag.py:4156} INFO - Setting next_dagrun for example_workday_timetable to 2021-01-04 00:00:00+00:00, run_after=2021-01-05 00:00:00+00:00
[2025-02-19T09:39:00.286+0000] {processor.py:208} INFO - Processing /home/airflow/.local/lib/python3.12/site-packages/airflow/example_dags/example_workday_timetable.py took 0.101 seconds
[2025-02-19T09:39:30.555+0000] {processor.py:186} INFO - Started process (PID=229) to work on /home/airflow/.local/lib/python3.12/site-packages/airflow/example_dags/example_workday_timetable.py
[2025-02-19T09:39:30.556+0000] {processor.py:914} INFO - Processing file /home/airflow/.local/lib/python3.12/site-packages/airflow/example_dags/example_workday_timetable.py for tasks to queue
[2025-02-19T09:39:30.558+0000] {logging_mixin.py:190} INFO - [2025-02-19T09:39:30.558+0000] {dagbag.py:587} INFO - Filling up the DagBag from /home/airflow/.local/lib/python3.12/site-packages/airflow/example_dags/example_workday_timetable.py
[2025-02-19T09:39:30.562+0000] {processor.py:925} INFO - DAG(s) 'example_workday_timetable' retrieved from /home/airflow/.local/lib/python3.12/site-packages/airflow/example_dags/example_workday_timetable.py
[2025-02-19T09:39:30.578+0000] {logging_mixin.py:190} INFO - [2025-02-19T09:39:30.577+0000] {dag.py:3229} INFO - Sync 1 DAGs
[2025-02-19T09:39:30.630+0000] {logging_mixin.py:190} INFO - [2025-02-19T09:39:30.629+0000] {dag.py:4156} INFO - Setting next_dagrun for example_workday_timetable to 2021-01-04 00:00:00+00:00, run_after=2021-01-05 00:00:00+00:00
[2025-02-19T09:39:30.646+0000] {processor.py:208} INFO - Processing /home/airflow/.local/lib/python3.12/site-packages/airflow/example_dags/example_workday_timetable.py took 0.095 seconds
[2025-02-19T09:40:00.808+0000] {processor.py:186} INFO - Started process (PID=293) to work on /home/airflow/.local/lib/python3.12/site-packages/airflow/example_dags/example_workday_timetable.py
[2025-02-19T09:40:00.809+0000] {processor.py:914} INFO - Processing file /home/airflow/.local/lib/python3.12/site-packages/airflow/example_dags/example_workday_timetable.py for tasks to queue
[2025-02-19T09:40:00.810+0000] {logging_mixin.py:190} INFO - [2025-02-19T09:40:00.810+0000] {dagbag.py:587} INFO - Filling up the DagBag from /home/airflow/.local/lib/python3.12/site-packages/airflow/example_dags/example_workday_timetable.py
[2025-02-19T09:40:00.815+0000] {processor.py:925} INFO - DAG(s) 'example_workday_timetable' retrieved from /home/airflow/.local/lib/python3.12/site-packages/airflow/example_dags/example_workday_timetable.py
[2025-02-19T09:40:00.833+0000] {logging_mixin.py:190} INFO - [2025-02-19T09:40:00.832+0000] {dag.py:3229} INFO - Sync 1 DAGs
[2025-02-19T09:40:00.884+0000] {logging_mixin.py:190} INFO - [2025-02-19T09:40:00.883+0000] {dag.py:4156} INFO - Setting next_dagrun for example_workday_timetable to 2021-01-04 00:00:00+00:00, run_after=2021-01-05 00:00:00+00:00
[2025-02-19T09:40:00.900+0000] {processor.py:208} INFO - Processing /home/airflow/.local/lib/python3.12/site-packages/airflow/example_dags/example_workday_timetable.py took 0.098 seconds
[2025-02-19T09:40:31.919+0000] {processor.py:186} INFO - Started process (PID=357) to work on /home/airflow/.local/lib/python3.12/site-packages/airflow/example_dags/example_workday_timetable.py
[2025-02-19T09:40:31.920+0000] {processor.py:914} INFO - Processing file /home/airflow/.local/lib/python3.12/site-packages/airflow/example_dags/example_workday_timetable.py for tasks to queue
[2025-02-19T09:40:31.922+0000] {logging_mixin.py:190} INFO - [2025-02-19T09:40:31.922+0000] {dagbag.py:587} INFO - Filling up the DagBag from /home/airflow/.local/lib/python3.12/site-packages/airflow/example_dags/example_workday_timetable.py
[2025-02-19T09:40:31.926+0000] {processor.py:925} INFO - DAG(s) 'example_workday_timetable' retrieved from /home/airflow/.local/lib/python3.12/site-packages/airflow/example_dags/example_workday_timetable.py
[2025-02-19T09:40:31.946+0000] {logging_mixin.py:190} INFO - [2025-02-19T09:40:31.946+0000] {dag.py:3229} INFO - Sync 1 DAGs
[2025-02-19T09:40:32.009+0000] {logging_mixin.py:190} INFO - [2025-02-19T09:40:32.008+0000] {dag.py:4156} INFO - Setting next_dagrun for example_workday_timetable to 2021-01-04 00:00:00+00:00, run_after=2021-01-05 00:00:00+00:00
[2025-02-19T09:40:32.032+0000] {processor.py:208} INFO - Processing /home/airflow/.local/lib/python3.12/site-packages/airflow/example_dags/example_workday_timetable.py took 0.118 seconds
[2025-02-19T09:41:02.255+0000] {processor.py:186} INFO - Started process (PID=421) to work on /home/airflow/.local/lib/python3.12/site-packages/airflow/example_dags/example_workday_timetable.py
[2025-02-19T09:41:02.257+0000] {processor.py:914} INFO - Processing file /home/airflow/.local/lib/python3.12/site-packages/airflow/example_dags/example_workday_timetable.py for tasks to queue
[2025-02-19T09:41:02.258+0000] {logging_mixin.py:190} INFO - [2025-02-19T09:41:02.258+0000] {dagbag.py:587} INFO - Filling up the DagBag from /home/airflow/.local/lib/python3.12/site-packages/airflow/example_dags/example_workday_timetable.py
[2025-02-19T09:41:02.262+0000] {processor.py:925} INFO - DAG(s) 'example_workday_timetable' retrieved from /home/airflow/.local/lib/python3.12/site-packages/airflow/example_dags/example_workday_timetable.py
[2025-02-19T09:41:02.278+0000] {logging_mixin.py:190} INFO - [2025-02-19T09:41:02.278+0000] {dag.py:3229} INFO - Sync 1 DAGs
[2025-02-19T09:41:02.325+0000] {logging_mixin.py:190} INFO - [2025-02-19T09:41:02.325+0000] {dag.py:4156} INFO - Setting next_dagrun for example_workday_timetable to 2021-01-04 00:00:00+00:00, run_after=2021-01-05 00:00:00+00:00
[2025-02-19T09:41:02.341+0000] {processor.py:208} INFO - Processing /home/airflow/.local/lib/python3.12/site-packages/airflow/example_dags/example_workday_timetable.py took 0.089 seconds
[2025-02-19T09:41:32.625+0000] {processor.py:186} INFO - Started process (PID=485) to work on /home/airflow/.local/lib/python3.12/site-packages/airflow/example_dags/example_workday_timetable.py
[2025-02-19T09:41:32.626+0000] {processor.py:914} INFO - Processing file /home/airflow/.local/lib/python3.12/site-packages/airflow/example_dags/example_workday_timetable.py for tasks to queue
[2025-02-19T09:41:32.628+0000] {logging_mixin.py:190} INFO - [2025-02-19T09:41:32.627+0000] {dagbag.py:587} INFO - Filling up the DagBag from /home/airflow/.local/lib/python3.12/site-packages/airflow/example_dags/example_workday_timetable.py
[2025-02-19T09:41:32.632+0000] {processor.py:925} INFO - DAG(s) 'example_workday_timetable' retrieved from /home/airflow/.local/lib/python3.12/site-packages/airflow/example_dags/example_workday_timetable.py
[2025-02-19T09:41:32.649+0000] {logging_mixin.py:190} INFO - [2025-02-19T09:41:32.648+0000] {dag.py:3229} INFO - Sync 1 DAGs
[2025-02-19T09:41:32.695+0000] {logging_mixin.py:190} INFO - [2025-02-19T09:41:32.694+0000] {dag.py:4156} INFO - Setting next_dagrun for example_workday_timetable to 2021-01-04 00:00:00+00:00, run_after=2021-01-05 00:00:00+00:00
[2025-02-19T09:41:32.710+0000] {processor.py:208} INFO - Processing /home/airflow/.local/lib/python3.12/site-packages/airflow/example_dags/example_workday_timetable.py took 0.089 seconds
[2025-02-19T09:42:03.741+0000] {processor.py:186} INFO - Started process (PID=549) to work on /home/airflow/.local/lib/python3.12/site-packages/airflow/example_dags/example_workday_timetable.py
[2025-02-19T09:42:03.744+0000] {processor.py:914} INFO - Processing file /home/airflow/.local/lib/python3.12/site-packages/airflow/example_dags/example_workday_timetable.py for tasks to queue
[2025-02-19T09:42:03.746+0000] {logging_mixin.py:190} INFO - [2025-02-19T09:42:03.746+0000] {dagbag.py:587} INFO - Filling up the DagBag from /home/airflow/.local/lib/python3.12/site-packages/airflow/example_dags/example_workday_timetable.py
[2025-02-19T09:42:03.750+0000] {processor.py:925} INFO - DAG(s) 'example_workday_timetable' retrieved from /home/airflow/.local/lib/python3.12/site-packages/airflow/example_dags/example_workday_timetable.py
[2025-02-19T09:42:03.767+0000] {logging_mixin.py:190} INFO - [2025-02-19T09:42:03.766+0000] {dag.py:3229} INFO - Sync 1 DAGs
[2025-02-19T09:42:03.812+0000] {logging_mixin.py:190} INFO - [2025-02-19T09:42:03.812+0000] {dag.py:4156} INFO - Setting next_dagrun for example_workday_timetable to 2021-01-04 00:00:00+00:00, run_after=2021-01-05 00:00:00+00:00
[2025-02-19T09:42:03.830+0000] {processor.py:208} INFO - Processing /home/airflow/.local/lib/python3.12/site-packages/airflow/example_dags/example_workday_timetable.py took 0.093 seconds
[2025-02-19T09:42:33.959+0000] {processor.py:186} INFO - Started process (PID=613) to work on /home/airflow/.local/lib/python3.12/site-packages/airflow/example_dags/example_workday_timetable.py
[2025-02-19T09:42:33.960+0000] {processor.py:914} INFO - Processing file /home/airflow/.local/lib/python3.12/site-packages/airflow/example_dags/example_workday_timetable.py for tasks to queue
[2025-02-19T09:42:33.962+0000] {logging_mixin.py:190} INFO - [2025-02-19T09:42:33.961+0000] {dagbag.py:587} INFO - Filling up the DagBag from /home/airflow/.local/lib/python3.12/site-packages/airflow/example_dags/example_workday_timetable.py
[2025-02-19T09:42:33.966+0000] {processor.py:925} INFO - DAG(s) 'example_workday_timetable' retrieved from /home/airflow/.local/lib/python3.12/site-packages/airflow/example_dags/example_workday_timetable.py
[2025-02-19T09:42:33.983+0000] {logging_mixin.py:190} INFO - [2025-02-19T09:42:33.983+0000] {dag.py:3229} INFO - Sync 1 DAGs
[2025-02-19T09:42:34.030+0000] {logging_mixin.py:190} INFO - [2025-02-19T09:42:34.030+0000] {dag.py:4156} INFO - Setting next_dagrun for example_workday_timetable to 2021-01-04 00:00:00+00:00, run_after=2021-01-05 00:00:00+00:00
[2025-02-19T09:42:34.046+0000] {processor.py:208} INFO - Processing /home/airflow/.local/lib/python3.12/site-packages/airflow/example_dags/example_workday_timetable.py took 0.091 seconds
[2025-02-19T09:43:05.069+0000] {processor.py:186} INFO - Started process (PID=677) to work on /home/airflow/.local/lib/python3.12/site-packages/airflow/example_dags/example_workday_timetable.py
[2025-02-19T09:43:05.070+0000] {processor.py:914} INFO - Processing file /home/airflow/.local/lib/python3.12/site-packages/airflow/example_dags/example_workday_timetable.py for tasks to queue
[2025-02-19T09:43:05.072+0000] {logging_mixin.py:190} INFO - [2025-02-19T09:43:05.072+0000] {dagbag.py:587} INFO - Filling up the DagBag from /home/airflow/.local/lib/python3.12/site-packages/airflow/example_dags/example_workday_timetable.py
[2025-02-19T09:43:05.076+0000] {processor.py:925} INFO - DAG(s) 'example_workday_timetable' retrieved from /home/airflow/.local/lib/python3.12/site-packages/airflow/example_dags/example_workday_timetable.py
[2025-02-19T09:43:05.094+0000] {logging_mixin.py:190} INFO - [2025-02-19T09:43:05.094+0000] {dag.py:3229} INFO - Sync 1 DAGs
[2025-02-19T09:43:05.147+0000] {logging_mixin.py:190} INFO - [2025-02-19T09:43:05.147+0000] {dag.py:4156} INFO - Setting next_dagrun for example_workday_timetable to 2021-01-04 00:00:00+00:00, run_after=2021-01-05 00:00:00+00:00
[2025-02-19T09:43:05.166+0000] {processor.py:208} INFO - Processing /home/airflow/.local/lib/python3.12/site-packages/airflow/example_dags/example_workday_timetable.py took 0.101 seconds
[2025-02-19T09:43:35.348+0000] {processor.py:186} INFO - Started process (PID=741) to work on /home/airflow/.local/lib/python3.12/site-packages/airflow/example_dags/example_workday_timetable.py
[2025-02-19T09:43:35.349+0000] {processor.py:914} INFO - Processing file /home/airflow/.local/lib/python3.12/site-packages/airflow/example_dags/example_workday_timetable.py for tasks to queue
[2025-02-19T09:43:35.351+0000] {logging_mixin.py:190} INFO - [2025-02-19T09:43:35.351+0000] {dagbag.py:587} INFO - Filling up the DagBag from /home/airflow/.local/lib/python3.12/site-packages/airflow/example_dags/example_workday_timetable.py
[2025-02-19T09:43:35.355+0000] {processor.py:925} INFO - DAG(s) 'example_workday_timetable' retrieved from /home/airflow/.local/lib/python3.12/site-packages/airflow/example_dags/example_workday_timetable.py
[2025-02-19T09:43:35.374+0000] {logging_mixin.py:190} INFO - [2025-02-19T09:43:35.374+0000] {dag.py:3229} INFO - Sync 1 DAGs
[2025-02-19T09:43:35.426+0000] {logging_mixin.py:190} INFO - [2025-02-19T09:43:35.426+0000] {dag.py:4156} INFO - Setting next_dagrun for example_workday_timetable to 2021-01-04 00:00:00+00:00, run_after=2021-01-05 00:00:00+00:00
[2025-02-19T09:43:35.444+0000] {processor.py:208} INFO - Processing /home/airflow/.local/lib/python3.12/site-packages/airflow/example_dags/example_workday_timetable.py took 0.102 seconds
[2025-02-19T09:44:05.569+0000] {processor.py:186} INFO - Started process (PID=804) to work on /home/airflow/.local/lib/python3.12/site-packages/airflow/example_dags/example_workday_timetable.py
[2025-02-19T09:44:05.570+0000] {processor.py:914} INFO - Processing file /home/airflow/.local/lib/python3.12/site-packages/airflow/example_dags/example_workday_timetable.py for tasks to queue
[2025-02-19T09:44:05.572+0000] {logging_mixin.py:190} INFO - [2025-02-19T09:44:05.572+0000] {dagbag.py:587} INFO - Filling up the DagBag from /home/airflow/.local/lib/python3.12/site-packages/airflow/example_dags/example_workday_timetable.py
[2025-02-19T09:44:05.576+0000] {processor.py:925} INFO - DAG(s) 'example_workday_timetable' retrieved from /home/airflow/.local/lib/python3.12/site-packages/airflow/example_dags/example_workday_timetable.py
[2025-02-19T09:44:05.593+0000] {logging_mixin.py:190} INFO - [2025-02-19T09:44:05.592+0000] {dag.py:3229} INFO - Sync 1 DAGs
[2025-02-19T09:44:05.641+0000] {logging_mixin.py:190} INFO - [2025-02-19T09:44:05.641+0000] {dag.py:4156} INFO - Setting next_dagrun for example_workday_timetable to 2021-01-04 00:00:00+00:00, run_after=2021-01-05 00:00:00+00:00
[2025-02-19T09:44:05.657+0000] {processor.py:208} INFO - Processing /home/airflow/.local/lib/python3.12/site-packages/airflow/example_dags/example_workday_timetable.py took 0.093 seconds
[2025-02-19T09:44:36.705+0000] {processor.py:186} INFO - Started process (PID=869) to work on /home/airflow/.local/lib/python3.12/site-packages/airflow/example_dags/example_workday_timetable.py
[2025-02-19T09:44:36.707+0000] {processor.py:914} INFO - Processing file /home/airflow/.local/lib/python3.12/site-packages/airflow/example_dags/example_workday_timetable.py for tasks to queue
[2025-02-19T09:44:36.708+0000] {logging_mixin.py:190} INFO - [2025-02-19T09:44:36.708+0000] {dagbag.py:587} INFO - Filling up the DagBag from /home/airflow/.local/lib/python3.12/site-packages/airflow/example_dags/example_workday_timetable.py
[2025-02-19T09:44:36.712+0000] {processor.py:925} INFO - DAG(s) 'example_workday_timetable' retrieved from /home/airflow/.local/lib/python3.12/site-packages/airflow/example_dags/example_workday_timetable.py
[2025-02-19T09:44:36.729+0000] {logging_mixin.py:190} INFO - [2025-02-19T09:44:36.728+0000] {dag.py:3229} INFO - Sync 1 DAGs
[2025-02-19T09:44:36.777+0000] {logging_mixin.py:190} INFO - [2025-02-19T09:44:36.777+0000] {dag.py:4156} INFO - Setting next_dagrun for example_workday_timetable to 2021-01-04 00:00:00+00:00, run_after=2021-01-05 00:00:00+00:00
[2025-02-19T09:44:36.791+0000] {processor.py:208} INFO - Processing /home/airflow/.local/lib/python3.12/site-packages/airflow/example_dags/example_workday_timetable.py took 0.090 seconds
[2025-02-19T09:45:07.054+0000] {processor.py:186} INFO - Started process (PID=933) to work on /home/airflow/.local/lib/python3.12/site-packages/airflow/example_dags/example_workday_timetable.py
[2025-02-19T09:45:07.055+0000] {processor.py:914} INFO - Processing file /home/airflow/.local/lib/python3.12/site-packages/airflow/example_dags/example_workday_timetable.py for tasks to queue
[2025-02-19T09:45:07.057+0000] {logging_mixin.py:190} INFO - [2025-02-19T09:45:07.057+0000] {dagbag.py:587} INFO - Filling up the DagBag from /home/airflow/.local/lib/python3.12/site-packages/airflow/example_dags/example_workday_timetable.py
[2025-02-19T09:45:07.061+0000] {processor.py:925} INFO - DAG(s) 'example_workday_timetable' retrieved from /home/airflow/.local/lib/python3.12/site-packages/airflow/example_dags/example_workday_timetable.py
[2025-02-19T09:45:07.079+0000] {logging_mixin.py:190} INFO - [2025-02-19T09:45:07.078+0000] {dag.py:3229} INFO - Sync 1 DAGs
[2025-02-19T09:45:07.128+0000] {logging_mixin.py:190} INFO - [2025-02-19T09:45:07.127+0000] {dag.py:4156} INFO - Setting next_dagrun for example_workday_timetable to 2021-01-04 00:00:00+00:00, run_after=2021-01-05 00:00:00+00:00
[2025-02-19T09:45:07.146+0000] {processor.py:208} INFO - Processing /home/airflow/.local/lib/python3.12/site-packages/airflow/example_dags/example_workday_timetable.py took 0.096 seconds
[2025-02-19T09:45:38.191+0000] {processor.py:186} INFO - Started process (PID=997) to work on /home/airflow/.local/lib/python3.12/site-packages/airflow/example_dags/example_workday_timetable.py
[2025-02-19T09:45:38.192+0000] {processor.py:914} INFO - Processing file /home/airflow/.local/lib/python3.12/site-packages/airflow/example_dags/example_workday_timetable.py for tasks to queue
[2025-02-19T09:45:38.194+0000] {logging_mixin.py:190} INFO - [2025-02-19T09:45:38.194+0000] {dagbag.py:587} INFO - Filling up the DagBag from /home/airflow/.local/lib/python3.12/site-packages/airflow/example_dags/example_workday_timetable.py
[2025-02-19T09:45:38.198+0000] {processor.py:925} INFO - DAG(s) 'example_workday_timetable' retrieved from /home/airflow/.local/lib/python3.12/site-packages/airflow/example_dags/example_workday_timetable.py
[2025-02-19T09:45:38.216+0000] {logging_mixin.py:190} INFO - [2025-02-19T09:45:38.215+0000] {dag.py:3229} INFO - Sync 1 DAGs
[2025-02-19T09:45:38.268+0000] {logging_mixin.py:190} INFO - [2025-02-19T09:45:38.267+0000] {dag.py:4156} INFO - Setting next_dagrun for example_workday_timetable to 2021-01-04 00:00:00+00:00, run_after=2021-01-05 00:00:00+00:00
[2025-02-19T09:45:38.285+0000] {processor.py:208} INFO - Processing /home/airflow/.local/lib/python3.12/site-packages/airflow/example_dags/example_workday_timetable.py took 0.099 seconds
[2025-02-19T09:46:09.303+0000] {processor.py:186} INFO - Started process (PID=1061) to work on /home/airflow/.local/lib/python3.12/site-packages/airflow/example_dags/example_workday_timetable.py
[2025-02-19T09:46:09.304+0000] {processor.py:914} INFO - Processing file /home/airflow/.local/lib/python3.12/site-packages/airflow/example_dags/example_workday_timetable.py for tasks to queue
[2025-02-19T09:46:09.305+0000] {logging_mixin.py:190} INFO - [2025-02-19T09:46:09.305+0000] {dagbag.py:587} INFO - Filling up the DagBag from /home/airflow/.local/lib/python3.12/site-packages/airflow/example_dags/example_workday_timetable.py
[2025-02-19T09:46:09.309+0000] {processor.py:925} INFO - DAG(s) 'example_workday_timetable' retrieved from /home/airflow/.local/lib/python3.12/site-packages/airflow/example_dags/example_workday_timetable.py
[2025-02-19T09:46:09.324+0000] {logging_mixin.py:190} INFO - [2025-02-19T09:46:09.323+0000] {dag.py:3229} INFO - Sync 1 DAGs
[2025-02-19T09:46:09.370+0000] {logging_mixin.py:190} INFO - [2025-02-19T09:46:09.370+0000] {dag.py:4156} INFO - Setting next_dagrun for example_workday_timetable to 2021-01-04 00:00:00+00:00, run_after=2021-01-05 00:00:00+00:00
[2025-02-19T09:46:09.384+0000] {processor.py:208} INFO - Processing /home/airflow/.local/lib/python3.12/site-packages/airflow/example_dags/example_workday_timetable.py took 0.085 seconds
[2025-02-19T09:46:40.237+0000] {processor.py:186} INFO - Started process (PID=1125) to work on /home/airflow/.local/lib/python3.12/site-packages/airflow/example_dags/example_workday_timetable.py
[2025-02-19T09:46:40.238+0000] {processor.py:914} INFO - Processing file /home/airflow/.local/lib/python3.12/site-packages/airflow/example_dags/example_workday_timetable.py for tasks to queue
[2025-02-19T09:46:40.240+0000] {logging_mixin.py:190} INFO - [2025-02-19T09:46:40.240+0000] {dagbag.py:587} INFO - Filling up the DagBag from /home/airflow/.local/lib/python3.12/site-packages/airflow/example_dags/example_workday_timetable.py
[2025-02-19T09:46:40.244+0000] {processor.py:925} INFO - DAG(s) 'example_workday_timetable' retrieved from /home/airflow/.local/lib/python3.12/site-packages/airflow/example_dags/example_workday_timetable.py
[2025-02-19T09:46:40.261+0000] {logging_mixin.py:190} INFO - [2025-02-19T09:46:40.260+0000] {dag.py:3229} INFO - Sync 1 DAGs
[2025-02-19T09:46:40.308+0000] {logging_mixin.py:190} INFO - [2025-02-19T09:46:40.307+0000] {dag.py:4156} INFO - Setting next_dagrun for example_workday_timetable to 2021-01-04 00:00:00+00:00, run_after=2021-01-05 00:00:00+00:00
[2025-02-19T09:46:40.322+0000] {processor.py:208} INFO - Processing /home/airflow/.local/lib/python3.12/site-packages/airflow/example_dags/example_workday_timetable.py took 0.089 seconds
[2025-02-19T09:47:11.235+0000] {processor.py:186} INFO - Started process (PID=1189) to work on /home/airflow/.local/lib/python3.12/site-packages/airflow/example_dags/example_workday_timetable.py
[2025-02-19T09:47:11.236+0000] {processor.py:914} INFO - Processing file /home/airflow/.local/lib/python3.12/site-packages/airflow/example_dags/example_workday_timetable.py for tasks to queue
[2025-02-19T09:47:11.238+0000] {logging_mixin.py:190} INFO - [2025-02-19T09:47:11.238+0000] {dagbag.py:587} INFO - Filling up the DagBag from /home/airflow/.local/lib/python3.12/site-packages/airflow/example_dags/example_workday_timetable.py
[2025-02-19T09:47:11.243+0000] {processor.py:925} INFO - DAG(s) 'example_workday_timetable' retrieved from /home/airflow/.local/lib/python3.12/site-packages/airflow/example_dags/example_workday_timetable.py
[2025-02-19T09:47:11.261+0000] {logging_mixin.py:190} INFO - [2025-02-19T09:47:11.260+0000] {dag.py:3229} INFO - Sync 1 DAGs
[2025-02-19T09:47:11.316+0000] {logging_mixin.py:190} INFO - [2025-02-19T09:47:11.316+0000] {dag.py:4156} INFO - Setting next_dagrun for example_workday_timetable to 2021-01-04 00:00:00+00:00, run_after=2021-01-05 00:00:00+00:00
[2025-02-19T09:47:11.337+0000] {processor.py:208} INFO - Processing /home/airflow/.local/lib/python3.12/site-packages/airflow/example_dags/example_workday_timetable.py took 0.106 seconds
[2025-02-19T09:47:41.615+0000] {processor.py:186} INFO - Started process (PID=1253) to work on /home/airflow/.local/lib/python3.12/site-packages/airflow/example_dags/example_workday_timetable.py
[2025-02-19T09:47:41.616+0000] {processor.py:914} INFO - Processing file /home/airflow/.local/lib/python3.12/site-packages/airflow/example_dags/example_workday_timetable.py for tasks to queue
[2025-02-19T09:47:41.618+0000] {logging_mixin.py:190} INFO - [2025-02-19T09:47:41.618+0000] {dagbag.py:587} INFO - Filling up the DagBag from /home/airflow/.local/lib/python3.12/site-packages/airflow/example_dags/example_workday_timetable.py
[2025-02-19T09:47:41.624+0000] {processor.py:925} INFO - DAG(s) 'example_workday_timetable' retrieved from /home/airflow/.local/lib/python3.12/site-packages/airflow/example_dags/example_workday_timetable.py
[2025-02-19T09:47:41.642+0000] {logging_mixin.py:190} INFO - [2025-02-19T09:47:41.642+0000] {dag.py:3229} INFO - Sync 1 DAGs
[2025-02-19T09:47:41.701+0000] {logging_mixin.py:190} INFO - [2025-02-19T09:47:41.701+0000] {dag.py:4156} INFO - Setting next_dagrun for example_workday_timetable to 2021-01-04 00:00:00+00:00, run_after=2021-01-05 00:00:00+00:00
[2025-02-19T09:47:41.720+0000] {processor.py:208} INFO - Processing /home/airflow/.local/lib/python3.12/site-packages/airflow/example_dags/example_workday_timetable.py took 0.111 seconds
[2025-02-19T09:48:12.004+0000] {processor.py:186} INFO - Started process (PID=1318) to work on /home/airflow/.local/lib/python3.12/site-packages/airflow/example_dags/example_workday_timetable.py
[2025-02-19T09:48:12.005+0000] {processor.py:914} INFO - Processing file /home/airflow/.local/lib/python3.12/site-packages/airflow/example_dags/example_workday_timetable.py for tasks to queue
[2025-02-19T09:48:12.007+0000] {logging_mixin.py:190} INFO - [2025-02-19T09:48:12.007+0000] {dagbag.py:587} INFO - Filling up the DagBag from /home/airflow/.local/lib/python3.12/site-packages/airflow/example_dags/example_workday_timetable.py
[2025-02-19T09:48:12.012+0000] {processor.py:925} INFO - DAG(s) 'example_workday_timetable' retrieved from /home/airflow/.local/lib/python3.12/site-packages/airflow/example_dags/example_workday_timetable.py
[2025-02-19T09:48:12.030+0000] {logging_mixin.py:190} INFO - [2025-02-19T09:48:12.029+0000] {dag.py:3229} INFO - Sync 1 DAGs
[2025-02-19T09:48:12.079+0000] {logging_mixin.py:190} INFO - [2025-02-19T09:48:12.079+0000] {dag.py:4156} INFO - Setting next_dagrun for example_workday_timetable to 2021-01-04 00:00:00+00:00, run_after=2021-01-05 00:00:00+00:00
[2025-02-19T09:48:12.096+0000] {processor.py:208} INFO - Processing /home/airflow/.local/lib/python3.12/site-packages/airflow/example_dags/example_workday_timetable.py took 0.097 seconds
[2025-02-19T09:48:43.133+0000] {processor.py:186} INFO - Started process (PID=1382) to work on /home/airflow/.local/lib/python3.12/site-packages/airflow/example_dags/example_workday_timetable.py
[2025-02-19T09:48:43.134+0000] {processor.py:914} INFO - Processing file /home/airflow/.local/lib/python3.12/site-packages/airflow/example_dags/example_workday_timetable.py for tasks to queue
[2025-02-19T09:48:43.136+0000] {logging_mixin.py:190} INFO - [2025-02-19T09:48:43.136+0000] {dagbag.py:587} INFO - Filling up the DagBag from /home/airflow/.local/lib/python3.12/site-packages/airflow/example_dags/example_workday_timetable.py
[2025-02-19T09:48:43.140+0000] {processor.py:925} INFO - DAG(s) 'example_workday_timetable' retrieved from /home/airflow/.local/lib/python3.12/site-packages/airflow/example_dags/example_workday_timetable.py
[2025-02-19T09:48:43.157+0000] {logging_mixin.py:190} INFO - [2025-02-19T09:48:43.156+0000] {dag.py:3229} INFO - Sync 1 DAGs
[2025-02-19T09:48:43.207+0000] {logging_mixin.py:190} INFO - [2025-02-19T09:48:43.207+0000] {dag.py:4156} INFO - Setting next_dagrun for example_workday_timetable to 2021-01-04 00:00:00+00:00, run_after=2021-01-05 00:00:00+00:00
[2025-02-19T09:48:43.223+0000] {processor.py:208} INFO - Processing /home/airflow/.local/lib/python3.12/site-packages/airflow/example_dags/example_workday_timetable.py took 0.095 seconds
[2025-02-19T09:49:14.048+0000] {processor.py:186} INFO - Started process (PID=1446) to work on /home/airflow/.local/lib/python3.12/site-packages/airflow/example_dags/example_workday_timetable.py
[2025-02-19T09:49:14.049+0000] {processor.py:914} INFO - Processing file /home/airflow/.local/lib/python3.12/site-packages/airflow/example_dags/example_workday_timetable.py for tasks to queue
[2025-02-19T09:49:14.050+0000] {logging_mixin.py:190} INFO - [2025-02-19T09:49:14.050+0000] {dagbag.py:587} INFO - Filling up the DagBag from /home/airflow/.local/lib/python3.12/site-packages/airflow/example_dags/example_workday_timetable.py
[2025-02-19T09:49:14.054+0000] {processor.py:925} INFO - DAG(s) 'example_workday_timetable' retrieved from /home/airflow/.local/lib/python3.12/site-packages/airflow/example_dags/example_workday_timetable.py
[2025-02-19T09:49:14.071+0000] {logging_mixin.py:190} INFO - [2025-02-19T09:49:14.070+0000] {dag.py:3229} INFO - Sync 1 DAGs
[2025-02-19T09:49:14.118+0000] {logging_mixin.py:190} INFO - [2025-02-19T09:49:14.118+0000] {dag.py:4156} INFO - Setting next_dagrun for example_workday_timetable to 2021-01-04 00:00:00+00:00, run_after=2021-01-05 00:00:00+00:00
[2025-02-19T09:49:14.134+0000] {processor.py:208} INFO - Processing /home/airflow/.local/lib/python3.12/site-packages/airflow/example_dags/example_workday_timetable.py took 0.091 seconds
[2025-02-19T09:49:44.988+0000] {processor.py:186} INFO - Started process (PID=1510) to work on /home/airflow/.local/lib/python3.12/site-packages/airflow/example_dags/example_workday_timetable.py
[2025-02-19T09:49:44.989+0000] {processor.py:914} INFO - Processing file /home/airflow/.local/lib/python3.12/site-packages/airflow/example_dags/example_workday_timetable.py for tasks to queue
[2025-02-19T09:49:44.991+0000] {logging_mixin.py:190} INFO - [2025-02-19T09:49:44.991+0000] {dagbag.py:587} INFO - Filling up the DagBag from /home/airflow/.local/lib/python3.12/site-packages/airflow/example_dags/example_workday_timetable.py
[2025-02-19T09:49:44.997+0000] {processor.py:925} INFO - DAG(s) 'example_workday_timetable' retrieved from /home/airflow/.local/lib/python3.12/site-packages/airflow/example_dags/example_workday_timetable.py
[2025-02-19T09:49:45.015+0000] {logging_mixin.py:190} INFO - [2025-02-19T09:49:45.015+0000] {dag.py:3229} INFO - Sync 1 DAGs
[2025-02-19T09:49:45.064+0000] {logging_mixin.py:190} INFO - [2025-02-19T09:49:45.064+0000] {dag.py:4156} INFO - Setting next_dagrun for example_workday_timetable to 2021-01-04 00:00:00+00:00, run_after=2021-01-05 00:00:00+00:00
[2025-02-19T09:49:45.082+0000] {processor.py:208} INFO - Processing /home/airflow/.local/lib/python3.12/site-packages/airflow/example_dags/example_workday_timetable.py took 0.099 seconds
[2025-02-19T09:50:15.313+0000] {processor.py:186} INFO - Started process (PID=1574) to work on /home/airflow/.local/lib/python3.12/site-packages/airflow/example_dags/example_workday_timetable.py
[2025-02-19T09:50:15.314+0000] {processor.py:914} INFO - Processing file /home/airflow/.local/lib/python3.12/site-packages/airflow/example_dags/example_workday_timetable.py for tasks to queue
[2025-02-19T09:50:15.316+0000] {logging_mixin.py:190} INFO - [2025-02-19T09:50:15.316+0000] {dagbag.py:587} INFO - Filling up the DagBag from /home/airflow/.local/lib/python3.12/site-packages/airflow/example_dags/example_workday_timetable.py
[2025-02-19T09:50:15.322+0000] {processor.py:925} INFO - DAG(s) 'example_workday_timetable' retrieved from /home/airflow/.local/lib/python3.12/site-packages/airflow/example_dags/example_workday_timetable.py
[2025-02-19T09:50:15.340+0000] {logging_mixin.py:190} INFO - [2025-02-19T09:50:15.339+0000] {dag.py:3229} INFO - Sync 1 DAGs
[2025-02-19T09:50:15.395+0000] {logging_mixin.py:190} INFO - [2025-02-19T09:50:15.395+0000] {dag.py:4156} INFO - Setting next_dagrun for example_workday_timetable to 2021-01-04 00:00:00+00:00, run_after=2021-01-05 00:00:00+00:00
[2025-02-19T09:50:15.413+0000] {processor.py:208} INFO - Processing /home/airflow/.local/lib/python3.12/site-packages/airflow/example_dags/example_workday_timetable.py took 0.105 seconds
[2025-02-19T09:50:45.764+0000] {processor.py:186} INFO - Started process (PID=1638) to work on /home/airflow/.local/lib/python3.12/site-packages/airflow/example_dags/example_workday_timetable.py
[2025-02-19T09:50:45.765+0000] {processor.py:914} INFO - Processing file /home/airflow/.local/lib/python3.12/site-packages/airflow/example_dags/example_workday_timetable.py for tasks to queue
[2025-02-19T09:50:45.767+0000] {logging_mixin.py:190} INFO - [2025-02-19T09:50:45.767+0000] {dagbag.py:587} INFO - Filling up the DagBag from /home/airflow/.local/lib/python3.12/site-packages/airflow/example_dags/example_workday_timetable.py
[2025-02-19T09:50:45.776+0000] {processor.py:925} INFO - DAG(s) 'example_workday_timetable' retrieved from /home/airflow/.local/lib/python3.12/site-packages/airflow/example_dags/example_workday_timetable.py
[2025-02-19T09:50:45.798+0000] {logging_mixin.py:190} INFO - [2025-02-19T09:50:45.797+0000] {dag.py:3229} INFO - Sync 1 DAGs
[2025-02-19T09:50:45.857+0000] {logging_mixin.py:190} INFO - [2025-02-19T09:50:45.857+0000] {dag.py:4156} INFO - Setting next_dagrun for example_workday_timetable to 2021-01-04 00:00:00+00:00, run_after=2021-01-05 00:00:00+00:00
[2025-02-19T09:50:45.875+0000] {processor.py:208} INFO - Processing /home/airflow/.local/lib/python3.12/site-packages/airflow/example_dags/example_workday_timetable.py took 0.119 seconds
[2025-02-19T09:51:15.999+0000] {processor.py:186} INFO - Started process (PID=1702) to work on /home/airflow/.local/lib/python3.12/site-packages/airflow/example_dags/example_workday_timetable.py
[2025-02-19T09:51:16.001+0000] {processor.py:914} INFO - Processing file /home/airflow/.local/lib/python3.12/site-packages/airflow/example_dags/example_workday_timetable.py for tasks to queue
[2025-02-19T09:51:16.002+0000] {logging_mixin.py:190} INFO - [2025-02-19T09:51:16.002+0000] {dagbag.py:587} INFO - Filling up the DagBag from /home/airflow/.local/lib/python3.12/site-packages/airflow/example_dags/example_workday_timetable.py
[2025-02-19T09:51:16.007+0000] {processor.py:925} INFO - DAG(s) 'example_workday_timetable' retrieved from /home/airflow/.local/lib/python3.12/site-packages/airflow/example_dags/example_workday_timetable.py
[2025-02-19T09:51:16.023+0000] {logging_mixin.py:190} INFO - [2025-02-19T09:51:16.022+0000] {dag.py:3229} INFO - Sync 1 DAGs
[2025-02-19T09:51:16.067+0000] {logging_mixin.py:190} INFO - [2025-02-19T09:51:16.067+0000] {dag.py:4156} INFO - Setting next_dagrun for example_workday_timetable to 2021-01-04 00:00:00+00:00, run_after=2021-01-05 00:00:00+00:00
[2025-02-19T09:51:16.082+0000] {processor.py:208} INFO - Processing /home/airflow/.local/lib/python3.12/site-packages/airflow/example_dags/example_workday_timetable.py took 0.087 seconds
[2025-02-19T09:51:46.262+0000] {processor.py:186} INFO - Started process (PID=1766) to work on /home/airflow/.local/lib/python3.12/site-packages/airflow/example_dags/example_workday_timetable.py
[2025-02-19T09:51:46.263+0000] {processor.py:914} INFO - Processing file /home/airflow/.local/lib/python3.12/site-packages/airflow/example_dags/example_workday_timetable.py for tasks to queue
[2025-02-19T09:51:46.265+0000] {logging_mixin.py:190} INFO - [2025-02-19T09:51:46.264+0000] {dagbag.py:587} INFO - Filling up the DagBag from /home/airflow/.local/lib/python3.12/site-packages/airflow/example_dags/example_workday_timetable.py
[2025-02-19T09:51:46.268+0000] {processor.py:925} INFO - DAG(s) 'example_workday_timetable' retrieved from /home/airflow/.local/lib/python3.12/site-packages/airflow/example_dags/example_workday_timetable.py
[2025-02-19T09:51:46.285+0000] {logging_mixin.py:190} INFO - [2025-02-19T09:51:46.285+0000] {dag.py:3229} INFO - Sync 1 DAGs
[2025-02-19T09:51:46.332+0000] {logging_mixin.py:190} INFO - [2025-02-19T09:51:46.331+0000] {dag.py:4156} INFO - Setting next_dagrun for example_workday_timetable to 2021-01-04 00:00:00+00:00, run_after=2021-01-05 00:00:00+00:00
[2025-02-19T09:51:46.348+0000] {processor.py:208} INFO - Processing /home/airflow/.local/lib/python3.12/site-packages/airflow/example_dags/example_workday_timetable.py took 0.090 seconds
[2025-02-19T09:52:16.419+0000] {processor.py:186} INFO - Started process (PID=1829) to work on /home/airflow/.local/lib/python3.12/site-packages/airflow/example_dags/example_workday_timetable.py
[2025-02-19T09:52:16.421+0000] {processor.py:914} INFO - Processing file /home/airflow/.local/lib/python3.12/site-packages/airflow/example_dags/example_workday_timetable.py for tasks to queue
[2025-02-19T09:52:16.423+0000] {logging_mixin.py:190} INFO - [2025-02-19T09:52:16.423+0000] {dagbag.py:587} INFO - Filling up the DagBag from /home/airflow/.local/lib/python3.12/site-packages/airflow/example_dags/example_workday_timetable.py
[2025-02-19T09:52:16.428+0000] {processor.py:925} INFO - DAG(s) 'example_workday_timetable' retrieved from /home/airflow/.local/lib/python3.12/site-packages/airflow/example_dags/example_workday_timetable.py
[2025-02-19T09:52:16.448+0000] {logging_mixin.py:190} INFO - [2025-02-19T09:52:16.448+0000] {dag.py:3229} INFO - Sync 1 DAGs
[2025-02-19T09:52:16.498+0000] {logging_mixin.py:190} INFO - [2025-02-19T09:52:16.498+0000] {dag.py:4156} INFO - Setting next_dagrun for example_workday_timetable to 2021-01-04 00:00:00+00:00, run_after=2021-01-05 00:00:00+00:00
[2025-02-19T09:52:16.516+0000] {processor.py:208} INFO - Processing /home/airflow/.local/lib/python3.12/site-packages/airflow/example_dags/example_workday_timetable.py took 0.101 seconds
[2025-02-19T09:52:46.566+0000] {processor.py:186} INFO - Started process (PID=1892) to work on /home/airflow/.local/lib/python3.12/site-packages/airflow/example_dags/example_workday_timetable.py
[2025-02-19T09:52:46.567+0000] {processor.py:914} INFO - Processing file /home/airflow/.local/lib/python3.12/site-packages/airflow/example_dags/example_workday_timetable.py for tasks to queue
[2025-02-19T09:52:46.570+0000] {logging_mixin.py:190} INFO - [2025-02-19T09:52:46.570+0000] {dagbag.py:587} INFO - Filling up the DagBag from /home/airflow/.local/lib/python3.12/site-packages/airflow/example_dags/example_workday_timetable.py
[2025-02-19T09:52:46.574+0000] {processor.py:925} INFO - DAG(s) 'example_workday_timetable' retrieved from /home/airflow/.local/lib/python3.12/site-packages/airflow/example_dags/example_workday_timetable.py
[2025-02-19T09:52:46.595+0000] {logging_mixin.py:190} INFO - [2025-02-19T09:52:46.594+0000] {dag.py:3229} INFO - Sync 1 DAGs
[2025-02-19T09:52:46.647+0000] {logging_mixin.py:190} INFO - [2025-02-19T09:52:46.646+0000] {dag.py:4156} INFO - Setting next_dagrun for example_workday_timetable to 2021-01-04 00:00:00+00:00, run_after=2021-01-05 00:00:00+00:00
[2025-02-19T09:52:46.665+0000] {processor.py:208} INFO - Processing /home/airflow/.local/lib/python3.12/site-packages/airflow/example_dags/example_workday_timetable.py took 0.103 seconds
[2025-02-19T09:53:17.059+0000] {processor.py:186} INFO - Started process (PID=1957) to work on /home/airflow/.local/lib/python3.12/site-packages/airflow/example_dags/example_workday_timetable.py
[2025-02-19T09:53:17.060+0000] {processor.py:914} INFO - Processing file /home/airflow/.local/lib/python3.12/site-packages/airflow/example_dags/example_workday_timetable.py for tasks to queue
[2025-02-19T09:53:17.063+0000] {logging_mixin.py:190} INFO - [2025-02-19T09:53:17.062+0000] {dagbag.py:587} INFO - Filling up the DagBag from /home/airflow/.local/lib/python3.12/site-packages/airflow/example_dags/example_workday_timetable.py
[2025-02-19T09:53:17.067+0000] {processor.py:925} INFO - DAG(s) 'example_workday_timetable' retrieved from /home/airflow/.local/lib/python3.12/site-packages/airflow/example_dags/example_workday_timetable.py
[2025-02-19T09:53:17.085+0000] {logging_mixin.py:190} INFO - [2025-02-19T09:53:17.085+0000] {dag.py:3229} INFO - Sync 1 DAGs
[2025-02-19T09:53:17.140+0000] {logging_mixin.py:190} INFO - [2025-02-19T09:53:17.139+0000] {dag.py:4156} INFO - Setting next_dagrun for example_workday_timetable to 2021-01-04 00:00:00+00:00, run_after=2021-01-05 00:00:00+00:00
[2025-02-19T09:53:17.160+0000] {processor.py:208} INFO - Processing /home/airflow/.local/lib/python3.12/site-packages/airflow/example_dags/example_workday_timetable.py took 0.105 seconds
[2025-02-19T09:53:47.426+0000] {processor.py:186} INFO - Started process (PID=2021) to work on /home/airflow/.local/lib/python3.12/site-packages/airflow/example_dags/example_workday_timetable.py
[2025-02-19T09:53:47.440+0000] {processor.py:914} INFO - Processing file /home/airflow/.local/lib/python3.12/site-packages/airflow/example_dags/example_workday_timetable.py for tasks to queue
[2025-02-19T09:53:47.443+0000] {logging_mixin.py:190} INFO - [2025-02-19T09:53:47.443+0000] {dagbag.py:587} INFO - Filling up the DagBag from /home/airflow/.local/lib/python3.12/site-packages/airflow/example_dags/example_workday_timetable.py
[2025-02-19T09:53:47.448+0000] {processor.py:925} INFO - DAG(s) 'example_workday_timetable' retrieved from /home/airflow/.local/lib/python3.12/site-packages/airflow/example_dags/example_workday_timetable.py
[2025-02-19T09:53:47.467+0000] {logging_mixin.py:190} INFO - [2025-02-19T09:53:47.466+0000] {dag.py:3229} INFO - Sync 1 DAGs
[2025-02-19T09:53:47.518+0000] {logging_mixin.py:190} INFO - [2025-02-19T09:53:47.518+0000] {dag.py:4156} INFO - Setting next_dagrun for example_workday_timetable to 2021-01-04 00:00:00+00:00, run_after=2021-01-05 00:00:00+00:00
[2025-02-19T09:53:47.535+0000] {processor.py:208} INFO - Processing /home/airflow/.local/lib/python3.12/site-packages/airflow/example_dags/example_workday_timetable.py took 0.114 seconds
[2025-02-19T09:54:17.788+0000] {processor.py:186} INFO - Started process (PID=2085) to work on /home/airflow/.local/lib/python3.12/site-packages/airflow/example_dags/example_workday_timetable.py
[2025-02-19T09:54:17.789+0000] {processor.py:914} INFO - Processing file /home/airflow/.local/lib/python3.12/site-packages/airflow/example_dags/example_workday_timetable.py for tasks to queue
[2025-02-19T09:54:17.792+0000] {logging_mixin.py:190} INFO - [2025-02-19T09:54:17.791+0000] {dagbag.py:587} INFO - Filling up the DagBag from /home/airflow/.local/lib/python3.12/site-packages/airflow/example_dags/example_workday_timetable.py
[2025-02-19T09:54:17.797+0000] {processor.py:925} INFO - DAG(s) 'example_workday_timetable' retrieved from /home/airflow/.local/lib/python3.12/site-packages/airflow/example_dags/example_workday_timetable.py
[2025-02-19T09:54:17.819+0000] {logging_mixin.py:190} INFO - [2025-02-19T09:54:17.819+0000] {dag.py:3229} INFO - Sync 1 DAGs
[2025-02-19T09:54:17.879+0000] {logging_mixin.py:190} INFO - [2025-02-19T09:54:17.879+0000] {dag.py:4156} INFO - Setting next_dagrun for example_workday_timetable to 2021-01-04 00:00:00+00:00, run_after=2021-01-05 00:00:00+00:00
[2025-02-19T09:54:17.902+0000] {processor.py:208} INFO - Processing /home/airflow/.local/lib/python3.12/site-packages/airflow/example_dags/example_workday_timetable.py took 0.119 seconds
[2025-02-19T09:54:47.950+0000] {processor.py:186} INFO - Started process (PID=2148) to work on /home/airflow/.local/lib/python3.12/site-packages/airflow/example_dags/example_workday_timetable.py
[2025-02-19T09:54:47.969+0000] {processor.py:914} INFO - Processing file /home/airflow/.local/lib/python3.12/site-packages/airflow/example_dags/example_workday_timetable.py for tasks to queue
[2025-02-19T09:54:47.972+0000] {logging_mixin.py:190} INFO - [2025-02-19T09:54:47.972+0000] {dagbag.py:587} INFO - Filling up the DagBag from /home/airflow/.local/lib/python3.12/site-packages/airflow/example_dags/example_workday_timetable.py
[2025-02-19T09:54:47.977+0000] {processor.py:925} INFO - DAG(s) 'example_workday_timetable' retrieved from /home/airflow/.local/lib/python3.12/site-packages/airflow/example_dags/example_workday_timetable.py
[2025-02-19T09:54:47.995+0000] {logging_mixin.py:190} INFO - [2025-02-19T09:54:47.994+0000] {dag.py:3229} INFO - Sync 1 DAGs
[2025-02-19T09:54:48.048+0000] {logging_mixin.py:190} INFO - [2025-02-19T09:54:48.048+0000] {dag.py:4156} INFO - Setting next_dagrun for example_workday_timetable to 2021-01-04 00:00:00+00:00, run_after=2021-01-05 00:00:00+00:00
[2025-02-19T09:54:48.067+0000] {processor.py:208} INFO - Processing /home/airflow/.local/lib/python3.12/site-packages/airflow/example_dags/example_workday_timetable.py took 0.122 seconds
[2025-02-19T09:55:18.338+0000] {processor.py:186} INFO - Started process (PID=2214) to work on /home/airflow/.local/lib/python3.12/site-packages/airflow/example_dags/example_workday_timetable.py
[2025-02-19T09:55:18.343+0000] {processor.py:914} INFO - Processing file /home/airflow/.local/lib/python3.12/site-packages/airflow/example_dags/example_workday_timetable.py for tasks to queue
[2025-02-19T09:55:18.345+0000] {logging_mixin.py:190} INFO - [2025-02-19T09:55:18.345+0000] {dagbag.py:587} INFO - Filling up the DagBag from /home/airflow/.local/lib/python3.12/site-packages/airflow/example_dags/example_workday_timetable.py
[2025-02-19T09:55:18.350+0000] {processor.py:925} INFO - DAG(s) 'example_workday_timetable' retrieved from /home/airflow/.local/lib/python3.12/site-packages/airflow/example_dags/example_workday_timetable.py
[2025-02-19T09:55:18.369+0000] {logging_mixin.py:190} INFO - [2025-02-19T09:55:18.369+0000] {dag.py:3229} INFO - Sync 1 DAGs
[2025-02-19T09:55:18.426+0000] {logging_mixin.py:190} INFO - [2025-02-19T09:55:18.425+0000] {dag.py:4156} INFO - Setting next_dagrun for example_workday_timetable to 2021-01-04 00:00:00+00:00, run_after=2021-01-05 00:00:00+00:00
[2025-02-19T09:55:18.443+0000] {processor.py:208} INFO - Processing /home/airflow/.local/lib/python3.12/site-packages/airflow/example_dags/example_workday_timetable.py took 0.110 seconds
[2025-02-19T09:55:48.734+0000] {processor.py:186} INFO - Started process (PID=2278) to work on /home/airflow/.local/lib/python3.12/site-packages/airflow/example_dags/example_workday_timetable.py
[2025-02-19T09:55:48.736+0000] {processor.py:914} INFO - Processing file /home/airflow/.local/lib/python3.12/site-packages/airflow/example_dags/example_workday_timetable.py for tasks to queue
[2025-02-19T09:55:48.738+0000] {logging_mixin.py:190} INFO - [2025-02-19T09:55:48.738+0000] {dagbag.py:587} INFO - Filling up the DagBag from /home/airflow/.local/lib/python3.12/site-packages/airflow/example_dags/example_workday_timetable.py
[2025-02-19T09:55:48.742+0000] {processor.py:925} INFO - DAG(s) 'example_workday_timetable' retrieved from /home/airflow/.local/lib/python3.12/site-packages/airflow/example_dags/example_workday_timetable.py
[2025-02-19T09:55:48.762+0000] {logging_mixin.py:190} INFO - [2025-02-19T09:55:48.762+0000] {dag.py:3229} INFO - Sync 1 DAGs
[2025-02-19T09:55:48.817+0000] {logging_mixin.py:190} INFO - [2025-02-19T09:55:48.816+0000] {dag.py:4156} INFO - Setting next_dagrun for example_workday_timetable to 2021-01-04 00:00:00+00:00, run_after=2021-01-05 00:00:00+00:00
[2025-02-19T09:55:48.837+0000] {processor.py:208} INFO - Processing /home/airflow/.local/lib/python3.12/site-packages/airflow/example_dags/example_workday_timetable.py took 0.107 seconds
[2025-02-19T09:56:19.129+0000] {processor.py:186} INFO - Started process (PID=2342) to work on /home/airflow/.local/lib/python3.12/site-packages/airflow/example_dags/example_workday_timetable.py
[2025-02-19T09:56:19.130+0000] {processor.py:914} INFO - Processing file /home/airflow/.local/lib/python3.12/site-packages/airflow/example_dags/example_workday_timetable.py for tasks to queue
[2025-02-19T09:56:19.133+0000] {logging_mixin.py:190} INFO - [2025-02-19T09:56:19.133+0000] {dagbag.py:587} INFO - Filling up the DagBag from /home/airflow/.local/lib/python3.12/site-packages/airflow/example_dags/example_workday_timetable.py
[2025-02-19T09:56:19.138+0000] {processor.py:925} INFO - DAG(s) 'example_workday_timetable' retrieved from /home/airflow/.local/lib/python3.12/site-packages/airflow/example_dags/example_workday_timetable.py
[2025-02-19T09:56:19.158+0000] {logging_mixin.py:190} INFO - [2025-02-19T09:56:19.156+0000] {dag.py:3229} INFO - Sync 1 DAGs
[2025-02-19T09:56:19.214+0000] {logging_mixin.py:190} INFO - [2025-02-19T09:56:19.214+0000] {dag.py:4156} INFO - Setting next_dagrun for example_workday_timetable to 2021-01-04 00:00:00+00:00, run_after=2021-01-05 00:00:00+00:00
[2025-02-19T09:56:19.233+0000] {processor.py:208} INFO - Processing /home/airflow/.local/lib/python3.12/site-packages/airflow/example_dags/example_workday_timetable.py took 0.109 seconds
[2025-02-19T09:56:49.545+0000] {processor.py:186} INFO - Started process (PID=2407) to work on /home/airflow/.local/lib/python3.12/site-packages/airflow/example_dags/example_workday_timetable.py
[2025-02-19T09:56:49.548+0000] {processor.py:914} INFO - Processing file /home/airflow/.local/lib/python3.12/site-packages/airflow/example_dags/example_workday_timetable.py for tasks to queue
[2025-02-19T09:56:49.550+0000] {logging_mixin.py:190} INFO - [2025-02-19T09:56:49.550+0000] {dagbag.py:587} INFO - Filling up the DagBag from /home/airflow/.local/lib/python3.12/site-packages/airflow/example_dags/example_workday_timetable.py
[2025-02-19T09:56:49.554+0000] {processor.py:925} INFO - DAG(s) 'example_workday_timetable' retrieved from /home/airflow/.local/lib/python3.12/site-packages/airflow/example_dags/example_workday_timetable.py
[2025-02-19T09:56:49.574+0000] {logging_mixin.py:190} INFO - [2025-02-19T09:56:49.573+0000] {dag.py:3229} INFO - Sync 1 DAGs
[2025-02-19T09:56:49.630+0000] {logging_mixin.py:190} INFO - [2025-02-19T09:56:49.629+0000] {dag.py:4156} INFO - Setting next_dagrun for example_workday_timetable to 2021-01-04 00:00:00+00:00, run_after=2021-01-05 00:00:00+00:00
[2025-02-19T09:56:49.648+0000] {processor.py:208} INFO - Processing /home/airflow/.local/lib/python3.12/site-packages/airflow/example_dags/example_workday_timetable.py took 0.108 seconds
[2025-02-19T09:57:20.888+0000] {processor.py:186} INFO - Started process (PID=2472) to work on /home/airflow/.local/lib/python3.12/site-packages/airflow/example_dags/example_workday_timetable.py
[2025-02-19T09:57:20.889+0000] {processor.py:914} INFO - Processing file /home/airflow/.local/lib/python3.12/site-packages/airflow/example_dags/example_workday_timetable.py for tasks to queue
[2025-02-19T09:57:20.891+0000] {logging_mixin.py:190} INFO - [2025-02-19T09:57:20.891+0000] {dagbag.py:587} INFO - Filling up the DagBag from /home/airflow/.local/lib/python3.12/site-packages/airflow/example_dags/example_workday_timetable.py
[2025-02-19T09:57:20.896+0000] {processor.py:925} INFO - DAG(s) 'example_workday_timetable' retrieved from /home/airflow/.local/lib/python3.12/site-packages/airflow/example_dags/example_workday_timetable.py
[2025-02-19T09:57:20.916+0000] {logging_mixin.py:190} INFO - [2025-02-19T09:57:20.915+0000] {dag.py:3229} INFO - Sync 1 DAGs
[2025-02-19T09:57:20.972+0000] {logging_mixin.py:190} INFO - [2025-02-19T09:57:20.971+0000] {dag.py:4156} INFO - Setting next_dagrun for example_workday_timetable to 2021-01-04 00:00:00+00:00, run_after=2021-01-05 00:00:00+00:00
[2025-02-19T09:57:20.989+0000] {processor.py:208} INFO - Processing /home/airflow/.local/lib/python3.12/site-packages/airflow/example_dags/example_workday_timetable.py took 0.106 seconds
[2025-02-19T09:57:51.312+0000] {processor.py:186} INFO - Started process (PID=2536) to work on /home/airflow/.local/lib/python3.12/site-packages/airflow/example_dags/example_workday_timetable.py
[2025-02-19T09:57:51.313+0000] {processor.py:914} INFO - Processing file /home/airflow/.local/lib/python3.12/site-packages/airflow/example_dags/example_workday_timetable.py for tasks to queue
[2025-02-19T09:57:51.315+0000] {logging_mixin.py:190} INFO - [2025-02-19T09:57:51.315+0000] {dagbag.py:587} INFO - Filling up the DagBag from /home/airflow/.local/lib/python3.12/site-packages/airflow/example_dags/example_workday_timetable.py
[2025-02-19T09:57:51.320+0000] {processor.py:925} INFO - DAG(s) 'example_workday_timetable' retrieved from /home/airflow/.local/lib/python3.12/site-packages/airflow/example_dags/example_workday_timetable.py
[2025-02-19T09:57:51.336+0000] {logging_mixin.py:190} INFO - [2025-02-19T09:57:51.335+0000] {dag.py:3229} INFO - Sync 1 DAGs
[2025-02-19T09:57:51.384+0000] {logging_mixin.py:190} INFO - [2025-02-19T09:57:51.384+0000] {dag.py:4156} INFO - Setting next_dagrun for example_workday_timetable to 2021-01-04 00:00:00+00:00, run_after=2021-01-05 00:00:00+00:00
[2025-02-19T09:57:51.400+0000] {processor.py:208} INFO - Processing /home/airflow/.local/lib/python3.12/site-packages/airflow/example_dags/example_workday_timetable.py took 0.092 seconds
[2025-02-19T09:58:22.066+0000] {processor.py:186} INFO - Started process (PID=2601) to work on /home/airflow/.local/lib/python3.12/site-packages/airflow/example_dags/example_workday_timetable.py
[2025-02-19T09:58:22.068+0000] {processor.py:914} INFO - Processing file /home/airflow/.local/lib/python3.12/site-packages/airflow/example_dags/example_workday_timetable.py for tasks to queue
[2025-02-19T09:58:22.070+0000] {logging_mixin.py:190} INFO - [2025-02-19T09:58:22.069+0000] {dagbag.py:587} INFO - Filling up the DagBag from /home/airflow/.local/lib/python3.12/site-packages/airflow/example_dags/example_workday_timetable.py
[2025-02-19T09:58:22.074+0000] {processor.py:925} INFO - DAG(s) 'example_workday_timetable' retrieved from /home/airflow/.local/lib/python3.12/site-packages/airflow/example_dags/example_workday_timetable.py
[2025-02-19T09:58:22.091+0000] {logging_mixin.py:190} INFO - [2025-02-19T09:58:22.090+0000] {dag.py:3229} INFO - Sync 1 DAGs
[2025-02-19T09:58:22.141+0000] {logging_mixin.py:190} INFO - [2025-02-19T09:58:22.141+0000] {dag.py:4156} INFO - Setting next_dagrun for example_workday_timetable to 2021-01-04 00:00:00+00:00, run_after=2021-01-05 00:00:00+00:00
[2025-02-19T09:58:22.159+0000] {processor.py:208} INFO - Processing /home/airflow/.local/lib/python3.12/site-packages/airflow/example_dags/example_workday_timetable.py took 0.096 seconds
[2025-02-19T09:58:53.154+0000] {processor.py:186} INFO - Started process (PID=2670) to work on /home/airflow/.local/lib/python3.12/site-packages/airflow/example_dags/example_workday_timetable.py
[2025-02-19T09:58:53.155+0000] {processor.py:914} INFO - Processing file /home/airflow/.local/lib/python3.12/site-packages/airflow/example_dags/example_workday_timetable.py for tasks to queue
[2025-02-19T09:58:53.157+0000] {logging_mixin.py:190} INFO - [2025-02-19T09:58:53.157+0000] {dagbag.py:587} INFO - Filling up the DagBag from /home/airflow/.local/lib/python3.12/site-packages/airflow/example_dags/example_workday_timetable.py
[2025-02-19T09:58:53.162+0000] {processor.py:925} INFO - DAG(s) 'example_workday_timetable' retrieved from /home/airflow/.local/lib/python3.12/site-packages/airflow/example_dags/example_workday_timetable.py
[2025-02-19T09:58:53.179+0000] {logging_mixin.py:190} INFO - [2025-02-19T09:58:53.178+0000] {dag.py:3229} INFO - Sync 1 DAGs
[2025-02-19T09:58:53.228+0000] {logging_mixin.py:190} INFO - [2025-02-19T09:58:53.228+0000] {dag.py:4156} INFO - Setting next_dagrun for example_workday_timetable to 2021-01-04 00:00:00+00:00, run_after=2021-01-05 00:00:00+00:00
[2025-02-19T09:58:53.244+0000] {processor.py:208} INFO - Processing /home/airflow/.local/lib/python3.12/site-packages/airflow/example_dags/example_workday_timetable.py took 0.094 seconds
[2025-02-19T09:59:24.356+0000] {processor.py:186} INFO - Started process (PID=2734) to work on /home/airflow/.local/lib/python3.12/site-packages/airflow/example_dags/example_workday_timetable.py
[2025-02-19T09:59:24.357+0000] {processor.py:914} INFO - Processing file /home/airflow/.local/lib/python3.12/site-packages/airflow/example_dags/example_workday_timetable.py for tasks to queue
[2025-02-19T09:59:24.359+0000] {logging_mixin.py:190} INFO - [2025-02-19T09:59:24.359+0000] {dagbag.py:587} INFO - Filling up the DagBag from /home/airflow/.local/lib/python3.12/site-packages/airflow/example_dags/example_workday_timetable.py
[2025-02-19T09:59:24.363+0000] {processor.py:925} INFO - DAG(s) 'example_workday_timetable' retrieved from /home/airflow/.local/lib/python3.12/site-packages/airflow/example_dags/example_workday_timetable.py
[2025-02-19T09:59:24.382+0000] {logging_mixin.py:190} INFO - [2025-02-19T09:59:24.381+0000] {dag.py:3229} INFO - Sync 1 DAGs
[2025-02-19T09:59:24.429+0000] {logging_mixin.py:190} INFO - [2025-02-19T09:59:24.429+0000] {dag.py:4156} INFO - Setting next_dagrun for example_workday_timetable to 2021-01-04 00:00:00+00:00, run_after=2021-01-05 00:00:00+00:00
[2025-02-19T09:59:24.446+0000] {processor.py:208} INFO - Processing /home/airflow/.local/lib/python3.12/site-packages/airflow/example_dags/example_workday_timetable.py took 0.094 seconds
[2025-02-19T10:23:13.210+0000] {logging_mixin.py:190} INFO - [2025-02-19T10:23:13.209+0000] {settings.py:475} DEBUG - Setting up DB connection pool (PID 83)
[2025-02-19T10:23:13.211+0000] {logging_mixin.py:190} INFO - [2025-02-19T10:23:13.211+0000] {settings.py:579} DEBUG - settings.prepare_engine_args(): Using pool settings. pool_size=5, max_overflow=10, pool_recycle=1800, pid=83
[2025-02-19T10:23:13.215+0000] {processor.py:186} INFO - Started process (PID=83) to work on /home/airflow/.local/lib/python3.12/site-packages/airflow/example_dags/example_workday_timetable.py
[2025-02-19T10:23:13.215+0000] {processor.py:914} INFO - Processing file /home/airflow/.local/lib/python3.12/site-packages/airflow/example_dags/example_workday_timetable.py for tasks to queue
[2025-02-19T10:23:13.216+0000] {logging_mixin.py:190} INFO - [2025-02-19T10:23:13.216+0000] {dagbag.py:587} INFO - Filling up the DagBag from /home/airflow/.local/lib/python3.12/site-packages/airflow/example_dags/example_workday_timetable.py
[2025-02-19T10:23:13.217+0000] {logging_mixin.py:190} INFO - [2025-02-19T10:23:13.217+0000] {dagbag.py:368} DEBUG - Importing /home/airflow/.local/lib/python3.12/site-packages/airflow/example_dags/example_workday_timetable.py
[2025-02-19T10:23:13.223+0000] {logging_mixin.py:190} INFO - [2025-02-19T10:23:13.222+0000] {dagbag.py:553} DEBUG - Loaded DAG <DAG: example_workday_timetable>
[2025-02-19T10:23:13.223+0000] {processor.py:925} INFO - DAG(s) 'example_workday_timetable' retrieved from /home/airflow/.local/lib/python3.12/site-packages/airflow/example_dags/example_workday_timetable.py
[2025-02-19T10:23:13.224+0000] {logging_mixin.py:190} INFO - [2025-02-19T10:23:13.224+0000] {dagbag.py:710} DEBUG - Running dagbag.sync_to_db with retries. Try 1 of 3
[2025-02-19T10:23:13.224+0000] {logging_mixin.py:190} INFO - [2025-02-19T10:23:13.224+0000] {dagbag.py:715} DEBUG - Calling the DAG.bulk_sync_to_db method
[2025-02-19T10:23:13.235+0000] {logging_mixin.py:190} INFO - [2025-02-19T10:23:13.234+0000] {serialized_dag.py:168} DEBUG - Checking if DAG (example_workday_timetable) changed
[2025-02-19T10:23:13.237+0000] {logging_mixin.py:190} INFO - [2025-02-19T10:23:13.237+0000] {plugins_manager.py:351} DEBUG - Plugins are already loaded. Skipping.
[2025-02-19T10:23:13.237+0000] {logging_mixin.py:190} INFO - [2025-02-19T10:23:13.237+0000] {plugins_manager.py:484} DEBUG - Initialize extra timetables plugins
[2025-02-19T10:23:13.243+0000] {logging_mixin.py:190} INFO - [2025-02-19T10:23:13.243+0000] {serialized_dag.py:179} DEBUG - Serialized DAG (example_workday_timetable) is unchanged. Skipping writing to DB
[2025-02-19T10:23:13.244+0000] {logging_mixin.py:190} INFO - [2025-02-19T10:23:13.243+0000] {dag.py:3229} INFO - Sync 1 DAGs
[2025-02-19T10:23:13.323+0000] {logging_mixin.py:190} INFO - [2025-02-19T10:23:13.322+0000] {dag.py:4156} INFO - Setting next_dagrun for example_workday_timetable to 2021-01-04 00:00:00+00:00, run_after=2021-01-05 00:00:00+00:00
[2025-02-19T10:23:13.340+0000] {processor.py:208} INFO - Processing /home/airflow/.local/lib/python3.12/site-packages/airflow/example_dags/example_workday_timetable.py took 0.131 seconds
[2025-02-19T10:23:55.516+0000] {logging_mixin.py:190} INFO - [2025-02-19T10:23:55.515+0000] {settings.py:475} DEBUG - Setting up DB connection pool (PID 147)
[2025-02-19T10:23:55.532+0000] {logging_mixin.py:190} INFO - [2025-02-19T10:23:55.532+0000] {settings.py:579} DEBUG - settings.prepare_engine_args(): Using pool settings. pool_size=5, max_overflow=10, pool_recycle=1800, pid=147
[2025-02-19T10:23:55.538+0000] {processor.py:186} INFO - Started process (PID=147) to work on /home/airflow/.local/lib/python3.12/site-packages/airflow/example_dags/example_workday_timetable.py
[2025-02-19T10:23:55.538+0000] {processor.py:914} INFO - Processing file /home/airflow/.local/lib/python3.12/site-packages/airflow/example_dags/example_workday_timetable.py for tasks to queue
[2025-02-19T10:23:55.539+0000] {logging_mixin.py:190} INFO - [2025-02-19T10:23:55.539+0000] {dagbag.py:587} INFO - Filling up the DagBag from /home/airflow/.local/lib/python3.12/site-packages/airflow/example_dags/example_workday_timetable.py
[2025-02-19T10:23:55.540+0000] {logging_mixin.py:190} INFO - [2025-02-19T10:23:55.540+0000] {dagbag.py:368} DEBUG - Importing /home/airflow/.local/lib/python3.12/site-packages/airflow/example_dags/example_workday_timetable.py
[2025-02-19T10:23:55.545+0000] {logging_mixin.py:190} INFO - [2025-02-19T10:23:55.544+0000] {dagbag.py:553} DEBUG - Loaded DAG <DAG: example_workday_timetable>
[2025-02-19T10:23:55.546+0000] {processor.py:925} INFO - DAG(s) 'example_workday_timetable' retrieved from /home/airflow/.local/lib/python3.12/site-packages/airflow/example_dags/example_workday_timetable.py
[2025-02-19T10:23:55.547+0000] {logging_mixin.py:190} INFO - [2025-02-19T10:23:55.547+0000] {dagbag.py:710} DEBUG - Running dagbag.sync_to_db with retries. Try 1 of 3
[2025-02-19T10:23:55.547+0000] {logging_mixin.py:190} INFO - [2025-02-19T10:23:55.547+0000] {dagbag.py:715} DEBUG - Calling the DAG.bulk_sync_to_db method
[2025-02-19T10:23:55.561+0000] {logging_mixin.py:190} INFO - [2025-02-19T10:23:55.561+0000] {serialized_dag.py:168} DEBUG - Checking if DAG (example_workday_timetable) changed
[2025-02-19T10:23:55.565+0000] {logging_mixin.py:190} INFO - [2025-02-19T10:23:55.564+0000] {plugins_manager.py:351} DEBUG - Plugins are already loaded. Skipping.
[2025-02-19T10:23:55.565+0000] {logging_mixin.py:190} INFO - [2025-02-19T10:23:55.565+0000] {plugins_manager.py:484} DEBUG - Initialize extra timetables plugins
[2025-02-19T10:23:55.572+0000] {logging_mixin.py:190} INFO - [2025-02-19T10:23:55.572+0000] {serialized_dag.py:179} DEBUG - Serialized DAG (example_workday_timetable) is unchanged. Skipping writing to DB
[2025-02-19T10:23:55.573+0000] {logging_mixin.py:190} INFO - [2025-02-19T10:23:55.572+0000] {dag.py:3229} INFO - Sync 1 DAGs
[2025-02-19T10:23:55.669+0000] {logging_mixin.py:190} INFO - [2025-02-19T10:23:55.669+0000] {dag.py:4156} INFO - Setting next_dagrun for example_workday_timetable to 2021-01-04 00:00:00+00:00, run_after=2021-01-05 00:00:00+00:00
[2025-02-19T10:23:55.753+0000] {processor.py:208} INFO - Processing /home/airflow/.local/lib/python3.12/site-packages/airflow/example_dags/example_workday_timetable.py took 0.238 seconds
[2025-02-19T10:24:26.225+0000] {logging_mixin.py:190} INFO - [2025-02-19T10:24:26.224+0000] {settings.py:475} DEBUG - Setting up DB connection pool (PID 211)
[2025-02-19T10:24:26.226+0000] {logging_mixin.py:190} INFO - [2025-02-19T10:24:26.226+0000] {settings.py:579} DEBUG - settings.prepare_engine_args(): Using pool settings. pool_size=5, max_overflow=10, pool_recycle=1800, pid=211
[2025-02-19T10:24:26.238+0000] {processor.py:186} INFO - Started process (PID=211) to work on /home/airflow/.local/lib/python3.12/site-packages/airflow/example_dags/example_workday_timetable.py
[2025-02-19T10:24:26.239+0000] {processor.py:914} INFO - Processing file /home/airflow/.local/lib/python3.12/site-packages/airflow/example_dags/example_workday_timetable.py for tasks to queue
[2025-02-19T10:24:26.240+0000] {logging_mixin.py:190} INFO - [2025-02-19T10:24:26.240+0000] {dagbag.py:587} INFO - Filling up the DagBag from /home/airflow/.local/lib/python3.12/site-packages/airflow/example_dags/example_workday_timetable.py
[2025-02-19T10:24:26.241+0000] {logging_mixin.py:190} INFO - [2025-02-19T10:24:26.241+0000] {dagbag.py:368} DEBUG - Importing /home/airflow/.local/lib/python3.12/site-packages/airflow/example_dags/example_workday_timetable.py
[2025-02-19T10:24:26.248+0000] {logging_mixin.py:190} INFO - [2025-02-19T10:24:26.247+0000] {dagbag.py:553} DEBUG - Loaded DAG <DAG: example_workday_timetable>
[2025-02-19T10:24:26.249+0000] {processor.py:925} INFO - DAG(s) 'example_workday_timetable' retrieved from /home/airflow/.local/lib/python3.12/site-packages/airflow/example_dags/example_workday_timetable.py
[2025-02-19T10:24:26.249+0000] {logging_mixin.py:190} INFO - [2025-02-19T10:24:26.249+0000] {dagbag.py:710} DEBUG - Running dagbag.sync_to_db with retries. Try 1 of 3
[2025-02-19T10:24:26.249+0000] {logging_mixin.py:190} INFO - [2025-02-19T10:24:26.249+0000] {dagbag.py:715} DEBUG - Calling the DAG.bulk_sync_to_db method
[2025-02-19T10:24:26.262+0000] {logging_mixin.py:190} INFO - [2025-02-19T10:24:26.262+0000] {serialized_dag.py:168} DEBUG - Checking if DAG (example_workday_timetable) changed
[2025-02-19T10:24:26.265+0000] {logging_mixin.py:190} INFO - [2025-02-19T10:24:26.265+0000] {plugins_manager.py:351} DEBUG - Plugins are already loaded. Skipping.
[2025-02-19T10:24:26.265+0000] {logging_mixin.py:190} INFO - [2025-02-19T10:24:26.265+0000] {plugins_manager.py:484} DEBUG - Initialize extra timetables plugins
[2025-02-19T10:24:26.271+0000] {logging_mixin.py:190} INFO - [2025-02-19T10:24:26.271+0000] {serialized_dag.py:179} DEBUG - Serialized DAG (example_workday_timetable) is unchanged. Skipping writing to DB
[2025-02-19T10:24:26.271+0000] {logging_mixin.py:190} INFO - [2025-02-19T10:24:26.271+0000] {dag.py:3229} INFO - Sync 1 DAGs
[2025-02-19T10:24:26.329+0000] {logging_mixin.py:190} INFO - [2025-02-19T10:24:26.328+0000] {dag.py:4156} INFO - Setting next_dagrun for example_workday_timetable to 2021-01-04 00:00:00+00:00, run_after=2021-01-05 00:00:00+00:00
[2025-02-19T10:24:26.347+0000] {processor.py:208} INFO - Processing /home/airflow/.local/lib/python3.12/site-packages/airflow/example_dags/example_workday_timetable.py took 0.123 seconds
[2025-02-19T10:24:56.955+0000] {logging_mixin.py:190} INFO - [2025-02-19T10:24:56.954+0000] {settings.py:475} DEBUG - Setting up DB connection pool (PID 280)
[2025-02-19T10:24:56.956+0000] {logging_mixin.py:190} INFO - [2025-02-19T10:24:56.956+0000] {settings.py:579} DEBUG - settings.prepare_engine_args(): Using pool settings. pool_size=5, max_overflow=10, pool_recycle=1800, pid=280
[2025-02-19T10:24:56.961+0000] {processor.py:186} INFO - Started process (PID=280) to work on /home/airflow/.local/lib/python3.12/site-packages/airflow/example_dags/example_workday_timetable.py
[2025-02-19T10:24:56.961+0000] {processor.py:914} INFO - Processing file /home/airflow/.local/lib/python3.12/site-packages/airflow/example_dags/example_workday_timetable.py for tasks to queue
[2025-02-19T10:24:56.962+0000] {logging_mixin.py:190} INFO - [2025-02-19T10:24:56.962+0000] {dagbag.py:587} INFO - Filling up the DagBag from /home/airflow/.local/lib/python3.12/site-packages/airflow/example_dags/example_workday_timetable.py
[2025-02-19T10:24:56.963+0000] {logging_mixin.py:190} INFO - [2025-02-19T10:24:56.962+0000] {dagbag.py:368} DEBUG - Importing /home/airflow/.local/lib/python3.12/site-packages/airflow/example_dags/example_workday_timetable.py
[2025-02-19T10:24:56.968+0000] {logging_mixin.py:190} INFO - [2025-02-19T10:24:56.967+0000] {dagbag.py:553} DEBUG - Loaded DAG <DAG: example_workday_timetable>
[2025-02-19T10:24:56.968+0000] {processor.py:925} INFO - DAG(s) 'example_workday_timetable' retrieved from /home/airflow/.local/lib/python3.12/site-packages/airflow/example_dags/example_workday_timetable.py
[2025-02-19T10:24:56.969+0000] {logging_mixin.py:190} INFO - [2025-02-19T10:24:56.969+0000] {dagbag.py:710} DEBUG - Running dagbag.sync_to_db with retries. Try 1 of 3
[2025-02-19T10:24:56.969+0000] {logging_mixin.py:190} INFO - [2025-02-19T10:24:56.969+0000] {dagbag.py:715} DEBUG - Calling the DAG.bulk_sync_to_db method
[2025-02-19T10:24:56.979+0000] {logging_mixin.py:190} INFO - [2025-02-19T10:24:56.978+0000] {serialized_dag.py:168} DEBUG - Checking if DAG (example_workday_timetable) changed
[2025-02-19T10:24:56.981+0000] {logging_mixin.py:190} INFO - [2025-02-19T10:24:56.981+0000] {plugins_manager.py:351} DEBUG - Plugins are already loaded. Skipping.
[2025-02-19T10:24:56.982+0000] {logging_mixin.py:190} INFO - [2025-02-19T10:24:56.981+0000] {plugins_manager.py:484} DEBUG - Initialize extra timetables plugins
[2025-02-19T10:24:56.987+0000] {logging_mixin.py:190} INFO - [2025-02-19T10:24:56.987+0000] {serialized_dag.py:179} DEBUG - Serialized DAG (example_workday_timetable) is unchanged. Skipping writing to DB
[2025-02-19T10:24:56.988+0000] {logging_mixin.py:190} INFO - [2025-02-19T10:24:56.988+0000] {dag.py:3229} INFO - Sync 1 DAGs
[2025-02-19T10:24:57.060+0000] {logging_mixin.py:190} INFO - [2025-02-19T10:24:57.060+0000] {dag.py:4156} INFO - Setting next_dagrun for example_workday_timetable to 2021-01-04 00:00:00+00:00, run_after=2021-01-05 00:00:00+00:00
[2025-02-19T10:24:57.081+0000] {processor.py:208} INFO - Processing /home/airflow/.local/lib/python3.12/site-packages/airflow/example_dags/example_workday_timetable.py took 0.126 seconds
[2025-02-19T10:25:27.227+0000] {logging_mixin.py:190} INFO - [2025-02-19T10:25:27.227+0000] {settings.py:475} DEBUG - Setting up DB connection pool (PID 344)
[2025-02-19T10:25:27.228+0000] {logging_mixin.py:190} INFO - [2025-02-19T10:25:27.228+0000] {settings.py:579} DEBUG - settings.prepare_engine_args(): Using pool settings. pool_size=5, max_overflow=10, pool_recycle=1800, pid=344
[2025-02-19T10:25:27.232+0000] {processor.py:186} INFO - Started process (PID=344) to work on /home/airflow/.local/lib/python3.12/site-packages/airflow/example_dags/example_workday_timetable.py
[2025-02-19T10:25:27.233+0000] {processor.py:914} INFO - Processing file /home/airflow/.local/lib/python3.12/site-packages/airflow/example_dags/example_workday_timetable.py for tasks to queue
[2025-02-19T10:25:27.234+0000] {logging_mixin.py:190} INFO - [2025-02-19T10:25:27.233+0000] {dagbag.py:587} INFO - Filling up the DagBag from /home/airflow/.local/lib/python3.12/site-packages/airflow/example_dags/example_workday_timetable.py
[2025-02-19T10:25:27.235+0000] {logging_mixin.py:190} INFO - [2025-02-19T10:25:27.235+0000] {dagbag.py:368} DEBUG - Importing /home/airflow/.local/lib/python3.12/site-packages/airflow/example_dags/example_workday_timetable.py
[2025-02-19T10:25:27.240+0000] {logging_mixin.py:190} INFO - [2025-02-19T10:25:27.239+0000] {dagbag.py:553} DEBUG - Loaded DAG <DAG: example_workday_timetable>
[2025-02-19T10:25:27.240+0000] {processor.py:925} INFO - DAG(s) 'example_workday_timetable' retrieved from /home/airflow/.local/lib/python3.12/site-packages/airflow/example_dags/example_workday_timetable.py
[2025-02-19T10:25:27.241+0000] {logging_mixin.py:190} INFO - [2025-02-19T10:25:27.240+0000] {dagbag.py:710} DEBUG - Running dagbag.sync_to_db with retries. Try 1 of 3
[2025-02-19T10:25:27.241+0000] {logging_mixin.py:190} INFO - [2025-02-19T10:25:27.241+0000] {dagbag.py:715} DEBUG - Calling the DAG.bulk_sync_to_db method
[2025-02-19T10:25:27.252+0000] {logging_mixin.py:190} INFO - [2025-02-19T10:25:27.252+0000] {serialized_dag.py:168} DEBUG - Checking if DAG (example_workday_timetable) changed
[2025-02-19T10:25:27.254+0000] {logging_mixin.py:190} INFO - [2025-02-19T10:25:27.254+0000] {plugins_manager.py:351} DEBUG - Plugins are already loaded. Skipping.
[2025-02-19T10:25:27.254+0000] {logging_mixin.py:190} INFO - [2025-02-19T10:25:27.254+0000] {plugins_manager.py:484} DEBUG - Initialize extra timetables plugins
[2025-02-19T10:25:27.260+0000] {logging_mixin.py:190} INFO - [2025-02-19T10:25:27.259+0000] {serialized_dag.py:179} DEBUG - Serialized DAG (example_workday_timetable) is unchanged. Skipping writing to DB
[2025-02-19T10:25:27.260+0000] {logging_mixin.py:190} INFO - [2025-02-19T10:25:27.260+0000] {dag.py:3229} INFO - Sync 1 DAGs
[2025-02-19T10:25:27.311+0000] {logging_mixin.py:190} INFO - [2025-02-19T10:25:27.311+0000] {dag.py:4156} INFO - Setting next_dagrun for example_workday_timetable to 2021-01-04 00:00:00+00:00, run_after=2021-01-05 00:00:00+00:00
[2025-02-19T10:25:27.329+0000] {processor.py:208} INFO - Processing /home/airflow/.local/lib/python3.12/site-packages/airflow/example_dags/example_workday_timetable.py took 0.102 seconds
[2025-02-19T10:25:57.811+0000] {logging_mixin.py:190} INFO - [2025-02-19T10:25:57.811+0000] {settings.py:475} DEBUG - Setting up DB connection pool (PID 407)
[2025-02-19T10:25:57.813+0000] {logging_mixin.py:190} INFO - [2025-02-19T10:25:57.813+0000] {settings.py:579} DEBUG - settings.prepare_engine_args(): Using pool settings. pool_size=5, max_overflow=10, pool_recycle=1800, pid=407
[2025-02-19T10:25:57.817+0000] {processor.py:186} INFO - Started process (PID=407) to work on /home/airflow/.local/lib/python3.12/site-packages/airflow/example_dags/example_workday_timetable.py
[2025-02-19T10:25:57.817+0000] {processor.py:914} INFO - Processing file /home/airflow/.local/lib/python3.12/site-packages/airflow/example_dags/example_workday_timetable.py for tasks to queue
[2025-02-19T10:25:57.818+0000] {logging_mixin.py:190} INFO - [2025-02-19T10:25:57.818+0000] {dagbag.py:587} INFO - Filling up the DagBag from /home/airflow/.local/lib/python3.12/site-packages/airflow/example_dags/example_workday_timetable.py
[2025-02-19T10:25:57.819+0000] {logging_mixin.py:190} INFO - [2025-02-19T10:25:57.819+0000] {dagbag.py:368} DEBUG - Importing /home/airflow/.local/lib/python3.12/site-packages/airflow/example_dags/example_workday_timetable.py
[2025-02-19T10:25:57.824+0000] {logging_mixin.py:190} INFO - [2025-02-19T10:25:57.823+0000] {dagbag.py:553} DEBUG - Loaded DAG <DAG: example_workday_timetable>
[2025-02-19T10:25:57.824+0000] {processor.py:925} INFO - DAG(s) 'example_workday_timetable' retrieved from /home/airflow/.local/lib/python3.12/site-packages/airflow/example_dags/example_workday_timetable.py
[2025-02-19T10:25:57.825+0000] {logging_mixin.py:190} INFO - [2025-02-19T10:25:57.825+0000] {dagbag.py:710} DEBUG - Running dagbag.sync_to_db with retries. Try 1 of 3
[2025-02-19T10:25:57.826+0000] {logging_mixin.py:190} INFO - [2025-02-19T10:25:57.825+0000] {dagbag.py:715} DEBUG - Calling the DAG.bulk_sync_to_db method
[2025-02-19T10:25:57.837+0000] {logging_mixin.py:190} INFO - [2025-02-19T10:25:57.836+0000] {serialized_dag.py:168} DEBUG - Checking if DAG (example_workday_timetable) changed
[2025-02-19T10:25:57.839+0000] {logging_mixin.py:190} INFO - [2025-02-19T10:25:57.839+0000] {plugins_manager.py:351} DEBUG - Plugins are already loaded. Skipping.
[2025-02-19T10:25:57.839+0000] {logging_mixin.py:190} INFO - [2025-02-19T10:25:57.839+0000] {plugins_manager.py:484} DEBUG - Initialize extra timetables plugins
[2025-02-19T10:25:57.846+0000] {logging_mixin.py:190} INFO - [2025-02-19T10:25:57.846+0000] {serialized_dag.py:179} DEBUG - Serialized DAG (example_workday_timetable) is unchanged. Skipping writing to DB
[2025-02-19T10:25:57.847+0000] {logging_mixin.py:190} INFO - [2025-02-19T10:25:57.846+0000] {dag.py:3229} INFO - Sync 1 DAGs
[2025-02-19T10:25:57.908+0000] {logging_mixin.py:190} INFO - [2025-02-19T10:25:57.908+0000] {dag.py:4156} INFO - Setting next_dagrun for example_workday_timetable to 2021-01-04 00:00:00+00:00, run_after=2021-01-05 00:00:00+00:00
[2025-02-19T10:25:57.928+0000] {processor.py:208} INFO - Processing /home/airflow/.local/lib/python3.12/site-packages/airflow/example_dags/example_workday_timetable.py took 0.117 seconds
[2025-02-19T10:26:28.522+0000] {logging_mixin.py:190} INFO - [2025-02-19T10:26:28.521+0000] {settings.py:475} DEBUG - Setting up DB connection pool (PID 471)
[2025-02-19T10:26:28.524+0000] {logging_mixin.py:190} INFO - [2025-02-19T10:26:28.523+0000] {settings.py:579} DEBUG - settings.prepare_engine_args(): Using pool settings. pool_size=5, max_overflow=10, pool_recycle=1800, pid=471
[2025-02-19T10:26:28.529+0000] {processor.py:186} INFO - Started process (PID=471) to work on /home/airflow/.local/lib/python3.12/site-packages/airflow/example_dags/example_workday_timetable.py
[2025-02-19T10:26:28.529+0000] {processor.py:914} INFO - Processing file /home/airflow/.local/lib/python3.12/site-packages/airflow/example_dags/example_workday_timetable.py for tasks to queue
[2025-02-19T10:26:28.530+0000] {logging_mixin.py:190} INFO - [2025-02-19T10:26:28.530+0000] {dagbag.py:587} INFO - Filling up the DagBag from /home/airflow/.local/lib/python3.12/site-packages/airflow/example_dags/example_workday_timetable.py
[2025-02-19T10:26:28.531+0000] {logging_mixin.py:190} INFO - [2025-02-19T10:26:28.530+0000] {dagbag.py:368} DEBUG - Importing /home/airflow/.local/lib/python3.12/site-packages/airflow/example_dags/example_workday_timetable.py
[2025-02-19T10:26:28.535+0000] {logging_mixin.py:190} INFO - [2025-02-19T10:26:28.534+0000] {dagbag.py:553} DEBUG - Loaded DAG <DAG: example_workday_timetable>
[2025-02-19T10:26:28.535+0000] {processor.py:925} INFO - DAG(s) 'example_workday_timetable' retrieved from /home/airflow/.local/lib/python3.12/site-packages/airflow/example_dags/example_workday_timetable.py
[2025-02-19T10:26:28.536+0000] {logging_mixin.py:190} INFO - [2025-02-19T10:26:28.536+0000] {dagbag.py:710} DEBUG - Running dagbag.sync_to_db with retries. Try 1 of 3
[2025-02-19T10:26:28.537+0000] {logging_mixin.py:190} INFO - [2025-02-19T10:26:28.536+0000] {dagbag.py:715} DEBUG - Calling the DAG.bulk_sync_to_db method
[2025-02-19T10:26:28.546+0000] {logging_mixin.py:190} INFO - [2025-02-19T10:26:28.546+0000] {serialized_dag.py:168} DEBUG - Checking if DAG (example_workday_timetable) changed
[2025-02-19T10:26:28.548+0000] {logging_mixin.py:190} INFO - [2025-02-19T10:26:28.548+0000] {plugins_manager.py:351} DEBUG - Plugins are already loaded. Skipping.
[2025-02-19T10:26:28.548+0000] {logging_mixin.py:190} INFO - [2025-02-19T10:26:28.548+0000] {plugins_manager.py:484} DEBUG - Initialize extra timetables plugins
[2025-02-19T10:26:28.554+0000] {logging_mixin.py:190} INFO - [2025-02-19T10:26:28.554+0000] {serialized_dag.py:179} DEBUG - Serialized DAG (example_workday_timetable) is unchanged. Skipping writing to DB
[2025-02-19T10:26:28.554+0000] {logging_mixin.py:190} INFO - [2025-02-19T10:26:28.554+0000] {dag.py:3229} INFO - Sync 1 DAGs
[2025-02-19T10:26:28.610+0000] {logging_mixin.py:190} INFO - [2025-02-19T10:26:28.609+0000] {dag.py:4156} INFO - Setting next_dagrun for example_workday_timetable to 2021-01-04 00:00:00+00:00, run_after=2021-01-05 00:00:00+00:00
[2025-02-19T10:26:28.628+0000] {processor.py:208} INFO - Processing /home/airflow/.local/lib/python3.12/site-packages/airflow/example_dags/example_workday_timetable.py took 0.107 seconds
