[2025-02-19T09:38:30.952+0000] {processor.py:186} INFO - Started process (PID=106) to work on /home/airflow/.local/lib/python3.12/site-packages/airflow/example_dags/example_task_group.py
[2025-02-19T09:38:30.953+0000] {processor.py:914} INFO - Processing file /home/airflow/.local/lib/python3.12/site-packages/airflow/example_dags/example_task_group.py for tasks to queue
[2025-02-19T09:38:30.955+0000] {logging_mixin.py:190} INFO - [2025-02-19T09:38:30.955+0000] {dagbag.py:587} INFO - Filling up the DagBag from /home/airflow/.local/lib/python3.12/site-packages/airflow/example_dags/example_task_group.py
[2025-02-19T09:38:30.965+0000] {processor.py:925} INFO - DAG(s) 'example_task_group' retrieved from /home/airflow/.local/lib/python3.12/site-packages/airflow/example_dags/example_task_group.py
[2025-02-19T09:38:30.997+0000] {logging_mixin.py:190} INFO - [2025-02-19T09:38:30.996+0000] {dag.py:3229} INFO - Sync 1 DAGs
[2025-02-19T09:38:31.012+0000] {logging_mixin.py:190} INFO - [2025-02-19T09:38:31.012+0000] {dag.py:4156} INFO - Setting next_dagrun for example_task_group to None, run_after=None
[2025-02-19T09:38:31.066+0000] {processor.py:208} INFO - Processing /home/airflow/.local/lib/python3.12/site-packages/airflow/example_dags/example_task_group.py took 0.120 seconds
[2025-02-19T09:39:01.779+0000] {processor.py:186} INFO - Started process (PID=175) to work on /home/airflow/.local/lib/python3.12/site-packages/airflow/example_dags/example_task_group.py
[2025-02-19T09:39:01.780+0000] {processor.py:914} INFO - Processing file /home/airflow/.local/lib/python3.12/site-packages/airflow/example_dags/example_task_group.py for tasks to queue
[2025-02-19T09:39:01.782+0000] {logging_mixin.py:190} INFO - [2025-02-19T09:39:01.782+0000] {dagbag.py:587} INFO - Filling up the DagBag from /home/airflow/.local/lib/python3.12/site-packages/airflow/example_dags/example_task_group.py
[2025-02-19T09:39:01.791+0000] {processor.py:925} INFO - DAG(s) 'example_task_group' retrieved from /home/airflow/.local/lib/python3.12/site-packages/airflow/example_dags/example_task_group.py
[2025-02-19T09:39:01.814+0000] {logging_mixin.py:190} INFO - [2025-02-19T09:39:01.814+0000] {dag.py:3229} INFO - Sync 1 DAGs
[2025-02-19T09:39:01.827+0000] {logging_mixin.py:190} INFO - [2025-02-19T09:39:01.827+0000] {dag.py:4156} INFO - Setting next_dagrun for example_task_group to None, run_after=None
[2025-02-19T09:39:01.850+0000] {processor.py:208} INFO - Processing /home/airflow/.local/lib/python3.12/site-packages/airflow/example_dags/example_task_group.py took 0.076 seconds
[2025-02-19T09:39:32.150+0000] {processor.py:186} INFO - Started process (PID=239) to work on /home/airflow/.local/lib/python3.12/site-packages/airflow/example_dags/example_task_group.py
[2025-02-19T09:39:32.151+0000] {processor.py:914} INFO - Processing file /home/airflow/.local/lib/python3.12/site-packages/airflow/example_dags/example_task_group.py for tasks to queue
[2025-02-19T09:39:32.153+0000] {logging_mixin.py:190} INFO - [2025-02-19T09:39:32.153+0000] {dagbag.py:587} INFO - Filling up the DagBag from /home/airflow/.local/lib/python3.12/site-packages/airflow/example_dags/example_task_group.py
[2025-02-19T09:39:32.162+0000] {processor.py:925} INFO - DAG(s) 'example_task_group' retrieved from /home/airflow/.local/lib/python3.12/site-packages/airflow/example_dags/example_task_group.py
[2025-02-19T09:39:32.182+0000] {logging_mixin.py:190} INFO - [2025-02-19T09:39:32.182+0000] {dag.py:3229} INFO - Sync 1 DAGs
[2025-02-19T09:39:32.196+0000] {logging_mixin.py:190} INFO - [2025-02-19T09:39:32.195+0000] {dag.py:4156} INFO - Setting next_dagrun for example_task_group to None, run_after=None
[2025-02-19T09:39:32.216+0000] {processor.py:208} INFO - Processing /home/airflow/.local/lib/python3.12/site-packages/airflow/example_dags/example_task_group.py took 0.071 seconds
[2025-02-19T09:40:02.415+0000] {processor.py:186} INFO - Started process (PID=303) to work on /home/airflow/.local/lib/python3.12/site-packages/airflow/example_dags/example_task_group.py
[2025-02-19T09:40:02.416+0000] {processor.py:914} INFO - Processing file /home/airflow/.local/lib/python3.12/site-packages/airflow/example_dags/example_task_group.py for tasks to queue
[2025-02-19T09:40:02.418+0000] {logging_mixin.py:190} INFO - [2025-02-19T09:40:02.418+0000] {dagbag.py:587} INFO - Filling up the DagBag from /home/airflow/.local/lib/python3.12/site-packages/airflow/example_dags/example_task_group.py
[2025-02-19T09:40:02.425+0000] {processor.py:925} INFO - DAG(s) 'example_task_group' retrieved from /home/airflow/.local/lib/python3.12/site-packages/airflow/example_dags/example_task_group.py
[2025-02-19T09:40:02.445+0000] {logging_mixin.py:190} INFO - [2025-02-19T09:40:02.444+0000] {dag.py:3229} INFO - Sync 1 DAGs
[2025-02-19T09:40:02.459+0000] {logging_mixin.py:190} INFO - [2025-02-19T09:40:02.458+0000] {dag.py:4156} INFO - Setting next_dagrun for example_task_group to None, run_after=None
[2025-02-19T09:40:02.476+0000] {processor.py:208} INFO - Processing /home/airflow/.local/lib/python3.12/site-packages/airflow/example_dags/example_task_group.py took 0.065 seconds
[2025-02-19T09:40:32.523+0000] {processor.py:186} INFO - Started process (PID=366) to work on /home/airflow/.local/lib/python3.12/site-packages/airflow/example_dags/example_task_group.py
[2025-02-19T09:40:32.524+0000] {processor.py:914} INFO - Processing file /home/airflow/.local/lib/python3.12/site-packages/airflow/example_dags/example_task_group.py for tasks to queue
[2025-02-19T09:40:32.526+0000] {logging_mixin.py:190} INFO - [2025-02-19T09:40:32.526+0000] {dagbag.py:587} INFO - Filling up the DagBag from /home/airflow/.local/lib/python3.12/site-packages/airflow/example_dags/example_task_group.py
[2025-02-19T09:40:32.534+0000] {processor.py:925} INFO - DAG(s) 'example_task_group' retrieved from /home/airflow/.local/lib/python3.12/site-packages/airflow/example_dags/example_task_group.py
[2025-02-19T09:40:32.554+0000] {logging_mixin.py:190} INFO - [2025-02-19T09:40:32.554+0000] {dag.py:3229} INFO - Sync 1 DAGs
[2025-02-19T09:40:32.568+0000] {logging_mixin.py:190} INFO - [2025-02-19T09:40:32.568+0000] {dag.py:4156} INFO - Setting next_dagrun for example_task_group to None, run_after=None
[2025-02-19T09:40:32.586+0000] {processor.py:208} INFO - Processing /home/airflow/.local/lib/python3.12/site-packages/airflow/example_dags/example_task_group.py took 0.069 seconds
[2025-02-19T09:41:02.715+0000] {processor.py:186} INFO - Started process (PID=430) to work on /home/airflow/.local/lib/python3.12/site-packages/airflow/example_dags/example_task_group.py
[2025-02-19T09:41:02.716+0000] {processor.py:914} INFO - Processing file /home/airflow/.local/lib/python3.12/site-packages/airflow/example_dags/example_task_group.py for tasks to queue
[2025-02-19T09:41:02.718+0000] {logging_mixin.py:190} INFO - [2025-02-19T09:41:02.718+0000] {dagbag.py:587} INFO - Filling up the DagBag from /home/airflow/.local/lib/python3.12/site-packages/airflow/example_dags/example_task_group.py
[2025-02-19T09:41:02.724+0000] {processor.py:925} INFO - DAG(s) 'example_task_group' retrieved from /home/airflow/.local/lib/python3.12/site-packages/airflow/example_dags/example_task_group.py
[2025-02-19T09:41:02.742+0000] {logging_mixin.py:190} INFO - [2025-02-19T09:41:02.742+0000] {dag.py:3229} INFO - Sync 1 DAGs
[2025-02-19T09:41:02.753+0000] {logging_mixin.py:190} INFO - [2025-02-19T09:41:02.753+0000] {dag.py:4156} INFO - Setting next_dagrun for example_task_group to None, run_after=None
[2025-02-19T09:41:02.767+0000] {processor.py:208} INFO - Processing /home/airflow/.local/lib/python3.12/site-packages/airflow/example_dags/example_task_group.py took 0.056 seconds
[2025-02-19T09:41:33.071+0000] {processor.py:186} INFO - Started process (PID=494) to work on /home/airflow/.local/lib/python3.12/site-packages/airflow/example_dags/example_task_group.py
[2025-02-19T09:41:33.073+0000] {processor.py:914} INFO - Processing file /home/airflow/.local/lib/python3.12/site-packages/airflow/example_dags/example_task_group.py for tasks to queue
[2025-02-19T09:41:33.075+0000] {logging_mixin.py:190} INFO - [2025-02-19T09:41:33.074+0000] {dagbag.py:587} INFO - Filling up the DagBag from /home/airflow/.local/lib/python3.12/site-packages/airflow/example_dags/example_task_group.py
[2025-02-19T09:41:33.081+0000] {processor.py:925} INFO - DAG(s) 'example_task_group' retrieved from /home/airflow/.local/lib/python3.12/site-packages/airflow/example_dags/example_task_group.py
[2025-02-19T09:41:33.099+0000] {logging_mixin.py:190} INFO - [2025-02-19T09:41:33.099+0000] {dag.py:3229} INFO - Sync 1 DAGs
[2025-02-19T09:41:33.110+0000] {logging_mixin.py:190} INFO - [2025-02-19T09:41:33.110+0000] {dag.py:4156} INFO - Setting next_dagrun for example_task_group to None, run_after=None
[2025-02-19T09:41:33.124+0000] {processor.py:208} INFO - Processing /home/airflow/.local/lib/python3.12/site-packages/airflow/example_dags/example_task_group.py took 0.057 seconds
[2025-02-19T09:42:04.287+0000] {processor.py:186} INFO - Started process (PID=559) to work on /home/airflow/.local/lib/python3.12/site-packages/airflow/example_dags/example_task_group.py
[2025-02-19T09:42:04.288+0000] {processor.py:914} INFO - Processing file /home/airflow/.local/lib/python3.12/site-packages/airflow/example_dags/example_task_group.py for tasks to queue
[2025-02-19T09:42:04.289+0000] {logging_mixin.py:190} INFO - [2025-02-19T09:42:04.289+0000] {dagbag.py:587} INFO - Filling up the DagBag from /home/airflow/.local/lib/python3.12/site-packages/airflow/example_dags/example_task_group.py
[2025-02-19T09:42:04.296+0000] {processor.py:925} INFO - DAG(s) 'example_task_group' retrieved from /home/airflow/.local/lib/python3.12/site-packages/airflow/example_dags/example_task_group.py
[2025-02-19T09:42:04.312+0000] {logging_mixin.py:190} INFO - [2025-02-19T09:42:04.312+0000] {dag.py:3229} INFO - Sync 1 DAGs
[2025-02-19T09:42:04.322+0000] {logging_mixin.py:190} INFO - [2025-02-19T09:42:04.322+0000] {dag.py:4156} INFO - Setting next_dagrun for example_task_group to None, run_after=None
[2025-02-19T09:42:04.335+0000] {processor.py:208} INFO - Processing /home/airflow/.local/lib/python3.12/site-packages/airflow/example_dags/example_task_group.py took 0.053 seconds
[2025-02-19T09:42:34.624+0000] {processor.py:186} INFO - Started process (PID=623) to work on /home/airflow/.local/lib/python3.12/site-packages/airflow/example_dags/example_task_group.py
[2025-02-19T09:42:34.624+0000] {processor.py:914} INFO - Processing file /home/airflow/.local/lib/python3.12/site-packages/airflow/example_dags/example_task_group.py for tasks to queue
[2025-02-19T09:42:34.626+0000] {logging_mixin.py:190} INFO - [2025-02-19T09:42:34.626+0000] {dagbag.py:587} INFO - Filling up the DagBag from /home/airflow/.local/lib/python3.12/site-packages/airflow/example_dags/example_task_group.py
[2025-02-19T09:42:34.633+0000] {processor.py:925} INFO - DAG(s) 'example_task_group' retrieved from /home/airflow/.local/lib/python3.12/site-packages/airflow/example_dags/example_task_group.py
[2025-02-19T09:42:34.652+0000] {logging_mixin.py:190} INFO - [2025-02-19T09:42:34.652+0000] {dag.py:3229} INFO - Sync 1 DAGs
[2025-02-19T09:42:34.664+0000] {logging_mixin.py:190} INFO - [2025-02-19T09:42:34.664+0000] {dag.py:4156} INFO - Setting next_dagrun for example_task_group to None, run_after=None
[2025-02-19T09:42:34.679+0000] {processor.py:208} INFO - Processing /home/airflow/.local/lib/python3.12/site-packages/airflow/example_dags/example_task_group.py took 0.060 seconds
[2025-02-19T09:43:05.676+0000] {processor.py:186} INFO - Started process (PID=687) to work on /home/airflow/.local/lib/python3.12/site-packages/airflow/example_dags/example_task_group.py
[2025-02-19T09:43:05.677+0000] {processor.py:914} INFO - Processing file /home/airflow/.local/lib/python3.12/site-packages/airflow/example_dags/example_task_group.py for tasks to queue
[2025-02-19T09:43:05.679+0000] {logging_mixin.py:190} INFO - [2025-02-19T09:43:05.679+0000] {dagbag.py:587} INFO - Filling up the DagBag from /home/airflow/.local/lib/python3.12/site-packages/airflow/example_dags/example_task_group.py
[2025-02-19T09:43:05.686+0000] {processor.py:925} INFO - DAG(s) 'example_task_group' retrieved from /home/airflow/.local/lib/python3.12/site-packages/airflow/example_dags/example_task_group.py
[2025-02-19T09:43:05.710+0000] {logging_mixin.py:190} INFO - [2025-02-19T09:43:05.709+0000] {dag.py:3229} INFO - Sync 1 DAGs
[2025-02-19T09:43:05.723+0000] {logging_mixin.py:190} INFO - [2025-02-19T09:43:05.723+0000] {dag.py:4156} INFO - Setting next_dagrun for example_task_group to None, run_after=None
[2025-02-19T09:43:05.742+0000] {processor.py:208} INFO - Processing /home/airflow/.local/lib/python3.12/site-packages/airflow/example_dags/example_task_group.py took 0.071 seconds
[2025-02-19T09:43:36.047+0000] {processor.py:186} INFO - Started process (PID=751) to work on /home/airflow/.local/lib/python3.12/site-packages/airflow/example_dags/example_task_group.py
[2025-02-19T09:43:36.048+0000] {processor.py:914} INFO - Processing file /home/airflow/.local/lib/python3.12/site-packages/airflow/example_dags/example_task_group.py for tasks to queue
[2025-02-19T09:43:36.050+0000] {logging_mixin.py:190} INFO - [2025-02-19T09:43:36.049+0000] {dagbag.py:587} INFO - Filling up the DagBag from /home/airflow/.local/lib/python3.12/site-packages/airflow/example_dags/example_task_group.py
[2025-02-19T09:43:36.057+0000] {processor.py:925} INFO - DAG(s) 'example_task_group' retrieved from /home/airflow/.local/lib/python3.12/site-packages/airflow/example_dags/example_task_group.py
[2025-02-19T09:43:36.075+0000] {logging_mixin.py:190} INFO - [2025-02-19T09:43:36.075+0000] {dag.py:3229} INFO - Sync 1 DAGs
[2025-02-19T09:43:36.087+0000] {logging_mixin.py:190} INFO - [2025-02-19T09:43:36.086+0000] {dag.py:4156} INFO - Setting next_dagrun for example_task_group to None, run_after=None
[2025-02-19T09:43:36.101+0000] {processor.py:208} INFO - Processing /home/airflow/.local/lib/python3.12/site-packages/airflow/example_dags/example_task_group.py took 0.058 seconds
[2025-02-19T09:44:06.335+0000] {processor.py:186} INFO - Started process (PID=815) to work on /home/airflow/.local/lib/python3.12/site-packages/airflow/example_dags/example_task_group.py
[2025-02-19T09:44:06.337+0000] {processor.py:914} INFO - Processing file /home/airflow/.local/lib/python3.12/site-packages/airflow/example_dags/example_task_group.py for tasks to queue
[2025-02-19T09:44:06.339+0000] {logging_mixin.py:190} INFO - [2025-02-19T09:44:06.338+0000] {dagbag.py:587} INFO - Filling up the DagBag from /home/airflow/.local/lib/python3.12/site-packages/airflow/example_dags/example_task_group.py
[2025-02-19T09:44:06.345+0000] {processor.py:925} INFO - DAG(s) 'example_task_group' retrieved from /home/airflow/.local/lib/python3.12/site-packages/airflow/example_dags/example_task_group.py
[2025-02-19T09:44:06.363+0000] {logging_mixin.py:190} INFO - [2025-02-19T09:44:06.363+0000] {dag.py:3229} INFO - Sync 1 DAGs
[2025-02-19T09:44:06.374+0000] {logging_mixin.py:190} INFO - [2025-02-19T09:44:06.373+0000] {dag.py:4156} INFO - Setting next_dagrun for example_task_group to None, run_after=None
[2025-02-19T09:44:06.390+0000] {processor.py:208} INFO - Processing /home/airflow/.local/lib/python3.12/site-packages/airflow/example_dags/example_task_group.py took 0.059 seconds
[2025-02-19T09:44:37.284+0000] {processor.py:186} INFO - Started process (PID=879) to work on /home/airflow/.local/lib/python3.12/site-packages/airflow/example_dags/example_task_group.py
[2025-02-19T09:44:37.285+0000] {processor.py:914} INFO - Processing file /home/airflow/.local/lib/python3.12/site-packages/airflow/example_dags/example_task_group.py for tasks to queue
[2025-02-19T09:44:37.287+0000] {logging_mixin.py:190} INFO - [2025-02-19T09:44:37.287+0000] {dagbag.py:587} INFO - Filling up the DagBag from /home/airflow/.local/lib/python3.12/site-packages/airflow/example_dags/example_task_group.py
[2025-02-19T09:44:37.294+0000] {processor.py:925} INFO - DAG(s) 'example_task_group' retrieved from /home/airflow/.local/lib/python3.12/site-packages/airflow/example_dags/example_task_group.py
[2025-02-19T09:44:37.311+0000] {logging_mixin.py:190} INFO - [2025-02-19T09:44:37.310+0000] {dag.py:3229} INFO - Sync 1 DAGs
[2025-02-19T09:44:37.323+0000] {logging_mixin.py:190} INFO - [2025-02-19T09:44:37.322+0000] {dag.py:4156} INFO - Setting next_dagrun for example_task_group to None, run_after=None
[2025-02-19T09:44:37.338+0000] {processor.py:208} INFO - Processing /home/airflow/.local/lib/python3.12/site-packages/airflow/example_dags/example_task_group.py took 0.058 seconds
[2025-02-19T09:45:07.643+0000] {processor.py:186} INFO - Started process (PID=943) to work on /home/airflow/.local/lib/python3.12/site-packages/airflow/example_dags/example_task_group.py
[2025-02-19T09:45:07.645+0000] {processor.py:914} INFO - Processing file /home/airflow/.local/lib/python3.12/site-packages/airflow/example_dags/example_task_group.py for tasks to queue
[2025-02-19T09:45:07.646+0000] {logging_mixin.py:190} INFO - [2025-02-19T09:45:07.646+0000] {dagbag.py:587} INFO - Filling up the DagBag from /home/airflow/.local/lib/python3.12/site-packages/airflow/example_dags/example_task_group.py
[2025-02-19T09:45:07.654+0000] {processor.py:925} INFO - DAG(s) 'example_task_group' retrieved from /home/airflow/.local/lib/python3.12/site-packages/airflow/example_dags/example_task_group.py
[2025-02-19T09:45:07.672+0000] {logging_mixin.py:190} INFO - [2025-02-19T09:45:07.672+0000] {dag.py:3229} INFO - Sync 1 DAGs
[2025-02-19T09:45:07.685+0000] {logging_mixin.py:190} INFO - [2025-02-19T09:45:07.684+0000] {dag.py:4156} INFO - Setting next_dagrun for example_task_group to None, run_after=None
[2025-02-19T09:45:07.701+0000] {processor.py:208} INFO - Processing /home/airflow/.local/lib/python3.12/site-packages/airflow/example_dags/example_task_group.py took 0.062 seconds
[2025-02-19T09:45:38.792+0000] {processor.py:186} INFO - Started process (PID=1007) to work on /home/airflow/.local/lib/python3.12/site-packages/airflow/example_dags/example_task_group.py
[2025-02-19T09:45:38.793+0000] {processor.py:914} INFO - Processing file /home/airflow/.local/lib/python3.12/site-packages/airflow/example_dags/example_task_group.py for tasks to queue
[2025-02-19T09:45:38.795+0000] {logging_mixin.py:190} INFO - [2025-02-19T09:45:38.794+0000] {dagbag.py:587} INFO - Filling up the DagBag from /home/airflow/.local/lib/python3.12/site-packages/airflow/example_dags/example_task_group.py
[2025-02-19T09:45:38.803+0000] {processor.py:925} INFO - DAG(s) 'example_task_group' retrieved from /home/airflow/.local/lib/python3.12/site-packages/airflow/example_dags/example_task_group.py
[2025-02-19T09:45:38.824+0000] {logging_mixin.py:190} INFO - [2025-02-19T09:45:38.823+0000] {dag.py:3229} INFO - Sync 1 DAGs
[2025-02-19T09:45:38.837+0000] {logging_mixin.py:190} INFO - [2025-02-19T09:45:38.837+0000] {dag.py:4156} INFO - Setting next_dagrun for example_task_group to None, run_after=None
[2025-02-19T09:45:38.858+0000] {processor.py:208} INFO - Processing /home/airflow/.local/lib/python3.12/site-packages/airflow/example_dags/example_task_group.py took 0.071 seconds
[2025-02-19T09:46:09.830+0000] {processor.py:186} INFO - Started process (PID=1071) to work on /home/airflow/.local/lib/python3.12/site-packages/airflow/example_dags/example_task_group.py
[2025-02-19T09:46:09.831+0000] {processor.py:914} INFO - Processing file /home/airflow/.local/lib/python3.12/site-packages/airflow/example_dags/example_task_group.py for tasks to queue
[2025-02-19T09:46:09.833+0000] {logging_mixin.py:190} INFO - [2025-02-19T09:46:09.833+0000] {dagbag.py:587} INFO - Filling up the DagBag from /home/airflow/.local/lib/python3.12/site-packages/airflow/example_dags/example_task_group.py
[2025-02-19T09:46:09.839+0000] {processor.py:925} INFO - DAG(s) 'example_task_group' retrieved from /home/airflow/.local/lib/python3.12/site-packages/airflow/example_dags/example_task_group.py
[2025-02-19T09:46:09.857+0000] {logging_mixin.py:190} INFO - [2025-02-19T09:46:09.857+0000] {dag.py:3229} INFO - Sync 1 DAGs
[2025-02-19T09:46:09.869+0000] {logging_mixin.py:190} INFO - [2025-02-19T09:46:09.869+0000] {dag.py:4156} INFO - Setting next_dagrun for example_task_group to None, run_after=None
[2025-02-19T09:46:09.884+0000] {processor.py:208} INFO - Processing /home/airflow/.local/lib/python3.12/site-packages/airflow/example_dags/example_task_group.py took 0.058 seconds
[2025-02-19T09:46:40.787+0000] {processor.py:186} INFO - Started process (PID=1135) to work on /home/airflow/.local/lib/python3.12/site-packages/airflow/example_dags/example_task_group.py
[2025-02-19T09:46:40.788+0000] {processor.py:914} INFO - Processing file /home/airflow/.local/lib/python3.12/site-packages/airflow/example_dags/example_task_group.py for tasks to queue
[2025-02-19T09:46:40.790+0000] {logging_mixin.py:190} INFO - [2025-02-19T09:46:40.789+0000] {dagbag.py:587} INFO - Filling up the DagBag from /home/airflow/.local/lib/python3.12/site-packages/airflow/example_dags/example_task_group.py
[2025-02-19T09:46:40.797+0000] {processor.py:925} INFO - DAG(s) 'example_task_group' retrieved from /home/airflow/.local/lib/python3.12/site-packages/airflow/example_dags/example_task_group.py
[2025-02-19T09:46:40.814+0000] {logging_mixin.py:190} INFO - [2025-02-19T09:46:40.814+0000] {dag.py:3229} INFO - Sync 1 DAGs
[2025-02-19T09:46:40.823+0000] {logging_mixin.py:190} INFO - [2025-02-19T09:46:40.823+0000] {dag.py:4156} INFO - Setting next_dagrun for example_task_group to None, run_after=None
[2025-02-19T09:46:40.839+0000] {processor.py:208} INFO - Processing /home/airflow/.local/lib/python3.12/site-packages/airflow/example_dags/example_task_group.py took 0.057 seconds
[2025-02-19T09:47:11.862+0000] {processor.py:186} INFO - Started process (PID=1199) to work on /home/airflow/.local/lib/python3.12/site-packages/airflow/example_dags/example_task_group.py
[2025-02-19T09:47:11.875+0000] {processor.py:914} INFO - Processing file /home/airflow/.local/lib/python3.12/site-packages/airflow/example_dags/example_task_group.py for tasks to queue
[2025-02-19T09:47:11.877+0000] {logging_mixin.py:190} INFO - [2025-02-19T09:47:11.877+0000] {dagbag.py:587} INFO - Filling up the DagBag from /home/airflow/.local/lib/python3.12/site-packages/airflow/example_dags/example_task_group.py
[2025-02-19T09:47:11.884+0000] {processor.py:925} INFO - DAG(s) 'example_task_group' retrieved from /home/airflow/.local/lib/python3.12/site-packages/airflow/example_dags/example_task_group.py
[2025-02-19T09:47:11.904+0000] {logging_mixin.py:190} INFO - [2025-02-19T09:47:11.904+0000] {dag.py:3229} INFO - Sync 1 DAGs
[2025-02-19T09:47:11.917+0000] {logging_mixin.py:190} INFO - [2025-02-19T09:47:11.917+0000] {dag.py:4156} INFO - Setting next_dagrun for example_task_group to None, run_after=None
[2025-02-19T09:47:11.934+0000] {processor.py:208} INFO - Processing /home/airflow/.local/lib/python3.12/site-packages/airflow/example_dags/example_task_group.py took 0.076 seconds
[2025-02-19T09:47:42.269+0000] {processor.py:186} INFO - Started process (PID=1263) to work on /home/airflow/.local/lib/python3.12/site-packages/airflow/example_dags/example_task_group.py
[2025-02-19T09:47:42.270+0000] {processor.py:914} INFO - Processing file /home/airflow/.local/lib/python3.12/site-packages/airflow/example_dags/example_task_group.py for tasks to queue
[2025-02-19T09:47:42.272+0000] {logging_mixin.py:190} INFO - [2025-02-19T09:47:42.272+0000] {dagbag.py:587} INFO - Filling up the DagBag from /home/airflow/.local/lib/python3.12/site-packages/airflow/example_dags/example_task_group.py
[2025-02-19T09:47:42.280+0000] {processor.py:925} INFO - DAG(s) 'example_task_group' retrieved from /home/airflow/.local/lib/python3.12/site-packages/airflow/example_dags/example_task_group.py
[2025-02-19T09:47:42.300+0000] {logging_mixin.py:190} INFO - [2025-02-19T09:47:42.299+0000] {dag.py:3229} INFO - Sync 1 DAGs
[2025-02-19T09:47:42.312+0000] {logging_mixin.py:190} INFO - [2025-02-19T09:47:42.312+0000] {dag.py:4156} INFO - Setting next_dagrun for example_task_group to None, run_after=None
[2025-02-19T09:47:42.330+0000] {processor.py:208} INFO - Processing /home/airflow/.local/lib/python3.12/site-packages/airflow/example_dags/example_task_group.py took 0.065 seconds
[2025-02-19T09:48:12.580+0000] {processor.py:186} INFO - Started process (PID=1328) to work on /home/airflow/.local/lib/python3.12/site-packages/airflow/example_dags/example_task_group.py
[2025-02-19T09:48:12.581+0000] {processor.py:914} INFO - Processing file /home/airflow/.local/lib/python3.12/site-packages/airflow/example_dags/example_task_group.py for tasks to queue
[2025-02-19T09:48:12.583+0000] {logging_mixin.py:190} INFO - [2025-02-19T09:48:12.583+0000] {dagbag.py:587} INFO - Filling up the DagBag from /home/airflow/.local/lib/python3.12/site-packages/airflow/example_dags/example_task_group.py
[2025-02-19T09:48:12.590+0000] {processor.py:925} INFO - DAG(s) 'example_task_group' retrieved from /home/airflow/.local/lib/python3.12/site-packages/airflow/example_dags/example_task_group.py
[2025-02-19T09:48:12.608+0000] {logging_mixin.py:190} INFO - [2025-02-19T09:48:12.608+0000] {dag.py:3229} INFO - Sync 1 DAGs
[2025-02-19T09:48:12.620+0000] {logging_mixin.py:190} INFO - [2025-02-19T09:48:12.620+0000] {dag.py:4156} INFO - Setting next_dagrun for example_task_group to None, run_after=None
[2025-02-19T09:48:12.635+0000] {processor.py:208} INFO - Processing /home/airflow/.local/lib/python3.12/site-packages/airflow/example_dags/example_task_group.py took 0.059 seconds
[2025-02-19T09:48:43.692+0000] {processor.py:186} INFO - Started process (PID=1392) to work on /home/airflow/.local/lib/python3.12/site-packages/airflow/example_dags/example_task_group.py
[2025-02-19T09:48:43.693+0000] {processor.py:914} INFO - Processing file /home/airflow/.local/lib/python3.12/site-packages/airflow/example_dags/example_task_group.py for tasks to queue
[2025-02-19T09:48:43.694+0000] {logging_mixin.py:190} INFO - [2025-02-19T09:48:43.694+0000] {dagbag.py:587} INFO - Filling up the DagBag from /home/airflow/.local/lib/python3.12/site-packages/airflow/example_dags/example_task_group.py
[2025-02-19T09:48:43.701+0000] {processor.py:925} INFO - DAG(s) 'example_task_group' retrieved from /home/airflow/.local/lib/python3.12/site-packages/airflow/example_dags/example_task_group.py
[2025-02-19T09:48:43.718+0000] {logging_mixin.py:190} INFO - [2025-02-19T09:48:43.718+0000] {dag.py:3229} INFO - Sync 1 DAGs
[2025-02-19T09:48:43.728+0000] {logging_mixin.py:190} INFO - [2025-02-19T09:48:43.728+0000] {dag.py:4156} INFO - Setting next_dagrun for example_task_group to None, run_after=None
[2025-02-19T09:48:43.741+0000] {processor.py:208} INFO - Processing /home/airflow/.local/lib/python3.12/site-packages/airflow/example_dags/example_task_group.py took 0.054 seconds
[2025-02-19T09:49:14.601+0000] {processor.py:186} INFO - Started process (PID=1456) to work on /home/airflow/.local/lib/python3.12/site-packages/airflow/example_dags/example_task_group.py
[2025-02-19T09:49:14.602+0000] {processor.py:914} INFO - Processing file /home/airflow/.local/lib/python3.12/site-packages/airflow/example_dags/example_task_group.py for tasks to queue
[2025-02-19T09:49:14.604+0000] {logging_mixin.py:190} INFO - [2025-02-19T09:49:14.604+0000] {dagbag.py:587} INFO - Filling up the DagBag from /home/airflow/.local/lib/python3.12/site-packages/airflow/example_dags/example_task_group.py
[2025-02-19T09:49:14.610+0000] {processor.py:925} INFO - DAG(s) 'example_task_group' retrieved from /home/airflow/.local/lib/python3.12/site-packages/airflow/example_dags/example_task_group.py
[2025-02-19T09:49:14.628+0000] {logging_mixin.py:190} INFO - [2025-02-19T09:49:14.628+0000] {dag.py:3229} INFO - Sync 1 DAGs
[2025-02-19T09:49:14.638+0000] {logging_mixin.py:190} INFO - [2025-02-19T09:49:14.638+0000] {dag.py:4156} INFO - Setting next_dagrun for example_task_group to None, run_after=None
[2025-02-19T09:49:14.652+0000] {processor.py:208} INFO - Processing /home/airflow/.local/lib/python3.12/site-packages/airflow/example_dags/example_task_group.py took 0.055 seconds
[2025-02-19T09:49:45.565+0000] {processor.py:186} INFO - Started process (PID=1520) to work on /home/airflow/.local/lib/python3.12/site-packages/airflow/example_dags/example_task_group.py
[2025-02-19T09:49:45.566+0000] {processor.py:914} INFO - Processing file /home/airflow/.local/lib/python3.12/site-packages/airflow/example_dags/example_task_group.py for tasks to queue
[2025-02-19T09:49:45.568+0000] {logging_mixin.py:190} INFO - [2025-02-19T09:49:45.568+0000] {dagbag.py:587} INFO - Filling up the DagBag from /home/airflow/.local/lib/python3.12/site-packages/airflow/example_dags/example_task_group.py
[2025-02-19T09:49:45.575+0000] {processor.py:925} INFO - DAG(s) 'example_task_group' retrieved from /home/airflow/.local/lib/python3.12/site-packages/airflow/example_dags/example_task_group.py
[2025-02-19T09:49:45.593+0000] {logging_mixin.py:190} INFO - [2025-02-19T09:49:45.593+0000] {dag.py:3229} INFO - Sync 1 DAGs
[2025-02-19T09:49:45.604+0000] {logging_mixin.py:190} INFO - [2025-02-19T09:49:45.604+0000] {dag.py:4156} INFO - Setting next_dagrun for example_task_group to None, run_after=None
[2025-02-19T09:49:45.620+0000] {processor.py:208} INFO - Processing /home/airflow/.local/lib/python3.12/site-packages/airflow/example_dags/example_task_group.py took 0.059 seconds
[2025-02-19T09:50:15.908+0000] {processor.py:186} INFO - Started process (PID=1584) to work on /home/airflow/.local/lib/python3.12/site-packages/airflow/example_dags/example_task_group.py
[2025-02-19T09:50:15.909+0000] {processor.py:914} INFO - Processing file /home/airflow/.local/lib/python3.12/site-packages/airflow/example_dags/example_task_group.py for tasks to queue
[2025-02-19T09:50:15.911+0000] {logging_mixin.py:190} INFO - [2025-02-19T09:50:15.911+0000] {dagbag.py:587} INFO - Filling up the DagBag from /home/airflow/.local/lib/python3.12/site-packages/airflow/example_dags/example_task_group.py
[2025-02-19T09:50:15.919+0000] {processor.py:925} INFO - DAG(s) 'example_task_group' retrieved from /home/airflow/.local/lib/python3.12/site-packages/airflow/example_dags/example_task_group.py
[2025-02-19T09:50:15.937+0000] {logging_mixin.py:190} INFO - [2025-02-19T09:50:15.937+0000] {dag.py:3229} INFO - Sync 1 DAGs
[2025-02-19T09:50:15.949+0000] {logging_mixin.py:190} INFO - [2025-02-19T09:50:15.949+0000] {dag.py:4156} INFO - Setting next_dagrun for example_task_group to None, run_after=None
[2025-02-19T09:50:15.968+0000] {processor.py:208} INFO - Processing /home/airflow/.local/lib/python3.12/site-packages/airflow/example_dags/example_task_group.py took 0.064 seconds
[2025-02-19T09:50:46.403+0000] {processor.py:186} INFO - Started process (PID=1648) to work on /home/airflow/.local/lib/python3.12/site-packages/airflow/example_dags/example_task_group.py
[2025-02-19T09:50:46.404+0000] {processor.py:914} INFO - Processing file /home/airflow/.local/lib/python3.12/site-packages/airflow/example_dags/example_task_group.py for tasks to queue
[2025-02-19T09:50:46.407+0000] {logging_mixin.py:190} INFO - [2025-02-19T09:50:46.407+0000] {dagbag.py:587} INFO - Filling up the DagBag from /home/airflow/.local/lib/python3.12/site-packages/airflow/example_dags/example_task_group.py
[2025-02-19T09:50:46.417+0000] {processor.py:925} INFO - DAG(s) 'example_task_group' retrieved from /home/airflow/.local/lib/python3.12/site-packages/airflow/example_dags/example_task_group.py
[2025-02-19T09:50:46.438+0000] {logging_mixin.py:190} INFO - [2025-02-19T09:50:46.437+0000] {dag.py:3229} INFO - Sync 1 DAGs
[2025-02-19T09:50:46.451+0000] {logging_mixin.py:190} INFO - [2025-02-19T09:50:46.451+0000] {dag.py:4156} INFO - Setting next_dagrun for example_task_group to None, run_after=None
[2025-02-19T09:50:46.472+0000] {processor.py:208} INFO - Processing /home/airflow/.local/lib/python3.12/site-packages/airflow/example_dags/example_task_group.py took 0.075 seconds
[2025-02-19T09:51:16.693+0000] {processor.py:186} INFO - Started process (PID=1712) to work on /home/airflow/.local/lib/python3.12/site-packages/airflow/example_dags/example_task_group.py
[2025-02-19T09:51:16.694+0000] {processor.py:914} INFO - Processing file /home/airflow/.local/lib/python3.12/site-packages/airflow/example_dags/example_task_group.py for tasks to queue
[2025-02-19T09:51:16.696+0000] {logging_mixin.py:190} INFO - [2025-02-19T09:51:16.696+0000] {dagbag.py:587} INFO - Filling up the DagBag from /home/airflow/.local/lib/python3.12/site-packages/airflow/example_dags/example_task_group.py
[2025-02-19T09:51:16.703+0000] {processor.py:925} INFO - DAG(s) 'example_task_group' retrieved from /home/airflow/.local/lib/python3.12/site-packages/airflow/example_dags/example_task_group.py
[2025-02-19T09:51:16.722+0000] {logging_mixin.py:190} INFO - [2025-02-19T09:51:16.722+0000] {dag.py:3229} INFO - Sync 1 DAGs
[2025-02-19T09:51:16.735+0000] {logging_mixin.py:190} INFO - [2025-02-19T09:51:16.735+0000] {dag.py:4156} INFO - Setting next_dagrun for example_task_group to None, run_after=None
[2025-02-19T09:51:16.754+0000] {processor.py:208} INFO - Processing /home/airflow/.local/lib/python3.12/site-packages/airflow/example_dags/example_task_group.py took 0.067 seconds
[2025-02-19T09:51:46.917+0000] {processor.py:186} INFO - Started process (PID=1776) to work on /home/airflow/.local/lib/python3.12/site-packages/airflow/example_dags/example_task_group.py
[2025-02-19T09:51:46.918+0000] {processor.py:914} INFO - Processing file /home/airflow/.local/lib/python3.12/site-packages/airflow/example_dags/example_task_group.py for tasks to queue
[2025-02-19T09:51:46.920+0000] {logging_mixin.py:190} INFO - [2025-02-19T09:51:46.920+0000] {dagbag.py:587} INFO - Filling up the DagBag from /home/airflow/.local/lib/python3.12/site-packages/airflow/example_dags/example_task_group.py
[2025-02-19T09:51:46.927+0000] {processor.py:925} INFO - DAG(s) 'example_task_group' retrieved from /home/airflow/.local/lib/python3.12/site-packages/airflow/example_dags/example_task_group.py
[2025-02-19T09:51:46.947+0000] {logging_mixin.py:190} INFO - [2025-02-19T09:51:46.946+0000] {dag.py:3229} INFO - Sync 1 DAGs
[2025-02-19T09:51:46.959+0000] {logging_mixin.py:190} INFO - [2025-02-19T09:51:46.959+0000] {dag.py:4156} INFO - Setting next_dagrun for example_task_group to None, run_after=None
[2025-02-19T09:51:46.978+0000] {processor.py:208} INFO - Processing /home/airflow/.local/lib/python3.12/site-packages/airflow/example_dags/example_task_group.py took 0.065 seconds
[2025-02-19T09:52:17.311+0000] {processor.py:186} INFO - Started process (PID=1840) to work on /home/airflow/.local/lib/python3.12/site-packages/airflow/example_dags/example_task_group.py
[2025-02-19T09:52:17.312+0000] {processor.py:914} INFO - Processing file /home/airflow/.local/lib/python3.12/site-packages/airflow/example_dags/example_task_group.py for tasks to queue
[2025-02-19T09:52:17.314+0000] {logging_mixin.py:190} INFO - [2025-02-19T09:52:17.314+0000] {dagbag.py:587} INFO - Filling up the DagBag from /home/airflow/.local/lib/python3.12/site-packages/airflow/example_dags/example_task_group.py
[2025-02-19T09:52:17.321+0000] {processor.py:925} INFO - DAG(s) 'example_task_group' retrieved from /home/airflow/.local/lib/python3.12/site-packages/airflow/example_dags/example_task_group.py
[2025-02-19T09:52:17.338+0000] {logging_mixin.py:190} INFO - [2025-02-19T09:52:17.338+0000] {dag.py:3229} INFO - Sync 1 DAGs
[2025-02-19T09:52:17.350+0000] {logging_mixin.py:190} INFO - [2025-02-19T09:52:17.350+0000] {dag.py:4156} INFO - Setting next_dagrun for example_task_group to None, run_after=None
[2025-02-19T09:52:17.366+0000] {processor.py:208} INFO - Processing /home/airflow/.local/lib/python3.12/site-packages/airflow/example_dags/example_task_group.py took 0.060 seconds
[2025-02-19T09:52:47.616+0000] {processor.py:186} INFO - Started process (PID=1904) to work on /home/airflow/.local/lib/python3.12/site-packages/airflow/example_dags/example_task_group.py
[2025-02-19T09:52:47.617+0000] {processor.py:914} INFO - Processing file /home/airflow/.local/lib/python3.12/site-packages/airflow/example_dags/example_task_group.py for tasks to queue
[2025-02-19T09:52:47.619+0000] {logging_mixin.py:190} INFO - [2025-02-19T09:52:47.619+0000] {dagbag.py:587} INFO - Filling up the DagBag from /home/airflow/.local/lib/python3.12/site-packages/airflow/example_dags/example_task_group.py
[2025-02-19T09:52:47.627+0000] {processor.py:925} INFO - DAG(s) 'example_task_group' retrieved from /home/airflow/.local/lib/python3.12/site-packages/airflow/example_dags/example_task_group.py
[2025-02-19T09:52:47.647+0000] {logging_mixin.py:190} INFO - [2025-02-19T09:52:47.647+0000] {dag.py:3229} INFO - Sync 1 DAGs
[2025-02-19T09:52:47.663+0000] {logging_mixin.py:190} INFO - [2025-02-19T09:52:47.662+0000] {dag.py:4156} INFO - Setting next_dagrun for example_task_group to None, run_after=None
[2025-02-19T09:52:47.684+0000] {processor.py:208} INFO - Processing /home/airflow/.local/lib/python3.12/site-packages/airflow/example_dags/example_task_group.py took 0.072 seconds
[2025-02-19T09:53:17.850+0000] {processor.py:186} INFO - Started process (PID=1967) to work on /home/airflow/.local/lib/python3.12/site-packages/airflow/example_dags/example_task_group.py
[2025-02-19T09:53:17.851+0000] {processor.py:914} INFO - Processing file /home/airflow/.local/lib/python3.12/site-packages/airflow/example_dags/example_task_group.py for tasks to queue
[2025-02-19T09:53:17.853+0000] {logging_mixin.py:190} INFO - [2025-02-19T09:53:17.853+0000] {dagbag.py:587} INFO - Filling up the DagBag from /home/airflow/.local/lib/python3.12/site-packages/airflow/example_dags/example_task_group.py
[2025-02-19T09:53:17.861+0000] {processor.py:925} INFO - DAG(s) 'example_task_group' retrieved from /home/airflow/.local/lib/python3.12/site-packages/airflow/example_dags/example_task_group.py
[2025-02-19T09:53:17.884+0000] {logging_mixin.py:190} INFO - [2025-02-19T09:53:17.884+0000] {dag.py:3229} INFO - Sync 1 DAGs
[2025-02-19T09:53:17.898+0000] {logging_mixin.py:190} INFO - [2025-02-19T09:53:17.898+0000] {dag.py:4156} INFO - Setting next_dagrun for example_task_group to None, run_after=None
[2025-02-19T09:53:17.917+0000] {processor.py:208} INFO - Processing /home/airflow/.local/lib/python3.12/site-packages/airflow/example_dags/example_task_group.py took 0.072 seconds
[2025-02-19T09:53:48.155+0000] {processor.py:186} INFO - Started process (PID=2031) to work on /home/airflow/.local/lib/python3.12/site-packages/airflow/example_dags/example_task_group.py
[2025-02-19T09:53:48.156+0000] {processor.py:914} INFO - Processing file /home/airflow/.local/lib/python3.12/site-packages/airflow/example_dags/example_task_group.py for tasks to queue
[2025-02-19T09:53:48.157+0000] {logging_mixin.py:190} INFO - [2025-02-19T09:53:48.157+0000] {dagbag.py:587} INFO - Filling up the DagBag from /home/airflow/.local/lib/python3.12/site-packages/airflow/example_dags/example_task_group.py
[2025-02-19T09:53:48.164+0000] {processor.py:925} INFO - DAG(s) 'example_task_group' retrieved from /home/airflow/.local/lib/python3.12/site-packages/airflow/example_dags/example_task_group.py
[2025-02-19T09:53:48.181+0000] {logging_mixin.py:190} INFO - [2025-02-19T09:53:48.181+0000] {dag.py:3229} INFO - Sync 1 DAGs
[2025-02-19T09:53:48.192+0000] {logging_mixin.py:190} INFO - [2025-02-19T09:53:48.192+0000] {dag.py:4156} INFO - Setting next_dagrun for example_task_group to None, run_after=None
[2025-02-19T09:53:48.207+0000] {processor.py:208} INFO - Processing /home/airflow/.local/lib/python3.12/site-packages/airflow/example_dags/example_task_group.py took 0.056 seconds
[2025-02-19T09:54:18.715+0000] {processor.py:186} INFO - Started process (PID=2096) to work on /home/airflow/.local/lib/python3.12/site-packages/airflow/example_dags/example_task_group.py
[2025-02-19T09:54:18.717+0000] {processor.py:914} INFO - Processing file /home/airflow/.local/lib/python3.12/site-packages/airflow/example_dags/example_task_group.py for tasks to queue
[2025-02-19T09:54:18.719+0000] {logging_mixin.py:190} INFO - [2025-02-19T09:54:18.719+0000] {dagbag.py:587} INFO - Filling up the DagBag from /home/airflow/.local/lib/python3.12/site-packages/airflow/example_dags/example_task_group.py
[2025-02-19T09:54:18.726+0000] {processor.py:925} INFO - DAG(s) 'example_task_group' retrieved from /home/airflow/.local/lib/python3.12/site-packages/airflow/example_dags/example_task_group.py
[2025-02-19T09:54:18.744+0000] {logging_mixin.py:190} INFO - [2025-02-19T09:54:18.744+0000] {dag.py:3229} INFO - Sync 1 DAGs
[2025-02-19T09:54:18.756+0000] {logging_mixin.py:190} INFO - [2025-02-19T09:54:18.756+0000] {dag.py:4156} INFO - Setting next_dagrun for example_task_group to None, run_after=None
[2025-02-19T09:54:18.774+0000] {processor.py:208} INFO - Processing /home/airflow/.local/lib/python3.12/site-packages/airflow/example_dags/example_task_group.py took 0.063 seconds
[2025-02-19T09:54:48.947+0000] {processor.py:186} INFO - Started process (PID=2160) to work on /home/airflow/.local/lib/python3.12/site-packages/airflow/example_dags/example_task_group.py
[2025-02-19T09:54:48.948+0000] {processor.py:914} INFO - Processing file /home/airflow/.local/lib/python3.12/site-packages/airflow/example_dags/example_task_group.py for tasks to queue
[2025-02-19T09:54:48.950+0000] {logging_mixin.py:190} INFO - [2025-02-19T09:54:48.950+0000] {dagbag.py:587} INFO - Filling up the DagBag from /home/airflow/.local/lib/python3.12/site-packages/airflow/example_dags/example_task_group.py
[2025-02-19T09:54:48.957+0000] {processor.py:925} INFO - DAG(s) 'example_task_group' retrieved from /home/airflow/.local/lib/python3.12/site-packages/airflow/example_dags/example_task_group.py
[2025-02-19T09:54:48.976+0000] {logging_mixin.py:190} INFO - [2025-02-19T09:54:48.975+0000] {dag.py:3229} INFO - Sync 1 DAGs
[2025-02-19T09:54:48.986+0000] {logging_mixin.py:190} INFO - [2025-02-19T09:54:48.986+0000] {dag.py:4156} INFO - Setting next_dagrun for example_task_group to None, run_after=None
[2025-02-19T09:54:49.001+0000] {processor.py:208} INFO - Processing /home/airflow/.local/lib/python3.12/site-packages/airflow/example_dags/example_task_group.py took 0.058 seconds
[2025-02-19T09:55:19.263+0000] {processor.py:186} INFO - Started process (PID=2225) to work on /home/airflow/.local/lib/python3.12/site-packages/airflow/example_dags/example_task_group.py
[2025-02-19T09:55:19.264+0000] {processor.py:914} INFO - Processing file /home/airflow/.local/lib/python3.12/site-packages/airflow/example_dags/example_task_group.py for tasks to queue
[2025-02-19T09:55:19.266+0000] {logging_mixin.py:190} INFO - [2025-02-19T09:55:19.266+0000] {dagbag.py:587} INFO - Filling up the DagBag from /home/airflow/.local/lib/python3.12/site-packages/airflow/example_dags/example_task_group.py
[2025-02-19T09:55:19.274+0000] {processor.py:925} INFO - DAG(s) 'example_task_group' retrieved from /home/airflow/.local/lib/python3.12/site-packages/airflow/example_dags/example_task_group.py
[2025-02-19T09:55:19.292+0000] {logging_mixin.py:190} INFO - [2025-02-19T09:55:19.292+0000] {dag.py:3229} INFO - Sync 1 DAGs
[2025-02-19T09:55:19.303+0000] {logging_mixin.py:190} INFO - [2025-02-19T09:55:19.303+0000] {dag.py:4156} INFO - Setting next_dagrun for example_task_group to None, run_after=None
[2025-02-19T09:55:19.321+0000] {processor.py:208} INFO - Processing /home/airflow/.local/lib/python3.12/site-packages/airflow/example_dags/example_task_group.py took 0.063 seconds
[2025-02-19T09:55:49.606+0000] {processor.py:186} INFO - Started process (PID=2289) to work on /home/airflow/.local/lib/python3.12/site-packages/airflow/example_dags/example_task_group.py
[2025-02-19T09:55:49.607+0000] {processor.py:914} INFO - Processing file /home/airflow/.local/lib/python3.12/site-packages/airflow/example_dags/example_task_group.py for tasks to queue
[2025-02-19T09:55:49.610+0000] {logging_mixin.py:190} INFO - [2025-02-19T09:55:49.609+0000] {dagbag.py:587} INFO - Filling up the DagBag from /home/airflow/.local/lib/python3.12/site-packages/airflow/example_dags/example_task_group.py
[2025-02-19T09:55:49.618+0000] {processor.py:925} INFO - DAG(s) 'example_task_group' retrieved from /home/airflow/.local/lib/python3.12/site-packages/airflow/example_dags/example_task_group.py
[2025-02-19T09:55:49.638+0000] {logging_mixin.py:190} INFO - [2025-02-19T09:55:49.638+0000] {dag.py:3229} INFO - Sync 1 DAGs
[2025-02-19T09:55:49.650+0000] {logging_mixin.py:190} INFO - [2025-02-19T09:55:49.649+0000] {dag.py:4156} INFO - Setting next_dagrun for example_task_group to None, run_after=None
[2025-02-19T09:55:49.667+0000] {processor.py:208} INFO - Processing /home/airflow/.local/lib/python3.12/site-packages/airflow/example_dags/example_task_group.py took 0.066 seconds
[2025-02-19T09:56:19.984+0000] {processor.py:186} INFO - Started process (PID=2353) to work on /home/airflow/.local/lib/python3.12/site-packages/airflow/example_dags/example_task_group.py
[2025-02-19T09:56:19.985+0000] {processor.py:914} INFO - Processing file /home/airflow/.local/lib/python3.12/site-packages/airflow/example_dags/example_task_group.py for tasks to queue
[2025-02-19T09:56:19.987+0000] {logging_mixin.py:190} INFO - [2025-02-19T09:56:19.987+0000] {dagbag.py:587} INFO - Filling up the DagBag from /home/airflow/.local/lib/python3.12/site-packages/airflow/example_dags/example_task_group.py
[2025-02-19T09:56:19.995+0000] {processor.py:925} INFO - DAG(s) 'example_task_group' retrieved from /home/airflow/.local/lib/python3.12/site-packages/airflow/example_dags/example_task_group.py
[2025-02-19T09:56:20.012+0000] {logging_mixin.py:190} INFO - [2025-02-19T09:56:20.012+0000] {dag.py:3229} INFO - Sync 1 DAGs
[2025-02-19T09:56:20.023+0000] {logging_mixin.py:190} INFO - [2025-02-19T09:56:20.023+0000] {dag.py:4156} INFO - Setting next_dagrun for example_task_group to None, run_after=None
[2025-02-19T09:56:20.038+0000] {processor.py:208} INFO - Processing /home/airflow/.local/lib/python3.12/site-packages/airflow/example_dags/example_task_group.py took 0.058 seconds
[2025-02-19T09:56:50.511+0000] {processor.py:186} INFO - Started process (PID=2418) to work on /home/airflow/.local/lib/python3.12/site-packages/airflow/example_dags/example_task_group.py
[2025-02-19T09:56:50.512+0000] {processor.py:914} INFO - Processing file /home/airflow/.local/lib/python3.12/site-packages/airflow/example_dags/example_task_group.py for tasks to queue
[2025-02-19T09:56:50.514+0000] {logging_mixin.py:190} INFO - [2025-02-19T09:56:50.514+0000] {dagbag.py:587} INFO - Filling up the DagBag from /home/airflow/.local/lib/python3.12/site-packages/airflow/example_dags/example_task_group.py
[2025-02-19T09:56:50.521+0000] {processor.py:925} INFO - DAG(s) 'example_task_group' retrieved from /home/airflow/.local/lib/python3.12/site-packages/airflow/example_dags/example_task_group.py
[2025-02-19T09:56:50.540+0000] {logging_mixin.py:190} INFO - [2025-02-19T09:56:50.540+0000] {dag.py:3229} INFO - Sync 1 DAGs
[2025-02-19T09:56:50.553+0000] {logging_mixin.py:190} INFO - [2025-02-19T09:56:50.552+0000] {dag.py:4156} INFO - Setting next_dagrun for example_task_group to None, run_after=None
[2025-02-19T09:56:50.570+0000] {processor.py:208} INFO - Processing /home/airflow/.local/lib/python3.12/site-packages/airflow/example_dags/example_task_group.py took 0.063 seconds
[2025-02-19T09:57:21.536+0000] {processor.py:186} INFO - Started process (PID=2482) to work on /home/airflow/.local/lib/python3.12/site-packages/airflow/example_dags/example_task_group.py
[2025-02-19T09:57:21.537+0000] {processor.py:914} INFO - Processing file /home/airflow/.local/lib/python3.12/site-packages/airflow/example_dags/example_task_group.py for tasks to queue
[2025-02-19T09:57:21.539+0000] {logging_mixin.py:190} INFO - [2025-02-19T09:57:21.539+0000] {dagbag.py:587} INFO - Filling up the DagBag from /home/airflow/.local/lib/python3.12/site-packages/airflow/example_dags/example_task_group.py
[2025-02-19T09:57:21.547+0000] {processor.py:925} INFO - DAG(s) 'example_task_group' retrieved from /home/airflow/.local/lib/python3.12/site-packages/airflow/example_dags/example_task_group.py
[2025-02-19T09:57:21.567+0000] {logging_mixin.py:190} INFO - [2025-02-19T09:57:21.567+0000] {dag.py:3229} INFO - Sync 1 DAGs
[2025-02-19T09:57:21.579+0000] {logging_mixin.py:190} INFO - [2025-02-19T09:57:21.578+0000] {dag.py:4156} INFO - Setting next_dagrun for example_task_group to None, run_after=None
[2025-02-19T09:57:21.596+0000] {processor.py:208} INFO - Processing /home/airflow/.local/lib/python3.12/site-packages/airflow/example_dags/example_task_group.py took 0.065 seconds
[2025-02-19T09:57:51.871+0000] {processor.py:186} INFO - Started process (PID=2546) to work on /home/airflow/.local/lib/python3.12/site-packages/airflow/example_dags/example_task_group.py
[2025-02-19T09:57:51.872+0000] {processor.py:914} INFO - Processing file /home/airflow/.local/lib/python3.12/site-packages/airflow/example_dags/example_task_group.py for tasks to queue
[2025-02-19T09:57:51.874+0000] {logging_mixin.py:190} INFO - [2025-02-19T09:57:51.873+0000] {dagbag.py:587} INFO - Filling up the DagBag from /home/airflow/.local/lib/python3.12/site-packages/airflow/example_dags/example_task_group.py
[2025-02-19T09:57:51.880+0000] {processor.py:925} INFO - DAG(s) 'example_task_group' retrieved from /home/airflow/.local/lib/python3.12/site-packages/airflow/example_dags/example_task_group.py
[2025-02-19T09:57:51.898+0000] {logging_mixin.py:190} INFO - [2025-02-19T09:57:51.897+0000] {dag.py:3229} INFO - Sync 1 DAGs
[2025-02-19T09:57:51.908+0000] {logging_mixin.py:190} INFO - [2025-02-19T09:57:51.908+0000] {dag.py:4156} INFO - Setting next_dagrun for example_task_group to None, run_after=None
[2025-02-19T09:57:51.924+0000] {processor.py:208} INFO - Processing /home/airflow/.local/lib/python3.12/site-packages/airflow/example_dags/example_task_group.py took 0.056 seconds
[2025-02-19T09:58:22.632+0000] {processor.py:186} INFO - Started process (PID=2611) to work on /home/airflow/.local/lib/python3.12/site-packages/airflow/example_dags/example_task_group.py
[2025-02-19T09:58:22.633+0000] {processor.py:914} INFO - Processing file /home/airflow/.local/lib/python3.12/site-packages/airflow/example_dags/example_task_group.py for tasks to queue
[2025-02-19T09:58:22.635+0000] {logging_mixin.py:190} INFO - [2025-02-19T09:58:22.635+0000] {dagbag.py:587} INFO - Filling up the DagBag from /home/airflow/.local/lib/python3.12/site-packages/airflow/example_dags/example_task_group.py
[2025-02-19T09:58:22.642+0000] {processor.py:925} INFO - DAG(s) 'example_task_group' retrieved from /home/airflow/.local/lib/python3.12/site-packages/airflow/example_dags/example_task_group.py
[2025-02-19T09:58:22.659+0000] {logging_mixin.py:190} INFO - [2025-02-19T09:58:22.659+0000] {dag.py:3229} INFO - Sync 1 DAGs
[2025-02-19T09:58:22.669+0000] {logging_mixin.py:190} INFO - [2025-02-19T09:58:22.669+0000] {dag.py:4156} INFO - Setting next_dagrun for example_task_group to None, run_after=None
[2025-02-19T09:58:22.683+0000] {processor.py:208} INFO - Processing /home/airflow/.local/lib/python3.12/site-packages/airflow/example_dags/example_task_group.py took 0.055 seconds
[2025-02-19T09:58:53.765+0000] {processor.py:186} INFO - Started process (PID=2680) to work on /home/airflow/.local/lib/python3.12/site-packages/airflow/example_dags/example_task_group.py
[2025-02-19T09:58:53.766+0000] {processor.py:914} INFO - Processing file /home/airflow/.local/lib/python3.12/site-packages/airflow/example_dags/example_task_group.py for tasks to queue
[2025-02-19T09:58:53.768+0000] {logging_mixin.py:190} INFO - [2025-02-19T09:58:53.768+0000] {dagbag.py:587} INFO - Filling up the DagBag from /home/airflow/.local/lib/python3.12/site-packages/airflow/example_dags/example_task_group.py
[2025-02-19T09:58:53.777+0000] {processor.py:925} INFO - DAG(s) 'example_task_group' retrieved from /home/airflow/.local/lib/python3.12/site-packages/airflow/example_dags/example_task_group.py
[2025-02-19T09:58:53.796+0000] {logging_mixin.py:190} INFO - [2025-02-19T09:58:53.795+0000] {dag.py:3229} INFO - Sync 1 DAGs
[2025-02-19T09:58:53.808+0000] {logging_mixin.py:190} INFO - [2025-02-19T09:58:53.808+0000] {dag.py:4156} INFO - Setting next_dagrun for example_task_group to None, run_after=None
[2025-02-19T09:58:53.826+0000] {processor.py:208} INFO - Processing /home/airflow/.local/lib/python3.12/site-packages/airflow/example_dags/example_task_group.py took 0.066 seconds
[2025-02-19T09:59:24.923+0000] {processor.py:186} INFO - Started process (PID=2744) to work on /home/airflow/.local/lib/python3.12/site-packages/airflow/example_dags/example_task_group.py
[2025-02-19T09:59:24.925+0000] {processor.py:914} INFO - Processing file /home/airflow/.local/lib/python3.12/site-packages/airflow/example_dags/example_task_group.py for tasks to queue
[2025-02-19T09:59:24.926+0000] {logging_mixin.py:190} INFO - [2025-02-19T09:59:24.926+0000] {dagbag.py:587} INFO - Filling up the DagBag from /home/airflow/.local/lib/python3.12/site-packages/airflow/example_dags/example_task_group.py
[2025-02-19T09:59:24.934+0000] {processor.py:925} INFO - DAG(s) 'example_task_group' retrieved from /home/airflow/.local/lib/python3.12/site-packages/airflow/example_dags/example_task_group.py
[2025-02-19T09:59:24.952+0000] {logging_mixin.py:190} INFO - [2025-02-19T09:59:24.952+0000] {dag.py:3229} INFO - Sync 1 DAGs
[2025-02-19T09:59:24.964+0000] {logging_mixin.py:190} INFO - [2025-02-19T09:59:24.964+0000] {dag.py:4156} INFO - Setting next_dagrun for example_task_group to None, run_after=None
[2025-02-19T09:59:24.979+0000] {processor.py:208} INFO - Processing /home/airflow/.local/lib/python3.12/site-packages/airflow/example_dags/example_task_group.py took 0.060 seconds
[2025-02-19T10:23:14.046+0000] {logging_mixin.py:190} INFO - [2025-02-19T10:23:14.046+0000] {settings.py:475} DEBUG - Setting up DB connection pool (PID 93)
[2025-02-19T10:23:14.048+0000] {logging_mixin.py:190} INFO - [2025-02-19T10:23:14.048+0000] {settings.py:579} DEBUG - settings.prepare_engine_args(): Using pool settings. pool_size=5, max_overflow=10, pool_recycle=1800, pid=93
[2025-02-19T10:23:14.053+0000] {processor.py:186} INFO - Started process (PID=93) to work on /home/airflow/.local/lib/python3.12/site-packages/airflow/example_dags/example_task_group.py
[2025-02-19T10:23:14.053+0000] {processor.py:914} INFO - Processing file /home/airflow/.local/lib/python3.12/site-packages/airflow/example_dags/example_task_group.py for tasks to queue
[2025-02-19T10:23:14.054+0000] {logging_mixin.py:190} INFO - [2025-02-19T10:23:14.054+0000] {dagbag.py:587} INFO - Filling up the DagBag from /home/airflow/.local/lib/python3.12/site-packages/airflow/example_dags/example_task_group.py
[2025-02-19T10:23:14.055+0000] {logging_mixin.py:190} INFO - [2025-02-19T10:23:14.055+0000] {dagbag.py:368} DEBUG - Importing /home/airflow/.local/lib/python3.12/site-packages/airflow/example_dags/example_task_group.py
[2025-02-19T10:23:14.065+0000] {logging_mixin.py:190} INFO - [2025-02-19T10:23:14.062+0000] {dagbag.py:553} DEBUG - Loaded DAG <DAG: example_task_group>
[2025-02-19T10:23:14.065+0000] {processor.py:925} INFO - DAG(s) 'example_task_group' retrieved from /home/airflow/.local/lib/python3.12/site-packages/airflow/example_dags/example_task_group.py
[2025-02-19T10:23:14.066+0000] {logging_mixin.py:190} INFO - [2025-02-19T10:23:14.066+0000] {dagbag.py:710} DEBUG - Running dagbag.sync_to_db with retries. Try 1 of 3
[2025-02-19T10:23:14.066+0000] {logging_mixin.py:190} INFO - [2025-02-19T10:23:14.066+0000] {dagbag.py:715} DEBUG - Calling the DAG.bulk_sync_to_db method
[2025-02-19T10:23:14.077+0000] {logging_mixin.py:190} INFO - [2025-02-19T10:23:14.077+0000] {serialized_dag.py:168} DEBUG - Checking if DAG (example_task_group) changed
[2025-02-19T10:23:14.086+0000] {logging_mixin.py:190} INFO - [2025-02-19T10:23:14.086+0000] {serialized_dag.py:179} DEBUG - Serialized DAG (example_task_group) is unchanged. Skipping writing to DB
[2025-02-19T10:23:14.087+0000] {logging_mixin.py:190} INFO - [2025-02-19T10:23:14.087+0000] {dag.py:3229} INFO - Sync 1 DAGs
[2025-02-19T10:23:14.101+0000] {logging_mixin.py:190} INFO - [2025-02-19T10:23:14.101+0000] {dag.py:4156} INFO - Setting next_dagrun for example_task_group to None, run_after=None
[2025-02-19T10:23:14.123+0000] {processor.py:208} INFO - Processing /home/airflow/.local/lib/python3.12/site-packages/airflow/example_dags/example_task_group.py took 0.077 seconds
[2025-02-19T10:23:56.693+0000] {logging_mixin.py:190} INFO - [2025-02-19T10:23:56.692+0000] {settings.py:475} DEBUG - Setting up DB connection pool (PID 157)
[2025-02-19T10:23:56.694+0000] {logging_mixin.py:190} INFO - [2025-02-19T10:23:56.693+0000] {settings.py:579} DEBUG - settings.prepare_engine_args(): Using pool settings. pool_size=5, max_overflow=10, pool_recycle=1800, pid=157
[2025-02-19T10:23:56.699+0000] {processor.py:186} INFO - Started process (PID=157) to work on /home/airflow/.local/lib/python3.12/site-packages/airflow/example_dags/example_task_group.py
[2025-02-19T10:23:56.699+0000] {processor.py:914} INFO - Processing file /home/airflow/.local/lib/python3.12/site-packages/airflow/example_dags/example_task_group.py for tasks to queue
[2025-02-19T10:23:56.700+0000] {logging_mixin.py:190} INFO - [2025-02-19T10:23:56.700+0000] {dagbag.py:587} INFO - Filling up the DagBag from /home/airflow/.local/lib/python3.12/site-packages/airflow/example_dags/example_task_group.py
[2025-02-19T10:23:56.701+0000] {logging_mixin.py:190} INFO - [2025-02-19T10:23:56.701+0000] {dagbag.py:368} DEBUG - Importing /home/airflow/.local/lib/python3.12/site-packages/airflow/example_dags/example_task_group.py
[2025-02-19T10:23:56.713+0000] {logging_mixin.py:190} INFO - [2025-02-19T10:23:56.711+0000] {dagbag.py:553} DEBUG - Loaded DAG <DAG: example_task_group>
[2025-02-19T10:23:56.713+0000] {processor.py:925} INFO - DAG(s) 'example_task_group' retrieved from /home/airflow/.local/lib/python3.12/site-packages/airflow/example_dags/example_task_group.py
[2025-02-19T10:23:56.714+0000] {logging_mixin.py:190} INFO - [2025-02-19T10:23:56.714+0000] {dagbag.py:710} DEBUG - Running dagbag.sync_to_db with retries. Try 1 of 3
[2025-02-19T10:23:56.714+0000] {logging_mixin.py:190} INFO - [2025-02-19T10:23:56.714+0000] {dagbag.py:715} DEBUG - Calling the DAG.bulk_sync_to_db method
[2025-02-19T10:23:56.727+0000] {logging_mixin.py:190} INFO - [2025-02-19T10:23:56.726+0000] {serialized_dag.py:168} DEBUG - Checking if DAG (example_task_group) changed
[2025-02-19T10:23:56.738+0000] {logging_mixin.py:190} INFO - [2025-02-19T10:23:56.738+0000] {serialized_dag.py:179} DEBUG - Serialized DAG (example_task_group) is unchanged. Skipping writing to DB
[2025-02-19T10:23:56.739+0000] {logging_mixin.py:190} INFO - [2025-02-19T10:23:56.739+0000] {dag.py:3229} INFO - Sync 1 DAGs
[2025-02-19T10:23:56.753+0000] {logging_mixin.py:190} INFO - [2025-02-19T10:23:56.753+0000] {dag.py:4156} INFO - Setting next_dagrun for example_task_group to None, run_after=None
[2025-02-19T10:23:56.773+0000] {processor.py:208} INFO - Processing /home/airflow/.local/lib/python3.12/site-packages/airflow/example_dags/example_task_group.py took 0.081 seconds
[2025-02-19T10:24:26.888+0000] {logging_mixin.py:190} INFO - [2025-02-19T10:24:26.888+0000] {settings.py:475} DEBUG - Setting up DB connection pool (PID 221)
[2025-02-19T10:24:26.889+0000] {logging_mixin.py:190} INFO - [2025-02-19T10:24:26.889+0000] {settings.py:579} DEBUG - settings.prepare_engine_args(): Using pool settings. pool_size=5, max_overflow=10, pool_recycle=1800, pid=221
[2025-02-19T10:24:26.895+0000] {processor.py:186} INFO - Started process (PID=221) to work on /home/airflow/.local/lib/python3.12/site-packages/airflow/example_dags/example_task_group.py
[2025-02-19T10:24:26.895+0000] {processor.py:914} INFO - Processing file /home/airflow/.local/lib/python3.12/site-packages/airflow/example_dags/example_task_group.py for tasks to queue
[2025-02-19T10:24:26.896+0000] {logging_mixin.py:190} INFO - [2025-02-19T10:24:26.896+0000] {dagbag.py:587} INFO - Filling up the DagBag from /home/airflow/.local/lib/python3.12/site-packages/airflow/example_dags/example_task_group.py
[2025-02-19T10:24:26.897+0000] {logging_mixin.py:190} INFO - [2025-02-19T10:24:26.897+0000] {dagbag.py:368} DEBUG - Importing /home/airflow/.local/lib/python3.12/site-packages/airflow/example_dags/example_task_group.py
[2025-02-19T10:24:26.906+0000] {logging_mixin.py:190} INFO - [2025-02-19T10:24:26.905+0000] {dagbag.py:553} DEBUG - Loaded DAG <DAG: example_task_group>
[2025-02-19T10:24:26.906+0000] {processor.py:925} INFO - DAG(s) 'example_task_group' retrieved from /home/airflow/.local/lib/python3.12/site-packages/airflow/example_dags/example_task_group.py
[2025-02-19T10:24:26.907+0000] {logging_mixin.py:190} INFO - [2025-02-19T10:24:26.907+0000] {dagbag.py:710} DEBUG - Running dagbag.sync_to_db with retries. Try 1 of 3
[2025-02-19T10:24:26.908+0000] {logging_mixin.py:190} INFO - [2025-02-19T10:24:26.907+0000] {dagbag.py:715} DEBUG - Calling the DAG.bulk_sync_to_db method
[2025-02-19T10:24:26.920+0000] {logging_mixin.py:190} INFO - [2025-02-19T10:24:26.920+0000] {serialized_dag.py:168} DEBUG - Checking if DAG (example_task_group) changed
[2025-02-19T10:24:26.930+0000] {logging_mixin.py:190} INFO - [2025-02-19T10:24:26.929+0000] {serialized_dag.py:179} DEBUG - Serialized DAG (example_task_group) is unchanged. Skipping writing to DB
[2025-02-19T10:24:26.930+0000] {logging_mixin.py:190} INFO - [2025-02-19T10:24:26.930+0000] {dag.py:3229} INFO - Sync 1 DAGs
[2025-02-19T10:24:26.944+0000] {logging_mixin.py:190} INFO - [2025-02-19T10:24:26.944+0000] {dag.py:4156} INFO - Setting next_dagrun for example_task_group to None, run_after=None
[2025-02-19T10:24:26.966+0000] {processor.py:208} INFO - Processing /home/airflow/.local/lib/python3.12/site-packages/airflow/example_dags/example_task_group.py took 0.078 seconds
[2025-02-19T10:24:57.669+0000] {logging_mixin.py:190} INFO - [2025-02-19T10:24:57.668+0000] {settings.py:475} DEBUG - Setting up DB connection pool (PID 290)
[2025-02-19T10:24:57.669+0000] {logging_mixin.py:190} INFO - [2025-02-19T10:24:57.669+0000] {settings.py:579} DEBUG - settings.prepare_engine_args(): Using pool settings. pool_size=5, max_overflow=10, pool_recycle=1800, pid=290
[2025-02-19T10:24:57.674+0000] {processor.py:186} INFO - Started process (PID=290) to work on /home/airflow/.local/lib/python3.12/site-packages/airflow/example_dags/example_task_group.py
[2025-02-19T10:24:57.674+0000] {processor.py:914} INFO - Processing file /home/airflow/.local/lib/python3.12/site-packages/airflow/example_dags/example_task_group.py for tasks to queue
[2025-02-19T10:24:57.675+0000] {logging_mixin.py:190} INFO - [2025-02-19T10:24:57.675+0000] {dagbag.py:587} INFO - Filling up the DagBag from /home/airflow/.local/lib/python3.12/site-packages/airflow/example_dags/example_task_group.py
[2025-02-19T10:24:57.676+0000] {logging_mixin.py:190} INFO - [2025-02-19T10:24:57.676+0000] {dagbag.py:368} DEBUG - Importing /home/airflow/.local/lib/python3.12/site-packages/airflow/example_dags/example_task_group.py
[2025-02-19T10:24:57.684+0000] {logging_mixin.py:190} INFO - [2025-02-19T10:24:57.683+0000] {dagbag.py:553} DEBUG - Loaded DAG <DAG: example_task_group>
[2025-02-19T10:24:57.685+0000] {processor.py:925} INFO - DAG(s) 'example_task_group' retrieved from /home/airflow/.local/lib/python3.12/site-packages/airflow/example_dags/example_task_group.py
[2025-02-19T10:24:57.685+0000] {logging_mixin.py:190} INFO - [2025-02-19T10:24:57.685+0000] {dagbag.py:710} DEBUG - Running dagbag.sync_to_db with retries. Try 1 of 3
[2025-02-19T10:24:57.686+0000] {logging_mixin.py:190} INFO - [2025-02-19T10:24:57.686+0000] {dagbag.py:715} DEBUG - Calling the DAG.bulk_sync_to_db method
[2025-02-19T10:24:57.697+0000] {logging_mixin.py:190} INFO - [2025-02-19T10:24:57.696+0000] {serialized_dag.py:168} DEBUG - Checking if DAG (example_task_group) changed
[2025-02-19T10:24:57.706+0000] {logging_mixin.py:190} INFO - [2025-02-19T10:24:57.706+0000] {serialized_dag.py:179} DEBUG - Serialized DAG (example_task_group) is unchanged. Skipping writing to DB
[2025-02-19T10:24:57.707+0000] {logging_mixin.py:190} INFO - [2025-02-19T10:24:57.706+0000] {dag.py:3229} INFO - Sync 1 DAGs
[2025-02-19T10:24:57.719+0000] {logging_mixin.py:190} INFO - [2025-02-19T10:24:57.719+0000] {dag.py:4156} INFO - Setting next_dagrun for example_task_group to None, run_after=None
[2025-02-19T10:24:57.737+0000] {processor.py:208} INFO - Processing /home/airflow/.local/lib/python3.12/site-packages/airflow/example_dags/example_task_group.py took 0.069 seconds
[2025-02-19T10:25:27.999+0000] {logging_mixin.py:190} INFO - [2025-02-19T10:25:27.999+0000] {settings.py:475} DEBUG - Setting up DB connection pool (PID 354)
[2025-02-19T10:25:28.001+0000] {logging_mixin.py:190} INFO - [2025-02-19T10:25:28.000+0000] {settings.py:579} DEBUG - settings.prepare_engine_args(): Using pool settings. pool_size=5, max_overflow=10, pool_recycle=1800, pid=354
[2025-02-19T10:25:28.005+0000] {processor.py:186} INFO - Started process (PID=354) to work on /home/airflow/.local/lib/python3.12/site-packages/airflow/example_dags/example_task_group.py
[2025-02-19T10:25:28.006+0000] {processor.py:914} INFO - Processing file /home/airflow/.local/lib/python3.12/site-packages/airflow/example_dags/example_task_group.py for tasks to queue
[2025-02-19T10:25:28.007+0000] {logging_mixin.py:190} INFO - [2025-02-19T10:25:28.006+0000] {dagbag.py:587} INFO - Filling up the DagBag from /home/airflow/.local/lib/python3.12/site-packages/airflow/example_dags/example_task_group.py
[2025-02-19T10:25:28.007+0000] {logging_mixin.py:190} INFO - [2025-02-19T10:25:28.007+0000] {dagbag.py:368} DEBUG - Importing /home/airflow/.local/lib/python3.12/site-packages/airflow/example_dags/example_task_group.py
[2025-02-19T10:25:28.015+0000] {logging_mixin.py:190} INFO - [2025-02-19T10:25:28.014+0000] {dagbag.py:553} DEBUG - Loaded DAG <DAG: example_task_group>
[2025-02-19T10:25:28.015+0000] {processor.py:925} INFO - DAG(s) 'example_task_group' retrieved from /home/airflow/.local/lib/python3.12/site-packages/airflow/example_dags/example_task_group.py
[2025-02-19T10:25:28.016+0000] {logging_mixin.py:190} INFO - [2025-02-19T10:25:28.016+0000] {dagbag.py:710} DEBUG - Running dagbag.sync_to_db with retries. Try 1 of 3
[2025-02-19T10:25:28.016+0000] {logging_mixin.py:190} INFO - [2025-02-19T10:25:28.016+0000] {dagbag.py:715} DEBUG - Calling the DAG.bulk_sync_to_db method
[2025-02-19T10:25:28.027+0000] {logging_mixin.py:190} INFO - [2025-02-19T10:25:28.027+0000] {serialized_dag.py:168} DEBUG - Checking if DAG (example_task_group) changed
[2025-02-19T10:25:28.036+0000] {logging_mixin.py:190} INFO - [2025-02-19T10:25:28.036+0000] {serialized_dag.py:179} DEBUG - Serialized DAG (example_task_group) is unchanged. Skipping writing to DB
[2025-02-19T10:25:28.036+0000] {logging_mixin.py:190} INFO - [2025-02-19T10:25:28.036+0000] {dag.py:3229} INFO - Sync 1 DAGs
[2025-02-19T10:25:28.049+0000] {logging_mixin.py:190} INFO - [2025-02-19T10:25:28.049+0000] {dag.py:4156} INFO - Setting next_dagrun for example_task_group to None, run_after=None
[2025-02-19T10:25:28.069+0000] {processor.py:208} INFO - Processing /home/airflow/.local/lib/python3.12/site-packages/airflow/example_dags/example_task_group.py took 0.070 seconds
[2025-02-19T10:25:58.810+0000] {logging_mixin.py:190} INFO - [2025-02-19T10:25:58.810+0000] {settings.py:475} DEBUG - Setting up DB connection pool (PID 418)
[2025-02-19T10:25:58.812+0000] {logging_mixin.py:190} INFO - [2025-02-19T10:25:58.811+0000] {settings.py:579} DEBUG - settings.prepare_engine_args(): Using pool settings. pool_size=5, max_overflow=10, pool_recycle=1800, pid=418
[2025-02-19T10:25:58.816+0000] {processor.py:186} INFO - Started process (PID=418) to work on /home/airflow/.local/lib/python3.12/site-packages/airflow/example_dags/example_task_group.py
[2025-02-19T10:25:58.817+0000] {processor.py:914} INFO - Processing file /home/airflow/.local/lib/python3.12/site-packages/airflow/example_dags/example_task_group.py for tasks to queue
[2025-02-19T10:25:58.817+0000] {logging_mixin.py:190} INFO - [2025-02-19T10:25:58.817+0000] {dagbag.py:587} INFO - Filling up the DagBag from /home/airflow/.local/lib/python3.12/site-packages/airflow/example_dags/example_task_group.py
[2025-02-19T10:25:58.818+0000] {logging_mixin.py:190} INFO - [2025-02-19T10:25:58.818+0000] {dagbag.py:368} DEBUG - Importing /home/airflow/.local/lib/python3.12/site-packages/airflow/example_dags/example_task_group.py
[2025-02-19T10:25:58.827+0000] {logging_mixin.py:190} INFO - [2025-02-19T10:25:58.825+0000] {dagbag.py:553} DEBUG - Loaded DAG <DAG: example_task_group>
[2025-02-19T10:25:58.827+0000] {processor.py:925} INFO - DAG(s) 'example_task_group' retrieved from /home/airflow/.local/lib/python3.12/site-packages/airflow/example_dags/example_task_group.py
[2025-02-19T10:25:58.827+0000] {logging_mixin.py:190} INFO - [2025-02-19T10:25:58.827+0000] {dagbag.py:710} DEBUG - Running dagbag.sync_to_db with retries. Try 1 of 3
[2025-02-19T10:25:58.828+0000] {logging_mixin.py:190} INFO - [2025-02-19T10:25:58.828+0000] {dagbag.py:715} DEBUG - Calling the DAG.bulk_sync_to_db method
[2025-02-19T10:25:58.838+0000] {logging_mixin.py:190} INFO - [2025-02-19T10:25:58.838+0000] {serialized_dag.py:168} DEBUG - Checking if DAG (example_task_group) changed
[2025-02-19T10:25:58.848+0000] {logging_mixin.py:190} INFO - [2025-02-19T10:25:58.847+0000] {serialized_dag.py:179} DEBUG - Serialized DAG (example_task_group) is unchanged. Skipping writing to DB
[2025-02-19T10:25:58.848+0000] {logging_mixin.py:190} INFO - [2025-02-19T10:25:58.848+0000] {dag.py:3229} INFO - Sync 1 DAGs
[2025-02-19T10:25:58.861+0000] {logging_mixin.py:190} INFO - [2025-02-19T10:25:58.861+0000] {dag.py:4156} INFO - Setting next_dagrun for example_task_group to None, run_after=None
[2025-02-19T10:25:58.881+0000] {processor.py:208} INFO - Processing /home/airflow/.local/lib/python3.12/site-packages/airflow/example_dags/example_task_group.py took 0.071 seconds
[2025-02-19T10:26:29.480+0000] {logging_mixin.py:190} INFO - [2025-02-19T10:26:29.479+0000] {settings.py:475} DEBUG - Setting up DB connection pool (PID 482)
[2025-02-19T10:26:29.481+0000] {logging_mixin.py:190} INFO - [2025-02-19T10:26:29.481+0000] {settings.py:579} DEBUG - settings.prepare_engine_args(): Using pool settings. pool_size=5, max_overflow=10, pool_recycle=1800, pid=482
[2025-02-19T10:26:29.486+0000] {processor.py:186} INFO - Started process (PID=482) to work on /home/airflow/.local/lib/python3.12/site-packages/airflow/example_dags/example_task_group.py
[2025-02-19T10:26:29.486+0000] {processor.py:914} INFO - Processing file /home/airflow/.local/lib/python3.12/site-packages/airflow/example_dags/example_task_group.py for tasks to queue
[2025-02-19T10:26:29.487+0000] {logging_mixin.py:190} INFO - [2025-02-19T10:26:29.487+0000] {dagbag.py:587} INFO - Filling up the DagBag from /home/airflow/.local/lib/python3.12/site-packages/airflow/example_dags/example_task_group.py
[2025-02-19T10:26:29.488+0000] {logging_mixin.py:190} INFO - [2025-02-19T10:26:29.487+0000] {dagbag.py:368} DEBUG - Importing /home/airflow/.local/lib/python3.12/site-packages/airflow/example_dags/example_task_group.py
[2025-02-19T10:26:29.495+0000] {logging_mixin.py:190} INFO - [2025-02-19T10:26:29.494+0000] {dagbag.py:553} DEBUG - Loaded DAG <DAG: example_task_group>
[2025-02-19T10:26:29.495+0000] {processor.py:925} INFO - DAG(s) 'example_task_group' retrieved from /home/airflow/.local/lib/python3.12/site-packages/airflow/example_dags/example_task_group.py
[2025-02-19T10:26:29.496+0000] {logging_mixin.py:190} INFO - [2025-02-19T10:26:29.496+0000] {dagbag.py:710} DEBUG - Running dagbag.sync_to_db with retries. Try 1 of 3
[2025-02-19T10:26:29.496+0000] {logging_mixin.py:190} INFO - [2025-02-19T10:26:29.496+0000] {dagbag.py:715} DEBUG - Calling the DAG.bulk_sync_to_db method
[2025-02-19T10:26:29.506+0000] {logging_mixin.py:190} INFO - [2025-02-19T10:26:29.505+0000] {serialized_dag.py:168} DEBUG - Checking if DAG (example_task_group) changed
[2025-02-19T10:26:29.515+0000] {logging_mixin.py:190} INFO - [2025-02-19T10:26:29.515+0000] {serialized_dag.py:179} DEBUG - Serialized DAG (example_task_group) is unchanged. Skipping writing to DB
[2025-02-19T10:26:29.515+0000] {logging_mixin.py:190} INFO - [2025-02-19T10:26:29.515+0000] {dag.py:3229} INFO - Sync 1 DAGs
[2025-02-19T10:26:29.528+0000] {logging_mixin.py:190} INFO - [2025-02-19T10:26:29.527+0000] {dag.py:4156} INFO - Setting next_dagrun for example_task_group to None, run_after=None
[2025-02-19T10:26:29.543+0000] {processor.py:208} INFO - Processing /home/airflow/.local/lib/python3.12/site-packages/airflow/example_dags/example_task_group.py took 0.064 seconds
