[2025-02-19T09:38:27.456+0000] {processor.py:186} INFO - Started process (PID=89) to work on /home/airflow/.local/lib/python3.12/site-packages/airflow/example_dags/example_branch_operator_decorator.py
[2025-02-19T09:38:27.457+0000] {processor.py:914} INFO - Processing file /home/airflow/.local/lib/python3.12/site-packages/airflow/example_dags/example_branch_operator_decorator.py for tasks to queue
[2025-02-19T09:38:27.460+0000] {logging_mixin.py:190} INFO - [2025-02-19T09:38:27.460+0000] {dagbag.py:587} INFO - Filling up the DagBag from /home/airflow/.local/lib/python3.12/site-packages/airflow/example_dags/example_branch_operator_decorator.py
[2025-02-19T09:38:27.496+0000] {processor.py:925} INFO - DAG(s) 'example_branch_python_operator_decorator' retrieved from /home/airflow/.local/lib/python3.12/site-packages/airflow/example_dags/example_branch_operator_decorator.py
[2025-02-19T09:38:27.624+0000] {logging_mixin.py:190} INFO - [2025-02-19T09:38:27.624+0000] {dag.py:3229} INFO - Sync 1 DAGs
[2025-02-19T09:38:27.644+0000] {logging_mixin.py:190} INFO - [2025-02-19T09:38:27.643+0000] {dag.py:4156} INFO - Setting next_dagrun for example_branch_python_operator_decorator to 2025-02-18 00:00:00+00:00, run_after=2025-02-19 00:00:00+00:00
[2025-02-19T09:38:27.673+0000] {processor.py:208} INFO - Processing /home/airflow/.local/lib/python3.12/site-packages/airflow/example_dags/example_branch_operator_decorator.py took 0.223 seconds
[2025-02-19T09:38:57.714+0000] {processor.py:186} INFO - Started process (PID=158) to work on /home/airflow/.local/lib/python3.12/site-packages/airflow/example_dags/example_branch_operator_decorator.py
[2025-02-19T09:38:57.715+0000] {processor.py:914} INFO - Processing file /home/airflow/.local/lib/python3.12/site-packages/airflow/example_dags/example_branch_operator_decorator.py for tasks to queue
[2025-02-19T09:38:57.718+0000] {logging_mixin.py:190} INFO - [2025-02-19T09:38:57.717+0000] {dagbag.py:587} INFO - Filling up the DagBag from /home/airflow/.local/lib/python3.12/site-packages/airflow/example_dags/example_branch_operator_decorator.py
[2025-02-19T09:38:57.737+0000] {processor.py:925} INFO - DAG(s) 'example_branch_python_operator_decorator' retrieved from /home/airflow/.local/lib/python3.12/site-packages/airflow/example_dags/example_branch_operator_decorator.py
[2025-02-19T09:38:57.768+0000] {logging_mixin.py:190} INFO - [2025-02-19T09:38:57.767+0000] {dag.py:3229} INFO - Sync 1 DAGs
[2025-02-19T09:38:57.797+0000] {logging_mixin.py:190} INFO - [2025-02-19T09:38:57.797+0000] {dag.py:4156} INFO - Setting next_dagrun for example_branch_python_operator_decorator to 2025-02-18 00:00:00+00:00, run_after=2025-02-19 00:00:00+00:00
[2025-02-19T09:38:57.816+0000] {processor.py:208} INFO - Processing /home/airflow/.local/lib/python3.12/site-packages/airflow/example_dags/example_branch_operator_decorator.py took 0.107 seconds
[2025-02-19T09:39:28.195+0000] {processor.py:186} INFO - Started process (PID=222) to work on /home/airflow/.local/lib/python3.12/site-packages/airflow/example_dags/example_branch_operator_decorator.py
[2025-02-19T09:39:28.196+0000] {processor.py:914} INFO - Processing file /home/airflow/.local/lib/python3.12/site-packages/airflow/example_dags/example_branch_operator_decorator.py for tasks to queue
[2025-02-19T09:39:28.198+0000] {logging_mixin.py:190} INFO - [2025-02-19T09:39:28.198+0000] {dagbag.py:587} INFO - Filling up the DagBag from /home/airflow/.local/lib/python3.12/site-packages/airflow/example_dags/example_branch_operator_decorator.py
[2025-02-19T09:39:28.216+0000] {processor.py:925} INFO - DAG(s) 'example_branch_python_operator_decorator' retrieved from /home/airflow/.local/lib/python3.12/site-packages/airflow/example_dags/example_branch_operator_decorator.py
[2025-02-19T09:39:28.242+0000] {logging_mixin.py:190} INFO - [2025-02-19T09:39:28.242+0000] {dag.py:3229} INFO - Sync 1 DAGs
[2025-02-19T09:39:28.265+0000] {logging_mixin.py:190} INFO - [2025-02-19T09:39:28.264+0000] {dag.py:4156} INFO - Setting next_dagrun for example_branch_python_operator_decorator to 2025-02-18 00:00:00+00:00, run_after=2025-02-19 00:00:00+00:00
[2025-02-19T09:39:28.281+0000] {processor.py:208} INFO - Processing /home/airflow/.local/lib/python3.12/site-packages/airflow/example_dags/example_branch_operator_decorator.py took 0.092 seconds
[2025-02-19T09:39:58.368+0000] {processor.py:186} INFO - Started process (PID=286) to work on /home/airflow/.local/lib/python3.12/site-packages/airflow/example_dags/example_branch_operator_decorator.py
[2025-02-19T09:39:58.369+0000] {processor.py:914} INFO - Processing file /home/airflow/.local/lib/python3.12/site-packages/airflow/example_dags/example_branch_operator_decorator.py for tasks to queue
[2025-02-19T09:39:58.370+0000] {logging_mixin.py:190} INFO - [2025-02-19T09:39:58.370+0000] {dagbag.py:587} INFO - Filling up the DagBag from /home/airflow/.local/lib/python3.12/site-packages/airflow/example_dags/example_branch_operator_decorator.py
[2025-02-19T09:39:58.386+0000] {processor.py:925} INFO - DAG(s) 'example_branch_python_operator_decorator' retrieved from /home/airflow/.local/lib/python3.12/site-packages/airflow/example_dags/example_branch_operator_decorator.py
[2025-02-19T09:39:58.408+0000] {logging_mixin.py:190} INFO - [2025-02-19T09:39:58.407+0000] {dag.py:3229} INFO - Sync 1 DAGs
[2025-02-19T09:39:58.426+0000] {logging_mixin.py:190} INFO - [2025-02-19T09:39:58.426+0000] {dag.py:4156} INFO - Setting next_dagrun for example_branch_python_operator_decorator to 2025-02-18 00:00:00+00:00, run_after=2025-02-19 00:00:00+00:00
[2025-02-19T09:39:58.441+0000] {processor.py:208} INFO - Processing /home/airflow/.local/lib/python3.12/site-packages/airflow/example_dags/example_branch_operator_decorator.py took 0.078 seconds
[2025-02-19T09:40:28.519+0000] {processor.py:186} INFO - Started process (PID=350) to work on /home/airflow/.local/lib/python3.12/site-packages/airflow/example_dags/example_branch_operator_decorator.py
[2025-02-19T09:40:28.520+0000] {processor.py:914} INFO - Processing file /home/airflow/.local/lib/python3.12/site-packages/airflow/example_dags/example_branch_operator_decorator.py for tasks to queue
[2025-02-19T09:40:28.522+0000] {logging_mixin.py:190} INFO - [2025-02-19T09:40:28.522+0000] {dagbag.py:587} INFO - Filling up the DagBag from /home/airflow/.local/lib/python3.12/site-packages/airflow/example_dags/example_branch_operator_decorator.py
[2025-02-19T09:40:28.539+0000] {processor.py:925} INFO - DAG(s) 'example_branch_python_operator_decorator' retrieved from /home/airflow/.local/lib/python3.12/site-packages/airflow/example_dags/example_branch_operator_decorator.py
[2025-02-19T09:40:28.564+0000] {logging_mixin.py:190} INFO - [2025-02-19T09:40:28.563+0000] {dag.py:3229} INFO - Sync 1 DAGs
[2025-02-19T09:40:28.584+0000] {logging_mixin.py:190} INFO - [2025-02-19T09:40:28.584+0000] {dag.py:4156} INFO - Setting next_dagrun for example_branch_python_operator_decorator to 2025-02-18 00:00:00+00:00, run_after=2025-02-19 00:00:00+00:00
[2025-02-19T09:40:28.602+0000] {processor.py:208} INFO - Processing /home/airflow/.local/lib/python3.12/site-packages/airflow/example_dags/example_branch_operator_decorator.py took 0.088 seconds
[2025-02-19T09:40:58.803+0000] {processor.py:186} INFO - Started process (PID=414) to work on /home/airflow/.local/lib/python3.12/site-packages/airflow/example_dags/example_branch_operator_decorator.py
[2025-02-19T09:40:58.804+0000] {processor.py:914} INFO - Processing file /home/airflow/.local/lib/python3.12/site-packages/airflow/example_dags/example_branch_operator_decorator.py for tasks to queue
[2025-02-19T09:40:58.806+0000] {logging_mixin.py:190} INFO - [2025-02-19T09:40:58.805+0000] {dagbag.py:587} INFO - Filling up the DagBag from /home/airflow/.local/lib/python3.12/site-packages/airflow/example_dags/example_branch_operator_decorator.py
[2025-02-19T09:40:58.821+0000] {processor.py:925} INFO - DAG(s) 'example_branch_python_operator_decorator' retrieved from /home/airflow/.local/lib/python3.12/site-packages/airflow/example_dags/example_branch_operator_decorator.py
[2025-02-19T09:40:58.844+0000] {logging_mixin.py:190} INFO - [2025-02-19T09:40:58.843+0000] {dag.py:3229} INFO - Sync 1 DAGs
[2025-02-19T09:40:58.864+0000] {logging_mixin.py:190} INFO - [2025-02-19T09:40:58.864+0000] {dag.py:4156} INFO - Setting next_dagrun for example_branch_python_operator_decorator to 2025-02-18 00:00:00+00:00, run_after=2025-02-19 00:00:00+00:00
[2025-02-19T09:40:58.878+0000] {processor.py:208} INFO - Processing /home/airflow/.local/lib/python3.12/site-packages/airflow/example_dags/example_branch_operator_decorator.py took 0.079 seconds
[2025-02-19T09:41:29.171+0000] {processor.py:186} INFO - Started process (PID=478) to work on /home/airflow/.local/lib/python3.12/site-packages/airflow/example_dags/example_branch_operator_decorator.py
[2025-02-19T09:41:29.173+0000] {processor.py:914} INFO - Processing file /home/airflow/.local/lib/python3.12/site-packages/airflow/example_dags/example_branch_operator_decorator.py for tasks to queue
[2025-02-19T09:41:29.174+0000] {logging_mixin.py:190} INFO - [2025-02-19T09:41:29.174+0000] {dagbag.py:587} INFO - Filling up the DagBag from /home/airflow/.local/lib/python3.12/site-packages/airflow/example_dags/example_branch_operator_decorator.py
[2025-02-19T09:41:29.192+0000] {processor.py:925} INFO - DAG(s) 'example_branch_python_operator_decorator' retrieved from /home/airflow/.local/lib/python3.12/site-packages/airflow/example_dags/example_branch_operator_decorator.py
[2025-02-19T09:41:29.216+0000] {logging_mixin.py:190} INFO - [2025-02-19T09:41:29.215+0000] {dag.py:3229} INFO - Sync 1 DAGs
[2025-02-19T09:41:29.238+0000] {logging_mixin.py:190} INFO - [2025-02-19T09:41:29.237+0000] {dag.py:4156} INFO - Setting next_dagrun for example_branch_python_operator_decorator to 2025-02-18 00:00:00+00:00, run_after=2025-02-19 00:00:00+00:00
[2025-02-19T09:41:29.254+0000] {processor.py:208} INFO - Processing /home/airflow/.local/lib/python3.12/site-packages/airflow/example_dags/example_branch_operator_decorator.py took 0.086 seconds
[2025-02-19T09:41:59.341+0000] {processor.py:186} INFO - Started process (PID=542) to work on /home/airflow/.local/lib/python3.12/site-packages/airflow/example_dags/example_branch_operator_decorator.py
[2025-02-19T09:41:59.342+0000] {processor.py:914} INFO - Processing file /home/airflow/.local/lib/python3.12/site-packages/airflow/example_dags/example_branch_operator_decorator.py for tasks to queue
[2025-02-19T09:41:59.344+0000] {logging_mixin.py:190} INFO - [2025-02-19T09:41:59.344+0000] {dagbag.py:587} INFO - Filling up the DagBag from /home/airflow/.local/lib/python3.12/site-packages/airflow/example_dags/example_branch_operator_decorator.py
[2025-02-19T09:41:59.360+0000] {processor.py:925} INFO - DAG(s) 'example_branch_python_operator_decorator' retrieved from /home/airflow/.local/lib/python3.12/site-packages/airflow/example_dags/example_branch_operator_decorator.py
[2025-02-19T09:41:59.381+0000] {logging_mixin.py:190} INFO - [2025-02-19T09:41:59.380+0000] {dag.py:3229} INFO - Sync 1 DAGs
[2025-02-19T09:41:59.399+0000] {logging_mixin.py:190} INFO - [2025-02-19T09:41:59.399+0000] {dag.py:4156} INFO - Setting next_dagrun for example_branch_python_operator_decorator to 2025-02-18 00:00:00+00:00, run_after=2025-02-19 00:00:00+00:00
[2025-02-19T09:41:59.414+0000] {processor.py:208} INFO - Processing /home/airflow/.local/lib/python3.12/site-packages/airflow/example_dags/example_branch_operator_decorator.py took 0.077 seconds
[2025-02-19T09:42:29.458+0000] {processor.py:186} INFO - Started process (PID=606) to work on /home/airflow/.local/lib/python3.12/site-packages/airflow/example_dags/example_branch_operator_decorator.py
[2025-02-19T09:42:29.459+0000] {processor.py:914} INFO - Processing file /home/airflow/.local/lib/python3.12/site-packages/airflow/example_dags/example_branch_operator_decorator.py for tasks to queue
[2025-02-19T09:42:29.461+0000] {logging_mixin.py:190} INFO - [2025-02-19T09:42:29.461+0000] {dagbag.py:587} INFO - Filling up the DagBag from /home/airflow/.local/lib/python3.12/site-packages/airflow/example_dags/example_branch_operator_decorator.py
[2025-02-19T09:42:29.477+0000] {processor.py:925} INFO - DAG(s) 'example_branch_python_operator_decorator' retrieved from /home/airflow/.local/lib/python3.12/site-packages/airflow/example_dags/example_branch_operator_decorator.py
[2025-02-19T09:42:29.500+0000] {logging_mixin.py:190} INFO - [2025-02-19T09:42:29.499+0000] {dag.py:3229} INFO - Sync 1 DAGs
[2025-02-19T09:42:29.518+0000] {logging_mixin.py:190} INFO - [2025-02-19T09:42:29.517+0000] {dag.py:4156} INFO - Setting next_dagrun for example_branch_python_operator_decorator to 2025-02-18 00:00:00+00:00, run_after=2025-02-19 00:00:00+00:00
[2025-02-19T09:42:29.534+0000] {processor.py:208} INFO - Processing /home/airflow/.local/lib/python3.12/site-packages/airflow/example_dags/example_branch_operator_decorator.py took 0.080 seconds
[2025-02-19T09:42:59.693+0000] {processor.py:186} INFO - Started process (PID=670) to work on /home/airflow/.local/lib/python3.12/site-packages/airflow/example_dags/example_branch_operator_decorator.py
[2025-02-19T09:42:59.694+0000] {processor.py:914} INFO - Processing file /home/airflow/.local/lib/python3.12/site-packages/airflow/example_dags/example_branch_operator_decorator.py for tasks to queue
[2025-02-19T09:42:59.696+0000] {logging_mixin.py:190} INFO - [2025-02-19T09:42:59.695+0000] {dagbag.py:587} INFO - Filling up the DagBag from /home/airflow/.local/lib/python3.12/site-packages/airflow/example_dags/example_branch_operator_decorator.py
[2025-02-19T09:42:59.711+0000] {processor.py:925} INFO - DAG(s) 'example_branch_python_operator_decorator' retrieved from /home/airflow/.local/lib/python3.12/site-packages/airflow/example_dags/example_branch_operator_decorator.py
[2025-02-19T09:42:59.732+0000] {logging_mixin.py:190} INFO - [2025-02-19T09:42:59.731+0000] {dag.py:3229} INFO - Sync 1 DAGs
[2025-02-19T09:42:59.750+0000] {logging_mixin.py:190} INFO - [2025-02-19T09:42:59.749+0000] {dag.py:4156} INFO - Setting next_dagrun for example_branch_python_operator_decorator to 2025-02-18 00:00:00+00:00, run_after=2025-02-19 00:00:00+00:00
[2025-02-19T09:42:59.763+0000] {processor.py:208} INFO - Processing /home/airflow/.local/lib/python3.12/site-packages/airflow/example_dags/example_branch_operator_decorator.py took 0.075 seconds
[2025-02-19T09:43:30.800+0000] {processor.py:186} INFO - Started process (PID=734) to work on /home/airflow/.local/lib/python3.12/site-packages/airflow/example_dags/example_branch_operator_decorator.py
[2025-02-19T09:43:30.801+0000] {processor.py:914} INFO - Processing file /home/airflow/.local/lib/python3.12/site-packages/airflow/example_dags/example_branch_operator_decorator.py for tasks to queue
[2025-02-19T09:43:30.803+0000] {logging_mixin.py:190} INFO - [2025-02-19T09:43:30.803+0000] {dagbag.py:587} INFO - Filling up the DagBag from /home/airflow/.local/lib/python3.12/site-packages/airflow/example_dags/example_branch_operator_decorator.py
[2025-02-19T09:43:30.819+0000] {processor.py:925} INFO - DAG(s) 'example_branch_python_operator_decorator' retrieved from /home/airflow/.local/lib/python3.12/site-packages/airflow/example_dags/example_branch_operator_decorator.py
[2025-02-19T09:43:30.843+0000] {logging_mixin.py:190} INFO - [2025-02-19T09:43:30.842+0000] {dag.py:3229} INFO - Sync 1 DAGs
[2025-02-19T09:43:30.863+0000] {logging_mixin.py:190} INFO - [2025-02-19T09:43:30.863+0000] {dag.py:4156} INFO - Setting next_dagrun for example_branch_python_operator_decorator to 2025-02-18 00:00:00+00:00, run_after=2025-02-19 00:00:00+00:00
[2025-02-19T09:43:30.877+0000] {processor.py:208} INFO - Processing /home/airflow/.local/lib/python3.12/site-packages/airflow/example_dags/example_branch_operator_decorator.py took 0.081 seconds
[2025-02-19T09:44:01.097+0000] {processor.py:186} INFO - Started process (PID=798) to work on /home/airflow/.local/lib/python3.12/site-packages/airflow/example_dags/example_branch_operator_decorator.py
[2025-02-19T09:44:01.098+0000] {processor.py:914} INFO - Processing file /home/airflow/.local/lib/python3.12/site-packages/airflow/example_dags/example_branch_operator_decorator.py for tasks to queue
[2025-02-19T09:44:01.100+0000] {logging_mixin.py:190} INFO - [2025-02-19T09:44:01.100+0000] {dagbag.py:587} INFO - Filling up the DagBag from /home/airflow/.local/lib/python3.12/site-packages/airflow/example_dags/example_branch_operator_decorator.py
[2025-02-19T09:44:01.117+0000] {processor.py:925} INFO - DAG(s) 'example_branch_python_operator_decorator' retrieved from /home/airflow/.local/lib/python3.12/site-packages/airflow/example_dags/example_branch_operator_decorator.py
[2025-02-19T09:44:01.141+0000] {logging_mixin.py:190} INFO - [2025-02-19T09:44:01.140+0000] {dag.py:3229} INFO - Sync 1 DAGs
[2025-02-19T09:44:01.161+0000] {logging_mixin.py:190} INFO - [2025-02-19T09:44:01.160+0000] {dag.py:4156} INFO - Setting next_dagrun for example_branch_python_operator_decorator to 2025-02-18 00:00:00+00:00, run_after=2025-02-19 00:00:00+00:00
[2025-02-19T09:44:01.176+0000] {processor.py:208} INFO - Processing /home/airflow/.local/lib/python3.12/site-packages/airflow/example_dags/example_branch_operator_decorator.py took 0.083 seconds
[2025-02-19T09:44:31.261+0000] {processor.py:186} INFO - Started process (PID=862) to work on /home/airflow/.local/lib/python3.12/site-packages/airflow/example_dags/example_branch_operator_decorator.py
[2025-02-19T09:44:31.262+0000] {processor.py:914} INFO - Processing file /home/airflow/.local/lib/python3.12/site-packages/airflow/example_dags/example_branch_operator_decorator.py for tasks to queue
[2025-02-19T09:44:31.264+0000] {logging_mixin.py:190} INFO - [2025-02-19T09:44:31.264+0000] {dagbag.py:587} INFO - Filling up the DagBag from /home/airflow/.local/lib/python3.12/site-packages/airflow/example_dags/example_branch_operator_decorator.py
[2025-02-19T09:44:31.281+0000] {processor.py:925} INFO - DAG(s) 'example_branch_python_operator_decorator' retrieved from /home/airflow/.local/lib/python3.12/site-packages/airflow/example_dags/example_branch_operator_decorator.py
[2025-02-19T09:44:31.304+0000] {logging_mixin.py:190} INFO - [2025-02-19T09:44:31.303+0000] {dag.py:3229} INFO - Sync 1 DAGs
[2025-02-19T09:44:31.323+0000] {logging_mixin.py:190} INFO - [2025-02-19T09:44:31.323+0000] {dag.py:4156} INFO - Setting next_dagrun for example_branch_python_operator_decorator to 2025-02-18 00:00:00+00:00, run_after=2025-02-19 00:00:00+00:00
[2025-02-19T09:44:31.340+0000] {processor.py:208} INFO - Processing /home/airflow/.local/lib/python3.12/site-packages/airflow/example_dags/example_branch_operator_decorator.py took 0.084 seconds
[2025-02-19T09:45:01.529+0000] {processor.py:186} INFO - Started process (PID=926) to work on /home/airflow/.local/lib/python3.12/site-packages/airflow/example_dags/example_branch_operator_decorator.py
[2025-02-19T09:45:01.530+0000] {processor.py:914} INFO - Processing file /home/airflow/.local/lib/python3.12/site-packages/airflow/example_dags/example_branch_operator_decorator.py for tasks to queue
[2025-02-19T09:45:01.532+0000] {logging_mixin.py:190} INFO - [2025-02-19T09:45:01.532+0000] {dagbag.py:587} INFO - Filling up the DagBag from /home/airflow/.local/lib/python3.12/site-packages/airflow/example_dags/example_branch_operator_decorator.py
[2025-02-19T09:45:01.550+0000] {processor.py:925} INFO - DAG(s) 'example_branch_python_operator_decorator' retrieved from /home/airflow/.local/lib/python3.12/site-packages/airflow/example_dags/example_branch_operator_decorator.py
[2025-02-19T09:45:01.575+0000] {logging_mixin.py:190} INFO - [2025-02-19T09:45:01.574+0000] {dag.py:3229} INFO - Sync 1 DAGs
[2025-02-19T09:45:01.596+0000] {logging_mixin.py:190} INFO - [2025-02-19T09:45:01.596+0000] {dag.py:4156} INFO - Setting next_dagrun for example_branch_python_operator_decorator to 2025-02-18 00:00:00+00:00, run_after=2025-02-19 00:00:00+00:00
[2025-02-19T09:45:01.613+0000] {processor.py:208} INFO - Processing /home/airflow/.local/lib/python3.12/site-packages/airflow/example_dags/example_branch_operator_decorator.py took 0.088 seconds
[2025-02-19T09:45:31.666+0000] {processor.py:186} INFO - Started process (PID=990) to work on /home/airflow/.local/lib/python3.12/site-packages/airflow/example_dags/example_branch_operator_decorator.py
[2025-02-19T09:45:31.667+0000] {processor.py:914} INFO - Processing file /home/airflow/.local/lib/python3.12/site-packages/airflow/example_dags/example_branch_operator_decorator.py for tasks to queue
[2025-02-19T09:45:31.669+0000] {logging_mixin.py:190} INFO - [2025-02-19T09:45:31.669+0000] {dagbag.py:587} INFO - Filling up the DagBag from /home/airflow/.local/lib/python3.12/site-packages/airflow/example_dags/example_branch_operator_decorator.py
[2025-02-19T09:45:31.685+0000] {processor.py:925} INFO - DAG(s) 'example_branch_python_operator_decorator' retrieved from /home/airflow/.local/lib/python3.12/site-packages/airflow/example_dags/example_branch_operator_decorator.py
[2025-02-19T09:45:31.708+0000] {logging_mixin.py:190} INFO - [2025-02-19T09:45:31.707+0000] {dag.py:3229} INFO - Sync 1 DAGs
[2025-02-19T09:45:31.727+0000] {logging_mixin.py:190} INFO - [2025-02-19T09:45:31.727+0000] {dag.py:4156} INFO - Setting next_dagrun for example_branch_python_operator_decorator to 2025-02-18 00:00:00+00:00, run_after=2025-02-19 00:00:00+00:00
[2025-02-19T09:45:31.741+0000] {processor.py:208} INFO - Processing /home/airflow/.local/lib/python3.12/site-packages/airflow/example_dags/example_branch_operator_decorator.py took 0.080 seconds
[2025-02-19T09:46:01.861+0000] {processor.py:186} INFO - Started process (PID=1054) to work on /home/airflow/.local/lib/python3.12/site-packages/airflow/example_dags/example_branch_operator_decorator.py
[2025-02-19T09:46:01.863+0000] {processor.py:914} INFO - Processing file /home/airflow/.local/lib/python3.12/site-packages/airflow/example_dags/example_branch_operator_decorator.py for tasks to queue
[2025-02-19T09:46:01.864+0000] {logging_mixin.py:190} INFO - [2025-02-19T09:46:01.864+0000] {dagbag.py:587} INFO - Filling up the DagBag from /home/airflow/.local/lib/python3.12/site-packages/airflow/example_dags/example_branch_operator_decorator.py
[2025-02-19T09:46:01.880+0000] {processor.py:925} INFO - DAG(s) 'example_branch_python_operator_decorator' retrieved from /home/airflow/.local/lib/python3.12/site-packages/airflow/example_dags/example_branch_operator_decorator.py
[2025-02-19T09:46:01.904+0000] {logging_mixin.py:190} INFO - [2025-02-19T09:46:01.903+0000] {dag.py:3229} INFO - Sync 1 DAGs
[2025-02-19T09:46:01.921+0000] {logging_mixin.py:190} INFO - [2025-02-19T09:46:01.921+0000] {dag.py:4156} INFO - Setting next_dagrun for example_branch_python_operator_decorator to 2025-02-18 00:00:00+00:00, run_after=2025-02-19 00:00:00+00:00
[2025-02-19T09:46:01.935+0000] {processor.py:208} INFO - Processing /home/airflow/.local/lib/python3.12/site-packages/airflow/example_dags/example_branch_operator_decorator.py took 0.077 seconds
[2025-02-19T09:46:32.781+0000] {processor.py:186} INFO - Started process (PID=1118) to work on /home/airflow/.local/lib/python3.12/site-packages/airflow/example_dags/example_branch_operator_decorator.py
[2025-02-19T09:46:32.782+0000] {processor.py:914} INFO - Processing file /home/airflow/.local/lib/python3.12/site-packages/airflow/example_dags/example_branch_operator_decorator.py for tasks to queue
[2025-02-19T09:46:32.784+0000] {logging_mixin.py:190} INFO - [2025-02-19T09:46:32.784+0000] {dagbag.py:587} INFO - Filling up the DagBag from /home/airflow/.local/lib/python3.12/site-packages/airflow/example_dags/example_branch_operator_decorator.py
[2025-02-19T09:46:32.800+0000] {processor.py:925} INFO - DAG(s) 'example_branch_python_operator_decorator' retrieved from /home/airflow/.local/lib/python3.12/site-packages/airflow/example_dags/example_branch_operator_decorator.py
[2025-02-19T09:46:32.823+0000] {logging_mixin.py:190} INFO - [2025-02-19T09:46:32.823+0000] {dag.py:3229} INFO - Sync 1 DAGs
[2025-02-19T09:46:32.841+0000] {logging_mixin.py:190} INFO - [2025-02-19T09:46:32.841+0000] {dag.py:4156} INFO - Setting next_dagrun for example_branch_python_operator_decorator to 2025-02-18 00:00:00+00:00, run_after=2025-02-19 00:00:00+00:00
[2025-02-19T09:46:32.854+0000] {processor.py:208} INFO - Processing /home/airflow/.local/lib/python3.12/site-packages/airflow/example_dags/example_branch_operator_decorator.py took 0.077 seconds
[2025-02-19T09:47:03.724+0000] {processor.py:186} INFO - Started process (PID=1182) to work on /home/airflow/.local/lib/python3.12/site-packages/airflow/example_dags/example_branch_operator_decorator.py
[2025-02-19T09:47:03.725+0000] {processor.py:914} INFO - Processing file /home/airflow/.local/lib/python3.12/site-packages/airflow/example_dags/example_branch_operator_decorator.py for tasks to queue
[2025-02-19T09:47:03.727+0000] {logging_mixin.py:190} INFO - [2025-02-19T09:47:03.726+0000] {dagbag.py:587} INFO - Filling up the DagBag from /home/airflow/.local/lib/python3.12/site-packages/airflow/example_dags/example_branch_operator_decorator.py
[2025-02-19T09:47:03.744+0000] {processor.py:925} INFO - DAG(s) 'example_branch_python_operator_decorator' retrieved from /home/airflow/.local/lib/python3.12/site-packages/airflow/example_dags/example_branch_operator_decorator.py
[2025-02-19T09:47:03.769+0000] {logging_mixin.py:190} INFO - [2025-02-19T09:47:03.768+0000] {dag.py:3229} INFO - Sync 1 DAGs
[2025-02-19T09:47:03.793+0000] {logging_mixin.py:190} INFO - [2025-02-19T09:47:03.793+0000] {dag.py:4156} INFO - Setting next_dagrun for example_branch_python_operator_decorator to 2025-02-18 00:00:00+00:00, run_after=2025-02-19 00:00:00+00:00
[2025-02-19T09:47:03.810+0000] {processor.py:208} INFO - Processing /home/airflow/.local/lib/python3.12/site-packages/airflow/example_dags/example_branch_operator_decorator.py took 0.091 seconds
[2025-02-19T09:47:34.116+0000] {processor.py:186} INFO - Started process (PID=1246) to work on /home/airflow/.local/lib/python3.12/site-packages/airflow/example_dags/example_branch_operator_decorator.py
[2025-02-19T09:47:34.118+0000] {processor.py:914} INFO - Processing file /home/airflow/.local/lib/python3.12/site-packages/airflow/example_dags/example_branch_operator_decorator.py for tasks to queue
[2025-02-19T09:47:34.120+0000] {logging_mixin.py:190} INFO - [2025-02-19T09:47:34.120+0000] {dagbag.py:587} INFO - Filling up the DagBag from /home/airflow/.local/lib/python3.12/site-packages/airflow/example_dags/example_branch_operator_decorator.py
[2025-02-19T09:47:34.138+0000] {processor.py:925} INFO - DAG(s) 'example_branch_python_operator_decorator' retrieved from /home/airflow/.local/lib/python3.12/site-packages/airflow/example_dags/example_branch_operator_decorator.py
[2025-02-19T09:47:34.164+0000] {logging_mixin.py:190} INFO - [2025-02-19T09:47:34.163+0000] {dag.py:3229} INFO - Sync 1 DAGs
[2025-02-19T09:47:34.184+0000] {logging_mixin.py:190} INFO - [2025-02-19T09:47:34.184+0000] {dag.py:4156} INFO - Setting next_dagrun for example_branch_python_operator_decorator to 2025-02-18 00:00:00+00:00, run_after=2025-02-19 00:00:00+00:00
[2025-02-19T09:47:34.201+0000] {processor.py:208} INFO - Processing /home/airflow/.local/lib/python3.12/site-packages/airflow/example_dags/example_branch_operator_decorator.py took 0.089 seconds
[2025-02-19T09:48:04.527+0000] {processor.py:186} INFO - Started process (PID=1311) to work on /home/airflow/.local/lib/python3.12/site-packages/airflow/example_dags/example_branch_operator_decorator.py
[2025-02-19T09:48:04.528+0000] {processor.py:914} INFO - Processing file /home/airflow/.local/lib/python3.12/site-packages/airflow/example_dags/example_branch_operator_decorator.py for tasks to queue
[2025-02-19T09:48:04.530+0000] {logging_mixin.py:190} INFO - [2025-02-19T09:48:04.530+0000] {dagbag.py:587} INFO - Filling up the DagBag from /home/airflow/.local/lib/python3.12/site-packages/airflow/example_dags/example_branch_operator_decorator.py
[2025-02-19T09:48:04.547+0000] {processor.py:925} INFO - DAG(s) 'example_branch_python_operator_decorator' retrieved from /home/airflow/.local/lib/python3.12/site-packages/airflow/example_dags/example_branch_operator_decorator.py
[2025-02-19T09:48:04.573+0000] {logging_mixin.py:190} INFO - [2025-02-19T09:48:04.572+0000] {dag.py:3229} INFO - Sync 1 DAGs
[2025-02-19T09:48:04.593+0000] {logging_mixin.py:190} INFO - [2025-02-19T09:48:04.593+0000] {dag.py:4156} INFO - Setting next_dagrun for example_branch_python_operator_decorator to 2025-02-18 00:00:00+00:00, run_after=2025-02-19 00:00:00+00:00
[2025-02-19T09:48:04.611+0000] {processor.py:208} INFO - Processing /home/airflow/.local/lib/python3.12/site-packages/airflow/example_dags/example_branch_operator_decorator.py took 0.089 seconds
[2025-02-19T09:48:34.687+0000] {processor.py:186} INFO - Started process (PID=1375) to work on /home/airflow/.local/lib/python3.12/site-packages/airflow/example_dags/example_branch_operator_decorator.py
[2025-02-19T09:48:34.689+0000] {processor.py:914} INFO - Processing file /home/airflow/.local/lib/python3.12/site-packages/airflow/example_dags/example_branch_operator_decorator.py for tasks to queue
[2025-02-19T09:48:34.690+0000] {logging_mixin.py:190} INFO - [2025-02-19T09:48:34.690+0000] {dagbag.py:587} INFO - Filling up the DagBag from /home/airflow/.local/lib/python3.12/site-packages/airflow/example_dags/example_branch_operator_decorator.py
[2025-02-19T09:48:34.706+0000] {processor.py:925} INFO - DAG(s) 'example_branch_python_operator_decorator' retrieved from /home/airflow/.local/lib/python3.12/site-packages/airflow/example_dags/example_branch_operator_decorator.py
[2025-02-19T09:48:34.729+0000] {logging_mixin.py:190} INFO - [2025-02-19T09:48:34.728+0000] {dag.py:3229} INFO - Sync 1 DAGs
[2025-02-19T09:48:34.748+0000] {logging_mixin.py:190} INFO - [2025-02-19T09:48:34.747+0000] {dag.py:4156} INFO - Setting next_dagrun for example_branch_python_operator_decorator to 2025-02-18 00:00:00+00:00, run_after=2025-02-19 00:00:00+00:00
[2025-02-19T09:48:34.761+0000] {processor.py:208} INFO - Processing /home/airflow/.local/lib/python3.12/site-packages/airflow/example_dags/example_branch_operator_decorator.py took 0.078 seconds
[2025-02-19T09:49:05.566+0000] {processor.py:186} INFO - Started process (PID=1439) to work on /home/airflow/.local/lib/python3.12/site-packages/airflow/example_dags/example_branch_operator_decorator.py
[2025-02-19T09:49:05.567+0000] {processor.py:914} INFO - Processing file /home/airflow/.local/lib/python3.12/site-packages/airflow/example_dags/example_branch_operator_decorator.py for tasks to queue
[2025-02-19T09:49:05.569+0000] {logging_mixin.py:190} INFO - [2025-02-19T09:49:05.568+0000] {dagbag.py:587} INFO - Filling up the DagBag from /home/airflow/.local/lib/python3.12/site-packages/airflow/example_dags/example_branch_operator_decorator.py
[2025-02-19T09:49:05.585+0000] {processor.py:925} INFO - DAG(s) 'example_branch_python_operator_decorator' retrieved from /home/airflow/.local/lib/python3.12/site-packages/airflow/example_dags/example_branch_operator_decorator.py
[2025-02-19T09:49:05.609+0000] {logging_mixin.py:190} INFO - [2025-02-19T09:49:05.608+0000] {dag.py:3229} INFO - Sync 1 DAGs
[2025-02-19T09:49:05.627+0000] {logging_mixin.py:190} INFO - [2025-02-19T09:49:05.627+0000] {dag.py:4156} INFO - Setting next_dagrun for example_branch_python_operator_decorator to 2025-02-18 00:00:00+00:00, run_after=2025-02-19 00:00:00+00:00
[2025-02-19T09:49:05.641+0000] {processor.py:208} INFO - Processing /home/airflow/.local/lib/python3.12/site-packages/airflow/example_dags/example_branch_operator_decorator.py took 0.080 seconds
[2025-02-19T09:49:36.500+0000] {processor.py:186} INFO - Started process (PID=1503) to work on /home/airflow/.local/lib/python3.12/site-packages/airflow/example_dags/example_branch_operator_decorator.py
[2025-02-19T09:49:36.502+0000] {processor.py:914} INFO - Processing file /home/airflow/.local/lib/python3.12/site-packages/airflow/example_dags/example_branch_operator_decorator.py for tasks to queue
[2025-02-19T09:49:36.503+0000] {logging_mixin.py:190} INFO - [2025-02-19T09:49:36.503+0000] {dagbag.py:587} INFO - Filling up the DagBag from /home/airflow/.local/lib/python3.12/site-packages/airflow/example_dags/example_branch_operator_decorator.py
[2025-02-19T09:49:36.520+0000] {processor.py:925} INFO - DAG(s) 'example_branch_python_operator_decorator' retrieved from /home/airflow/.local/lib/python3.12/site-packages/airflow/example_dags/example_branch_operator_decorator.py
[2025-02-19T09:49:36.543+0000] {logging_mixin.py:190} INFO - [2025-02-19T09:49:36.542+0000] {dag.py:3229} INFO - Sync 1 DAGs
[2025-02-19T09:49:36.563+0000] {logging_mixin.py:190} INFO - [2025-02-19T09:49:36.563+0000] {dag.py:4156} INFO - Setting next_dagrun for example_branch_python_operator_decorator to 2025-02-18 00:00:00+00:00, run_after=2025-02-19 00:00:00+00:00
[2025-02-19T09:49:36.577+0000] {processor.py:208} INFO - Processing /home/airflow/.local/lib/python3.12/site-packages/airflow/example_dags/example_branch_operator_decorator.py took 0.081 seconds
[2025-02-19T09:50:06.779+0000] {processor.py:186} INFO - Started process (PID=1567) to work on /home/airflow/.local/lib/python3.12/site-packages/airflow/example_dags/example_branch_operator_decorator.py
[2025-02-19T09:50:06.780+0000] {processor.py:914} INFO - Processing file /home/airflow/.local/lib/python3.12/site-packages/airflow/example_dags/example_branch_operator_decorator.py for tasks to queue
[2025-02-19T09:50:06.782+0000] {logging_mixin.py:190} INFO - [2025-02-19T09:50:06.782+0000] {dagbag.py:587} INFO - Filling up the DagBag from /home/airflow/.local/lib/python3.12/site-packages/airflow/example_dags/example_branch_operator_decorator.py
[2025-02-19T09:50:06.799+0000] {processor.py:925} INFO - DAG(s) 'example_branch_python_operator_decorator' retrieved from /home/airflow/.local/lib/python3.12/site-packages/airflow/example_dags/example_branch_operator_decorator.py
[2025-02-19T09:50:06.822+0000] {logging_mixin.py:190} INFO - [2025-02-19T09:50:06.821+0000] {dag.py:3229} INFO - Sync 1 DAGs
[2025-02-19T09:50:06.844+0000] {logging_mixin.py:190} INFO - [2025-02-19T09:50:06.844+0000] {dag.py:4156} INFO - Setting next_dagrun for example_branch_python_operator_decorator to 2025-02-18 00:00:00+00:00, run_after=2025-02-19 00:00:00+00:00
[2025-02-19T09:50:06.861+0000] {processor.py:208} INFO - Processing /home/airflow/.local/lib/python3.12/site-packages/airflow/example_dags/example_branch_operator_decorator.py took 0.086 seconds
[2025-02-19T09:50:37.174+0000] {processor.py:186} INFO - Started process (PID=1631) to work on /home/airflow/.local/lib/python3.12/site-packages/airflow/example_dags/example_branch_operator_decorator.py
[2025-02-19T09:50:37.175+0000] {processor.py:914} INFO - Processing file /home/airflow/.local/lib/python3.12/site-packages/airflow/example_dags/example_branch_operator_decorator.py for tasks to queue
[2025-02-19T09:50:37.177+0000] {logging_mixin.py:190} INFO - [2025-02-19T09:50:37.176+0000] {dagbag.py:587} INFO - Filling up the DagBag from /home/airflow/.local/lib/python3.12/site-packages/airflow/example_dags/example_branch_operator_decorator.py
[2025-02-19T09:50:37.201+0000] {processor.py:925} INFO - DAG(s) 'example_branch_python_operator_decorator' retrieved from /home/airflow/.local/lib/python3.12/site-packages/airflow/example_dags/example_branch_operator_decorator.py
[2025-02-19T09:50:37.224+0000] {logging_mixin.py:190} INFO - [2025-02-19T09:50:37.223+0000] {dag.py:3229} INFO - Sync 1 DAGs
[2025-02-19T09:50:37.243+0000] {logging_mixin.py:190} INFO - [2025-02-19T09:50:37.243+0000] {dag.py:4156} INFO - Setting next_dagrun for example_branch_python_operator_decorator to 2025-02-18 00:00:00+00:00, run_after=2025-02-19 00:00:00+00:00
[2025-02-19T09:50:37.258+0000] {processor.py:208} INFO - Processing /home/airflow/.local/lib/python3.12/site-packages/airflow/example_dags/example_branch_operator_decorator.py took 0.089 seconds
[2025-02-19T09:51:07.544+0000] {processor.py:186} INFO - Started process (PID=1695) to work on /home/airflow/.local/lib/python3.12/site-packages/airflow/example_dags/example_branch_operator_decorator.py
[2025-02-19T09:51:07.546+0000] {processor.py:914} INFO - Processing file /home/airflow/.local/lib/python3.12/site-packages/airflow/example_dags/example_branch_operator_decorator.py for tasks to queue
[2025-02-19T09:51:07.548+0000] {logging_mixin.py:190} INFO - [2025-02-19T09:51:07.548+0000] {dagbag.py:587} INFO - Filling up the DagBag from /home/airflow/.local/lib/python3.12/site-packages/airflow/example_dags/example_branch_operator_decorator.py
[2025-02-19T09:51:07.564+0000] {processor.py:925} INFO - DAG(s) 'example_branch_python_operator_decorator' retrieved from /home/airflow/.local/lib/python3.12/site-packages/airflow/example_dags/example_branch_operator_decorator.py
[2025-02-19T09:51:07.585+0000] {logging_mixin.py:190} INFO - [2025-02-19T09:51:07.584+0000] {dag.py:3229} INFO - Sync 1 DAGs
[2025-02-19T09:51:07.603+0000] {logging_mixin.py:190} INFO - [2025-02-19T09:51:07.602+0000] {dag.py:4156} INFO - Setting next_dagrun for example_branch_python_operator_decorator to 2025-02-18 00:00:00+00:00, run_after=2025-02-19 00:00:00+00:00
[2025-02-19T09:51:07.615+0000] {processor.py:208} INFO - Processing /home/airflow/.local/lib/python3.12/site-packages/airflow/example_dags/example_branch_operator_decorator.py took 0.075 seconds
[2025-02-19T09:51:37.758+0000] {processor.py:186} INFO - Started process (PID=1759) to work on /home/airflow/.local/lib/python3.12/site-packages/airflow/example_dags/example_branch_operator_decorator.py
[2025-02-19T09:51:37.759+0000] {processor.py:914} INFO - Processing file /home/airflow/.local/lib/python3.12/site-packages/airflow/example_dags/example_branch_operator_decorator.py for tasks to queue
[2025-02-19T09:51:37.761+0000] {logging_mixin.py:190} INFO - [2025-02-19T09:51:37.761+0000] {dagbag.py:587} INFO - Filling up the DagBag from /home/airflow/.local/lib/python3.12/site-packages/airflow/example_dags/example_branch_operator_decorator.py
[2025-02-19T09:51:37.777+0000] {processor.py:925} INFO - DAG(s) 'example_branch_python_operator_decorator' retrieved from /home/airflow/.local/lib/python3.12/site-packages/airflow/example_dags/example_branch_operator_decorator.py
[2025-02-19T09:51:37.800+0000] {logging_mixin.py:190} INFO - [2025-02-19T09:51:37.799+0000] {dag.py:3229} INFO - Sync 1 DAGs
[2025-02-19T09:51:37.818+0000] {logging_mixin.py:190} INFO - [2025-02-19T09:51:37.818+0000] {dag.py:4156} INFO - Setting next_dagrun for example_branch_python_operator_decorator to 2025-02-18 00:00:00+00:00, run_after=2025-02-19 00:00:00+00:00
[2025-02-19T09:51:37.832+0000] {processor.py:208} INFO - Processing /home/airflow/.local/lib/python3.12/site-packages/airflow/example_dags/example_branch_operator_decorator.py took 0.078 seconds
[2025-02-19T09:52:08.187+0000] {processor.py:186} INFO - Started process (PID=1823) to work on /home/airflow/.local/lib/python3.12/site-packages/airflow/example_dags/example_branch_operator_decorator.py
[2025-02-19T09:52:08.188+0000] {processor.py:914} INFO - Processing file /home/airflow/.local/lib/python3.12/site-packages/airflow/example_dags/example_branch_operator_decorator.py for tasks to queue
[2025-02-19T09:52:08.190+0000] {logging_mixin.py:190} INFO - [2025-02-19T09:52:08.190+0000] {dagbag.py:587} INFO - Filling up the DagBag from /home/airflow/.local/lib/python3.12/site-packages/airflow/example_dags/example_branch_operator_decorator.py
[2025-02-19T09:52:08.206+0000] {processor.py:925} INFO - DAG(s) 'example_branch_python_operator_decorator' retrieved from /home/airflow/.local/lib/python3.12/site-packages/airflow/example_dags/example_branch_operator_decorator.py
[2025-02-19T09:52:08.229+0000] {logging_mixin.py:190} INFO - [2025-02-19T09:52:08.229+0000] {dag.py:3229} INFO - Sync 1 DAGs
[2025-02-19T09:52:08.247+0000] {logging_mixin.py:190} INFO - [2025-02-19T09:52:08.246+0000] {dag.py:4156} INFO - Setting next_dagrun for example_branch_python_operator_decorator to 2025-02-18 00:00:00+00:00, run_after=2025-02-19 00:00:00+00:00
[2025-02-19T09:52:08.261+0000] {processor.py:208} INFO - Processing /home/airflow/.local/lib/python3.12/site-packages/airflow/example_dags/example_branch_operator_decorator.py took 0.079 seconds
[2025-02-19T09:52:38.286+0000] {processor.py:186} INFO - Started process (PID=1887) to work on /home/airflow/.local/lib/python3.12/site-packages/airflow/example_dags/example_branch_operator_decorator.py
[2025-02-19T09:52:38.287+0000] {processor.py:914} INFO - Processing file /home/airflow/.local/lib/python3.12/site-packages/airflow/example_dags/example_branch_operator_decorator.py for tasks to queue
[2025-02-19T09:52:38.289+0000] {logging_mixin.py:190} INFO - [2025-02-19T09:52:38.289+0000] {dagbag.py:587} INFO - Filling up the DagBag from /home/airflow/.local/lib/python3.12/site-packages/airflow/example_dags/example_branch_operator_decorator.py
[2025-02-19T09:52:38.305+0000] {processor.py:925} INFO - DAG(s) 'example_branch_python_operator_decorator' retrieved from /home/airflow/.local/lib/python3.12/site-packages/airflow/example_dags/example_branch_operator_decorator.py
[2025-02-19T09:52:38.327+0000] {logging_mixin.py:190} INFO - [2025-02-19T09:52:38.326+0000] {dag.py:3229} INFO - Sync 1 DAGs
[2025-02-19T09:52:38.344+0000] {logging_mixin.py:190} INFO - [2025-02-19T09:52:38.343+0000] {dag.py:4156} INFO - Setting next_dagrun for example_branch_python_operator_decorator to 2025-02-18 00:00:00+00:00, run_after=2025-02-19 00:00:00+00:00
[2025-02-19T09:52:38.360+0000] {processor.py:208} INFO - Processing /home/airflow/.local/lib/python3.12/site-packages/airflow/example_dags/example_branch_operator_decorator.py took 0.078 seconds
[2025-02-19T09:53:08.813+0000] {processor.py:186} INFO - Started process (PID=1951) to work on /home/airflow/.local/lib/python3.12/site-packages/airflow/example_dags/example_branch_operator_decorator.py
[2025-02-19T09:53:08.814+0000] {processor.py:914} INFO - Processing file /home/airflow/.local/lib/python3.12/site-packages/airflow/example_dags/example_branch_operator_decorator.py for tasks to queue
[2025-02-19T09:53:08.817+0000] {logging_mixin.py:190} INFO - [2025-02-19T09:53:08.817+0000] {dagbag.py:587} INFO - Filling up the DagBag from /home/airflow/.local/lib/python3.12/site-packages/airflow/example_dags/example_branch_operator_decorator.py
[2025-02-19T09:53:08.834+0000] {processor.py:925} INFO - DAG(s) 'example_branch_python_operator_decorator' retrieved from /home/airflow/.local/lib/python3.12/site-packages/airflow/example_dags/example_branch_operator_decorator.py
[2025-02-19T09:53:08.860+0000] {logging_mixin.py:190} INFO - [2025-02-19T09:53:08.859+0000] {dag.py:3229} INFO - Sync 1 DAGs
[2025-02-19T09:53:08.881+0000] {logging_mixin.py:190} INFO - [2025-02-19T09:53:08.881+0000] {dag.py:4156} INFO - Setting next_dagrun for example_branch_python_operator_decorator to 2025-02-18 00:00:00+00:00, run_after=2025-02-19 00:00:00+00:00
[2025-02-19T09:53:08.898+0000] {processor.py:208} INFO - Processing /home/airflow/.local/lib/python3.12/site-packages/airflow/example_dags/example_branch_operator_decorator.py took 0.089 seconds
[2025-02-19T09:53:39.125+0000] {processor.py:186} INFO - Started process (PID=2015) to work on /home/airflow/.local/lib/python3.12/site-packages/airflow/example_dags/example_branch_operator_decorator.py
[2025-02-19T09:53:39.126+0000] {processor.py:914} INFO - Processing file /home/airflow/.local/lib/python3.12/site-packages/airflow/example_dags/example_branch_operator_decorator.py for tasks to queue
[2025-02-19T09:53:39.128+0000] {logging_mixin.py:190} INFO - [2025-02-19T09:53:39.128+0000] {dagbag.py:587} INFO - Filling up the DagBag from /home/airflow/.local/lib/python3.12/site-packages/airflow/example_dags/example_branch_operator_decorator.py
[2025-02-19T09:53:39.145+0000] {processor.py:925} INFO - DAG(s) 'example_branch_python_operator_decorator' retrieved from /home/airflow/.local/lib/python3.12/site-packages/airflow/example_dags/example_branch_operator_decorator.py
[2025-02-19T09:53:39.170+0000] {logging_mixin.py:190} INFO - [2025-02-19T09:53:39.170+0000] {dag.py:3229} INFO - Sync 1 DAGs
[2025-02-19T09:53:39.191+0000] {logging_mixin.py:190} INFO - [2025-02-19T09:53:39.191+0000] {dag.py:4156} INFO - Setting next_dagrun for example_branch_python_operator_decorator to 2025-02-18 00:00:00+00:00, run_after=2025-02-19 00:00:00+00:00
[2025-02-19T09:53:39.208+0000] {processor.py:208} INFO - Processing /home/airflow/.local/lib/python3.12/site-packages/airflow/example_dags/example_branch_operator_decorator.py took 0.087 seconds
[2025-02-19T09:54:09.476+0000] {processor.py:186} INFO - Started process (PID=2079) to work on /home/airflow/.local/lib/python3.12/site-packages/airflow/example_dags/example_branch_operator_decorator.py
[2025-02-19T09:54:09.477+0000] {processor.py:914} INFO - Processing file /home/airflow/.local/lib/python3.12/site-packages/airflow/example_dags/example_branch_operator_decorator.py for tasks to queue
[2025-02-19T09:54:09.479+0000] {logging_mixin.py:190} INFO - [2025-02-19T09:54:09.479+0000] {dagbag.py:587} INFO - Filling up the DagBag from /home/airflow/.local/lib/python3.12/site-packages/airflow/example_dags/example_branch_operator_decorator.py
[2025-02-19T09:54:09.497+0000] {processor.py:925} INFO - DAG(s) 'example_branch_python_operator_decorator' retrieved from /home/airflow/.local/lib/python3.12/site-packages/airflow/example_dags/example_branch_operator_decorator.py
[2025-02-19T09:54:09.520+0000] {logging_mixin.py:190} INFO - [2025-02-19T09:54:09.520+0000] {dag.py:3229} INFO - Sync 1 DAGs
[2025-02-19T09:54:09.541+0000] {logging_mixin.py:190} INFO - [2025-02-19T09:54:09.540+0000] {dag.py:4156} INFO - Setting next_dagrun for example_branch_python_operator_decorator to 2025-02-18 00:00:00+00:00, run_after=2025-02-19 00:00:00+00:00
[2025-02-19T09:54:09.555+0000] {processor.py:208} INFO - Processing /home/airflow/.local/lib/python3.12/site-packages/airflow/example_dags/example_branch_operator_decorator.py took 0.083 seconds
[2025-02-19T09:54:39.696+0000] {processor.py:186} INFO - Started process (PID=2143) to work on /home/airflow/.local/lib/python3.12/site-packages/airflow/example_dags/example_branch_operator_decorator.py
[2025-02-19T09:54:39.697+0000] {processor.py:914} INFO - Processing file /home/airflow/.local/lib/python3.12/site-packages/airflow/example_dags/example_branch_operator_decorator.py for tasks to queue
[2025-02-19T09:54:39.698+0000] {logging_mixin.py:190} INFO - [2025-02-19T09:54:39.698+0000] {dagbag.py:587} INFO - Filling up the DagBag from /home/airflow/.local/lib/python3.12/site-packages/airflow/example_dags/example_branch_operator_decorator.py
[2025-02-19T09:54:39.714+0000] {processor.py:925} INFO - DAG(s) 'example_branch_python_operator_decorator' retrieved from /home/airflow/.local/lib/python3.12/site-packages/airflow/example_dags/example_branch_operator_decorator.py
[2025-02-19T09:54:39.739+0000] {logging_mixin.py:190} INFO - [2025-02-19T09:54:39.739+0000] {dag.py:3229} INFO - Sync 1 DAGs
[2025-02-19T09:54:39.759+0000] {logging_mixin.py:190} INFO - [2025-02-19T09:54:39.759+0000] {dag.py:4156} INFO - Setting next_dagrun for example_branch_python_operator_decorator to 2025-02-18 00:00:00+00:00, run_after=2025-02-19 00:00:00+00:00
[2025-02-19T09:54:39.774+0000] {processor.py:208} INFO - Processing /home/airflow/.local/lib/python3.12/site-packages/airflow/example_dags/example_branch_operator_decorator.py took 0.082 seconds
[2025-02-19T09:55:10.008+0000] {processor.py:186} INFO - Started process (PID=2207) to work on /home/airflow/.local/lib/python3.12/site-packages/airflow/example_dags/example_branch_operator_decorator.py
[2025-02-19T09:55:10.009+0000] {processor.py:914} INFO - Processing file /home/airflow/.local/lib/python3.12/site-packages/airflow/example_dags/example_branch_operator_decorator.py for tasks to queue
[2025-02-19T09:55:10.011+0000] {logging_mixin.py:190} INFO - [2025-02-19T09:55:10.011+0000] {dagbag.py:587} INFO - Filling up the DagBag from /home/airflow/.local/lib/python3.12/site-packages/airflow/example_dags/example_branch_operator_decorator.py
[2025-02-19T09:55:10.029+0000] {processor.py:925} INFO - DAG(s) 'example_branch_python_operator_decorator' retrieved from /home/airflow/.local/lib/python3.12/site-packages/airflow/example_dags/example_branch_operator_decorator.py
[2025-02-19T09:55:10.055+0000] {logging_mixin.py:190} INFO - [2025-02-19T09:55:10.054+0000] {dag.py:3229} INFO - Sync 1 DAGs
[2025-02-19T09:55:10.078+0000] {logging_mixin.py:190} INFO - [2025-02-19T09:55:10.078+0000] {dag.py:4156} INFO - Setting next_dagrun for example_branch_python_operator_decorator to 2025-02-18 00:00:00+00:00, run_after=2025-02-19 00:00:00+00:00
[2025-02-19T09:55:10.098+0000] {processor.py:208} INFO - Processing /home/airflow/.local/lib/python3.12/site-packages/airflow/example_dags/example_branch_operator_decorator.py took 0.094 seconds
[2025-02-19T09:55:40.411+0000] {processor.py:186} INFO - Started process (PID=2271) to work on /home/airflow/.local/lib/python3.12/site-packages/airflow/example_dags/example_branch_operator_decorator.py
[2025-02-19T09:55:40.412+0000] {processor.py:914} INFO - Processing file /home/airflow/.local/lib/python3.12/site-packages/airflow/example_dags/example_branch_operator_decorator.py for tasks to queue
[2025-02-19T09:55:40.414+0000] {logging_mixin.py:190} INFO - [2025-02-19T09:55:40.414+0000] {dagbag.py:587} INFO - Filling up the DagBag from /home/airflow/.local/lib/python3.12/site-packages/airflow/example_dags/example_branch_operator_decorator.py
[2025-02-19T09:55:40.430+0000] {processor.py:925} INFO - DAG(s) 'example_branch_python_operator_decorator' retrieved from /home/airflow/.local/lib/python3.12/site-packages/airflow/example_dags/example_branch_operator_decorator.py
[2025-02-19T09:55:40.454+0000] {logging_mixin.py:190} INFO - [2025-02-19T09:55:40.453+0000] {dag.py:3229} INFO - Sync 1 DAGs
[2025-02-19T09:55:40.474+0000] {logging_mixin.py:190} INFO - [2025-02-19T09:55:40.474+0000] {dag.py:4156} INFO - Setting next_dagrun for example_branch_python_operator_decorator to 2025-02-18 00:00:00+00:00, run_after=2025-02-19 00:00:00+00:00
[2025-02-19T09:55:40.488+0000] {processor.py:208} INFO - Processing /home/airflow/.local/lib/python3.12/site-packages/airflow/example_dags/example_branch_operator_decorator.py took 0.082 seconds
[2025-02-19T09:56:10.845+0000] {processor.py:186} INFO - Started process (PID=2336) to work on /home/airflow/.local/lib/python3.12/site-packages/airflow/example_dags/example_branch_operator_decorator.py
[2025-02-19T09:56:10.846+0000] {processor.py:914} INFO - Processing file /home/airflow/.local/lib/python3.12/site-packages/airflow/example_dags/example_branch_operator_decorator.py for tasks to queue
[2025-02-19T09:56:10.848+0000] {logging_mixin.py:190} INFO - [2025-02-19T09:56:10.848+0000] {dagbag.py:587} INFO - Filling up the DagBag from /home/airflow/.local/lib/python3.12/site-packages/airflow/example_dags/example_branch_operator_decorator.py
[2025-02-19T09:56:10.866+0000] {processor.py:925} INFO - DAG(s) 'example_branch_python_operator_decorator' retrieved from /home/airflow/.local/lib/python3.12/site-packages/airflow/example_dags/example_branch_operator_decorator.py
[2025-02-19T09:56:10.890+0000] {logging_mixin.py:190} INFO - [2025-02-19T09:56:10.890+0000] {dag.py:3229} INFO - Sync 1 DAGs
[2025-02-19T09:56:10.912+0000] {logging_mixin.py:190} INFO - [2025-02-19T09:56:10.912+0000] {dag.py:4156} INFO - Setting next_dagrun for example_branch_python_operator_decorator to 2025-02-18 00:00:00+00:00, run_after=2025-02-19 00:00:00+00:00
[2025-02-19T09:56:10.930+0000] {processor.py:208} INFO - Processing /home/airflow/.local/lib/python3.12/site-packages/airflow/example_dags/example_branch_operator_decorator.py took 0.088 seconds
[2025-02-19T09:56:41.176+0000] {processor.py:186} INFO - Started process (PID=2400) to work on /home/airflow/.local/lib/python3.12/site-packages/airflow/example_dags/example_branch_operator_decorator.py
[2025-02-19T09:56:41.177+0000] {processor.py:914} INFO - Processing file /home/airflow/.local/lib/python3.12/site-packages/airflow/example_dags/example_branch_operator_decorator.py for tasks to queue
[2025-02-19T09:56:41.179+0000] {logging_mixin.py:190} INFO - [2025-02-19T09:56:41.178+0000] {dagbag.py:587} INFO - Filling up the DagBag from /home/airflow/.local/lib/python3.12/site-packages/airflow/example_dags/example_branch_operator_decorator.py
[2025-02-19T09:56:41.198+0000] {processor.py:925} INFO - DAG(s) 'example_branch_python_operator_decorator' retrieved from /home/airflow/.local/lib/python3.12/site-packages/airflow/example_dags/example_branch_operator_decorator.py
[2025-02-19T09:56:41.226+0000] {logging_mixin.py:190} INFO - [2025-02-19T09:56:41.225+0000] {dag.py:3229} INFO - Sync 1 DAGs
[2025-02-19T09:56:41.252+0000] {logging_mixin.py:190} INFO - [2025-02-19T09:56:41.251+0000] {dag.py:4156} INFO - Setting next_dagrun for example_branch_python_operator_decorator to 2025-02-18 00:00:00+00:00, run_after=2025-02-19 00:00:00+00:00
[2025-02-19T09:56:41.272+0000] {processor.py:208} INFO - Processing /home/airflow/.local/lib/python3.12/site-packages/airflow/example_dags/example_branch_operator_decorator.py took 0.101 seconds
[2025-02-19T09:57:12.340+0000] {processor.py:186} INFO - Started process (PID=2465) to work on /home/airflow/.local/lib/python3.12/site-packages/airflow/example_dags/example_branch_operator_decorator.py
[2025-02-19T09:57:12.341+0000] {processor.py:914} INFO - Processing file /home/airflow/.local/lib/python3.12/site-packages/airflow/example_dags/example_branch_operator_decorator.py for tasks to queue
[2025-02-19T09:57:12.343+0000] {logging_mixin.py:190} INFO - [2025-02-19T09:57:12.343+0000] {dagbag.py:587} INFO - Filling up the DagBag from /home/airflow/.local/lib/python3.12/site-packages/airflow/example_dags/example_branch_operator_decorator.py
[2025-02-19T09:57:12.361+0000] {processor.py:925} INFO - DAG(s) 'example_branch_python_operator_decorator' retrieved from /home/airflow/.local/lib/python3.12/site-packages/airflow/example_dags/example_branch_operator_decorator.py
[2025-02-19T09:57:12.385+0000] {logging_mixin.py:190} INFO - [2025-02-19T09:57:12.384+0000] {dag.py:3229} INFO - Sync 1 DAGs
[2025-02-19T09:57:12.406+0000] {logging_mixin.py:190} INFO - [2025-02-19T09:57:12.405+0000] {dag.py:4156} INFO - Setting next_dagrun for example_branch_python_operator_decorator to 2025-02-18 00:00:00+00:00, run_after=2025-02-19 00:00:00+00:00
[2025-02-19T09:57:12.423+0000] {processor.py:208} INFO - Processing /home/airflow/.local/lib/python3.12/site-packages/airflow/example_dags/example_branch_operator_decorator.py took 0.088 seconds
[2025-02-19T09:57:42.758+0000] {processor.py:186} INFO - Started process (PID=2529) to work on /home/airflow/.local/lib/python3.12/site-packages/airflow/example_dags/example_branch_operator_decorator.py
[2025-02-19T09:57:42.772+0000] {processor.py:914} INFO - Processing file /home/airflow/.local/lib/python3.12/site-packages/airflow/example_dags/example_branch_operator_decorator.py for tasks to queue
[2025-02-19T09:57:42.774+0000] {logging_mixin.py:190} INFO - [2025-02-19T09:57:42.774+0000] {dagbag.py:587} INFO - Filling up the DagBag from /home/airflow/.local/lib/python3.12/site-packages/airflow/example_dags/example_branch_operator_decorator.py
[2025-02-19T09:57:42.793+0000] {processor.py:925} INFO - DAG(s) 'example_branch_python_operator_decorator' retrieved from /home/airflow/.local/lib/python3.12/site-packages/airflow/example_dags/example_branch_operator_decorator.py
[2025-02-19T09:57:42.819+0000] {logging_mixin.py:190} INFO - [2025-02-19T09:57:42.818+0000] {dag.py:3229} INFO - Sync 1 DAGs
[2025-02-19T09:57:42.837+0000] {logging_mixin.py:190} INFO - [2025-02-19T09:57:42.837+0000] {dag.py:4156} INFO - Setting next_dagrun for example_branch_python_operator_decorator to 2025-02-18 00:00:00+00:00, run_after=2025-02-19 00:00:00+00:00
[2025-02-19T09:57:42.854+0000] {processor.py:208} INFO - Processing /home/airflow/.local/lib/python3.12/site-packages/airflow/example_dags/example_branch_operator_decorator.py took 0.101 seconds
[2025-02-19T09:58:13.433+0000] {processor.py:186} INFO - Started process (PID=2594) to work on /home/airflow/.local/lib/python3.12/site-packages/airflow/example_dags/example_branch_operator_decorator.py
[2025-02-19T09:58:13.434+0000] {processor.py:914} INFO - Processing file /home/airflow/.local/lib/python3.12/site-packages/airflow/example_dags/example_branch_operator_decorator.py for tasks to queue
[2025-02-19T09:58:13.436+0000] {logging_mixin.py:190} INFO - [2025-02-19T09:58:13.436+0000] {dagbag.py:587} INFO - Filling up the DagBag from /home/airflow/.local/lib/python3.12/site-packages/airflow/example_dags/example_branch_operator_decorator.py
[2025-02-19T09:58:13.454+0000] {processor.py:925} INFO - DAG(s) 'example_branch_python_operator_decorator' retrieved from /home/airflow/.local/lib/python3.12/site-packages/airflow/example_dags/example_branch_operator_decorator.py
[2025-02-19T09:58:13.480+0000] {logging_mixin.py:190} INFO - [2025-02-19T09:58:13.479+0000] {dag.py:3229} INFO - Sync 1 DAGs
[2025-02-19T09:58:13.500+0000] {logging_mixin.py:190} INFO - [2025-02-19T09:58:13.500+0000] {dag.py:4156} INFO - Setting next_dagrun for example_branch_python_operator_decorator to 2025-02-18 00:00:00+00:00, run_after=2025-02-19 00:00:00+00:00
[2025-02-19T09:58:13.525+0000] {processor.py:208} INFO - Processing /home/airflow/.local/lib/python3.12/site-packages/airflow/example_dags/example_branch_operator_decorator.py took 0.096 seconds
[2025-02-19T09:58:43.624+0000] {processor.py:186} INFO - Started process (PID=2663) to work on /home/airflow/.local/lib/python3.12/site-packages/airflow/example_dags/example_branch_operator_decorator.py
[2025-02-19T09:58:43.625+0000] {processor.py:914} INFO - Processing file /home/airflow/.local/lib/python3.12/site-packages/airflow/example_dags/example_branch_operator_decorator.py for tasks to queue
[2025-02-19T09:58:43.627+0000] {logging_mixin.py:190} INFO - [2025-02-19T09:58:43.627+0000] {dagbag.py:587} INFO - Filling up the DagBag from /home/airflow/.local/lib/python3.12/site-packages/airflow/example_dags/example_branch_operator_decorator.py
[2025-02-19T09:58:43.646+0000] {processor.py:925} INFO - DAG(s) 'example_branch_python_operator_decorator' retrieved from /home/airflow/.local/lib/python3.12/site-packages/airflow/example_dags/example_branch_operator_decorator.py
[2025-02-19T09:58:43.673+0000] {logging_mixin.py:190} INFO - [2025-02-19T09:58:43.672+0000] {dag.py:3229} INFO - Sync 1 DAGs
[2025-02-19T09:58:43.693+0000] {logging_mixin.py:190} INFO - [2025-02-19T09:58:43.693+0000] {dag.py:4156} INFO - Setting next_dagrun for example_branch_python_operator_decorator to 2025-02-18 00:00:00+00:00, run_after=2025-02-19 00:00:00+00:00
[2025-02-19T09:58:43.710+0000] {processor.py:208} INFO - Processing /home/airflow/.local/lib/python3.12/site-packages/airflow/example_dags/example_branch_operator_decorator.py took 0.091 seconds
[2025-02-19T09:59:13.829+0000] {processor.py:186} INFO - Started process (PID=2727) to work on /home/airflow/.local/lib/python3.12/site-packages/airflow/example_dags/example_branch_operator_decorator.py
[2025-02-19T09:59:13.831+0000] {processor.py:914} INFO - Processing file /home/airflow/.local/lib/python3.12/site-packages/airflow/example_dags/example_branch_operator_decorator.py for tasks to queue
[2025-02-19T09:59:13.832+0000] {logging_mixin.py:190} INFO - [2025-02-19T09:59:13.832+0000] {dagbag.py:587} INFO - Filling up the DagBag from /home/airflow/.local/lib/python3.12/site-packages/airflow/example_dags/example_branch_operator_decorator.py
[2025-02-19T09:59:13.849+0000] {processor.py:925} INFO - DAG(s) 'example_branch_python_operator_decorator' retrieved from /home/airflow/.local/lib/python3.12/site-packages/airflow/example_dags/example_branch_operator_decorator.py
[2025-02-19T09:59:13.873+0000] {logging_mixin.py:190} INFO - [2025-02-19T09:59:13.872+0000] {dag.py:3229} INFO - Sync 1 DAGs
[2025-02-19T09:59:13.893+0000] {logging_mixin.py:190} INFO - [2025-02-19T09:59:13.893+0000] {dag.py:4156} INFO - Setting next_dagrun for example_branch_python_operator_decorator to 2025-02-18 00:00:00+00:00, run_after=2025-02-19 00:00:00+00:00
[2025-02-19T09:59:13.911+0000] {processor.py:208} INFO - Processing /home/airflow/.local/lib/python3.12/site-packages/airflow/example_dags/example_branch_operator_decorator.py took 0.086 seconds
[2025-02-19T10:23:12.254+0000] {logging_mixin.py:190} INFO - [2025-02-19T10:23:12.254+0000] {settings.py:475} DEBUG - Setting up DB connection pool (PID 70)
[2025-02-19T10:23:12.255+0000] {logging_mixin.py:190} INFO - [2025-02-19T10:23:12.255+0000] {settings.py:579} DEBUG - settings.prepare_engine_args(): Using pool settings. pool_size=5, max_overflow=10, pool_recycle=1800, pid=70
[2025-02-19T10:23:12.260+0000] {processor.py:186} INFO - Started process (PID=70) to work on /home/airflow/.local/lib/python3.12/site-packages/airflow/example_dags/example_branch_operator_decorator.py
[2025-02-19T10:23:12.261+0000] {processor.py:914} INFO - Processing file /home/airflow/.local/lib/python3.12/site-packages/airflow/example_dags/example_branch_operator_decorator.py for tasks to queue
[2025-02-19T10:23:12.262+0000] {logging_mixin.py:190} INFO - [2025-02-19T10:23:12.261+0000] {dagbag.py:587} INFO - Filling up the DagBag from /home/airflow/.local/lib/python3.12/site-packages/airflow/example_dags/example_branch_operator_decorator.py
[2025-02-19T10:23:12.262+0000] {logging_mixin.py:190} INFO - [2025-02-19T10:23:12.262+0000] {dagbag.py:368} DEBUG - Importing /home/airflow/.local/lib/python3.12/site-packages/airflow/example_dags/example_branch_operator_decorator.py
[2025-02-19T10:23:12.265+0000] {logging_mixin.py:190} INFO - [2025-02-19T10:23:12.265+0000] {GetText.py:50} DEBUG - Failed to find locale C
[2025-02-19T10:23:12.266+0000] {logging_mixin.py:190} INFO - [2025-02-19T10:23:12.265+0000] {GetText.py:51} DEBUG - Attempting to load en_US as fallback
[2025-02-19T10:23:12.266+0000] {logging_mixin.py:190} INFO - [2025-02-19T10:23:12.266+0000] {GetText.py:65} DEBUG - /home/airflow/.local/lib/python3.12/site-packages/cron_descriptor/locale/en_US.mo Loaded
[2025-02-19T10:23:12.277+0000] {logging_mixin.py:190} INFO - [2025-02-19T10:23:12.277+0000] {GetText.py:50} DEBUG - Failed to find locale C
[2025-02-19T10:23:12.277+0000] {logging_mixin.py:190} INFO - [2025-02-19T10:23:12.277+0000] {GetText.py:51} DEBUG - Attempting to load en_US as fallback
[2025-02-19T10:23:12.278+0000] {logging_mixin.py:190} INFO - [2025-02-19T10:23:12.278+0000] {GetText.py:65} DEBUG - /home/airflow/.local/lib/python3.12/site-packages/cron_descriptor/locale/en_US.mo Loaded
[2025-02-19T10:23:12.284+0000] {logging_mixin.py:190} INFO - [2025-02-19T10:23:12.283+0000] {dagbag.py:553} DEBUG - Loaded DAG <DAG: example_branch_python_operator_decorator>
[2025-02-19T10:23:12.284+0000] {processor.py:925} INFO - DAG(s) 'example_branch_python_operator_decorator' retrieved from /home/airflow/.local/lib/python3.12/site-packages/airflow/example_dags/example_branch_operator_decorator.py
[2025-02-19T10:23:12.285+0000] {logging_mixin.py:190} INFO - [2025-02-19T10:23:12.285+0000] {dagbag.py:710} DEBUG - Running dagbag.sync_to_db with retries. Try 1 of 3
[2025-02-19T10:23:12.285+0000] {logging_mixin.py:190} INFO - [2025-02-19T10:23:12.285+0000] {dagbag.py:715} DEBUG - Calling the DAG.bulk_sync_to_db method
[2025-02-19T10:23:12.295+0000] {logging_mixin.py:190} INFO - [2025-02-19T10:23:12.295+0000] {serialized_dag.py:168} DEBUG - Checking if DAG (example_branch_python_operator_decorator) changed
[2025-02-19T10:23:12.313+0000] {logging_mixin.py:190} INFO - [2025-02-19T10:23:12.312+0000] {serialized_dag.py:182} DEBUG - Writing Serialized DAG: example_branch_python_operator_decorator to the DB
[2025-02-19T10:23:12.318+0000] {logging_mixin.py:190} INFO - [2025-02-19T10:23:12.318+0000] {serialized_dag.py:184} DEBUG - DAG: example_branch_python_operator_decorator written to the DB
[2025-02-19T10:23:12.318+0000] {logging_mixin.py:190} INFO - [2025-02-19T10:23:12.318+0000] {dagbag.py:744} DEBUG - Syncing DAG permissions: example_branch_python_operator_decorator to the DB
[2025-02-19T10:23:12.404+0000] {logging_mixin.py:190} INFO - [2025-02-19T10:23:12.404+0000] {override.py:1129} DEBUG - Not syncing DAG-level permissions for DAG 'example_branch_python_operator_decorator' as access control is unset.
[2025-02-19T10:23:12.405+0000] {logging_mixin.py:190} INFO - [2025-02-19T10:23:12.405+0000] {dag.py:3229} INFO - Sync 1 DAGs
[2025-02-19T10:23:12.427+0000] {logging_mixin.py:190} INFO - [2025-02-19T10:23:12.427+0000] {dag.py:4156} INFO - Setting next_dagrun for example_branch_python_operator_decorator to 2025-02-18 00:00:00+00:00, run_after=2025-02-19 00:00:00+00:00
[2025-02-19T10:23:12.448+0000] {processor.py:208} INFO - Processing /home/airflow/.local/lib/python3.12/site-packages/airflow/example_dags/example_branch_operator_decorator.py took 0.195 seconds
[2025-02-19T10:23:54.694+0000] {logging_mixin.py:190} INFO - [2025-02-19T10:23:54.693+0000] {settings.py:475} DEBUG - Setting up DB connection pool (PID 140)
[2025-02-19T10:23:54.696+0000] {logging_mixin.py:190} INFO - [2025-02-19T10:23:54.695+0000] {settings.py:579} DEBUG - settings.prepare_engine_args(): Using pool settings. pool_size=5, max_overflow=10, pool_recycle=1800, pid=140
[2025-02-19T10:23:54.703+0000] {processor.py:186} INFO - Started process (PID=140) to work on /home/airflow/.local/lib/python3.12/site-packages/airflow/example_dags/example_branch_operator_decorator.py
[2025-02-19T10:23:54.703+0000] {processor.py:914} INFO - Processing file /home/airflow/.local/lib/python3.12/site-packages/airflow/example_dags/example_branch_operator_decorator.py for tasks to queue
[2025-02-19T10:23:54.704+0000] {logging_mixin.py:190} INFO - [2025-02-19T10:23:54.704+0000] {dagbag.py:587} INFO - Filling up the DagBag from /home/airflow/.local/lib/python3.12/site-packages/airflow/example_dags/example_branch_operator_decorator.py
[2025-02-19T10:23:54.705+0000] {logging_mixin.py:190} INFO - [2025-02-19T10:23:54.705+0000] {dagbag.py:368} DEBUG - Importing /home/airflow/.local/lib/python3.12/site-packages/airflow/example_dags/example_branch_operator_decorator.py
[2025-02-19T10:23:54.707+0000] {logging_mixin.py:190} INFO - [2025-02-19T10:23:54.707+0000] {GetText.py:50} DEBUG - Failed to find locale C
[2025-02-19T10:23:54.707+0000] {logging_mixin.py:190} INFO - [2025-02-19T10:23:54.707+0000] {GetText.py:51} DEBUG - Attempting to load en_US as fallback
[2025-02-19T10:23:54.708+0000] {logging_mixin.py:190} INFO - [2025-02-19T10:23:54.708+0000] {GetText.py:65} DEBUG - /home/airflow/.local/lib/python3.12/site-packages/cron_descriptor/locale/en_US.mo Loaded
[2025-02-19T10:23:54.719+0000] {logging_mixin.py:190} INFO - [2025-02-19T10:23:54.719+0000] {GetText.py:50} DEBUG - Failed to find locale C
[2025-02-19T10:23:54.719+0000] {logging_mixin.py:190} INFO - [2025-02-19T10:23:54.719+0000] {GetText.py:51} DEBUG - Attempting to load en_US as fallback
[2025-02-19T10:23:54.720+0000] {logging_mixin.py:190} INFO - [2025-02-19T10:23:54.719+0000] {GetText.py:65} DEBUG - /home/airflow/.local/lib/python3.12/site-packages/cron_descriptor/locale/en_US.mo Loaded
[2025-02-19T10:23:54.726+0000] {logging_mixin.py:190} INFO - [2025-02-19T10:23:54.724+0000] {dagbag.py:553} DEBUG - Loaded DAG <DAG: example_branch_python_operator_decorator>
[2025-02-19T10:23:54.726+0000] {processor.py:925} INFO - DAG(s) 'example_branch_python_operator_decorator' retrieved from /home/airflow/.local/lib/python3.12/site-packages/airflow/example_dags/example_branch_operator_decorator.py
[2025-02-19T10:23:54.726+0000] {logging_mixin.py:190} INFO - [2025-02-19T10:23:54.726+0000] {dagbag.py:710} DEBUG - Running dagbag.sync_to_db with retries. Try 1 of 3
[2025-02-19T10:23:54.727+0000] {logging_mixin.py:190} INFO - [2025-02-19T10:23:54.726+0000] {dagbag.py:715} DEBUG - Calling the DAG.bulk_sync_to_db method
[2025-02-19T10:23:54.737+0000] {logging_mixin.py:190} INFO - [2025-02-19T10:23:54.736+0000] {serialized_dag.py:168} DEBUG - Checking if DAG (example_branch_python_operator_decorator) changed
[2025-02-19T10:23:54.752+0000] {logging_mixin.py:190} INFO - [2025-02-19T10:23:54.752+0000] {serialized_dag.py:179} DEBUG - Serialized DAG (example_branch_python_operator_decorator) is unchanged. Skipping writing to DB
[2025-02-19T10:23:54.753+0000] {logging_mixin.py:190} INFO - [2025-02-19T10:23:54.752+0000] {dag.py:3229} INFO - Sync 1 DAGs
[2025-02-19T10:23:54.777+0000] {logging_mixin.py:190} INFO - [2025-02-19T10:23:54.777+0000] {dag.py:4156} INFO - Setting next_dagrun for example_branch_python_operator_decorator to 2025-02-18 00:00:00+00:00, run_after=2025-02-19 00:00:00+00:00
[2025-02-19T10:23:54.826+0000] {processor.py:208} INFO - Processing /home/airflow/.local/lib/python3.12/site-packages/airflow/example_dags/example_branch_operator_decorator.py took 0.133 seconds
[2025-02-19T10:24:25.622+0000] {logging_mixin.py:190} INFO - [2025-02-19T10:24:25.621+0000] {settings.py:475} DEBUG - Setting up DB connection pool (PID 204)
[2025-02-19T10:24:25.623+0000] {logging_mixin.py:190} INFO - [2025-02-19T10:24:25.623+0000] {settings.py:579} DEBUG - settings.prepare_engine_args(): Using pool settings. pool_size=5, max_overflow=10, pool_recycle=1800, pid=204
[2025-02-19T10:24:25.628+0000] {processor.py:186} INFO - Started process (PID=204) to work on /home/airflow/.local/lib/python3.12/site-packages/airflow/example_dags/example_branch_operator_decorator.py
[2025-02-19T10:24:25.628+0000] {processor.py:914} INFO - Processing file /home/airflow/.local/lib/python3.12/site-packages/airflow/example_dags/example_branch_operator_decorator.py for tasks to queue
[2025-02-19T10:24:25.629+0000] {logging_mixin.py:190} INFO - [2025-02-19T10:24:25.629+0000] {dagbag.py:587} INFO - Filling up the DagBag from /home/airflow/.local/lib/python3.12/site-packages/airflow/example_dags/example_branch_operator_decorator.py
[2025-02-19T10:24:25.630+0000] {logging_mixin.py:190} INFO - [2025-02-19T10:24:25.630+0000] {dagbag.py:368} DEBUG - Importing /home/airflow/.local/lib/python3.12/site-packages/airflow/example_dags/example_branch_operator_decorator.py
[2025-02-19T10:24:25.632+0000] {logging_mixin.py:190} INFO - [2025-02-19T10:24:25.631+0000] {GetText.py:50} DEBUG - Failed to find locale C
[2025-02-19T10:24:25.632+0000] {logging_mixin.py:190} INFO - [2025-02-19T10:24:25.632+0000] {GetText.py:51} DEBUG - Attempting to load en_US as fallback
[2025-02-19T10:24:25.632+0000] {logging_mixin.py:190} INFO - [2025-02-19T10:24:25.632+0000] {GetText.py:65} DEBUG - /home/airflow/.local/lib/python3.12/site-packages/cron_descriptor/locale/en_US.mo Loaded
[2025-02-19T10:24:25.642+0000] {logging_mixin.py:190} INFO - [2025-02-19T10:24:25.642+0000] {GetText.py:50} DEBUG - Failed to find locale C
[2025-02-19T10:24:25.643+0000] {logging_mixin.py:190} INFO - [2025-02-19T10:24:25.642+0000] {GetText.py:51} DEBUG - Attempting to load en_US as fallback
[2025-02-19T10:24:25.643+0000] {logging_mixin.py:190} INFO - [2025-02-19T10:24:25.643+0000] {GetText.py:65} DEBUG - /home/airflow/.local/lib/python3.12/site-packages/cron_descriptor/locale/en_US.mo Loaded
[2025-02-19T10:24:25.649+0000] {logging_mixin.py:190} INFO - [2025-02-19T10:24:25.648+0000] {dagbag.py:553} DEBUG - Loaded DAG <DAG: example_branch_python_operator_decorator>
[2025-02-19T10:24:25.649+0000] {processor.py:925} INFO - DAG(s) 'example_branch_python_operator_decorator' retrieved from /home/airflow/.local/lib/python3.12/site-packages/airflow/example_dags/example_branch_operator_decorator.py
[2025-02-19T10:24:25.649+0000] {logging_mixin.py:190} INFO - [2025-02-19T10:24:25.649+0000] {dagbag.py:710} DEBUG - Running dagbag.sync_to_db with retries. Try 1 of 3
[2025-02-19T10:24:25.650+0000] {logging_mixin.py:190} INFO - [2025-02-19T10:24:25.650+0000] {dagbag.py:715} DEBUG - Calling the DAG.bulk_sync_to_db method
[2025-02-19T10:24:25.660+0000] {logging_mixin.py:190} INFO - [2025-02-19T10:24:25.660+0000] {serialized_dag.py:168} DEBUG - Checking if DAG (example_branch_python_operator_decorator) changed
[2025-02-19T10:24:25.675+0000] {logging_mixin.py:190} INFO - [2025-02-19T10:24:25.674+0000] {serialized_dag.py:179} DEBUG - Serialized DAG (example_branch_python_operator_decorator) is unchanged. Skipping writing to DB
[2025-02-19T10:24:25.675+0000] {logging_mixin.py:190} INFO - [2025-02-19T10:24:25.675+0000] {dag.py:3229} INFO - Sync 1 DAGs
[2025-02-19T10:24:25.701+0000] {logging_mixin.py:190} INFO - [2025-02-19T10:24:25.701+0000] {dag.py:4156} INFO - Setting next_dagrun for example_branch_python_operator_decorator to 2025-02-18 00:00:00+00:00, run_after=2025-02-19 00:00:00+00:00
[2025-02-19T10:24:25.719+0000] {processor.py:208} INFO - Processing /home/airflow/.local/lib/python3.12/site-packages/airflow/example_dags/example_branch_operator_decorator.py took 0.098 seconds
[2025-02-19T10:24:56.429+0000] {logging_mixin.py:190} INFO - [2025-02-19T10:24:56.429+0000] {settings.py:475} DEBUG - Setting up DB connection pool (PID 273)
[2025-02-19T10:24:56.431+0000] {logging_mixin.py:190} INFO - [2025-02-19T10:24:56.430+0000] {settings.py:579} DEBUG - settings.prepare_engine_args(): Using pool settings. pool_size=5, max_overflow=10, pool_recycle=1800, pid=273
[2025-02-19T10:24:56.435+0000] {processor.py:186} INFO - Started process (PID=273) to work on /home/airflow/.local/lib/python3.12/site-packages/airflow/example_dags/example_branch_operator_decorator.py
[2025-02-19T10:24:56.435+0000] {processor.py:914} INFO - Processing file /home/airflow/.local/lib/python3.12/site-packages/airflow/example_dags/example_branch_operator_decorator.py for tasks to queue
[2025-02-19T10:24:56.436+0000] {logging_mixin.py:190} INFO - [2025-02-19T10:24:56.436+0000] {dagbag.py:587} INFO - Filling up the DagBag from /home/airflow/.local/lib/python3.12/site-packages/airflow/example_dags/example_branch_operator_decorator.py
[2025-02-19T10:24:56.437+0000] {logging_mixin.py:190} INFO - [2025-02-19T10:24:56.437+0000] {dagbag.py:368} DEBUG - Importing /home/airflow/.local/lib/python3.12/site-packages/airflow/example_dags/example_branch_operator_decorator.py
[2025-02-19T10:24:56.440+0000] {logging_mixin.py:190} INFO - [2025-02-19T10:24:56.440+0000] {GetText.py:50} DEBUG - Failed to find locale C
[2025-02-19T10:24:56.440+0000] {logging_mixin.py:190} INFO - [2025-02-19T10:24:56.440+0000] {GetText.py:51} DEBUG - Attempting to load en_US as fallback
[2025-02-19T10:24:56.441+0000] {logging_mixin.py:190} INFO - [2025-02-19T10:24:56.440+0000] {GetText.py:65} DEBUG - /home/airflow/.local/lib/python3.12/site-packages/cron_descriptor/locale/en_US.mo Loaded
[2025-02-19T10:24:56.451+0000] {logging_mixin.py:190} INFO - [2025-02-19T10:24:56.450+0000] {GetText.py:50} DEBUG - Failed to find locale C
[2025-02-19T10:24:56.451+0000] {logging_mixin.py:190} INFO - [2025-02-19T10:24:56.451+0000] {GetText.py:51} DEBUG - Attempting to load en_US as fallback
[2025-02-19T10:24:56.451+0000] {logging_mixin.py:190} INFO - [2025-02-19T10:24:56.451+0000] {GetText.py:65} DEBUG - /home/airflow/.local/lib/python3.12/site-packages/cron_descriptor/locale/en_US.mo Loaded
[2025-02-19T10:24:56.458+0000] {logging_mixin.py:190} INFO - [2025-02-19T10:24:56.457+0000] {dagbag.py:553} DEBUG - Loaded DAG <DAG: example_branch_python_operator_decorator>
[2025-02-19T10:24:56.458+0000] {processor.py:925} INFO - DAG(s) 'example_branch_python_operator_decorator' retrieved from /home/airflow/.local/lib/python3.12/site-packages/airflow/example_dags/example_branch_operator_decorator.py
[2025-02-19T10:24:56.459+0000] {logging_mixin.py:190} INFO - [2025-02-19T10:24:56.459+0000] {dagbag.py:710} DEBUG - Running dagbag.sync_to_db with retries. Try 1 of 3
[2025-02-19T10:24:56.459+0000] {logging_mixin.py:190} INFO - [2025-02-19T10:24:56.459+0000] {dagbag.py:715} DEBUG - Calling the DAG.bulk_sync_to_db method
[2025-02-19T10:24:56.469+0000] {logging_mixin.py:190} INFO - [2025-02-19T10:24:56.469+0000] {serialized_dag.py:168} DEBUG - Checking if DAG (example_branch_python_operator_decorator) changed
[2025-02-19T10:24:56.485+0000] {logging_mixin.py:190} INFO - [2025-02-19T10:24:56.485+0000] {serialized_dag.py:179} DEBUG - Serialized DAG (example_branch_python_operator_decorator) is unchanged. Skipping writing to DB
[2025-02-19T10:24:56.486+0000] {logging_mixin.py:190} INFO - [2025-02-19T10:24:56.486+0000] {dag.py:3229} INFO - Sync 1 DAGs
[2025-02-19T10:24:56.509+0000] {logging_mixin.py:190} INFO - [2025-02-19T10:24:56.509+0000] {dag.py:4156} INFO - Setting next_dagrun for example_branch_python_operator_decorator to 2025-02-18 00:00:00+00:00, run_after=2025-02-19 00:00:00+00:00
[2025-02-19T10:24:56.528+0000] {processor.py:208} INFO - Processing /home/airflow/.local/lib/python3.12/site-packages/airflow/example_dags/example_branch_operator_decorator.py took 0.099 seconds
[2025-02-19T10:25:26.673+0000] {logging_mixin.py:190} INFO - [2025-02-19T10:25:26.672+0000] {settings.py:475} DEBUG - Setting up DB connection pool (PID 337)
[2025-02-19T10:25:26.674+0000] {logging_mixin.py:190} INFO - [2025-02-19T10:25:26.674+0000] {settings.py:579} DEBUG - settings.prepare_engine_args(): Using pool settings. pool_size=5, max_overflow=10, pool_recycle=1800, pid=337
[2025-02-19T10:25:26.679+0000] {processor.py:186} INFO - Started process (PID=337) to work on /home/airflow/.local/lib/python3.12/site-packages/airflow/example_dags/example_branch_operator_decorator.py
[2025-02-19T10:25:26.680+0000] {processor.py:914} INFO - Processing file /home/airflow/.local/lib/python3.12/site-packages/airflow/example_dags/example_branch_operator_decorator.py for tasks to queue
[2025-02-19T10:25:26.681+0000] {logging_mixin.py:190} INFO - [2025-02-19T10:25:26.681+0000] {dagbag.py:587} INFO - Filling up the DagBag from /home/airflow/.local/lib/python3.12/site-packages/airflow/example_dags/example_branch_operator_decorator.py
[2025-02-19T10:25:26.682+0000] {logging_mixin.py:190} INFO - [2025-02-19T10:25:26.682+0000] {dagbag.py:368} DEBUG - Importing /home/airflow/.local/lib/python3.12/site-packages/airflow/example_dags/example_branch_operator_decorator.py
[2025-02-19T10:25:26.685+0000] {logging_mixin.py:190} INFO - [2025-02-19T10:25:26.685+0000] {GetText.py:50} DEBUG - Failed to find locale C
[2025-02-19T10:25:26.685+0000] {logging_mixin.py:190} INFO - [2025-02-19T10:25:26.685+0000] {GetText.py:51} DEBUG - Attempting to load en_US as fallback
[2025-02-19T10:25:26.686+0000] {logging_mixin.py:190} INFO - [2025-02-19T10:25:26.686+0000] {GetText.py:65} DEBUG - /home/airflow/.local/lib/python3.12/site-packages/cron_descriptor/locale/en_US.mo Loaded
[2025-02-19T10:25:26.697+0000] {logging_mixin.py:190} INFO - [2025-02-19T10:25:26.697+0000] {GetText.py:50} DEBUG - Failed to find locale C
[2025-02-19T10:25:26.697+0000] {logging_mixin.py:190} INFO - [2025-02-19T10:25:26.697+0000] {GetText.py:51} DEBUG - Attempting to load en_US as fallback
[2025-02-19T10:25:26.697+0000] {logging_mixin.py:190} INFO - [2025-02-19T10:25:26.697+0000] {GetText.py:65} DEBUG - /home/airflow/.local/lib/python3.12/site-packages/cron_descriptor/locale/en_US.mo Loaded
[2025-02-19T10:25:26.704+0000] {logging_mixin.py:190} INFO - [2025-02-19T10:25:26.703+0000] {dagbag.py:553} DEBUG - Loaded DAG <DAG: example_branch_python_operator_decorator>
[2025-02-19T10:25:26.705+0000] {processor.py:925} INFO - DAG(s) 'example_branch_python_operator_decorator' retrieved from /home/airflow/.local/lib/python3.12/site-packages/airflow/example_dags/example_branch_operator_decorator.py
[2025-02-19T10:25:26.705+0000] {logging_mixin.py:190} INFO - [2025-02-19T10:25:26.705+0000] {dagbag.py:710} DEBUG - Running dagbag.sync_to_db with retries. Try 1 of 3
[2025-02-19T10:25:26.705+0000] {logging_mixin.py:190} INFO - [2025-02-19T10:25:26.705+0000] {dagbag.py:715} DEBUG - Calling the DAG.bulk_sync_to_db method
[2025-02-19T10:25:26.717+0000] {logging_mixin.py:190} INFO - [2025-02-19T10:25:26.716+0000] {serialized_dag.py:168} DEBUG - Checking if DAG (example_branch_python_operator_decorator) changed
[2025-02-19T10:25:26.732+0000] {logging_mixin.py:190} INFO - [2025-02-19T10:25:26.731+0000] {serialized_dag.py:179} DEBUG - Serialized DAG (example_branch_python_operator_decorator) is unchanged. Skipping writing to DB
[2025-02-19T10:25:26.732+0000] {logging_mixin.py:190} INFO - [2025-02-19T10:25:26.732+0000] {dag.py:3229} INFO - Sync 1 DAGs
[2025-02-19T10:25:26.756+0000] {logging_mixin.py:190} INFO - [2025-02-19T10:25:26.756+0000] {dag.py:4156} INFO - Setting next_dagrun for example_branch_python_operator_decorator to 2025-02-18 00:00:00+00:00, run_after=2025-02-19 00:00:00+00:00
[2025-02-19T10:25:26.777+0000] {processor.py:208} INFO - Processing /home/airflow/.local/lib/python3.12/site-packages/airflow/example_dags/example_branch_operator_decorator.py took 0.105 seconds
[2025-02-19T10:25:57.427+0000] {logging_mixin.py:190} INFO - [2025-02-19T10:25:57.426+0000] {settings.py:475} DEBUG - Setting up DB connection pool (PID 401)
[2025-02-19T10:25:57.428+0000] {logging_mixin.py:190} INFO - [2025-02-19T10:25:57.428+0000] {settings.py:579} DEBUG - settings.prepare_engine_args(): Using pool settings. pool_size=5, max_overflow=10, pool_recycle=1800, pid=401
[2025-02-19T10:25:57.432+0000] {processor.py:186} INFO - Started process (PID=401) to work on /home/airflow/.local/lib/python3.12/site-packages/airflow/example_dags/example_branch_operator_decorator.py
[2025-02-19T10:25:57.433+0000] {processor.py:914} INFO - Processing file /home/airflow/.local/lib/python3.12/site-packages/airflow/example_dags/example_branch_operator_decorator.py for tasks to queue
[2025-02-19T10:25:57.433+0000] {logging_mixin.py:190} INFO - [2025-02-19T10:25:57.433+0000] {dagbag.py:587} INFO - Filling up the DagBag from /home/airflow/.local/lib/python3.12/site-packages/airflow/example_dags/example_branch_operator_decorator.py
[2025-02-19T10:25:57.434+0000] {logging_mixin.py:190} INFO - [2025-02-19T10:25:57.434+0000] {dagbag.py:368} DEBUG - Importing /home/airflow/.local/lib/python3.12/site-packages/airflow/example_dags/example_branch_operator_decorator.py
[2025-02-19T10:25:57.437+0000] {logging_mixin.py:190} INFO - [2025-02-19T10:25:57.437+0000] {GetText.py:50} DEBUG - Failed to find locale C
[2025-02-19T10:25:57.437+0000] {logging_mixin.py:190} INFO - [2025-02-19T10:25:57.437+0000] {GetText.py:51} DEBUG - Attempting to load en_US as fallback
[2025-02-19T10:25:57.438+0000] {logging_mixin.py:190} INFO - [2025-02-19T10:25:57.438+0000] {GetText.py:65} DEBUG - /home/airflow/.local/lib/python3.12/site-packages/cron_descriptor/locale/en_US.mo Loaded
[2025-02-19T10:25:57.448+0000] {logging_mixin.py:190} INFO - [2025-02-19T10:25:57.448+0000] {GetText.py:50} DEBUG - Failed to find locale C
[2025-02-19T10:25:57.448+0000] {logging_mixin.py:190} INFO - [2025-02-19T10:25:57.448+0000] {GetText.py:51} DEBUG - Attempting to load en_US as fallback
[2025-02-19T10:25:57.449+0000] {logging_mixin.py:190} INFO - [2025-02-19T10:25:57.449+0000] {GetText.py:65} DEBUG - /home/airflow/.local/lib/python3.12/site-packages/cron_descriptor/locale/en_US.mo Loaded
[2025-02-19T10:25:57.455+0000] {logging_mixin.py:190} INFO - [2025-02-19T10:25:57.453+0000] {dagbag.py:553} DEBUG - Loaded DAG <DAG: example_branch_python_operator_decorator>
[2025-02-19T10:25:57.455+0000] {processor.py:925} INFO - DAG(s) 'example_branch_python_operator_decorator' retrieved from /home/airflow/.local/lib/python3.12/site-packages/airflow/example_dags/example_branch_operator_decorator.py
[2025-02-19T10:25:57.455+0000] {logging_mixin.py:190} INFO - [2025-02-19T10:25:57.455+0000] {dagbag.py:710} DEBUG - Running dagbag.sync_to_db with retries. Try 1 of 3
[2025-02-19T10:25:57.456+0000] {logging_mixin.py:190} INFO - [2025-02-19T10:25:57.455+0000] {dagbag.py:715} DEBUG - Calling the DAG.bulk_sync_to_db method
[2025-02-19T10:25:57.466+0000] {logging_mixin.py:190} INFO - [2025-02-19T10:25:57.465+0000] {serialized_dag.py:168} DEBUG - Checking if DAG (example_branch_python_operator_decorator) changed
[2025-02-19T10:25:57.481+0000] {logging_mixin.py:190} INFO - [2025-02-19T10:25:57.480+0000] {serialized_dag.py:179} DEBUG - Serialized DAG (example_branch_python_operator_decorator) is unchanged. Skipping writing to DB
[2025-02-19T10:25:57.481+0000] {logging_mixin.py:190} INFO - [2025-02-19T10:25:57.481+0000] {dag.py:3229} INFO - Sync 1 DAGs
[2025-02-19T10:25:57.503+0000] {logging_mixin.py:190} INFO - [2025-02-19T10:25:57.503+0000] {dag.py:4156} INFO - Setting next_dagrun for example_branch_python_operator_decorator to 2025-02-18 00:00:00+00:00, run_after=2025-02-19 00:00:00+00:00
[2025-02-19T10:25:57.523+0000] {processor.py:208} INFO - Processing /home/airflow/.local/lib/python3.12/site-packages/airflow/example_dags/example_branch_operator_decorator.py took 0.096 seconds
[2025-02-19T10:26:28.164+0000] {logging_mixin.py:190} INFO - [2025-02-19T10:26:28.164+0000] {settings.py:475} DEBUG - Setting up DB connection pool (PID 465)
[2025-02-19T10:26:28.166+0000] {logging_mixin.py:190} INFO - [2025-02-19T10:26:28.165+0000] {settings.py:579} DEBUG - settings.prepare_engine_args(): Using pool settings. pool_size=5, max_overflow=10, pool_recycle=1800, pid=465
[2025-02-19T10:26:28.169+0000] {processor.py:186} INFO - Started process (PID=465) to work on /home/airflow/.local/lib/python3.12/site-packages/airflow/example_dags/example_branch_operator_decorator.py
[2025-02-19T10:26:28.170+0000] {processor.py:914} INFO - Processing file /home/airflow/.local/lib/python3.12/site-packages/airflow/example_dags/example_branch_operator_decorator.py for tasks to queue
[2025-02-19T10:26:28.170+0000] {logging_mixin.py:190} INFO - [2025-02-19T10:26:28.170+0000] {dagbag.py:587} INFO - Filling up the DagBag from /home/airflow/.local/lib/python3.12/site-packages/airflow/example_dags/example_branch_operator_decorator.py
[2025-02-19T10:26:28.171+0000] {logging_mixin.py:190} INFO - [2025-02-19T10:26:28.171+0000] {dagbag.py:368} DEBUG - Importing /home/airflow/.local/lib/python3.12/site-packages/airflow/example_dags/example_branch_operator_decorator.py
[2025-02-19T10:26:28.173+0000] {logging_mixin.py:190} INFO - [2025-02-19T10:26:28.173+0000] {GetText.py:50} DEBUG - Failed to find locale C
[2025-02-19T10:26:28.173+0000] {logging_mixin.py:190} INFO - [2025-02-19T10:26:28.173+0000] {GetText.py:51} DEBUG - Attempting to load en_US as fallback
[2025-02-19T10:26:28.174+0000] {logging_mixin.py:190} INFO - [2025-02-19T10:26:28.174+0000] {GetText.py:65} DEBUG - /home/airflow/.local/lib/python3.12/site-packages/cron_descriptor/locale/en_US.mo Loaded
[2025-02-19T10:26:28.184+0000] {logging_mixin.py:190} INFO - [2025-02-19T10:26:28.183+0000] {GetText.py:50} DEBUG - Failed to find locale C
[2025-02-19T10:26:28.184+0000] {logging_mixin.py:190} INFO - [2025-02-19T10:26:28.184+0000] {GetText.py:51} DEBUG - Attempting to load en_US as fallback
[2025-02-19T10:26:28.184+0000] {logging_mixin.py:190} INFO - [2025-02-19T10:26:28.184+0000] {GetText.py:65} DEBUG - /home/airflow/.local/lib/python3.12/site-packages/cron_descriptor/locale/en_US.mo Loaded
[2025-02-19T10:26:28.190+0000] {logging_mixin.py:190} INFO - [2025-02-19T10:26:28.189+0000] {dagbag.py:553} DEBUG - Loaded DAG <DAG: example_branch_python_operator_decorator>
[2025-02-19T10:26:28.190+0000] {processor.py:925} INFO - DAG(s) 'example_branch_python_operator_decorator' retrieved from /home/airflow/.local/lib/python3.12/site-packages/airflow/example_dags/example_branch_operator_decorator.py
[2025-02-19T10:26:28.191+0000] {logging_mixin.py:190} INFO - [2025-02-19T10:26:28.191+0000] {dagbag.py:710} DEBUG - Running dagbag.sync_to_db with retries. Try 1 of 3
[2025-02-19T10:26:28.191+0000] {logging_mixin.py:190} INFO - [2025-02-19T10:26:28.191+0000] {dagbag.py:715} DEBUG - Calling the DAG.bulk_sync_to_db method
[2025-02-19T10:26:28.202+0000] {logging_mixin.py:190} INFO - [2025-02-19T10:26:28.202+0000] {serialized_dag.py:168} DEBUG - Checking if DAG (example_branch_python_operator_decorator) changed
[2025-02-19T10:26:28.216+0000] {logging_mixin.py:190} INFO - [2025-02-19T10:26:28.215+0000] {serialized_dag.py:179} DEBUG - Serialized DAG (example_branch_python_operator_decorator) is unchanged. Skipping writing to DB
[2025-02-19T10:26:28.216+0000] {logging_mixin.py:190} INFO - [2025-02-19T10:26:28.216+0000] {dag.py:3229} INFO - Sync 1 DAGs
[2025-02-19T10:26:28.238+0000] {logging_mixin.py:190} INFO - [2025-02-19T10:26:28.238+0000] {dag.py:4156} INFO - Setting next_dagrun for example_branch_python_operator_decorator to 2025-02-18 00:00:00+00:00, run_after=2025-02-19 00:00:00+00:00
[2025-02-19T10:26:28.255+0000] {processor.py:208} INFO - Processing /home/airflow/.local/lib/python3.12/site-packages/airflow/example_dags/example_branch_operator_decorator.py took 0.091 seconds
