[2025-02-19T09:38:26.274+0000] {processor.py:186} INFO - Started process (PID=78) to work on /home/airflow/.local/lib/python3.12/site-packages/airflow/example_dags/example_trigger_controller_dag.py
[2025-02-19T09:38:26.275+0000] {processor.py:914} INFO - Processing file /home/airflow/.local/lib/python3.12/site-packages/airflow/example_dags/example_trigger_controller_dag.py for tasks to queue
[2025-02-19T09:38:26.277+0000] {logging_mixin.py:190} INFO - [2025-02-19T09:38:26.277+0000] {dagbag.py:587} INFO - Filling up the DagBag from /home/airflow/.local/lib/python3.12/site-packages/airflow/example_dags/example_trigger_controller_dag.py
[2025-02-19T09:38:26.285+0000] {processor.py:925} INFO - DAG(s) 'example_trigger_controller_dag' retrieved from /home/airflow/.local/lib/python3.12/site-packages/airflow/example_dags/example_trigger_controller_dag.py
[2025-02-19T09:38:26.306+0000] {logging_mixin.py:190} INFO - [2025-02-19T09:38:26.305+0000] {dag.py:3229} INFO - Sync 1 DAGs
[2025-02-19T09:38:26.327+0000] {logging_mixin.py:190} INFO - [2025-02-19T09:38:26.326+0000] {dag.py:4156} INFO - Setting next_dagrun for example_trigger_controller_dag to 2021-01-01 00:00:00+00:00, run_after=2021-01-01 00:00:00+00:00
[2025-02-19T09:38:26.589+0000] {processor.py:208} INFO - Processing /home/airflow/.local/lib/python3.12/site-packages/airflow/example_dags/example_trigger_controller_dag.py took 0.318 seconds
[2025-02-19T09:38:56.847+0000] {processor.py:186} INFO - Started process (PID=147) to work on /home/airflow/.local/lib/python3.12/site-packages/airflow/example_dags/example_trigger_controller_dag.py
[2025-02-19T09:38:56.848+0000] {processor.py:914} INFO - Processing file /home/airflow/.local/lib/python3.12/site-packages/airflow/example_dags/example_trigger_controller_dag.py for tasks to queue
[2025-02-19T09:38:56.850+0000] {logging_mixin.py:190} INFO - [2025-02-19T09:38:56.850+0000] {dagbag.py:587} INFO - Filling up the DagBag from /home/airflow/.local/lib/python3.12/site-packages/airflow/example_dags/example_trigger_controller_dag.py
[2025-02-19T09:38:56.858+0000] {processor.py:925} INFO - DAG(s) 'example_trigger_controller_dag' retrieved from /home/airflow/.local/lib/python3.12/site-packages/airflow/example_dags/example_trigger_controller_dag.py
[2025-02-19T09:38:56.876+0000] {logging_mixin.py:190} INFO - [2025-02-19T09:38:56.875+0000] {dag.py:3229} INFO - Sync 1 DAGs
[2025-02-19T09:38:56.901+0000] {logging_mixin.py:190} INFO - [2025-02-19T09:38:56.900+0000] {dag.py:4156} INFO - Setting next_dagrun for example_trigger_controller_dag to 2021-01-01 00:00:00+00:00, run_after=2021-01-01 00:00:00+00:00
[2025-02-19T09:38:56.922+0000] {processor.py:208} INFO - Processing /home/airflow/.local/lib/python3.12/site-packages/airflow/example_dags/example_trigger_controller_dag.py took 0.081 seconds
[2025-02-19T09:39:27.559+0000] {processor.py:186} INFO - Started process (PID=211) to work on /home/airflow/.local/lib/python3.12/site-packages/airflow/example_dags/example_trigger_controller_dag.py
[2025-02-19T09:39:27.560+0000] {processor.py:914} INFO - Processing file /home/airflow/.local/lib/python3.12/site-packages/airflow/example_dags/example_trigger_controller_dag.py for tasks to queue
[2025-02-19T09:39:27.562+0000] {logging_mixin.py:190} INFO - [2025-02-19T09:39:27.562+0000] {dagbag.py:587} INFO - Filling up the DagBag from /home/airflow/.local/lib/python3.12/site-packages/airflow/example_dags/example_trigger_controller_dag.py
[2025-02-19T09:39:27.567+0000] {processor.py:925} INFO - DAG(s) 'example_trigger_controller_dag' retrieved from /home/airflow/.local/lib/python3.12/site-packages/airflow/example_dags/example_trigger_controller_dag.py
[2025-02-19T09:39:27.583+0000] {logging_mixin.py:190} INFO - [2025-02-19T09:39:27.582+0000] {dag.py:3229} INFO - Sync 1 DAGs
[2025-02-19T09:39:27.600+0000] {logging_mixin.py:190} INFO - [2025-02-19T09:39:27.600+0000] {dag.py:4156} INFO - Setting next_dagrun for example_trigger_controller_dag to 2021-01-01 00:00:00+00:00, run_after=2021-01-01 00:00:00+00:00
[2025-02-19T09:39:27.618+0000] {processor.py:208} INFO - Processing /home/airflow/.local/lib/python3.12/site-packages/airflow/example_dags/example_trigger_controller_dag.py took 0.063 seconds
[2025-02-19T09:39:57.716+0000] {processor.py:186} INFO - Started process (PID=275) to work on /home/airflow/.local/lib/python3.12/site-packages/airflow/example_dags/example_trigger_controller_dag.py
[2025-02-19T09:39:57.717+0000] {processor.py:914} INFO - Processing file /home/airflow/.local/lib/python3.12/site-packages/airflow/example_dags/example_trigger_controller_dag.py for tasks to queue
[2025-02-19T09:39:57.718+0000] {logging_mixin.py:190} INFO - [2025-02-19T09:39:57.718+0000] {dagbag.py:587} INFO - Filling up the DagBag from /home/airflow/.local/lib/python3.12/site-packages/airflow/example_dags/example_trigger_controller_dag.py
[2025-02-19T09:39:57.723+0000] {processor.py:925} INFO - DAG(s) 'example_trigger_controller_dag' retrieved from /home/airflow/.local/lib/python3.12/site-packages/airflow/example_dags/example_trigger_controller_dag.py
[2025-02-19T09:39:57.738+0000] {logging_mixin.py:190} INFO - [2025-02-19T09:39:57.737+0000] {dag.py:3229} INFO - Sync 1 DAGs
[2025-02-19T09:39:57.755+0000] {logging_mixin.py:190} INFO - [2025-02-19T09:39:57.755+0000] {dag.py:4156} INFO - Setting next_dagrun for example_trigger_controller_dag to 2021-01-01 00:00:00+00:00, run_after=2021-01-01 00:00:00+00:00
[2025-02-19T09:39:57.769+0000] {processor.py:208} INFO - Processing /home/airflow/.local/lib/python3.12/site-packages/airflow/example_dags/example_trigger_controller_dag.py took 0.057 seconds
[2025-02-19T09:40:28.020+0000] {processor.py:186} INFO - Started process (PID=339) to work on /home/airflow/.local/lib/python3.12/site-packages/airflow/example_dags/example_trigger_controller_dag.py
[2025-02-19T09:40:28.021+0000] {processor.py:914} INFO - Processing file /home/airflow/.local/lib/python3.12/site-packages/airflow/example_dags/example_trigger_controller_dag.py for tasks to queue
[2025-02-19T09:40:28.023+0000] {logging_mixin.py:190} INFO - [2025-02-19T09:40:28.023+0000] {dagbag.py:587} INFO - Filling up the DagBag from /home/airflow/.local/lib/python3.12/site-packages/airflow/example_dags/example_trigger_controller_dag.py
[2025-02-19T09:40:28.028+0000] {processor.py:925} INFO - DAG(s) 'example_trigger_controller_dag' retrieved from /home/airflow/.local/lib/python3.12/site-packages/airflow/example_dags/example_trigger_controller_dag.py
[2025-02-19T09:40:28.046+0000] {logging_mixin.py:190} INFO - [2025-02-19T09:40:28.045+0000] {dag.py:3229} INFO - Sync 1 DAGs
[2025-02-19T09:40:28.065+0000] {logging_mixin.py:190} INFO - [2025-02-19T09:40:28.065+0000] {dag.py:4156} INFO - Setting next_dagrun for example_trigger_controller_dag to 2021-01-01 00:00:00+00:00, run_after=2021-01-01 00:00:00+00:00
[2025-02-19T09:40:28.081+0000] {processor.py:208} INFO - Processing /home/airflow/.local/lib/python3.12/site-packages/airflow/example_dags/example_trigger_controller_dag.py took 0.066 seconds
[2025-02-19T09:40:58.304+0000] {processor.py:186} INFO - Started process (PID=403) to work on /home/airflow/.local/lib/python3.12/site-packages/airflow/example_dags/example_trigger_controller_dag.py
[2025-02-19T09:40:58.305+0000] {processor.py:914} INFO - Processing file /home/airflow/.local/lib/python3.12/site-packages/airflow/example_dags/example_trigger_controller_dag.py for tasks to queue
[2025-02-19T09:40:58.306+0000] {logging_mixin.py:190} INFO - [2025-02-19T09:40:58.306+0000] {dagbag.py:587} INFO - Filling up the DagBag from /home/airflow/.local/lib/python3.12/site-packages/airflow/example_dags/example_trigger_controller_dag.py
[2025-02-19T09:40:58.311+0000] {processor.py:925} INFO - DAG(s) 'example_trigger_controller_dag' retrieved from /home/airflow/.local/lib/python3.12/site-packages/airflow/example_dags/example_trigger_controller_dag.py
[2025-02-19T09:40:58.327+0000] {logging_mixin.py:190} INFO - [2025-02-19T09:40:58.326+0000] {dag.py:3229} INFO - Sync 1 DAGs
[2025-02-19T09:40:58.344+0000] {logging_mixin.py:190} INFO - [2025-02-19T09:40:58.343+0000] {dag.py:4156} INFO - Setting next_dagrun for example_trigger_controller_dag to 2021-01-01 00:00:00+00:00, run_after=2021-01-01 00:00:00+00:00
[2025-02-19T09:40:58.358+0000] {processor.py:208} INFO - Processing /home/airflow/.local/lib/python3.12/site-packages/airflow/example_dags/example_trigger_controller_dag.py took 0.058 seconds
[2025-02-19T09:41:28.652+0000] {processor.py:186} INFO - Started process (PID=467) to work on /home/airflow/.local/lib/python3.12/site-packages/airflow/example_dags/example_trigger_controller_dag.py
[2025-02-19T09:41:28.654+0000] {processor.py:914} INFO - Processing file /home/airflow/.local/lib/python3.12/site-packages/airflow/example_dags/example_trigger_controller_dag.py for tasks to queue
[2025-02-19T09:41:28.656+0000] {logging_mixin.py:190} INFO - [2025-02-19T09:41:28.655+0000] {dagbag.py:587} INFO - Filling up the DagBag from /home/airflow/.local/lib/python3.12/site-packages/airflow/example_dags/example_trigger_controller_dag.py
[2025-02-19T09:41:28.662+0000] {processor.py:925} INFO - DAG(s) 'example_trigger_controller_dag' retrieved from /home/airflow/.local/lib/python3.12/site-packages/airflow/example_dags/example_trigger_controller_dag.py
[2025-02-19T09:41:28.680+0000] {logging_mixin.py:190} INFO - [2025-02-19T09:41:28.680+0000] {dag.py:3229} INFO - Sync 1 DAGs
[2025-02-19T09:41:28.701+0000] {logging_mixin.py:190} INFO - [2025-02-19T09:41:28.701+0000] {dag.py:4156} INFO - Setting next_dagrun for example_trigger_controller_dag to 2021-01-01 00:00:00+00:00, run_after=2021-01-01 00:00:00+00:00
[2025-02-19T09:41:28.719+0000] {processor.py:208} INFO - Processing /home/airflow/.local/lib/python3.12/site-packages/airflow/example_dags/example_trigger_controller_dag.py took 0.071 seconds
[2025-02-19T09:41:58.800+0000] {processor.py:186} INFO - Started process (PID=531) to work on /home/airflow/.local/lib/python3.12/site-packages/airflow/example_dags/example_trigger_controller_dag.py
[2025-02-19T09:41:58.801+0000] {processor.py:914} INFO - Processing file /home/airflow/.local/lib/python3.12/site-packages/airflow/example_dags/example_trigger_controller_dag.py for tasks to queue
[2025-02-19T09:41:58.803+0000] {logging_mixin.py:190} INFO - [2025-02-19T09:41:58.803+0000] {dagbag.py:587} INFO - Filling up the DagBag from /home/airflow/.local/lib/python3.12/site-packages/airflow/example_dags/example_trigger_controller_dag.py
[2025-02-19T09:41:58.808+0000] {processor.py:925} INFO - DAG(s) 'example_trigger_controller_dag' retrieved from /home/airflow/.local/lib/python3.12/site-packages/airflow/example_dags/example_trigger_controller_dag.py
[2025-02-19T09:41:58.825+0000] {logging_mixin.py:190} INFO - [2025-02-19T09:41:58.824+0000] {dag.py:3229} INFO - Sync 1 DAGs
[2025-02-19T09:41:58.842+0000] {logging_mixin.py:190} INFO - [2025-02-19T09:41:58.842+0000] {dag.py:4156} INFO - Setting next_dagrun for example_trigger_controller_dag to 2021-01-01 00:00:00+00:00, run_after=2021-01-01 00:00:00+00:00
[2025-02-19T09:41:58.856+0000] {processor.py:208} INFO - Processing /home/airflow/.local/lib/python3.12/site-packages/airflow/example_dags/example_trigger_controller_dag.py took 0.060 seconds
[2025-02-19T09:42:28.964+0000] {processor.py:186} INFO - Started process (PID=595) to work on /home/airflow/.local/lib/python3.12/site-packages/airflow/example_dags/example_trigger_controller_dag.py
[2025-02-19T09:42:28.965+0000] {processor.py:914} INFO - Processing file /home/airflow/.local/lib/python3.12/site-packages/airflow/example_dags/example_trigger_controller_dag.py for tasks to queue
[2025-02-19T09:42:28.967+0000] {logging_mixin.py:190} INFO - [2025-02-19T09:42:28.967+0000] {dagbag.py:587} INFO - Filling up the DagBag from /home/airflow/.local/lib/python3.12/site-packages/airflow/example_dags/example_trigger_controller_dag.py
[2025-02-19T09:42:28.973+0000] {processor.py:925} INFO - DAG(s) 'example_trigger_controller_dag' retrieved from /home/airflow/.local/lib/python3.12/site-packages/airflow/example_dags/example_trigger_controller_dag.py
[2025-02-19T09:42:28.991+0000] {logging_mixin.py:190} INFO - [2025-02-19T09:42:28.990+0000] {dag.py:3229} INFO - Sync 1 DAGs
[2025-02-19T09:42:29.009+0000] {logging_mixin.py:190} INFO - [2025-02-19T09:42:29.008+0000] {dag.py:4156} INFO - Setting next_dagrun for example_trigger_controller_dag to 2021-01-01 00:00:00+00:00, run_after=2021-01-01 00:00:00+00:00
[2025-02-19T09:42:29.025+0000] {processor.py:208} INFO - Processing /home/airflow/.local/lib/python3.12/site-packages/airflow/example_dags/example_trigger_controller_dag.py took 0.065 seconds
[2025-02-19T09:42:59.052+0000] {processor.py:186} INFO - Started process (PID=659) to work on /home/airflow/.local/lib/python3.12/site-packages/airflow/example_dags/example_trigger_controller_dag.py
[2025-02-19T09:42:59.053+0000] {processor.py:914} INFO - Processing file /home/airflow/.local/lib/python3.12/site-packages/airflow/example_dags/example_trigger_controller_dag.py for tasks to queue
[2025-02-19T09:42:59.055+0000] {logging_mixin.py:190} INFO - [2025-02-19T09:42:59.054+0000] {dagbag.py:587} INFO - Filling up the DagBag from /home/airflow/.local/lib/python3.12/site-packages/airflow/example_dags/example_trigger_controller_dag.py
[2025-02-19T09:42:59.060+0000] {processor.py:925} INFO - DAG(s) 'example_trigger_controller_dag' retrieved from /home/airflow/.local/lib/python3.12/site-packages/airflow/example_dags/example_trigger_controller_dag.py
[2025-02-19T09:42:59.074+0000] {logging_mixin.py:190} INFO - [2025-02-19T09:42:59.073+0000] {dag.py:3229} INFO - Sync 1 DAGs
[2025-02-19T09:42:59.091+0000] {logging_mixin.py:190} INFO - [2025-02-19T09:42:59.091+0000] {dag.py:4156} INFO - Setting next_dagrun for example_trigger_controller_dag to 2021-01-01 00:00:00+00:00, run_after=2021-01-01 00:00:00+00:00
[2025-02-19T09:42:59.107+0000] {processor.py:208} INFO - Processing /home/airflow/.local/lib/python3.12/site-packages/airflow/example_dags/example_trigger_controller_dag.py took 0.060 seconds
[2025-02-19T09:43:30.229+0000] {processor.py:186} INFO - Started process (PID=723) to work on /home/airflow/.local/lib/python3.12/site-packages/airflow/example_dags/example_trigger_controller_dag.py
[2025-02-19T09:43:30.230+0000] {processor.py:914} INFO - Processing file /home/airflow/.local/lib/python3.12/site-packages/airflow/example_dags/example_trigger_controller_dag.py for tasks to queue
[2025-02-19T09:43:30.232+0000] {logging_mixin.py:190} INFO - [2025-02-19T09:43:30.232+0000] {dagbag.py:587} INFO - Filling up the DagBag from /home/airflow/.local/lib/python3.12/site-packages/airflow/example_dags/example_trigger_controller_dag.py
[2025-02-19T09:43:30.237+0000] {processor.py:925} INFO - DAG(s) 'example_trigger_controller_dag' retrieved from /home/airflow/.local/lib/python3.12/site-packages/airflow/example_dags/example_trigger_controller_dag.py
[2025-02-19T09:43:30.252+0000] {logging_mixin.py:190} INFO - [2025-02-19T09:43:30.251+0000] {dag.py:3229} INFO - Sync 1 DAGs
[2025-02-19T09:43:30.269+0000] {logging_mixin.py:190} INFO - [2025-02-19T09:43:30.269+0000] {dag.py:4156} INFO - Setting next_dagrun for example_trigger_controller_dag to 2021-01-01 00:00:00+00:00, run_after=2021-01-01 00:00:00+00:00
[2025-02-19T09:43:30.283+0000] {processor.py:208} INFO - Processing /home/airflow/.local/lib/python3.12/site-packages/airflow/example_dags/example_trigger_controller_dag.py took 0.058 seconds
[2025-02-19T09:44:00.606+0000] {processor.py:186} INFO - Started process (PID=787) to work on /home/airflow/.local/lib/python3.12/site-packages/airflow/example_dags/example_trigger_controller_dag.py
[2025-02-19T09:44:00.607+0000] {processor.py:914} INFO - Processing file /home/airflow/.local/lib/python3.12/site-packages/airflow/example_dags/example_trigger_controller_dag.py for tasks to queue
[2025-02-19T09:44:00.609+0000] {logging_mixin.py:190} INFO - [2025-02-19T09:44:00.609+0000] {dagbag.py:587} INFO - Filling up the DagBag from /home/airflow/.local/lib/python3.12/site-packages/airflow/example_dags/example_trigger_controller_dag.py
[2025-02-19T09:44:00.615+0000] {processor.py:925} INFO - DAG(s) 'example_trigger_controller_dag' retrieved from /home/airflow/.local/lib/python3.12/site-packages/airflow/example_dags/example_trigger_controller_dag.py
[2025-02-19T09:44:00.632+0000] {logging_mixin.py:190} INFO - [2025-02-19T09:44:00.631+0000] {dag.py:3229} INFO - Sync 1 DAGs
[2025-02-19T09:44:00.650+0000] {logging_mixin.py:190} INFO - [2025-02-19T09:44:00.650+0000] {dag.py:4156} INFO - Setting next_dagrun for example_trigger_controller_dag to 2021-01-01 00:00:00+00:00, run_after=2021-01-01 00:00:00+00:00
[2025-02-19T09:44:00.666+0000] {processor.py:208} INFO - Processing /home/airflow/.local/lib/python3.12/site-packages/airflow/example_dags/example_trigger_controller_dag.py took 0.065 seconds
[2025-02-19T09:44:30.794+0000] {processor.py:186} INFO - Started process (PID=851) to work on /home/airflow/.local/lib/python3.12/site-packages/airflow/example_dags/example_trigger_controller_dag.py
[2025-02-19T09:44:30.795+0000] {processor.py:914} INFO - Processing file /home/airflow/.local/lib/python3.12/site-packages/airflow/example_dags/example_trigger_controller_dag.py for tasks to queue
[2025-02-19T09:44:30.797+0000] {logging_mixin.py:190} INFO - [2025-02-19T09:44:30.797+0000] {dagbag.py:587} INFO - Filling up the DagBag from /home/airflow/.local/lib/python3.12/site-packages/airflow/example_dags/example_trigger_controller_dag.py
[2025-02-19T09:44:30.802+0000] {processor.py:925} INFO - DAG(s) 'example_trigger_controller_dag' retrieved from /home/airflow/.local/lib/python3.12/site-packages/airflow/example_dags/example_trigger_controller_dag.py
[2025-02-19T09:44:30.819+0000] {logging_mixin.py:190} INFO - [2025-02-19T09:44:30.818+0000] {dag.py:3229} INFO - Sync 1 DAGs
[2025-02-19T09:44:30.836+0000] {logging_mixin.py:190} INFO - [2025-02-19T09:44:30.836+0000] {dag.py:4156} INFO - Setting next_dagrun for example_trigger_controller_dag to 2021-01-01 00:00:00+00:00, run_after=2021-01-01 00:00:00+00:00
[2025-02-19T09:44:30.848+0000] {processor.py:208} INFO - Processing /home/airflow/.local/lib/python3.12/site-packages/airflow/example_dags/example_trigger_controller_dag.py took 0.059 seconds
[2025-02-19T09:45:01.022+0000] {processor.py:186} INFO - Started process (PID=915) to work on /home/airflow/.local/lib/python3.12/site-packages/airflow/example_dags/example_trigger_controller_dag.py
[2025-02-19T09:45:01.023+0000] {processor.py:914} INFO - Processing file /home/airflow/.local/lib/python3.12/site-packages/airflow/example_dags/example_trigger_controller_dag.py for tasks to queue
[2025-02-19T09:45:01.024+0000] {logging_mixin.py:190} INFO - [2025-02-19T09:45:01.024+0000] {dagbag.py:587} INFO - Filling up the DagBag from /home/airflow/.local/lib/python3.12/site-packages/airflow/example_dags/example_trigger_controller_dag.py
[2025-02-19T09:45:01.030+0000] {processor.py:925} INFO - DAG(s) 'example_trigger_controller_dag' retrieved from /home/airflow/.local/lib/python3.12/site-packages/airflow/example_dags/example_trigger_controller_dag.py
[2025-02-19T09:45:01.047+0000] {logging_mixin.py:190} INFO - [2025-02-19T09:45:01.046+0000] {dag.py:3229} INFO - Sync 1 DAGs
[2025-02-19T09:45:01.065+0000] {logging_mixin.py:190} INFO - [2025-02-19T09:45:01.065+0000] {dag.py:4156} INFO - Setting next_dagrun for example_trigger_controller_dag to 2021-01-01 00:00:00+00:00, run_after=2021-01-01 00:00:00+00:00
[2025-02-19T09:45:01.081+0000] {processor.py:208} INFO - Processing /home/airflow/.local/lib/python3.12/site-packages/airflow/example_dags/example_trigger_controller_dag.py took 0.065 seconds
[2025-02-19T09:45:31.212+0000] {processor.py:186} INFO - Started process (PID=979) to work on /home/airflow/.local/lib/python3.12/site-packages/airflow/example_dags/example_trigger_controller_dag.py
[2025-02-19T09:45:31.213+0000] {processor.py:914} INFO - Processing file /home/airflow/.local/lib/python3.12/site-packages/airflow/example_dags/example_trigger_controller_dag.py for tasks to queue
[2025-02-19T09:45:31.215+0000] {logging_mixin.py:190} INFO - [2025-02-19T09:45:31.215+0000] {dagbag.py:587} INFO - Filling up the DagBag from /home/airflow/.local/lib/python3.12/site-packages/airflow/example_dags/example_trigger_controller_dag.py
[2025-02-19T09:45:31.222+0000] {processor.py:925} INFO - DAG(s) 'example_trigger_controller_dag' retrieved from /home/airflow/.local/lib/python3.12/site-packages/airflow/example_dags/example_trigger_controller_dag.py
[2025-02-19T09:45:31.240+0000] {logging_mixin.py:190} INFO - [2025-02-19T09:45:31.239+0000] {dag.py:3229} INFO - Sync 1 DAGs
[2025-02-19T09:45:31.259+0000] {logging_mixin.py:190} INFO - [2025-02-19T09:45:31.258+0000] {dag.py:4156} INFO - Setting next_dagrun for example_trigger_controller_dag to 2021-01-01 00:00:00+00:00, run_after=2021-01-01 00:00:00+00:00
[2025-02-19T09:45:31.274+0000] {processor.py:208} INFO - Processing /home/airflow/.local/lib/python3.12/site-packages/airflow/example_dags/example_trigger_controller_dag.py took 0.067 seconds
[2025-02-19T09:46:01.425+0000] {processor.py:186} INFO - Started process (PID=1043) to work on /home/airflow/.local/lib/python3.12/site-packages/airflow/example_dags/example_trigger_controller_dag.py
[2025-02-19T09:46:01.427+0000] {processor.py:914} INFO - Processing file /home/airflow/.local/lib/python3.12/site-packages/airflow/example_dags/example_trigger_controller_dag.py for tasks to queue
[2025-02-19T09:46:01.428+0000] {logging_mixin.py:190} INFO - [2025-02-19T09:46:01.428+0000] {dagbag.py:587} INFO - Filling up the DagBag from /home/airflow/.local/lib/python3.12/site-packages/airflow/example_dags/example_trigger_controller_dag.py
[2025-02-19T09:46:01.433+0000] {processor.py:925} INFO - DAG(s) 'example_trigger_controller_dag' retrieved from /home/airflow/.local/lib/python3.12/site-packages/airflow/example_dags/example_trigger_controller_dag.py
[2025-02-19T09:46:01.449+0000] {logging_mixin.py:190} INFO - [2025-02-19T09:46:01.449+0000] {dag.py:3229} INFO - Sync 1 DAGs
[2025-02-19T09:46:01.465+0000] {logging_mixin.py:190} INFO - [2025-02-19T09:46:01.465+0000] {dag.py:4156} INFO - Setting next_dagrun for example_trigger_controller_dag to 2021-01-01 00:00:00+00:00, run_after=2021-01-01 00:00:00+00:00
[2025-02-19T09:46:01.477+0000] {processor.py:208} INFO - Processing /home/airflow/.local/lib/python3.12/site-packages/airflow/example_dags/example_trigger_controller_dag.py took 0.056 seconds
[2025-02-19T09:46:32.285+0000] {processor.py:186} INFO - Started process (PID=1107) to work on /home/airflow/.local/lib/python3.12/site-packages/airflow/example_dags/example_trigger_controller_dag.py
[2025-02-19T09:46:32.286+0000] {processor.py:914} INFO - Processing file /home/airflow/.local/lib/python3.12/site-packages/airflow/example_dags/example_trigger_controller_dag.py for tasks to queue
[2025-02-19T09:46:32.287+0000] {logging_mixin.py:190} INFO - [2025-02-19T09:46:32.287+0000] {dagbag.py:587} INFO - Filling up the DagBag from /home/airflow/.local/lib/python3.12/site-packages/airflow/example_dags/example_trigger_controller_dag.py
[2025-02-19T09:46:32.293+0000] {processor.py:925} INFO - DAG(s) 'example_trigger_controller_dag' retrieved from /home/airflow/.local/lib/python3.12/site-packages/airflow/example_dags/example_trigger_controller_dag.py
[2025-02-19T09:46:32.309+0000] {logging_mixin.py:190} INFO - [2025-02-19T09:46:32.309+0000] {dag.py:3229} INFO - Sync 1 DAGs
[2025-02-19T09:46:32.327+0000] {logging_mixin.py:190} INFO - [2025-02-19T09:46:32.327+0000] {dag.py:4156} INFO - Setting next_dagrun for example_trigger_controller_dag to 2021-01-01 00:00:00+00:00, run_after=2021-01-01 00:00:00+00:00
[2025-02-19T09:46:32.340+0000] {processor.py:208} INFO - Processing /home/airflow/.local/lib/python3.12/site-packages/airflow/example_dags/example_trigger_controller_dag.py took 0.060 seconds
[2025-02-19T09:47:03.124+0000] {processor.py:186} INFO - Started process (PID=1171) to work on /home/airflow/.local/lib/python3.12/site-packages/airflow/example_dags/example_trigger_controller_dag.py
[2025-02-19T09:47:03.125+0000] {processor.py:914} INFO - Processing file /home/airflow/.local/lib/python3.12/site-packages/airflow/example_dags/example_trigger_controller_dag.py for tasks to queue
[2025-02-19T09:47:03.127+0000] {logging_mixin.py:190} INFO - [2025-02-19T09:47:03.126+0000] {dagbag.py:587} INFO - Filling up the DagBag from /home/airflow/.local/lib/python3.12/site-packages/airflow/example_dags/example_trigger_controller_dag.py
[2025-02-19T09:47:03.132+0000] {processor.py:925} INFO - DAG(s) 'example_trigger_controller_dag' retrieved from /home/airflow/.local/lib/python3.12/site-packages/airflow/example_dags/example_trigger_controller_dag.py
[2025-02-19T09:47:03.148+0000] {logging_mixin.py:190} INFO - [2025-02-19T09:47:03.147+0000] {dag.py:3229} INFO - Sync 1 DAGs
[2025-02-19T09:47:03.167+0000] {logging_mixin.py:190} INFO - [2025-02-19T09:47:03.167+0000] {dag.py:4156} INFO - Setting next_dagrun for example_trigger_controller_dag to 2021-01-01 00:00:00+00:00, run_after=2021-01-01 00:00:00+00:00
[2025-02-19T09:47:03.184+0000] {processor.py:208} INFO - Processing /home/airflow/.local/lib/python3.12/site-packages/airflow/example_dags/example_trigger_controller_dag.py took 0.065 seconds
[2025-02-19T09:47:33.570+0000] {processor.py:186} INFO - Started process (PID=1235) to work on /home/airflow/.local/lib/python3.12/site-packages/airflow/example_dags/example_trigger_controller_dag.py
[2025-02-19T09:47:33.571+0000] {processor.py:914} INFO - Processing file /home/airflow/.local/lib/python3.12/site-packages/airflow/example_dags/example_trigger_controller_dag.py for tasks to queue
[2025-02-19T09:47:33.574+0000] {logging_mixin.py:190} INFO - [2025-02-19T09:47:33.573+0000] {dagbag.py:587} INFO - Filling up the DagBag from /home/airflow/.local/lib/python3.12/site-packages/airflow/example_dags/example_trigger_controller_dag.py
[2025-02-19T09:47:33.580+0000] {processor.py:925} INFO - DAG(s) 'example_trigger_controller_dag' retrieved from /home/airflow/.local/lib/python3.12/site-packages/airflow/example_dags/example_trigger_controller_dag.py
[2025-02-19T09:47:33.602+0000] {logging_mixin.py:190} INFO - [2025-02-19T09:47:33.602+0000] {dag.py:3229} INFO - Sync 1 DAGs
[2025-02-19T09:47:33.623+0000] {logging_mixin.py:190} INFO - [2025-02-19T09:47:33.623+0000] {dag.py:4156} INFO - Setting next_dagrun for example_trigger_controller_dag to 2021-01-01 00:00:00+00:00, run_after=2021-01-01 00:00:00+00:00
[2025-02-19T09:47:33.644+0000] {processor.py:208} INFO - Processing /home/airflow/.local/lib/python3.12/site-packages/airflow/example_dags/example_trigger_controller_dag.py took 0.078 seconds
[2025-02-19T09:48:03.989+0000] {processor.py:186} INFO - Started process (PID=1300) to work on /home/airflow/.local/lib/python3.12/site-packages/airflow/example_dags/example_trigger_controller_dag.py
[2025-02-19T09:48:03.990+0000] {processor.py:914} INFO - Processing file /home/airflow/.local/lib/python3.12/site-packages/airflow/example_dags/example_trigger_controller_dag.py for tasks to queue
[2025-02-19T09:48:03.993+0000] {logging_mixin.py:190} INFO - [2025-02-19T09:48:03.992+0000] {dagbag.py:587} INFO - Filling up the DagBag from /home/airflow/.local/lib/python3.12/site-packages/airflow/example_dags/example_trigger_controller_dag.py
[2025-02-19T09:48:03.999+0000] {processor.py:925} INFO - DAG(s) 'example_trigger_controller_dag' retrieved from /home/airflow/.local/lib/python3.12/site-packages/airflow/example_dags/example_trigger_controller_dag.py
[2025-02-19T09:48:04.017+0000] {logging_mixin.py:190} INFO - [2025-02-19T09:48:04.017+0000] {dag.py:3229} INFO - Sync 1 DAGs
[2025-02-19T09:48:04.038+0000] {logging_mixin.py:190} INFO - [2025-02-19T09:48:04.038+0000] {dag.py:4156} INFO - Setting next_dagrun for example_trigger_controller_dag to 2021-01-01 00:00:00+00:00, run_after=2021-01-01 00:00:00+00:00
[2025-02-19T09:48:04.058+0000] {processor.py:208} INFO - Processing /home/airflow/.local/lib/python3.12/site-packages/airflow/example_dags/example_trigger_controller_dag.py took 0.074 seconds
[2025-02-19T09:48:34.118+0000] {processor.py:186} INFO - Started process (PID=1364) to work on /home/airflow/.local/lib/python3.12/site-packages/airflow/example_dags/example_trigger_controller_dag.py
[2025-02-19T09:48:34.119+0000] {processor.py:914} INFO - Processing file /home/airflow/.local/lib/python3.12/site-packages/airflow/example_dags/example_trigger_controller_dag.py for tasks to queue
[2025-02-19T09:48:34.121+0000] {logging_mixin.py:190} INFO - [2025-02-19T09:48:34.121+0000] {dagbag.py:587} INFO - Filling up the DagBag from /home/airflow/.local/lib/python3.12/site-packages/airflow/example_dags/example_trigger_controller_dag.py
[2025-02-19T09:48:34.127+0000] {processor.py:925} INFO - DAG(s) 'example_trigger_controller_dag' retrieved from /home/airflow/.local/lib/python3.12/site-packages/airflow/example_dags/example_trigger_controller_dag.py
[2025-02-19T09:48:34.144+0000] {logging_mixin.py:190} INFO - [2025-02-19T09:48:34.144+0000] {dag.py:3229} INFO - Sync 1 DAGs
[2025-02-19T09:48:34.163+0000] {logging_mixin.py:190} INFO - [2025-02-19T09:48:34.163+0000] {dag.py:4156} INFO - Setting next_dagrun for example_trigger_controller_dag to 2021-01-01 00:00:00+00:00, run_after=2021-01-01 00:00:00+00:00
[2025-02-19T09:48:34.177+0000] {processor.py:208} INFO - Processing /home/airflow/.local/lib/python3.12/site-packages/airflow/example_dags/example_trigger_controller_dag.py took 0.064 seconds
[2025-02-19T09:49:05.043+0000] {processor.py:186} INFO - Started process (PID=1428) to work on /home/airflow/.local/lib/python3.12/site-packages/airflow/example_dags/example_trigger_controller_dag.py
[2025-02-19T09:49:05.044+0000] {processor.py:914} INFO - Processing file /home/airflow/.local/lib/python3.12/site-packages/airflow/example_dags/example_trigger_controller_dag.py for tasks to queue
[2025-02-19T09:49:05.046+0000] {logging_mixin.py:190} INFO - [2025-02-19T09:49:05.046+0000] {dagbag.py:587} INFO - Filling up the DagBag from /home/airflow/.local/lib/python3.12/site-packages/airflow/example_dags/example_trigger_controller_dag.py
[2025-02-19T09:49:05.052+0000] {processor.py:925} INFO - DAG(s) 'example_trigger_controller_dag' retrieved from /home/airflow/.local/lib/python3.12/site-packages/airflow/example_dags/example_trigger_controller_dag.py
[2025-02-19T09:49:05.068+0000] {logging_mixin.py:190} INFO - [2025-02-19T09:49:05.067+0000] {dag.py:3229} INFO - Sync 1 DAGs
[2025-02-19T09:49:05.088+0000] {logging_mixin.py:190} INFO - [2025-02-19T09:49:05.088+0000] {dag.py:4156} INFO - Setting next_dagrun for example_trigger_controller_dag to 2021-01-01 00:00:00+00:00, run_after=2021-01-01 00:00:00+00:00
[2025-02-19T09:49:05.105+0000] {processor.py:208} INFO - Processing /home/airflow/.local/lib/python3.12/site-packages/airflow/example_dags/example_trigger_controller_dag.py took 0.066 seconds
[2025-02-19T09:49:35.973+0000] {processor.py:186} INFO - Started process (PID=1492) to work on /home/airflow/.local/lib/python3.12/site-packages/airflow/example_dags/example_trigger_controller_dag.py
[2025-02-19T09:49:35.975+0000] {processor.py:914} INFO - Processing file /home/airflow/.local/lib/python3.12/site-packages/airflow/example_dags/example_trigger_controller_dag.py for tasks to queue
[2025-02-19T09:49:35.977+0000] {logging_mixin.py:190} INFO - [2025-02-19T09:49:35.976+0000] {dagbag.py:587} INFO - Filling up the DagBag from /home/airflow/.local/lib/python3.12/site-packages/airflow/example_dags/example_trigger_controller_dag.py
[2025-02-19T09:49:35.982+0000] {processor.py:925} INFO - DAG(s) 'example_trigger_controller_dag' retrieved from /home/airflow/.local/lib/python3.12/site-packages/airflow/example_dags/example_trigger_controller_dag.py
[2025-02-19T09:49:35.999+0000] {logging_mixin.py:190} INFO - [2025-02-19T09:49:35.998+0000] {dag.py:3229} INFO - Sync 1 DAGs
[2025-02-19T09:49:36.018+0000] {logging_mixin.py:190} INFO - [2025-02-19T09:49:36.018+0000] {dag.py:4156} INFO - Setting next_dagrun for example_trigger_controller_dag to 2021-01-01 00:00:00+00:00, run_after=2021-01-01 00:00:00+00:00
[2025-02-19T09:49:36.035+0000] {processor.py:208} INFO - Processing /home/airflow/.local/lib/python3.12/site-packages/airflow/example_dags/example_trigger_controller_dag.py took 0.066 seconds
[2025-02-19T09:50:06.237+0000] {processor.py:186} INFO - Started process (PID=1556) to work on /home/airflow/.local/lib/python3.12/site-packages/airflow/example_dags/example_trigger_controller_dag.py
[2025-02-19T09:50:06.238+0000] {processor.py:914} INFO - Processing file /home/airflow/.local/lib/python3.12/site-packages/airflow/example_dags/example_trigger_controller_dag.py for tasks to queue
[2025-02-19T09:50:06.240+0000] {logging_mixin.py:190} INFO - [2025-02-19T09:50:06.240+0000] {dagbag.py:587} INFO - Filling up the DagBag from /home/airflow/.local/lib/python3.12/site-packages/airflow/example_dags/example_trigger_controller_dag.py
[2025-02-19T09:50:06.246+0000] {processor.py:925} INFO - DAG(s) 'example_trigger_controller_dag' retrieved from /home/airflow/.local/lib/python3.12/site-packages/airflow/example_dags/example_trigger_controller_dag.py
[2025-02-19T09:50:06.265+0000] {logging_mixin.py:190} INFO - [2025-02-19T09:50:06.264+0000] {dag.py:3229} INFO - Sync 1 DAGs
[2025-02-19T09:50:06.283+0000] {logging_mixin.py:190} INFO - [2025-02-19T09:50:06.283+0000] {dag.py:4156} INFO - Setting next_dagrun for example_trigger_controller_dag to 2021-01-01 00:00:00+00:00, run_after=2021-01-01 00:00:00+00:00
[2025-02-19T09:50:06.300+0000] {processor.py:208} INFO - Processing /home/airflow/.local/lib/python3.12/site-packages/airflow/example_dags/example_trigger_controller_dag.py took 0.068 seconds
[2025-02-19T09:50:36.545+0000] {processor.py:186} INFO - Started process (PID=1620) to work on /home/airflow/.local/lib/python3.12/site-packages/airflow/example_dags/example_trigger_controller_dag.py
[2025-02-19T09:50:36.546+0000] {processor.py:914} INFO - Processing file /home/airflow/.local/lib/python3.12/site-packages/airflow/example_dags/example_trigger_controller_dag.py for tasks to queue
[2025-02-19T09:50:36.548+0000] {logging_mixin.py:190} INFO - [2025-02-19T09:50:36.548+0000] {dagbag.py:587} INFO - Filling up the DagBag from /home/airflow/.local/lib/python3.12/site-packages/airflow/example_dags/example_trigger_controller_dag.py
[2025-02-19T09:50:36.553+0000] {processor.py:925} INFO - DAG(s) 'example_trigger_controller_dag' retrieved from /home/airflow/.local/lib/python3.12/site-packages/airflow/example_dags/example_trigger_controller_dag.py
[2025-02-19T09:50:36.570+0000] {logging_mixin.py:190} INFO - [2025-02-19T09:50:36.570+0000] {dag.py:3229} INFO - Sync 1 DAGs
[2025-02-19T09:50:36.589+0000] {logging_mixin.py:190} INFO - [2025-02-19T09:50:36.589+0000] {dag.py:4156} INFO - Setting next_dagrun for example_trigger_controller_dag to 2021-01-01 00:00:00+00:00, run_after=2021-01-01 00:00:00+00:00
[2025-02-19T09:50:36.605+0000] {processor.py:208} INFO - Processing /home/airflow/.local/lib/python3.12/site-packages/airflow/example_dags/example_trigger_controller_dag.py took 0.065 seconds
[2025-02-19T09:51:07.097+0000] {processor.py:186} INFO - Started process (PID=1684) to work on /home/airflow/.local/lib/python3.12/site-packages/airflow/example_dags/example_trigger_controller_dag.py
[2025-02-19T09:51:07.099+0000] {processor.py:914} INFO - Processing file /home/airflow/.local/lib/python3.12/site-packages/airflow/example_dags/example_trigger_controller_dag.py for tasks to queue
[2025-02-19T09:51:07.101+0000] {logging_mixin.py:190} INFO - [2025-02-19T09:51:07.100+0000] {dagbag.py:587} INFO - Filling up the DagBag from /home/airflow/.local/lib/python3.12/site-packages/airflow/example_dags/example_trigger_controller_dag.py
[2025-02-19T09:51:07.106+0000] {processor.py:925} INFO - DAG(s) 'example_trigger_controller_dag' retrieved from /home/airflow/.local/lib/python3.12/site-packages/airflow/example_dags/example_trigger_controller_dag.py
[2025-02-19T09:51:07.125+0000] {logging_mixin.py:190} INFO - [2025-02-19T09:51:07.125+0000] {dag.py:3229} INFO - Sync 1 DAGs
[2025-02-19T09:51:07.143+0000] {logging_mixin.py:190} INFO - [2025-02-19T09:51:07.143+0000] {dag.py:4156} INFO - Setting next_dagrun for example_trigger_controller_dag to 2021-01-01 00:00:00+00:00, run_after=2021-01-01 00:00:00+00:00
[2025-02-19T09:51:07.160+0000] {processor.py:208} INFO - Processing /home/airflow/.local/lib/python3.12/site-packages/airflow/example_dags/example_trigger_controller_dag.py took 0.068 seconds
[2025-02-19T09:51:37.250+0000] {processor.py:186} INFO - Started process (PID=1748) to work on /home/airflow/.local/lib/python3.12/site-packages/airflow/example_dags/example_trigger_controller_dag.py
[2025-02-19T09:51:37.252+0000] {processor.py:914} INFO - Processing file /home/airflow/.local/lib/python3.12/site-packages/airflow/example_dags/example_trigger_controller_dag.py for tasks to queue
[2025-02-19T09:51:37.254+0000] {logging_mixin.py:190} INFO - [2025-02-19T09:51:37.253+0000] {dagbag.py:587} INFO - Filling up the DagBag from /home/airflow/.local/lib/python3.12/site-packages/airflow/example_dags/example_trigger_controller_dag.py
[2025-02-19T09:51:37.259+0000] {processor.py:925} INFO - DAG(s) 'example_trigger_controller_dag' retrieved from /home/airflow/.local/lib/python3.12/site-packages/airflow/example_dags/example_trigger_controller_dag.py
[2025-02-19T09:51:37.276+0000] {logging_mixin.py:190} INFO - [2025-02-19T09:51:37.275+0000] {dag.py:3229} INFO - Sync 1 DAGs
[2025-02-19T09:51:37.294+0000] {logging_mixin.py:190} INFO - [2025-02-19T09:51:37.294+0000] {dag.py:4156} INFO - Setting next_dagrun for example_trigger_controller_dag to 2021-01-01 00:00:00+00:00, run_after=2021-01-01 00:00:00+00:00
[2025-02-19T09:51:37.308+0000] {processor.py:208} INFO - Processing /home/airflow/.local/lib/python3.12/site-packages/airflow/example_dags/example_trigger_controller_dag.py took 0.062 seconds
[2025-02-19T09:52:07.539+0000] {processor.py:186} INFO - Started process (PID=1812) to work on /home/airflow/.local/lib/python3.12/site-packages/airflow/example_dags/example_trigger_controller_dag.py
[2025-02-19T09:52:07.540+0000] {processor.py:914} INFO - Processing file /home/airflow/.local/lib/python3.12/site-packages/airflow/example_dags/example_trigger_controller_dag.py for tasks to queue
[2025-02-19T09:52:07.542+0000] {logging_mixin.py:190} INFO - [2025-02-19T09:52:07.541+0000] {dagbag.py:587} INFO - Filling up the DagBag from /home/airflow/.local/lib/python3.12/site-packages/airflow/example_dags/example_trigger_controller_dag.py
[2025-02-19T09:52:07.547+0000] {processor.py:925} INFO - DAG(s) 'example_trigger_controller_dag' retrieved from /home/airflow/.local/lib/python3.12/site-packages/airflow/example_dags/example_trigger_controller_dag.py
[2025-02-19T09:52:07.567+0000] {logging_mixin.py:190} INFO - [2025-02-19T09:52:07.566+0000] {dag.py:3229} INFO - Sync 1 DAGs
[2025-02-19T09:52:07.587+0000] {logging_mixin.py:190} INFO - [2025-02-19T09:52:07.586+0000] {dag.py:4156} INFO - Setting next_dagrun for example_trigger_controller_dag to 2021-01-01 00:00:00+00:00, run_after=2021-01-01 00:00:00+00:00
[2025-02-19T09:52:07.603+0000] {processor.py:208} INFO - Processing /home/airflow/.local/lib/python3.12/site-packages/airflow/example_dags/example_trigger_controller_dag.py took 0.069 seconds
[2025-02-19T09:52:37.806+0000] {processor.py:186} INFO - Started process (PID=1876) to work on /home/airflow/.local/lib/python3.12/site-packages/airflow/example_dags/example_trigger_controller_dag.py
[2025-02-19T09:52:37.807+0000] {processor.py:914} INFO - Processing file /home/airflow/.local/lib/python3.12/site-packages/airflow/example_dags/example_trigger_controller_dag.py for tasks to queue
[2025-02-19T09:52:37.809+0000] {logging_mixin.py:190} INFO - [2025-02-19T09:52:37.809+0000] {dagbag.py:587} INFO - Filling up the DagBag from /home/airflow/.local/lib/python3.12/site-packages/airflow/example_dags/example_trigger_controller_dag.py
[2025-02-19T09:52:37.814+0000] {processor.py:925} INFO - DAG(s) 'example_trigger_controller_dag' retrieved from /home/airflow/.local/lib/python3.12/site-packages/airflow/example_dags/example_trigger_controller_dag.py
[2025-02-19T09:52:37.830+0000] {logging_mixin.py:190} INFO - [2025-02-19T09:52:37.829+0000] {dag.py:3229} INFO - Sync 1 DAGs
[2025-02-19T09:52:37.847+0000] {logging_mixin.py:190} INFO - [2025-02-19T09:52:37.847+0000] {dag.py:4156} INFO - Setting next_dagrun for example_trigger_controller_dag to 2021-01-01 00:00:00+00:00, run_after=2021-01-01 00:00:00+00:00
[2025-02-19T09:52:37.860+0000] {processor.py:208} INFO - Processing /home/airflow/.local/lib/python3.12/site-packages/airflow/example_dags/example_trigger_controller_dag.py took 0.058 seconds
[2025-02-19T09:53:08.152+0000] {processor.py:186} INFO - Started process (PID=1940) to work on /home/airflow/.local/lib/python3.12/site-packages/airflow/example_dags/example_trigger_controller_dag.py
[2025-02-19T09:53:08.153+0000] {processor.py:914} INFO - Processing file /home/airflow/.local/lib/python3.12/site-packages/airflow/example_dags/example_trigger_controller_dag.py for tasks to queue
[2025-02-19T09:53:08.156+0000] {logging_mixin.py:190} INFO - [2025-02-19T09:53:08.155+0000] {dagbag.py:587} INFO - Filling up the DagBag from /home/airflow/.local/lib/python3.12/site-packages/airflow/example_dags/example_trigger_controller_dag.py
[2025-02-19T09:53:08.163+0000] {processor.py:925} INFO - DAG(s) 'example_trigger_controller_dag' retrieved from /home/airflow/.local/lib/python3.12/site-packages/airflow/example_dags/example_trigger_controller_dag.py
[2025-02-19T09:53:08.181+0000] {logging_mixin.py:190} INFO - [2025-02-19T09:53:08.180+0000] {dag.py:3229} INFO - Sync 1 DAGs
[2025-02-19T09:53:08.200+0000] {logging_mixin.py:190} INFO - [2025-02-19T09:53:08.199+0000] {dag.py:4156} INFO - Setting next_dagrun for example_trigger_controller_dag to 2021-01-01 00:00:00+00:00, run_after=2021-01-01 00:00:00+00:00
[2025-02-19T09:53:08.217+0000] {processor.py:208} INFO - Processing /home/airflow/.local/lib/python3.12/site-packages/airflow/example_dags/example_trigger_controller_dag.py took 0.070 seconds
[2025-02-19T09:53:38.555+0000] {processor.py:186} INFO - Started process (PID=2004) to work on /home/airflow/.local/lib/python3.12/site-packages/airflow/example_dags/example_trigger_controller_dag.py
[2025-02-19T09:53:38.556+0000] {processor.py:914} INFO - Processing file /home/airflow/.local/lib/python3.12/site-packages/airflow/example_dags/example_trigger_controller_dag.py for tasks to queue
[2025-02-19T09:53:38.558+0000] {logging_mixin.py:190} INFO - [2025-02-19T09:53:38.558+0000] {dagbag.py:587} INFO - Filling up the DagBag from /home/airflow/.local/lib/python3.12/site-packages/airflow/example_dags/example_trigger_controller_dag.py
[2025-02-19T09:53:38.564+0000] {processor.py:925} INFO - DAG(s) 'example_trigger_controller_dag' retrieved from /home/airflow/.local/lib/python3.12/site-packages/airflow/example_dags/example_trigger_controller_dag.py
[2025-02-19T09:53:38.581+0000] {logging_mixin.py:190} INFO - [2025-02-19T09:53:38.580+0000] {dag.py:3229} INFO - Sync 1 DAGs
[2025-02-19T09:53:38.602+0000] {logging_mixin.py:190} INFO - [2025-02-19T09:53:38.602+0000] {dag.py:4156} INFO - Setting next_dagrun for example_trigger_controller_dag to 2021-01-01 00:00:00+00:00, run_after=2021-01-01 00:00:00+00:00
[2025-02-19T09:53:38.620+0000] {processor.py:208} INFO - Processing /home/airflow/.local/lib/python3.12/site-packages/airflow/example_dags/example_trigger_controller_dag.py took 0.070 seconds
[2025-02-19T09:54:08.844+0000] {processor.py:186} INFO - Started process (PID=2068) to work on /home/airflow/.local/lib/python3.12/site-packages/airflow/example_dags/example_trigger_controller_dag.py
[2025-02-19T09:54:08.845+0000] {processor.py:914} INFO - Processing file /home/airflow/.local/lib/python3.12/site-packages/airflow/example_dags/example_trigger_controller_dag.py for tasks to queue
[2025-02-19T09:54:08.846+0000] {logging_mixin.py:190} INFO - [2025-02-19T09:54:08.846+0000] {dagbag.py:587} INFO - Filling up the DagBag from /home/airflow/.local/lib/python3.12/site-packages/airflow/example_dags/example_trigger_controller_dag.py
[2025-02-19T09:54:08.852+0000] {processor.py:925} INFO - DAG(s) 'example_trigger_controller_dag' retrieved from /home/airflow/.local/lib/python3.12/site-packages/airflow/example_dags/example_trigger_controller_dag.py
[2025-02-19T09:54:08.872+0000] {logging_mixin.py:190} INFO - [2025-02-19T09:54:08.871+0000] {dag.py:3229} INFO - Sync 1 DAGs
[2025-02-19T09:54:08.896+0000] {logging_mixin.py:190} INFO - [2025-02-19T09:54:08.896+0000] {dag.py:4156} INFO - Setting next_dagrun for example_trigger_controller_dag to 2021-01-01 00:00:00+00:00, run_after=2021-01-01 00:00:00+00:00
[2025-02-19T09:54:08.919+0000] {processor.py:208} INFO - Processing /home/airflow/.local/lib/python3.12/site-packages/airflow/example_dags/example_trigger_controller_dag.py took 0.080 seconds
[2025-02-19T09:54:39.149+0000] {processor.py:186} INFO - Started process (PID=2132) to work on /home/airflow/.local/lib/python3.12/site-packages/airflow/example_dags/example_trigger_controller_dag.py
[2025-02-19T09:54:39.150+0000] {processor.py:914} INFO - Processing file /home/airflow/.local/lib/python3.12/site-packages/airflow/example_dags/example_trigger_controller_dag.py for tasks to queue
[2025-02-19T09:54:39.152+0000] {logging_mixin.py:190} INFO - [2025-02-19T09:54:39.151+0000] {dagbag.py:587} INFO - Filling up the DagBag from /home/airflow/.local/lib/python3.12/site-packages/airflow/example_dags/example_trigger_controller_dag.py
[2025-02-19T09:54:39.157+0000] {processor.py:925} INFO - DAG(s) 'example_trigger_controller_dag' retrieved from /home/airflow/.local/lib/python3.12/site-packages/airflow/example_dags/example_trigger_controller_dag.py
[2025-02-19T09:54:39.173+0000] {logging_mixin.py:190} INFO - [2025-02-19T09:54:39.172+0000] {dag.py:3229} INFO - Sync 1 DAGs
[2025-02-19T09:54:39.191+0000] {logging_mixin.py:190} INFO - [2025-02-19T09:54:39.191+0000] {dag.py:4156} INFO - Setting next_dagrun for example_trigger_controller_dag to 2021-01-01 00:00:00+00:00, run_after=2021-01-01 00:00:00+00:00
[2025-02-19T09:54:39.209+0000] {processor.py:208} INFO - Processing /home/airflow/.local/lib/python3.12/site-packages/airflow/example_dags/example_trigger_controller_dag.py took 0.064 seconds
[2025-02-19T09:55:09.473+0000] {processor.py:186} INFO - Started process (PID=2196) to work on /home/airflow/.local/lib/python3.12/site-packages/airflow/example_dags/example_trigger_controller_dag.py
[2025-02-19T09:55:09.474+0000] {processor.py:914} INFO - Processing file /home/airflow/.local/lib/python3.12/site-packages/airflow/example_dags/example_trigger_controller_dag.py for tasks to queue
[2025-02-19T09:55:09.476+0000] {logging_mixin.py:190} INFO - [2025-02-19T09:55:09.476+0000] {dagbag.py:587} INFO - Filling up the DagBag from /home/airflow/.local/lib/python3.12/site-packages/airflow/example_dags/example_trigger_controller_dag.py
[2025-02-19T09:55:09.481+0000] {processor.py:925} INFO - DAG(s) 'example_trigger_controller_dag' retrieved from /home/airflow/.local/lib/python3.12/site-packages/airflow/example_dags/example_trigger_controller_dag.py
[2025-02-19T09:55:09.495+0000] {logging_mixin.py:190} INFO - [2025-02-19T09:55:09.494+0000] {dag.py:3229} INFO - Sync 1 DAGs
[2025-02-19T09:55:09.512+0000] {logging_mixin.py:190} INFO - [2025-02-19T09:55:09.511+0000] {dag.py:4156} INFO - Setting next_dagrun for example_trigger_controller_dag to 2021-01-01 00:00:00+00:00, run_after=2021-01-01 00:00:00+00:00
[2025-02-19T09:55:09.527+0000] {processor.py:208} INFO - Processing /home/airflow/.local/lib/python3.12/site-packages/airflow/example_dags/example_trigger_controller_dag.py took 0.059 seconds
[2025-02-19T09:55:39.805+0000] {processor.py:186} INFO - Started process (PID=2260) to work on /home/airflow/.local/lib/python3.12/site-packages/airflow/example_dags/example_trigger_controller_dag.py
[2025-02-19T09:55:39.806+0000] {processor.py:914} INFO - Processing file /home/airflow/.local/lib/python3.12/site-packages/airflow/example_dags/example_trigger_controller_dag.py for tasks to queue
[2025-02-19T09:55:39.808+0000] {logging_mixin.py:190} INFO - [2025-02-19T09:55:39.808+0000] {dagbag.py:587} INFO - Filling up the DagBag from /home/airflow/.local/lib/python3.12/site-packages/airflow/example_dags/example_trigger_controller_dag.py
[2025-02-19T09:55:39.814+0000] {processor.py:925} INFO - DAG(s) 'example_trigger_controller_dag' retrieved from /home/airflow/.local/lib/python3.12/site-packages/airflow/example_dags/example_trigger_controller_dag.py
[2025-02-19T09:55:39.831+0000] {logging_mixin.py:190} INFO - [2025-02-19T09:55:39.830+0000] {dag.py:3229} INFO - Sync 1 DAGs
[2025-02-19T09:55:39.849+0000] {logging_mixin.py:190} INFO - [2025-02-19T09:55:39.849+0000] {dag.py:4156} INFO - Setting next_dagrun for example_trigger_controller_dag to 2021-01-01 00:00:00+00:00, run_after=2021-01-01 00:00:00+00:00
[2025-02-19T09:55:39.863+0000] {processor.py:208} INFO - Processing /home/airflow/.local/lib/python3.12/site-packages/airflow/example_dags/example_trigger_controller_dag.py took 0.063 seconds
[2025-02-19T09:56:10.310+0000] {processor.py:186} INFO - Started process (PID=2324) to work on /home/airflow/.local/lib/python3.12/site-packages/airflow/example_dags/example_trigger_controller_dag.py
[2025-02-19T09:56:10.311+0000] {processor.py:914} INFO - Processing file /home/airflow/.local/lib/python3.12/site-packages/airflow/example_dags/example_trigger_controller_dag.py for tasks to queue
[2025-02-19T09:56:10.313+0000] {logging_mixin.py:190} INFO - [2025-02-19T09:56:10.313+0000] {dagbag.py:587} INFO - Filling up the DagBag from /home/airflow/.local/lib/python3.12/site-packages/airflow/example_dags/example_trigger_controller_dag.py
[2025-02-19T09:56:10.319+0000] {processor.py:925} INFO - DAG(s) 'example_trigger_controller_dag' retrieved from /home/airflow/.local/lib/python3.12/site-packages/airflow/example_dags/example_trigger_controller_dag.py
[2025-02-19T09:56:10.336+0000] {logging_mixin.py:190} INFO - [2025-02-19T09:56:10.336+0000] {dag.py:3229} INFO - Sync 1 DAGs
[2025-02-19T09:56:10.353+0000] {logging_mixin.py:190} INFO - [2025-02-19T09:56:10.353+0000] {dag.py:4156} INFO - Setting next_dagrun for example_trigger_controller_dag to 2021-01-01 00:00:00+00:00, run_after=2021-01-01 00:00:00+00:00
[2025-02-19T09:56:10.367+0000] {processor.py:208} INFO - Processing /home/airflow/.local/lib/python3.12/site-packages/airflow/example_dags/example_trigger_controller_dag.py took 0.063 seconds
[2025-02-19T09:56:40.435+0000] {processor.py:186} INFO - Started process (PID=2388) to work on /home/airflow/.local/lib/python3.12/site-packages/airflow/example_dags/example_trigger_controller_dag.py
[2025-02-19T09:56:40.436+0000] {processor.py:914} INFO - Processing file /home/airflow/.local/lib/python3.12/site-packages/airflow/example_dags/example_trigger_controller_dag.py for tasks to queue
[2025-02-19T09:56:40.438+0000] {logging_mixin.py:190} INFO - [2025-02-19T09:56:40.437+0000] {dagbag.py:587} INFO - Filling up the DagBag from /home/airflow/.local/lib/python3.12/site-packages/airflow/example_dags/example_trigger_controller_dag.py
[2025-02-19T09:56:40.444+0000] {processor.py:925} INFO - DAG(s) 'example_trigger_controller_dag' retrieved from /home/airflow/.local/lib/python3.12/site-packages/airflow/example_dags/example_trigger_controller_dag.py
[2025-02-19T09:56:40.465+0000] {logging_mixin.py:190} INFO - [2025-02-19T09:56:40.465+0000] {dag.py:3229} INFO - Sync 1 DAGs
[2025-02-19T09:56:40.490+0000] {logging_mixin.py:190} INFO - [2025-02-19T09:56:40.489+0000] {dag.py:4156} INFO - Setting next_dagrun for example_trigger_controller_dag to 2021-01-01 00:00:00+00:00, run_after=2021-01-01 00:00:00+00:00
[2025-02-19T09:56:40.507+0000] {processor.py:208} INFO - Processing /home/airflow/.local/lib/python3.12/site-packages/airflow/example_dags/example_trigger_controller_dag.py took 0.078 seconds
[2025-02-19T09:57:10.814+0000] {processor.py:186} INFO - Started process (PID=2453) to work on /home/airflow/.local/lib/python3.12/site-packages/airflow/example_dags/example_trigger_controller_dag.py
[2025-02-19T09:57:10.815+0000] {processor.py:914} INFO - Processing file /home/airflow/.local/lib/python3.12/site-packages/airflow/example_dags/example_trigger_controller_dag.py for tasks to queue
[2025-02-19T09:57:10.817+0000] {logging_mixin.py:190} INFO - [2025-02-19T09:57:10.817+0000] {dagbag.py:587} INFO - Filling up the DagBag from /home/airflow/.local/lib/python3.12/site-packages/airflow/example_dags/example_trigger_controller_dag.py
[2025-02-19T09:57:10.822+0000] {processor.py:925} INFO - DAG(s) 'example_trigger_controller_dag' retrieved from /home/airflow/.local/lib/python3.12/site-packages/airflow/example_dags/example_trigger_controller_dag.py
[2025-02-19T09:57:10.839+0000] {logging_mixin.py:190} INFO - [2025-02-19T09:57:10.838+0000] {dag.py:3229} INFO - Sync 1 DAGs
[2025-02-19T09:57:10.856+0000] {logging_mixin.py:190} INFO - [2025-02-19T09:57:10.856+0000] {dag.py:4156} INFO - Setting next_dagrun for example_trigger_controller_dag to 2021-01-01 00:00:00+00:00, run_after=2021-01-01 00:00:00+00:00
[2025-02-19T09:57:10.870+0000] {processor.py:208} INFO - Processing /home/airflow/.local/lib/python3.12/site-packages/airflow/example_dags/example_trigger_controller_dag.py took 0.061 seconds
[2025-02-19T09:57:41.239+0000] {processor.py:186} INFO - Started process (PID=2518) to work on /home/airflow/.local/lib/python3.12/site-packages/airflow/example_dags/example_trigger_controller_dag.py
[2025-02-19T09:57:41.240+0000] {processor.py:914} INFO - Processing file /home/airflow/.local/lib/python3.12/site-packages/airflow/example_dags/example_trigger_controller_dag.py for tasks to queue
[2025-02-19T09:57:41.241+0000] {logging_mixin.py:190} INFO - [2025-02-19T09:57:41.241+0000] {dagbag.py:587} INFO - Filling up the DagBag from /home/airflow/.local/lib/python3.12/site-packages/airflow/example_dags/example_trigger_controller_dag.py
[2025-02-19T09:57:41.247+0000] {processor.py:925} INFO - DAG(s) 'example_trigger_controller_dag' retrieved from /home/airflow/.local/lib/python3.12/site-packages/airflow/example_dags/example_trigger_controller_dag.py
[2025-02-19T09:57:41.264+0000] {logging_mixin.py:190} INFO - [2025-02-19T09:57:41.263+0000] {dag.py:3229} INFO - Sync 1 DAGs
[2025-02-19T09:57:41.283+0000] {logging_mixin.py:190} INFO - [2025-02-19T09:57:41.283+0000] {dag.py:4156} INFO - Setting next_dagrun for example_trigger_controller_dag to 2021-01-01 00:00:00+00:00, run_after=2021-01-01 00:00:00+00:00
[2025-02-19T09:57:41.299+0000] {processor.py:208} INFO - Processing /home/airflow/.local/lib/python3.12/site-packages/airflow/example_dags/example_trigger_controller_dag.py took 0.065 seconds
[2025-02-19T09:58:11.703+0000] {processor.py:186} INFO - Started process (PID=2583) to work on /home/airflow/.local/lib/python3.12/site-packages/airflow/example_dags/example_trigger_controller_dag.py
[2025-02-19T09:58:11.705+0000] {processor.py:914} INFO - Processing file /home/airflow/.local/lib/python3.12/site-packages/airflow/example_dags/example_trigger_controller_dag.py for tasks to queue
[2025-02-19T09:58:11.707+0000] {logging_mixin.py:190} INFO - [2025-02-19T09:58:11.707+0000] {dagbag.py:587} INFO - Filling up the DagBag from /home/airflow/.local/lib/python3.12/site-packages/airflow/example_dags/example_trigger_controller_dag.py
[2025-02-19T09:58:11.713+0000] {processor.py:925} INFO - DAG(s) 'example_trigger_controller_dag' retrieved from /home/airflow/.local/lib/python3.12/site-packages/airflow/example_dags/example_trigger_controller_dag.py
[2025-02-19T09:58:11.733+0000] {logging_mixin.py:190} INFO - [2025-02-19T09:58:11.732+0000] {dag.py:3229} INFO - Sync 1 DAGs
[2025-02-19T09:58:11.758+0000] {logging_mixin.py:190} INFO - [2025-02-19T09:58:11.758+0000] {dag.py:4156} INFO - Setting next_dagrun for example_trigger_controller_dag to 2021-01-01 00:00:00+00:00, run_after=2021-01-01 00:00:00+00:00
[2025-02-19T09:58:11.781+0000] {processor.py:208} INFO - Processing /home/airflow/.local/lib/python3.12/site-packages/airflow/example_dags/example_trigger_controller_dag.py took 0.083 seconds
[2025-02-19T09:58:42.049+0000] {processor.py:186} INFO - Started process (PID=2652) to work on /home/airflow/.local/lib/python3.12/site-packages/airflow/example_dags/example_trigger_controller_dag.py
[2025-02-19T09:58:42.050+0000] {processor.py:914} INFO - Processing file /home/airflow/.local/lib/python3.12/site-packages/airflow/example_dags/example_trigger_controller_dag.py for tasks to queue
[2025-02-19T09:58:42.052+0000] {logging_mixin.py:190} INFO - [2025-02-19T09:58:42.051+0000] {dagbag.py:587} INFO - Filling up the DagBag from /home/airflow/.local/lib/python3.12/site-packages/airflow/example_dags/example_trigger_controller_dag.py
[2025-02-19T09:58:42.057+0000] {processor.py:925} INFO - DAG(s) 'example_trigger_controller_dag' retrieved from /home/airflow/.local/lib/python3.12/site-packages/airflow/example_dags/example_trigger_controller_dag.py
[2025-02-19T09:58:42.074+0000] {logging_mixin.py:190} INFO - [2025-02-19T09:58:42.074+0000] {dag.py:3229} INFO - Sync 1 DAGs
[2025-02-19T09:58:42.092+0000] {logging_mixin.py:190} INFO - [2025-02-19T09:58:42.091+0000] {dag.py:4156} INFO - Setting next_dagrun for example_trigger_controller_dag to 2021-01-01 00:00:00+00:00, run_after=2021-01-01 00:00:00+00:00
[2025-02-19T09:58:42.105+0000] {processor.py:208} INFO - Processing /home/airflow/.local/lib/python3.12/site-packages/airflow/example_dags/example_trigger_controller_dag.py took 0.060 seconds
[2025-02-19T09:59:12.372+0000] {processor.py:186} INFO - Started process (PID=2716) to work on /home/airflow/.local/lib/python3.12/site-packages/airflow/example_dags/example_trigger_controller_dag.py
[2025-02-19T09:59:12.374+0000] {processor.py:914} INFO - Processing file /home/airflow/.local/lib/python3.12/site-packages/airflow/example_dags/example_trigger_controller_dag.py for tasks to queue
[2025-02-19T09:59:12.375+0000] {logging_mixin.py:190} INFO - [2025-02-19T09:59:12.375+0000] {dagbag.py:587} INFO - Filling up the DagBag from /home/airflow/.local/lib/python3.12/site-packages/airflow/example_dags/example_trigger_controller_dag.py
[2025-02-19T09:59:12.381+0000] {processor.py:925} INFO - DAG(s) 'example_trigger_controller_dag' retrieved from /home/airflow/.local/lib/python3.12/site-packages/airflow/example_dags/example_trigger_controller_dag.py
[2025-02-19T09:59:12.399+0000] {logging_mixin.py:190} INFO - [2025-02-19T09:59:12.399+0000] {dag.py:3229} INFO - Sync 1 DAGs
[2025-02-19T09:59:12.418+0000] {logging_mixin.py:190} INFO - [2025-02-19T09:59:12.418+0000] {dag.py:4156} INFO - Setting next_dagrun for example_trigger_controller_dag to 2021-01-01 00:00:00+00:00, run_after=2021-01-01 00:00:00+00:00
[2025-02-19T09:59:12.434+0000] {processor.py:208} INFO - Processing /home/airflow/.local/lib/python3.12/site-packages/airflow/example_dags/example_trigger_controller_dag.py took 0.066 seconds
[2025-02-19T10:23:11.641+0000] {logging_mixin.py:190} INFO - [2025-02-19T10:23:11.640+0000] {settings.py:475} DEBUG - Setting up DB connection pool (PID 59)
[2025-02-19T10:23:11.642+0000] {logging_mixin.py:190} INFO - [2025-02-19T10:23:11.642+0000] {settings.py:579} DEBUG - settings.prepare_engine_args(): Using pool settings. pool_size=5, max_overflow=10, pool_recycle=1800, pid=59
[2025-02-19T10:23:11.646+0000] {processor.py:186} INFO - Started process (PID=59) to work on /home/airflow/.local/lib/python3.12/site-packages/airflow/example_dags/example_trigger_controller_dag.py
[2025-02-19T10:23:11.647+0000] {processor.py:914} INFO - Processing file /home/airflow/.local/lib/python3.12/site-packages/airflow/example_dags/example_trigger_controller_dag.py for tasks to queue
[2025-02-19T10:23:11.647+0000] {logging_mixin.py:190} INFO - [2025-02-19T10:23:11.647+0000] {dagbag.py:587} INFO - Filling up the DagBag from /home/airflow/.local/lib/python3.12/site-packages/airflow/example_dags/example_trigger_controller_dag.py
[2025-02-19T10:23:11.648+0000] {logging_mixin.py:190} INFO - [2025-02-19T10:23:11.648+0000] {dagbag.py:368} DEBUG - Importing /home/airflow/.local/lib/python3.12/site-packages/airflow/example_dags/example_trigger_controller_dag.py
[2025-02-19T10:23:11.654+0000] {logging_mixin.py:190} INFO - [2025-02-19T10:23:11.653+0000] {dagbag.py:553} DEBUG - Loaded DAG <DAG: example_trigger_controller_dag>
[2025-02-19T10:23:11.654+0000] {processor.py:925} INFO - DAG(s) 'example_trigger_controller_dag' retrieved from /home/airflow/.local/lib/python3.12/site-packages/airflow/example_dags/example_trigger_controller_dag.py
[2025-02-19T10:23:11.655+0000] {logging_mixin.py:190} INFO - [2025-02-19T10:23:11.655+0000] {dagbag.py:710} DEBUG - Running dagbag.sync_to_db with retries. Try 1 of 3
[2025-02-19T10:23:11.655+0000] {logging_mixin.py:190} INFO - [2025-02-19T10:23:11.655+0000] {dagbag.py:715} DEBUG - Calling the DAG.bulk_sync_to_db method
[2025-02-19T10:23:11.664+0000] {logging_mixin.py:190} INFO - [2025-02-19T10:23:11.664+0000] {serialized_dag.py:168} DEBUG - Checking if DAG (example_trigger_controller_dag) changed
[2025-02-19T10:23:11.672+0000] {logging_mixin.py:190} INFO - [2025-02-19T10:23:11.672+0000] {serialized_dag.py:179} DEBUG - Serialized DAG (example_trigger_controller_dag) is unchanged. Skipping writing to DB
[2025-02-19T10:23:11.673+0000] {logging_mixin.py:190} INFO - [2025-02-19T10:23:11.673+0000] {dag.py:3229} INFO - Sync 1 DAGs
[2025-02-19T10:23:11.694+0000] {logging_mixin.py:190} INFO - [2025-02-19T10:23:11.694+0000] {dag.py:4156} INFO - Setting next_dagrun for example_trigger_controller_dag to 2021-01-01 00:00:00+00:00, run_after=2021-01-01 00:00:00+00:00
[2025-02-19T10:23:11.712+0000] {processor.py:208} INFO - Processing /home/airflow/.local/lib/python3.12/site-packages/airflow/example_dags/example_trigger_controller_dag.py took 0.072 seconds
[2025-02-19T10:23:53.091+0000] {logging_mixin.py:190} INFO - [2025-02-19T10:23:53.090+0000] {settings.py:475} DEBUG - Setting up DB connection pool (PID 129)
[2025-02-19T10:23:53.144+0000] {logging_mixin.py:190} INFO - [2025-02-19T10:23:53.144+0000] {settings.py:579} DEBUG - settings.prepare_engine_args(): Using pool settings. pool_size=5, max_overflow=10, pool_recycle=1800, pid=129
[2025-02-19T10:23:53.149+0000] {processor.py:186} INFO - Started process (PID=129) to work on /home/airflow/.local/lib/python3.12/site-packages/airflow/example_dags/example_trigger_controller_dag.py
[2025-02-19T10:23:53.150+0000] {processor.py:914} INFO - Processing file /home/airflow/.local/lib/python3.12/site-packages/airflow/example_dags/example_trigger_controller_dag.py for tasks to queue
[2025-02-19T10:23:53.151+0000] {logging_mixin.py:190} INFO - [2025-02-19T10:23:53.150+0000] {dagbag.py:587} INFO - Filling up the DagBag from /home/airflow/.local/lib/python3.12/site-packages/airflow/example_dags/example_trigger_controller_dag.py
[2025-02-19T10:23:53.151+0000] {logging_mixin.py:190} INFO - [2025-02-19T10:23:53.151+0000] {dagbag.py:368} DEBUG - Importing /home/airflow/.local/lib/python3.12/site-packages/airflow/example_dags/example_trigger_controller_dag.py
[2025-02-19T10:23:53.158+0000] {logging_mixin.py:190} INFO - [2025-02-19T10:23:53.156+0000] {dagbag.py:553} DEBUG - Loaded DAG <DAG: example_trigger_controller_dag>
[2025-02-19T10:23:53.158+0000] {processor.py:925} INFO - DAG(s) 'example_trigger_controller_dag' retrieved from /home/airflow/.local/lib/python3.12/site-packages/airflow/example_dags/example_trigger_controller_dag.py
[2025-02-19T10:23:53.159+0000] {logging_mixin.py:190} INFO - [2025-02-19T10:23:53.158+0000] {dagbag.py:710} DEBUG - Running dagbag.sync_to_db with retries. Try 1 of 3
[2025-02-19T10:23:53.159+0000] {logging_mixin.py:190} INFO - [2025-02-19T10:23:53.159+0000] {dagbag.py:715} DEBUG - Calling the DAG.bulk_sync_to_db method
[2025-02-19T10:23:53.169+0000] {logging_mixin.py:190} INFO - [2025-02-19T10:23:53.169+0000] {serialized_dag.py:168} DEBUG - Checking if DAG (example_trigger_controller_dag) changed
[2025-02-19T10:23:53.176+0000] {logging_mixin.py:190} INFO - [2025-02-19T10:23:53.176+0000] {serialized_dag.py:179} DEBUG - Serialized DAG (example_trigger_controller_dag) is unchanged. Skipping writing to DB
[2025-02-19T10:23:53.176+0000] {logging_mixin.py:190} INFO - [2025-02-19T10:23:53.176+0000] {dag.py:3229} INFO - Sync 1 DAGs
[2025-02-19T10:23:53.197+0000] {logging_mixin.py:190} INFO - [2025-02-19T10:23:53.197+0000] {dag.py:4156} INFO - Setting next_dagrun for example_trigger_controller_dag to 2021-01-01 00:00:00+00:00, run_after=2021-01-01 00:00:00+00:00
[2025-02-19T10:23:53.996+0000] {processor.py:208} INFO - Processing /home/airflow/.local/lib/python3.12/site-packages/airflow/example_dags/example_trigger_controller_dag.py took 0.906 seconds
[2025-02-19T10:24:24.965+0000] {logging_mixin.py:190} INFO - [2025-02-19T10:24:24.965+0000] {settings.py:475} DEBUG - Setting up DB connection pool (PID 193)
[2025-02-19T10:24:24.967+0000] {logging_mixin.py:190} INFO - [2025-02-19T10:24:24.966+0000] {settings.py:579} DEBUG - settings.prepare_engine_args(): Using pool settings. pool_size=5, max_overflow=10, pool_recycle=1800, pid=193
[2025-02-19T10:24:24.972+0000] {processor.py:186} INFO - Started process (PID=193) to work on /home/airflow/.local/lib/python3.12/site-packages/airflow/example_dags/example_trigger_controller_dag.py
[2025-02-19T10:24:24.973+0000] {processor.py:914} INFO - Processing file /home/airflow/.local/lib/python3.12/site-packages/airflow/example_dags/example_trigger_controller_dag.py for tasks to queue
[2025-02-19T10:24:24.973+0000] {logging_mixin.py:190} INFO - [2025-02-19T10:24:24.973+0000] {dagbag.py:587} INFO - Filling up the DagBag from /home/airflow/.local/lib/python3.12/site-packages/airflow/example_dags/example_trigger_controller_dag.py
[2025-02-19T10:24:24.975+0000] {logging_mixin.py:190} INFO - [2025-02-19T10:24:24.974+0000] {dagbag.py:368} DEBUG - Importing /home/airflow/.local/lib/python3.12/site-packages/airflow/example_dags/example_trigger_controller_dag.py
[2025-02-19T10:24:24.982+0000] {logging_mixin.py:190} INFO - [2025-02-19T10:24:24.981+0000] {dagbag.py:553} DEBUG - Loaded DAG <DAG: example_trigger_controller_dag>
[2025-02-19T10:24:24.982+0000] {processor.py:925} INFO - DAG(s) 'example_trigger_controller_dag' retrieved from /home/airflow/.local/lib/python3.12/site-packages/airflow/example_dags/example_trigger_controller_dag.py
[2025-02-19T10:24:24.983+0000] {logging_mixin.py:190} INFO - [2025-02-19T10:24:24.983+0000] {dagbag.py:710} DEBUG - Running dagbag.sync_to_db with retries. Try 1 of 3
[2025-02-19T10:24:24.983+0000] {logging_mixin.py:190} INFO - [2025-02-19T10:24:24.983+0000] {dagbag.py:715} DEBUG - Calling the DAG.bulk_sync_to_db method
[2025-02-19T10:24:24.995+0000] {logging_mixin.py:190} INFO - [2025-02-19T10:24:24.995+0000] {serialized_dag.py:168} DEBUG - Checking if DAG (example_trigger_controller_dag) changed
[2025-02-19T10:24:25.003+0000] {logging_mixin.py:190} INFO - [2025-02-19T10:24:25.002+0000] {serialized_dag.py:179} DEBUG - Serialized DAG (example_trigger_controller_dag) is unchanged. Skipping writing to DB
[2025-02-19T10:24:25.003+0000] {logging_mixin.py:190} INFO - [2025-02-19T10:24:25.003+0000] {dag.py:3229} INFO - Sync 1 DAGs
[2025-02-19T10:24:25.025+0000] {logging_mixin.py:190} INFO - [2025-02-19T10:24:25.024+0000] {dag.py:4156} INFO - Setting next_dagrun for example_trigger_controller_dag to 2021-01-01 00:00:00+00:00, run_after=2021-01-01 00:00:00+00:00
[2025-02-19T10:24:25.044+0000] {processor.py:208} INFO - Processing /home/airflow/.local/lib/python3.12/site-packages/airflow/example_dags/example_trigger_controller_dag.py took 0.080 seconds
[2025-02-19T10:24:55.865+0000] {logging_mixin.py:190} INFO - [2025-02-19T10:24:55.864+0000] {settings.py:475} DEBUG - Setting up DB connection pool (PID 262)
[2025-02-19T10:24:55.884+0000] {logging_mixin.py:190} INFO - [2025-02-19T10:24:55.884+0000] {settings.py:579} DEBUG - settings.prepare_engine_args(): Using pool settings. pool_size=5, max_overflow=10, pool_recycle=1800, pid=262
[2025-02-19T10:24:55.889+0000] {processor.py:186} INFO - Started process (PID=262) to work on /home/airflow/.local/lib/python3.12/site-packages/airflow/example_dags/example_trigger_controller_dag.py
[2025-02-19T10:24:55.889+0000] {processor.py:914} INFO - Processing file /home/airflow/.local/lib/python3.12/site-packages/airflow/example_dags/example_trigger_controller_dag.py for tasks to queue
[2025-02-19T10:24:55.890+0000] {logging_mixin.py:190} INFO - [2025-02-19T10:24:55.889+0000] {dagbag.py:587} INFO - Filling up the DagBag from /home/airflow/.local/lib/python3.12/site-packages/airflow/example_dags/example_trigger_controller_dag.py
[2025-02-19T10:24:55.891+0000] {logging_mixin.py:190} INFO - [2025-02-19T10:24:55.890+0000] {dagbag.py:368} DEBUG - Importing /home/airflow/.local/lib/python3.12/site-packages/airflow/example_dags/example_trigger_controller_dag.py
[2025-02-19T10:24:55.897+0000] {logging_mixin.py:190} INFO - [2025-02-19T10:24:55.896+0000] {dagbag.py:553} DEBUG - Loaded DAG <DAG: example_trigger_controller_dag>
[2025-02-19T10:24:55.898+0000] {processor.py:925} INFO - DAG(s) 'example_trigger_controller_dag' retrieved from /home/airflow/.local/lib/python3.12/site-packages/airflow/example_dags/example_trigger_controller_dag.py
[2025-02-19T10:24:55.899+0000] {logging_mixin.py:190} INFO - [2025-02-19T10:24:55.899+0000] {dagbag.py:710} DEBUG - Running dagbag.sync_to_db with retries. Try 1 of 3
[2025-02-19T10:24:55.899+0000] {logging_mixin.py:190} INFO - [2025-02-19T10:24:55.899+0000] {dagbag.py:715} DEBUG - Calling the DAG.bulk_sync_to_db method
[2025-02-19T10:24:55.910+0000] {logging_mixin.py:190} INFO - [2025-02-19T10:24:55.910+0000] {serialized_dag.py:168} DEBUG - Checking if DAG (example_trigger_controller_dag) changed
[2025-02-19T10:24:55.918+0000] {logging_mixin.py:190} INFO - [2025-02-19T10:24:55.917+0000] {serialized_dag.py:179} DEBUG - Serialized DAG (example_trigger_controller_dag) is unchanged. Skipping writing to DB
[2025-02-19T10:24:55.918+0000] {logging_mixin.py:190} INFO - [2025-02-19T10:24:55.918+0000] {dag.py:3229} INFO - Sync 1 DAGs
[2025-02-19T10:24:55.940+0000] {logging_mixin.py:190} INFO - [2025-02-19T10:24:55.939+0000] {dag.py:4156} INFO - Setting next_dagrun for example_trigger_controller_dag to 2021-01-01 00:00:00+00:00, run_after=2021-01-01 00:00:00+00:00
[2025-02-19T10:24:55.956+0000] {processor.py:208} INFO - Processing /home/airflow/.local/lib/python3.12/site-packages/airflow/example_dags/example_trigger_controller_dag.py took 0.092 seconds
[2025-02-19T10:25:26.026+0000] {logging_mixin.py:190} INFO - [2025-02-19T10:25:26.026+0000] {settings.py:475} DEBUG - Setting up DB connection pool (PID 326)
[2025-02-19T10:25:26.028+0000] {logging_mixin.py:190} INFO - [2025-02-19T10:25:26.028+0000] {settings.py:579} DEBUG - settings.prepare_engine_args(): Using pool settings. pool_size=5, max_overflow=10, pool_recycle=1800, pid=326
[2025-02-19T10:25:26.033+0000] {processor.py:186} INFO - Started process (PID=326) to work on /home/airflow/.local/lib/python3.12/site-packages/airflow/example_dags/example_trigger_controller_dag.py
[2025-02-19T10:25:26.034+0000] {processor.py:914} INFO - Processing file /home/airflow/.local/lib/python3.12/site-packages/airflow/example_dags/example_trigger_controller_dag.py for tasks to queue
[2025-02-19T10:25:26.034+0000] {logging_mixin.py:190} INFO - [2025-02-19T10:25:26.034+0000] {dagbag.py:587} INFO - Filling up the DagBag from /home/airflow/.local/lib/python3.12/site-packages/airflow/example_dags/example_trigger_controller_dag.py
[2025-02-19T10:25:26.035+0000] {logging_mixin.py:190} INFO - [2025-02-19T10:25:26.035+0000] {dagbag.py:368} DEBUG - Importing /home/airflow/.local/lib/python3.12/site-packages/airflow/example_dags/example_trigger_controller_dag.py
[2025-02-19T10:25:26.042+0000] {logging_mixin.py:190} INFO - [2025-02-19T10:25:26.041+0000] {dagbag.py:553} DEBUG - Loaded DAG <DAG: example_trigger_controller_dag>
[2025-02-19T10:25:26.043+0000] {processor.py:925} INFO - DAG(s) 'example_trigger_controller_dag' retrieved from /home/airflow/.local/lib/python3.12/site-packages/airflow/example_dags/example_trigger_controller_dag.py
[2025-02-19T10:25:26.043+0000] {logging_mixin.py:190} INFO - [2025-02-19T10:25:26.043+0000] {dagbag.py:710} DEBUG - Running dagbag.sync_to_db with retries. Try 1 of 3
[2025-02-19T10:25:26.044+0000] {logging_mixin.py:190} INFO - [2025-02-19T10:25:26.043+0000] {dagbag.py:715} DEBUG - Calling the DAG.bulk_sync_to_db method
[2025-02-19T10:25:26.055+0000] {logging_mixin.py:190} INFO - [2025-02-19T10:25:26.055+0000] {serialized_dag.py:168} DEBUG - Checking if DAG (example_trigger_controller_dag) changed
[2025-02-19T10:25:26.062+0000] {logging_mixin.py:190} INFO - [2025-02-19T10:25:26.062+0000] {serialized_dag.py:179} DEBUG - Serialized DAG (example_trigger_controller_dag) is unchanged. Skipping writing to DB
[2025-02-19T10:25:26.063+0000] {logging_mixin.py:190} INFO - [2025-02-19T10:25:26.062+0000] {dag.py:3229} INFO - Sync 1 DAGs
[2025-02-19T10:25:26.083+0000] {logging_mixin.py:190} INFO - [2025-02-19T10:25:26.083+0000] {dag.py:4156} INFO - Setting next_dagrun for example_trigger_controller_dag to 2021-01-01 00:00:00+00:00, run_after=2021-01-01 00:00:00+00:00
[2025-02-19T10:25:26.103+0000] {processor.py:208} INFO - Processing /home/airflow/.local/lib/python3.12/site-packages/airflow/example_dags/example_trigger_controller_dag.py took 0.077 seconds
[2025-02-19T10:25:56.729+0000] {logging_mixin.py:190} INFO - [2025-02-19T10:25:56.728+0000] {settings.py:475} DEBUG - Setting up DB connection pool (PID 390)
[2025-02-19T10:25:56.731+0000] {logging_mixin.py:190} INFO - [2025-02-19T10:25:56.730+0000] {settings.py:579} DEBUG - settings.prepare_engine_args(): Using pool settings. pool_size=5, max_overflow=10, pool_recycle=1800, pid=390
[2025-02-19T10:25:56.736+0000] {processor.py:186} INFO - Started process (PID=390) to work on /home/airflow/.local/lib/python3.12/site-packages/airflow/example_dags/example_trigger_controller_dag.py
[2025-02-19T10:25:56.737+0000] {processor.py:914} INFO - Processing file /home/airflow/.local/lib/python3.12/site-packages/airflow/example_dags/example_trigger_controller_dag.py for tasks to queue
[2025-02-19T10:25:56.738+0000] {logging_mixin.py:190} INFO - [2025-02-19T10:25:56.738+0000] {dagbag.py:587} INFO - Filling up the DagBag from /home/airflow/.local/lib/python3.12/site-packages/airflow/example_dags/example_trigger_controller_dag.py
[2025-02-19T10:25:56.739+0000] {logging_mixin.py:190} INFO - [2025-02-19T10:25:56.739+0000] {dagbag.py:368} DEBUG - Importing /home/airflow/.local/lib/python3.12/site-packages/airflow/example_dags/example_trigger_controller_dag.py
[2025-02-19T10:25:56.748+0000] {logging_mixin.py:190} INFO - [2025-02-19T10:25:56.746+0000] {dagbag.py:553} DEBUG - Loaded DAG <DAG: example_trigger_controller_dag>
[2025-02-19T10:25:56.748+0000] {processor.py:925} INFO - DAG(s) 'example_trigger_controller_dag' retrieved from /home/airflow/.local/lib/python3.12/site-packages/airflow/example_dags/example_trigger_controller_dag.py
[2025-02-19T10:25:56.749+0000] {logging_mixin.py:190} INFO - [2025-02-19T10:25:56.749+0000] {dagbag.py:710} DEBUG - Running dagbag.sync_to_db with retries. Try 1 of 3
[2025-02-19T10:25:56.749+0000] {logging_mixin.py:190} INFO - [2025-02-19T10:25:56.749+0000] {dagbag.py:715} DEBUG - Calling the DAG.bulk_sync_to_db method
[2025-02-19T10:25:56.762+0000] {logging_mixin.py:190} INFO - [2025-02-19T10:25:56.762+0000] {serialized_dag.py:168} DEBUG - Checking if DAG (example_trigger_controller_dag) changed
[2025-02-19T10:25:56.770+0000] {logging_mixin.py:190} INFO - [2025-02-19T10:25:56.770+0000] {serialized_dag.py:179} DEBUG - Serialized DAG (example_trigger_controller_dag) is unchanged. Skipping writing to DB
[2025-02-19T10:25:56.770+0000] {logging_mixin.py:190} INFO - [2025-02-19T10:25:56.770+0000] {dag.py:3229} INFO - Sync 1 DAGs
[2025-02-19T10:25:56.791+0000] {logging_mixin.py:190} INFO - [2025-02-19T10:25:56.791+0000] {dag.py:4156} INFO - Setting next_dagrun for example_trigger_controller_dag to 2021-01-01 00:00:00+00:00, run_after=2021-01-01 00:00:00+00:00
[2025-02-19T10:25:56.811+0000] {processor.py:208} INFO - Processing /home/airflow/.local/lib/python3.12/site-packages/airflow/example_dags/example_trigger_controller_dag.py took 0.083 seconds
[2025-02-19T10:26:27.432+0000] {logging_mixin.py:190} INFO - [2025-02-19T10:26:27.432+0000] {settings.py:475} DEBUG - Setting up DB connection pool (PID 454)
[2025-02-19T10:26:27.434+0000] {logging_mixin.py:190} INFO - [2025-02-19T10:26:27.434+0000] {settings.py:579} DEBUG - settings.prepare_engine_args(): Using pool settings. pool_size=5, max_overflow=10, pool_recycle=1800, pid=454
[2025-02-19T10:26:27.439+0000] {processor.py:186} INFO - Started process (PID=454) to work on /home/airflow/.local/lib/python3.12/site-packages/airflow/example_dags/example_trigger_controller_dag.py
[2025-02-19T10:26:27.440+0000] {processor.py:914} INFO - Processing file /home/airflow/.local/lib/python3.12/site-packages/airflow/example_dags/example_trigger_controller_dag.py for tasks to queue
[2025-02-19T10:26:27.441+0000] {logging_mixin.py:190} INFO - [2025-02-19T10:26:27.440+0000] {dagbag.py:587} INFO - Filling up the DagBag from /home/airflow/.local/lib/python3.12/site-packages/airflow/example_dags/example_trigger_controller_dag.py
[2025-02-19T10:26:27.442+0000] {logging_mixin.py:190} INFO - [2025-02-19T10:26:27.442+0000] {dagbag.py:368} DEBUG - Importing /home/airflow/.local/lib/python3.12/site-packages/airflow/example_dags/example_trigger_controller_dag.py
[2025-02-19T10:26:27.450+0000] {logging_mixin.py:190} INFO - [2025-02-19T10:26:27.449+0000] {dagbag.py:553} DEBUG - Loaded DAG <DAG: example_trigger_controller_dag>
[2025-02-19T10:26:27.450+0000] {processor.py:925} INFO - DAG(s) 'example_trigger_controller_dag' retrieved from /home/airflow/.local/lib/python3.12/site-packages/airflow/example_dags/example_trigger_controller_dag.py
[2025-02-19T10:26:27.451+0000] {logging_mixin.py:190} INFO - [2025-02-19T10:26:27.451+0000] {dagbag.py:710} DEBUG - Running dagbag.sync_to_db with retries. Try 1 of 3
[2025-02-19T10:26:27.451+0000] {logging_mixin.py:190} INFO - [2025-02-19T10:26:27.451+0000] {dagbag.py:715} DEBUG - Calling the DAG.bulk_sync_to_db method
[2025-02-19T10:26:27.463+0000] {logging_mixin.py:190} INFO - [2025-02-19T10:26:27.463+0000] {serialized_dag.py:168} DEBUG - Checking if DAG (example_trigger_controller_dag) changed
[2025-02-19T10:26:27.474+0000] {logging_mixin.py:190} INFO - [2025-02-19T10:26:27.474+0000] {serialized_dag.py:179} DEBUG - Serialized DAG (example_trigger_controller_dag) is unchanged. Skipping writing to DB
[2025-02-19T10:26:27.475+0000] {logging_mixin.py:190} INFO - [2025-02-19T10:26:27.475+0000] {dag.py:3229} INFO - Sync 1 DAGs
[2025-02-19T10:26:27.497+0000] {logging_mixin.py:190} INFO - [2025-02-19T10:26:27.496+0000] {dag.py:4156} INFO - Setting next_dagrun for example_trigger_controller_dag to 2021-01-01 00:00:00+00:00, run_after=2021-01-01 00:00:00+00:00
[2025-02-19T10:26:27.520+0000] {processor.py:208} INFO - Processing /home/airflow/.local/lib/python3.12/site-packages/airflow/example_dags/example_trigger_controller_dag.py took 0.088 seconds
