[2025-02-19T09:38:31.544+0000] {processor.py:186} INFO - Started process (PID=115) to work on /home/airflow/.local/lib/python3.12/site-packages/airflow/example_dags/example_setup_teardown.py
[2025-02-19T09:38:31.544+0000] {processor.py:914} INFO - Processing file /home/airflow/.local/lib/python3.12/site-packages/airflow/example_dags/example_setup_teardown.py for tasks to queue
[2025-02-19T09:38:31.546+0000] {logging_mixin.py:190} INFO - [2025-02-19T09:38:31.546+0000] {dagbag.py:587} INFO - Filling up the DagBag from /home/airflow/.local/lib/python3.12/site-packages/airflow/example_dags/example_setup_teardown.py
[2025-02-19T09:38:31.556+0000] {processor.py:925} INFO - DAG(s) 'example_setup_teardown' retrieved from /home/airflow/.local/lib/python3.12/site-packages/airflow/example_dags/example_setup_teardown.py
[2025-02-19T09:38:31.575+0000] {logging_mixin.py:190} INFO - [2025-02-19T09:38:31.574+0000] {dag.py:3229} INFO - Sync 1 DAGs
[2025-02-19T09:38:31.589+0000] {logging_mixin.py:190} INFO - [2025-02-19T09:38:31.588+0000] {dag.py:4156} INFO - Setting next_dagrun for example_setup_teardown to None, run_after=None
[2025-02-19T09:38:31.607+0000] {processor.py:208} INFO - Processing /home/airflow/.local/lib/python3.12/site-packages/airflow/example_dags/example_setup_teardown.py took 0.068 seconds
[2025-02-19T09:39:02.287+0000] {processor.py:186} INFO - Started process (PID=184) to work on /home/airflow/.local/lib/python3.12/site-packages/airflow/example_dags/example_setup_teardown.py
[2025-02-19T09:39:02.288+0000] {processor.py:914} INFO - Processing file /home/airflow/.local/lib/python3.12/site-packages/airflow/example_dags/example_setup_teardown.py for tasks to queue
[2025-02-19T09:39:02.291+0000] {logging_mixin.py:190} INFO - [2025-02-19T09:39:02.291+0000] {dagbag.py:587} INFO - Filling up the DagBag from /home/airflow/.local/lib/python3.12/site-packages/airflow/example_dags/example_setup_teardown.py
[2025-02-19T09:39:02.299+0000] {processor.py:925} INFO - DAG(s) 'example_setup_teardown' retrieved from /home/airflow/.local/lib/python3.12/site-packages/airflow/example_dags/example_setup_teardown.py
[2025-02-19T09:39:02.318+0000] {logging_mixin.py:190} INFO - [2025-02-19T09:39:02.318+0000] {dag.py:3229} INFO - Sync 1 DAGs
[2025-02-19T09:39:02.330+0000] {logging_mixin.py:190} INFO - [2025-02-19T09:39:02.330+0000] {dag.py:4156} INFO - Setting next_dagrun for example_setup_teardown to None, run_after=None
[2025-02-19T09:39:02.348+0000] {processor.py:208} INFO - Processing /home/airflow/.local/lib/python3.12/site-packages/airflow/example_dags/example_setup_teardown.py took 0.069 seconds
[2025-02-19T09:39:32.574+0000] {processor.py:186} INFO - Started process (PID=248) to work on /home/airflow/.local/lib/python3.12/site-packages/airflow/example_dags/example_setup_teardown.py
[2025-02-19T09:39:32.575+0000] {processor.py:914} INFO - Processing file /home/airflow/.local/lib/python3.12/site-packages/airflow/example_dags/example_setup_teardown.py for tasks to queue
[2025-02-19T09:39:32.577+0000] {logging_mixin.py:190} INFO - [2025-02-19T09:39:32.577+0000] {dagbag.py:587} INFO - Filling up the DagBag from /home/airflow/.local/lib/python3.12/site-packages/airflow/example_dags/example_setup_teardown.py
[2025-02-19T09:39:32.583+0000] {processor.py:925} INFO - DAG(s) 'example_setup_teardown' retrieved from /home/airflow/.local/lib/python3.12/site-packages/airflow/example_dags/example_setup_teardown.py
[2025-02-19T09:39:32.599+0000] {logging_mixin.py:190} INFO - [2025-02-19T09:39:32.599+0000] {dag.py:3229} INFO - Sync 1 DAGs
[2025-02-19T09:39:32.610+0000] {logging_mixin.py:190} INFO - [2025-02-19T09:39:32.610+0000] {dag.py:4156} INFO - Setting next_dagrun for example_setup_teardown to None, run_after=None
[2025-02-19T09:39:32.624+0000] {processor.py:208} INFO - Processing /home/airflow/.local/lib/python3.12/site-packages/airflow/example_dags/example_setup_teardown.py took 0.054 seconds
[2025-02-19T09:40:02.839+0000] {processor.py:186} INFO - Started process (PID=312) to work on /home/airflow/.local/lib/python3.12/site-packages/airflow/example_dags/example_setup_teardown.py
[2025-02-19T09:40:02.840+0000] {processor.py:914} INFO - Processing file /home/airflow/.local/lib/python3.12/site-packages/airflow/example_dags/example_setup_teardown.py for tasks to queue
[2025-02-19T09:40:02.842+0000] {logging_mixin.py:190} INFO - [2025-02-19T09:40:02.842+0000] {dagbag.py:587} INFO - Filling up the DagBag from /home/airflow/.local/lib/python3.12/site-packages/airflow/example_dags/example_setup_teardown.py
[2025-02-19T09:40:02.849+0000] {processor.py:925} INFO - DAG(s) 'example_setup_teardown' retrieved from /home/airflow/.local/lib/python3.12/site-packages/airflow/example_dags/example_setup_teardown.py
[2025-02-19T09:40:02.867+0000] {logging_mixin.py:190} INFO - [2025-02-19T09:40:02.867+0000] {dag.py:3229} INFO - Sync 1 DAGs
[2025-02-19T09:40:02.880+0000] {logging_mixin.py:190} INFO - [2025-02-19T09:40:02.880+0000] {dag.py:4156} INFO - Setting next_dagrun for example_setup_teardown to None, run_after=None
[2025-02-19T09:40:02.899+0000] {processor.py:208} INFO - Processing /home/airflow/.local/lib/python3.12/site-packages/airflow/example_dags/example_setup_teardown.py took 0.064 seconds
[2025-02-19T09:40:33.082+0000] {processor.py:186} INFO - Started process (PID=376) to work on /home/airflow/.local/lib/python3.12/site-packages/airflow/example_dags/example_setup_teardown.py
[2025-02-19T09:40:33.084+0000] {processor.py:914} INFO - Processing file /home/airflow/.local/lib/python3.12/site-packages/airflow/example_dags/example_setup_teardown.py for tasks to queue
[2025-02-19T09:40:33.085+0000] {logging_mixin.py:190} INFO - [2025-02-19T09:40:33.085+0000] {dagbag.py:587} INFO - Filling up the DagBag from /home/airflow/.local/lib/python3.12/site-packages/airflow/example_dags/example_setup_teardown.py
[2025-02-19T09:40:33.092+0000] {processor.py:925} INFO - DAG(s) 'example_setup_teardown' retrieved from /home/airflow/.local/lib/python3.12/site-packages/airflow/example_dags/example_setup_teardown.py
[2025-02-19T09:40:33.110+0000] {logging_mixin.py:190} INFO - [2025-02-19T09:40:33.110+0000] {dag.py:3229} INFO - Sync 1 DAGs
[2025-02-19T09:40:33.122+0000] {logging_mixin.py:190} INFO - [2025-02-19T09:40:33.122+0000] {dag.py:4156} INFO - Setting next_dagrun for example_setup_teardown to None, run_after=None
[2025-02-19T09:40:33.139+0000] {processor.py:208} INFO - Processing /home/airflow/.local/lib/python3.12/site-packages/airflow/example_dags/example_setup_teardown.py took 0.061 seconds
[2025-02-19T09:41:03.252+0000] {processor.py:186} INFO - Started process (PID=440) to work on /home/airflow/.local/lib/python3.12/site-packages/airflow/example_dags/example_setup_teardown.py
[2025-02-19T09:41:03.253+0000] {processor.py:914} INFO - Processing file /home/airflow/.local/lib/python3.12/site-packages/airflow/example_dags/example_setup_teardown.py for tasks to queue
[2025-02-19T09:41:03.255+0000] {logging_mixin.py:190} INFO - [2025-02-19T09:41:03.255+0000] {dagbag.py:587} INFO - Filling up the DagBag from /home/airflow/.local/lib/python3.12/site-packages/airflow/example_dags/example_setup_teardown.py
[2025-02-19T09:41:03.261+0000] {processor.py:925} INFO - DAG(s) 'example_setup_teardown' retrieved from /home/airflow/.local/lib/python3.12/site-packages/airflow/example_dags/example_setup_teardown.py
[2025-02-19T09:41:03.278+0000] {logging_mixin.py:190} INFO - [2025-02-19T09:41:03.278+0000] {dag.py:3229} INFO - Sync 1 DAGs
[2025-02-19T09:41:03.288+0000] {logging_mixin.py:190} INFO - [2025-02-19T09:41:03.288+0000] {dag.py:4156} INFO - Setting next_dagrun for example_setup_teardown to None, run_after=None
[2025-02-19T09:41:03.302+0000] {processor.py:208} INFO - Processing /home/airflow/.local/lib/python3.12/site-packages/airflow/example_dags/example_setup_teardown.py took 0.054 seconds
[2025-02-19T09:41:33.604+0000] {processor.py:186} INFO - Started process (PID=504) to work on /home/airflow/.local/lib/python3.12/site-packages/airflow/example_dags/example_setup_teardown.py
[2025-02-19T09:41:33.605+0000] {processor.py:914} INFO - Processing file /home/airflow/.local/lib/python3.12/site-packages/airflow/example_dags/example_setup_teardown.py for tasks to queue
[2025-02-19T09:41:33.606+0000] {logging_mixin.py:190} INFO - [2025-02-19T09:41:33.606+0000] {dagbag.py:587} INFO - Filling up the DagBag from /home/airflow/.local/lib/python3.12/site-packages/airflow/example_dags/example_setup_teardown.py
[2025-02-19T09:41:33.613+0000] {processor.py:925} INFO - DAG(s) 'example_setup_teardown' retrieved from /home/airflow/.local/lib/python3.12/site-packages/airflow/example_dags/example_setup_teardown.py
[2025-02-19T09:41:33.628+0000] {logging_mixin.py:190} INFO - [2025-02-19T09:41:33.628+0000] {dag.py:3229} INFO - Sync 1 DAGs
[2025-02-19T09:41:33.638+0000] {logging_mixin.py:190} INFO - [2025-02-19T09:41:33.638+0000] {dag.py:4156} INFO - Setting next_dagrun for example_setup_teardown to None, run_after=None
[2025-02-19T09:41:33.652+0000] {processor.py:208} INFO - Processing /home/airflow/.local/lib/python3.12/site-packages/airflow/example_dags/example_setup_teardown.py took 0.053 seconds
[2025-02-19T09:42:04.693+0000] {processor.py:186} INFO - Started process (PID=568) to work on /home/airflow/.local/lib/python3.12/site-packages/airflow/example_dags/example_setup_teardown.py
[2025-02-19T09:42:04.695+0000] {processor.py:914} INFO - Processing file /home/airflow/.local/lib/python3.12/site-packages/airflow/example_dags/example_setup_teardown.py for tasks to queue
[2025-02-19T09:42:04.697+0000] {logging_mixin.py:190} INFO - [2025-02-19T09:42:04.697+0000] {dagbag.py:587} INFO - Filling up the DagBag from /home/airflow/.local/lib/python3.12/site-packages/airflow/example_dags/example_setup_teardown.py
[2025-02-19T09:42:04.705+0000] {processor.py:925} INFO - DAG(s) 'example_setup_teardown' retrieved from /home/airflow/.local/lib/python3.12/site-packages/airflow/example_dags/example_setup_teardown.py
[2025-02-19T09:42:04.724+0000] {logging_mixin.py:190} INFO - [2025-02-19T09:42:04.724+0000] {dag.py:3229} INFO - Sync 1 DAGs
[2025-02-19T09:42:04.737+0000] {logging_mixin.py:190} INFO - [2025-02-19T09:42:04.737+0000] {dag.py:4156} INFO - Setting next_dagrun for example_setup_teardown to None, run_after=None
[2025-02-19T09:42:04.753+0000] {processor.py:208} INFO - Processing /home/airflow/.local/lib/python3.12/site-packages/airflow/example_dags/example_setup_teardown.py took 0.065 seconds
[2025-02-19T09:42:34.993+0000] {processor.py:186} INFO - Started process (PID=632) to work on /home/airflow/.local/lib/python3.12/site-packages/airflow/example_dags/example_setup_teardown.py
[2025-02-19T09:42:34.994+0000] {processor.py:914} INFO - Processing file /home/airflow/.local/lib/python3.12/site-packages/airflow/example_dags/example_setup_teardown.py for tasks to queue
[2025-02-19T09:42:34.996+0000] {logging_mixin.py:190} INFO - [2025-02-19T09:42:34.996+0000] {dagbag.py:587} INFO - Filling up the DagBag from /home/airflow/.local/lib/python3.12/site-packages/airflow/example_dags/example_setup_teardown.py
[2025-02-19T09:42:35.003+0000] {processor.py:925} INFO - DAG(s) 'example_setup_teardown' retrieved from /home/airflow/.local/lib/python3.12/site-packages/airflow/example_dags/example_setup_teardown.py
[2025-02-19T09:42:35.019+0000] {logging_mixin.py:190} INFO - [2025-02-19T09:42:35.019+0000] {dag.py:3229} INFO - Sync 1 DAGs
[2025-02-19T09:42:35.030+0000] {logging_mixin.py:190} INFO - [2025-02-19T09:42:35.030+0000] {dag.py:4156} INFO - Setting next_dagrun for example_setup_teardown to None, run_after=None
[2025-02-19T09:42:35.046+0000] {processor.py:208} INFO - Processing /home/airflow/.local/lib/python3.12/site-packages/airflow/example_dags/example_setup_teardown.py took 0.057 seconds
[2025-02-19T09:43:06.255+0000] {processor.py:186} INFO - Started process (PID=696) to work on /home/airflow/.local/lib/python3.12/site-packages/airflow/example_dags/example_setup_teardown.py
[2025-02-19T09:43:06.257+0000] {processor.py:914} INFO - Processing file /home/airflow/.local/lib/python3.12/site-packages/airflow/example_dags/example_setup_teardown.py for tasks to queue
[2025-02-19T09:43:06.259+0000] {logging_mixin.py:190} INFO - [2025-02-19T09:43:06.259+0000] {dagbag.py:587} INFO - Filling up the DagBag from /home/airflow/.local/lib/python3.12/site-packages/airflow/example_dags/example_setup_teardown.py
[2025-02-19T09:43:06.267+0000] {processor.py:925} INFO - DAG(s) 'example_setup_teardown' retrieved from /home/airflow/.local/lib/python3.12/site-packages/airflow/example_dags/example_setup_teardown.py
[2025-02-19T09:43:06.287+0000] {logging_mixin.py:190} INFO - [2025-02-19T09:43:06.287+0000] {dag.py:3229} INFO - Sync 1 DAGs
[2025-02-19T09:43:06.299+0000] {logging_mixin.py:190} INFO - [2025-02-19T09:43:06.299+0000] {dag.py:4156} INFO - Setting next_dagrun for example_setup_teardown to None, run_after=None
[2025-02-19T09:43:06.320+0000] {processor.py:208} INFO - Processing /home/airflow/.local/lib/python3.12/site-packages/airflow/example_dags/example_setup_teardown.py took 0.070 seconds
[2025-02-19T09:43:36.454+0000] {processor.py:186} INFO - Started process (PID=760) to work on /home/airflow/.local/lib/python3.12/site-packages/airflow/example_dags/example_setup_teardown.py
[2025-02-19T09:43:36.455+0000] {processor.py:914} INFO - Processing file /home/airflow/.local/lib/python3.12/site-packages/airflow/example_dags/example_setup_teardown.py for tasks to queue
[2025-02-19T09:43:36.457+0000] {logging_mixin.py:190} INFO - [2025-02-19T09:43:36.457+0000] {dagbag.py:587} INFO - Filling up the DagBag from /home/airflow/.local/lib/python3.12/site-packages/airflow/example_dags/example_setup_teardown.py
[2025-02-19T09:43:36.464+0000] {processor.py:925} INFO - DAG(s) 'example_setup_teardown' retrieved from /home/airflow/.local/lib/python3.12/site-packages/airflow/example_dags/example_setup_teardown.py
[2025-02-19T09:43:36.481+0000] {logging_mixin.py:190} INFO - [2025-02-19T09:43:36.481+0000] {dag.py:3229} INFO - Sync 1 DAGs
[2025-02-19T09:43:36.492+0000] {logging_mixin.py:190} INFO - [2025-02-19T09:43:36.492+0000] {dag.py:4156} INFO - Setting next_dagrun for example_setup_teardown to None, run_after=None
[2025-02-19T09:43:36.506+0000] {processor.py:208} INFO - Processing /home/airflow/.local/lib/python3.12/site-packages/airflow/example_dags/example_setup_teardown.py took 0.057 seconds
[2025-02-19T09:44:06.712+0000] {processor.py:186} INFO - Started process (PID=824) to work on /home/airflow/.local/lib/python3.12/site-packages/airflow/example_dags/example_setup_teardown.py
[2025-02-19T09:44:06.713+0000] {processor.py:914} INFO - Processing file /home/airflow/.local/lib/python3.12/site-packages/airflow/example_dags/example_setup_teardown.py for tasks to queue
[2025-02-19T09:44:06.715+0000] {logging_mixin.py:190} INFO - [2025-02-19T09:44:06.715+0000] {dagbag.py:587} INFO - Filling up the DagBag from /home/airflow/.local/lib/python3.12/site-packages/airflow/example_dags/example_setup_teardown.py
[2025-02-19T09:44:06.721+0000] {processor.py:925} INFO - DAG(s) 'example_setup_teardown' retrieved from /home/airflow/.local/lib/python3.12/site-packages/airflow/example_dags/example_setup_teardown.py
[2025-02-19T09:44:06.738+0000] {logging_mixin.py:190} INFO - [2025-02-19T09:44:06.738+0000] {dag.py:3229} INFO - Sync 1 DAGs
[2025-02-19T09:44:06.749+0000] {logging_mixin.py:190} INFO - [2025-02-19T09:44:06.748+0000] {dag.py:4156} INFO - Setting next_dagrun for example_setup_teardown to None, run_after=None
[2025-02-19T09:44:06.764+0000] {processor.py:208} INFO - Processing /home/airflow/.local/lib/python3.12/site-packages/airflow/example_dags/example_setup_teardown.py took 0.056 seconds
[2025-02-19T09:44:37.667+0000] {processor.py:186} INFO - Started process (PID=888) to work on /home/airflow/.local/lib/python3.12/site-packages/airflow/example_dags/example_setup_teardown.py
[2025-02-19T09:44:37.668+0000] {processor.py:914} INFO - Processing file /home/airflow/.local/lib/python3.12/site-packages/airflow/example_dags/example_setup_teardown.py for tasks to queue
[2025-02-19T09:44:37.670+0000] {logging_mixin.py:190} INFO - [2025-02-19T09:44:37.670+0000] {dagbag.py:587} INFO - Filling up the DagBag from /home/airflow/.local/lib/python3.12/site-packages/airflow/example_dags/example_setup_teardown.py
[2025-02-19T09:44:37.677+0000] {processor.py:925} INFO - DAG(s) 'example_setup_teardown' retrieved from /home/airflow/.local/lib/python3.12/site-packages/airflow/example_dags/example_setup_teardown.py
[2025-02-19T09:44:37.693+0000] {logging_mixin.py:190} INFO - [2025-02-19T09:44:37.693+0000] {dag.py:3229} INFO - Sync 1 DAGs
[2025-02-19T09:44:37.703+0000] {logging_mixin.py:190} INFO - [2025-02-19T09:44:37.702+0000] {dag.py:4156} INFO - Setting next_dagrun for example_setup_teardown to None, run_after=None
[2025-02-19T09:44:37.717+0000] {processor.py:208} INFO - Processing /home/airflow/.local/lib/python3.12/site-packages/airflow/example_dags/example_setup_teardown.py took 0.054 seconds
[2025-02-19T09:45:08.054+0000] {processor.py:186} INFO - Started process (PID=952) to work on /home/airflow/.local/lib/python3.12/site-packages/airflow/example_dags/example_setup_teardown.py
[2025-02-19T09:45:08.055+0000] {processor.py:914} INFO - Processing file /home/airflow/.local/lib/python3.12/site-packages/airflow/example_dags/example_setup_teardown.py for tasks to queue
[2025-02-19T09:45:08.057+0000] {logging_mixin.py:190} INFO - [2025-02-19T09:45:08.057+0000] {dagbag.py:587} INFO - Filling up the DagBag from /home/airflow/.local/lib/python3.12/site-packages/airflow/example_dags/example_setup_teardown.py
[2025-02-19T09:45:08.064+0000] {processor.py:925} INFO - DAG(s) 'example_setup_teardown' retrieved from /home/airflow/.local/lib/python3.12/site-packages/airflow/example_dags/example_setup_teardown.py
[2025-02-19T09:45:08.083+0000] {logging_mixin.py:190} INFO - [2025-02-19T09:45:08.083+0000] {dag.py:3229} INFO - Sync 1 DAGs
[2025-02-19T09:45:08.094+0000] {logging_mixin.py:190} INFO - [2025-02-19T09:45:08.094+0000] {dag.py:4156} INFO - Setting next_dagrun for example_setup_teardown to None, run_after=None
[2025-02-19T09:45:08.112+0000] {processor.py:208} INFO - Processing /home/airflow/.local/lib/python3.12/site-packages/airflow/example_dags/example_setup_teardown.py took 0.062 seconds
[2025-02-19T09:45:39.347+0000] {processor.py:186} INFO - Started process (PID=1016) to work on /home/airflow/.local/lib/python3.12/site-packages/airflow/example_dags/example_setup_teardown.py
[2025-02-19T09:45:39.349+0000] {processor.py:914} INFO - Processing file /home/airflow/.local/lib/python3.12/site-packages/airflow/example_dags/example_setup_teardown.py for tasks to queue
[2025-02-19T09:45:39.352+0000] {logging_mixin.py:190} INFO - [2025-02-19T09:45:39.351+0000] {dagbag.py:587} INFO - Filling up the DagBag from /home/airflow/.local/lib/python3.12/site-packages/airflow/example_dags/example_setup_teardown.py
[2025-02-19T09:45:39.359+0000] {processor.py:925} INFO - DAG(s) 'example_setup_teardown' retrieved from /home/airflow/.local/lib/python3.12/site-packages/airflow/example_dags/example_setup_teardown.py
[2025-02-19T09:45:39.380+0000] {logging_mixin.py:190} INFO - [2025-02-19T09:45:39.380+0000] {dag.py:3229} INFO - Sync 1 DAGs
[2025-02-19T09:45:39.398+0000] {logging_mixin.py:190} INFO - [2025-02-19T09:45:39.397+0000] {dag.py:4156} INFO - Setting next_dagrun for example_setup_teardown to None, run_after=None
[2025-02-19T09:45:39.419+0000] {processor.py:208} INFO - Processing /home/airflow/.local/lib/python3.12/site-packages/airflow/example_dags/example_setup_teardown.py took 0.076 seconds
[2025-02-19T09:46:10.309+0000] {processor.py:186} INFO - Started process (PID=1080) to work on /home/airflow/.local/lib/python3.12/site-packages/airflow/example_dags/example_setup_teardown.py
[2025-02-19T09:46:10.310+0000] {processor.py:914} INFO - Processing file /home/airflow/.local/lib/python3.12/site-packages/airflow/example_dags/example_setup_teardown.py for tasks to queue
[2025-02-19T09:46:10.312+0000] {logging_mixin.py:190} INFO - [2025-02-19T09:46:10.312+0000] {dagbag.py:587} INFO - Filling up the DagBag from /home/airflow/.local/lib/python3.12/site-packages/airflow/example_dags/example_setup_teardown.py
[2025-02-19T09:46:10.319+0000] {processor.py:925} INFO - DAG(s) 'example_setup_teardown' retrieved from /home/airflow/.local/lib/python3.12/site-packages/airflow/example_dags/example_setup_teardown.py
[2025-02-19T09:46:10.335+0000] {logging_mixin.py:190} INFO - [2025-02-19T09:46:10.335+0000] {dag.py:3229} INFO - Sync 1 DAGs
[2025-02-19T09:46:10.347+0000] {logging_mixin.py:190} INFO - [2025-02-19T09:46:10.346+0000] {dag.py:4156} INFO - Setting next_dagrun for example_setup_teardown to None, run_after=None
[2025-02-19T09:46:10.361+0000] {processor.py:208} INFO - Processing /home/airflow/.local/lib/python3.12/site-packages/airflow/example_dags/example_setup_teardown.py took 0.057 seconds
[2025-02-19T09:46:41.162+0000] {processor.py:186} INFO - Started process (PID=1144) to work on /home/airflow/.local/lib/python3.12/site-packages/airflow/example_dags/example_setup_teardown.py
[2025-02-19T09:46:41.163+0000] {processor.py:914} INFO - Processing file /home/airflow/.local/lib/python3.12/site-packages/airflow/example_dags/example_setup_teardown.py for tasks to queue
[2025-02-19T09:46:41.165+0000] {logging_mixin.py:190} INFO - [2025-02-19T09:46:41.165+0000] {dagbag.py:587} INFO - Filling up the DagBag from /home/airflow/.local/lib/python3.12/site-packages/airflow/example_dags/example_setup_teardown.py
[2025-02-19T09:46:41.172+0000] {processor.py:925} INFO - DAG(s) 'example_setup_teardown' retrieved from /home/airflow/.local/lib/python3.12/site-packages/airflow/example_dags/example_setup_teardown.py
[2025-02-19T09:46:41.189+0000] {logging_mixin.py:190} INFO - [2025-02-19T09:46:41.188+0000] {dag.py:3229} INFO - Sync 1 DAGs
[2025-02-19T09:46:41.199+0000] {logging_mixin.py:190} INFO - [2025-02-19T09:46:41.199+0000] {dag.py:4156} INFO - Setting next_dagrun for example_setup_teardown to None, run_after=None
[2025-02-19T09:46:41.213+0000] {processor.py:208} INFO - Processing /home/airflow/.local/lib/python3.12/site-packages/airflow/example_dags/example_setup_teardown.py took 0.055 seconds
[2025-02-19T09:47:12.422+0000] {processor.py:186} INFO - Started process (PID=1208) to work on /home/airflow/.local/lib/python3.12/site-packages/airflow/example_dags/example_setup_teardown.py
[2025-02-19T09:47:12.423+0000] {processor.py:914} INFO - Processing file /home/airflow/.local/lib/python3.12/site-packages/airflow/example_dags/example_setup_teardown.py for tasks to queue
[2025-02-19T09:47:12.425+0000] {logging_mixin.py:190} INFO - [2025-02-19T09:47:12.425+0000] {dagbag.py:587} INFO - Filling up the DagBag from /home/airflow/.local/lib/python3.12/site-packages/airflow/example_dags/example_setup_teardown.py
[2025-02-19T09:47:12.433+0000] {processor.py:925} INFO - DAG(s) 'example_setup_teardown' retrieved from /home/airflow/.local/lib/python3.12/site-packages/airflow/example_dags/example_setup_teardown.py
[2025-02-19T09:47:12.452+0000] {logging_mixin.py:190} INFO - [2025-02-19T09:47:12.451+0000] {dag.py:3229} INFO - Sync 1 DAGs
[2025-02-19T09:47:12.465+0000] {logging_mixin.py:190} INFO - [2025-02-19T09:47:12.465+0000] {dag.py:4156} INFO - Setting next_dagrun for example_setup_teardown to None, run_after=None
[2025-02-19T09:47:12.483+0000] {processor.py:208} INFO - Processing /home/airflow/.local/lib/python3.12/site-packages/airflow/example_dags/example_setup_teardown.py took 0.065 seconds
[2025-02-19T09:47:42.868+0000] {processor.py:186} INFO - Started process (PID=1272) to work on /home/airflow/.local/lib/python3.12/site-packages/airflow/example_dags/example_setup_teardown.py
[2025-02-19T09:47:42.869+0000] {processor.py:914} INFO - Processing file /home/airflow/.local/lib/python3.12/site-packages/airflow/example_dags/example_setup_teardown.py for tasks to queue
[2025-02-19T09:47:42.871+0000] {logging_mixin.py:190} INFO - [2025-02-19T09:47:42.871+0000] {dagbag.py:587} INFO - Filling up the DagBag from /home/airflow/.local/lib/python3.12/site-packages/airflow/example_dags/example_setup_teardown.py
[2025-02-19T09:47:42.879+0000] {processor.py:925} INFO - DAG(s) 'example_setup_teardown' retrieved from /home/airflow/.local/lib/python3.12/site-packages/airflow/example_dags/example_setup_teardown.py
[2025-02-19T09:47:42.898+0000] {logging_mixin.py:190} INFO - [2025-02-19T09:47:42.897+0000] {dag.py:3229} INFO - Sync 1 DAGs
[2025-02-19T09:47:42.910+0000] {logging_mixin.py:190} INFO - [2025-02-19T09:47:42.910+0000] {dag.py:4156} INFO - Setting next_dagrun for example_setup_teardown to None, run_after=None
[2025-02-19T09:47:42.928+0000] {processor.py:208} INFO - Processing /home/airflow/.local/lib/python3.12/site-packages/airflow/example_dags/example_setup_teardown.py took 0.065 seconds
[2025-02-19T09:48:13.013+0000] {processor.py:186} INFO - Started process (PID=1337) to work on /home/airflow/.local/lib/python3.12/site-packages/airflow/example_dags/example_setup_teardown.py
[2025-02-19T09:48:13.014+0000] {processor.py:914} INFO - Processing file /home/airflow/.local/lib/python3.12/site-packages/airflow/example_dags/example_setup_teardown.py for tasks to queue
[2025-02-19T09:48:13.016+0000] {logging_mixin.py:190} INFO - [2025-02-19T09:48:13.016+0000] {dagbag.py:587} INFO - Filling up the DagBag from /home/airflow/.local/lib/python3.12/site-packages/airflow/example_dags/example_setup_teardown.py
[2025-02-19T09:48:13.024+0000] {processor.py:925} INFO - DAG(s) 'example_setup_teardown' retrieved from /home/airflow/.local/lib/python3.12/site-packages/airflow/example_dags/example_setup_teardown.py
[2025-02-19T09:48:13.042+0000] {logging_mixin.py:190} INFO - [2025-02-19T09:48:13.041+0000] {dag.py:3229} INFO - Sync 1 DAGs
[2025-02-19T09:48:13.054+0000] {logging_mixin.py:190} INFO - [2025-02-19T09:48:13.054+0000] {dag.py:4156} INFO - Setting next_dagrun for example_setup_teardown to None, run_after=None
[2025-02-19T09:48:13.072+0000] {processor.py:208} INFO - Processing /home/airflow/.local/lib/python3.12/site-packages/airflow/example_dags/example_setup_teardown.py took 0.064 seconds
[2025-02-19T09:48:44.089+0000] {processor.py:186} INFO - Started process (PID=1401) to work on /home/airflow/.local/lib/python3.12/site-packages/airflow/example_dags/example_setup_teardown.py
[2025-02-19T09:48:44.091+0000] {processor.py:914} INFO - Processing file /home/airflow/.local/lib/python3.12/site-packages/airflow/example_dags/example_setup_teardown.py for tasks to queue
[2025-02-19T09:48:44.093+0000] {logging_mixin.py:190} INFO - [2025-02-19T09:48:44.092+0000] {dagbag.py:587} INFO - Filling up the DagBag from /home/airflow/.local/lib/python3.12/site-packages/airflow/example_dags/example_setup_teardown.py
[2025-02-19T09:48:44.099+0000] {processor.py:925} INFO - DAG(s) 'example_setup_teardown' retrieved from /home/airflow/.local/lib/python3.12/site-packages/airflow/example_dags/example_setup_teardown.py
[2025-02-19T09:48:44.115+0000] {logging_mixin.py:190} INFO - [2025-02-19T09:48:44.115+0000] {dag.py:3229} INFO - Sync 1 DAGs
[2025-02-19T09:48:44.127+0000] {logging_mixin.py:190} INFO - [2025-02-19T09:48:44.127+0000] {dag.py:4156} INFO - Setting next_dagrun for example_setup_teardown to None, run_after=None
[2025-02-19T09:48:44.141+0000] {processor.py:208} INFO - Processing /home/airflow/.local/lib/python3.12/site-packages/airflow/example_dags/example_setup_teardown.py took 0.056 seconds
[2025-02-19T09:49:15.068+0000] {processor.py:186} INFO - Started process (PID=1465) to work on /home/airflow/.local/lib/python3.12/site-packages/airflow/example_dags/example_setup_teardown.py
[2025-02-19T09:49:15.069+0000] {processor.py:914} INFO - Processing file /home/airflow/.local/lib/python3.12/site-packages/airflow/example_dags/example_setup_teardown.py for tasks to queue
[2025-02-19T09:49:15.071+0000] {logging_mixin.py:190} INFO - [2025-02-19T09:49:15.071+0000] {dagbag.py:587} INFO - Filling up the DagBag from /home/airflow/.local/lib/python3.12/site-packages/airflow/example_dags/example_setup_teardown.py
[2025-02-19T09:49:15.078+0000] {processor.py:925} INFO - DAG(s) 'example_setup_teardown' retrieved from /home/airflow/.local/lib/python3.12/site-packages/airflow/example_dags/example_setup_teardown.py
[2025-02-19T09:49:15.095+0000] {logging_mixin.py:190} INFO - [2025-02-19T09:49:15.095+0000] {dag.py:3229} INFO - Sync 1 DAGs
[2025-02-19T09:49:15.106+0000] {logging_mixin.py:190} INFO - [2025-02-19T09:49:15.106+0000] {dag.py:4156} INFO - Setting next_dagrun for example_setup_teardown to None, run_after=None
[2025-02-19T09:49:15.119+0000] {processor.py:208} INFO - Processing /home/airflow/.local/lib/python3.12/site-packages/airflow/example_dags/example_setup_teardown.py took 0.055 seconds
[2025-02-19T09:49:46.049+0000] {processor.py:186} INFO - Started process (PID=1529) to work on /home/airflow/.local/lib/python3.12/site-packages/airflow/example_dags/example_setup_teardown.py
[2025-02-19T09:49:46.051+0000] {processor.py:914} INFO - Processing file /home/airflow/.local/lib/python3.12/site-packages/airflow/example_dags/example_setup_teardown.py for tasks to queue
[2025-02-19T09:49:46.052+0000] {logging_mixin.py:190} INFO - [2025-02-19T09:49:46.052+0000] {dagbag.py:587} INFO - Filling up the DagBag from /home/airflow/.local/lib/python3.12/site-packages/airflow/example_dags/example_setup_teardown.py
[2025-02-19T09:49:46.059+0000] {processor.py:925} INFO - DAG(s) 'example_setup_teardown' retrieved from /home/airflow/.local/lib/python3.12/site-packages/airflow/example_dags/example_setup_teardown.py
[2025-02-19T09:49:46.076+0000] {logging_mixin.py:190} INFO - [2025-02-19T09:49:46.076+0000] {dag.py:3229} INFO - Sync 1 DAGs
[2025-02-19T09:49:46.087+0000] {logging_mixin.py:190} INFO - [2025-02-19T09:49:46.087+0000] {dag.py:4156} INFO - Setting next_dagrun for example_setup_teardown to None, run_after=None
[2025-02-19T09:49:46.100+0000] {processor.py:208} INFO - Processing /home/airflow/.local/lib/python3.12/site-packages/airflow/example_dags/example_setup_teardown.py took 0.055 seconds
[2025-02-19T09:50:16.505+0000] {processor.py:186} INFO - Started process (PID=1593) to work on /home/airflow/.local/lib/python3.12/site-packages/airflow/example_dags/example_setup_teardown.py
[2025-02-19T09:50:16.506+0000] {processor.py:914} INFO - Processing file /home/airflow/.local/lib/python3.12/site-packages/airflow/example_dags/example_setup_teardown.py for tasks to queue
[2025-02-19T09:50:16.508+0000] {logging_mixin.py:190} INFO - [2025-02-19T09:50:16.508+0000] {dagbag.py:587} INFO - Filling up the DagBag from /home/airflow/.local/lib/python3.12/site-packages/airflow/example_dags/example_setup_teardown.py
[2025-02-19T09:50:16.515+0000] {processor.py:925} INFO - DAG(s) 'example_setup_teardown' retrieved from /home/airflow/.local/lib/python3.12/site-packages/airflow/example_dags/example_setup_teardown.py
[2025-02-19T09:50:16.532+0000] {logging_mixin.py:190} INFO - [2025-02-19T09:50:16.532+0000] {dag.py:3229} INFO - Sync 1 DAGs
[2025-02-19T09:50:16.544+0000] {logging_mixin.py:190} INFO - [2025-02-19T09:50:16.544+0000] {dag.py:4156} INFO - Setting next_dagrun for example_setup_teardown to None, run_after=None
[2025-02-19T09:50:16.558+0000] {processor.py:208} INFO - Processing /home/airflow/.local/lib/python3.12/site-packages/airflow/example_dags/example_setup_teardown.py took 0.057 seconds
[2025-02-19T09:50:46.954+0000] {processor.py:186} INFO - Started process (PID=1657) to work on /home/airflow/.local/lib/python3.12/site-packages/airflow/example_dags/example_setup_teardown.py
[2025-02-19T09:50:46.955+0000] {processor.py:914} INFO - Processing file /home/airflow/.local/lib/python3.12/site-packages/airflow/example_dags/example_setup_teardown.py for tasks to queue
[2025-02-19T09:50:46.957+0000] {logging_mixin.py:190} INFO - [2025-02-19T09:50:46.957+0000] {dagbag.py:587} INFO - Filling up the DagBag from /home/airflow/.local/lib/python3.12/site-packages/airflow/example_dags/example_setup_teardown.py
[2025-02-19T09:50:46.965+0000] {processor.py:925} INFO - DAG(s) 'example_setup_teardown' retrieved from /home/airflow/.local/lib/python3.12/site-packages/airflow/example_dags/example_setup_teardown.py
[2025-02-19T09:50:46.984+0000] {logging_mixin.py:190} INFO - [2025-02-19T09:50:46.984+0000] {dag.py:3229} INFO - Sync 1 DAGs
[2025-02-19T09:50:46.997+0000] {logging_mixin.py:190} INFO - [2025-02-19T09:50:46.997+0000] {dag.py:4156} INFO - Setting next_dagrun for example_setup_teardown to None, run_after=None
[2025-02-19T09:50:47.012+0000] {processor.py:208} INFO - Processing /home/airflow/.local/lib/python3.12/site-packages/airflow/example_dags/example_setup_teardown.py took 0.062 seconds
[2025-02-19T09:51:17.181+0000] {processor.py:186} INFO - Started process (PID=1721) to work on /home/airflow/.local/lib/python3.12/site-packages/airflow/example_dags/example_setup_teardown.py
[2025-02-19T09:51:17.182+0000] {processor.py:914} INFO - Processing file /home/airflow/.local/lib/python3.12/site-packages/airflow/example_dags/example_setup_teardown.py for tasks to queue
[2025-02-19T09:51:17.184+0000] {logging_mixin.py:190} INFO - [2025-02-19T09:51:17.184+0000] {dagbag.py:587} INFO - Filling up the DagBag from /home/airflow/.local/lib/python3.12/site-packages/airflow/example_dags/example_setup_teardown.py
[2025-02-19T09:51:17.191+0000] {processor.py:925} INFO - DAG(s) 'example_setup_teardown' retrieved from /home/airflow/.local/lib/python3.12/site-packages/airflow/example_dags/example_setup_teardown.py
[2025-02-19T09:51:17.209+0000] {logging_mixin.py:190} INFO - [2025-02-19T09:51:17.209+0000] {dag.py:3229} INFO - Sync 1 DAGs
[2025-02-19T09:51:17.220+0000] {logging_mixin.py:190} INFO - [2025-02-19T09:51:17.220+0000] {dag.py:4156} INFO - Setting next_dagrun for example_setup_teardown to None, run_after=None
[2025-02-19T09:51:17.237+0000] {processor.py:208} INFO - Processing /home/airflow/.local/lib/python3.12/site-packages/airflow/example_dags/example_setup_teardown.py took 0.061 seconds
[2025-02-19T09:51:47.448+0000] {processor.py:186} INFO - Started process (PID=1785) to work on /home/airflow/.local/lib/python3.12/site-packages/airflow/example_dags/example_setup_teardown.py
[2025-02-19T09:51:47.449+0000] {processor.py:914} INFO - Processing file /home/airflow/.local/lib/python3.12/site-packages/airflow/example_dags/example_setup_teardown.py for tasks to queue
[2025-02-19T09:51:47.451+0000] {logging_mixin.py:190} INFO - [2025-02-19T09:51:47.451+0000] {dagbag.py:587} INFO - Filling up the DagBag from /home/airflow/.local/lib/python3.12/site-packages/airflow/example_dags/example_setup_teardown.py
[2025-02-19T09:51:47.459+0000] {processor.py:925} INFO - DAG(s) 'example_setup_teardown' retrieved from /home/airflow/.local/lib/python3.12/site-packages/airflow/example_dags/example_setup_teardown.py
[2025-02-19T09:51:47.478+0000] {logging_mixin.py:190} INFO - [2025-02-19T09:51:47.478+0000] {dag.py:3229} INFO - Sync 1 DAGs
[2025-02-19T09:51:47.491+0000] {logging_mixin.py:190} INFO - [2025-02-19T09:51:47.491+0000] {dag.py:4156} INFO - Setting next_dagrun for example_setup_teardown to None, run_after=None
[2025-02-19T09:51:47.509+0000] {processor.py:208} INFO - Processing /home/airflow/.local/lib/python3.12/site-packages/airflow/example_dags/example_setup_teardown.py took 0.066 seconds
[2025-02-19T09:52:17.802+0000] {processor.py:186} INFO - Started process (PID=1849) to work on /home/airflow/.local/lib/python3.12/site-packages/airflow/example_dags/example_setup_teardown.py
[2025-02-19T09:52:17.803+0000] {processor.py:914} INFO - Processing file /home/airflow/.local/lib/python3.12/site-packages/airflow/example_dags/example_setup_teardown.py for tasks to queue
[2025-02-19T09:52:17.804+0000] {logging_mixin.py:190} INFO - [2025-02-19T09:52:17.804+0000] {dagbag.py:587} INFO - Filling up the DagBag from /home/airflow/.local/lib/python3.12/site-packages/airflow/example_dags/example_setup_teardown.py
[2025-02-19T09:52:17.811+0000] {processor.py:925} INFO - DAG(s) 'example_setup_teardown' retrieved from /home/airflow/.local/lib/python3.12/site-packages/airflow/example_dags/example_setup_teardown.py
[2025-02-19T09:52:17.828+0000] {logging_mixin.py:190} INFO - [2025-02-19T09:52:17.828+0000] {dag.py:3229} INFO - Sync 1 DAGs
[2025-02-19T09:52:17.838+0000] {logging_mixin.py:190} INFO - [2025-02-19T09:52:17.838+0000] {dag.py:4156} INFO - Setting next_dagrun for example_setup_teardown to None, run_after=None
[2025-02-19T09:52:17.851+0000] {processor.py:208} INFO - Processing /home/airflow/.local/lib/python3.12/site-packages/airflow/example_dags/example_setup_teardown.py took 0.053 seconds
[2025-02-19T09:52:48.140+0000] {processor.py:186} INFO - Started process (PID=1913) to work on /home/airflow/.local/lib/python3.12/site-packages/airflow/example_dags/example_setup_teardown.py
[2025-02-19T09:52:48.142+0000] {processor.py:914} INFO - Processing file /home/airflow/.local/lib/python3.12/site-packages/airflow/example_dags/example_setup_teardown.py for tasks to queue
[2025-02-19T09:52:48.143+0000] {logging_mixin.py:190} INFO - [2025-02-19T09:52:48.143+0000] {dagbag.py:587} INFO - Filling up the DagBag from /home/airflow/.local/lib/python3.12/site-packages/airflow/example_dags/example_setup_teardown.py
[2025-02-19T09:52:48.150+0000] {processor.py:925} INFO - DAG(s) 'example_setup_teardown' retrieved from /home/airflow/.local/lib/python3.12/site-packages/airflow/example_dags/example_setup_teardown.py
[2025-02-19T09:52:48.169+0000] {logging_mixin.py:190} INFO - [2025-02-19T09:52:48.169+0000] {dag.py:3229} INFO - Sync 1 DAGs
[2025-02-19T09:52:48.182+0000] {logging_mixin.py:190} INFO - [2025-02-19T09:52:48.181+0000] {dag.py:4156} INFO - Setting next_dagrun for example_setup_teardown to None, run_after=None
[2025-02-19T09:52:48.200+0000] {processor.py:208} INFO - Processing /home/airflow/.local/lib/python3.12/site-packages/airflow/example_dags/example_setup_teardown.py took 0.064 seconds
[2025-02-19T09:53:18.402+0000] {processor.py:186} INFO - Started process (PID=1977) to work on /home/airflow/.local/lib/python3.12/site-packages/airflow/example_dags/example_setup_teardown.py
[2025-02-19T09:53:18.403+0000] {processor.py:914} INFO - Processing file /home/airflow/.local/lib/python3.12/site-packages/airflow/example_dags/example_setup_teardown.py for tasks to queue
[2025-02-19T09:53:18.405+0000] {logging_mixin.py:190} INFO - [2025-02-19T09:53:18.405+0000] {dagbag.py:587} INFO - Filling up the DagBag from /home/airflow/.local/lib/python3.12/site-packages/airflow/example_dags/example_setup_teardown.py
[2025-02-19T09:53:18.412+0000] {processor.py:925} INFO - DAG(s) 'example_setup_teardown' retrieved from /home/airflow/.local/lib/python3.12/site-packages/airflow/example_dags/example_setup_teardown.py
[2025-02-19T09:53:18.435+0000] {logging_mixin.py:190} INFO - [2025-02-19T09:53:18.435+0000] {dag.py:3229} INFO - Sync 1 DAGs
[2025-02-19T09:53:18.450+0000] {logging_mixin.py:190} INFO - [2025-02-19T09:53:18.450+0000] {dag.py:4156} INFO - Setting next_dagrun for example_setup_teardown to None, run_after=None
[2025-02-19T09:53:18.470+0000] {processor.py:208} INFO - Processing /home/airflow/.local/lib/python3.12/site-packages/airflow/example_dags/example_setup_teardown.py took 0.073 seconds
[2025-02-19T09:53:48.617+0000] {processor.py:186} INFO - Started process (PID=2041) to work on /home/airflow/.local/lib/python3.12/site-packages/airflow/example_dags/example_setup_teardown.py
[2025-02-19T09:53:48.618+0000] {processor.py:914} INFO - Processing file /home/airflow/.local/lib/python3.12/site-packages/airflow/example_dags/example_setup_teardown.py for tasks to queue
[2025-02-19T09:53:48.620+0000] {logging_mixin.py:190} INFO - [2025-02-19T09:53:48.620+0000] {dagbag.py:587} INFO - Filling up the DagBag from /home/airflow/.local/lib/python3.12/site-packages/airflow/example_dags/example_setup_teardown.py
[2025-02-19T09:53:48.627+0000] {processor.py:925} INFO - DAG(s) 'example_setup_teardown' retrieved from /home/airflow/.local/lib/python3.12/site-packages/airflow/example_dags/example_setup_teardown.py
[2025-02-19T09:53:48.645+0000] {logging_mixin.py:190} INFO - [2025-02-19T09:53:48.645+0000] {dag.py:3229} INFO - Sync 1 DAGs
[2025-02-19T09:53:48.657+0000] {logging_mixin.py:190} INFO - [2025-02-19T09:53:48.657+0000] {dag.py:4156} INFO - Setting next_dagrun for example_setup_teardown to None, run_after=None
[2025-02-19T09:53:48.673+0000] {processor.py:208} INFO - Processing /home/airflow/.local/lib/python3.12/site-packages/airflow/example_dags/example_setup_teardown.py took 0.060 seconds
[2025-02-19T09:54:19.120+0000] {processor.py:186} INFO - Started process (PID=2105) to work on /home/airflow/.local/lib/python3.12/site-packages/airflow/example_dags/example_setup_teardown.py
[2025-02-19T09:54:19.129+0000] {processor.py:914} INFO - Processing file /home/airflow/.local/lib/python3.12/site-packages/airflow/example_dags/example_setup_teardown.py for tasks to queue
[2025-02-19T09:54:19.132+0000] {logging_mixin.py:190} INFO - [2025-02-19T09:54:19.131+0000] {dagbag.py:587} INFO - Filling up the DagBag from /home/airflow/.local/lib/python3.12/site-packages/airflow/example_dags/example_setup_teardown.py
[2025-02-19T09:54:19.139+0000] {processor.py:925} INFO - DAG(s) 'example_setup_teardown' retrieved from /home/airflow/.local/lib/python3.12/site-packages/airflow/example_dags/example_setup_teardown.py
[2025-02-19T09:54:19.160+0000] {logging_mixin.py:190} INFO - [2025-02-19T09:54:19.160+0000] {dag.py:3229} INFO - Sync 1 DAGs
[2025-02-19T09:54:19.174+0000] {logging_mixin.py:190} INFO - [2025-02-19T09:54:19.174+0000] {dag.py:4156} INFO - Setting next_dagrun for example_setup_teardown to None, run_after=None
[2025-02-19T09:54:19.192+0000] {processor.py:208} INFO - Processing /home/airflow/.local/lib/python3.12/site-packages/airflow/example_dags/example_setup_teardown.py took 0.076 seconds
[2025-02-19T09:54:49.304+0000] {processor.py:186} INFO - Started process (PID=2169) to work on /home/airflow/.local/lib/python3.12/site-packages/airflow/example_dags/example_setup_teardown.py
[2025-02-19T09:54:49.305+0000] {processor.py:914} INFO - Processing file /home/airflow/.local/lib/python3.12/site-packages/airflow/example_dags/example_setup_teardown.py for tasks to queue
[2025-02-19T09:54:49.307+0000] {logging_mixin.py:190} INFO - [2025-02-19T09:54:49.307+0000] {dagbag.py:587} INFO - Filling up the DagBag from /home/airflow/.local/lib/python3.12/site-packages/airflow/example_dags/example_setup_teardown.py
[2025-02-19T09:54:49.314+0000] {processor.py:925} INFO - DAG(s) 'example_setup_teardown' retrieved from /home/airflow/.local/lib/python3.12/site-packages/airflow/example_dags/example_setup_teardown.py
[2025-02-19T09:54:49.331+0000] {logging_mixin.py:190} INFO - [2025-02-19T09:54:49.331+0000] {dag.py:3229} INFO - Sync 1 DAGs
[2025-02-19T09:54:49.342+0000] {logging_mixin.py:190} INFO - [2025-02-19T09:54:49.341+0000] {dag.py:4156} INFO - Setting next_dagrun for example_setup_teardown to None, run_after=None
[2025-02-19T09:54:49.355+0000] {processor.py:208} INFO - Processing /home/airflow/.local/lib/python3.12/site-packages/airflow/example_dags/example_setup_teardown.py took 0.056 seconds
[2025-02-19T09:55:19.769+0000] {processor.py:186} INFO - Started process (PID=2234) to work on /home/airflow/.local/lib/python3.12/site-packages/airflow/example_dags/example_setup_teardown.py
[2025-02-19T09:55:19.770+0000] {processor.py:914} INFO - Processing file /home/airflow/.local/lib/python3.12/site-packages/airflow/example_dags/example_setup_teardown.py for tasks to queue
[2025-02-19T09:55:19.772+0000] {logging_mixin.py:190} INFO - [2025-02-19T09:55:19.772+0000] {dagbag.py:587} INFO - Filling up the DagBag from /home/airflow/.local/lib/python3.12/site-packages/airflow/example_dags/example_setup_teardown.py
[2025-02-19T09:55:19.780+0000] {processor.py:925} INFO - DAG(s) 'example_setup_teardown' retrieved from /home/airflow/.local/lib/python3.12/site-packages/airflow/example_dags/example_setup_teardown.py
[2025-02-19T09:55:19.797+0000] {logging_mixin.py:190} INFO - [2025-02-19T09:55:19.797+0000] {dag.py:3229} INFO - Sync 1 DAGs
[2025-02-19T09:55:19.809+0000] {logging_mixin.py:190} INFO - [2025-02-19T09:55:19.809+0000] {dag.py:4156} INFO - Setting next_dagrun for example_setup_teardown to None, run_after=None
[2025-02-19T09:55:19.824+0000] {processor.py:208} INFO - Processing /home/airflow/.local/lib/python3.12/site-packages/airflow/example_dags/example_setup_teardown.py took 0.060 seconds
[2025-02-19T09:55:50.145+0000] {processor.py:186} INFO - Started process (PID=2298) to work on /home/airflow/.local/lib/python3.12/site-packages/airflow/example_dags/example_setup_teardown.py
[2025-02-19T09:55:50.146+0000] {processor.py:914} INFO - Processing file /home/airflow/.local/lib/python3.12/site-packages/airflow/example_dags/example_setup_teardown.py for tasks to queue
[2025-02-19T09:55:50.149+0000] {logging_mixin.py:190} INFO - [2025-02-19T09:55:50.148+0000] {dagbag.py:587} INFO - Filling up the DagBag from /home/airflow/.local/lib/python3.12/site-packages/airflow/example_dags/example_setup_teardown.py
[2025-02-19T09:55:50.158+0000] {processor.py:925} INFO - DAG(s) 'example_setup_teardown' retrieved from /home/airflow/.local/lib/python3.12/site-packages/airflow/example_dags/example_setup_teardown.py
[2025-02-19T09:55:50.177+0000] {logging_mixin.py:190} INFO - [2025-02-19T09:55:50.177+0000] {dag.py:3229} INFO - Sync 1 DAGs
[2025-02-19T09:55:50.188+0000] {logging_mixin.py:190} INFO - [2025-02-19T09:55:50.188+0000] {dag.py:4156} INFO - Setting next_dagrun for example_setup_teardown to None, run_after=None
[2025-02-19T09:55:50.204+0000] {processor.py:208} INFO - Processing /home/airflow/.local/lib/python3.12/site-packages/airflow/example_dags/example_setup_teardown.py took 0.064 seconds
[2025-02-19T09:56:20.463+0000] {processor.py:186} INFO - Started process (PID=2362) to work on /home/airflow/.local/lib/python3.12/site-packages/airflow/example_dags/example_setup_teardown.py
[2025-02-19T09:56:20.464+0000] {processor.py:914} INFO - Processing file /home/airflow/.local/lib/python3.12/site-packages/airflow/example_dags/example_setup_teardown.py for tasks to queue
[2025-02-19T09:56:20.466+0000] {logging_mixin.py:190} INFO - [2025-02-19T09:56:20.465+0000] {dagbag.py:587} INFO - Filling up the DagBag from /home/airflow/.local/lib/python3.12/site-packages/airflow/example_dags/example_setup_teardown.py
[2025-02-19T09:56:20.472+0000] {processor.py:925} INFO - DAG(s) 'example_setup_teardown' retrieved from /home/airflow/.local/lib/python3.12/site-packages/airflow/example_dags/example_setup_teardown.py
[2025-02-19T09:56:20.488+0000] {logging_mixin.py:190} INFO - [2025-02-19T09:56:20.488+0000] {dag.py:3229} INFO - Sync 1 DAGs
[2025-02-19T09:56:20.500+0000] {logging_mixin.py:190} INFO - [2025-02-19T09:56:20.499+0000] {dag.py:4156} INFO - Setting next_dagrun for example_setup_teardown to None, run_after=None
[2025-02-19T09:56:20.514+0000] {processor.py:208} INFO - Processing /home/airflow/.local/lib/python3.12/site-packages/airflow/example_dags/example_setup_teardown.py took 0.055 seconds
[2025-02-19T09:56:50.902+0000] {processor.py:186} INFO - Started process (PID=2427) to work on /home/airflow/.local/lib/python3.12/site-packages/airflow/example_dags/example_setup_teardown.py
[2025-02-19T09:56:50.903+0000] {processor.py:914} INFO - Processing file /home/airflow/.local/lib/python3.12/site-packages/airflow/example_dags/example_setup_teardown.py for tasks to queue
[2025-02-19T09:56:50.905+0000] {logging_mixin.py:190} INFO - [2025-02-19T09:56:50.905+0000] {dagbag.py:587} INFO - Filling up the DagBag from /home/airflow/.local/lib/python3.12/site-packages/airflow/example_dags/example_setup_teardown.py
[2025-02-19T09:56:50.911+0000] {processor.py:925} INFO - DAG(s) 'example_setup_teardown' retrieved from /home/airflow/.local/lib/python3.12/site-packages/airflow/example_dags/example_setup_teardown.py
[2025-02-19T09:56:50.929+0000] {logging_mixin.py:190} INFO - [2025-02-19T09:56:50.928+0000] {dag.py:3229} INFO - Sync 1 DAGs
[2025-02-19T09:56:50.939+0000] {logging_mixin.py:190} INFO - [2025-02-19T09:56:50.938+0000] {dag.py:4156} INFO - Setting next_dagrun for example_setup_teardown to None, run_after=None
[2025-02-19T09:56:50.952+0000] {processor.py:208} INFO - Processing /home/airflow/.local/lib/python3.12/site-packages/airflow/example_dags/example_setup_teardown.py took 0.054 seconds
[2025-02-19T09:57:22.109+0000] {processor.py:186} INFO - Started process (PID=2491) to work on /home/airflow/.local/lib/python3.12/site-packages/airflow/example_dags/example_setup_teardown.py
[2025-02-19T09:57:22.110+0000] {processor.py:914} INFO - Processing file /home/airflow/.local/lib/python3.12/site-packages/airflow/example_dags/example_setup_teardown.py for tasks to queue
[2025-02-19T09:57:22.112+0000] {logging_mixin.py:190} INFO - [2025-02-19T09:57:22.112+0000] {dagbag.py:587} INFO - Filling up the DagBag from /home/airflow/.local/lib/python3.12/site-packages/airflow/example_dags/example_setup_teardown.py
[2025-02-19T09:57:22.119+0000] {processor.py:925} INFO - DAG(s) 'example_setup_teardown' retrieved from /home/airflow/.local/lib/python3.12/site-packages/airflow/example_dags/example_setup_teardown.py
[2025-02-19T09:57:22.137+0000] {logging_mixin.py:190} INFO - [2025-02-19T09:57:22.137+0000] {dag.py:3229} INFO - Sync 1 DAGs
[2025-02-19T09:57:22.149+0000] {logging_mixin.py:190} INFO - [2025-02-19T09:57:22.149+0000] {dag.py:4156} INFO - Setting next_dagrun for example_setup_teardown to None, run_after=None
[2025-02-19T09:57:22.166+0000] {processor.py:208} INFO - Processing /home/airflow/.local/lib/python3.12/site-packages/airflow/example_dags/example_setup_teardown.py took 0.064 seconds
[2025-02-19T09:57:52.365+0000] {processor.py:186} INFO - Started process (PID=2555) to work on /home/airflow/.local/lib/python3.12/site-packages/airflow/example_dags/example_setup_teardown.py
[2025-02-19T09:57:52.366+0000] {processor.py:914} INFO - Processing file /home/airflow/.local/lib/python3.12/site-packages/airflow/example_dags/example_setup_teardown.py for tasks to queue
[2025-02-19T09:57:52.368+0000] {logging_mixin.py:190} INFO - [2025-02-19T09:57:52.368+0000] {dagbag.py:587} INFO - Filling up the DagBag from /home/airflow/.local/lib/python3.12/site-packages/airflow/example_dags/example_setup_teardown.py
[2025-02-19T09:57:52.376+0000] {processor.py:925} INFO - DAG(s) 'example_setup_teardown' retrieved from /home/airflow/.local/lib/python3.12/site-packages/airflow/example_dags/example_setup_teardown.py
[2025-02-19T09:57:52.394+0000] {logging_mixin.py:190} INFO - [2025-02-19T09:57:52.394+0000] {dag.py:3229} INFO - Sync 1 DAGs
[2025-02-19T09:57:52.404+0000] {logging_mixin.py:190} INFO - [2025-02-19T09:57:52.404+0000] {dag.py:4156} INFO - Setting next_dagrun for example_setup_teardown to None, run_after=None
[2025-02-19T09:57:52.419+0000] {processor.py:208} INFO - Processing /home/airflow/.local/lib/python3.12/site-packages/airflow/example_dags/example_setup_teardown.py took 0.059 seconds
[2025-02-19T09:58:23.116+0000] {processor.py:186} INFO - Started process (PID=2620) to work on /home/airflow/.local/lib/python3.12/site-packages/airflow/example_dags/example_setup_teardown.py
[2025-02-19T09:58:23.117+0000] {processor.py:914} INFO - Processing file /home/airflow/.local/lib/python3.12/site-packages/airflow/example_dags/example_setup_teardown.py for tasks to queue
[2025-02-19T09:58:23.118+0000] {logging_mixin.py:190} INFO - [2025-02-19T09:58:23.118+0000] {dagbag.py:587} INFO - Filling up the DagBag from /home/airflow/.local/lib/python3.12/site-packages/airflow/example_dags/example_setup_teardown.py
[2025-02-19T09:58:23.125+0000] {processor.py:925} INFO - DAG(s) 'example_setup_teardown' retrieved from /home/airflow/.local/lib/python3.12/site-packages/airflow/example_dags/example_setup_teardown.py
[2025-02-19T09:58:23.142+0000] {logging_mixin.py:190} INFO - [2025-02-19T09:58:23.142+0000] {dag.py:3229} INFO - Sync 1 DAGs
[2025-02-19T09:58:23.153+0000] {logging_mixin.py:190} INFO - [2025-02-19T09:58:23.153+0000] {dag.py:4156} INFO - Setting next_dagrun for example_setup_teardown to None, run_after=None
[2025-02-19T09:58:23.169+0000] {processor.py:208} INFO - Processing /home/airflow/.local/lib/python3.12/site-packages/airflow/example_dags/example_setup_teardown.py took 0.057 seconds
[2025-02-19T09:58:54.338+0000] {processor.py:186} INFO - Started process (PID=2689) to work on /home/airflow/.local/lib/python3.12/site-packages/airflow/example_dags/example_setup_teardown.py
[2025-02-19T09:58:54.339+0000] {processor.py:914} INFO - Processing file /home/airflow/.local/lib/python3.12/site-packages/airflow/example_dags/example_setup_teardown.py for tasks to queue
[2025-02-19T09:58:54.341+0000] {logging_mixin.py:190} INFO - [2025-02-19T09:58:54.341+0000] {dagbag.py:587} INFO - Filling up the DagBag from /home/airflow/.local/lib/python3.12/site-packages/airflow/example_dags/example_setup_teardown.py
[2025-02-19T09:58:54.348+0000] {processor.py:925} INFO - DAG(s) 'example_setup_teardown' retrieved from /home/airflow/.local/lib/python3.12/site-packages/airflow/example_dags/example_setup_teardown.py
[2025-02-19T09:58:54.366+0000] {logging_mixin.py:190} INFO - [2025-02-19T09:58:54.366+0000] {dag.py:3229} INFO - Sync 1 DAGs
[2025-02-19T09:58:54.378+0000] {logging_mixin.py:190} INFO - [2025-02-19T09:58:54.378+0000] {dag.py:4156} INFO - Setting next_dagrun for example_setup_teardown to None, run_after=None
[2025-02-19T09:58:54.393+0000] {processor.py:208} INFO - Processing /home/airflow/.local/lib/python3.12/site-packages/airflow/example_dags/example_setup_teardown.py took 0.059 seconds
[2025-02-19T09:59:25.322+0000] {processor.py:186} INFO - Started process (PID=2753) to work on /home/airflow/.local/lib/python3.12/site-packages/airflow/example_dags/example_setup_teardown.py
[2025-02-19T09:59:25.323+0000] {processor.py:914} INFO - Processing file /home/airflow/.local/lib/python3.12/site-packages/airflow/example_dags/example_setup_teardown.py for tasks to queue
[2025-02-19T09:59:25.325+0000] {logging_mixin.py:190} INFO - [2025-02-19T09:59:25.325+0000] {dagbag.py:587} INFO - Filling up the DagBag from /home/airflow/.local/lib/python3.12/site-packages/airflow/example_dags/example_setup_teardown.py
[2025-02-19T09:59:25.332+0000] {processor.py:925} INFO - DAG(s) 'example_setup_teardown' retrieved from /home/airflow/.local/lib/python3.12/site-packages/airflow/example_dags/example_setup_teardown.py
[2025-02-19T09:59:25.348+0000] {logging_mixin.py:190} INFO - [2025-02-19T09:59:25.348+0000] {dag.py:3229} INFO - Sync 1 DAGs
[2025-02-19T09:59:25.360+0000] {logging_mixin.py:190} INFO - [2025-02-19T09:59:25.360+0000] {dag.py:4156} INFO - Setting next_dagrun for example_setup_teardown to None, run_after=None
[2025-02-19T09:59:25.374+0000] {processor.py:208} INFO - Processing /home/airflow/.local/lib/python3.12/site-packages/airflow/example_dags/example_setup_teardown.py took 0.057 seconds
[2025-02-19T10:23:14.681+0000] {logging_mixin.py:190} INFO - [2025-02-19T10:23:14.681+0000] {settings.py:475} DEBUG - Setting up DB connection pool (PID 102)
[2025-02-19T10:23:14.683+0000] {logging_mixin.py:190} INFO - [2025-02-19T10:23:14.683+0000] {settings.py:579} DEBUG - settings.prepare_engine_args(): Using pool settings. pool_size=5, max_overflow=10, pool_recycle=1800, pid=102
[2025-02-19T10:23:14.687+0000] {processor.py:186} INFO - Started process (PID=102) to work on /home/airflow/.local/lib/python3.12/site-packages/airflow/example_dags/example_setup_teardown.py
[2025-02-19T10:23:14.688+0000] {processor.py:914} INFO - Processing file /home/airflow/.local/lib/python3.12/site-packages/airflow/example_dags/example_setup_teardown.py for tasks to queue
[2025-02-19T10:23:14.688+0000] {logging_mixin.py:190} INFO - [2025-02-19T10:23:14.688+0000] {dagbag.py:587} INFO - Filling up the DagBag from /home/airflow/.local/lib/python3.12/site-packages/airflow/example_dags/example_setup_teardown.py
[2025-02-19T10:23:14.689+0000] {logging_mixin.py:190} INFO - [2025-02-19T10:23:14.689+0000] {dagbag.py:368} DEBUG - Importing /home/airflow/.local/lib/python3.12/site-packages/airflow/example_dags/example_setup_teardown.py
[2025-02-19T10:23:14.700+0000] {logging_mixin.py:190} INFO - [2025-02-19T10:23:14.698+0000] {dagbag.py:553} DEBUG - Loaded DAG <DAG: example_setup_teardown>
[2025-02-19T10:23:14.700+0000] {processor.py:925} INFO - DAG(s) 'example_setup_teardown' retrieved from /home/airflow/.local/lib/python3.12/site-packages/airflow/example_dags/example_setup_teardown.py
[2025-02-19T10:23:14.701+0000] {logging_mixin.py:190} INFO - [2025-02-19T10:23:14.700+0000] {dagbag.py:710} DEBUG - Running dagbag.sync_to_db with retries. Try 1 of 3
[2025-02-19T10:23:14.701+0000] {logging_mixin.py:190} INFO - [2025-02-19T10:23:14.701+0000] {dagbag.py:715} DEBUG - Calling the DAG.bulk_sync_to_db method
[2025-02-19T10:23:14.711+0000] {logging_mixin.py:190} INFO - [2025-02-19T10:23:14.711+0000] {serialized_dag.py:168} DEBUG - Checking if DAG (example_setup_teardown) changed
[2025-02-19T10:23:14.721+0000] {logging_mixin.py:190} INFO - [2025-02-19T10:23:14.721+0000] {serialized_dag.py:179} DEBUG - Serialized DAG (example_setup_teardown) is unchanged. Skipping writing to DB
[2025-02-19T10:23:14.721+0000] {logging_mixin.py:190} INFO - [2025-02-19T10:23:14.721+0000] {dag.py:3229} INFO - Sync 1 DAGs
[2025-02-19T10:23:14.735+0000] {logging_mixin.py:190} INFO - [2025-02-19T10:23:14.735+0000] {dag.py:4156} INFO - Setting next_dagrun for example_setup_teardown to None, run_after=None
[2025-02-19T10:23:14.758+0000] {processor.py:208} INFO - Processing /home/airflow/.local/lib/python3.12/site-packages/airflow/example_dags/example_setup_teardown.py took 0.077 seconds
[2025-02-19T10:23:57.152+0000] {logging_mixin.py:190} INFO - [2025-02-19T10:23:57.151+0000] {settings.py:475} DEBUG - Setting up DB connection pool (PID 166)
[2025-02-19T10:23:57.153+0000] {logging_mixin.py:190} INFO - [2025-02-19T10:23:57.153+0000] {settings.py:579} DEBUG - settings.prepare_engine_args(): Using pool settings. pool_size=5, max_overflow=10, pool_recycle=1800, pid=166
[2025-02-19T10:23:57.158+0000] {processor.py:186} INFO - Started process (PID=166) to work on /home/airflow/.local/lib/python3.12/site-packages/airflow/example_dags/example_setup_teardown.py
[2025-02-19T10:23:57.158+0000] {processor.py:914} INFO - Processing file /home/airflow/.local/lib/python3.12/site-packages/airflow/example_dags/example_setup_teardown.py for tasks to queue
[2025-02-19T10:23:57.159+0000] {logging_mixin.py:190} INFO - [2025-02-19T10:23:57.159+0000] {dagbag.py:587} INFO - Filling up the DagBag from /home/airflow/.local/lib/python3.12/site-packages/airflow/example_dags/example_setup_teardown.py
[2025-02-19T10:23:57.160+0000] {logging_mixin.py:190} INFO - [2025-02-19T10:23:57.160+0000] {dagbag.py:368} DEBUG - Importing /home/airflow/.local/lib/python3.12/site-packages/airflow/example_dags/example_setup_teardown.py
[2025-02-19T10:23:57.168+0000] {logging_mixin.py:190} INFO - [2025-02-19T10:23:57.167+0000] {dagbag.py:553} DEBUG - Loaded DAG <DAG: example_setup_teardown>
[2025-02-19T10:23:57.168+0000] {processor.py:925} INFO - DAG(s) 'example_setup_teardown' retrieved from /home/airflow/.local/lib/python3.12/site-packages/airflow/example_dags/example_setup_teardown.py
[2025-02-19T10:23:57.169+0000] {logging_mixin.py:190} INFO - [2025-02-19T10:23:57.169+0000] {dagbag.py:710} DEBUG - Running dagbag.sync_to_db with retries. Try 1 of 3
[2025-02-19T10:23:57.169+0000] {logging_mixin.py:190} INFO - [2025-02-19T10:23:57.169+0000] {dagbag.py:715} DEBUG - Calling the DAG.bulk_sync_to_db method
[2025-02-19T10:23:57.180+0000] {logging_mixin.py:190} INFO - [2025-02-19T10:23:57.180+0000] {serialized_dag.py:168} DEBUG - Checking if DAG (example_setup_teardown) changed
[2025-02-19T10:23:57.192+0000] {logging_mixin.py:190} INFO - [2025-02-19T10:23:57.192+0000] {serialized_dag.py:179} DEBUG - Serialized DAG (example_setup_teardown) is unchanged. Skipping writing to DB
[2025-02-19T10:23:57.192+0000] {logging_mixin.py:190} INFO - [2025-02-19T10:23:57.192+0000] {dag.py:3229} INFO - Sync 1 DAGs
[2025-02-19T10:23:57.389+0000] {logging_mixin.py:190} INFO - [2025-02-19T10:23:57.389+0000] {dag.py:4156} INFO - Setting next_dagrun for example_setup_teardown to None, run_after=None
[2025-02-19T10:23:57.621+0000] {processor.py:208} INFO - Processing /home/airflow/.local/lib/python3.12/site-packages/airflow/example_dags/example_setup_teardown.py took 0.470 seconds
[2025-02-19T10:24:28.509+0000] {logging_mixin.py:190} INFO - [2025-02-19T10:24:28.508+0000] {settings.py:475} DEBUG - Setting up DB connection pool (PID 230)
[2025-02-19T10:24:28.522+0000] {logging_mixin.py:190} INFO - [2025-02-19T10:24:28.521+0000] {settings.py:579} DEBUG - settings.prepare_engine_args(): Using pool settings. pool_size=5, max_overflow=10, pool_recycle=1800, pid=230
[2025-02-19T10:24:28.526+0000] {processor.py:186} INFO - Started process (PID=230) to work on /home/airflow/.local/lib/python3.12/site-packages/airflow/example_dags/example_setup_teardown.py
[2025-02-19T10:24:28.526+0000] {processor.py:914} INFO - Processing file /home/airflow/.local/lib/python3.12/site-packages/airflow/example_dags/example_setup_teardown.py for tasks to queue
[2025-02-19T10:24:28.527+0000] {logging_mixin.py:190} INFO - [2025-02-19T10:24:28.527+0000] {dagbag.py:587} INFO - Filling up the DagBag from /home/airflow/.local/lib/python3.12/site-packages/airflow/example_dags/example_setup_teardown.py
[2025-02-19T10:24:28.528+0000] {logging_mixin.py:190} INFO - [2025-02-19T10:24:28.528+0000] {dagbag.py:368} DEBUG - Importing /home/airflow/.local/lib/python3.12/site-packages/airflow/example_dags/example_setup_teardown.py
[2025-02-19T10:24:28.536+0000] {logging_mixin.py:190} INFO - [2025-02-19T10:24:28.535+0000] {dagbag.py:553} DEBUG - Loaded DAG <DAG: example_setup_teardown>
[2025-02-19T10:24:28.536+0000] {processor.py:925} INFO - DAG(s) 'example_setup_teardown' retrieved from /home/airflow/.local/lib/python3.12/site-packages/airflow/example_dags/example_setup_teardown.py
[2025-02-19T10:24:28.536+0000] {logging_mixin.py:190} INFO - [2025-02-19T10:24:28.536+0000] {dagbag.py:710} DEBUG - Running dagbag.sync_to_db with retries. Try 1 of 3
[2025-02-19T10:24:28.537+0000] {logging_mixin.py:190} INFO - [2025-02-19T10:24:28.537+0000] {dagbag.py:715} DEBUG - Calling the DAG.bulk_sync_to_db method
[2025-02-19T10:24:28.548+0000] {logging_mixin.py:190} INFO - [2025-02-19T10:24:28.547+0000] {serialized_dag.py:168} DEBUG - Checking if DAG (example_setup_teardown) changed
[2025-02-19T10:24:28.555+0000] {logging_mixin.py:190} INFO - [2025-02-19T10:24:28.555+0000] {serialized_dag.py:179} DEBUG - Serialized DAG (example_setup_teardown) is unchanged. Skipping writing to DB
[2025-02-19T10:24:28.556+0000] {logging_mixin.py:190} INFO - [2025-02-19T10:24:28.556+0000] {dag.py:3229} INFO - Sync 1 DAGs
[2025-02-19T10:24:28.568+0000] {logging_mixin.py:190} INFO - [2025-02-19T10:24:28.568+0000] {dag.py:4156} INFO - Setting next_dagrun for example_setup_teardown to None, run_after=None
[2025-02-19T10:24:28.585+0000] {processor.py:208} INFO - Processing /home/airflow/.local/lib/python3.12/site-packages/airflow/example_dags/example_setup_teardown.py took 0.076 seconds
[2025-02-19T10:24:59.290+0000] {logging_mixin.py:190} INFO - [2025-02-19T10:24:59.289+0000] {settings.py:475} DEBUG - Setting up DB connection pool (PID 299)
[2025-02-19T10:24:59.292+0000] {logging_mixin.py:190} INFO - [2025-02-19T10:24:59.291+0000] {settings.py:579} DEBUG - settings.prepare_engine_args(): Using pool settings. pool_size=5, max_overflow=10, pool_recycle=1800, pid=299
[2025-02-19T10:24:59.299+0000] {processor.py:186} INFO - Started process (PID=299) to work on /home/airflow/.local/lib/python3.12/site-packages/airflow/example_dags/example_setup_teardown.py
[2025-02-19T10:24:59.299+0000] {processor.py:914} INFO - Processing file /home/airflow/.local/lib/python3.12/site-packages/airflow/example_dags/example_setup_teardown.py for tasks to queue
[2025-02-19T10:24:59.301+0000] {logging_mixin.py:190} INFO - [2025-02-19T10:24:59.301+0000] {dagbag.py:587} INFO - Filling up the DagBag from /home/airflow/.local/lib/python3.12/site-packages/airflow/example_dags/example_setup_teardown.py
[2025-02-19T10:24:59.303+0000] {logging_mixin.py:190} INFO - [2025-02-19T10:24:59.302+0000] {dagbag.py:368} DEBUG - Importing /home/airflow/.local/lib/python3.12/site-packages/airflow/example_dags/example_setup_teardown.py
[2025-02-19T10:24:59.315+0000] {logging_mixin.py:190} INFO - [2025-02-19T10:24:59.314+0000] {dagbag.py:553} DEBUG - Loaded DAG <DAG: example_setup_teardown>
[2025-02-19T10:24:59.316+0000] {processor.py:925} INFO - DAG(s) 'example_setup_teardown' retrieved from /home/airflow/.local/lib/python3.12/site-packages/airflow/example_dags/example_setup_teardown.py
[2025-02-19T10:24:59.317+0000] {logging_mixin.py:190} INFO - [2025-02-19T10:24:59.317+0000] {dagbag.py:710} DEBUG - Running dagbag.sync_to_db with retries. Try 1 of 3
[2025-02-19T10:24:59.317+0000] {logging_mixin.py:190} INFO - [2025-02-19T10:24:59.317+0000] {dagbag.py:715} DEBUG - Calling the DAG.bulk_sync_to_db method
[2025-02-19T10:24:59.330+0000] {logging_mixin.py:190} INFO - [2025-02-19T10:24:59.330+0000] {serialized_dag.py:168} DEBUG - Checking if DAG (example_setup_teardown) changed
[2025-02-19T10:24:59.344+0000] {logging_mixin.py:190} INFO - [2025-02-19T10:24:59.344+0000] {serialized_dag.py:179} DEBUG - Serialized DAG (example_setup_teardown) is unchanged. Skipping writing to DB
[2025-02-19T10:24:59.345+0000] {logging_mixin.py:190} INFO - [2025-02-19T10:24:59.345+0000] {dag.py:3229} INFO - Sync 1 DAGs
[2025-02-19T10:24:59.362+0000] {logging_mixin.py:190} INFO - [2025-02-19T10:24:59.362+0000] {dag.py:4156} INFO - Setting next_dagrun for example_setup_teardown to None, run_after=None
[2025-02-19T10:24:59.381+0000] {processor.py:208} INFO - Processing /home/airflow/.local/lib/python3.12/site-packages/airflow/example_dags/example_setup_teardown.py took 0.092 seconds
[2025-02-19T10:25:29.501+0000] {logging_mixin.py:190} INFO - [2025-02-19T10:25:29.501+0000] {settings.py:475} DEBUG - Setting up DB connection pool (PID 363)
[2025-02-19T10:25:29.514+0000] {logging_mixin.py:190} INFO - [2025-02-19T10:25:29.513+0000] {settings.py:579} DEBUG - settings.prepare_engine_args(): Using pool settings. pool_size=5, max_overflow=10, pool_recycle=1800, pid=363
[2025-02-19T10:25:29.518+0000] {processor.py:186} INFO - Started process (PID=363) to work on /home/airflow/.local/lib/python3.12/site-packages/airflow/example_dags/example_setup_teardown.py
[2025-02-19T10:25:29.518+0000] {processor.py:914} INFO - Processing file /home/airflow/.local/lib/python3.12/site-packages/airflow/example_dags/example_setup_teardown.py for tasks to queue
[2025-02-19T10:25:29.519+0000] {logging_mixin.py:190} INFO - [2025-02-19T10:25:29.519+0000] {dagbag.py:587} INFO - Filling up the DagBag from /home/airflow/.local/lib/python3.12/site-packages/airflow/example_dags/example_setup_teardown.py
[2025-02-19T10:25:29.520+0000] {logging_mixin.py:190} INFO - [2025-02-19T10:25:29.520+0000] {dagbag.py:368} DEBUG - Importing /home/airflow/.local/lib/python3.12/site-packages/airflow/example_dags/example_setup_teardown.py
[2025-02-19T10:25:29.528+0000] {logging_mixin.py:190} INFO - [2025-02-19T10:25:29.527+0000] {dagbag.py:553} DEBUG - Loaded DAG <DAG: example_setup_teardown>
[2025-02-19T10:25:29.528+0000] {processor.py:925} INFO - DAG(s) 'example_setup_teardown' retrieved from /home/airflow/.local/lib/python3.12/site-packages/airflow/example_dags/example_setup_teardown.py
[2025-02-19T10:25:29.529+0000] {logging_mixin.py:190} INFO - [2025-02-19T10:25:29.529+0000] {dagbag.py:710} DEBUG - Running dagbag.sync_to_db with retries. Try 1 of 3
[2025-02-19T10:25:29.529+0000] {logging_mixin.py:190} INFO - [2025-02-19T10:25:29.529+0000] {dagbag.py:715} DEBUG - Calling the DAG.bulk_sync_to_db method
[2025-02-19T10:25:29.541+0000] {logging_mixin.py:190} INFO - [2025-02-19T10:25:29.541+0000] {serialized_dag.py:168} DEBUG - Checking if DAG (example_setup_teardown) changed
[2025-02-19T10:25:29.550+0000] {logging_mixin.py:190} INFO - [2025-02-19T10:25:29.549+0000] {serialized_dag.py:179} DEBUG - Serialized DAG (example_setup_teardown) is unchanged. Skipping writing to DB
[2025-02-19T10:25:29.550+0000] {logging_mixin.py:190} INFO - [2025-02-19T10:25:29.550+0000] {dag.py:3229} INFO - Sync 1 DAGs
[2025-02-19T10:25:29.563+0000] {logging_mixin.py:190} INFO - [2025-02-19T10:25:29.563+0000] {dag.py:4156} INFO - Setting next_dagrun for example_setup_teardown to None, run_after=None
[2025-02-19T10:25:29.581+0000] {processor.py:208} INFO - Processing /home/airflow/.local/lib/python3.12/site-packages/airflow/example_dags/example_setup_teardown.py took 0.081 seconds
[2025-02-19T10:26:00.221+0000] {logging_mixin.py:190} INFO - [2025-02-19T10:26:00.221+0000] {settings.py:475} DEBUG - Setting up DB connection pool (PID 427)
[2025-02-19T10:26:00.222+0000] {logging_mixin.py:190} INFO - [2025-02-19T10:26:00.222+0000] {settings.py:579} DEBUG - settings.prepare_engine_args(): Using pool settings. pool_size=5, max_overflow=10, pool_recycle=1800, pid=427
[2025-02-19T10:26:00.226+0000] {processor.py:186} INFO - Started process (PID=427) to work on /home/airflow/.local/lib/python3.12/site-packages/airflow/example_dags/example_setup_teardown.py
[2025-02-19T10:26:00.227+0000] {processor.py:914} INFO - Processing file /home/airflow/.local/lib/python3.12/site-packages/airflow/example_dags/example_setup_teardown.py for tasks to queue
[2025-02-19T10:26:00.227+0000] {logging_mixin.py:190} INFO - [2025-02-19T10:26:00.227+0000] {dagbag.py:587} INFO - Filling up the DagBag from /home/airflow/.local/lib/python3.12/site-packages/airflow/example_dags/example_setup_teardown.py
[2025-02-19T10:26:00.228+0000] {logging_mixin.py:190} INFO - [2025-02-19T10:26:00.228+0000] {dagbag.py:368} DEBUG - Importing /home/airflow/.local/lib/python3.12/site-packages/airflow/example_dags/example_setup_teardown.py
[2025-02-19T10:26:00.236+0000] {logging_mixin.py:190} INFO - [2025-02-19T10:26:00.235+0000] {dagbag.py:553} DEBUG - Loaded DAG <DAG: example_setup_teardown>
[2025-02-19T10:26:00.236+0000] {processor.py:925} INFO - DAG(s) 'example_setup_teardown' retrieved from /home/airflow/.local/lib/python3.12/site-packages/airflow/example_dags/example_setup_teardown.py
[2025-02-19T10:26:00.237+0000] {logging_mixin.py:190} INFO - [2025-02-19T10:26:00.237+0000] {dagbag.py:710} DEBUG - Running dagbag.sync_to_db with retries. Try 1 of 3
[2025-02-19T10:26:00.237+0000] {logging_mixin.py:190} INFO - [2025-02-19T10:26:00.237+0000] {dagbag.py:715} DEBUG - Calling the DAG.bulk_sync_to_db method
[2025-02-19T10:26:00.248+0000] {logging_mixin.py:190} INFO - [2025-02-19T10:26:00.248+0000] {serialized_dag.py:168} DEBUG - Checking if DAG (example_setup_teardown) changed
[2025-02-19T10:26:00.257+0000] {logging_mixin.py:190} INFO - [2025-02-19T10:26:00.257+0000] {serialized_dag.py:179} DEBUG - Serialized DAG (example_setup_teardown) is unchanged. Skipping writing to DB
[2025-02-19T10:26:00.257+0000] {logging_mixin.py:190} INFO - [2025-02-19T10:26:00.257+0000] {dag.py:3229} INFO - Sync 1 DAGs
[2025-02-19T10:26:00.271+0000] {logging_mixin.py:190} INFO - [2025-02-19T10:26:00.271+0000] {dag.py:4156} INFO - Setting next_dagrun for example_setup_teardown to None, run_after=None
[2025-02-19T10:26:00.291+0000] {processor.py:208} INFO - Processing /home/airflow/.local/lib/python3.12/site-packages/airflow/example_dags/example_setup_teardown.py took 0.071 seconds
[2025-02-19T10:26:30.887+0000] {logging_mixin.py:190} INFO - [2025-02-19T10:26:30.887+0000] {settings.py:475} DEBUG - Setting up DB connection pool (PID 491)
[2025-02-19T10:26:30.888+0000] {logging_mixin.py:190} INFO - [2025-02-19T10:26:30.888+0000] {settings.py:579} DEBUG - settings.prepare_engine_args(): Using pool settings. pool_size=5, max_overflow=10, pool_recycle=1800, pid=491
[2025-02-19T10:26:30.893+0000] {processor.py:186} INFO - Started process (PID=491) to work on /home/airflow/.local/lib/python3.12/site-packages/airflow/example_dags/example_setup_teardown.py
[2025-02-19T10:26:30.893+0000] {processor.py:914} INFO - Processing file /home/airflow/.local/lib/python3.12/site-packages/airflow/example_dags/example_setup_teardown.py for tasks to queue
[2025-02-19T10:26:30.894+0000] {logging_mixin.py:190} INFO - [2025-02-19T10:26:30.893+0000] {dagbag.py:587} INFO - Filling up the DagBag from /home/airflow/.local/lib/python3.12/site-packages/airflow/example_dags/example_setup_teardown.py
[2025-02-19T10:26:30.895+0000] {logging_mixin.py:190} INFO - [2025-02-19T10:26:30.895+0000] {dagbag.py:368} DEBUG - Importing /home/airflow/.local/lib/python3.12/site-packages/airflow/example_dags/example_setup_teardown.py
[2025-02-19T10:26:30.902+0000] {logging_mixin.py:190} INFO - [2025-02-19T10:26:30.901+0000] {dagbag.py:553} DEBUG - Loaded DAG <DAG: example_setup_teardown>
[2025-02-19T10:26:30.902+0000] {processor.py:925} INFO - DAG(s) 'example_setup_teardown' retrieved from /home/airflow/.local/lib/python3.12/site-packages/airflow/example_dags/example_setup_teardown.py
[2025-02-19T10:26:30.903+0000] {logging_mixin.py:190} INFO - [2025-02-19T10:26:30.903+0000] {dagbag.py:710} DEBUG - Running dagbag.sync_to_db with retries. Try 1 of 3
[2025-02-19T10:26:30.903+0000] {logging_mixin.py:190} INFO - [2025-02-19T10:26:30.903+0000] {dagbag.py:715} DEBUG - Calling the DAG.bulk_sync_to_db method
[2025-02-19T10:26:30.914+0000] {logging_mixin.py:190} INFO - [2025-02-19T10:26:30.914+0000] {serialized_dag.py:168} DEBUG - Checking if DAG (example_setup_teardown) changed
[2025-02-19T10:26:30.922+0000] {logging_mixin.py:190} INFO - [2025-02-19T10:26:30.921+0000] {serialized_dag.py:179} DEBUG - Serialized DAG (example_setup_teardown) is unchanged. Skipping writing to DB
[2025-02-19T10:26:30.922+0000] {logging_mixin.py:190} INFO - [2025-02-19T10:26:30.922+0000] {dag.py:3229} INFO - Sync 1 DAGs
[2025-02-19T10:26:30.934+0000] {logging_mixin.py:190} INFO - [2025-02-19T10:26:30.934+0000] {dag.py:4156} INFO - Setting next_dagrun for example_setup_teardown to None, run_after=None
[2025-02-19T10:26:30.953+0000] {processor.py:208} INFO - Processing /home/airflow/.local/lib/python3.12/site-packages/airflow/example_dags/example_setup_teardown.py took 0.066 seconds
