[2025-02-19T09:38:31.708+0000] {processor.py:186} INFO - Started process (PID=118) to work on /home/airflow/.local/lib/python3.12/site-packages/airflow/example_dags/example_dag_decorator.py
[2025-02-19T09:38:31.708+0000] {processor.py:914} INFO - Processing file /home/airflow/.local/lib/python3.12/site-packages/airflow/example_dags/example_dag_decorator.py for tasks to queue
[2025-02-19T09:38:31.710+0000] {logging_mixin.py:190} INFO - [2025-02-19T09:38:31.710+0000] {dagbag.py:587} INFO - Filling up the DagBag from /home/airflow/.local/lib/python3.12/site-packages/airflow/example_dags/example_dag_decorator.py
[2025-02-19T09:38:31.722+0000] {processor.py:925} INFO - DAG(s) 'example_dag_decorator' retrieved from /home/airflow/.local/lib/python3.12/site-packages/airflow/example_dags/example_dag_decorator.py
[2025-02-19T09:38:31.820+0000] {logging_mixin.py:190} INFO - [2025-02-19T09:38:31.820+0000] {dag.py:3229} INFO - Sync 1 DAGs
[2025-02-19T09:38:31.833+0000] {logging_mixin.py:190} INFO - [2025-02-19T09:38:31.833+0000] {dag.py:4156} INFO - Setting next_dagrun for example_dag_decorator to None, run_after=None
[2025-02-19T09:38:31.853+0000] {processor.py:208} INFO - Processing /home/airflow/.local/lib/python3.12/site-packages/airflow/example_dags/example_dag_decorator.py took 0.150 seconds
[2025-02-19T09:39:02.483+0000] {processor.py:186} INFO - Started process (PID=187) to work on /home/airflow/.local/lib/python3.12/site-packages/airflow/example_dags/example_dag_decorator.py
[2025-02-19T09:39:02.484+0000] {processor.py:914} INFO - Processing file /home/airflow/.local/lib/python3.12/site-packages/airflow/example_dags/example_dag_decorator.py for tasks to queue
[2025-02-19T09:39:02.486+0000] {logging_mixin.py:190} INFO - [2025-02-19T09:39:02.486+0000] {dagbag.py:587} INFO - Filling up the DagBag from /home/airflow/.local/lib/python3.12/site-packages/airflow/example_dags/example_dag_decorator.py
[2025-02-19T09:39:02.497+0000] {processor.py:925} INFO - DAG(s) 'example_dag_decorator' retrieved from /home/airflow/.local/lib/python3.12/site-packages/airflow/example_dags/example_dag_decorator.py
[2025-02-19T09:39:02.609+0000] {logging_mixin.py:190} INFO - [2025-02-19T09:39:02.609+0000] {dag.py:3229} INFO - Sync 1 DAGs
[2025-02-19T09:39:02.619+0000] {logging_mixin.py:190} INFO - [2025-02-19T09:39:02.619+0000] {dag.py:4156} INFO - Setting next_dagrun for example_dag_decorator to None, run_after=None
[2025-02-19T09:39:02.638+0000] {processor.py:208} INFO - Processing /home/airflow/.local/lib/python3.12/site-packages/airflow/example_dags/example_dag_decorator.py took 0.160 seconds
[2025-02-19T09:39:32.829+0000] {processor.py:186} INFO - Started process (PID=251) to work on /home/airflow/.local/lib/python3.12/site-packages/airflow/example_dags/example_dag_decorator.py
[2025-02-19T09:39:32.830+0000] {processor.py:914} INFO - Processing file /home/airflow/.local/lib/python3.12/site-packages/airflow/example_dags/example_dag_decorator.py for tasks to queue
[2025-02-19T09:39:32.831+0000] {logging_mixin.py:190} INFO - [2025-02-19T09:39:32.831+0000] {dagbag.py:587} INFO - Filling up the DagBag from /home/airflow/.local/lib/python3.12/site-packages/airflow/example_dags/example_dag_decorator.py
[2025-02-19T09:39:32.841+0000] {processor.py:925} INFO - DAG(s) 'example_dag_decorator' retrieved from /home/airflow/.local/lib/python3.12/site-packages/airflow/example_dags/example_dag_decorator.py
[2025-02-19T09:39:32.930+0000] {logging_mixin.py:190} INFO - [2025-02-19T09:39:32.929+0000] {dag.py:3229} INFO - Sync 1 DAGs
[2025-02-19T09:39:32.939+0000] {logging_mixin.py:190} INFO - [2025-02-19T09:39:32.939+0000] {dag.py:4156} INFO - Setting next_dagrun for example_dag_decorator to None, run_after=None
[2025-02-19T09:39:32.952+0000] {processor.py:208} INFO - Processing /home/airflow/.local/lib/python3.12/site-packages/airflow/example_dags/example_dag_decorator.py took 0.128 seconds
[2025-02-19T09:40:03.109+0000] {processor.py:186} INFO - Started process (PID=316) to work on /home/airflow/.local/lib/python3.12/site-packages/airflow/example_dags/example_dag_decorator.py
[2025-02-19T09:40:03.110+0000] {processor.py:914} INFO - Processing file /home/airflow/.local/lib/python3.12/site-packages/airflow/example_dags/example_dag_decorator.py for tasks to queue
[2025-02-19T09:40:03.112+0000] {logging_mixin.py:190} INFO - [2025-02-19T09:40:03.111+0000] {dagbag.py:587} INFO - Filling up the DagBag from /home/airflow/.local/lib/python3.12/site-packages/airflow/example_dags/example_dag_decorator.py
[2025-02-19T09:40:03.121+0000] {processor.py:925} INFO - DAG(s) 'example_dag_decorator' retrieved from /home/airflow/.local/lib/python3.12/site-packages/airflow/example_dags/example_dag_decorator.py
[2025-02-19T09:40:03.213+0000] {logging_mixin.py:190} INFO - [2025-02-19T09:40:03.212+0000] {dag.py:3229} INFO - Sync 1 DAGs
[2025-02-19T09:40:03.223+0000] {logging_mixin.py:190} INFO - [2025-02-19T09:40:03.223+0000] {dag.py:4156} INFO - Setting next_dagrun for example_dag_decorator to None, run_after=None
[2025-02-19T09:40:03.242+0000] {processor.py:208} INFO - Processing /home/airflow/.local/lib/python3.12/site-packages/airflow/example_dags/example_dag_decorator.py took 0.137 seconds
[2025-02-19T09:40:33.364+0000] {processor.py:186} INFO - Started process (PID=379) to work on /home/airflow/.local/lib/python3.12/site-packages/airflow/example_dags/example_dag_decorator.py
[2025-02-19T09:40:33.365+0000] {processor.py:914} INFO - Processing file /home/airflow/.local/lib/python3.12/site-packages/airflow/example_dags/example_dag_decorator.py for tasks to queue
[2025-02-19T09:40:33.367+0000] {logging_mixin.py:190} INFO - [2025-02-19T09:40:33.367+0000] {dagbag.py:587} INFO - Filling up the DagBag from /home/airflow/.local/lib/python3.12/site-packages/airflow/example_dags/example_dag_decorator.py
[2025-02-19T09:40:33.376+0000] {processor.py:925} INFO - DAG(s) 'example_dag_decorator' retrieved from /home/airflow/.local/lib/python3.12/site-packages/airflow/example_dags/example_dag_decorator.py
[2025-02-19T09:40:33.471+0000] {logging_mixin.py:190} INFO - [2025-02-19T09:40:33.471+0000] {dag.py:3229} INFO - Sync 1 DAGs
[2025-02-19T09:40:33.483+0000] {logging_mixin.py:190} INFO - [2025-02-19T09:40:33.483+0000] {dag.py:4156} INFO - Setting next_dagrun for example_dag_decorator to None, run_after=None
[2025-02-19T09:40:33.503+0000] {processor.py:208} INFO - Processing /home/airflow/.local/lib/python3.12/site-packages/airflow/example_dags/example_dag_decorator.py took 0.144 seconds
[2025-02-19T09:41:03.553+0000] {processor.py:186} INFO - Started process (PID=444) to work on /home/airflow/.local/lib/python3.12/site-packages/airflow/example_dags/example_dag_decorator.py
[2025-02-19T09:41:03.554+0000] {processor.py:914} INFO - Processing file /home/airflow/.local/lib/python3.12/site-packages/airflow/example_dags/example_dag_decorator.py for tasks to queue
[2025-02-19T09:41:03.556+0000] {logging_mixin.py:190} INFO - [2025-02-19T09:41:03.556+0000] {dagbag.py:587} INFO - Filling up the DagBag from /home/airflow/.local/lib/python3.12/site-packages/airflow/example_dags/example_dag_decorator.py
[2025-02-19T09:41:03.565+0000] {processor.py:925} INFO - DAG(s) 'example_dag_decorator' retrieved from /home/airflow/.local/lib/python3.12/site-packages/airflow/example_dags/example_dag_decorator.py
[2025-02-19T09:41:03.649+0000] {logging_mixin.py:190} INFO - [2025-02-19T09:41:03.649+0000] {dag.py:3229} INFO - Sync 1 DAGs
[2025-02-19T09:41:03.661+0000] {logging_mixin.py:190} INFO - [2025-02-19T09:41:03.660+0000] {dag.py:4156} INFO - Setting next_dagrun for example_dag_decorator to None, run_after=None
[2025-02-19T09:41:03.674+0000] {processor.py:208} INFO - Processing /home/airflow/.local/lib/python3.12/site-packages/airflow/example_dags/example_dag_decorator.py took 0.126 seconds
[2025-02-19T09:41:33.862+0000] {processor.py:186} INFO - Started process (PID=507) to work on /home/airflow/.local/lib/python3.12/site-packages/airflow/example_dags/example_dag_decorator.py
[2025-02-19T09:41:33.863+0000] {processor.py:914} INFO - Processing file /home/airflow/.local/lib/python3.12/site-packages/airflow/example_dags/example_dag_decorator.py for tasks to queue
[2025-02-19T09:41:33.865+0000] {logging_mixin.py:190} INFO - [2025-02-19T09:41:33.865+0000] {dagbag.py:587} INFO - Filling up the DagBag from /home/airflow/.local/lib/python3.12/site-packages/airflow/example_dags/example_dag_decorator.py
[2025-02-19T09:41:33.874+0000] {processor.py:925} INFO - DAG(s) 'example_dag_decorator' retrieved from /home/airflow/.local/lib/python3.12/site-packages/airflow/example_dags/example_dag_decorator.py
[2025-02-19T09:41:33.896+0000] {logging_mixin.py:190} INFO - [2025-02-19T09:41:33.895+0000] {dag.py:3229} INFO - Sync 1 DAGs
[2025-02-19T09:41:33.907+0000] {logging_mixin.py:190} INFO - [2025-02-19T09:41:33.907+0000] {dag.py:4156} INFO - Setting next_dagrun for example_dag_decorator to None, run_after=None
[2025-02-19T09:41:33.924+0000] {processor.py:208} INFO - Processing /home/airflow/.local/lib/python3.12/site-packages/airflow/example_dags/example_dag_decorator.py took 0.066 seconds
[2025-02-19T09:42:04.843+0000] {processor.py:186} INFO - Started process (PID=571) to work on /home/airflow/.local/lib/python3.12/site-packages/airflow/example_dags/example_dag_decorator.py
[2025-02-19T09:42:04.844+0000] {processor.py:914} INFO - Processing file /home/airflow/.local/lib/python3.12/site-packages/airflow/example_dags/example_dag_decorator.py for tasks to queue
[2025-02-19T09:42:04.847+0000] {logging_mixin.py:190} INFO - [2025-02-19T09:42:04.846+0000] {dagbag.py:587} INFO - Filling up the DagBag from /home/airflow/.local/lib/python3.12/site-packages/airflow/example_dags/example_dag_decorator.py
[2025-02-19T09:42:04.855+0000] {processor.py:925} INFO - DAG(s) 'example_dag_decorator' retrieved from /home/airflow/.local/lib/python3.12/site-packages/airflow/example_dags/example_dag_decorator.py
[2025-02-19T09:42:04.946+0000] {logging_mixin.py:190} INFO - [2025-02-19T09:42:04.945+0000] {dag.py:3229} INFO - Sync 1 DAGs
[2025-02-19T09:42:04.955+0000] {logging_mixin.py:190} INFO - [2025-02-19T09:42:04.955+0000] {dag.py:4156} INFO - Setting next_dagrun for example_dag_decorator to None, run_after=None
[2025-02-19T09:42:04.970+0000] {processor.py:208} INFO - Processing /home/airflow/.local/lib/python3.12/site-packages/airflow/example_dags/example_dag_decorator.py took 0.131 seconds
[2025-02-19T09:42:35.237+0000] {processor.py:186} INFO - Started process (PID=636) to work on /home/airflow/.local/lib/python3.12/site-packages/airflow/example_dags/example_dag_decorator.py
[2025-02-19T09:42:35.238+0000] {processor.py:914} INFO - Processing file /home/airflow/.local/lib/python3.12/site-packages/airflow/example_dags/example_dag_decorator.py for tasks to queue
[2025-02-19T09:42:35.240+0000] {logging_mixin.py:190} INFO - [2025-02-19T09:42:35.239+0000] {dagbag.py:587} INFO - Filling up the DagBag from /home/airflow/.local/lib/python3.12/site-packages/airflow/example_dags/example_dag_decorator.py
[2025-02-19T09:42:35.248+0000] {processor.py:925} INFO - DAG(s) 'example_dag_decorator' retrieved from /home/airflow/.local/lib/python3.12/site-packages/airflow/example_dags/example_dag_decorator.py
[2025-02-19T09:42:35.267+0000] {logging_mixin.py:190} INFO - [2025-02-19T09:42:35.267+0000] {dag.py:3229} INFO - Sync 1 DAGs
[2025-02-19T09:42:35.278+0000] {logging_mixin.py:190} INFO - [2025-02-19T09:42:35.278+0000] {dag.py:4156} INFO - Setting next_dagrun for example_dag_decorator to None, run_after=None
[2025-02-19T09:42:35.291+0000] {processor.py:208} INFO - Processing /home/airflow/.local/lib/python3.12/site-packages/airflow/example_dags/example_dag_decorator.py took 0.059 seconds
[2025-02-19T09:43:06.409+0000] {processor.py:186} INFO - Started process (PID=699) to work on /home/airflow/.local/lib/python3.12/site-packages/airflow/example_dags/example_dag_decorator.py
[2025-02-19T09:43:06.410+0000] {processor.py:914} INFO - Processing file /home/airflow/.local/lib/python3.12/site-packages/airflow/example_dags/example_dag_decorator.py for tasks to queue
[2025-02-19T09:43:06.412+0000] {logging_mixin.py:190} INFO - [2025-02-19T09:43:06.412+0000] {dagbag.py:587} INFO - Filling up the DagBag from /home/airflow/.local/lib/python3.12/site-packages/airflow/example_dags/example_dag_decorator.py
[2025-02-19T09:43:06.424+0000] {processor.py:925} INFO - DAG(s) 'example_dag_decorator' retrieved from /home/airflow/.local/lib/python3.12/site-packages/airflow/example_dags/example_dag_decorator.py
[2025-02-19T09:43:06.446+0000] {logging_mixin.py:190} INFO - [2025-02-19T09:43:06.446+0000] {dag.py:3229} INFO - Sync 1 DAGs
[2025-02-19T09:43:06.460+0000] {logging_mixin.py:190} INFO - [2025-02-19T09:43:06.459+0000] {dag.py:4156} INFO - Setting next_dagrun for example_dag_decorator to None, run_after=None
[2025-02-19T09:43:06.480+0000] {processor.py:208} INFO - Processing /home/airflow/.local/lib/python3.12/site-packages/airflow/example_dags/example_dag_decorator.py took 0.076 seconds
[2025-02-19T09:43:36.615+0000] {processor.py:186} INFO - Started process (PID=763) to work on /home/airflow/.local/lib/python3.12/site-packages/airflow/example_dags/example_dag_decorator.py
[2025-02-19T09:43:36.616+0000] {processor.py:914} INFO - Processing file /home/airflow/.local/lib/python3.12/site-packages/airflow/example_dags/example_dag_decorator.py for tasks to queue
[2025-02-19T09:43:36.618+0000] {logging_mixin.py:190} INFO - [2025-02-19T09:43:36.618+0000] {dagbag.py:587} INFO - Filling up the DagBag from /home/airflow/.local/lib/python3.12/site-packages/airflow/example_dags/example_dag_decorator.py
[2025-02-19T09:43:36.627+0000] {processor.py:925} INFO - DAG(s) 'example_dag_decorator' retrieved from /home/airflow/.local/lib/python3.12/site-packages/airflow/example_dags/example_dag_decorator.py
[2025-02-19T09:43:36.649+0000] {logging_mixin.py:190} INFO - [2025-02-19T09:43:36.648+0000] {dag.py:3229} INFO - Sync 1 DAGs
[2025-02-19T09:43:36.660+0000] {logging_mixin.py:190} INFO - [2025-02-19T09:43:36.660+0000] {dag.py:4156} INFO - Setting next_dagrun for example_dag_decorator to None, run_after=None
[2025-02-19T09:43:36.675+0000] {processor.py:208} INFO - Processing /home/airflow/.local/lib/python3.12/site-packages/airflow/example_dags/example_dag_decorator.py took 0.064 seconds
[2025-02-19T09:44:06.868+0000] {processor.py:186} INFO - Started process (PID=827) to work on /home/airflow/.local/lib/python3.12/site-packages/airflow/example_dags/example_dag_decorator.py
[2025-02-19T09:44:06.869+0000] {processor.py:914} INFO - Processing file /home/airflow/.local/lib/python3.12/site-packages/airflow/example_dags/example_dag_decorator.py for tasks to queue
[2025-02-19T09:44:06.871+0000] {logging_mixin.py:190} INFO - [2025-02-19T09:44:06.871+0000] {dagbag.py:587} INFO - Filling up the DagBag from /home/airflow/.local/lib/python3.12/site-packages/airflow/example_dags/example_dag_decorator.py
[2025-02-19T09:44:06.880+0000] {processor.py:925} INFO - DAG(s) 'example_dag_decorator' retrieved from /home/airflow/.local/lib/python3.12/site-packages/airflow/example_dags/example_dag_decorator.py
[2025-02-19T09:44:06.898+0000] {logging_mixin.py:190} INFO - [2025-02-19T09:44:06.898+0000] {dag.py:3229} INFO - Sync 1 DAGs
[2025-02-19T09:44:06.909+0000] {logging_mixin.py:190} INFO - [2025-02-19T09:44:06.909+0000] {dag.py:4156} INFO - Setting next_dagrun for example_dag_decorator to None, run_after=None
[2025-02-19T09:44:06.921+0000] {processor.py:208} INFO - Processing /home/airflow/.local/lib/python3.12/site-packages/airflow/example_dags/example_dag_decorator.py took 0.057 seconds
[2025-02-19T09:44:37.824+0000] {processor.py:186} INFO - Started process (PID=891) to work on /home/airflow/.local/lib/python3.12/site-packages/airflow/example_dags/example_dag_decorator.py
[2025-02-19T09:44:37.825+0000] {processor.py:914} INFO - Processing file /home/airflow/.local/lib/python3.12/site-packages/airflow/example_dags/example_dag_decorator.py for tasks to queue
[2025-02-19T09:44:37.827+0000] {logging_mixin.py:190} INFO - [2025-02-19T09:44:37.827+0000] {dagbag.py:587} INFO - Filling up the DagBag from /home/airflow/.local/lib/python3.12/site-packages/airflow/example_dags/example_dag_decorator.py
[2025-02-19T09:44:37.835+0000] {processor.py:925} INFO - DAG(s) 'example_dag_decorator' retrieved from /home/airflow/.local/lib/python3.12/site-packages/airflow/example_dags/example_dag_decorator.py
[2025-02-19T09:44:37.926+0000] {logging_mixin.py:190} INFO - [2025-02-19T09:44:37.925+0000] {dag.py:3229} INFO - Sync 1 DAGs
[2025-02-19T09:44:37.936+0000] {logging_mixin.py:190} INFO - [2025-02-19T09:44:37.936+0000] {dag.py:4156} INFO - Setting next_dagrun for example_dag_decorator to None, run_after=None
[2025-02-19T09:44:37.953+0000] {processor.py:208} INFO - Processing /home/airflow/.local/lib/python3.12/site-packages/airflow/example_dags/example_dag_decorator.py took 0.133 seconds
[2025-02-19T09:45:08.222+0000] {processor.py:186} INFO - Started process (PID=955) to work on /home/airflow/.local/lib/python3.12/site-packages/airflow/example_dags/example_dag_decorator.py
[2025-02-19T09:45:08.223+0000] {processor.py:914} INFO - Processing file /home/airflow/.local/lib/python3.12/site-packages/airflow/example_dags/example_dag_decorator.py for tasks to queue
[2025-02-19T09:45:08.225+0000] {logging_mixin.py:190} INFO - [2025-02-19T09:45:08.224+0000] {dagbag.py:587} INFO - Filling up the DagBag from /home/airflow/.local/lib/python3.12/site-packages/airflow/example_dags/example_dag_decorator.py
[2025-02-19T09:45:08.233+0000] {processor.py:925} INFO - DAG(s) 'example_dag_decorator' retrieved from /home/airflow/.local/lib/python3.12/site-packages/airflow/example_dags/example_dag_decorator.py
[2025-02-19T09:45:08.254+0000] {logging_mixin.py:190} INFO - [2025-02-19T09:45:08.253+0000] {dag.py:3229} INFO - Sync 1 DAGs
[2025-02-19T09:45:08.265+0000] {logging_mixin.py:190} INFO - [2025-02-19T09:45:08.265+0000] {dag.py:4156} INFO - Setting next_dagrun for example_dag_decorator to None, run_after=None
[2025-02-19T09:45:08.279+0000] {processor.py:208} INFO - Processing /home/airflow/.local/lib/python3.12/site-packages/airflow/example_dags/example_dag_decorator.py took 0.062 seconds
[2025-02-19T09:45:39.497+0000] {processor.py:186} INFO - Started process (PID=1019) to work on /home/airflow/.local/lib/python3.12/site-packages/airflow/example_dags/example_dag_decorator.py
[2025-02-19T09:45:39.498+0000] {processor.py:914} INFO - Processing file /home/airflow/.local/lib/python3.12/site-packages/airflow/example_dags/example_dag_decorator.py for tasks to queue
[2025-02-19T09:45:39.500+0000] {logging_mixin.py:190} INFO - [2025-02-19T09:45:39.499+0000] {dagbag.py:587} INFO - Filling up the DagBag from /home/airflow/.local/lib/python3.12/site-packages/airflow/example_dags/example_dag_decorator.py
[2025-02-19T09:45:39.510+0000] {processor.py:925} INFO - DAG(s) 'example_dag_decorator' retrieved from /home/airflow/.local/lib/python3.12/site-packages/airflow/example_dags/example_dag_decorator.py
[2025-02-19T09:45:39.533+0000] {logging_mixin.py:190} INFO - [2025-02-19T09:45:39.532+0000] {dag.py:3229} INFO - Sync 1 DAGs
[2025-02-19T09:45:39.546+0000] {logging_mixin.py:190} INFO - [2025-02-19T09:45:39.546+0000] {dag.py:4156} INFO - Setting next_dagrun for example_dag_decorator to None, run_after=None
[2025-02-19T09:45:39.564+0000] {processor.py:208} INFO - Processing /home/airflow/.local/lib/python3.12/site-packages/airflow/example_dags/example_dag_decorator.py took 0.072 seconds
[2025-02-19T09:46:10.429+0000] {processor.py:186} INFO - Started process (PID=1083) to work on /home/airflow/.local/lib/python3.12/site-packages/airflow/example_dags/example_dag_decorator.py
[2025-02-19T09:46:10.430+0000] {processor.py:914} INFO - Processing file /home/airflow/.local/lib/python3.12/site-packages/airflow/example_dags/example_dag_decorator.py for tasks to queue
[2025-02-19T09:46:10.432+0000] {logging_mixin.py:190} INFO - [2025-02-19T09:46:10.432+0000] {dagbag.py:587} INFO - Filling up the DagBag from /home/airflow/.local/lib/python3.12/site-packages/airflow/example_dags/example_dag_decorator.py
[2025-02-19T09:46:10.441+0000] {processor.py:925} INFO - DAG(s) 'example_dag_decorator' retrieved from /home/airflow/.local/lib/python3.12/site-packages/airflow/example_dags/example_dag_decorator.py
[2025-02-19T09:46:10.529+0000] {logging_mixin.py:190} INFO - [2025-02-19T09:46:10.529+0000] {dag.py:3229} INFO - Sync 1 DAGs
[2025-02-19T09:46:10.541+0000] {logging_mixin.py:190} INFO - [2025-02-19T09:46:10.541+0000] {dag.py:4156} INFO - Setting next_dagrun for example_dag_decorator to None, run_after=None
[2025-02-19T09:46:10.557+0000] {processor.py:208} INFO - Processing /home/airflow/.local/lib/python3.12/site-packages/airflow/example_dags/example_dag_decorator.py took 0.132 seconds
[2025-02-19T09:46:41.320+0000] {processor.py:186} INFO - Started process (PID=1147) to work on /home/airflow/.local/lib/python3.12/site-packages/airflow/example_dags/example_dag_decorator.py
[2025-02-19T09:46:41.321+0000] {processor.py:914} INFO - Processing file /home/airflow/.local/lib/python3.12/site-packages/airflow/example_dags/example_dag_decorator.py for tasks to queue
[2025-02-19T09:46:41.322+0000] {logging_mixin.py:190} INFO - [2025-02-19T09:46:41.322+0000] {dagbag.py:587} INFO - Filling up the DagBag from /home/airflow/.local/lib/python3.12/site-packages/airflow/example_dags/example_dag_decorator.py
[2025-02-19T09:46:41.331+0000] {processor.py:925} INFO - DAG(s) 'example_dag_decorator' retrieved from /home/airflow/.local/lib/python3.12/site-packages/airflow/example_dags/example_dag_decorator.py
[2025-02-19T09:46:41.415+0000] {logging_mixin.py:190} INFO - [2025-02-19T09:46:41.414+0000] {dag.py:3229} INFO - Sync 1 DAGs
[2025-02-19T09:46:41.423+0000] {logging_mixin.py:190} INFO - [2025-02-19T09:46:41.423+0000] {dag.py:4156} INFO - Setting next_dagrun for example_dag_decorator to None, run_after=None
[2025-02-19T09:46:41.440+0000] {processor.py:208} INFO - Processing /home/airflow/.local/lib/python3.12/site-packages/airflow/example_dags/example_dag_decorator.py took 0.124 seconds
[2025-02-19T09:47:12.574+0000] {processor.py:186} INFO - Started process (PID=1211) to work on /home/airflow/.local/lib/python3.12/site-packages/airflow/example_dags/example_dag_decorator.py
[2025-02-19T09:47:12.575+0000] {processor.py:914} INFO - Processing file /home/airflow/.local/lib/python3.12/site-packages/airflow/example_dags/example_dag_decorator.py for tasks to queue
[2025-02-19T09:47:12.577+0000] {logging_mixin.py:190} INFO - [2025-02-19T09:47:12.577+0000] {dagbag.py:587} INFO - Filling up the DagBag from /home/airflow/.local/lib/python3.12/site-packages/airflow/example_dags/example_dag_decorator.py
[2025-02-19T09:47:12.587+0000] {processor.py:925} INFO - DAG(s) 'example_dag_decorator' retrieved from /home/airflow/.local/lib/python3.12/site-packages/airflow/example_dags/example_dag_decorator.py
[2025-02-19T09:47:12.691+0000] {logging_mixin.py:190} INFO - [2025-02-19T09:47:12.691+0000] {dag.py:3229} INFO - Sync 1 DAGs
[2025-02-19T09:47:12.703+0000] {logging_mixin.py:190} INFO - [2025-02-19T09:47:12.703+0000] {dag.py:4156} INFO - Setting next_dagrun for example_dag_decorator to None, run_after=None
[2025-02-19T09:47:12.724+0000] {processor.py:208} INFO - Processing /home/airflow/.local/lib/python3.12/site-packages/airflow/example_dags/example_dag_decorator.py took 0.155 seconds
[2025-02-19T09:47:42.986+0000] {processor.py:186} INFO - Started process (PID=1275) to work on /home/airflow/.local/lib/python3.12/site-packages/airflow/example_dags/example_dag_decorator.py
[2025-02-19T09:47:42.988+0000] {processor.py:914} INFO - Processing file /home/airflow/.local/lib/python3.12/site-packages/airflow/example_dags/example_dag_decorator.py for tasks to queue
[2025-02-19T09:47:42.989+0000] {logging_mixin.py:190} INFO - [2025-02-19T09:47:42.989+0000] {dagbag.py:587} INFO - Filling up the DagBag from /home/airflow/.local/lib/python3.12/site-packages/airflow/example_dags/example_dag_decorator.py
[2025-02-19T09:47:42.999+0000] {processor.py:925} INFO - DAG(s) 'example_dag_decorator' retrieved from /home/airflow/.local/lib/python3.12/site-packages/airflow/example_dags/example_dag_decorator.py
[2025-02-19T09:47:43.095+0000] {logging_mixin.py:190} INFO - [2025-02-19T09:47:43.095+0000] {dag.py:3229} INFO - Sync 1 DAGs
[2025-02-19T09:47:43.106+0000] {logging_mixin.py:190} INFO - [2025-02-19T09:47:43.106+0000] {dag.py:4156} INFO - Setting next_dagrun for example_dag_decorator to None, run_after=None
[2025-02-19T09:47:43.125+0000] {processor.py:208} INFO - Processing /home/airflow/.local/lib/python3.12/site-packages/airflow/example_dags/example_dag_decorator.py took 0.143 seconds
[2025-02-19T09:48:13.173+0000] {processor.py:186} INFO - Started process (PID=1340) to work on /home/airflow/.local/lib/python3.12/site-packages/airflow/example_dags/example_dag_decorator.py
[2025-02-19T09:48:13.174+0000] {processor.py:914} INFO - Processing file /home/airflow/.local/lib/python3.12/site-packages/airflow/example_dags/example_dag_decorator.py for tasks to queue
[2025-02-19T09:48:13.176+0000] {logging_mixin.py:190} INFO - [2025-02-19T09:48:13.176+0000] {dagbag.py:587} INFO - Filling up the DagBag from /home/airflow/.local/lib/python3.12/site-packages/airflow/example_dags/example_dag_decorator.py
[2025-02-19T09:48:13.186+0000] {processor.py:925} INFO - DAG(s) 'example_dag_decorator' retrieved from /home/airflow/.local/lib/python3.12/site-packages/airflow/example_dags/example_dag_decorator.py
[2025-02-19T09:48:13.205+0000] {logging_mixin.py:190} INFO - [2025-02-19T09:48:13.205+0000] {dag.py:3229} INFO - Sync 1 DAGs
[2025-02-19T09:48:13.217+0000] {logging_mixin.py:190} INFO - [2025-02-19T09:48:13.217+0000] {dag.py:4156} INFO - Setting next_dagrun for example_dag_decorator to None, run_after=None
[2025-02-19T09:48:13.232+0000] {processor.py:208} INFO - Processing /home/airflow/.local/lib/python3.12/site-packages/airflow/example_dags/example_dag_decorator.py took 0.063 seconds
[2025-02-19T09:48:44.233+0000] {processor.py:186} INFO - Started process (PID=1404) to work on /home/airflow/.local/lib/python3.12/site-packages/airflow/example_dags/example_dag_decorator.py
[2025-02-19T09:48:44.234+0000] {processor.py:914} INFO - Processing file /home/airflow/.local/lib/python3.12/site-packages/airflow/example_dags/example_dag_decorator.py for tasks to queue
[2025-02-19T09:48:44.236+0000] {logging_mixin.py:190} INFO - [2025-02-19T09:48:44.236+0000] {dagbag.py:587} INFO - Filling up the DagBag from /home/airflow/.local/lib/python3.12/site-packages/airflow/example_dags/example_dag_decorator.py
[2025-02-19T09:48:44.245+0000] {processor.py:925} INFO - DAG(s) 'example_dag_decorator' retrieved from /home/airflow/.local/lib/python3.12/site-packages/airflow/example_dags/example_dag_decorator.py
[2025-02-19T09:48:44.264+0000] {logging_mixin.py:190} INFO - [2025-02-19T09:48:44.263+0000] {dag.py:3229} INFO - Sync 1 DAGs
[2025-02-19T09:48:44.275+0000] {logging_mixin.py:190} INFO - [2025-02-19T09:48:44.275+0000] {dag.py:4156} INFO - Setting next_dagrun for example_dag_decorator to None, run_after=None
[2025-02-19T09:48:44.289+0000] {processor.py:208} INFO - Processing /home/airflow/.local/lib/python3.12/site-packages/airflow/example_dags/example_dag_decorator.py took 0.060 seconds
[2025-02-19T09:49:15.192+0000] {processor.py:186} INFO - Started process (PID=1468) to work on /home/airflow/.local/lib/python3.12/site-packages/airflow/example_dags/example_dag_decorator.py
[2025-02-19T09:49:15.193+0000] {processor.py:914} INFO - Processing file /home/airflow/.local/lib/python3.12/site-packages/airflow/example_dags/example_dag_decorator.py for tasks to queue
[2025-02-19T09:49:15.195+0000] {logging_mixin.py:190} INFO - [2025-02-19T09:49:15.194+0000] {dagbag.py:587} INFO - Filling up the DagBag from /home/airflow/.local/lib/python3.12/site-packages/airflow/example_dags/example_dag_decorator.py
[2025-02-19T09:49:15.203+0000] {processor.py:925} INFO - DAG(s) 'example_dag_decorator' retrieved from /home/airflow/.local/lib/python3.12/site-packages/airflow/example_dags/example_dag_decorator.py
[2025-02-19T09:49:15.295+0000] {logging_mixin.py:190} INFO - [2025-02-19T09:49:15.294+0000] {dag.py:3229} INFO - Sync 1 DAGs
[2025-02-19T09:49:15.305+0000] {logging_mixin.py:190} INFO - [2025-02-19T09:49:15.305+0000] {dag.py:4156} INFO - Setting next_dagrun for example_dag_decorator to None, run_after=None
[2025-02-19T09:49:15.320+0000] {processor.py:208} INFO - Processing /home/airflow/.local/lib/python3.12/site-packages/airflow/example_dags/example_dag_decorator.py took 0.132 seconds
[2025-02-19T09:49:46.166+0000] {processor.py:186} INFO - Started process (PID=1532) to work on /home/airflow/.local/lib/python3.12/site-packages/airflow/example_dags/example_dag_decorator.py
[2025-02-19T09:49:46.167+0000] {processor.py:914} INFO - Processing file /home/airflow/.local/lib/python3.12/site-packages/airflow/example_dags/example_dag_decorator.py for tasks to queue
[2025-02-19T09:49:46.168+0000] {logging_mixin.py:190} INFO - [2025-02-19T09:49:46.168+0000] {dagbag.py:587} INFO - Filling up the DagBag from /home/airflow/.local/lib/python3.12/site-packages/airflow/example_dags/example_dag_decorator.py
[2025-02-19T09:49:46.177+0000] {processor.py:925} INFO - DAG(s) 'example_dag_decorator' retrieved from /home/airflow/.local/lib/python3.12/site-packages/airflow/example_dags/example_dag_decorator.py
[2025-02-19T09:49:46.265+0000] {logging_mixin.py:190} INFO - [2025-02-19T09:49:46.265+0000] {dag.py:3229} INFO - Sync 1 DAGs
[2025-02-19T09:49:46.276+0000] {logging_mixin.py:190} INFO - [2025-02-19T09:49:46.276+0000] {dag.py:4156} INFO - Setting next_dagrun for example_dag_decorator to None, run_after=None
[2025-02-19T09:49:46.294+0000] {processor.py:208} INFO - Processing /home/airflow/.local/lib/python3.12/site-packages/airflow/example_dags/example_dag_decorator.py took 0.133 seconds
[2025-02-19T09:50:16.629+0000] {processor.py:186} INFO - Started process (PID=1596) to work on /home/airflow/.local/lib/python3.12/site-packages/airflow/example_dags/example_dag_decorator.py
[2025-02-19T09:50:16.630+0000] {processor.py:914} INFO - Processing file /home/airflow/.local/lib/python3.12/site-packages/airflow/example_dags/example_dag_decorator.py for tasks to queue
[2025-02-19T09:50:16.631+0000] {logging_mixin.py:190} INFO - [2025-02-19T09:50:16.631+0000] {dagbag.py:587} INFO - Filling up the DagBag from /home/airflow/.local/lib/python3.12/site-packages/airflow/example_dags/example_dag_decorator.py
[2025-02-19T09:50:16.640+0000] {processor.py:925} INFO - DAG(s) 'example_dag_decorator' retrieved from /home/airflow/.local/lib/python3.12/site-packages/airflow/example_dags/example_dag_decorator.py
[2025-02-19T09:50:16.735+0000] {logging_mixin.py:190} INFO - [2025-02-19T09:50:16.734+0000] {dag.py:3229} INFO - Sync 1 DAGs
[2025-02-19T09:50:16.747+0000] {logging_mixin.py:190} INFO - [2025-02-19T09:50:16.746+0000] {dag.py:4156} INFO - Setting next_dagrun for example_dag_decorator to None, run_after=None
[2025-02-19T09:50:16.769+0000] {processor.py:208} INFO - Processing /home/airflow/.local/lib/python3.12/site-packages/airflow/example_dags/example_dag_decorator.py took 0.144 seconds
[2025-02-19T09:50:47.131+0000] {processor.py:186} INFO - Started process (PID=1660) to work on /home/airflow/.local/lib/python3.12/site-packages/airflow/example_dags/example_dag_decorator.py
[2025-02-19T09:50:47.132+0000] {processor.py:914} INFO - Processing file /home/airflow/.local/lib/python3.12/site-packages/airflow/example_dags/example_dag_decorator.py for tasks to queue
[2025-02-19T09:50:47.134+0000] {logging_mixin.py:190} INFO - [2025-02-19T09:50:47.133+0000] {dagbag.py:587} INFO - Filling up the DagBag from /home/airflow/.local/lib/python3.12/site-packages/airflow/example_dags/example_dag_decorator.py
[2025-02-19T09:50:47.142+0000] {processor.py:925} INFO - DAG(s) 'example_dag_decorator' retrieved from /home/airflow/.local/lib/python3.12/site-packages/airflow/example_dags/example_dag_decorator.py
[2025-02-19T09:50:47.230+0000] {logging_mixin.py:190} INFO - [2025-02-19T09:50:47.230+0000] {dag.py:3229} INFO - Sync 1 DAGs
[2025-02-19T09:50:47.242+0000] {logging_mixin.py:190} INFO - [2025-02-19T09:50:47.242+0000] {dag.py:4156} INFO - Setting next_dagrun for example_dag_decorator to None, run_after=None
[2025-02-19T09:50:47.267+0000] {processor.py:208} INFO - Processing /home/airflow/.local/lib/python3.12/site-packages/airflow/example_dags/example_dag_decorator.py took 0.140 seconds
[2025-02-19T09:51:17.474+0000] {processor.py:186} INFO - Started process (PID=1724) to work on /home/airflow/.local/lib/python3.12/site-packages/airflow/example_dags/example_dag_decorator.py
[2025-02-19T09:51:17.475+0000] {processor.py:914} INFO - Processing file /home/airflow/.local/lib/python3.12/site-packages/airflow/example_dags/example_dag_decorator.py for tasks to queue
[2025-02-19T09:51:17.477+0000] {logging_mixin.py:190} INFO - [2025-02-19T09:51:17.476+0000] {dagbag.py:587} INFO - Filling up the DagBag from /home/airflow/.local/lib/python3.12/site-packages/airflow/example_dags/example_dag_decorator.py
[2025-02-19T09:51:17.487+0000] {processor.py:925} INFO - DAG(s) 'example_dag_decorator' retrieved from /home/airflow/.local/lib/python3.12/site-packages/airflow/example_dags/example_dag_decorator.py
[2025-02-19T09:51:17.583+0000] {logging_mixin.py:190} INFO - [2025-02-19T09:51:17.582+0000] {dag.py:3229} INFO - Sync 1 DAGs
[2025-02-19T09:51:17.594+0000] {logging_mixin.py:190} INFO - [2025-02-19T09:51:17.594+0000] {dag.py:4156} INFO - Setting next_dagrun for example_dag_decorator to None, run_after=None
[2025-02-19T09:51:17.614+0000] {processor.py:208} INFO - Processing /home/airflow/.local/lib/python3.12/site-packages/airflow/example_dags/example_dag_decorator.py took 0.144 seconds
[2025-02-19T09:51:47.695+0000] {processor.py:186} INFO - Started process (PID=1789) to work on /home/airflow/.local/lib/python3.12/site-packages/airflow/example_dags/example_dag_decorator.py
[2025-02-19T09:51:47.696+0000] {processor.py:914} INFO - Processing file /home/airflow/.local/lib/python3.12/site-packages/airflow/example_dags/example_dag_decorator.py for tasks to queue
[2025-02-19T09:51:47.698+0000] {logging_mixin.py:190} INFO - [2025-02-19T09:51:47.698+0000] {dagbag.py:587} INFO - Filling up the DagBag from /home/airflow/.local/lib/python3.12/site-packages/airflow/example_dags/example_dag_decorator.py
[2025-02-19T09:51:47.708+0000] {processor.py:925} INFO - DAG(s) 'example_dag_decorator' retrieved from /home/airflow/.local/lib/python3.12/site-packages/airflow/example_dags/example_dag_decorator.py
[2025-02-19T09:51:47.801+0000] {logging_mixin.py:190} INFO - [2025-02-19T09:51:47.801+0000] {dag.py:3229} INFO - Sync 1 DAGs
[2025-02-19T09:51:47.811+0000] {logging_mixin.py:190} INFO - [2025-02-19T09:51:47.811+0000] {dag.py:4156} INFO - Setting next_dagrun for example_dag_decorator to None, run_after=None
[2025-02-19T09:51:47.828+0000] {processor.py:208} INFO - Processing /home/airflow/.local/lib/python3.12/site-packages/airflow/example_dags/example_dag_decorator.py took 0.137 seconds
[2025-02-19T09:52:17.972+0000] {processor.py:186} INFO - Started process (PID=1852) to work on /home/airflow/.local/lib/python3.12/site-packages/airflow/example_dags/example_dag_decorator.py
[2025-02-19T09:52:17.973+0000] {processor.py:914} INFO - Processing file /home/airflow/.local/lib/python3.12/site-packages/airflow/example_dags/example_dag_decorator.py for tasks to queue
[2025-02-19T09:52:17.975+0000] {logging_mixin.py:190} INFO - [2025-02-19T09:52:17.975+0000] {dagbag.py:587} INFO - Filling up the DagBag from /home/airflow/.local/lib/python3.12/site-packages/airflow/example_dags/example_dag_decorator.py
[2025-02-19T09:52:17.984+0000] {processor.py:925} INFO - DAG(s) 'example_dag_decorator' retrieved from /home/airflow/.local/lib/python3.12/site-packages/airflow/example_dags/example_dag_decorator.py
[2025-02-19T09:52:18.071+0000] {logging_mixin.py:190} INFO - [2025-02-19T09:52:18.071+0000] {dag.py:3229} INFO - Sync 1 DAGs
[2025-02-19T09:52:18.081+0000] {logging_mixin.py:190} INFO - [2025-02-19T09:52:18.080+0000] {dag.py:4156} INFO - Setting next_dagrun for example_dag_decorator to None, run_after=None
[2025-02-19T09:52:18.097+0000] {processor.py:208} INFO - Processing /home/airflow/.local/lib/python3.12/site-packages/airflow/example_dags/example_dag_decorator.py took 0.128 seconds
[2025-02-19T09:52:48.295+0000] {processor.py:186} INFO - Started process (PID=1916) to work on /home/airflow/.local/lib/python3.12/site-packages/airflow/example_dags/example_dag_decorator.py
[2025-02-19T09:52:48.302+0000] {processor.py:914} INFO - Processing file /home/airflow/.local/lib/python3.12/site-packages/airflow/example_dags/example_dag_decorator.py for tasks to queue
[2025-02-19T09:52:48.304+0000] {logging_mixin.py:190} INFO - [2025-02-19T09:52:48.304+0000] {dagbag.py:587} INFO - Filling up the DagBag from /home/airflow/.local/lib/python3.12/site-packages/airflow/example_dags/example_dag_decorator.py
[2025-02-19T09:52:48.314+0000] {processor.py:925} INFO - DAG(s) 'example_dag_decorator' retrieved from /home/airflow/.local/lib/python3.12/site-packages/airflow/example_dags/example_dag_decorator.py
[2025-02-19T09:52:48.413+0000] {logging_mixin.py:190} INFO - [2025-02-19T09:52:48.412+0000] {dag.py:3229} INFO - Sync 1 DAGs
[2025-02-19T09:52:48.424+0000] {logging_mixin.py:190} INFO - [2025-02-19T09:52:48.424+0000] {dag.py:4156} INFO - Setting next_dagrun for example_dag_decorator to None, run_after=None
[2025-02-19T09:52:48.440+0000] {processor.py:208} INFO - Processing /home/airflow/.local/lib/python3.12/site-packages/airflow/example_dags/example_dag_decorator.py took 0.149 seconds
[2025-02-19T09:53:18.615+0000] {processor.py:186} INFO - Started process (PID=1980) to work on /home/airflow/.local/lib/python3.12/site-packages/airflow/example_dags/example_dag_decorator.py
[2025-02-19T09:53:18.617+0000] {processor.py:914} INFO - Processing file /home/airflow/.local/lib/python3.12/site-packages/airflow/example_dags/example_dag_decorator.py for tasks to queue
[2025-02-19T09:53:18.619+0000] {logging_mixin.py:190} INFO - [2025-02-19T09:53:18.619+0000] {dagbag.py:587} INFO - Filling up the DagBag from /home/airflow/.local/lib/python3.12/site-packages/airflow/example_dags/example_dag_decorator.py
[2025-02-19T09:53:18.630+0000] {processor.py:925} INFO - DAG(s) 'example_dag_decorator' retrieved from /home/airflow/.local/lib/python3.12/site-packages/airflow/example_dags/example_dag_decorator.py
[2025-02-19T09:53:18.740+0000] {logging_mixin.py:190} INFO - [2025-02-19T09:53:18.740+0000] {dag.py:3229} INFO - Sync 1 DAGs
[2025-02-19T09:53:18.751+0000] {logging_mixin.py:190} INFO - [2025-02-19T09:53:18.751+0000] {dag.py:4156} INFO - Setting next_dagrun for example_dag_decorator to None, run_after=None
[2025-02-19T09:53:18.771+0000] {processor.py:208} INFO - Processing /home/airflow/.local/lib/python3.12/site-packages/airflow/example_dags/example_dag_decorator.py took 0.160 seconds
[2025-02-19T09:53:49.777+0000] {processor.py:186} INFO - Started process (PID=2044) to work on /home/airflow/.local/lib/python3.12/site-packages/airflow/example_dags/example_dag_decorator.py
[2025-02-19T09:53:49.778+0000] {processor.py:914} INFO - Processing file /home/airflow/.local/lib/python3.12/site-packages/airflow/example_dags/example_dag_decorator.py for tasks to queue
[2025-02-19T09:53:49.780+0000] {logging_mixin.py:190} INFO - [2025-02-19T09:53:49.780+0000] {dagbag.py:587} INFO - Filling up the DagBag from /home/airflow/.local/lib/python3.12/site-packages/airflow/example_dags/example_dag_decorator.py
[2025-02-19T09:53:49.790+0000] {processor.py:925} INFO - DAG(s) 'example_dag_decorator' retrieved from /home/airflow/.local/lib/python3.12/site-packages/airflow/example_dags/example_dag_decorator.py
[2025-02-19T09:53:49.890+0000] {logging_mixin.py:190} INFO - [2025-02-19T09:53:49.889+0000] {dag.py:3229} INFO - Sync 1 DAGs
[2025-02-19T09:53:49.899+0000] {logging_mixin.py:190} INFO - [2025-02-19T09:53:49.899+0000] {dag.py:4156} INFO - Setting next_dagrun for example_dag_decorator to None, run_after=None
[2025-02-19T09:53:49.914+0000] {processor.py:208} INFO - Processing /home/airflow/.local/lib/python3.12/site-packages/airflow/example_dags/example_dag_decorator.py took 0.142 seconds
[2025-02-19T09:54:20.330+0000] {processor.py:186} INFO - Started process (PID=2108) to work on /home/airflow/.local/lib/python3.12/site-packages/airflow/example_dags/example_dag_decorator.py
[2025-02-19T09:54:20.331+0000] {processor.py:914} INFO - Processing file /home/airflow/.local/lib/python3.12/site-packages/airflow/example_dags/example_dag_decorator.py for tasks to queue
[2025-02-19T09:54:20.333+0000] {logging_mixin.py:190} INFO - [2025-02-19T09:54:20.333+0000] {dagbag.py:587} INFO - Filling up the DagBag from /home/airflow/.local/lib/python3.12/site-packages/airflow/example_dags/example_dag_decorator.py
[2025-02-19T09:54:20.343+0000] {processor.py:925} INFO - DAG(s) 'example_dag_decorator' retrieved from /home/airflow/.local/lib/python3.12/site-packages/airflow/example_dags/example_dag_decorator.py
[2025-02-19T09:54:20.443+0000] {logging_mixin.py:190} INFO - [2025-02-19T09:54:20.443+0000] {dag.py:3229} INFO - Sync 1 DAGs
[2025-02-19T09:54:20.454+0000] {logging_mixin.py:190} INFO - [2025-02-19T09:54:20.454+0000] {dag.py:4156} INFO - Setting next_dagrun for example_dag_decorator to None, run_after=None
[2025-02-19T09:54:20.471+0000] {processor.py:208} INFO - Processing /home/airflow/.local/lib/python3.12/site-packages/airflow/example_dags/example_dag_decorator.py took 0.146 seconds
[2025-02-19T09:54:50.569+0000] {processor.py:186} INFO - Started process (PID=2173) to work on /home/airflow/.local/lib/python3.12/site-packages/airflow/example_dags/example_dag_decorator.py
[2025-02-19T09:54:50.570+0000] {processor.py:914} INFO - Processing file /home/airflow/.local/lib/python3.12/site-packages/airflow/example_dags/example_dag_decorator.py for tasks to queue
[2025-02-19T09:54:50.572+0000] {logging_mixin.py:190} INFO - [2025-02-19T09:54:50.572+0000] {dagbag.py:587} INFO - Filling up the DagBag from /home/airflow/.local/lib/python3.12/site-packages/airflow/example_dags/example_dag_decorator.py
[2025-02-19T09:54:50.582+0000] {processor.py:925} INFO - DAG(s) 'example_dag_decorator' retrieved from /home/airflow/.local/lib/python3.12/site-packages/airflow/example_dags/example_dag_decorator.py
[2025-02-19T09:54:50.682+0000] {logging_mixin.py:190} INFO - [2025-02-19T09:54:50.681+0000] {dag.py:3229} INFO - Sync 1 DAGs
[2025-02-19T09:54:50.693+0000] {logging_mixin.py:190} INFO - [2025-02-19T09:54:50.692+0000] {dag.py:4156} INFO - Setting next_dagrun for example_dag_decorator to None, run_after=None
[2025-02-19T09:54:50.708+0000] {processor.py:208} INFO - Processing /home/airflow/.local/lib/python3.12/site-packages/airflow/example_dags/example_dag_decorator.py took 0.144 seconds
[2025-02-19T09:55:20.902+0000] {processor.py:186} INFO - Started process (PID=2237) to work on /home/airflow/.local/lib/python3.12/site-packages/airflow/example_dags/example_dag_decorator.py
[2025-02-19T09:55:20.921+0000] {processor.py:914} INFO - Processing file /home/airflow/.local/lib/python3.12/site-packages/airflow/example_dags/example_dag_decorator.py for tasks to queue
[2025-02-19T09:55:20.924+0000] {logging_mixin.py:190} INFO - [2025-02-19T09:55:20.924+0000] {dagbag.py:587} INFO - Filling up the DagBag from /home/airflow/.local/lib/python3.12/site-packages/airflow/example_dags/example_dag_decorator.py
[2025-02-19T09:55:20.934+0000] {processor.py:925} INFO - DAG(s) 'example_dag_decorator' retrieved from /home/airflow/.local/lib/python3.12/site-packages/airflow/example_dags/example_dag_decorator.py
[2025-02-19T09:55:21.039+0000] {logging_mixin.py:190} INFO - [2025-02-19T09:55:21.038+0000] {dag.py:3229} INFO - Sync 1 DAGs
[2025-02-19T09:55:21.050+0000] {logging_mixin.py:190} INFO - [2025-02-19T09:55:21.050+0000] {dag.py:4156} INFO - Setting next_dagrun for example_dag_decorator to None, run_after=None
[2025-02-19T09:55:21.068+0000] {processor.py:208} INFO - Processing /home/airflow/.local/lib/python3.12/site-packages/airflow/example_dags/example_dag_decorator.py took 0.171 seconds
[2025-02-19T09:55:51.349+0000] {processor.py:186} INFO - Started process (PID=2301) to work on /home/airflow/.local/lib/python3.12/site-packages/airflow/example_dags/example_dag_decorator.py
[2025-02-19T09:55:51.368+0000] {processor.py:914} INFO - Processing file /home/airflow/.local/lib/python3.12/site-packages/airflow/example_dags/example_dag_decorator.py for tasks to queue
[2025-02-19T09:55:51.371+0000] {logging_mixin.py:190} INFO - [2025-02-19T09:55:51.370+0000] {dagbag.py:587} INFO - Filling up the DagBag from /home/airflow/.local/lib/python3.12/site-packages/airflow/example_dags/example_dag_decorator.py
[2025-02-19T09:55:51.381+0000] {processor.py:925} INFO - DAG(s) 'example_dag_decorator' retrieved from /home/airflow/.local/lib/python3.12/site-packages/airflow/example_dags/example_dag_decorator.py
[2025-02-19T09:55:51.501+0000] {logging_mixin.py:190} INFO - [2025-02-19T09:55:51.500+0000] {dag.py:3229} INFO - Sync 1 DAGs
[2025-02-19T09:55:51.515+0000] {logging_mixin.py:190} INFO - [2025-02-19T09:55:51.515+0000] {dag.py:4156} INFO - Setting next_dagrun for example_dag_decorator to None, run_after=None
[2025-02-19T09:55:51.536+0000] {processor.py:208} INFO - Processing /home/airflow/.local/lib/python3.12/site-packages/airflow/example_dags/example_dag_decorator.py took 0.192 seconds
[2025-02-19T09:56:21.641+0000] {processor.py:186} INFO - Started process (PID=2365) to work on /home/airflow/.local/lib/python3.12/site-packages/airflow/example_dags/example_dag_decorator.py
[2025-02-19T09:56:21.643+0000] {processor.py:914} INFO - Processing file /home/airflow/.local/lib/python3.12/site-packages/airflow/example_dags/example_dag_decorator.py for tasks to queue
[2025-02-19T09:56:21.645+0000] {logging_mixin.py:190} INFO - [2025-02-19T09:56:21.645+0000] {dagbag.py:587} INFO - Filling up the DagBag from /home/airflow/.local/lib/python3.12/site-packages/airflow/example_dags/example_dag_decorator.py
[2025-02-19T09:56:21.656+0000] {processor.py:925} INFO - DAG(s) 'example_dag_decorator' retrieved from /home/airflow/.local/lib/python3.12/site-packages/airflow/example_dags/example_dag_decorator.py
[2025-02-19T09:56:21.761+0000] {logging_mixin.py:190} INFO - [2025-02-19T09:56:21.760+0000] {dag.py:3229} INFO - Sync 1 DAGs
[2025-02-19T09:56:21.772+0000] {logging_mixin.py:190} INFO - [2025-02-19T09:56:21.772+0000] {dag.py:4156} INFO - Setting next_dagrun for example_dag_decorator to None, run_after=None
[2025-02-19T09:56:21.792+0000] {processor.py:208} INFO - Processing /home/airflow/.local/lib/python3.12/site-packages/airflow/example_dags/example_dag_decorator.py took 0.156 seconds
[2025-02-19T09:56:51.987+0000] {processor.py:186} INFO - Started process (PID=2430) to work on /home/airflow/.local/lib/python3.12/site-packages/airflow/example_dags/example_dag_decorator.py
[2025-02-19T09:56:51.989+0000] {processor.py:914} INFO - Processing file /home/airflow/.local/lib/python3.12/site-packages/airflow/example_dags/example_dag_decorator.py for tasks to queue
[2025-02-19T09:56:51.991+0000] {logging_mixin.py:190} INFO - [2025-02-19T09:56:51.991+0000] {dagbag.py:587} INFO - Filling up the DagBag from /home/airflow/.local/lib/python3.12/site-packages/airflow/example_dags/example_dag_decorator.py
[2025-02-19T09:56:52.000+0000] {processor.py:925} INFO - DAG(s) 'example_dag_decorator' retrieved from /home/airflow/.local/lib/python3.12/site-packages/airflow/example_dags/example_dag_decorator.py
[2025-02-19T09:56:52.091+0000] {logging_mixin.py:190} INFO - [2025-02-19T09:56:52.090+0000] {dag.py:3229} INFO - Sync 1 DAGs
[2025-02-19T09:56:52.102+0000] {logging_mixin.py:190} INFO - [2025-02-19T09:56:52.102+0000] {dag.py:4156} INFO - Setting next_dagrun for example_dag_decorator to None, run_after=None
[2025-02-19T09:56:52.120+0000] {processor.py:208} INFO - Processing /home/airflow/.local/lib/python3.12/site-packages/airflow/example_dags/example_dag_decorator.py took 0.137 seconds
[2025-02-19T09:57:22.224+0000] {processor.py:186} INFO - Started process (PID=2494) to work on /home/airflow/.local/lib/python3.12/site-packages/airflow/example_dags/example_dag_decorator.py
[2025-02-19T09:57:22.225+0000] {processor.py:914} INFO - Processing file /home/airflow/.local/lib/python3.12/site-packages/airflow/example_dags/example_dag_decorator.py for tasks to queue
[2025-02-19T09:57:22.227+0000] {logging_mixin.py:190} INFO - [2025-02-19T09:57:22.227+0000] {dagbag.py:587} INFO - Filling up the DagBag from /home/airflow/.local/lib/python3.12/site-packages/airflow/example_dags/example_dag_decorator.py
[2025-02-19T09:57:22.236+0000] {processor.py:925} INFO - DAG(s) 'example_dag_decorator' retrieved from /home/airflow/.local/lib/python3.12/site-packages/airflow/example_dags/example_dag_decorator.py
[2025-02-19T09:57:22.330+0000] {logging_mixin.py:190} INFO - [2025-02-19T09:57:22.330+0000] {dag.py:3229} INFO - Sync 1 DAGs
[2025-02-19T09:57:22.340+0000] {logging_mixin.py:190} INFO - [2025-02-19T09:57:22.340+0000] {dag.py:4156} INFO - Setting next_dagrun for example_dag_decorator to None, run_after=None
[2025-02-19T09:57:22.357+0000] {processor.py:208} INFO - Processing /home/airflow/.local/lib/python3.12/site-packages/airflow/example_dags/example_dag_decorator.py took 0.138 seconds
[2025-02-19T09:57:52.480+0000] {processor.py:186} INFO - Started process (PID=2558) to work on /home/airflow/.local/lib/python3.12/site-packages/airflow/example_dags/example_dag_decorator.py
[2025-02-19T09:57:52.481+0000] {processor.py:914} INFO - Processing file /home/airflow/.local/lib/python3.12/site-packages/airflow/example_dags/example_dag_decorator.py for tasks to queue
[2025-02-19T09:57:52.483+0000] {logging_mixin.py:190} INFO - [2025-02-19T09:57:52.483+0000] {dagbag.py:587} INFO - Filling up the DagBag from /home/airflow/.local/lib/python3.12/site-packages/airflow/example_dags/example_dag_decorator.py
[2025-02-19T09:57:52.492+0000] {processor.py:925} INFO - DAG(s) 'example_dag_decorator' retrieved from /home/airflow/.local/lib/python3.12/site-packages/airflow/example_dags/example_dag_decorator.py
[2025-02-19T09:57:52.582+0000] {logging_mixin.py:190} INFO - [2025-02-19T09:57:52.581+0000] {dag.py:3229} INFO - Sync 1 DAGs
[2025-02-19T09:57:52.591+0000] {logging_mixin.py:190} INFO - [2025-02-19T09:57:52.591+0000] {dag.py:4156} INFO - Setting next_dagrun for example_dag_decorator to None, run_after=None
[2025-02-19T09:57:52.607+0000] {processor.py:208} INFO - Processing /home/airflow/.local/lib/python3.12/site-packages/airflow/example_dags/example_dag_decorator.py took 0.131 seconds
[2025-02-19T09:58:23.245+0000] {processor.py:186} INFO - Started process (PID=2623) to work on /home/airflow/.local/lib/python3.12/site-packages/airflow/example_dags/example_dag_decorator.py
[2025-02-19T09:58:23.246+0000] {processor.py:914} INFO - Processing file /home/airflow/.local/lib/python3.12/site-packages/airflow/example_dags/example_dag_decorator.py for tasks to queue
[2025-02-19T09:58:23.248+0000] {logging_mixin.py:190} INFO - [2025-02-19T09:58:23.248+0000] {dagbag.py:587} INFO - Filling up the DagBag from /home/airflow/.local/lib/python3.12/site-packages/airflow/example_dags/example_dag_decorator.py
[2025-02-19T09:58:23.257+0000] {processor.py:925} INFO - DAG(s) 'example_dag_decorator' retrieved from /home/airflow/.local/lib/python3.12/site-packages/airflow/example_dags/example_dag_decorator.py
[2025-02-19T09:58:23.346+0000] {logging_mixin.py:190} INFO - [2025-02-19T09:58:23.345+0000] {dag.py:3229} INFO - Sync 1 DAGs
[2025-02-19T09:58:23.355+0000] {logging_mixin.py:190} INFO - [2025-02-19T09:58:23.355+0000] {dag.py:4156} INFO - Setting next_dagrun for example_dag_decorator to None, run_after=None
[2025-02-19T09:58:23.371+0000] {processor.py:208} INFO - Processing /home/airflow/.local/lib/python3.12/site-packages/airflow/example_dags/example_dag_decorator.py took 0.131 seconds
[2025-02-19T09:58:54.437+0000] {processor.py:186} INFO - Started process (PID=2692) to work on /home/airflow/.local/lib/python3.12/site-packages/airflow/example_dags/example_dag_decorator.py
[2025-02-19T09:58:54.438+0000] {processor.py:914} INFO - Processing file /home/airflow/.local/lib/python3.12/site-packages/airflow/example_dags/example_dag_decorator.py for tasks to queue
[2025-02-19T09:58:54.440+0000] {logging_mixin.py:190} INFO - [2025-02-19T09:58:54.439+0000] {dagbag.py:587} INFO - Filling up the DagBag from /home/airflow/.local/lib/python3.12/site-packages/airflow/example_dags/example_dag_decorator.py
[2025-02-19T09:58:54.448+0000] {processor.py:925} INFO - DAG(s) 'example_dag_decorator' retrieved from /home/airflow/.local/lib/python3.12/site-packages/airflow/example_dags/example_dag_decorator.py
[2025-02-19T09:58:54.545+0000] {logging_mixin.py:190} INFO - [2025-02-19T09:58:54.544+0000] {dag.py:3229} INFO - Sync 1 DAGs
[2025-02-19T09:58:54.556+0000] {logging_mixin.py:190} INFO - [2025-02-19T09:58:54.556+0000] {dag.py:4156} INFO - Setting next_dagrun for example_dag_decorator to None, run_after=None
[2025-02-19T09:58:54.573+0000] {processor.py:208} INFO - Processing /home/airflow/.local/lib/python3.12/site-packages/airflow/example_dags/example_dag_decorator.py took 0.141 seconds
[2025-02-19T09:59:25.471+0000] {processor.py:186} INFO - Started process (PID=2756) to work on /home/airflow/.local/lib/python3.12/site-packages/airflow/example_dags/example_dag_decorator.py
[2025-02-19T09:59:25.472+0000] {processor.py:914} INFO - Processing file /home/airflow/.local/lib/python3.12/site-packages/airflow/example_dags/example_dag_decorator.py for tasks to queue
[2025-02-19T09:59:25.474+0000] {logging_mixin.py:190} INFO - [2025-02-19T09:59:25.474+0000] {dagbag.py:587} INFO - Filling up the DagBag from /home/airflow/.local/lib/python3.12/site-packages/airflow/example_dags/example_dag_decorator.py
[2025-02-19T09:59:25.483+0000] {processor.py:925} INFO - DAG(s) 'example_dag_decorator' retrieved from /home/airflow/.local/lib/python3.12/site-packages/airflow/example_dags/example_dag_decorator.py
[2025-02-19T09:59:25.569+0000] {logging_mixin.py:190} INFO - [2025-02-19T09:59:25.569+0000] {dag.py:3229} INFO - Sync 1 DAGs
[2025-02-19T09:59:25.580+0000] {logging_mixin.py:190} INFO - [2025-02-19T09:59:25.579+0000] {dag.py:4156} INFO - Setting next_dagrun for example_dag_decorator to None, run_after=None
[2025-02-19T09:59:25.595+0000] {processor.py:208} INFO - Processing /home/airflow/.local/lib/python3.12/site-packages/airflow/example_dags/example_dag_decorator.py took 0.127 seconds
[2025-02-19T10:23:14.865+0000] {logging_mixin.py:190} INFO - [2025-02-19T10:23:14.864+0000] {settings.py:475} DEBUG - Setting up DB connection pool (PID 105)
[2025-02-19T10:23:14.866+0000] {logging_mixin.py:190} INFO - [2025-02-19T10:23:14.866+0000] {settings.py:579} DEBUG - settings.prepare_engine_args(): Using pool settings. pool_size=5, max_overflow=10, pool_recycle=1800, pid=105
[2025-02-19T10:23:14.871+0000] {processor.py:186} INFO - Started process (PID=105) to work on /home/airflow/.local/lib/python3.12/site-packages/airflow/example_dags/example_dag_decorator.py
[2025-02-19T10:23:14.872+0000] {processor.py:914} INFO - Processing file /home/airflow/.local/lib/python3.12/site-packages/airflow/example_dags/example_dag_decorator.py for tasks to queue
[2025-02-19T10:23:14.873+0000] {logging_mixin.py:190} INFO - [2025-02-19T10:23:14.872+0000] {dagbag.py:587} INFO - Filling up the DagBag from /home/airflow/.local/lib/python3.12/site-packages/airflow/example_dags/example_dag_decorator.py
[2025-02-19T10:23:14.874+0000] {logging_mixin.py:190} INFO - [2025-02-19T10:23:14.873+0000] {dagbag.py:368} DEBUG - Importing /home/airflow/.local/lib/python3.12/site-packages/airflow/example_dags/example_dag_decorator.py
[2025-02-19T10:23:14.886+0000] {logging_mixin.py:190} INFO - [2025-02-19T10:23:14.885+0000] {dagbag.py:553} DEBUG - Loaded DAG <DAG: example_dag_decorator>
[2025-02-19T10:23:14.887+0000] {processor.py:925} INFO - DAG(s) 'example_dag_decorator' retrieved from /home/airflow/.local/lib/python3.12/site-packages/airflow/example_dags/example_dag_decorator.py
[2025-02-19T10:23:14.887+0000] {logging_mixin.py:190} INFO - [2025-02-19T10:23:14.887+0000] {dagbag.py:710} DEBUG - Running dagbag.sync_to_db with retries. Try 1 of 3
[2025-02-19T10:23:14.888+0000] {logging_mixin.py:190} INFO - [2025-02-19T10:23:14.887+0000] {dagbag.py:715} DEBUG - Calling the DAG.bulk_sync_to_db method
[2025-02-19T10:23:14.898+0000] {logging_mixin.py:190} INFO - [2025-02-19T10:23:14.898+0000] {serialized_dag.py:168} DEBUG - Checking if DAG (example_dag_decorator) changed
[2025-02-19T10:23:14.902+0000] {logging_mixin.py:190} INFO - [2025-02-19T10:23:14.902+0000] {serialized_objects.py:780} DEBUG - Cast type <class 'airflow.models.param.ParamsDict'> to str in serialization.
[2025-02-19T10:23:14.904+0000] {logging_mixin.py:190} INFO - [2025-02-19T10:23:14.904+0000] {serialized_objects.py:780} DEBUG - Cast type <class 'airflow.models.param.ParamsDict'> to str in serialization.
[2025-02-19T10:23:14.906+0000] {logging_mixin.py:190} INFO - [2025-02-19T10:23:14.906+0000] {serialized_objects.py:780} DEBUG - Cast type <class 'airflow.models.param.ParamsDict'> to str in serialization.
[2025-02-19T10:23:14.911+0000] {logging_mixin.py:190} INFO - [2025-02-19T10:23:14.911+0000] {serialized_dag.py:182} DEBUG - Writing Serialized DAG: example_dag_decorator to the DB
[2025-02-19T10:23:14.915+0000] {logging_mixin.py:190} INFO - [2025-02-19T10:23:14.914+0000] {serialized_dag.py:184} DEBUG - DAG: example_dag_decorator written to the DB
[2025-02-19T10:23:14.915+0000] {logging_mixin.py:190} INFO - [2025-02-19T10:23:14.915+0000] {dagbag.py:744} DEBUG - Syncing DAG permissions: example_dag_decorator to the DB
[2025-02-19T10:23:14.999+0000] {logging_mixin.py:190} INFO - [2025-02-19T10:23:14.999+0000] {override.py:1129} DEBUG - Not syncing DAG-level permissions for DAG 'example_dag_decorator' as access control is unset.
[2025-02-19T10:23:14.999+0000] {logging_mixin.py:190} INFO - [2025-02-19T10:23:14.999+0000] {dag.py:3229} INFO - Sync 1 DAGs
[2025-02-19T10:23:15.011+0000] {logging_mixin.py:190} INFO - [2025-02-19T10:23:15.011+0000] {dag.py:4156} INFO - Setting next_dagrun for example_dag_decorator to None, run_after=None
[2025-02-19T10:23:15.029+0000] {processor.py:208} INFO - Processing /home/airflow/.local/lib/python3.12/site-packages/airflow/example_dags/example_dag_decorator.py took 0.164 seconds
[2025-02-19T10:23:57.852+0000] {logging_mixin.py:190} INFO - [2025-02-19T10:23:57.851+0000] {settings.py:475} DEBUG - Setting up DB connection pool (PID 169)
[2025-02-19T10:23:57.853+0000] {logging_mixin.py:190} INFO - [2025-02-19T10:23:57.853+0000] {settings.py:579} DEBUG - settings.prepare_engine_args(): Using pool settings. pool_size=5, max_overflow=10, pool_recycle=1800, pid=169
[2025-02-19T10:23:57.860+0000] {processor.py:186} INFO - Started process (PID=169) to work on /home/airflow/.local/lib/python3.12/site-packages/airflow/example_dags/example_dag_decorator.py
[2025-02-19T10:23:57.860+0000] {processor.py:914} INFO - Processing file /home/airflow/.local/lib/python3.12/site-packages/airflow/example_dags/example_dag_decorator.py for tasks to queue
[2025-02-19T10:23:57.861+0000] {logging_mixin.py:190} INFO - [2025-02-19T10:23:57.861+0000] {dagbag.py:587} INFO - Filling up the DagBag from /home/airflow/.local/lib/python3.12/site-packages/airflow/example_dags/example_dag_decorator.py
[2025-02-19T10:23:57.863+0000] {logging_mixin.py:190} INFO - [2025-02-19T10:23:57.862+0000] {dagbag.py:368} DEBUG - Importing /home/airflow/.local/lib/python3.12/site-packages/airflow/example_dags/example_dag_decorator.py
[2025-02-19T10:23:57.876+0000] {logging_mixin.py:190} INFO - [2025-02-19T10:23:57.874+0000] {dagbag.py:553} DEBUG - Loaded DAG <DAG: example_dag_decorator>
[2025-02-19T10:23:57.876+0000] {processor.py:925} INFO - DAG(s) 'example_dag_decorator' retrieved from /home/airflow/.local/lib/python3.12/site-packages/airflow/example_dags/example_dag_decorator.py
[2025-02-19T10:23:57.877+0000] {logging_mixin.py:190} INFO - [2025-02-19T10:23:57.877+0000] {dagbag.py:710} DEBUG - Running dagbag.sync_to_db with retries. Try 1 of 3
[2025-02-19T10:23:57.877+0000] {logging_mixin.py:190} INFO - [2025-02-19T10:23:57.877+0000] {dagbag.py:715} DEBUG - Calling the DAG.bulk_sync_to_db method
[2025-02-19T10:23:57.888+0000] {logging_mixin.py:190} INFO - [2025-02-19T10:23:57.888+0000] {serialized_dag.py:168} DEBUG - Checking if DAG (example_dag_decorator) changed
[2025-02-19T10:23:57.892+0000] {logging_mixin.py:190} INFO - [2025-02-19T10:23:57.892+0000] {serialized_objects.py:780} DEBUG - Cast type <class 'airflow.models.param.ParamsDict'> to str in serialization.
[2025-02-19T10:23:57.894+0000] {logging_mixin.py:190} INFO - [2025-02-19T10:23:57.894+0000] {serialized_objects.py:780} DEBUG - Cast type <class 'airflow.models.param.ParamsDict'> to str in serialization.
[2025-02-19T10:23:57.895+0000] {logging_mixin.py:190} INFO - [2025-02-19T10:23:57.895+0000] {serialized_objects.py:780} DEBUG - Cast type <class 'airflow.models.param.ParamsDict'> to str in serialization.
[2025-02-19T10:23:57.900+0000] {logging_mixin.py:190} INFO - [2025-02-19T10:23:57.900+0000] {serialized_dag.py:182} DEBUG - Writing Serialized DAG: example_dag_decorator to the DB
[2025-02-19T10:23:57.903+0000] {logging_mixin.py:190} INFO - [2025-02-19T10:23:57.903+0000] {serialized_dag.py:184} DEBUG - DAG: example_dag_decorator written to the DB
[2025-02-19T10:23:57.904+0000] {logging_mixin.py:190} INFO - [2025-02-19T10:23:57.904+0000] {dagbag.py:744} DEBUG - Syncing DAG permissions: example_dag_decorator to the DB
[2025-02-19T10:23:57.993+0000] {logging_mixin.py:190} INFO - [2025-02-19T10:23:57.993+0000] {override.py:1129} DEBUG - Not syncing DAG-level permissions for DAG 'example_dag_decorator' as access control is unset.
[2025-02-19T10:23:57.993+0000] {logging_mixin.py:190} INFO - [2025-02-19T10:23:57.993+0000] {dag.py:3229} INFO - Sync 1 DAGs
[2025-02-19T10:23:58.006+0000] {logging_mixin.py:190} INFO - [2025-02-19T10:23:58.006+0000] {dag.py:4156} INFO - Setting next_dagrun for example_dag_decorator to None, run_after=None
[2025-02-19T10:23:58.024+0000] {processor.py:208} INFO - Processing /home/airflow/.local/lib/python3.12/site-packages/airflow/example_dags/example_dag_decorator.py took 0.173 seconds
[2025-02-19T10:24:28.720+0000] {logging_mixin.py:190} INFO - [2025-02-19T10:24:28.719+0000] {settings.py:475} DEBUG - Setting up DB connection pool (PID 233)
[2025-02-19T10:24:28.721+0000] {logging_mixin.py:190} INFO - [2025-02-19T10:24:28.721+0000] {settings.py:579} DEBUG - settings.prepare_engine_args(): Using pool settings. pool_size=5, max_overflow=10, pool_recycle=1800, pid=233
[2025-02-19T10:24:28.725+0000] {processor.py:186} INFO - Started process (PID=233) to work on /home/airflow/.local/lib/python3.12/site-packages/airflow/example_dags/example_dag_decorator.py
[2025-02-19T10:24:28.725+0000] {processor.py:914} INFO - Processing file /home/airflow/.local/lib/python3.12/site-packages/airflow/example_dags/example_dag_decorator.py for tasks to queue
[2025-02-19T10:24:28.726+0000] {logging_mixin.py:190} INFO - [2025-02-19T10:24:28.726+0000] {dagbag.py:587} INFO - Filling up the DagBag from /home/airflow/.local/lib/python3.12/site-packages/airflow/example_dags/example_dag_decorator.py
[2025-02-19T10:24:28.727+0000] {logging_mixin.py:190} INFO - [2025-02-19T10:24:28.727+0000] {dagbag.py:368} DEBUG - Importing /home/airflow/.local/lib/python3.12/site-packages/airflow/example_dags/example_dag_decorator.py
[2025-02-19T10:24:28.737+0000] {logging_mixin.py:190} INFO - [2025-02-19T10:24:28.736+0000] {dagbag.py:553} DEBUG - Loaded DAG <DAG: example_dag_decorator>
[2025-02-19T10:24:28.738+0000] {processor.py:925} INFO - DAG(s) 'example_dag_decorator' retrieved from /home/airflow/.local/lib/python3.12/site-packages/airflow/example_dags/example_dag_decorator.py
[2025-02-19T10:24:28.739+0000] {logging_mixin.py:190} INFO - [2025-02-19T10:24:28.738+0000] {dagbag.py:710} DEBUG - Running dagbag.sync_to_db with retries. Try 1 of 3
[2025-02-19T10:24:28.739+0000] {logging_mixin.py:190} INFO - [2025-02-19T10:24:28.739+0000] {dagbag.py:715} DEBUG - Calling the DAG.bulk_sync_to_db method
[2025-02-19T10:24:28.750+0000] {logging_mixin.py:190} INFO - [2025-02-19T10:24:28.749+0000] {serialized_dag.py:168} DEBUG - Checking if DAG (example_dag_decorator) changed
[2025-02-19T10:24:28.754+0000] {logging_mixin.py:190} INFO - [2025-02-19T10:24:28.753+0000] {serialized_objects.py:780} DEBUG - Cast type <class 'airflow.models.param.ParamsDict'> to str in serialization.
[2025-02-19T10:24:28.755+0000] {logging_mixin.py:190} INFO - [2025-02-19T10:24:28.755+0000] {serialized_objects.py:780} DEBUG - Cast type <class 'airflow.models.param.ParamsDict'> to str in serialization.
[2025-02-19T10:24:28.757+0000] {logging_mixin.py:190} INFO - [2025-02-19T10:24:28.757+0000] {serialized_objects.py:780} DEBUG - Cast type <class 'airflow.models.param.ParamsDict'> to str in serialization.
[2025-02-19T10:24:28.762+0000] {logging_mixin.py:190} INFO - [2025-02-19T10:24:28.762+0000] {serialized_dag.py:182} DEBUG - Writing Serialized DAG: example_dag_decorator to the DB
[2025-02-19T10:24:28.766+0000] {logging_mixin.py:190} INFO - [2025-02-19T10:24:28.766+0000] {serialized_dag.py:184} DEBUG - DAG: example_dag_decorator written to the DB
[2025-02-19T10:24:28.766+0000] {logging_mixin.py:190} INFO - [2025-02-19T10:24:28.766+0000] {dagbag.py:744} DEBUG - Syncing DAG permissions: example_dag_decorator to the DB
[2025-02-19T10:24:28.834+0000] {logging_mixin.py:190} INFO - [2025-02-19T10:24:28.833+0000] {override.py:1129} DEBUG - Not syncing DAG-level permissions for DAG 'example_dag_decorator' as access control is unset.
[2025-02-19T10:24:28.834+0000] {logging_mixin.py:190} INFO - [2025-02-19T10:24:28.834+0000] {dag.py:3229} INFO - Sync 1 DAGs
[2025-02-19T10:24:28.843+0000] {logging_mixin.py:190} INFO - [2025-02-19T10:24:28.843+0000] {dag.py:4156} INFO - Setting next_dagrun for example_dag_decorator to None, run_after=None
[2025-02-19T10:24:28.860+0000] {processor.py:208} INFO - Processing /home/airflow/.local/lib/python3.12/site-packages/airflow/example_dags/example_dag_decorator.py took 0.141 seconds
[2025-02-19T10:24:59.540+0000] {logging_mixin.py:190} INFO - [2025-02-19T10:24:59.539+0000] {settings.py:475} DEBUG - Setting up DB connection pool (PID 302)
[2025-02-19T10:24:59.541+0000] {logging_mixin.py:190} INFO - [2025-02-19T10:24:59.541+0000] {settings.py:579} DEBUG - settings.prepare_engine_args(): Using pool settings. pool_size=5, max_overflow=10, pool_recycle=1800, pid=302
[2025-02-19T10:24:59.547+0000] {processor.py:186} INFO - Started process (PID=302) to work on /home/airflow/.local/lib/python3.12/site-packages/airflow/example_dags/example_dag_decorator.py
[2025-02-19T10:24:59.547+0000] {processor.py:914} INFO - Processing file /home/airflow/.local/lib/python3.12/site-packages/airflow/example_dags/example_dag_decorator.py for tasks to queue
[2025-02-19T10:24:59.548+0000] {logging_mixin.py:190} INFO - [2025-02-19T10:24:59.548+0000] {dagbag.py:587} INFO - Filling up the DagBag from /home/airflow/.local/lib/python3.12/site-packages/airflow/example_dags/example_dag_decorator.py
[2025-02-19T10:24:59.549+0000] {logging_mixin.py:190} INFO - [2025-02-19T10:24:59.549+0000] {dagbag.py:368} DEBUG - Importing /home/airflow/.local/lib/python3.12/site-packages/airflow/example_dags/example_dag_decorator.py
[2025-02-19T10:24:59.563+0000] {logging_mixin.py:190} INFO - [2025-02-19T10:24:59.562+0000] {dagbag.py:553} DEBUG - Loaded DAG <DAG: example_dag_decorator>
[2025-02-19T10:24:59.563+0000] {processor.py:925} INFO - DAG(s) 'example_dag_decorator' retrieved from /home/airflow/.local/lib/python3.12/site-packages/airflow/example_dags/example_dag_decorator.py
[2025-02-19T10:24:59.564+0000] {logging_mixin.py:190} INFO - [2025-02-19T10:24:59.564+0000] {dagbag.py:710} DEBUG - Running dagbag.sync_to_db with retries. Try 1 of 3
[2025-02-19T10:24:59.564+0000] {logging_mixin.py:190} INFO - [2025-02-19T10:24:59.564+0000] {dagbag.py:715} DEBUG - Calling the DAG.bulk_sync_to_db method
[2025-02-19T10:24:59.577+0000] {logging_mixin.py:190} INFO - [2025-02-19T10:24:59.576+0000] {serialized_dag.py:168} DEBUG - Checking if DAG (example_dag_decorator) changed
[2025-02-19T10:24:59.582+0000] {logging_mixin.py:190} INFO - [2025-02-19T10:24:59.581+0000] {serialized_objects.py:780} DEBUG - Cast type <class 'airflow.models.param.ParamsDict'> to str in serialization.
[2025-02-19T10:24:59.584+0000] {logging_mixin.py:190} INFO - [2025-02-19T10:24:59.583+0000] {serialized_objects.py:780} DEBUG - Cast type <class 'airflow.models.param.ParamsDict'> to str in serialization.
[2025-02-19T10:24:59.586+0000] {logging_mixin.py:190} INFO - [2025-02-19T10:24:59.586+0000] {serialized_objects.py:780} DEBUG - Cast type <class 'airflow.models.param.ParamsDict'> to str in serialization.
[2025-02-19T10:24:59.591+0000] {logging_mixin.py:190} INFO - [2025-02-19T10:24:59.591+0000] {serialized_dag.py:182} DEBUG - Writing Serialized DAG: example_dag_decorator to the DB
[2025-02-19T10:24:59.596+0000] {logging_mixin.py:190} INFO - [2025-02-19T10:24:59.595+0000] {serialized_dag.py:184} DEBUG - DAG: example_dag_decorator written to the DB
[2025-02-19T10:24:59.596+0000] {logging_mixin.py:190} INFO - [2025-02-19T10:24:59.596+0000] {dagbag.py:744} DEBUG - Syncing DAG permissions: example_dag_decorator to the DB
[2025-02-19T10:24:59.688+0000] {logging_mixin.py:190} INFO - [2025-02-19T10:24:59.688+0000] {override.py:1129} DEBUG - Not syncing DAG-level permissions for DAG 'example_dag_decorator' as access control is unset.
[2025-02-19T10:24:59.688+0000] {logging_mixin.py:190} INFO - [2025-02-19T10:24:59.688+0000] {dag.py:3229} INFO - Sync 1 DAGs
[2025-02-19T10:24:59.699+0000] {logging_mixin.py:190} INFO - [2025-02-19T10:24:59.699+0000] {dag.py:4156} INFO - Setting next_dagrun for example_dag_decorator to None, run_after=None
[2025-02-19T10:24:59.722+0000] {processor.py:208} INFO - Processing /home/airflow/.local/lib/python3.12/site-packages/airflow/example_dags/example_dag_decorator.py took 0.182 seconds
[2025-02-19T10:25:30.727+0000] {logging_mixin.py:190} INFO - [2025-02-19T10:25:30.726+0000] {settings.py:475} DEBUG - Setting up DB connection pool (PID 366)
[2025-02-19T10:25:30.728+0000] {logging_mixin.py:190} INFO - [2025-02-19T10:25:30.727+0000] {settings.py:579} DEBUG - settings.prepare_engine_args(): Using pool settings. pool_size=5, max_overflow=10, pool_recycle=1800, pid=366
[2025-02-19T10:25:30.732+0000] {processor.py:186} INFO - Started process (PID=366) to work on /home/airflow/.local/lib/python3.12/site-packages/airflow/example_dags/example_dag_decorator.py
[2025-02-19T10:25:30.732+0000] {processor.py:914} INFO - Processing file /home/airflow/.local/lib/python3.12/site-packages/airflow/example_dags/example_dag_decorator.py for tasks to queue
[2025-02-19T10:25:30.733+0000] {logging_mixin.py:190} INFO - [2025-02-19T10:25:30.733+0000] {dagbag.py:587} INFO - Filling up the DagBag from /home/airflow/.local/lib/python3.12/site-packages/airflow/example_dags/example_dag_decorator.py
[2025-02-19T10:25:30.734+0000] {logging_mixin.py:190} INFO - [2025-02-19T10:25:30.734+0000] {dagbag.py:368} DEBUG - Importing /home/airflow/.local/lib/python3.12/site-packages/airflow/example_dags/example_dag_decorator.py
[2025-02-19T10:25:30.746+0000] {logging_mixin.py:190} INFO - [2025-02-19T10:25:30.744+0000] {dagbag.py:553} DEBUG - Loaded DAG <DAG: example_dag_decorator>
[2025-02-19T10:25:30.746+0000] {processor.py:925} INFO - DAG(s) 'example_dag_decorator' retrieved from /home/airflow/.local/lib/python3.12/site-packages/airflow/example_dags/example_dag_decorator.py
[2025-02-19T10:25:30.747+0000] {logging_mixin.py:190} INFO - [2025-02-19T10:25:30.747+0000] {dagbag.py:710} DEBUG - Running dagbag.sync_to_db with retries. Try 1 of 3
[2025-02-19T10:25:30.747+0000] {logging_mixin.py:190} INFO - [2025-02-19T10:25:30.747+0000] {dagbag.py:715} DEBUG - Calling the DAG.bulk_sync_to_db method
[2025-02-19T10:25:30.758+0000] {logging_mixin.py:190} INFO - [2025-02-19T10:25:30.758+0000] {serialized_dag.py:168} DEBUG - Checking if DAG (example_dag_decorator) changed
[2025-02-19T10:25:30.762+0000] {logging_mixin.py:190} INFO - [2025-02-19T10:25:30.761+0000] {serialized_objects.py:780} DEBUG - Cast type <class 'airflow.models.param.ParamsDict'> to str in serialization.
[2025-02-19T10:25:30.764+0000] {logging_mixin.py:190} INFO - [2025-02-19T10:25:30.763+0000] {serialized_objects.py:780} DEBUG - Cast type <class 'airflow.models.param.ParamsDict'> to str in serialization.
[2025-02-19T10:25:30.765+0000] {logging_mixin.py:190} INFO - [2025-02-19T10:25:30.765+0000] {serialized_objects.py:780} DEBUG - Cast type <class 'airflow.models.param.ParamsDict'> to str in serialization.
[2025-02-19T10:25:30.770+0000] {logging_mixin.py:190} INFO - [2025-02-19T10:25:30.770+0000] {serialized_dag.py:182} DEBUG - Writing Serialized DAG: example_dag_decorator to the DB
[2025-02-19T10:25:30.774+0000] {logging_mixin.py:190} INFO - [2025-02-19T10:25:30.774+0000] {serialized_dag.py:184} DEBUG - DAG: example_dag_decorator written to the DB
[2025-02-19T10:25:30.775+0000] {logging_mixin.py:190} INFO - [2025-02-19T10:25:30.775+0000] {dagbag.py:744} DEBUG - Syncing DAG permissions: example_dag_decorator to the DB
[2025-02-19T10:25:30.857+0000] {logging_mixin.py:190} INFO - [2025-02-19T10:25:30.857+0000] {override.py:1129} DEBUG - Not syncing DAG-level permissions for DAG 'example_dag_decorator' as access control is unset.
[2025-02-19T10:25:30.857+0000] {logging_mixin.py:190} INFO - [2025-02-19T10:25:30.857+0000] {dag.py:3229} INFO - Sync 1 DAGs
[2025-02-19T10:25:30.870+0000] {logging_mixin.py:190} INFO - [2025-02-19T10:25:30.869+0000] {dag.py:4156} INFO - Setting next_dagrun for example_dag_decorator to None, run_after=None
[2025-02-19T10:25:30.888+0000] {processor.py:208} INFO - Processing /home/airflow/.local/lib/python3.12/site-packages/airflow/example_dags/example_dag_decorator.py took 0.162 seconds
[2025-02-19T10:26:01.454+0000] {logging_mixin.py:190} INFO - [2025-02-19T10:26:01.454+0000] {settings.py:475} DEBUG - Setting up DB connection pool (PID 430)
[2025-02-19T10:26:01.474+0000] {logging_mixin.py:190} INFO - [2025-02-19T10:26:01.474+0000] {settings.py:579} DEBUG - settings.prepare_engine_args(): Using pool settings. pool_size=5, max_overflow=10, pool_recycle=1800, pid=430
[2025-02-19T10:26:01.479+0000] {processor.py:186} INFO - Started process (PID=430) to work on /home/airflow/.local/lib/python3.12/site-packages/airflow/example_dags/example_dag_decorator.py
[2025-02-19T10:26:01.480+0000] {processor.py:914} INFO - Processing file /home/airflow/.local/lib/python3.12/site-packages/airflow/example_dags/example_dag_decorator.py for tasks to queue
[2025-02-19T10:26:01.480+0000] {logging_mixin.py:190} INFO - [2025-02-19T10:26:01.480+0000] {dagbag.py:587} INFO - Filling up the DagBag from /home/airflow/.local/lib/python3.12/site-packages/airflow/example_dags/example_dag_decorator.py
[2025-02-19T10:26:01.482+0000] {logging_mixin.py:190} INFO - [2025-02-19T10:26:01.481+0000] {dagbag.py:368} DEBUG - Importing /home/airflow/.local/lib/python3.12/site-packages/airflow/example_dags/example_dag_decorator.py
[2025-02-19T10:26:01.494+0000] {logging_mixin.py:190} INFO - [2025-02-19T10:26:01.492+0000] {dagbag.py:553} DEBUG - Loaded DAG <DAG: example_dag_decorator>
[2025-02-19T10:26:01.494+0000] {processor.py:925} INFO - DAG(s) 'example_dag_decorator' retrieved from /home/airflow/.local/lib/python3.12/site-packages/airflow/example_dags/example_dag_decorator.py
[2025-02-19T10:26:01.495+0000] {logging_mixin.py:190} INFO - [2025-02-19T10:26:01.495+0000] {dagbag.py:710} DEBUG - Running dagbag.sync_to_db with retries. Try 1 of 3
[2025-02-19T10:26:01.495+0000] {logging_mixin.py:190} INFO - [2025-02-19T10:26:01.495+0000] {dagbag.py:715} DEBUG - Calling the DAG.bulk_sync_to_db method
[2025-02-19T10:26:01.508+0000] {logging_mixin.py:190} INFO - [2025-02-19T10:26:01.508+0000] {serialized_dag.py:168} DEBUG - Checking if DAG (example_dag_decorator) changed
[2025-02-19T10:26:01.514+0000] {logging_mixin.py:190} INFO - [2025-02-19T10:26:01.513+0000] {serialized_objects.py:780} DEBUG - Cast type <class 'airflow.models.param.ParamsDict'> to str in serialization.
[2025-02-19T10:26:01.516+0000] {logging_mixin.py:190} INFO - [2025-02-19T10:26:01.515+0000] {serialized_objects.py:780} DEBUG - Cast type <class 'airflow.models.param.ParamsDict'> to str in serialization.
[2025-02-19T10:26:01.518+0000] {logging_mixin.py:190} INFO - [2025-02-19T10:26:01.517+0000] {serialized_objects.py:780} DEBUG - Cast type <class 'airflow.models.param.ParamsDict'> to str in serialization.
[2025-02-19T10:26:01.524+0000] {logging_mixin.py:190} INFO - [2025-02-19T10:26:01.523+0000] {serialized_dag.py:179} DEBUG - Serialized DAG (example_dag_decorator) is unchanged. Skipping writing to DB
[2025-02-19T10:26:01.524+0000] {logging_mixin.py:190} INFO - [2025-02-19T10:26:01.524+0000] {dag.py:3229} INFO - Sync 1 DAGs
[2025-02-19T10:26:01.539+0000] {logging_mixin.py:190} INFO - [2025-02-19T10:26:01.539+0000] {dag.py:4156} INFO - Setting next_dagrun for example_dag_decorator to None, run_after=None
[2025-02-19T10:26:01.560+0000] {processor.py:208} INFO - Processing /home/airflow/.local/lib/python3.12/site-packages/airflow/example_dags/example_dag_decorator.py took 0.106 seconds
[2025-02-19T10:26:32.104+0000] {logging_mixin.py:190} INFO - [2025-02-19T10:26:32.104+0000] {settings.py:475} DEBUG - Setting up DB connection pool (PID 494)
[2025-02-19T10:26:32.123+0000] {logging_mixin.py:190} INFO - [2025-02-19T10:26:32.123+0000] {settings.py:579} DEBUG - settings.prepare_engine_args(): Using pool settings. pool_size=5, max_overflow=10, pool_recycle=1800, pid=494
[2025-02-19T10:26:32.128+0000] {processor.py:186} INFO - Started process (PID=494) to work on /home/airflow/.local/lib/python3.12/site-packages/airflow/example_dags/example_dag_decorator.py
[2025-02-19T10:26:32.128+0000] {processor.py:914} INFO - Processing file /home/airflow/.local/lib/python3.12/site-packages/airflow/example_dags/example_dag_decorator.py for tasks to queue
[2025-02-19T10:26:32.129+0000] {logging_mixin.py:190} INFO - [2025-02-19T10:26:32.129+0000] {dagbag.py:587} INFO - Filling up the DagBag from /home/airflow/.local/lib/python3.12/site-packages/airflow/example_dags/example_dag_decorator.py
[2025-02-19T10:26:32.130+0000] {logging_mixin.py:190} INFO - [2025-02-19T10:26:32.130+0000] {dagbag.py:368} DEBUG - Importing /home/airflow/.local/lib/python3.12/site-packages/airflow/example_dags/example_dag_decorator.py
[2025-02-19T10:26:32.140+0000] {logging_mixin.py:190} INFO - [2025-02-19T10:26:32.139+0000] {dagbag.py:553} DEBUG - Loaded DAG <DAG: example_dag_decorator>
[2025-02-19T10:26:32.141+0000] {processor.py:925} INFO - DAG(s) 'example_dag_decorator' retrieved from /home/airflow/.local/lib/python3.12/site-packages/airflow/example_dags/example_dag_decorator.py
[2025-02-19T10:26:32.142+0000] {logging_mixin.py:190} INFO - [2025-02-19T10:26:32.141+0000] {dagbag.py:710} DEBUG - Running dagbag.sync_to_db with retries. Try 1 of 3
[2025-02-19T10:26:32.142+0000] {logging_mixin.py:190} INFO - [2025-02-19T10:26:32.142+0000] {dagbag.py:715} DEBUG - Calling the DAG.bulk_sync_to_db method
[2025-02-19T10:26:32.153+0000] {logging_mixin.py:190} INFO - [2025-02-19T10:26:32.152+0000] {serialized_dag.py:168} DEBUG - Checking if DAG (example_dag_decorator) changed
[2025-02-19T10:26:32.157+0000] {logging_mixin.py:190} INFO - [2025-02-19T10:26:32.157+0000] {serialized_objects.py:780} DEBUG - Cast type <class 'airflow.models.param.ParamsDict'> to str in serialization.
[2025-02-19T10:26:32.159+0000] {logging_mixin.py:190} INFO - [2025-02-19T10:26:32.159+0000] {serialized_objects.py:780} DEBUG - Cast type <class 'airflow.models.param.ParamsDict'> to str in serialization.
[2025-02-19T10:26:32.161+0000] {logging_mixin.py:190} INFO - [2025-02-19T10:26:32.160+0000] {serialized_objects.py:780} DEBUG - Cast type <class 'airflow.models.param.ParamsDict'> to str in serialization.
[2025-02-19T10:26:32.165+0000] {logging_mixin.py:190} INFO - [2025-02-19T10:26:32.165+0000] {serialized_dag.py:182} DEBUG - Writing Serialized DAG: example_dag_decorator to the DB
[2025-02-19T10:26:32.169+0000] {logging_mixin.py:190} INFO - [2025-02-19T10:26:32.169+0000] {serialized_dag.py:184} DEBUG - DAG: example_dag_decorator written to the DB
[2025-02-19T10:26:32.170+0000] {logging_mixin.py:190} INFO - [2025-02-19T10:26:32.169+0000] {dagbag.py:744} DEBUG - Syncing DAG permissions: example_dag_decorator to the DB
[2025-02-19T10:26:32.251+0000] {logging_mixin.py:190} INFO - [2025-02-19T10:26:32.250+0000] {override.py:1129} DEBUG - Not syncing DAG-level permissions for DAG 'example_dag_decorator' as access control is unset.
[2025-02-19T10:26:32.251+0000] {logging_mixin.py:190} INFO - [2025-02-19T10:26:32.251+0000] {dag.py:3229} INFO - Sync 1 DAGs
[2025-02-19T10:26:32.262+0000] {logging_mixin.py:190} INFO - [2025-02-19T10:26:32.262+0000] {dag.py:4156} INFO - Setting next_dagrun for example_dag_decorator to None, run_after=None
[2025-02-19T10:26:32.283+0000] {processor.py:208} INFO - Processing /home/airflow/.local/lib/python3.12/site-packages/airflow/example_dags/example_dag_decorator.py took 0.179 seconds
