[2025-02-19T09:38:31.735+0000] {processor.py:186} INFO - Started process (PID=119) to work on /home/airflow/.local/lib/python3.12/site-packages/airflow/example_dags/example_bash_decorator.py
[2025-02-19T09:38:31.735+0000] {processor.py:914} INFO - Processing file /home/airflow/.local/lib/python3.12/site-packages/airflow/example_dags/example_bash_decorator.py for tasks to queue
[2025-02-19T09:38:31.737+0000] {logging_mixin.py:190} INFO - [2025-02-19T09:38:31.737+0000] {dagbag.py:587} INFO - Filling up the DagBag from /home/airflow/.local/lib/python3.12/site-packages/airflow/example_dags/example_bash_decorator.py
[2025-02-19T09:38:31.751+0000] {processor.py:925} INFO - DAG(s) 'example_bash_decorator' retrieved from /home/airflow/.local/lib/python3.12/site-packages/airflow/example_dags/example_bash_decorator.py
[2025-02-19T09:38:31.853+0000] {logging_mixin.py:190} INFO - [2025-02-19T09:38:31.853+0000] {dag.py:3229} INFO - Sync 1 DAGs
[2025-02-19T09:38:31.865+0000] {logging_mixin.py:190} INFO - [2025-02-19T09:38:31.865+0000] {dag.py:4156} INFO - Setting next_dagrun for example_bash_decorator to None, run_after=None
[2025-02-19T09:38:31.887+0000] {processor.py:208} INFO - Processing /home/airflow/.local/lib/python3.12/site-packages/airflow/example_dags/example_bash_decorator.py took 0.156 seconds
[2025-02-19T09:39:02.583+0000] {processor.py:186} INFO - Started process (PID=188) to work on /home/airflow/.local/lib/python3.12/site-packages/airflow/example_dags/example_bash_decorator.py
[2025-02-19T09:39:02.584+0000] {processor.py:914} INFO - Processing file /home/airflow/.local/lib/python3.12/site-packages/airflow/example_dags/example_bash_decorator.py for tasks to queue
[2025-02-19T09:39:02.587+0000] {logging_mixin.py:190} INFO - [2025-02-19T09:39:02.586+0000] {dagbag.py:587} INFO - Filling up the DagBag from /home/airflow/.local/lib/python3.12/site-packages/airflow/example_dags/example_bash_decorator.py
[2025-02-19T09:39:02.600+0000] {processor.py:925} INFO - DAG(s) 'example_bash_decorator' retrieved from /home/airflow/.local/lib/python3.12/site-packages/airflow/example_dags/example_bash_decorator.py
[2025-02-19T09:39:02.622+0000] {logging_mixin.py:190} INFO - [2025-02-19T09:39:02.621+0000] {dag.py:3229} INFO - Sync 1 DAGs
[2025-02-19T09:39:02.634+0000] {logging_mixin.py:190} INFO - [2025-02-19T09:39:02.634+0000] {dag.py:4156} INFO - Setting next_dagrun for example_bash_decorator to None, run_after=None
[2025-02-19T09:39:02.651+0000] {processor.py:208} INFO - Processing /home/airflow/.local/lib/python3.12/site-packages/airflow/example_dags/example_bash_decorator.py took 0.073 seconds
[2025-02-19T09:39:32.835+0000] {processor.py:186} INFO - Started process (PID=252) to work on /home/airflow/.local/lib/python3.12/site-packages/airflow/example_dags/example_bash_decorator.py
[2025-02-19T09:39:32.836+0000] {processor.py:914} INFO - Processing file /home/airflow/.local/lib/python3.12/site-packages/airflow/example_dags/example_bash_decorator.py for tasks to queue
[2025-02-19T09:39:32.838+0000] {logging_mixin.py:190} INFO - [2025-02-19T09:39:32.837+0000] {dagbag.py:587} INFO - Filling up the DagBag from /home/airflow/.local/lib/python3.12/site-packages/airflow/example_dags/example_bash_decorator.py
[2025-02-19T09:39:32.849+0000] {processor.py:925} INFO - DAG(s) 'example_bash_decorator' retrieved from /home/airflow/.local/lib/python3.12/site-packages/airflow/example_dags/example_bash_decorator.py
[2025-02-19T09:39:32.869+0000] {logging_mixin.py:190} INFO - [2025-02-19T09:39:32.869+0000] {dag.py:3229} INFO - Sync 1 DAGs
[2025-02-19T09:39:32.880+0000] {logging_mixin.py:190} INFO - [2025-02-19T09:39:32.880+0000] {dag.py:4156} INFO - Setting next_dagrun for example_bash_decorator to None, run_after=None
[2025-02-19T09:39:32.894+0000] {processor.py:208} INFO - Processing /home/airflow/.local/lib/python3.12/site-packages/airflow/example_dags/example_bash_decorator.py took 0.064 seconds
[2025-02-19T09:40:03.025+0000] {processor.py:186} INFO - Started process (PID=315) to work on /home/airflow/.local/lib/python3.12/site-packages/airflow/example_dags/example_bash_decorator.py
[2025-02-19T09:40:03.026+0000] {processor.py:914} INFO - Processing file /home/airflow/.local/lib/python3.12/site-packages/airflow/example_dags/example_bash_decorator.py for tasks to queue
[2025-02-19T09:40:03.028+0000] {logging_mixin.py:190} INFO - [2025-02-19T09:40:03.028+0000] {dagbag.py:587} INFO - Filling up the DagBag from /home/airflow/.local/lib/python3.12/site-packages/airflow/example_dags/example_bash_decorator.py
[2025-02-19T09:40:03.039+0000] {processor.py:925} INFO - DAG(s) 'example_bash_decorator' retrieved from /home/airflow/.local/lib/python3.12/site-packages/airflow/example_dags/example_bash_decorator.py
[2025-02-19T09:40:03.060+0000] {logging_mixin.py:190} INFO - [2025-02-19T09:40:03.060+0000] {dag.py:3229} INFO - Sync 1 DAGs
[2025-02-19T09:40:03.071+0000] {logging_mixin.py:190} INFO - [2025-02-19T09:40:03.071+0000] {dag.py:4156} INFO - Setting next_dagrun for example_bash_decorator to None, run_after=None
[2025-02-19T09:40:03.085+0000] {processor.py:208} INFO - Processing /home/airflow/.local/lib/python3.12/site-packages/airflow/example_dags/example_bash_decorator.py took 0.065 seconds
[2025-02-19T09:40:33.371+0000] {processor.py:186} INFO - Started process (PID=380) to work on /home/airflow/.local/lib/python3.12/site-packages/airflow/example_dags/example_bash_decorator.py
[2025-02-19T09:40:33.372+0000] {processor.py:914} INFO - Processing file /home/airflow/.local/lib/python3.12/site-packages/airflow/example_dags/example_bash_decorator.py for tasks to queue
[2025-02-19T09:40:33.374+0000] {logging_mixin.py:190} INFO - [2025-02-19T09:40:33.374+0000] {dagbag.py:587} INFO - Filling up the DagBag from /home/airflow/.local/lib/python3.12/site-packages/airflow/example_dags/example_bash_decorator.py
[2025-02-19T09:40:33.386+0000] {processor.py:925} INFO - DAG(s) 'example_bash_decorator' retrieved from /home/airflow/.local/lib/python3.12/site-packages/airflow/example_dags/example_bash_decorator.py
[2025-02-19T09:40:33.406+0000] {logging_mixin.py:190} INFO - [2025-02-19T09:40:33.406+0000] {dag.py:3229} INFO - Sync 1 DAGs
[2025-02-19T09:40:33.418+0000] {logging_mixin.py:190} INFO - [2025-02-19T09:40:33.418+0000] {dag.py:4156} INFO - Setting next_dagrun for example_bash_decorator to None, run_after=None
[2025-02-19T09:40:33.433+0000] {processor.py:208} INFO - Processing /home/airflow/.local/lib/python3.12/site-packages/airflow/example_dags/example_bash_decorator.py took 0.066 seconds
[2025-02-19T09:41:03.477+0000] {processor.py:186} INFO - Started process (PID=443) to work on /home/airflow/.local/lib/python3.12/site-packages/airflow/example_dags/example_bash_decorator.py
[2025-02-19T09:41:03.478+0000] {processor.py:914} INFO - Processing file /home/airflow/.local/lib/python3.12/site-packages/airflow/example_dags/example_bash_decorator.py for tasks to queue
[2025-02-19T09:41:03.480+0000] {logging_mixin.py:190} INFO - [2025-02-19T09:41:03.480+0000] {dagbag.py:587} INFO - Filling up the DagBag from /home/airflow/.local/lib/python3.12/site-packages/airflow/example_dags/example_bash_decorator.py
[2025-02-19T09:41:03.490+0000] {processor.py:925} INFO - DAG(s) 'example_bash_decorator' retrieved from /home/airflow/.local/lib/python3.12/site-packages/airflow/example_dags/example_bash_decorator.py
[2025-02-19T09:41:03.508+0000] {logging_mixin.py:190} INFO - [2025-02-19T09:41:03.508+0000] {dag.py:3229} INFO - Sync 1 DAGs
[2025-02-19T09:41:03.519+0000] {logging_mixin.py:190} INFO - [2025-02-19T09:41:03.519+0000] {dag.py:4156} INFO - Setting next_dagrun for example_bash_decorator to None, run_after=None
[2025-02-19T09:41:03.531+0000] {processor.py:208} INFO - Processing /home/airflow/.local/lib/python3.12/site-packages/airflow/example_dags/example_bash_decorator.py took 0.058 seconds
[2025-02-19T09:41:33.868+0000] {processor.py:186} INFO - Started process (PID=508) to work on /home/airflow/.local/lib/python3.12/site-packages/airflow/example_dags/example_bash_decorator.py
[2025-02-19T09:41:33.869+0000] {processor.py:914} INFO - Processing file /home/airflow/.local/lib/python3.12/site-packages/airflow/example_dags/example_bash_decorator.py for tasks to queue
[2025-02-19T09:41:33.871+0000] {logging_mixin.py:190} INFO - [2025-02-19T09:41:33.871+0000] {dagbag.py:587} INFO - Filling up the DagBag from /home/airflow/.local/lib/python3.12/site-packages/airflow/example_dags/example_bash_decorator.py
[2025-02-19T09:41:33.883+0000] {processor.py:925} INFO - DAG(s) 'example_bash_decorator' retrieved from /home/airflow/.local/lib/python3.12/site-packages/airflow/example_dags/example_bash_decorator.py
[2025-02-19T09:41:33.902+0000] {logging_mixin.py:190} INFO - [2025-02-19T09:41:33.901+0000] {dag.py:3229} INFO - Sync 1 DAGs
[2025-02-19T09:41:33.913+0000] {logging_mixin.py:190} INFO - [2025-02-19T09:41:33.912+0000] {dag.py:4156} INFO - Setting next_dagrun for example_bash_decorator to None, run_after=None
[2025-02-19T09:41:33.929+0000] {processor.py:208} INFO - Processing /home/airflow/.local/lib/python3.12/site-packages/airflow/example_dags/example_bash_decorator.py took 0.065 seconds
[2025-02-19T09:42:04.862+0000] {processor.py:186} INFO - Started process (PID=572) to work on /home/airflow/.local/lib/python3.12/site-packages/airflow/example_dags/example_bash_decorator.py
[2025-02-19T09:42:04.864+0000] {processor.py:914} INFO - Processing file /home/airflow/.local/lib/python3.12/site-packages/airflow/example_dags/example_bash_decorator.py for tasks to queue
[2025-02-19T09:42:04.865+0000] {logging_mixin.py:190} INFO - [2025-02-19T09:42:04.865+0000] {dagbag.py:587} INFO - Filling up the DagBag from /home/airflow/.local/lib/python3.12/site-packages/airflow/example_dags/example_bash_decorator.py
[2025-02-19T09:42:04.877+0000] {processor.py:925} INFO - DAG(s) 'example_bash_decorator' retrieved from /home/airflow/.local/lib/python3.12/site-packages/airflow/example_dags/example_bash_decorator.py
[2025-02-19T09:42:04.896+0000] {logging_mixin.py:190} INFO - [2025-02-19T09:42:04.895+0000] {dag.py:3229} INFO - Sync 1 DAGs
[2025-02-19T09:42:04.907+0000] {logging_mixin.py:190} INFO - [2025-02-19T09:42:04.907+0000] {dag.py:4156} INFO - Setting next_dagrun for example_bash_decorator to None, run_after=None
[2025-02-19T09:42:04.921+0000] {processor.py:208} INFO - Processing /home/airflow/.local/lib/python3.12/site-packages/airflow/example_dags/example_bash_decorator.py took 0.064 seconds
[2025-02-19T09:42:35.163+0000] {processor.py:186} INFO - Started process (PID=635) to work on /home/airflow/.local/lib/python3.12/site-packages/airflow/example_dags/example_bash_decorator.py
[2025-02-19T09:42:35.164+0000] {processor.py:914} INFO - Processing file /home/airflow/.local/lib/python3.12/site-packages/airflow/example_dags/example_bash_decorator.py for tasks to queue
[2025-02-19T09:42:35.166+0000] {logging_mixin.py:190} INFO - [2025-02-19T09:42:35.166+0000] {dagbag.py:587} INFO - Filling up the DagBag from /home/airflow/.local/lib/python3.12/site-packages/airflow/example_dags/example_bash_decorator.py
[2025-02-19T09:42:35.177+0000] {processor.py:925} INFO - DAG(s) 'example_bash_decorator' retrieved from /home/airflow/.local/lib/python3.12/site-packages/airflow/example_dags/example_bash_decorator.py
[2025-02-19T09:42:35.196+0000] {logging_mixin.py:190} INFO - [2025-02-19T09:42:35.195+0000] {dag.py:3229} INFO - Sync 1 DAGs
[2025-02-19T09:42:35.207+0000] {logging_mixin.py:190} INFO - [2025-02-19T09:42:35.207+0000] {dag.py:4156} INFO - Setting next_dagrun for example_bash_decorator to None, run_after=None
[2025-02-19T09:42:35.221+0000] {processor.py:208} INFO - Processing /home/airflow/.local/lib/python3.12/site-packages/airflow/example_dags/example_bash_decorator.py took 0.062 seconds
[2025-02-19T09:43:06.447+0000] {processor.py:186} INFO - Started process (PID=700) to work on /home/airflow/.local/lib/python3.12/site-packages/airflow/example_dags/example_bash_decorator.py
[2025-02-19T09:43:06.448+0000] {processor.py:914} INFO - Processing file /home/airflow/.local/lib/python3.12/site-packages/airflow/example_dags/example_bash_decorator.py for tasks to queue
[2025-02-19T09:43:06.450+0000] {logging_mixin.py:190} INFO - [2025-02-19T09:43:06.450+0000] {dagbag.py:587} INFO - Filling up the DagBag from /home/airflow/.local/lib/python3.12/site-packages/airflow/example_dags/example_bash_decorator.py
[2025-02-19T09:43:06.464+0000] {processor.py:925} INFO - DAG(s) 'example_bash_decorator' retrieved from /home/airflow/.local/lib/python3.12/site-packages/airflow/example_dags/example_bash_decorator.py
[2025-02-19T09:43:06.487+0000] {logging_mixin.py:190} INFO - [2025-02-19T09:43:06.487+0000] {dag.py:3229} INFO - Sync 1 DAGs
[2025-02-19T09:43:06.501+0000] {logging_mixin.py:190} INFO - [2025-02-19T09:43:06.501+0000] {dag.py:4156} INFO - Setting next_dagrun for example_bash_decorator to None, run_after=None
[2025-02-19T09:43:06.522+0000] {processor.py:208} INFO - Processing /home/airflow/.local/lib/python3.12/site-packages/airflow/example_dags/example_bash_decorator.py took 0.079 seconds
[2025-02-19T09:43:36.700+0000] {processor.py:186} INFO - Started process (PID=764) to work on /home/airflow/.local/lib/python3.12/site-packages/airflow/example_dags/example_bash_decorator.py
[2025-02-19T09:43:36.702+0000] {processor.py:914} INFO - Processing file /home/airflow/.local/lib/python3.12/site-packages/airflow/example_dags/example_bash_decorator.py for tasks to queue
[2025-02-19T09:43:36.704+0000] {logging_mixin.py:190} INFO - [2025-02-19T09:43:36.703+0000] {dagbag.py:587} INFO - Filling up the DagBag from /home/airflow/.local/lib/python3.12/site-packages/airflow/example_dags/example_bash_decorator.py
[2025-02-19T09:43:36.715+0000] {processor.py:925} INFO - DAG(s) 'example_bash_decorator' retrieved from /home/airflow/.local/lib/python3.12/site-packages/airflow/example_dags/example_bash_decorator.py
[2025-02-19T09:43:36.736+0000] {logging_mixin.py:190} INFO - [2025-02-19T09:43:36.736+0000] {dag.py:3229} INFO - Sync 1 DAGs
[2025-02-19T09:43:36.747+0000] {logging_mixin.py:190} INFO - [2025-02-19T09:43:36.747+0000] {dag.py:4156} INFO - Setting next_dagrun for example_bash_decorator to None, run_after=None
[2025-02-19T09:43:36.763+0000] {processor.py:208} INFO - Processing /home/airflow/.local/lib/python3.12/site-packages/airflow/example_dags/example_bash_decorator.py took 0.067 seconds
[2025-02-19T09:44:06.945+0000] {processor.py:186} INFO - Started process (PID=828) to work on /home/airflow/.local/lib/python3.12/site-packages/airflow/example_dags/example_bash_decorator.py
[2025-02-19T09:44:06.946+0000] {processor.py:914} INFO - Processing file /home/airflow/.local/lib/python3.12/site-packages/airflow/example_dags/example_bash_decorator.py for tasks to queue
[2025-02-19T09:44:06.948+0000] {logging_mixin.py:190} INFO - [2025-02-19T09:44:06.948+0000] {dagbag.py:587} INFO - Filling up the DagBag from /home/airflow/.local/lib/python3.12/site-packages/airflow/example_dags/example_bash_decorator.py
[2025-02-19T09:44:06.959+0000] {processor.py:925} INFO - DAG(s) 'example_bash_decorator' retrieved from /home/airflow/.local/lib/python3.12/site-packages/airflow/example_dags/example_bash_decorator.py
[2025-02-19T09:44:06.977+0000] {logging_mixin.py:190} INFO - [2025-02-19T09:44:06.977+0000] {dag.py:3229} INFO - Sync 1 DAGs
[2025-02-19T09:44:06.988+0000] {logging_mixin.py:190} INFO - [2025-02-19T09:44:06.988+0000] {dag.py:4156} INFO - Setting next_dagrun for example_bash_decorator to None, run_after=None
[2025-02-19T09:44:07.001+0000] {processor.py:208} INFO - Processing /home/airflow/.local/lib/python3.12/site-packages/airflow/example_dags/example_bash_decorator.py took 0.060 seconds
[2025-02-19T09:44:37.978+0000] {processor.py:186} INFO - Started process (PID=892) to work on /home/airflow/.local/lib/python3.12/site-packages/airflow/example_dags/example_bash_decorator.py
[2025-02-19T09:44:37.980+0000] {processor.py:914} INFO - Processing file /home/airflow/.local/lib/python3.12/site-packages/airflow/example_dags/example_bash_decorator.py for tasks to queue
[2025-02-19T09:44:37.981+0000] {logging_mixin.py:190} INFO - [2025-02-19T09:44:37.981+0000] {dagbag.py:587} INFO - Filling up the DagBag from /home/airflow/.local/lib/python3.12/site-packages/airflow/example_dags/example_bash_decorator.py
[2025-02-19T09:44:37.993+0000] {processor.py:925} INFO - DAG(s) 'example_bash_decorator' retrieved from /home/airflow/.local/lib/python3.12/site-packages/airflow/example_dags/example_bash_decorator.py
[2025-02-19T09:44:38.013+0000] {logging_mixin.py:190} INFO - [2025-02-19T09:44:38.013+0000] {dag.py:3229} INFO - Sync 1 DAGs
[2025-02-19T09:44:38.024+0000] {logging_mixin.py:190} INFO - [2025-02-19T09:44:38.023+0000] {dag.py:4156} INFO - Setting next_dagrun for example_bash_decorator to None, run_after=None
[2025-02-19T09:44:38.042+0000] {processor.py:208} INFO - Processing /home/airflow/.local/lib/python3.12/site-packages/airflow/example_dags/example_bash_decorator.py took 0.068 seconds
[2025-02-19T09:45:08.302+0000] {processor.py:186} INFO - Started process (PID=956) to work on /home/airflow/.local/lib/python3.12/site-packages/airflow/example_dags/example_bash_decorator.py
[2025-02-19T09:45:08.304+0000] {processor.py:914} INFO - Processing file /home/airflow/.local/lib/python3.12/site-packages/airflow/example_dags/example_bash_decorator.py for tasks to queue
[2025-02-19T09:45:08.305+0000] {logging_mixin.py:190} INFO - [2025-02-19T09:45:08.305+0000] {dagbag.py:587} INFO - Filling up the DagBag from /home/airflow/.local/lib/python3.12/site-packages/airflow/example_dags/example_bash_decorator.py
[2025-02-19T09:45:08.317+0000] {processor.py:925} INFO - DAG(s) 'example_bash_decorator' retrieved from /home/airflow/.local/lib/python3.12/site-packages/airflow/example_dags/example_bash_decorator.py
[2025-02-19T09:45:08.336+0000] {logging_mixin.py:190} INFO - [2025-02-19T09:45:08.336+0000] {dag.py:3229} INFO - Sync 1 DAGs
[2025-02-19T09:45:08.348+0000] {logging_mixin.py:190} INFO - [2025-02-19T09:45:08.348+0000] {dag.py:4156} INFO - Setting next_dagrun for example_bash_decorator to None, run_after=None
[2025-02-19T09:45:08.363+0000] {processor.py:208} INFO - Processing /home/airflow/.local/lib/python3.12/site-packages/airflow/example_dags/example_bash_decorator.py took 0.065 seconds
[2025-02-19T09:45:39.540+0000] {processor.py:186} INFO - Started process (PID=1020) to work on /home/airflow/.local/lib/python3.12/site-packages/airflow/example_dags/example_bash_decorator.py
[2025-02-19T09:45:39.542+0000] {processor.py:914} INFO - Processing file /home/airflow/.local/lib/python3.12/site-packages/airflow/example_dags/example_bash_decorator.py for tasks to queue
[2025-02-19T09:45:39.544+0000] {logging_mixin.py:190} INFO - [2025-02-19T09:45:39.544+0000] {dagbag.py:587} INFO - Filling up the DagBag from /home/airflow/.local/lib/python3.12/site-packages/airflow/example_dags/example_bash_decorator.py
[2025-02-19T09:45:39.556+0000] {processor.py:925} INFO - DAG(s) 'example_bash_decorator' retrieved from /home/airflow/.local/lib/python3.12/site-packages/airflow/example_dags/example_bash_decorator.py
[2025-02-19T09:45:39.581+0000] {logging_mixin.py:190} INFO - [2025-02-19T09:45:39.581+0000] {dag.py:3229} INFO - Sync 1 DAGs
[2025-02-19T09:45:39.594+0000] {logging_mixin.py:190} INFO - [2025-02-19T09:45:39.593+0000] {dag.py:4156} INFO - Setting next_dagrun for example_bash_decorator to None, run_after=None
[2025-02-19T09:45:39.614+0000] {processor.py:208} INFO - Processing /home/airflow/.local/lib/python3.12/site-packages/airflow/example_dags/example_bash_decorator.py took 0.078 seconds
[2025-02-19T09:46:10.472+0000] {processor.py:186} INFO - Started process (PID=1084) to work on /home/airflow/.local/lib/python3.12/site-packages/airflow/example_dags/example_bash_decorator.py
[2025-02-19T09:46:10.473+0000] {processor.py:914} INFO - Processing file /home/airflow/.local/lib/python3.12/site-packages/airflow/example_dags/example_bash_decorator.py for tasks to queue
[2025-02-19T09:46:10.475+0000] {logging_mixin.py:190} INFO - [2025-02-19T09:46:10.475+0000] {dagbag.py:587} INFO - Filling up the DagBag from /home/airflow/.local/lib/python3.12/site-packages/airflow/example_dags/example_bash_decorator.py
[2025-02-19T09:46:10.486+0000] {processor.py:925} INFO - DAG(s) 'example_bash_decorator' retrieved from /home/airflow/.local/lib/python3.12/site-packages/airflow/example_dags/example_bash_decorator.py
[2025-02-19T09:46:10.506+0000] {logging_mixin.py:190} INFO - [2025-02-19T09:46:10.505+0000] {dag.py:3229} INFO - Sync 1 DAGs
[2025-02-19T09:46:10.517+0000] {logging_mixin.py:190} INFO - [2025-02-19T09:46:10.516+0000] {dag.py:4156} INFO - Setting next_dagrun for example_bash_decorator to None, run_after=None
[2025-02-19T09:46:10.531+0000] {processor.py:208} INFO - Processing /home/airflow/.local/lib/python3.12/site-packages/airflow/example_dags/example_bash_decorator.py took 0.063 seconds
[2025-02-19T09:46:41.396+0000] {processor.py:186} INFO - Started process (PID=1148) to work on /home/airflow/.local/lib/python3.12/site-packages/airflow/example_dags/example_bash_decorator.py
[2025-02-19T09:46:41.398+0000] {processor.py:914} INFO - Processing file /home/airflow/.local/lib/python3.12/site-packages/airflow/example_dags/example_bash_decorator.py for tasks to queue
[2025-02-19T09:46:41.399+0000] {logging_mixin.py:190} INFO - [2025-02-19T09:46:41.399+0000] {dagbag.py:587} INFO - Filling up the DagBag from /home/airflow/.local/lib/python3.12/site-packages/airflow/example_dags/example_bash_decorator.py
[2025-02-19T09:46:41.410+0000] {processor.py:925} INFO - DAG(s) 'example_bash_decorator' retrieved from /home/airflow/.local/lib/python3.12/site-packages/airflow/example_dags/example_bash_decorator.py
[2025-02-19T09:46:41.428+0000] {logging_mixin.py:190} INFO - [2025-02-19T09:46:41.428+0000] {dag.py:3229} INFO - Sync 1 DAGs
[2025-02-19T09:46:41.439+0000] {logging_mixin.py:190} INFO - [2025-02-19T09:46:41.439+0000] {dag.py:4156} INFO - Setting next_dagrun for example_bash_decorator to None, run_after=None
[2025-02-19T09:46:41.454+0000] {processor.py:208} INFO - Processing /home/airflow/.local/lib/python3.12/site-packages/airflow/example_dags/example_bash_decorator.py took 0.062 seconds
[2025-02-19T09:47:12.612+0000] {processor.py:186} INFO - Started process (PID=1212) to work on /home/airflow/.local/lib/python3.12/site-packages/airflow/example_dags/example_bash_decorator.py
[2025-02-19T09:47:12.614+0000] {processor.py:914} INFO - Processing file /home/airflow/.local/lib/python3.12/site-packages/airflow/example_dags/example_bash_decorator.py for tasks to queue
[2025-02-19T09:47:12.616+0000] {logging_mixin.py:190} INFO - [2025-02-19T09:47:12.616+0000] {dagbag.py:587} INFO - Filling up the DagBag from /home/airflow/.local/lib/python3.12/site-packages/airflow/example_dags/example_bash_decorator.py
[2025-02-19T09:47:12.630+0000] {processor.py:925} INFO - DAG(s) 'example_bash_decorator' retrieved from /home/airflow/.local/lib/python3.12/site-packages/airflow/example_dags/example_bash_decorator.py
[2025-02-19T09:47:12.651+0000] {logging_mixin.py:190} INFO - [2025-02-19T09:47:12.651+0000] {dag.py:3229} INFO - Sync 1 DAGs
[2025-02-19T09:47:12.665+0000] {logging_mixin.py:190} INFO - [2025-02-19T09:47:12.664+0000] {dag.py:4156} INFO - Setting next_dagrun for example_bash_decorator to None, run_after=None
[2025-02-19T09:47:12.684+0000] {processor.py:208} INFO - Processing /home/airflow/.local/lib/python3.12/site-packages/airflow/example_dags/example_bash_decorator.py took 0.076 seconds
[2025-02-19T09:47:43.047+0000] {processor.py:186} INFO - Started process (PID=1276) to work on /home/airflow/.local/lib/python3.12/site-packages/airflow/example_dags/example_bash_decorator.py
[2025-02-19T09:47:43.049+0000] {processor.py:914} INFO - Processing file /home/airflow/.local/lib/python3.12/site-packages/airflow/example_dags/example_bash_decorator.py for tasks to queue
[2025-02-19T09:47:43.050+0000] {logging_mixin.py:190} INFO - [2025-02-19T09:47:43.050+0000] {dagbag.py:587} INFO - Filling up the DagBag from /home/airflow/.local/lib/python3.12/site-packages/airflow/example_dags/example_bash_decorator.py
[2025-02-19T09:47:43.065+0000] {processor.py:925} INFO - DAG(s) 'example_bash_decorator' retrieved from /home/airflow/.local/lib/python3.12/site-packages/airflow/example_dags/example_bash_decorator.py
[2025-02-19T09:47:43.086+0000] {logging_mixin.py:190} INFO - [2025-02-19T09:47:43.086+0000] {dag.py:3229} INFO - Sync 1 DAGs
[2025-02-19T09:47:43.098+0000] {logging_mixin.py:190} INFO - [2025-02-19T09:47:43.098+0000] {dag.py:4156} INFO - Setting next_dagrun for example_bash_decorator to None, run_after=None
[2025-02-19T09:47:43.115+0000] {processor.py:208} INFO - Processing /home/airflow/.local/lib/python3.12/site-packages/airflow/example_dags/example_bash_decorator.py took 0.072 seconds
[2025-02-19T09:48:13.185+0000] {processor.py:186} INFO - Started process (PID=1341) to work on /home/airflow/.local/lib/python3.12/site-packages/airflow/example_dags/example_bash_decorator.py
[2025-02-19T09:48:13.187+0000] {processor.py:914} INFO - Processing file /home/airflow/.local/lib/python3.12/site-packages/airflow/example_dags/example_bash_decorator.py for tasks to queue
[2025-02-19T09:48:13.188+0000] {logging_mixin.py:190} INFO - [2025-02-19T09:48:13.188+0000] {dagbag.py:587} INFO - Filling up the DagBag from /home/airflow/.local/lib/python3.12/site-packages/airflow/example_dags/example_bash_decorator.py
[2025-02-19T09:48:13.200+0000] {processor.py:925} INFO - DAG(s) 'example_bash_decorator' retrieved from /home/airflow/.local/lib/python3.12/site-packages/airflow/example_dags/example_bash_decorator.py
[2025-02-19T09:48:13.220+0000] {logging_mixin.py:190} INFO - [2025-02-19T09:48:13.220+0000] {dag.py:3229} INFO - Sync 1 DAGs
[2025-02-19T09:48:13.230+0000] {logging_mixin.py:190} INFO - [2025-02-19T09:48:13.230+0000] {dag.py:4156} INFO - Setting next_dagrun for example_bash_decorator to None, run_after=None
[2025-02-19T09:48:13.246+0000] {processor.py:208} INFO - Processing /home/airflow/.local/lib/python3.12/site-packages/airflow/example_dags/example_bash_decorator.py took 0.065 seconds
[2025-02-19T09:48:44.247+0000] {processor.py:186} INFO - Started process (PID=1405) to work on /home/airflow/.local/lib/python3.12/site-packages/airflow/example_dags/example_bash_decorator.py
[2025-02-19T09:48:44.248+0000] {processor.py:914} INFO - Processing file /home/airflow/.local/lib/python3.12/site-packages/airflow/example_dags/example_bash_decorator.py for tasks to queue
[2025-02-19T09:48:44.250+0000] {logging_mixin.py:190} INFO - [2025-02-19T09:48:44.250+0000] {dagbag.py:587} INFO - Filling up the DagBag from /home/airflow/.local/lib/python3.12/site-packages/airflow/example_dags/example_bash_decorator.py
[2025-02-19T09:48:44.261+0000] {processor.py:925} INFO - DAG(s) 'example_bash_decorator' retrieved from /home/airflow/.local/lib/python3.12/site-packages/airflow/example_dags/example_bash_decorator.py
[2025-02-19T09:48:44.279+0000] {logging_mixin.py:190} INFO - [2025-02-19T09:48:44.279+0000] {dag.py:3229} INFO - Sync 1 DAGs
[2025-02-19T09:48:44.289+0000] {logging_mixin.py:190} INFO - [2025-02-19T09:48:44.289+0000] {dag.py:4156} INFO - Setting next_dagrun for example_bash_decorator to None, run_after=None
[2025-02-19T09:48:44.304+0000] {processor.py:208} INFO - Processing /home/airflow/.local/lib/python3.12/site-packages/airflow/example_dags/example_bash_decorator.py took 0.060 seconds
[2025-02-19T09:49:15.230+0000] {processor.py:186} INFO - Started process (PID=1469) to work on /home/airflow/.local/lib/python3.12/site-packages/airflow/example_dags/example_bash_decorator.py
[2025-02-19T09:49:15.231+0000] {processor.py:914} INFO - Processing file /home/airflow/.local/lib/python3.12/site-packages/airflow/example_dags/example_bash_decorator.py for tasks to queue
[2025-02-19T09:49:15.233+0000] {logging_mixin.py:190} INFO - [2025-02-19T09:49:15.233+0000] {dagbag.py:587} INFO - Filling up the DagBag from /home/airflow/.local/lib/python3.12/site-packages/airflow/example_dags/example_bash_decorator.py
[2025-02-19T09:49:15.244+0000] {processor.py:925} INFO - DAG(s) 'example_bash_decorator' retrieved from /home/airflow/.local/lib/python3.12/site-packages/airflow/example_dags/example_bash_decorator.py
[2025-02-19T09:49:15.262+0000] {logging_mixin.py:190} INFO - [2025-02-19T09:49:15.261+0000] {dag.py:3229} INFO - Sync 1 DAGs
[2025-02-19T09:49:15.273+0000] {logging_mixin.py:190} INFO - [2025-02-19T09:49:15.273+0000] {dag.py:4156} INFO - Setting next_dagrun for example_bash_decorator to None, run_after=None
[2025-02-19T09:49:15.288+0000] {processor.py:208} INFO - Processing /home/airflow/.local/lib/python3.12/site-packages/airflow/example_dags/example_bash_decorator.py took 0.063 seconds
[2025-02-19T09:49:46.207+0000] {processor.py:186} INFO - Started process (PID=1533) to work on /home/airflow/.local/lib/python3.12/site-packages/airflow/example_dags/example_bash_decorator.py
[2025-02-19T09:49:46.209+0000] {processor.py:914} INFO - Processing file /home/airflow/.local/lib/python3.12/site-packages/airflow/example_dags/example_bash_decorator.py for tasks to queue
[2025-02-19T09:49:46.210+0000] {logging_mixin.py:190} INFO - [2025-02-19T09:49:46.210+0000] {dagbag.py:587} INFO - Filling up the DagBag from /home/airflow/.local/lib/python3.12/site-packages/airflow/example_dags/example_bash_decorator.py
[2025-02-19T09:49:46.221+0000] {processor.py:925} INFO - DAG(s) 'example_bash_decorator' retrieved from /home/airflow/.local/lib/python3.12/site-packages/airflow/example_dags/example_bash_decorator.py
[2025-02-19T09:49:46.239+0000] {logging_mixin.py:190} INFO - [2025-02-19T09:49:46.239+0000] {dag.py:3229} INFO - Sync 1 DAGs
[2025-02-19T09:49:46.250+0000] {logging_mixin.py:190} INFO - [2025-02-19T09:49:46.249+0000] {dag.py:4156} INFO - Setting next_dagrun for example_bash_decorator to None, run_after=None
[2025-02-19T09:49:46.266+0000] {processor.py:208} INFO - Processing /home/airflow/.local/lib/python3.12/site-packages/airflow/example_dags/example_bash_decorator.py took 0.062 seconds
[2025-02-19T09:50:16.670+0000] {processor.py:186} INFO - Started process (PID=1597) to work on /home/airflow/.local/lib/python3.12/site-packages/airflow/example_dags/example_bash_decorator.py
[2025-02-19T09:50:16.671+0000] {processor.py:914} INFO - Processing file /home/airflow/.local/lib/python3.12/site-packages/airflow/example_dags/example_bash_decorator.py for tasks to queue
[2025-02-19T09:50:16.673+0000] {logging_mixin.py:190} INFO - [2025-02-19T09:50:16.673+0000] {dagbag.py:587} INFO - Filling up the DagBag from /home/airflow/.local/lib/python3.12/site-packages/airflow/example_dags/example_bash_decorator.py
[2025-02-19T09:50:16.684+0000] {processor.py:925} INFO - DAG(s) 'example_bash_decorator' retrieved from /home/airflow/.local/lib/python3.12/site-packages/airflow/example_dags/example_bash_decorator.py
[2025-02-19T09:50:16.704+0000] {logging_mixin.py:190} INFO - [2025-02-19T09:50:16.704+0000] {dag.py:3229} INFO - Sync 1 DAGs
[2025-02-19T09:50:16.715+0000] {logging_mixin.py:190} INFO - [2025-02-19T09:50:16.715+0000] {dag.py:4156} INFO - Setting next_dagrun for example_bash_decorator to None, run_after=None
[2025-02-19T09:50:16.732+0000] {processor.py:208} INFO - Processing /home/airflow/.local/lib/python3.12/site-packages/airflow/example_dags/example_bash_decorator.py took 0.067 seconds
[2025-02-19T09:50:47.293+0000] {processor.py:186} INFO - Started process (PID=1661) to work on /home/airflow/.local/lib/python3.12/site-packages/airflow/example_dags/example_bash_decorator.py
[2025-02-19T09:50:47.294+0000] {processor.py:914} INFO - Processing file /home/airflow/.local/lib/python3.12/site-packages/airflow/example_dags/example_bash_decorator.py for tasks to queue
[2025-02-19T09:50:47.296+0000] {logging_mixin.py:190} INFO - [2025-02-19T09:50:47.295+0000] {dagbag.py:587} INFO - Filling up the DagBag from /home/airflow/.local/lib/python3.12/site-packages/airflow/example_dags/example_bash_decorator.py
[2025-02-19T09:50:47.309+0000] {processor.py:925} INFO - DAG(s) 'example_bash_decorator' retrieved from /home/airflow/.local/lib/python3.12/site-packages/airflow/example_dags/example_bash_decorator.py
[2025-02-19T09:50:47.332+0000] {logging_mixin.py:190} INFO - [2025-02-19T09:50:47.332+0000] {dag.py:3229} INFO - Sync 1 DAGs
[2025-02-19T09:50:47.343+0000] {logging_mixin.py:190} INFO - [2025-02-19T09:50:47.343+0000] {dag.py:4156} INFO - Setting next_dagrun for example_bash_decorator to None, run_after=None
[2025-02-19T09:50:47.357+0000] {processor.py:208} INFO - Processing /home/airflow/.local/lib/python3.12/site-packages/airflow/example_dags/example_bash_decorator.py took 0.069 seconds
[2025-02-19T09:51:17.480+0000] {processor.py:186} INFO - Started process (PID=1725) to work on /home/airflow/.local/lib/python3.12/site-packages/airflow/example_dags/example_bash_decorator.py
[2025-02-19T09:51:17.481+0000] {processor.py:914} INFO - Processing file /home/airflow/.local/lib/python3.12/site-packages/airflow/example_dags/example_bash_decorator.py for tasks to queue
[2025-02-19T09:51:17.483+0000] {logging_mixin.py:190} INFO - [2025-02-19T09:51:17.483+0000] {dagbag.py:587} INFO - Filling up the DagBag from /home/airflow/.local/lib/python3.12/site-packages/airflow/example_dags/example_bash_decorator.py
[2025-02-19T09:51:17.496+0000] {processor.py:925} INFO - DAG(s) 'example_bash_decorator' retrieved from /home/airflow/.local/lib/python3.12/site-packages/airflow/example_dags/example_bash_decorator.py
[2025-02-19T09:51:17.516+0000] {logging_mixin.py:190} INFO - [2025-02-19T09:51:17.516+0000] {dag.py:3229} INFO - Sync 1 DAGs
[2025-02-19T09:51:17.528+0000] {logging_mixin.py:190} INFO - [2025-02-19T09:51:17.528+0000] {dag.py:4156} INFO - Setting next_dagrun for example_bash_decorator to None, run_after=None
[2025-02-19T09:51:17.545+0000] {processor.py:208} INFO - Processing /home/airflow/.local/lib/python3.12/site-packages/airflow/example_dags/example_bash_decorator.py took 0.070 seconds
[2025-02-19T09:51:47.601+0000] {processor.py:186} INFO - Started process (PID=1788) to work on /home/airflow/.local/lib/python3.12/site-packages/airflow/example_dags/example_bash_decorator.py
[2025-02-19T09:51:47.602+0000] {processor.py:914} INFO - Processing file /home/airflow/.local/lib/python3.12/site-packages/airflow/example_dags/example_bash_decorator.py for tasks to queue
[2025-02-19T09:51:47.604+0000] {logging_mixin.py:190} INFO - [2025-02-19T09:51:47.603+0000] {dagbag.py:587} INFO - Filling up the DagBag from /home/airflow/.local/lib/python3.12/site-packages/airflow/example_dags/example_bash_decorator.py
[2025-02-19T09:51:47.617+0000] {processor.py:925} INFO - DAG(s) 'example_bash_decorator' retrieved from /home/airflow/.local/lib/python3.12/site-packages/airflow/example_dags/example_bash_decorator.py
[2025-02-19T09:51:47.637+0000] {logging_mixin.py:190} INFO - [2025-02-19T09:51:47.637+0000] {dag.py:3229} INFO - Sync 1 DAGs
[2025-02-19T09:51:47.650+0000] {logging_mixin.py:190} INFO - [2025-02-19T09:51:47.650+0000] {dag.py:4156} INFO - Setting next_dagrun for example_bash_decorator to None, run_after=None
[2025-02-19T09:51:47.669+0000] {processor.py:208} INFO - Processing /home/airflow/.local/lib/python3.12/site-packages/airflow/example_dags/example_bash_decorator.py took 0.073 seconds
[2025-02-19T09:52:18.052+0000] {processor.py:186} INFO - Started process (PID=1853) to work on /home/airflow/.local/lib/python3.12/site-packages/airflow/example_dags/example_bash_decorator.py
[2025-02-19T09:52:18.053+0000] {processor.py:914} INFO - Processing file /home/airflow/.local/lib/python3.12/site-packages/airflow/example_dags/example_bash_decorator.py for tasks to queue
[2025-02-19T09:52:18.055+0000] {logging_mixin.py:190} INFO - [2025-02-19T09:52:18.055+0000] {dagbag.py:587} INFO - Filling up the DagBag from /home/airflow/.local/lib/python3.12/site-packages/airflow/example_dags/example_bash_decorator.py
[2025-02-19T09:52:18.066+0000] {processor.py:925} INFO - DAG(s) 'example_bash_decorator' retrieved from /home/airflow/.local/lib/python3.12/site-packages/airflow/example_dags/example_bash_decorator.py
[2025-02-19T09:52:18.085+0000] {logging_mixin.py:190} INFO - [2025-02-19T09:52:18.085+0000] {dag.py:3229} INFO - Sync 1 DAGs
[2025-02-19T09:52:18.095+0000] {logging_mixin.py:190} INFO - [2025-02-19T09:52:18.095+0000] {dag.py:4156} INFO - Setting next_dagrun for example_bash_decorator to None, run_after=None
[2025-02-19T09:52:18.112+0000] {processor.py:208} INFO - Processing /home/airflow/.local/lib/python3.12/site-packages/airflow/example_dags/example_bash_decorator.py took 0.064 seconds
[2025-02-19T09:52:48.312+0000] {processor.py:186} INFO - Started process (PID=1917) to work on /home/airflow/.local/lib/python3.12/site-packages/airflow/example_dags/example_bash_decorator.py
[2025-02-19T09:52:48.313+0000] {processor.py:914} INFO - Processing file /home/airflow/.local/lib/python3.12/site-packages/airflow/example_dags/example_bash_decorator.py for tasks to queue
[2025-02-19T09:52:48.315+0000] {logging_mixin.py:190} INFO - [2025-02-19T09:52:48.315+0000] {dagbag.py:587} INFO - Filling up the DagBag from /home/airflow/.local/lib/python3.12/site-packages/airflow/example_dags/example_bash_decorator.py
[2025-02-19T09:52:48.328+0000] {processor.py:925} INFO - DAG(s) 'example_bash_decorator' retrieved from /home/airflow/.local/lib/python3.12/site-packages/airflow/example_dags/example_bash_decorator.py
[2025-02-19T09:52:48.349+0000] {logging_mixin.py:190} INFO - [2025-02-19T09:52:48.349+0000] {dag.py:3229} INFO - Sync 1 DAGs
[2025-02-19T09:52:48.362+0000] {logging_mixin.py:190} INFO - [2025-02-19T09:52:48.362+0000] {dag.py:4156} INFO - Setting next_dagrun for example_bash_decorator to None, run_after=None
[2025-02-19T09:52:48.379+0000] {processor.py:208} INFO - Processing /home/airflow/.local/lib/python3.12/site-packages/airflow/example_dags/example_bash_decorator.py took 0.071 seconds
[2025-02-19T09:53:18.799+0000] {processor.py:186} INFO - Started process (PID=1981) to work on /home/airflow/.local/lib/python3.12/site-packages/airflow/example_dags/example_bash_decorator.py
[2025-02-19T09:53:18.800+0000] {processor.py:914} INFO - Processing file /home/airflow/.local/lib/python3.12/site-packages/airflow/example_dags/example_bash_decorator.py for tasks to queue
[2025-02-19T09:53:18.802+0000] {logging_mixin.py:190} INFO - [2025-02-19T09:53:18.801+0000] {dagbag.py:587} INFO - Filling up the DagBag from /home/airflow/.local/lib/python3.12/site-packages/airflow/example_dags/example_bash_decorator.py
[2025-02-19T09:53:18.815+0000] {processor.py:925} INFO - DAG(s) 'example_bash_decorator' retrieved from /home/airflow/.local/lib/python3.12/site-packages/airflow/example_dags/example_bash_decorator.py
[2025-02-19T09:53:18.838+0000] {logging_mixin.py:190} INFO - [2025-02-19T09:53:18.838+0000] {dag.py:3229} INFO - Sync 1 DAGs
[2025-02-19T09:53:18.851+0000] {logging_mixin.py:190} INFO - [2025-02-19T09:53:18.851+0000] {dag.py:4156} INFO - Setting next_dagrun for example_bash_decorator to None, run_after=None
[2025-02-19T09:53:18.871+0000] {processor.py:208} INFO - Processing /home/airflow/.local/lib/python3.12/site-packages/airflow/example_dags/example_bash_decorator.py took 0.077 seconds
[2025-02-19T09:53:49.783+0000] {processor.py:186} INFO - Started process (PID=2045) to work on /home/airflow/.local/lib/python3.12/site-packages/airflow/example_dags/example_bash_decorator.py
[2025-02-19T09:53:49.785+0000] {processor.py:914} INFO - Processing file /home/airflow/.local/lib/python3.12/site-packages/airflow/example_dags/example_bash_decorator.py for tasks to queue
[2025-02-19T09:53:49.786+0000] {logging_mixin.py:190} INFO - [2025-02-19T09:53:49.786+0000] {dagbag.py:587} INFO - Filling up the DagBag from /home/airflow/.local/lib/python3.12/site-packages/airflow/example_dags/example_bash_decorator.py
[2025-02-19T09:53:49.798+0000] {processor.py:925} INFO - DAG(s) 'example_bash_decorator' retrieved from /home/airflow/.local/lib/python3.12/site-packages/airflow/example_dags/example_bash_decorator.py
[2025-02-19T09:53:49.818+0000] {logging_mixin.py:190} INFO - [2025-02-19T09:53:49.818+0000] {dag.py:3229} INFO - Sync 1 DAGs
[2025-02-19T09:53:49.830+0000] {logging_mixin.py:190} INFO - [2025-02-19T09:53:49.830+0000] {dag.py:4156} INFO - Setting next_dagrun for example_bash_decorator to None, run_after=None
[2025-02-19T09:53:49.846+0000] {processor.py:208} INFO - Processing /home/airflow/.local/lib/python3.12/site-packages/airflow/example_dags/example_bash_decorator.py took 0.067 seconds
[2025-02-19T09:54:20.336+0000] {processor.py:186} INFO - Started process (PID=2109) to work on /home/airflow/.local/lib/python3.12/site-packages/airflow/example_dags/example_bash_decorator.py
[2025-02-19T09:54:20.337+0000] {processor.py:914} INFO - Processing file /home/airflow/.local/lib/python3.12/site-packages/airflow/example_dags/example_bash_decorator.py for tasks to queue
[2025-02-19T09:54:20.339+0000] {logging_mixin.py:190} INFO - [2025-02-19T09:54:20.339+0000] {dagbag.py:587} INFO - Filling up the DagBag from /home/airflow/.local/lib/python3.12/site-packages/airflow/example_dags/example_bash_decorator.py
[2025-02-19T09:54:20.352+0000] {processor.py:925} INFO - DAG(s) 'example_bash_decorator' retrieved from /home/airflow/.local/lib/python3.12/site-packages/airflow/example_dags/example_bash_decorator.py
[2025-02-19T09:54:20.371+0000] {logging_mixin.py:190} INFO - [2025-02-19T09:54:20.371+0000] {dag.py:3229} INFO - Sync 1 DAGs
[2025-02-19T09:54:20.383+0000] {logging_mixin.py:190} INFO - [2025-02-19T09:54:20.383+0000] {dag.py:4156} INFO - Setting next_dagrun for example_bash_decorator to None, run_after=None
[2025-02-19T09:54:20.399+0000] {processor.py:208} INFO - Processing /home/airflow/.local/lib/python3.12/site-packages/airflow/example_dags/example_bash_decorator.py took 0.067 seconds
[2025-02-19T09:54:50.487+0000] {processor.py:186} INFO - Started process (PID=2172) to work on /home/airflow/.local/lib/python3.12/site-packages/airflow/example_dags/example_bash_decorator.py
[2025-02-19T09:54:50.488+0000] {processor.py:914} INFO - Processing file /home/airflow/.local/lib/python3.12/site-packages/airflow/example_dags/example_bash_decorator.py for tasks to queue
[2025-02-19T09:54:50.490+0000] {logging_mixin.py:190} INFO - [2025-02-19T09:54:50.490+0000] {dagbag.py:587} INFO - Filling up the DagBag from /home/airflow/.local/lib/python3.12/site-packages/airflow/example_dags/example_bash_decorator.py
[2025-02-19T09:54:50.503+0000] {processor.py:925} INFO - DAG(s) 'example_bash_decorator' retrieved from /home/airflow/.local/lib/python3.12/site-packages/airflow/example_dags/example_bash_decorator.py
[2025-02-19T09:54:50.524+0000] {logging_mixin.py:190} INFO - [2025-02-19T09:54:50.524+0000] {dag.py:3229} INFO - Sync 1 DAGs
[2025-02-19T09:54:50.536+0000] {logging_mixin.py:190} INFO - [2025-02-19T09:54:50.536+0000] {dag.py:4156} INFO - Setting next_dagrun for example_bash_decorator to None, run_after=None
[2025-02-19T09:54:50.551+0000] {processor.py:208} INFO - Processing /home/airflow/.local/lib/python3.12/site-packages/airflow/example_dags/example_bash_decorator.py took 0.069 seconds
[2025-02-19T09:55:20.909+0000] {processor.py:186} INFO - Started process (PID=2238) to work on /home/airflow/.local/lib/python3.12/site-packages/airflow/example_dags/example_bash_decorator.py
[2025-02-19T09:55:20.921+0000] {processor.py:914} INFO - Processing file /home/airflow/.local/lib/python3.12/site-packages/airflow/example_dags/example_bash_decorator.py for tasks to queue
[2025-02-19T09:55:20.924+0000] {logging_mixin.py:190} INFO - [2025-02-19T09:55:20.924+0000] {dagbag.py:587} INFO - Filling up the DagBag from /home/airflow/.local/lib/python3.12/site-packages/airflow/example_dags/example_bash_decorator.py
[2025-02-19T09:55:20.937+0000] {processor.py:925} INFO - DAG(s) 'example_bash_decorator' retrieved from /home/airflow/.local/lib/python3.12/site-packages/airflow/example_dags/example_bash_decorator.py
[2025-02-19T09:55:20.956+0000] {logging_mixin.py:190} INFO - [2025-02-19T09:55:20.956+0000] {dag.py:3229} INFO - Sync 1 DAGs
[2025-02-19T09:55:20.969+0000] {logging_mixin.py:190} INFO - [2025-02-19T09:55:20.969+0000] {dag.py:4156} INFO - Setting next_dagrun for example_bash_decorator to None, run_after=None
[2025-02-19T09:55:20.986+0000] {processor.py:208} INFO - Processing /home/airflow/.local/lib/python3.12/site-packages/airflow/example_dags/example_bash_decorator.py took 0.081 seconds
[2025-02-19T09:55:51.356+0000] {processor.py:186} INFO - Started process (PID=2302) to work on /home/airflow/.local/lib/python3.12/site-packages/airflow/example_dags/example_bash_decorator.py
[2025-02-19T09:55:51.368+0000] {processor.py:914} INFO - Processing file /home/airflow/.local/lib/python3.12/site-packages/airflow/example_dags/example_bash_decorator.py for tasks to queue
[2025-02-19T09:55:51.371+0000] {logging_mixin.py:190} INFO - [2025-02-19T09:55:51.370+0000] {dagbag.py:587} INFO - Filling up the DagBag from /home/airflow/.local/lib/python3.12/site-packages/airflow/example_dags/example_bash_decorator.py
[2025-02-19T09:55:51.385+0000] {processor.py:925} INFO - DAG(s) 'example_bash_decorator' retrieved from /home/airflow/.local/lib/python3.12/site-packages/airflow/example_dags/example_bash_decorator.py
[2025-02-19T09:55:51.407+0000] {logging_mixin.py:190} INFO - [2025-02-19T09:55:51.406+0000] {dag.py:3229} INFO - Sync 1 DAGs
[2025-02-19T09:55:51.420+0000] {logging_mixin.py:190} INFO - [2025-02-19T09:55:51.420+0000] {dag.py:4156} INFO - Setting next_dagrun for example_bash_decorator to None, run_after=None
[2025-02-19T09:55:51.440+0000] {processor.py:208} INFO - Processing /home/airflow/.local/lib/python3.12/site-packages/airflow/example_dags/example_bash_decorator.py took 0.089 seconds
[2025-02-19T09:56:21.648+0000] {processor.py:186} INFO - Started process (PID=2366) to work on /home/airflow/.local/lib/python3.12/site-packages/airflow/example_dags/example_bash_decorator.py
[2025-02-19T09:56:21.649+0000] {processor.py:914} INFO - Processing file /home/airflow/.local/lib/python3.12/site-packages/airflow/example_dags/example_bash_decorator.py for tasks to queue
[2025-02-19T09:56:21.651+0000] {logging_mixin.py:190} INFO - [2025-02-19T09:56:21.651+0000] {dagbag.py:587} INFO - Filling up the DagBag from /home/airflow/.local/lib/python3.12/site-packages/airflow/example_dags/example_bash_decorator.py
[2025-02-19T09:56:21.665+0000] {processor.py:925} INFO - DAG(s) 'example_bash_decorator' retrieved from /home/airflow/.local/lib/python3.12/site-packages/airflow/example_dags/example_bash_decorator.py
[2025-02-19T09:56:21.684+0000] {logging_mixin.py:190} INFO - [2025-02-19T09:56:21.684+0000] {dag.py:3229} INFO - Sync 1 DAGs
[2025-02-19T09:56:21.697+0000] {logging_mixin.py:190} INFO - [2025-02-19T09:56:21.696+0000] {dag.py:4156} INFO - Setting next_dagrun for example_bash_decorator to None, run_after=None
[2025-02-19T09:56:21.714+0000] {processor.py:208} INFO - Processing /home/airflow/.local/lib/python3.12/site-packages/airflow/example_dags/example_bash_decorator.py took 0.071 seconds
[2025-02-19T09:56:51.994+0000] {processor.py:186} INFO - Started process (PID=2431) to work on /home/airflow/.local/lib/python3.12/site-packages/airflow/example_dags/example_bash_decorator.py
[2025-02-19T09:56:51.995+0000] {processor.py:914} INFO - Processing file /home/airflow/.local/lib/python3.12/site-packages/airflow/example_dags/example_bash_decorator.py for tasks to queue
[2025-02-19T09:56:51.997+0000] {logging_mixin.py:190} INFO - [2025-02-19T09:56:51.997+0000] {dagbag.py:587} INFO - Filling up the DagBag from /home/airflow/.local/lib/python3.12/site-packages/airflow/example_dags/example_bash_decorator.py
[2025-02-19T09:56:52.011+0000] {processor.py:925} INFO - DAG(s) 'example_bash_decorator' retrieved from /home/airflow/.local/lib/python3.12/site-packages/airflow/example_dags/example_bash_decorator.py
[2025-02-19T09:56:52.032+0000] {logging_mixin.py:190} INFO - [2025-02-19T09:56:52.032+0000] {dag.py:3229} INFO - Sync 1 DAGs
[2025-02-19T09:56:52.044+0000] {logging_mixin.py:190} INFO - [2025-02-19T09:56:52.044+0000] {dag.py:4156} INFO - Setting next_dagrun for example_bash_decorator to None, run_after=None
[2025-02-19T09:56:52.062+0000] {processor.py:208} INFO - Processing /home/airflow/.local/lib/python3.12/site-packages/airflow/example_dags/example_bash_decorator.py took 0.072 seconds
[2025-02-19T09:57:22.283+0000] {processor.py:186} INFO - Started process (PID=2495) to work on /home/airflow/.local/lib/python3.12/site-packages/airflow/example_dags/example_bash_decorator.py
[2025-02-19T09:57:22.284+0000] {processor.py:914} INFO - Processing file /home/airflow/.local/lib/python3.12/site-packages/airflow/example_dags/example_bash_decorator.py for tasks to queue
[2025-02-19T09:57:22.286+0000] {logging_mixin.py:190} INFO - [2025-02-19T09:57:22.286+0000] {dagbag.py:587} INFO - Filling up the DagBag from /home/airflow/.local/lib/python3.12/site-packages/airflow/example_dags/example_bash_decorator.py
[2025-02-19T09:57:22.297+0000] {processor.py:925} INFO - DAG(s) 'example_bash_decorator' retrieved from /home/airflow/.local/lib/python3.12/site-packages/airflow/example_dags/example_bash_decorator.py
[2025-02-19T09:57:22.318+0000] {logging_mixin.py:190} INFO - [2025-02-19T09:57:22.317+0000] {dag.py:3229} INFO - Sync 1 DAGs
[2025-02-19T09:57:22.330+0000] {logging_mixin.py:190} INFO - [2025-02-19T09:57:22.330+0000] {dag.py:4156} INFO - Setting next_dagrun for example_bash_decorator to None, run_after=None
[2025-02-19T09:57:22.346+0000] {processor.py:208} INFO - Processing /home/airflow/.local/lib/python3.12/site-packages/airflow/example_dags/example_bash_decorator.py took 0.067 seconds
[2025-02-19T09:57:52.529+0000] {processor.py:186} INFO - Started process (PID=2559) to work on /home/airflow/.local/lib/python3.12/site-packages/airflow/example_dags/example_bash_decorator.py
[2025-02-19T09:57:52.530+0000] {processor.py:914} INFO - Processing file /home/airflow/.local/lib/python3.12/site-packages/airflow/example_dags/example_bash_decorator.py for tasks to queue
[2025-02-19T09:57:52.532+0000] {logging_mixin.py:190} INFO - [2025-02-19T09:57:52.532+0000] {dagbag.py:587} INFO - Filling up the DagBag from /home/airflow/.local/lib/python3.12/site-packages/airflow/example_dags/example_bash_decorator.py
[2025-02-19T09:57:52.544+0000] {processor.py:925} INFO - DAG(s) 'example_bash_decorator' retrieved from /home/airflow/.local/lib/python3.12/site-packages/airflow/example_dags/example_bash_decorator.py
[2025-02-19T09:57:52.564+0000] {logging_mixin.py:190} INFO - [2025-02-19T09:57:52.563+0000] {dag.py:3229} INFO - Sync 1 DAGs
[2025-02-19T09:57:52.574+0000] {logging_mixin.py:190} INFO - [2025-02-19T09:57:52.574+0000] {dag.py:4156} INFO - Setting next_dagrun for example_bash_decorator to None, run_after=None
[2025-02-19T09:57:52.586+0000] {processor.py:208} INFO - Processing /home/airflow/.local/lib/python3.12/site-packages/airflow/example_dags/example_bash_decorator.py took 0.062 seconds
[2025-02-19T09:58:23.280+0000] {processor.py:186} INFO - Started process (PID=2624) to work on /home/airflow/.local/lib/python3.12/site-packages/airflow/example_dags/example_bash_decorator.py
[2025-02-19T09:58:23.281+0000] {processor.py:914} INFO - Processing file /home/airflow/.local/lib/python3.12/site-packages/airflow/example_dags/example_bash_decorator.py for tasks to queue
[2025-02-19T09:58:23.283+0000] {logging_mixin.py:190} INFO - [2025-02-19T09:58:23.282+0000] {dagbag.py:587} INFO - Filling up the DagBag from /home/airflow/.local/lib/python3.12/site-packages/airflow/example_dags/example_bash_decorator.py
[2025-02-19T09:58:23.293+0000] {processor.py:925} INFO - DAG(s) 'example_bash_decorator' retrieved from /home/airflow/.local/lib/python3.12/site-packages/airflow/example_dags/example_bash_decorator.py
[2025-02-19T09:58:23.314+0000] {logging_mixin.py:190} INFO - [2025-02-19T09:58:23.314+0000] {dag.py:3229} INFO - Sync 1 DAGs
[2025-02-19T09:58:23.325+0000] {logging_mixin.py:190} INFO - [2025-02-19T09:58:23.325+0000] {dag.py:4156} INFO - Setting next_dagrun for example_bash_decorator to None, run_after=None
[2025-02-19T09:58:23.340+0000] {processor.py:208} INFO - Processing /home/airflow/.local/lib/python3.12/site-packages/airflow/example_dags/example_bash_decorator.py took 0.064 seconds
[2025-02-19T09:58:54.505+0000] {processor.py:186} INFO - Started process (PID=2693) to work on /home/airflow/.local/lib/python3.12/site-packages/airflow/example_dags/example_bash_decorator.py
[2025-02-19T09:58:54.506+0000] {processor.py:914} INFO - Processing file /home/airflow/.local/lib/python3.12/site-packages/airflow/example_dags/example_bash_decorator.py for tasks to queue
[2025-02-19T09:58:54.508+0000] {logging_mixin.py:190} INFO - [2025-02-19T09:58:54.508+0000] {dagbag.py:587} INFO - Filling up the DagBag from /home/airflow/.local/lib/python3.12/site-packages/airflow/example_dags/example_bash_decorator.py
[2025-02-19T09:58:54.522+0000] {processor.py:925} INFO - DAG(s) 'example_bash_decorator' retrieved from /home/airflow/.local/lib/python3.12/site-packages/airflow/example_dags/example_bash_decorator.py
[2025-02-19T09:58:54.541+0000] {logging_mixin.py:190} INFO - [2025-02-19T09:58:54.541+0000] {dag.py:3229} INFO - Sync 1 DAGs
[2025-02-19T09:58:54.553+0000] {logging_mixin.py:190} INFO - [2025-02-19T09:58:54.552+0000] {dag.py:4156} INFO - Setting next_dagrun for example_bash_decorator to None, run_after=None
[2025-02-19T09:58:54.571+0000] {processor.py:208} INFO - Processing /home/airflow/.local/lib/python3.12/site-packages/airflow/example_dags/example_bash_decorator.py took 0.071 seconds
[2025-02-19T09:59:25.482+0000] {processor.py:186} INFO - Started process (PID=2757) to work on /home/airflow/.local/lib/python3.12/site-packages/airflow/example_dags/example_bash_decorator.py
[2025-02-19T09:59:25.483+0000] {processor.py:914} INFO - Processing file /home/airflow/.local/lib/python3.12/site-packages/airflow/example_dags/example_bash_decorator.py for tasks to queue
[2025-02-19T09:59:25.485+0000] {logging_mixin.py:190} INFO - [2025-02-19T09:59:25.484+0000] {dagbag.py:587} INFO - Filling up the DagBag from /home/airflow/.local/lib/python3.12/site-packages/airflow/example_dags/example_bash_decorator.py
[2025-02-19T09:59:25.496+0000] {processor.py:925} INFO - DAG(s) 'example_bash_decorator' retrieved from /home/airflow/.local/lib/python3.12/site-packages/airflow/example_dags/example_bash_decorator.py
[2025-02-19T09:59:25.516+0000] {logging_mixin.py:190} INFO - [2025-02-19T09:59:25.516+0000] {dag.py:3229} INFO - Sync 1 DAGs
[2025-02-19T09:59:25.527+0000] {logging_mixin.py:190} INFO - [2025-02-19T09:59:25.527+0000] {dag.py:4156} INFO - Setting next_dagrun for example_bash_decorator to None, run_after=None
[2025-02-19T09:59:25.541+0000] {processor.py:208} INFO - Processing /home/airflow/.local/lib/python3.12/site-packages/airflow/example_dags/example_bash_decorator.py took 0.063 seconds
[2025-02-19T10:23:14.896+0000] {logging_mixin.py:190} INFO - [2025-02-19T10:23:14.895+0000] {settings.py:475} DEBUG - Setting up DB connection pool (PID 106)
[2025-02-19T10:23:14.897+0000] {logging_mixin.py:190} INFO - [2025-02-19T10:23:14.897+0000] {settings.py:579} DEBUG - settings.prepare_engine_args(): Using pool settings. pool_size=5, max_overflow=10, pool_recycle=1800, pid=106
[2025-02-19T10:23:14.901+0000] {processor.py:186} INFO - Started process (PID=106) to work on /home/airflow/.local/lib/python3.12/site-packages/airflow/example_dags/example_bash_decorator.py
[2025-02-19T10:23:14.902+0000] {processor.py:914} INFO - Processing file /home/airflow/.local/lib/python3.12/site-packages/airflow/example_dags/example_bash_decorator.py for tasks to queue
[2025-02-19T10:23:14.903+0000] {logging_mixin.py:190} INFO - [2025-02-19T10:23:14.902+0000] {dagbag.py:587} INFO - Filling up the DagBag from /home/airflow/.local/lib/python3.12/site-packages/airflow/example_dags/example_bash_decorator.py
[2025-02-19T10:23:14.904+0000] {logging_mixin.py:190} INFO - [2025-02-19T10:23:14.903+0000] {dagbag.py:368} DEBUG - Importing /home/airflow/.local/lib/python3.12/site-packages/airflow/example_dags/example_bash_decorator.py
[2025-02-19T10:23:14.919+0000] {logging_mixin.py:190} INFO - [2025-02-19T10:23:14.917+0000] {dagbag.py:553} DEBUG - Loaded DAG <DAG: example_bash_decorator>
[2025-02-19T10:23:14.919+0000] {processor.py:925} INFO - DAG(s) 'example_bash_decorator' retrieved from /home/airflow/.local/lib/python3.12/site-packages/airflow/example_dags/example_bash_decorator.py
[2025-02-19T10:23:14.920+0000] {logging_mixin.py:190} INFO - [2025-02-19T10:23:14.920+0000] {dagbag.py:710} DEBUG - Running dagbag.sync_to_db with retries. Try 1 of 3
[2025-02-19T10:23:14.920+0000] {logging_mixin.py:190} INFO - [2025-02-19T10:23:14.920+0000] {dagbag.py:715} DEBUG - Calling the DAG.bulk_sync_to_db method
[2025-02-19T10:23:14.933+0000] {logging_mixin.py:190} INFO - [2025-02-19T10:23:14.933+0000] {serialized_dag.py:168} DEBUG - Checking if DAG (example_bash_decorator) changed
[2025-02-19T10:23:14.946+0000] {logging_mixin.py:190} INFO - [2025-02-19T10:23:14.945+0000] {serialized_dag.py:182} DEBUG - Writing Serialized DAG: example_bash_decorator to the DB
[2025-02-19T10:23:14.950+0000] {logging_mixin.py:190} INFO - [2025-02-19T10:23:14.950+0000] {serialized_dag.py:184} DEBUG - DAG: example_bash_decorator written to the DB
[2025-02-19T10:23:14.950+0000] {logging_mixin.py:190} INFO - [2025-02-19T10:23:14.950+0000] {dagbag.py:744} DEBUG - Syncing DAG permissions: example_bash_decorator to the DB
[2025-02-19T10:23:15.034+0000] {logging_mixin.py:190} INFO - [2025-02-19T10:23:15.033+0000] {override.py:1129} DEBUG - Not syncing DAG-level permissions for DAG 'example_bash_decorator' as access control is unset.
[2025-02-19T10:23:15.034+0000] {logging_mixin.py:190} INFO - [2025-02-19T10:23:15.034+0000] {dag.py:3229} INFO - Sync 1 DAGs
[2025-02-19T10:23:15.045+0000] {logging_mixin.py:190} INFO - [2025-02-19T10:23:15.045+0000] {dag.py:4156} INFO - Setting next_dagrun for example_bash_decorator to None, run_after=None
[2025-02-19T10:23:15.065+0000] {processor.py:208} INFO - Processing /home/airflow/.local/lib/python3.12/site-packages/airflow/example_dags/example_bash_decorator.py took 0.170 seconds
[2025-02-19T10:23:57.888+0000] {logging_mixin.py:190} INFO - [2025-02-19T10:23:57.888+0000] {settings.py:475} DEBUG - Setting up DB connection pool (PID 170)
[2025-02-19T10:23:57.889+0000] {logging_mixin.py:190} INFO - [2025-02-19T10:23:57.889+0000] {settings.py:579} DEBUG - settings.prepare_engine_args(): Using pool settings. pool_size=5, max_overflow=10, pool_recycle=1800, pid=170
[2025-02-19T10:23:57.893+0000] {processor.py:186} INFO - Started process (PID=170) to work on /home/airflow/.local/lib/python3.12/site-packages/airflow/example_dags/example_bash_decorator.py
[2025-02-19T10:23:57.894+0000] {processor.py:914} INFO - Processing file /home/airflow/.local/lib/python3.12/site-packages/airflow/example_dags/example_bash_decorator.py for tasks to queue
[2025-02-19T10:23:57.894+0000] {logging_mixin.py:190} INFO - [2025-02-19T10:23:57.894+0000] {dagbag.py:587} INFO - Filling up the DagBag from /home/airflow/.local/lib/python3.12/site-packages/airflow/example_dags/example_bash_decorator.py
[2025-02-19T10:23:57.895+0000] {logging_mixin.py:190} INFO - [2025-02-19T10:23:57.895+0000] {dagbag.py:368} DEBUG - Importing /home/airflow/.local/lib/python3.12/site-packages/airflow/example_dags/example_bash_decorator.py
[2025-02-19T10:23:57.908+0000] {logging_mixin.py:190} INFO - [2025-02-19T10:23:57.907+0000] {dagbag.py:553} DEBUG - Loaded DAG <DAG: example_bash_decorator>
[2025-02-19T10:23:57.909+0000] {processor.py:925} INFO - DAG(s) 'example_bash_decorator' retrieved from /home/airflow/.local/lib/python3.12/site-packages/airflow/example_dags/example_bash_decorator.py
[2025-02-19T10:23:57.909+0000] {logging_mixin.py:190} INFO - [2025-02-19T10:23:57.909+0000] {dagbag.py:710} DEBUG - Running dagbag.sync_to_db with retries. Try 1 of 3
[2025-02-19T10:23:57.909+0000] {logging_mixin.py:190} INFO - [2025-02-19T10:23:57.909+0000] {dagbag.py:715} DEBUG - Calling the DAG.bulk_sync_to_db method
[2025-02-19T10:23:57.921+0000] {logging_mixin.py:190} INFO - [2025-02-19T10:23:57.921+0000] {serialized_dag.py:168} DEBUG - Checking if DAG (example_bash_decorator) changed
[2025-02-19T10:23:57.932+0000] {logging_mixin.py:190} INFO - [2025-02-19T10:23:57.932+0000] {serialized_dag.py:179} DEBUG - Serialized DAG (example_bash_decorator) is unchanged. Skipping writing to DB
[2025-02-19T10:23:57.937+0000] {logging_mixin.py:190} INFO - [2025-02-19T10:23:57.937+0000] {dag.py:3229} INFO - Sync 1 DAGs
[2025-02-19T10:23:57.950+0000] {logging_mixin.py:190} INFO - [2025-02-19T10:23:57.950+0000] {dag.py:4156} INFO - Setting next_dagrun for example_bash_decorator to None, run_after=None
[2025-02-19T10:23:57.967+0000] {processor.py:208} INFO - Processing /home/airflow/.local/lib/python3.12/site-packages/airflow/example_dags/example_bash_decorator.py took 0.079 seconds
[2025-02-19T10:24:28.882+0000] {logging_mixin.py:190} INFO - [2025-02-19T10:24:28.882+0000] {settings.py:475} DEBUG - Setting up DB connection pool (PID 234)
[2025-02-19T10:24:28.883+0000] {logging_mixin.py:190} INFO - [2025-02-19T10:24:28.883+0000] {settings.py:579} DEBUG - settings.prepare_engine_args(): Using pool settings. pool_size=5, max_overflow=10, pool_recycle=1800, pid=234
[2025-02-19T10:24:28.888+0000] {processor.py:186} INFO - Started process (PID=234) to work on /home/airflow/.local/lib/python3.12/site-packages/airflow/example_dags/example_bash_decorator.py
[2025-02-19T10:24:28.888+0000] {processor.py:914} INFO - Processing file /home/airflow/.local/lib/python3.12/site-packages/airflow/example_dags/example_bash_decorator.py for tasks to queue
[2025-02-19T10:24:28.889+0000] {logging_mixin.py:190} INFO - [2025-02-19T10:24:28.889+0000] {dagbag.py:587} INFO - Filling up the DagBag from /home/airflow/.local/lib/python3.12/site-packages/airflow/example_dags/example_bash_decorator.py
[2025-02-19T10:24:28.890+0000] {logging_mixin.py:190} INFO - [2025-02-19T10:24:28.890+0000] {dagbag.py:368} DEBUG - Importing /home/airflow/.local/lib/python3.12/site-packages/airflow/example_dags/example_bash_decorator.py
[2025-02-19T10:24:28.903+0000] {logging_mixin.py:190} INFO - [2025-02-19T10:24:28.902+0000] {dagbag.py:553} DEBUG - Loaded DAG <DAG: example_bash_decorator>
[2025-02-19T10:24:28.903+0000] {processor.py:925} INFO - DAG(s) 'example_bash_decorator' retrieved from /home/airflow/.local/lib/python3.12/site-packages/airflow/example_dags/example_bash_decorator.py
[2025-02-19T10:24:28.904+0000] {logging_mixin.py:190} INFO - [2025-02-19T10:24:28.904+0000] {dagbag.py:710} DEBUG - Running dagbag.sync_to_db with retries. Try 1 of 3
[2025-02-19T10:24:28.904+0000] {logging_mixin.py:190} INFO - [2025-02-19T10:24:28.904+0000] {dagbag.py:715} DEBUG - Calling the DAG.bulk_sync_to_db method
[2025-02-19T10:24:28.914+0000] {logging_mixin.py:190} INFO - [2025-02-19T10:24:28.913+0000] {serialized_dag.py:168} DEBUG - Checking if DAG (example_bash_decorator) changed
[2025-02-19T10:24:28.926+0000] {logging_mixin.py:190} INFO - [2025-02-19T10:24:28.926+0000] {serialized_dag.py:179} DEBUG - Serialized DAG (example_bash_decorator) is unchanged. Skipping writing to DB
[2025-02-19T10:24:28.927+0000] {logging_mixin.py:190} INFO - [2025-02-19T10:24:28.927+0000] {dag.py:3229} INFO - Sync 1 DAGs
[2025-02-19T10:24:28.938+0000] {logging_mixin.py:190} INFO - [2025-02-19T10:24:28.938+0000] {dag.py:4156} INFO - Setting next_dagrun for example_bash_decorator to None, run_after=None
[2025-02-19T10:24:28.952+0000] {processor.py:208} INFO - Processing /home/airflow/.local/lib/python3.12/site-packages/airflow/example_dags/example_bash_decorator.py took 0.070 seconds
[2025-02-19T10:24:59.749+0000] {logging_mixin.py:190} INFO - [2025-02-19T10:24:59.748+0000] {settings.py:475} DEBUG - Setting up DB connection pool (PID 303)
[2025-02-19T10:24:59.750+0000] {logging_mixin.py:190} INFO - [2025-02-19T10:24:59.750+0000] {settings.py:579} DEBUG - settings.prepare_engine_args(): Using pool settings. pool_size=5, max_overflow=10, pool_recycle=1800, pid=303
[2025-02-19T10:24:59.755+0000] {processor.py:186} INFO - Started process (PID=303) to work on /home/airflow/.local/lib/python3.12/site-packages/airflow/example_dags/example_bash_decorator.py
[2025-02-19T10:24:59.756+0000] {processor.py:914} INFO - Processing file /home/airflow/.local/lib/python3.12/site-packages/airflow/example_dags/example_bash_decorator.py for tasks to queue
[2025-02-19T10:24:59.757+0000] {logging_mixin.py:190} INFO - [2025-02-19T10:24:59.757+0000] {dagbag.py:587} INFO - Filling up the DagBag from /home/airflow/.local/lib/python3.12/site-packages/airflow/example_dags/example_bash_decorator.py
[2025-02-19T10:24:59.758+0000] {logging_mixin.py:190} INFO - [2025-02-19T10:24:59.758+0000] {dagbag.py:368} DEBUG - Importing /home/airflow/.local/lib/python3.12/site-packages/airflow/example_dags/example_bash_decorator.py
[2025-02-19T10:24:59.773+0000] {logging_mixin.py:190} INFO - [2025-02-19T10:24:59.772+0000] {dagbag.py:553} DEBUG - Loaded DAG <DAG: example_bash_decorator>
[2025-02-19T10:24:59.774+0000] {processor.py:925} INFO - DAG(s) 'example_bash_decorator' retrieved from /home/airflow/.local/lib/python3.12/site-packages/airflow/example_dags/example_bash_decorator.py
[2025-02-19T10:24:59.774+0000] {logging_mixin.py:190} INFO - [2025-02-19T10:24:59.774+0000] {dagbag.py:710} DEBUG - Running dagbag.sync_to_db with retries. Try 1 of 3
[2025-02-19T10:24:59.775+0000] {logging_mixin.py:190} INFO - [2025-02-19T10:24:59.775+0000] {dagbag.py:715} DEBUG - Calling the DAG.bulk_sync_to_db method
[2025-02-19T10:24:59.788+0000] {logging_mixin.py:190} INFO - [2025-02-19T10:24:59.788+0000] {serialized_dag.py:168} DEBUG - Checking if DAG (example_bash_decorator) changed
[2025-02-19T10:24:59.801+0000] {logging_mixin.py:190} INFO - [2025-02-19T10:24:59.800+0000] {serialized_dag.py:179} DEBUG - Serialized DAG (example_bash_decorator) is unchanged. Skipping writing to DB
[2025-02-19T10:24:59.801+0000] {logging_mixin.py:190} INFO - [2025-02-19T10:24:59.801+0000] {dag.py:3229} INFO - Sync 1 DAGs
[2025-02-19T10:24:59.816+0000] {logging_mixin.py:190} INFO - [2025-02-19T10:24:59.816+0000] {dag.py:4156} INFO - Setting next_dagrun for example_bash_decorator to None, run_after=None
[2025-02-19T10:24:59.837+0000] {processor.py:208} INFO - Processing /home/airflow/.local/lib/python3.12/site-packages/airflow/example_dags/example_bash_decorator.py took 0.089 seconds
[2025-02-19T10:25:30.734+0000] {logging_mixin.py:190} INFO - [2025-02-19T10:25:30.734+0000] {settings.py:475} DEBUG - Setting up DB connection pool (PID 367)
[2025-02-19T10:25:30.736+0000] {logging_mixin.py:190} INFO - [2025-02-19T10:25:30.735+0000] {settings.py:579} DEBUG - settings.prepare_engine_args(): Using pool settings. pool_size=5, max_overflow=10, pool_recycle=1800, pid=367
[2025-02-19T10:25:30.740+0000] {processor.py:186} INFO - Started process (PID=367) to work on /home/airflow/.local/lib/python3.12/site-packages/airflow/example_dags/example_bash_decorator.py
[2025-02-19T10:25:30.741+0000] {processor.py:914} INFO - Processing file /home/airflow/.local/lib/python3.12/site-packages/airflow/example_dags/example_bash_decorator.py for tasks to queue
[2025-02-19T10:25:30.741+0000] {logging_mixin.py:190} INFO - [2025-02-19T10:25:30.741+0000] {dagbag.py:587} INFO - Filling up the DagBag from /home/airflow/.local/lib/python3.12/site-packages/airflow/example_dags/example_bash_decorator.py
[2025-02-19T10:25:30.742+0000] {logging_mixin.py:190} INFO - [2025-02-19T10:25:30.742+0000] {dagbag.py:368} DEBUG - Importing /home/airflow/.local/lib/python3.12/site-packages/airflow/example_dags/example_bash_decorator.py
[2025-02-19T10:25:30.755+0000] {logging_mixin.py:190} INFO - [2025-02-19T10:25:30.754+0000] {dagbag.py:553} DEBUG - Loaded DAG <DAG: example_bash_decorator>
[2025-02-19T10:25:30.756+0000] {processor.py:925} INFO - DAG(s) 'example_bash_decorator' retrieved from /home/airflow/.local/lib/python3.12/site-packages/airflow/example_dags/example_bash_decorator.py
[2025-02-19T10:25:30.756+0000] {logging_mixin.py:190} INFO - [2025-02-19T10:25:30.756+0000] {dagbag.py:710} DEBUG - Running dagbag.sync_to_db with retries. Try 1 of 3
[2025-02-19T10:25:30.757+0000] {logging_mixin.py:190} INFO - [2025-02-19T10:25:30.757+0000] {dagbag.py:715} DEBUG - Calling the DAG.bulk_sync_to_db method
[2025-02-19T10:25:30.768+0000] {logging_mixin.py:190} INFO - [2025-02-19T10:25:30.768+0000] {serialized_dag.py:168} DEBUG - Checking if DAG (example_bash_decorator) changed
[2025-02-19T10:25:30.780+0000] {logging_mixin.py:190} INFO - [2025-02-19T10:25:30.780+0000] {serialized_dag.py:179} DEBUG - Serialized DAG (example_bash_decorator) is unchanged. Skipping writing to DB
[2025-02-19T10:25:30.780+0000] {logging_mixin.py:190} INFO - [2025-02-19T10:25:30.780+0000] {dag.py:3229} INFO - Sync 1 DAGs
[2025-02-19T10:25:30.793+0000] {logging_mixin.py:190} INFO - [2025-02-19T10:25:30.793+0000] {dag.py:4156} INFO - Setting next_dagrun for example_bash_decorator to None, run_after=None
[2025-02-19T10:25:30.812+0000] {processor.py:208} INFO - Processing /home/airflow/.local/lib/python3.12/site-packages/airflow/example_dags/example_bash_decorator.py took 0.078 seconds
[2025-02-19T10:26:01.464+0000] {logging_mixin.py:190} INFO - [2025-02-19T10:26:01.463+0000] {settings.py:475} DEBUG - Setting up DB connection pool (PID 431)
[2025-02-19T10:26:01.474+0000] {logging_mixin.py:190} INFO - [2025-02-19T10:26:01.474+0000] {settings.py:579} DEBUG - settings.prepare_engine_args(): Using pool settings. pool_size=5, max_overflow=10, pool_recycle=1800, pid=431
[2025-02-19T10:26:01.479+0000] {processor.py:186} INFO - Started process (PID=431) to work on /home/airflow/.local/lib/python3.12/site-packages/airflow/example_dags/example_bash_decorator.py
[2025-02-19T10:26:01.480+0000] {processor.py:914} INFO - Processing file /home/airflow/.local/lib/python3.12/site-packages/airflow/example_dags/example_bash_decorator.py for tasks to queue
[2025-02-19T10:26:01.480+0000] {logging_mixin.py:190} INFO - [2025-02-19T10:26:01.480+0000] {dagbag.py:587} INFO - Filling up the DagBag from /home/airflow/.local/lib/python3.12/site-packages/airflow/example_dags/example_bash_decorator.py
[2025-02-19T10:26:01.482+0000] {logging_mixin.py:190} INFO - [2025-02-19T10:26:01.481+0000] {dagbag.py:368} DEBUG - Importing /home/airflow/.local/lib/python3.12/site-packages/airflow/example_dags/example_bash_decorator.py
[2025-02-19T10:26:01.496+0000] {logging_mixin.py:190} INFO - [2025-02-19T10:26:01.495+0000] {dagbag.py:553} DEBUG - Loaded DAG <DAG: example_bash_decorator>
[2025-02-19T10:26:01.496+0000] {processor.py:925} INFO - DAG(s) 'example_bash_decorator' retrieved from /home/airflow/.local/lib/python3.12/site-packages/airflow/example_dags/example_bash_decorator.py
[2025-02-19T10:26:01.497+0000] {logging_mixin.py:190} INFO - [2025-02-19T10:26:01.497+0000] {dagbag.py:710} DEBUG - Running dagbag.sync_to_db with retries. Try 1 of 3
[2025-02-19T10:26:01.497+0000] {logging_mixin.py:190} INFO - [2025-02-19T10:26:01.497+0000] {dagbag.py:715} DEBUG - Calling the DAG.bulk_sync_to_db method
[2025-02-19T10:26:01.508+0000] {logging_mixin.py:190} INFO - [2025-02-19T10:26:01.508+0000] {serialized_dag.py:168} DEBUG - Checking if DAG (example_bash_decorator) changed
[2025-02-19T10:26:01.521+0000] {logging_mixin.py:190} INFO - [2025-02-19T10:26:01.521+0000] {serialized_dag.py:179} DEBUG - Serialized DAG (example_bash_decorator) is unchanged. Skipping writing to DB
[2025-02-19T10:26:01.522+0000] {logging_mixin.py:190} INFO - [2025-02-19T10:26:01.522+0000] {dag.py:3229} INFO - Sync 1 DAGs
[2025-02-19T10:26:01.539+0000] {logging_mixin.py:190} INFO - [2025-02-19T10:26:01.538+0000] {dag.py:4156} INFO - Setting next_dagrun for example_bash_decorator to None, run_after=None
[2025-02-19T10:26:01.559+0000] {processor.py:208} INFO - Processing /home/airflow/.local/lib/python3.12/site-packages/airflow/example_dags/example_bash_decorator.py took 0.096 seconds
[2025-02-19T10:26:32.112+0000] {logging_mixin.py:190} INFO - [2025-02-19T10:26:32.112+0000] {settings.py:475} DEBUG - Setting up DB connection pool (PID 495)
[2025-02-19T10:26:32.123+0000] {logging_mixin.py:190} INFO - [2025-02-19T10:26:32.123+0000] {settings.py:579} DEBUG - settings.prepare_engine_args(): Using pool settings. pool_size=5, max_overflow=10, pool_recycle=1800, pid=495
[2025-02-19T10:26:32.128+0000] {processor.py:186} INFO - Started process (PID=495) to work on /home/airflow/.local/lib/python3.12/site-packages/airflow/example_dags/example_bash_decorator.py
[2025-02-19T10:26:32.128+0000] {processor.py:914} INFO - Processing file /home/airflow/.local/lib/python3.12/site-packages/airflow/example_dags/example_bash_decorator.py for tasks to queue
[2025-02-19T10:26:32.129+0000] {logging_mixin.py:190} INFO - [2025-02-19T10:26:32.129+0000] {dagbag.py:587} INFO - Filling up the DagBag from /home/airflow/.local/lib/python3.12/site-packages/airflow/example_dags/example_bash_decorator.py
[2025-02-19T10:26:32.130+0000] {logging_mixin.py:190} INFO - [2025-02-19T10:26:32.130+0000] {dagbag.py:368} DEBUG - Importing /home/airflow/.local/lib/python3.12/site-packages/airflow/example_dags/example_bash_decorator.py
[2025-02-19T10:26:32.143+0000] {logging_mixin.py:190} INFO - [2025-02-19T10:26:32.142+0000] {dagbag.py:553} DEBUG - Loaded DAG <DAG: example_bash_decorator>
[2025-02-19T10:26:32.143+0000] {processor.py:925} INFO - DAG(s) 'example_bash_decorator' retrieved from /home/airflow/.local/lib/python3.12/site-packages/airflow/example_dags/example_bash_decorator.py
[2025-02-19T10:26:32.144+0000] {logging_mixin.py:190} INFO - [2025-02-19T10:26:32.143+0000] {dagbag.py:710} DEBUG - Running dagbag.sync_to_db with retries. Try 1 of 3
[2025-02-19T10:26:32.144+0000] {logging_mixin.py:190} INFO - [2025-02-19T10:26:32.144+0000] {dagbag.py:715} DEBUG - Calling the DAG.bulk_sync_to_db method
[2025-02-19T10:26:32.153+0000] {logging_mixin.py:190} INFO - [2025-02-19T10:26:32.153+0000] {serialized_dag.py:168} DEBUG - Checking if DAG (example_bash_decorator) changed
[2025-02-19T10:26:32.164+0000] {logging_mixin.py:190} INFO - [2025-02-19T10:26:32.164+0000] {serialized_dag.py:179} DEBUG - Serialized DAG (example_bash_decorator) is unchanged. Skipping writing to DB
[2025-02-19T10:26:32.165+0000] {logging_mixin.py:190} INFO - [2025-02-19T10:26:32.165+0000] {dag.py:3229} INFO - Sync 1 DAGs
[2025-02-19T10:26:32.177+0000] {logging_mixin.py:190} INFO - [2025-02-19T10:26:32.177+0000] {dag.py:4156} INFO - Setting next_dagrun for example_bash_decorator to None, run_after=None
[2025-02-19T10:26:32.196+0000] {processor.py:208} INFO - Processing /home/airflow/.local/lib/python3.12/site-packages/airflow/example_dags/example_bash_decorator.py took 0.084 seconds
