[2025-02-19T09:38:27.173+0000] {processor.py:186} INFO - Started process (PID=84) to work on /home/airflow/.local/lib/python3.12/site-packages/airflow/example_dags/example_skip_dag.py
[2025-02-19T09:38:27.174+0000] {processor.py:914} INFO - Processing file /home/airflow/.local/lib/python3.12/site-packages/airflow/example_dags/example_skip_dag.py for tasks to queue
[2025-02-19T09:38:27.176+0000] {logging_mixin.py:190} INFO - [2025-02-19T09:38:27.176+0000] {dagbag.py:587} INFO - Filling up the DagBag from /home/airflow/.local/lib/python3.12/site-packages/airflow/example_dags/example_skip_dag.py
[2025-02-19T09:38:27.183+0000] {processor.py:925} INFO - DAG(s) 'example_skip_dag' retrieved from /home/airflow/.local/lib/python3.12/site-packages/airflow/example_dags/example_skip_dag.py
[2025-02-19T09:38:27.204+0000] {logging_mixin.py:190} INFO - [2025-02-19T09:38:27.204+0000] {dag.py:3229} INFO - Sync 1 DAGs
[2025-02-19T09:38:27.230+0000] {logging_mixin.py:190} INFO - [2025-02-19T09:38:27.230+0000] {dag.py:4156} INFO - Setting next_dagrun for example_skip_dag to 2025-02-18 00:00:00+00:00, run_after=2025-02-19 00:00:00+00:00
[2025-02-19T09:38:27.251+0000] {processor.py:208} INFO - Processing /home/airflow/.local/lib/python3.12/site-packages/airflow/example_dags/example_skip_dag.py took 0.083 seconds
[2025-02-19T09:38:57.364+0000] {processor.py:186} INFO - Started process (PID=153) to work on /home/airflow/.local/lib/python3.12/site-packages/airflow/example_dags/example_skip_dag.py
[2025-02-19T09:38:57.365+0000] {processor.py:914} INFO - Processing file /home/airflow/.local/lib/python3.12/site-packages/airflow/example_dags/example_skip_dag.py for tasks to queue
[2025-02-19T09:38:57.367+0000] {logging_mixin.py:190} INFO - [2025-02-19T09:38:57.366+0000] {dagbag.py:587} INFO - Filling up the DagBag from /home/airflow/.local/lib/python3.12/site-packages/airflow/example_dags/example_skip_dag.py
[2025-02-19T09:38:57.374+0000] {processor.py:925} INFO - DAG(s) 'example_skip_dag' retrieved from /home/airflow/.local/lib/python3.12/site-packages/airflow/example_dags/example_skip_dag.py
[2025-02-19T09:38:57.396+0000] {logging_mixin.py:190} INFO - [2025-02-19T09:38:57.396+0000] {dag.py:3229} INFO - Sync 1 DAGs
[2025-02-19T09:38:57.430+0000] {logging_mixin.py:190} INFO - [2025-02-19T09:38:57.430+0000] {dag.py:4156} INFO - Setting next_dagrun for example_skip_dag to 2025-02-18 00:00:00+00:00, run_after=2025-02-19 00:00:00+00:00
[2025-02-19T09:38:57.453+0000] {processor.py:208} INFO - Processing /home/airflow/.local/lib/python3.12/site-packages/airflow/example_dags/example_skip_dag.py took 0.094 seconds
[2025-02-19T09:39:27.913+0000] {processor.py:186} INFO - Started process (PID=217) to work on /home/airflow/.local/lib/python3.12/site-packages/airflow/example_dags/example_skip_dag.py
[2025-02-19T09:39:27.914+0000] {processor.py:914} INFO - Processing file /home/airflow/.local/lib/python3.12/site-packages/airflow/example_dags/example_skip_dag.py for tasks to queue
[2025-02-19T09:39:27.916+0000] {logging_mixin.py:190} INFO - [2025-02-19T09:39:27.916+0000] {dagbag.py:587} INFO - Filling up the DagBag from /home/airflow/.local/lib/python3.12/site-packages/airflow/example_dags/example_skip_dag.py
[2025-02-19T09:39:27.922+0000] {processor.py:925} INFO - DAG(s) 'example_skip_dag' retrieved from /home/airflow/.local/lib/python3.12/site-packages/airflow/example_dags/example_skip_dag.py
[2025-02-19T09:39:27.940+0000] {logging_mixin.py:190} INFO - [2025-02-19T09:39:27.939+0000] {dag.py:3229} INFO - Sync 1 DAGs
[2025-02-19T09:39:27.960+0000] {logging_mixin.py:190} INFO - [2025-02-19T09:39:27.960+0000] {dag.py:4156} INFO - Setting next_dagrun for example_skip_dag to 2025-02-18 00:00:00+00:00, run_after=2025-02-19 00:00:00+00:00
[2025-02-19T09:39:27.981+0000] {processor.py:208} INFO - Processing /home/airflow/.local/lib/python3.12/site-packages/airflow/example_dags/example_skip_dag.py took 0.073 seconds
[2025-02-19T09:39:58.132+0000] {processor.py:186} INFO - Started process (PID=281) to work on /home/airflow/.local/lib/python3.12/site-packages/airflow/example_dags/example_skip_dag.py
[2025-02-19T09:39:58.133+0000] {processor.py:914} INFO - Processing file /home/airflow/.local/lib/python3.12/site-packages/airflow/example_dags/example_skip_dag.py for tasks to queue
[2025-02-19T09:39:58.135+0000] {logging_mixin.py:190} INFO - [2025-02-19T09:39:58.135+0000] {dagbag.py:587} INFO - Filling up the DagBag from /home/airflow/.local/lib/python3.12/site-packages/airflow/example_dags/example_skip_dag.py
[2025-02-19T09:39:58.141+0000] {processor.py:925} INFO - DAG(s) 'example_skip_dag' retrieved from /home/airflow/.local/lib/python3.12/site-packages/airflow/example_dags/example_skip_dag.py
[2025-02-19T09:39:58.159+0000] {logging_mixin.py:190} INFO - [2025-02-19T09:39:58.159+0000] {dag.py:3229} INFO - Sync 1 DAGs
[2025-02-19T09:39:58.178+0000] {logging_mixin.py:190} INFO - [2025-02-19T09:39:58.177+0000] {dag.py:4156} INFO - Setting next_dagrun for example_skip_dag to 2025-02-18 00:00:00+00:00, run_after=2025-02-19 00:00:00+00:00
[2025-02-19T09:39:58.192+0000] {processor.py:208} INFO - Processing /home/airflow/.local/lib/python3.12/site-packages/airflow/example_dags/example_skip_dag.py took 0.065 seconds
[2025-02-19T09:40:28.267+0000] {processor.py:186} INFO - Started process (PID=345) to work on /home/airflow/.local/lib/python3.12/site-packages/airflow/example_dags/example_skip_dag.py
[2025-02-19T09:40:28.268+0000] {processor.py:914} INFO - Processing file /home/airflow/.local/lib/python3.12/site-packages/airflow/example_dags/example_skip_dag.py for tasks to queue
[2025-02-19T09:40:28.270+0000] {logging_mixin.py:190} INFO - [2025-02-19T09:40:28.269+0000] {dagbag.py:587} INFO - Filling up the DagBag from /home/airflow/.local/lib/python3.12/site-packages/airflow/example_dags/example_skip_dag.py
[2025-02-19T09:40:28.276+0000] {processor.py:925} INFO - DAG(s) 'example_skip_dag' retrieved from /home/airflow/.local/lib/python3.12/site-packages/airflow/example_dags/example_skip_dag.py
[2025-02-19T09:40:28.295+0000] {logging_mixin.py:190} INFO - [2025-02-19T09:40:28.295+0000] {dag.py:3229} INFO - Sync 1 DAGs
[2025-02-19T09:40:28.317+0000] {logging_mixin.py:190} INFO - [2025-02-19T09:40:28.317+0000] {dag.py:4156} INFO - Setting next_dagrun for example_skip_dag to 2025-02-18 00:00:00+00:00, run_after=2025-02-19 00:00:00+00:00
[2025-02-19T09:40:28.335+0000] {processor.py:208} INFO - Processing /home/airflow/.local/lib/python3.12/site-packages/airflow/example_dags/example_skip_dag.py took 0.073 seconds
[2025-02-19T09:40:58.615+0000] {processor.py:186} INFO - Started process (PID=409) to work on /home/airflow/.local/lib/python3.12/site-packages/airflow/example_dags/example_skip_dag.py
[2025-02-19T09:40:58.616+0000] {processor.py:914} INFO - Processing file /home/airflow/.local/lib/python3.12/site-packages/airflow/example_dags/example_skip_dag.py for tasks to queue
[2025-02-19T09:40:58.618+0000] {logging_mixin.py:190} INFO - [2025-02-19T09:40:58.618+0000] {dagbag.py:587} INFO - Filling up the DagBag from /home/airflow/.local/lib/python3.12/site-packages/airflow/example_dags/example_skip_dag.py
[2025-02-19T09:40:58.624+0000] {processor.py:925} INFO - DAG(s) 'example_skip_dag' retrieved from /home/airflow/.local/lib/python3.12/site-packages/airflow/example_dags/example_skip_dag.py
[2025-02-19T09:40:58.641+0000] {logging_mixin.py:190} INFO - [2025-02-19T09:40:58.641+0000] {dag.py:3229} INFO - Sync 1 DAGs
[2025-02-19T09:40:58.659+0000] {logging_mixin.py:190} INFO - [2025-02-19T09:40:58.659+0000] {dag.py:4156} INFO - Setting next_dagrun for example_skip_dag to 2025-02-18 00:00:00+00:00, run_after=2025-02-19 00:00:00+00:00
[2025-02-19T09:40:58.674+0000] {processor.py:208} INFO - Processing /home/airflow/.local/lib/python3.12/site-packages/airflow/example_dags/example_skip_dag.py took 0.062 seconds
[2025-02-19T09:41:28.924+0000] {processor.py:186} INFO - Started process (PID=473) to work on /home/airflow/.local/lib/python3.12/site-packages/airflow/example_dags/example_skip_dag.py
[2025-02-19T09:41:28.925+0000] {processor.py:914} INFO - Processing file /home/airflow/.local/lib/python3.12/site-packages/airflow/example_dags/example_skip_dag.py for tasks to queue
[2025-02-19T09:41:28.928+0000] {logging_mixin.py:190} INFO - [2025-02-19T09:41:28.927+0000] {dagbag.py:587} INFO - Filling up the DagBag from /home/airflow/.local/lib/python3.12/site-packages/airflow/example_dags/example_skip_dag.py
[2025-02-19T09:41:28.935+0000] {processor.py:925} INFO - DAG(s) 'example_skip_dag' retrieved from /home/airflow/.local/lib/python3.12/site-packages/airflow/example_dags/example_skip_dag.py
[2025-02-19T09:41:28.956+0000] {logging_mixin.py:190} INFO - [2025-02-19T09:41:28.955+0000] {dag.py:3229} INFO - Sync 1 DAGs
[2025-02-19T09:41:28.981+0000] {logging_mixin.py:190} INFO - [2025-02-19T09:41:28.980+0000] {dag.py:4156} INFO - Setting next_dagrun for example_skip_dag to 2025-02-18 00:00:00+00:00, run_after=2025-02-19 00:00:00+00:00
[2025-02-19T09:41:28.999+0000] {processor.py:208} INFO - Processing /home/airflow/.local/lib/python3.12/site-packages/airflow/example_dags/example_skip_dag.py took 0.080 seconds
[2025-02-19T09:41:59.025+0000] {processor.py:186} INFO - Started process (PID=537) to work on /home/airflow/.local/lib/python3.12/site-packages/airflow/example_dags/example_skip_dag.py
[2025-02-19T09:41:59.026+0000] {processor.py:914} INFO - Processing file /home/airflow/.local/lib/python3.12/site-packages/airflow/example_dags/example_skip_dag.py for tasks to queue
[2025-02-19T09:41:59.028+0000] {logging_mixin.py:190} INFO - [2025-02-19T09:41:59.028+0000] {dagbag.py:587} INFO - Filling up the DagBag from /home/airflow/.local/lib/python3.12/site-packages/airflow/example_dags/example_skip_dag.py
[2025-02-19T09:41:59.033+0000] {processor.py:925} INFO - DAG(s) 'example_skip_dag' retrieved from /home/airflow/.local/lib/python3.12/site-packages/airflow/example_dags/example_skip_dag.py
[2025-02-19T09:41:59.048+0000] {logging_mixin.py:190} INFO - [2025-02-19T09:41:59.048+0000] {dag.py:3229} INFO - Sync 1 DAGs
[2025-02-19T09:41:59.066+0000] {logging_mixin.py:190} INFO - [2025-02-19T09:41:59.066+0000] {dag.py:4156} INFO - Setting next_dagrun for example_skip_dag to 2025-02-18 00:00:00+00:00, run_after=2025-02-19 00:00:00+00:00
[2025-02-19T09:41:59.080+0000] {processor.py:208} INFO - Processing /home/airflow/.local/lib/python3.12/site-packages/airflow/example_dags/example_skip_dag.py took 0.059 seconds
[2025-02-19T09:42:29.198+0000] {processor.py:186} INFO - Started process (PID=601) to work on /home/airflow/.local/lib/python3.12/site-packages/airflow/example_dags/example_skip_dag.py
[2025-02-19T09:42:29.199+0000] {processor.py:914} INFO - Processing file /home/airflow/.local/lib/python3.12/site-packages/airflow/example_dags/example_skip_dag.py for tasks to queue
[2025-02-19T09:42:29.201+0000] {logging_mixin.py:190} INFO - [2025-02-19T09:42:29.201+0000] {dagbag.py:587} INFO - Filling up the DagBag from /home/airflow/.local/lib/python3.12/site-packages/airflow/example_dags/example_skip_dag.py
[2025-02-19T09:42:29.207+0000] {processor.py:925} INFO - DAG(s) 'example_skip_dag' retrieved from /home/airflow/.local/lib/python3.12/site-packages/airflow/example_dags/example_skip_dag.py
[2025-02-19T09:42:29.226+0000] {logging_mixin.py:190} INFO - [2025-02-19T09:42:29.225+0000] {dag.py:3229} INFO - Sync 1 DAGs
[2025-02-19T09:42:29.246+0000] {logging_mixin.py:190} INFO - [2025-02-19T09:42:29.245+0000] {dag.py:4156} INFO - Setting next_dagrun for example_skip_dag to 2025-02-18 00:00:00+00:00, run_after=2025-02-19 00:00:00+00:00
[2025-02-19T09:42:29.260+0000] {processor.py:208} INFO - Processing /home/airflow/.local/lib/python3.12/site-packages/airflow/example_dags/example_skip_dag.py took 0.066 seconds
[2025-02-19T09:42:59.368+0000] {processor.py:186} INFO - Started process (PID=665) to work on /home/airflow/.local/lib/python3.12/site-packages/airflow/example_dags/example_skip_dag.py
[2025-02-19T09:42:59.369+0000] {processor.py:914} INFO - Processing file /home/airflow/.local/lib/python3.12/site-packages/airflow/example_dags/example_skip_dag.py for tasks to queue
[2025-02-19T09:42:59.371+0000] {logging_mixin.py:190} INFO - [2025-02-19T09:42:59.371+0000] {dagbag.py:587} INFO - Filling up the DagBag from /home/airflow/.local/lib/python3.12/site-packages/airflow/example_dags/example_skip_dag.py
[2025-02-19T09:42:59.376+0000] {processor.py:925} INFO - DAG(s) 'example_skip_dag' retrieved from /home/airflow/.local/lib/python3.12/site-packages/airflow/example_dags/example_skip_dag.py
[2025-02-19T09:42:59.394+0000] {logging_mixin.py:190} INFO - [2025-02-19T09:42:59.393+0000] {dag.py:3229} INFO - Sync 1 DAGs
[2025-02-19T09:42:59.411+0000] {logging_mixin.py:190} INFO - [2025-02-19T09:42:59.411+0000] {dag.py:4156} INFO - Setting next_dagrun for example_skip_dag to 2025-02-18 00:00:00+00:00, run_after=2025-02-19 00:00:00+00:00
[2025-02-19T09:42:59.425+0000] {processor.py:208} INFO - Processing /home/airflow/.local/lib/python3.12/site-packages/airflow/example_dags/example_skip_dag.py took 0.061 seconds
[2025-02-19T09:43:30.566+0000] {processor.py:186} INFO - Started process (PID=729) to work on /home/airflow/.local/lib/python3.12/site-packages/airflow/example_dags/example_skip_dag.py
[2025-02-19T09:43:30.567+0000] {processor.py:914} INFO - Processing file /home/airflow/.local/lib/python3.12/site-packages/airflow/example_dags/example_skip_dag.py for tasks to queue
[2025-02-19T09:43:30.569+0000] {logging_mixin.py:190} INFO - [2025-02-19T09:43:30.568+0000] {dagbag.py:587} INFO - Filling up the DagBag from /home/airflow/.local/lib/python3.12/site-packages/airflow/example_dags/example_skip_dag.py
[2025-02-19T09:43:30.575+0000] {processor.py:925} INFO - DAG(s) 'example_skip_dag' retrieved from /home/airflow/.local/lib/python3.12/site-packages/airflow/example_dags/example_skip_dag.py
[2025-02-19T09:43:30.593+0000] {logging_mixin.py:190} INFO - [2025-02-19T09:43:30.593+0000] {dag.py:3229} INFO - Sync 1 DAGs
[2025-02-19T09:43:30.611+0000] {logging_mixin.py:190} INFO - [2025-02-19T09:43:30.611+0000] {dag.py:4156} INFO - Setting next_dagrun for example_skip_dag to 2025-02-18 00:00:00+00:00, run_after=2025-02-19 00:00:00+00:00
[2025-02-19T09:43:30.627+0000] {processor.py:208} INFO - Processing /home/airflow/.local/lib/python3.12/site-packages/airflow/example_dags/example_skip_dag.py took 0.066 seconds
[2025-02-19T09:44:00.852+0000] {processor.py:186} INFO - Started process (PID=793) to work on /home/airflow/.local/lib/python3.12/site-packages/airflow/example_dags/example_skip_dag.py
[2025-02-19T09:44:00.853+0000] {processor.py:914} INFO - Processing file /home/airflow/.local/lib/python3.12/site-packages/airflow/example_dags/example_skip_dag.py for tasks to queue
[2025-02-19T09:44:00.855+0000] {logging_mixin.py:190} INFO - [2025-02-19T09:44:00.855+0000] {dagbag.py:587} INFO - Filling up the DagBag from /home/airflow/.local/lib/python3.12/site-packages/airflow/example_dags/example_skip_dag.py
[2025-02-19T09:44:00.861+0000] {processor.py:925} INFO - DAG(s) 'example_skip_dag' retrieved from /home/airflow/.local/lib/python3.12/site-packages/airflow/example_dags/example_skip_dag.py
[2025-02-19T09:44:00.882+0000] {logging_mixin.py:190} INFO - [2025-02-19T09:44:00.881+0000] {dag.py:3229} INFO - Sync 1 DAGs
[2025-02-19T09:44:00.904+0000] {logging_mixin.py:190} INFO - [2025-02-19T09:44:00.904+0000] {dag.py:4156} INFO - Setting next_dagrun for example_skip_dag to 2025-02-18 00:00:00+00:00, run_after=2025-02-19 00:00:00+00:00
[2025-02-19T09:44:00.926+0000] {processor.py:208} INFO - Processing /home/airflow/.local/lib/python3.12/site-packages/airflow/example_dags/example_skip_dag.py took 0.078 seconds
[2025-02-19T09:44:31.028+0000] {processor.py:186} INFO - Started process (PID=857) to work on /home/airflow/.local/lib/python3.12/site-packages/airflow/example_dags/example_skip_dag.py
[2025-02-19T09:44:31.030+0000] {processor.py:914} INFO - Processing file /home/airflow/.local/lib/python3.12/site-packages/airflow/example_dags/example_skip_dag.py for tasks to queue
[2025-02-19T09:44:31.031+0000] {logging_mixin.py:190} INFO - [2025-02-19T09:44:31.031+0000] {dagbag.py:587} INFO - Filling up the DagBag from /home/airflow/.local/lib/python3.12/site-packages/airflow/example_dags/example_skip_dag.py
[2025-02-19T09:44:31.037+0000] {processor.py:925} INFO - DAG(s) 'example_skip_dag' retrieved from /home/airflow/.local/lib/python3.12/site-packages/airflow/example_dags/example_skip_dag.py
[2025-02-19T09:44:31.055+0000] {logging_mixin.py:190} INFO - [2025-02-19T09:44:31.055+0000] {dag.py:3229} INFO - Sync 1 DAGs
[2025-02-19T09:44:31.074+0000] {logging_mixin.py:190} INFO - [2025-02-19T09:44:31.074+0000] {dag.py:4156} INFO - Setting next_dagrun for example_skip_dag to 2025-02-18 00:00:00+00:00, run_after=2025-02-19 00:00:00+00:00
[2025-02-19T09:44:31.091+0000] {processor.py:208} INFO - Processing /home/airflow/.local/lib/python3.12/site-packages/airflow/example_dags/example_skip_dag.py took 0.067 seconds
[2025-02-19T09:45:01.279+0000] {processor.py:186} INFO - Started process (PID=921) to work on /home/airflow/.local/lib/python3.12/site-packages/airflow/example_dags/example_skip_dag.py
[2025-02-19T09:45:01.280+0000] {processor.py:914} INFO - Processing file /home/airflow/.local/lib/python3.12/site-packages/airflow/example_dags/example_skip_dag.py for tasks to queue
[2025-02-19T09:45:01.282+0000] {logging_mixin.py:190} INFO - [2025-02-19T09:45:01.282+0000] {dagbag.py:587} INFO - Filling up the DagBag from /home/airflow/.local/lib/python3.12/site-packages/airflow/example_dags/example_skip_dag.py
[2025-02-19T09:45:01.288+0000] {processor.py:925} INFO - DAG(s) 'example_skip_dag' retrieved from /home/airflow/.local/lib/python3.12/site-packages/airflow/example_dags/example_skip_dag.py
[2025-02-19T09:45:01.308+0000] {logging_mixin.py:190} INFO - [2025-02-19T09:45:01.307+0000] {dag.py:3229} INFO - Sync 1 DAGs
[2025-02-19T09:45:01.329+0000] {logging_mixin.py:190} INFO - [2025-02-19T09:45:01.329+0000] {dag.py:4156} INFO - Setting next_dagrun for example_skip_dag to 2025-02-18 00:00:00+00:00, run_after=2025-02-19 00:00:00+00:00
[2025-02-19T09:45:01.349+0000] {processor.py:208} INFO - Processing /home/airflow/.local/lib/python3.12/site-packages/airflow/example_dags/example_skip_dag.py took 0.075 seconds
[2025-02-19T09:45:31.450+0000] {processor.py:186} INFO - Started process (PID=985) to work on /home/airflow/.local/lib/python3.12/site-packages/airflow/example_dags/example_skip_dag.py
[2025-02-19T09:45:31.451+0000] {processor.py:914} INFO - Processing file /home/airflow/.local/lib/python3.12/site-packages/airflow/example_dags/example_skip_dag.py for tasks to queue
[2025-02-19T09:45:31.453+0000] {logging_mixin.py:190} INFO - [2025-02-19T09:45:31.453+0000] {dagbag.py:587} INFO - Filling up the DagBag from /home/airflow/.local/lib/python3.12/site-packages/airflow/example_dags/example_skip_dag.py
[2025-02-19T09:45:31.459+0000] {processor.py:925} INFO - DAG(s) 'example_skip_dag' retrieved from /home/airflow/.local/lib/python3.12/site-packages/airflow/example_dags/example_skip_dag.py
[2025-02-19T09:45:31.477+0000] {logging_mixin.py:190} INFO - [2025-02-19T09:45:31.477+0000] {dag.py:3229} INFO - Sync 1 DAGs
[2025-02-19T09:45:31.496+0000] {logging_mixin.py:190} INFO - [2025-02-19T09:45:31.495+0000] {dag.py:4156} INFO - Setting next_dagrun for example_skip_dag to 2025-02-18 00:00:00+00:00, run_after=2025-02-19 00:00:00+00:00
[2025-02-19T09:45:31.511+0000] {processor.py:208} INFO - Processing /home/airflow/.local/lib/python3.12/site-packages/airflow/example_dags/example_skip_dag.py took 0.065 seconds
[2025-02-19T09:46:01.648+0000] {processor.py:186} INFO - Started process (PID=1049) to work on /home/airflow/.local/lib/python3.12/site-packages/airflow/example_dags/example_skip_dag.py
[2025-02-19T09:46:01.649+0000] {processor.py:914} INFO - Processing file /home/airflow/.local/lib/python3.12/site-packages/airflow/example_dags/example_skip_dag.py for tasks to queue
[2025-02-19T09:46:01.651+0000] {logging_mixin.py:190} INFO - [2025-02-19T09:46:01.651+0000] {dagbag.py:587} INFO - Filling up the DagBag from /home/airflow/.local/lib/python3.12/site-packages/airflow/example_dags/example_skip_dag.py
[2025-02-19T09:46:01.657+0000] {processor.py:925} INFO - DAG(s) 'example_skip_dag' retrieved from /home/airflow/.local/lib/python3.12/site-packages/airflow/example_dags/example_skip_dag.py
[2025-02-19T09:46:01.673+0000] {logging_mixin.py:190} INFO - [2025-02-19T09:46:01.673+0000] {dag.py:3229} INFO - Sync 1 DAGs
[2025-02-19T09:46:01.691+0000] {logging_mixin.py:190} INFO - [2025-02-19T09:46:01.691+0000] {dag.py:4156} INFO - Setting next_dagrun for example_skip_dag to 2025-02-18 00:00:00+00:00, run_after=2025-02-19 00:00:00+00:00
[2025-02-19T09:46:01.705+0000] {processor.py:208} INFO - Processing /home/airflow/.local/lib/python3.12/site-packages/airflow/example_dags/example_skip_dag.py took 0.061 seconds
[2025-02-19T09:46:32.581+0000] {processor.py:186} INFO - Started process (PID=1113) to work on /home/airflow/.local/lib/python3.12/site-packages/airflow/example_dags/example_skip_dag.py
[2025-02-19T09:46:32.582+0000] {processor.py:914} INFO - Processing file /home/airflow/.local/lib/python3.12/site-packages/airflow/example_dags/example_skip_dag.py for tasks to queue
[2025-02-19T09:46:32.584+0000] {logging_mixin.py:190} INFO - [2025-02-19T09:46:32.584+0000] {dagbag.py:587} INFO - Filling up the DagBag from /home/airflow/.local/lib/python3.12/site-packages/airflow/example_dags/example_skip_dag.py
[2025-02-19T09:46:32.590+0000] {processor.py:925} INFO - DAG(s) 'example_skip_dag' retrieved from /home/airflow/.local/lib/python3.12/site-packages/airflow/example_dags/example_skip_dag.py
[2025-02-19T09:46:32.609+0000] {logging_mixin.py:190} INFO - [2025-02-19T09:46:32.609+0000] {dag.py:3229} INFO - Sync 1 DAGs
[2025-02-19T09:46:32.627+0000] {logging_mixin.py:190} INFO - [2025-02-19T09:46:32.627+0000] {dag.py:4156} INFO - Setting next_dagrun for example_skip_dag to 2025-02-18 00:00:00+00:00, run_after=2025-02-19 00:00:00+00:00
[2025-02-19T09:46:32.640+0000] {processor.py:208} INFO - Processing /home/airflow/.local/lib/python3.12/site-packages/airflow/example_dags/example_skip_dag.py took 0.063 seconds
[2025-02-19T09:47:03.480+0000] {processor.py:186} INFO - Started process (PID=1177) to work on /home/airflow/.local/lib/python3.12/site-packages/airflow/example_dags/example_skip_dag.py
[2025-02-19T09:47:03.481+0000] {processor.py:914} INFO - Processing file /home/airflow/.local/lib/python3.12/site-packages/airflow/example_dags/example_skip_dag.py for tasks to queue
[2025-02-19T09:47:03.483+0000] {logging_mixin.py:190} INFO - [2025-02-19T09:47:03.483+0000] {dagbag.py:587} INFO - Filling up the DagBag from /home/airflow/.local/lib/python3.12/site-packages/airflow/example_dags/example_skip_dag.py
[2025-02-19T09:47:03.490+0000] {processor.py:925} INFO - DAG(s) 'example_skip_dag' retrieved from /home/airflow/.local/lib/python3.12/site-packages/airflow/example_dags/example_skip_dag.py
[2025-02-19T09:47:03.513+0000] {logging_mixin.py:190} INFO - [2025-02-19T09:47:03.513+0000] {dag.py:3229} INFO - Sync 1 DAGs
[2025-02-19T09:47:03.540+0000] {logging_mixin.py:190} INFO - [2025-02-19T09:47:03.540+0000] {dag.py:4156} INFO - Setting next_dagrun for example_skip_dag to 2025-02-18 00:00:00+00:00, run_after=2025-02-19 00:00:00+00:00
[2025-02-19T09:47:03.559+0000] {processor.py:208} INFO - Processing /home/airflow/.local/lib/python3.12/site-packages/airflow/example_dags/example_skip_dag.py took 0.083 seconds
[2025-02-19T09:47:33.854+0000] {processor.py:186} INFO - Started process (PID=1241) to work on /home/airflow/.local/lib/python3.12/site-packages/airflow/example_dags/example_skip_dag.py
[2025-02-19T09:47:33.855+0000] {processor.py:914} INFO - Processing file /home/airflow/.local/lib/python3.12/site-packages/airflow/example_dags/example_skip_dag.py for tasks to queue
[2025-02-19T09:47:33.857+0000] {logging_mixin.py:190} INFO - [2025-02-19T09:47:33.857+0000] {dagbag.py:587} INFO - Filling up the DagBag from /home/airflow/.local/lib/python3.12/site-packages/airflow/example_dags/example_skip_dag.py
[2025-02-19T09:47:33.864+0000] {processor.py:925} INFO - DAG(s) 'example_skip_dag' retrieved from /home/airflow/.local/lib/python3.12/site-packages/airflow/example_dags/example_skip_dag.py
[2025-02-19T09:47:33.887+0000] {logging_mixin.py:190} INFO - [2025-02-19T09:47:33.886+0000] {dag.py:3229} INFO - Sync 1 DAGs
[2025-02-19T09:47:33.910+0000] {logging_mixin.py:190} INFO - [2025-02-19T09:47:33.909+0000] {dag.py:4156} INFO - Setting next_dagrun for example_skip_dag to 2025-02-18 00:00:00+00:00, run_after=2025-02-19 00:00:00+00:00
[2025-02-19T09:47:33.929+0000] {processor.py:208} INFO - Processing /home/airflow/.local/lib/python3.12/site-packages/airflow/example_dags/example_skip_dag.py took 0.080 seconds
[2025-02-19T09:48:04.278+0000] {processor.py:186} INFO - Started process (PID=1306) to work on /home/airflow/.local/lib/python3.12/site-packages/airflow/example_dags/example_skip_dag.py
[2025-02-19T09:48:04.279+0000] {processor.py:914} INFO - Processing file /home/airflow/.local/lib/python3.12/site-packages/airflow/example_dags/example_skip_dag.py for tasks to queue
[2025-02-19T09:48:04.282+0000] {logging_mixin.py:190} INFO - [2025-02-19T09:48:04.281+0000] {dagbag.py:587} INFO - Filling up the DagBag from /home/airflow/.local/lib/python3.12/site-packages/airflow/example_dags/example_skip_dag.py
[2025-02-19T09:48:04.289+0000] {processor.py:925} INFO - DAG(s) 'example_skip_dag' retrieved from /home/airflow/.local/lib/python3.12/site-packages/airflow/example_dags/example_skip_dag.py
[2025-02-19T09:48:04.309+0000] {logging_mixin.py:190} INFO - [2025-02-19T09:48:04.308+0000] {dag.py:3229} INFO - Sync 1 DAGs
[2025-02-19T09:48:04.330+0000] {logging_mixin.py:190} INFO - [2025-02-19T09:48:04.330+0000] {dag.py:4156} INFO - Setting next_dagrun for example_skip_dag to 2025-02-18 00:00:00+00:00, run_after=2025-02-19 00:00:00+00:00
[2025-02-19T09:48:04.346+0000] {processor.py:208} INFO - Processing /home/airflow/.local/lib/python3.12/site-packages/airflow/example_dags/example_skip_dag.py took 0.074 seconds
[2025-02-19T09:48:34.451+0000] {processor.py:186} INFO - Started process (PID=1370) to work on /home/airflow/.local/lib/python3.12/site-packages/airflow/example_dags/example_skip_dag.py
[2025-02-19T09:48:34.452+0000] {processor.py:914} INFO - Processing file /home/airflow/.local/lib/python3.12/site-packages/airflow/example_dags/example_skip_dag.py for tasks to queue
[2025-02-19T09:48:34.454+0000] {logging_mixin.py:190} INFO - [2025-02-19T09:48:34.454+0000] {dagbag.py:587} INFO - Filling up the DagBag from /home/airflow/.local/lib/python3.12/site-packages/airflow/example_dags/example_skip_dag.py
[2025-02-19T09:48:34.461+0000] {processor.py:925} INFO - DAG(s) 'example_skip_dag' retrieved from /home/airflow/.local/lib/python3.12/site-packages/airflow/example_dags/example_skip_dag.py
[2025-02-19T09:48:34.480+0000] {logging_mixin.py:190} INFO - [2025-02-19T09:48:34.479+0000] {dag.py:3229} INFO - Sync 1 DAGs
[2025-02-19T09:48:34.498+0000] {logging_mixin.py:190} INFO - [2025-02-19T09:48:34.498+0000] {dag.py:4156} INFO - Setting next_dagrun for example_skip_dag to 2025-02-18 00:00:00+00:00, run_after=2025-02-19 00:00:00+00:00
[2025-02-19T09:48:34.516+0000] {processor.py:208} INFO - Processing /home/airflow/.local/lib/python3.12/site-packages/airflow/example_dags/example_skip_dag.py took 0.069 seconds
[2025-02-19T09:49:05.370+0000] {processor.py:186} INFO - Started process (PID=1434) to work on /home/airflow/.local/lib/python3.12/site-packages/airflow/example_dags/example_skip_dag.py
[2025-02-19T09:49:05.371+0000] {processor.py:914} INFO - Processing file /home/airflow/.local/lib/python3.12/site-packages/airflow/example_dags/example_skip_dag.py for tasks to queue
[2025-02-19T09:49:05.373+0000] {logging_mixin.py:190} INFO - [2025-02-19T09:49:05.373+0000] {dagbag.py:587} INFO - Filling up the DagBag from /home/airflow/.local/lib/python3.12/site-packages/airflow/example_dags/example_skip_dag.py
[2025-02-19T09:49:05.379+0000] {processor.py:925} INFO - DAG(s) 'example_skip_dag' retrieved from /home/airflow/.local/lib/python3.12/site-packages/airflow/example_dags/example_skip_dag.py
[2025-02-19T09:49:05.399+0000] {logging_mixin.py:190} INFO - [2025-02-19T09:49:05.399+0000] {dag.py:3229} INFO - Sync 1 DAGs
[2025-02-19T09:49:05.417+0000] {logging_mixin.py:190} INFO - [2025-02-19T09:49:05.417+0000] {dag.py:4156} INFO - Setting next_dagrun for example_skip_dag to 2025-02-18 00:00:00+00:00, run_after=2025-02-19 00:00:00+00:00
[2025-02-19T09:49:05.432+0000] {processor.py:208} INFO - Processing /home/airflow/.local/lib/python3.12/site-packages/airflow/example_dags/example_skip_dag.py took 0.067 seconds
[2025-02-19T09:49:36.288+0000] {processor.py:186} INFO - Started process (PID=1498) to work on /home/airflow/.local/lib/python3.12/site-packages/airflow/example_dags/example_skip_dag.py
[2025-02-19T09:49:36.289+0000] {processor.py:914} INFO - Processing file /home/airflow/.local/lib/python3.12/site-packages/airflow/example_dags/example_skip_dag.py for tasks to queue
[2025-02-19T09:49:36.290+0000] {logging_mixin.py:190} INFO - [2025-02-19T09:49:36.290+0000] {dagbag.py:587} INFO - Filling up the DagBag from /home/airflow/.local/lib/python3.12/site-packages/airflow/example_dags/example_skip_dag.py
[2025-02-19T09:49:36.297+0000] {processor.py:925} INFO - DAG(s) 'example_skip_dag' retrieved from /home/airflow/.local/lib/python3.12/site-packages/airflow/example_dags/example_skip_dag.py
[2025-02-19T09:49:36.316+0000] {logging_mixin.py:190} INFO - [2025-02-19T09:49:36.315+0000] {dag.py:3229} INFO - Sync 1 DAGs
[2025-02-19T09:49:36.335+0000] {logging_mixin.py:190} INFO - [2025-02-19T09:49:36.335+0000] {dag.py:4156} INFO - Setting next_dagrun for example_skip_dag to 2025-02-18 00:00:00+00:00, run_after=2025-02-19 00:00:00+00:00
[2025-02-19T09:49:36.352+0000] {processor.py:208} INFO - Processing /home/airflow/.local/lib/python3.12/site-packages/airflow/example_dags/example_skip_dag.py took 0.069 seconds
[2025-02-19T09:50:06.580+0000] {processor.py:186} INFO - Started process (PID=1562) to work on /home/airflow/.local/lib/python3.12/site-packages/airflow/example_dags/example_skip_dag.py
[2025-02-19T09:50:06.581+0000] {processor.py:914} INFO - Processing file /home/airflow/.local/lib/python3.12/site-packages/airflow/example_dags/example_skip_dag.py for tasks to queue
[2025-02-19T09:50:06.583+0000] {logging_mixin.py:190} INFO - [2025-02-19T09:50:06.583+0000] {dagbag.py:587} INFO - Filling up the DagBag from /home/airflow/.local/lib/python3.12/site-packages/airflow/example_dags/example_skip_dag.py
[2025-02-19T09:50:06.589+0000] {processor.py:925} INFO - DAG(s) 'example_skip_dag' retrieved from /home/airflow/.local/lib/python3.12/site-packages/airflow/example_dags/example_skip_dag.py
[2025-02-19T09:50:06.608+0000] {logging_mixin.py:190} INFO - [2025-02-19T09:50:06.607+0000] {dag.py:3229} INFO - Sync 1 DAGs
[2025-02-19T09:50:06.626+0000] {logging_mixin.py:190} INFO - [2025-02-19T09:50:06.625+0000] {dag.py:4156} INFO - Setting next_dagrun for example_skip_dag to 2025-02-18 00:00:00+00:00, run_after=2025-02-19 00:00:00+00:00
[2025-02-19T09:50:06.642+0000] {processor.py:208} INFO - Processing /home/airflow/.local/lib/python3.12/site-packages/airflow/example_dags/example_skip_dag.py took 0.066 seconds
[2025-02-19T09:50:36.901+0000] {processor.py:186} INFO - Started process (PID=1626) to work on /home/airflow/.local/lib/python3.12/site-packages/airflow/example_dags/example_skip_dag.py
[2025-02-19T09:50:36.903+0000] {processor.py:914} INFO - Processing file /home/airflow/.local/lib/python3.12/site-packages/airflow/example_dags/example_skip_dag.py for tasks to queue
[2025-02-19T09:50:36.905+0000] {logging_mixin.py:190} INFO - [2025-02-19T09:50:36.904+0000] {dagbag.py:587} INFO - Filling up the DagBag from /home/airflow/.local/lib/python3.12/site-packages/airflow/example_dags/example_skip_dag.py
[2025-02-19T09:50:36.911+0000] {processor.py:925} INFO - DAG(s) 'example_skip_dag' retrieved from /home/airflow/.local/lib/python3.12/site-packages/airflow/example_dags/example_skip_dag.py
[2025-02-19T09:50:36.931+0000] {logging_mixin.py:190} INFO - [2025-02-19T09:50:36.931+0000] {dag.py:3229} INFO - Sync 1 DAGs
[2025-02-19T09:50:36.952+0000] {logging_mixin.py:190} INFO - [2025-02-19T09:50:36.952+0000] {dag.py:4156} INFO - Setting next_dagrun for example_skip_dag to 2025-02-18 00:00:00+00:00, run_after=2025-02-19 00:00:00+00:00
[2025-02-19T09:50:36.969+0000] {processor.py:208} INFO - Processing /home/airflow/.local/lib/python3.12/site-packages/airflow/example_dags/example_skip_dag.py took 0.072 seconds
[2025-02-19T09:51:07.334+0000] {processor.py:186} INFO - Started process (PID=1690) to work on /home/airflow/.local/lib/python3.12/site-packages/airflow/example_dags/example_skip_dag.py
[2025-02-19T09:51:07.335+0000] {processor.py:914} INFO - Processing file /home/airflow/.local/lib/python3.12/site-packages/airflow/example_dags/example_skip_dag.py for tasks to queue
[2025-02-19T09:51:07.338+0000] {logging_mixin.py:190} INFO - [2025-02-19T09:51:07.337+0000] {dagbag.py:587} INFO - Filling up the DagBag from /home/airflow/.local/lib/python3.12/site-packages/airflow/example_dags/example_skip_dag.py
[2025-02-19T09:51:07.343+0000] {processor.py:925} INFO - DAG(s) 'example_skip_dag' retrieved from /home/airflow/.local/lib/python3.12/site-packages/airflow/example_dags/example_skip_dag.py
[2025-02-19T09:51:07.360+0000] {logging_mixin.py:190} INFO - [2025-02-19T09:51:07.359+0000] {dag.py:3229} INFO - Sync 1 DAGs
[2025-02-19T09:51:07.377+0000] {logging_mixin.py:190} INFO - [2025-02-19T09:51:07.377+0000] {dag.py:4156} INFO - Setting next_dagrun for example_skip_dag to 2025-02-18 00:00:00+00:00, run_after=2025-02-19 00:00:00+00:00
[2025-02-19T09:51:07.392+0000] {processor.py:208} INFO - Processing /home/airflow/.local/lib/python3.12/site-packages/airflow/example_dags/example_skip_dag.py took 0.062 seconds
[2025-02-19T09:51:37.562+0000] {processor.py:186} INFO - Started process (PID=1754) to work on /home/airflow/.local/lib/python3.12/site-packages/airflow/example_dags/example_skip_dag.py
[2025-02-19T09:51:37.563+0000] {processor.py:914} INFO - Processing file /home/airflow/.local/lib/python3.12/site-packages/airflow/example_dags/example_skip_dag.py for tasks to queue
[2025-02-19T09:51:37.565+0000] {logging_mixin.py:190} INFO - [2025-02-19T09:51:37.564+0000] {dagbag.py:587} INFO - Filling up the DagBag from /home/airflow/.local/lib/python3.12/site-packages/airflow/example_dags/example_skip_dag.py
[2025-02-19T09:51:37.571+0000] {processor.py:925} INFO - DAG(s) 'example_skip_dag' retrieved from /home/airflow/.local/lib/python3.12/site-packages/airflow/example_dags/example_skip_dag.py
[2025-02-19T09:51:37.591+0000] {logging_mixin.py:190} INFO - [2025-02-19T09:51:37.591+0000] {dag.py:3229} INFO - Sync 1 DAGs
[2025-02-19T09:51:37.611+0000] {logging_mixin.py:190} INFO - [2025-02-19T09:51:37.610+0000] {dag.py:4156} INFO - Setting next_dagrun for example_skip_dag to 2025-02-18 00:00:00+00:00, run_after=2025-02-19 00:00:00+00:00
[2025-02-19T09:51:37.624+0000] {processor.py:208} INFO - Processing /home/airflow/.local/lib/python3.12/site-packages/airflow/example_dags/example_skip_dag.py took 0.066 seconds
[2025-02-19T09:52:07.912+0000] {processor.py:186} INFO - Started process (PID=1818) to work on /home/airflow/.local/lib/python3.12/site-packages/airflow/example_dags/example_skip_dag.py
[2025-02-19T09:52:07.913+0000] {processor.py:914} INFO - Processing file /home/airflow/.local/lib/python3.12/site-packages/airflow/example_dags/example_skip_dag.py for tasks to queue
[2025-02-19T09:52:07.916+0000] {logging_mixin.py:190} INFO - [2025-02-19T09:52:07.915+0000] {dagbag.py:587} INFO - Filling up the DagBag from /home/airflow/.local/lib/python3.12/site-packages/airflow/example_dags/example_skip_dag.py
[2025-02-19T09:52:07.922+0000] {processor.py:925} INFO - DAG(s) 'example_skip_dag' retrieved from /home/airflow/.local/lib/python3.12/site-packages/airflow/example_dags/example_skip_dag.py
[2025-02-19T09:52:07.944+0000] {logging_mixin.py:190} INFO - [2025-02-19T09:52:07.943+0000] {dag.py:3229} INFO - Sync 1 DAGs
[2025-02-19T09:52:07.963+0000] {logging_mixin.py:190} INFO - [2025-02-19T09:52:07.963+0000] {dag.py:4156} INFO - Setting next_dagrun for example_skip_dag to 2025-02-18 00:00:00+00:00, run_after=2025-02-19 00:00:00+00:00
[2025-02-19T09:52:07.980+0000] {processor.py:208} INFO - Processing /home/airflow/.local/lib/python3.12/site-packages/airflow/example_dags/example_skip_dag.py took 0.073 seconds
[2025-02-19T09:52:38.037+0000] {processor.py:186} INFO - Started process (PID=1882) to work on /home/airflow/.local/lib/python3.12/site-packages/airflow/example_dags/example_skip_dag.py
[2025-02-19T09:52:38.038+0000] {processor.py:914} INFO - Processing file /home/airflow/.local/lib/python3.12/site-packages/airflow/example_dags/example_skip_dag.py for tasks to queue
[2025-02-19T09:52:38.040+0000] {logging_mixin.py:190} INFO - [2025-02-19T09:52:38.040+0000] {dagbag.py:587} INFO - Filling up the DagBag from /home/airflow/.local/lib/python3.12/site-packages/airflow/example_dags/example_skip_dag.py
[2025-02-19T09:52:38.047+0000] {processor.py:925} INFO - DAG(s) 'example_skip_dag' retrieved from /home/airflow/.local/lib/python3.12/site-packages/airflow/example_dags/example_skip_dag.py
[2025-02-19T09:52:38.066+0000] {logging_mixin.py:190} INFO - [2025-02-19T09:52:38.065+0000] {dag.py:3229} INFO - Sync 1 DAGs
[2025-02-19T09:52:38.085+0000] {logging_mixin.py:190} INFO - [2025-02-19T09:52:38.085+0000] {dag.py:4156} INFO - Setting next_dagrun for example_skip_dag to 2025-02-18 00:00:00+00:00, run_after=2025-02-19 00:00:00+00:00
[2025-02-19T09:52:38.099+0000] {processor.py:208} INFO - Processing /home/airflow/.local/lib/python3.12/site-packages/airflow/example_dags/example_skip_dag.py took 0.067 seconds
[2025-02-19T09:53:08.429+0000] {processor.py:186} INFO - Started process (PID=1946) to work on /home/airflow/.local/lib/python3.12/site-packages/airflow/example_dags/example_skip_dag.py
[2025-02-19T09:53:08.431+0000] {processor.py:914} INFO - Processing file /home/airflow/.local/lib/python3.12/site-packages/airflow/example_dags/example_skip_dag.py for tasks to queue
[2025-02-19T09:53:08.432+0000] {logging_mixin.py:190} INFO - [2025-02-19T09:53:08.432+0000] {dagbag.py:587} INFO - Filling up the DagBag from /home/airflow/.local/lib/python3.12/site-packages/airflow/example_dags/example_skip_dag.py
[2025-02-19T09:53:08.439+0000] {processor.py:925} INFO - DAG(s) 'example_skip_dag' retrieved from /home/airflow/.local/lib/python3.12/site-packages/airflow/example_dags/example_skip_dag.py
[2025-02-19T09:53:08.459+0000] {logging_mixin.py:190} INFO - [2025-02-19T09:53:08.459+0000] {dag.py:3229} INFO - Sync 1 DAGs
[2025-02-19T09:53:08.479+0000] {logging_mixin.py:190} INFO - [2025-02-19T09:53:08.479+0000] {dag.py:4156} INFO - Setting next_dagrun for example_skip_dag to 2025-02-18 00:00:00+00:00, run_after=2025-02-19 00:00:00+00:00
[2025-02-19T09:53:08.499+0000] {processor.py:208} INFO - Processing /home/airflow/.local/lib/python3.12/site-packages/airflow/example_dags/example_skip_dag.py took 0.074 seconds
[2025-02-19T09:53:38.912+0000] {processor.py:186} INFO - Started process (PID=2010) to work on /home/airflow/.local/lib/python3.12/site-packages/airflow/example_dags/example_skip_dag.py
[2025-02-19T09:53:38.913+0000] {processor.py:914} INFO - Processing file /home/airflow/.local/lib/python3.12/site-packages/airflow/example_dags/example_skip_dag.py for tasks to queue
[2025-02-19T09:53:38.915+0000] {logging_mixin.py:190} INFO - [2025-02-19T09:53:38.915+0000] {dagbag.py:587} INFO - Filling up the DagBag from /home/airflow/.local/lib/python3.12/site-packages/airflow/example_dags/example_skip_dag.py
[2025-02-19T09:53:38.922+0000] {processor.py:925} INFO - DAG(s) 'example_skip_dag' retrieved from /home/airflow/.local/lib/python3.12/site-packages/airflow/example_dags/example_skip_dag.py
[2025-02-19T09:53:38.943+0000] {logging_mixin.py:190} INFO - [2025-02-19T09:53:38.942+0000] {dag.py:3229} INFO - Sync 1 DAGs
[2025-02-19T09:53:38.963+0000] {logging_mixin.py:190} INFO - [2025-02-19T09:53:38.963+0000] {dag.py:4156} INFO - Setting next_dagrun for example_skip_dag to 2025-02-18 00:00:00+00:00, run_after=2025-02-19 00:00:00+00:00
[2025-02-19T09:53:38.981+0000] {processor.py:208} INFO - Processing /home/airflow/.local/lib/python3.12/site-packages/airflow/example_dags/example_skip_dag.py took 0.075 seconds
[2025-02-19T09:54:09.226+0000] {processor.py:186} INFO - Started process (PID=2074) to work on /home/airflow/.local/lib/python3.12/site-packages/airflow/example_dags/example_skip_dag.py
[2025-02-19T09:54:09.227+0000] {processor.py:914} INFO - Processing file /home/airflow/.local/lib/python3.12/site-packages/airflow/example_dags/example_skip_dag.py for tasks to queue
[2025-02-19T09:54:09.229+0000] {logging_mixin.py:190} INFO - [2025-02-19T09:54:09.229+0000] {dagbag.py:587} INFO - Filling up the DagBag from /home/airflow/.local/lib/python3.12/site-packages/airflow/example_dags/example_skip_dag.py
[2025-02-19T09:54:09.236+0000] {processor.py:925} INFO - DAG(s) 'example_skip_dag' retrieved from /home/airflow/.local/lib/python3.12/site-packages/airflow/example_dags/example_skip_dag.py
[2025-02-19T09:54:09.256+0000] {logging_mixin.py:190} INFO - [2025-02-19T09:54:09.255+0000] {dag.py:3229} INFO - Sync 1 DAGs
[2025-02-19T09:54:09.277+0000] {logging_mixin.py:190} INFO - [2025-02-19T09:54:09.277+0000] {dag.py:4156} INFO - Setting next_dagrun for example_skip_dag to 2025-02-18 00:00:00+00:00, run_after=2025-02-19 00:00:00+00:00
[2025-02-19T09:54:09.293+0000] {processor.py:208} INFO - Processing /home/airflow/.local/lib/python3.12/site-packages/airflow/example_dags/example_skip_dag.py took 0.071 seconds
[2025-02-19T09:54:39.479+0000] {processor.py:186} INFO - Started process (PID=2138) to work on /home/airflow/.local/lib/python3.12/site-packages/airflow/example_dags/example_skip_dag.py
[2025-02-19T09:54:39.480+0000] {processor.py:914} INFO - Processing file /home/airflow/.local/lib/python3.12/site-packages/airflow/example_dags/example_skip_dag.py for tasks to queue
[2025-02-19T09:54:39.483+0000] {logging_mixin.py:190} INFO - [2025-02-19T09:54:39.482+0000] {dagbag.py:587} INFO - Filling up the DagBag from /home/airflow/.local/lib/python3.12/site-packages/airflow/example_dags/example_skip_dag.py
[2025-02-19T09:54:39.489+0000] {processor.py:925} INFO - DAG(s) 'example_skip_dag' retrieved from /home/airflow/.local/lib/python3.12/site-packages/airflow/example_dags/example_skip_dag.py
[2025-02-19T09:54:39.508+0000] {logging_mixin.py:190} INFO - [2025-02-19T09:54:39.507+0000] {dag.py:3229} INFO - Sync 1 DAGs
[2025-02-19T09:54:39.527+0000] {logging_mixin.py:190} INFO - [2025-02-19T09:54:39.527+0000] {dag.py:4156} INFO - Setting next_dagrun for example_skip_dag to 2025-02-18 00:00:00+00:00, run_after=2025-02-19 00:00:00+00:00
[2025-02-19T09:54:39.544+0000] {processor.py:208} INFO - Processing /home/airflow/.local/lib/python3.12/site-packages/airflow/example_dags/example_skip_dag.py took 0.068 seconds
[2025-02-19T09:55:09.805+0000] {processor.py:186} INFO - Started process (PID=2202) to work on /home/airflow/.local/lib/python3.12/site-packages/airflow/example_dags/example_skip_dag.py
[2025-02-19T09:55:09.806+0000] {processor.py:914} INFO - Processing file /home/airflow/.local/lib/python3.12/site-packages/airflow/example_dags/example_skip_dag.py for tasks to queue
[2025-02-19T09:55:09.808+0000] {logging_mixin.py:190} INFO - [2025-02-19T09:55:09.808+0000] {dagbag.py:587} INFO - Filling up the DagBag from /home/airflow/.local/lib/python3.12/site-packages/airflow/example_dags/example_skip_dag.py
[2025-02-19T09:55:09.814+0000] {processor.py:925} INFO - DAG(s) 'example_skip_dag' retrieved from /home/airflow/.local/lib/python3.12/site-packages/airflow/example_dags/example_skip_dag.py
[2025-02-19T09:55:09.835+0000] {logging_mixin.py:190} INFO - [2025-02-19T09:55:09.834+0000] {dag.py:3229} INFO - Sync 1 DAGs
[2025-02-19T09:55:09.855+0000] {logging_mixin.py:190} INFO - [2025-02-19T09:55:09.855+0000] {dag.py:4156} INFO - Setting next_dagrun for example_skip_dag to 2025-02-18 00:00:00+00:00, run_after=2025-02-19 00:00:00+00:00
[2025-02-19T09:55:09.873+0000] {processor.py:208} INFO - Processing /home/airflow/.local/lib/python3.12/site-packages/airflow/example_dags/example_skip_dag.py took 0.072 seconds
[2025-02-19T09:55:40.157+0000] {processor.py:186} INFO - Started process (PID=2266) to work on /home/airflow/.local/lib/python3.12/site-packages/airflow/example_dags/example_skip_dag.py
[2025-02-19T09:55:40.158+0000] {processor.py:914} INFO - Processing file /home/airflow/.local/lib/python3.12/site-packages/airflow/example_dags/example_skip_dag.py for tasks to queue
[2025-02-19T09:55:40.160+0000] {logging_mixin.py:190} INFO - [2025-02-19T09:55:40.160+0000] {dagbag.py:587} INFO - Filling up the DagBag from /home/airflow/.local/lib/python3.12/site-packages/airflow/example_dags/example_skip_dag.py
[2025-02-19T09:55:40.167+0000] {processor.py:925} INFO - DAG(s) 'example_skip_dag' retrieved from /home/airflow/.local/lib/python3.12/site-packages/airflow/example_dags/example_skip_dag.py
[2025-02-19T09:55:40.186+0000] {logging_mixin.py:190} INFO - [2025-02-19T09:55:40.185+0000] {dag.py:3229} INFO - Sync 1 DAGs
[2025-02-19T09:55:40.204+0000] {logging_mixin.py:190} INFO - [2025-02-19T09:55:40.204+0000] {dag.py:4156} INFO - Setting next_dagrun for example_skip_dag to 2025-02-18 00:00:00+00:00, run_after=2025-02-19 00:00:00+00:00
[2025-02-19T09:55:40.220+0000] {processor.py:208} INFO - Processing /home/airflow/.local/lib/python3.12/site-packages/airflow/example_dags/example_skip_dag.py took 0.068 seconds
[2025-02-19T09:56:10.636+0000] {processor.py:186} INFO - Started process (PID=2331) to work on /home/airflow/.local/lib/python3.12/site-packages/airflow/example_dags/example_skip_dag.py
[2025-02-19T09:56:10.637+0000] {processor.py:914} INFO - Processing file /home/airflow/.local/lib/python3.12/site-packages/airflow/example_dags/example_skip_dag.py for tasks to queue
[2025-02-19T09:56:10.639+0000] {logging_mixin.py:190} INFO - [2025-02-19T09:56:10.638+0000] {dagbag.py:587} INFO - Filling up the DagBag from /home/airflow/.local/lib/python3.12/site-packages/airflow/example_dags/example_skip_dag.py
[2025-02-19T09:56:10.646+0000] {processor.py:925} INFO - DAG(s) 'example_skip_dag' retrieved from /home/airflow/.local/lib/python3.12/site-packages/airflow/example_dags/example_skip_dag.py
[2025-02-19T09:56:10.664+0000] {logging_mixin.py:190} INFO - [2025-02-19T09:56:10.664+0000] {dag.py:3229} INFO - Sync 1 DAGs
[2025-02-19T09:56:10.682+0000] {logging_mixin.py:190} INFO - [2025-02-19T09:56:10.682+0000] {dag.py:4156} INFO - Setting next_dagrun for example_skip_dag to 2025-02-18 00:00:00+00:00, run_after=2025-02-19 00:00:00+00:00
[2025-02-19T09:56:10.698+0000] {processor.py:208} INFO - Processing /home/airflow/.local/lib/python3.12/site-packages/airflow/example_dags/example_skip_dag.py took 0.066 seconds
[2025-02-19T09:56:40.865+0000] {processor.py:186} INFO - Started process (PID=2395) to work on /home/airflow/.local/lib/python3.12/site-packages/airflow/example_dags/example_skip_dag.py
[2025-02-19T09:56:40.866+0000] {processor.py:914} INFO - Processing file /home/airflow/.local/lib/python3.12/site-packages/airflow/example_dags/example_skip_dag.py for tasks to queue
[2025-02-19T09:56:40.868+0000] {logging_mixin.py:190} INFO - [2025-02-19T09:56:40.867+0000] {dagbag.py:587} INFO - Filling up the DagBag from /home/airflow/.local/lib/python3.12/site-packages/airflow/example_dags/example_skip_dag.py
[2025-02-19T09:56:40.876+0000] {processor.py:925} INFO - DAG(s) 'example_skip_dag' retrieved from /home/airflow/.local/lib/python3.12/site-packages/airflow/example_dags/example_skip_dag.py
[2025-02-19T09:56:40.898+0000] {logging_mixin.py:190} INFO - [2025-02-19T09:56:40.898+0000] {dag.py:3229} INFO - Sync 1 DAGs
[2025-02-19T09:56:40.923+0000] {logging_mixin.py:190} INFO - [2025-02-19T09:56:40.923+0000] {dag.py:4156} INFO - Setting next_dagrun for example_skip_dag to 2025-02-18 00:00:00+00:00, run_after=2025-02-19 00:00:00+00:00
[2025-02-19T09:56:40.942+0000] {processor.py:208} INFO - Processing /home/airflow/.local/lib/python3.12/site-packages/airflow/example_dags/example_skip_dag.py took 0.082 seconds
[2025-02-19T09:57:10.998+0000] {processor.py:186} INFO - Started process (PID=2458) to work on /home/airflow/.local/lib/python3.12/site-packages/airflow/example_dags/example_skip_dag.py
[2025-02-19T09:57:10.999+0000] {processor.py:914} INFO - Processing file /home/airflow/.local/lib/python3.12/site-packages/airflow/example_dags/example_skip_dag.py for tasks to queue
[2025-02-19T09:57:11.001+0000] {logging_mixin.py:190} INFO - [2025-02-19T09:57:11.000+0000] {dagbag.py:587} INFO - Filling up the DagBag from /home/airflow/.local/lib/python3.12/site-packages/airflow/example_dags/example_skip_dag.py
[2025-02-19T09:57:11.007+0000] {processor.py:925} INFO - DAG(s) 'example_skip_dag' retrieved from /home/airflow/.local/lib/python3.12/site-packages/airflow/example_dags/example_skip_dag.py
[2025-02-19T09:57:11.024+0000] {logging_mixin.py:190} INFO - [2025-02-19T09:57:11.024+0000] {dag.py:3229} INFO - Sync 1 DAGs
[2025-02-19T09:57:11.044+0000] {logging_mixin.py:190} INFO - [2025-02-19T09:57:11.044+0000] {dag.py:4156} INFO - Setting next_dagrun for example_skip_dag to 2025-02-18 00:00:00+00:00, run_after=2025-02-19 00:00:00+00:00
[2025-02-19T09:57:11.059+0000] {processor.py:208} INFO - Processing /home/airflow/.local/lib/python3.12/site-packages/airflow/example_dags/example_skip_dag.py took 0.065 seconds
[2025-02-19T09:57:41.490+0000] {processor.py:186} INFO - Started process (PID=2524) to work on /home/airflow/.local/lib/python3.12/site-packages/airflow/example_dags/example_skip_dag.py
[2025-02-19T09:57:41.491+0000] {processor.py:914} INFO - Processing file /home/airflow/.local/lib/python3.12/site-packages/airflow/example_dags/example_skip_dag.py for tasks to queue
[2025-02-19T09:57:41.492+0000] {logging_mixin.py:190} INFO - [2025-02-19T09:57:41.492+0000] {dagbag.py:587} INFO - Filling up the DagBag from /home/airflow/.local/lib/python3.12/site-packages/airflow/example_dags/example_skip_dag.py
[2025-02-19T09:57:41.498+0000] {processor.py:925} INFO - DAG(s) 'example_skip_dag' retrieved from /home/airflow/.local/lib/python3.12/site-packages/airflow/example_dags/example_skip_dag.py
[2025-02-19T09:57:41.517+0000] {logging_mixin.py:190} INFO - [2025-02-19T09:57:41.516+0000] {dag.py:3229} INFO - Sync 1 DAGs
[2025-02-19T09:57:41.533+0000] {logging_mixin.py:190} INFO - [2025-02-19T09:57:41.533+0000] {dag.py:4156} INFO - Setting next_dagrun for example_skip_dag to 2025-02-18 00:00:00+00:00, run_after=2025-02-19 00:00:00+00:00
[2025-02-19T09:57:41.550+0000] {processor.py:208} INFO - Processing /home/airflow/.local/lib/python3.12/site-packages/airflow/example_dags/example_skip_dag.py took 0.064 seconds
[2025-02-19T09:58:12.096+0000] {processor.py:186} INFO - Started process (PID=2589) to work on /home/airflow/.local/lib/python3.12/site-packages/airflow/example_dags/example_skip_dag.py
[2025-02-19T09:58:12.097+0000] {processor.py:914} INFO - Processing file /home/airflow/.local/lib/python3.12/site-packages/airflow/example_dags/example_skip_dag.py for tasks to queue
[2025-02-19T09:58:12.101+0000] {logging_mixin.py:190} INFO - [2025-02-19T09:58:12.100+0000] {dagbag.py:587} INFO - Filling up the DagBag from /home/airflow/.local/lib/python3.12/site-packages/airflow/example_dags/example_skip_dag.py
[2025-02-19T09:58:12.112+0000] {processor.py:925} INFO - DAG(s) 'example_skip_dag' retrieved from /home/airflow/.local/lib/python3.12/site-packages/airflow/example_dags/example_skip_dag.py
[2025-02-19T09:58:12.140+0000] {logging_mixin.py:190} INFO - [2025-02-19T09:58:12.139+0000] {dag.py:3229} INFO - Sync 1 DAGs
[2025-02-19T09:58:12.166+0000] {logging_mixin.py:190} INFO - [2025-02-19T09:58:12.166+0000] {dag.py:4156} INFO - Setting next_dagrun for example_skip_dag to 2025-02-18 00:00:00+00:00, run_after=2025-02-19 00:00:00+00:00
[2025-02-19T09:58:12.187+0000] {processor.py:208} INFO - Processing /home/airflow/.local/lib/python3.12/site-packages/airflow/example_dags/example_skip_dag.py took 0.099 seconds
[2025-02-19T09:58:42.307+0000] {processor.py:186} INFO - Started process (PID=2658) to work on /home/airflow/.local/lib/python3.12/site-packages/airflow/example_dags/example_skip_dag.py
[2025-02-19T09:58:42.308+0000] {processor.py:914} INFO - Processing file /home/airflow/.local/lib/python3.12/site-packages/airflow/example_dags/example_skip_dag.py for tasks to queue
[2025-02-19T09:58:42.310+0000] {logging_mixin.py:190} INFO - [2025-02-19T09:58:42.310+0000] {dagbag.py:587} INFO - Filling up the DagBag from /home/airflow/.local/lib/python3.12/site-packages/airflow/example_dags/example_skip_dag.py
[2025-02-19T09:58:42.318+0000] {processor.py:925} INFO - DAG(s) 'example_skip_dag' retrieved from /home/airflow/.local/lib/python3.12/site-packages/airflow/example_dags/example_skip_dag.py
[2025-02-19T09:58:42.338+0000] {logging_mixin.py:190} INFO - [2025-02-19T09:58:42.337+0000] {dag.py:3229} INFO - Sync 1 DAGs
[2025-02-19T09:58:42.359+0000] {logging_mixin.py:190} INFO - [2025-02-19T09:58:42.358+0000] {dag.py:4156} INFO - Setting next_dagrun for example_skip_dag to 2025-02-18 00:00:00+00:00, run_after=2025-02-19 00:00:00+00:00
[2025-02-19T09:58:42.377+0000] {processor.py:208} INFO - Processing /home/airflow/.local/lib/python3.12/site-packages/airflow/example_dags/example_skip_dag.py took 0.075 seconds
[2025-02-19T09:59:12.637+0000] {processor.py:186} INFO - Started process (PID=2722) to work on /home/airflow/.local/lib/python3.12/site-packages/airflow/example_dags/example_skip_dag.py
[2025-02-19T09:59:12.638+0000] {processor.py:914} INFO - Processing file /home/airflow/.local/lib/python3.12/site-packages/airflow/example_dags/example_skip_dag.py for tasks to queue
[2025-02-19T09:59:12.640+0000] {logging_mixin.py:190} INFO - [2025-02-19T09:59:12.640+0000] {dagbag.py:587} INFO - Filling up the DagBag from /home/airflow/.local/lib/python3.12/site-packages/airflow/example_dags/example_skip_dag.py
[2025-02-19T09:59:12.647+0000] {processor.py:925} INFO - DAG(s) 'example_skip_dag' retrieved from /home/airflow/.local/lib/python3.12/site-packages/airflow/example_dags/example_skip_dag.py
[2025-02-19T09:59:12.667+0000] {logging_mixin.py:190} INFO - [2025-02-19T09:59:12.666+0000] {dag.py:3229} INFO - Sync 1 DAGs
[2025-02-19T09:59:12.687+0000] {logging_mixin.py:190} INFO - [2025-02-19T09:59:12.687+0000] {dag.py:4156} INFO - Setting next_dagrun for example_skip_dag to 2025-02-18 00:00:00+00:00, run_after=2025-02-19 00:00:00+00:00
[2025-02-19T09:59:12.707+0000] {processor.py:208} INFO - Processing /home/airflow/.local/lib/python3.12/site-packages/airflow/example_dags/example_skip_dag.py took 0.074 seconds
[2025-02-19T10:23:11.987+0000] {logging_mixin.py:190} INFO - [2025-02-19T10:23:11.987+0000] {settings.py:475} DEBUG - Setting up DB connection pool (PID 65)
[2025-02-19T10:23:11.989+0000] {logging_mixin.py:190} INFO - [2025-02-19T10:23:11.988+0000] {settings.py:579} DEBUG - settings.prepare_engine_args(): Using pool settings. pool_size=5, max_overflow=10, pool_recycle=1800, pid=65
[2025-02-19T10:23:11.993+0000] {processor.py:186} INFO - Started process (PID=65) to work on /home/airflow/.local/lib/python3.12/site-packages/airflow/example_dags/example_skip_dag.py
[2025-02-19T10:23:11.994+0000] {processor.py:914} INFO - Processing file /home/airflow/.local/lib/python3.12/site-packages/airflow/example_dags/example_skip_dag.py for tasks to queue
[2025-02-19T10:23:11.995+0000] {logging_mixin.py:190} INFO - [2025-02-19T10:23:11.994+0000] {dagbag.py:587} INFO - Filling up the DagBag from /home/airflow/.local/lib/python3.12/site-packages/airflow/example_dags/example_skip_dag.py
[2025-02-19T10:23:11.996+0000] {logging_mixin.py:190} INFO - [2025-02-19T10:23:11.995+0000] {dagbag.py:368} DEBUG - Importing /home/airflow/.local/lib/python3.12/site-packages/airflow/example_dags/example_skip_dag.py
[2025-02-19T10:23:12.004+0000] {logging_mixin.py:190} INFO - [2025-02-19T10:23:12.003+0000] {dagbag.py:553} DEBUG - Loaded DAG <DAG: example_skip_dag>
[2025-02-19T10:23:12.004+0000] {processor.py:925} INFO - DAG(s) 'example_skip_dag' retrieved from /home/airflow/.local/lib/python3.12/site-packages/airflow/example_dags/example_skip_dag.py
[2025-02-19T10:23:12.005+0000] {logging_mixin.py:190} INFO - [2025-02-19T10:23:12.004+0000] {dagbag.py:710} DEBUG - Running dagbag.sync_to_db with retries. Try 1 of 3
[2025-02-19T10:23:12.005+0000] {logging_mixin.py:190} INFO - [2025-02-19T10:23:12.005+0000] {dagbag.py:715} DEBUG - Calling the DAG.bulk_sync_to_db method
[2025-02-19T10:23:12.015+0000] {logging_mixin.py:190} INFO - [2025-02-19T10:23:12.014+0000] {serialized_dag.py:168} DEBUG - Checking if DAG (example_skip_dag) changed
[2025-02-19T10:23:12.024+0000] {logging_mixin.py:190} INFO - [2025-02-19T10:23:12.023+0000] {serialized_dag.py:179} DEBUG - Serialized DAG (example_skip_dag) is unchanged. Skipping writing to DB
[2025-02-19T10:23:12.024+0000] {logging_mixin.py:190} INFO - [2025-02-19T10:23:12.024+0000] {dag.py:3229} INFO - Sync 1 DAGs
[2025-02-19T10:23:12.047+0000] {logging_mixin.py:190} INFO - [2025-02-19T10:23:12.047+0000] {dag.py:4156} INFO - Setting next_dagrun for example_skip_dag to 2025-02-18 00:00:00+00:00, run_after=2025-02-19 00:00:00+00:00
[2025-02-19T10:23:12.065+0000] {processor.py:208} INFO - Processing /home/airflow/.local/lib/python3.12/site-packages/airflow/example_dags/example_skip_dag.py took 0.078 seconds
[2025-02-19T10:23:54.370+0000] {logging_mixin.py:190} INFO - [2025-02-19T10:23:54.369+0000] {settings.py:475} DEBUG - Setting up DB connection pool (PID 135)
[2025-02-19T10:23:54.371+0000] {logging_mixin.py:190} INFO - [2025-02-19T10:23:54.371+0000] {settings.py:579} DEBUG - settings.prepare_engine_args(): Using pool settings. pool_size=5, max_overflow=10, pool_recycle=1800, pid=135
[2025-02-19T10:23:54.375+0000] {processor.py:186} INFO - Started process (PID=135) to work on /home/airflow/.local/lib/python3.12/site-packages/airflow/example_dags/example_skip_dag.py
[2025-02-19T10:23:54.376+0000] {processor.py:914} INFO - Processing file /home/airflow/.local/lib/python3.12/site-packages/airflow/example_dags/example_skip_dag.py for tasks to queue
[2025-02-19T10:23:54.376+0000] {logging_mixin.py:190} INFO - [2025-02-19T10:23:54.376+0000] {dagbag.py:587} INFO - Filling up the DagBag from /home/airflow/.local/lib/python3.12/site-packages/airflow/example_dags/example_skip_dag.py
[2025-02-19T10:23:54.377+0000] {logging_mixin.py:190} INFO - [2025-02-19T10:23:54.377+0000] {dagbag.py:368} DEBUG - Importing /home/airflow/.local/lib/python3.12/site-packages/airflow/example_dags/example_skip_dag.py
[2025-02-19T10:23:54.386+0000] {logging_mixin.py:190} INFO - [2025-02-19T10:23:54.385+0000] {dagbag.py:553} DEBUG - Loaded DAG <DAG: example_skip_dag>
[2025-02-19T10:23:54.386+0000] {processor.py:925} INFO - DAG(s) 'example_skip_dag' retrieved from /home/airflow/.local/lib/python3.12/site-packages/airflow/example_dags/example_skip_dag.py
[2025-02-19T10:23:54.387+0000] {logging_mixin.py:190} INFO - [2025-02-19T10:23:54.387+0000] {dagbag.py:710} DEBUG - Running dagbag.sync_to_db with retries. Try 1 of 3
[2025-02-19T10:23:54.387+0000] {logging_mixin.py:190} INFO - [2025-02-19T10:23:54.387+0000] {dagbag.py:715} DEBUG - Calling the DAG.bulk_sync_to_db method
[2025-02-19T10:23:54.398+0000] {logging_mixin.py:190} INFO - [2025-02-19T10:23:54.398+0000] {serialized_dag.py:168} DEBUG - Checking if DAG (example_skip_dag) changed
[2025-02-19T10:23:54.410+0000] {logging_mixin.py:190} INFO - [2025-02-19T10:23:54.409+0000] {serialized_dag.py:179} DEBUG - Serialized DAG (example_skip_dag) is unchanged. Skipping writing to DB
[2025-02-19T10:23:54.410+0000] {logging_mixin.py:190} INFO - [2025-02-19T10:23:54.410+0000] {dag.py:3229} INFO - Sync 1 DAGs
[2025-02-19T10:23:54.436+0000] {logging_mixin.py:190} INFO - [2025-02-19T10:23:54.436+0000] {dag.py:4156} INFO - Setting next_dagrun for example_skip_dag to 2025-02-18 00:00:00+00:00, run_after=2025-02-19 00:00:00+00:00
[2025-02-19T10:23:54.459+0000] {processor.py:208} INFO - Processing /home/airflow/.local/lib/python3.12/site-packages/airflow/example_dags/example_skip_dag.py took 0.090 seconds
[2025-02-19T10:24:25.348+0000] {logging_mixin.py:190} INFO - [2025-02-19T10:24:25.347+0000] {settings.py:475} DEBUG - Setting up DB connection pool (PID 199)
[2025-02-19T10:24:25.349+0000] {logging_mixin.py:190} INFO - [2025-02-19T10:24:25.349+0000] {settings.py:579} DEBUG - settings.prepare_engine_args(): Using pool settings. pool_size=5, max_overflow=10, pool_recycle=1800, pid=199
[2025-02-19T10:24:25.353+0000] {processor.py:186} INFO - Started process (PID=199) to work on /home/airflow/.local/lib/python3.12/site-packages/airflow/example_dags/example_skip_dag.py
[2025-02-19T10:24:25.354+0000] {processor.py:914} INFO - Processing file /home/airflow/.local/lib/python3.12/site-packages/airflow/example_dags/example_skip_dag.py for tasks to queue
[2025-02-19T10:24:25.354+0000] {logging_mixin.py:190} INFO - [2025-02-19T10:24:25.354+0000] {dagbag.py:587} INFO - Filling up the DagBag from /home/airflow/.local/lib/python3.12/site-packages/airflow/example_dags/example_skip_dag.py
[2025-02-19T10:24:25.355+0000] {logging_mixin.py:190} INFO - [2025-02-19T10:24:25.355+0000] {dagbag.py:368} DEBUG - Importing /home/airflow/.local/lib/python3.12/site-packages/airflow/example_dags/example_skip_dag.py
[2025-02-19T10:24:25.362+0000] {logging_mixin.py:190} INFO - [2025-02-19T10:24:25.361+0000] {dagbag.py:553} DEBUG - Loaded DAG <DAG: example_skip_dag>
[2025-02-19T10:24:25.362+0000] {processor.py:925} INFO - DAG(s) 'example_skip_dag' retrieved from /home/airflow/.local/lib/python3.12/site-packages/airflow/example_dags/example_skip_dag.py
[2025-02-19T10:24:25.363+0000] {logging_mixin.py:190} INFO - [2025-02-19T10:24:25.363+0000] {dagbag.py:710} DEBUG - Running dagbag.sync_to_db with retries. Try 1 of 3
[2025-02-19T10:24:25.363+0000] {logging_mixin.py:190} INFO - [2025-02-19T10:24:25.363+0000] {dagbag.py:715} DEBUG - Calling the DAG.bulk_sync_to_db method
[2025-02-19T10:24:25.374+0000] {logging_mixin.py:190} INFO - [2025-02-19T10:24:25.373+0000] {serialized_dag.py:168} DEBUG - Checking if DAG (example_skip_dag) changed
[2025-02-19T10:24:25.382+0000] {logging_mixin.py:190} INFO - [2025-02-19T10:24:25.382+0000] {serialized_dag.py:179} DEBUG - Serialized DAG (example_skip_dag) is unchanged. Skipping writing to DB
[2025-02-19T10:24:25.383+0000] {logging_mixin.py:190} INFO - [2025-02-19T10:24:25.383+0000] {dag.py:3229} INFO - Sync 1 DAGs
[2025-02-19T10:24:25.403+0000] {logging_mixin.py:190} INFO - [2025-02-19T10:24:25.402+0000] {dag.py:4156} INFO - Setting next_dagrun for example_skip_dag to 2025-02-18 00:00:00+00:00, run_after=2025-02-19 00:00:00+00:00
[2025-02-19T10:24:25.422+0000] {processor.py:208} INFO - Processing /home/airflow/.local/lib/python3.12/site-packages/airflow/example_dags/example_skip_dag.py took 0.074 seconds
[2025-02-19T10:24:56.181+0000] {logging_mixin.py:190} INFO - [2025-02-19T10:24:56.181+0000] {settings.py:475} DEBUG - Setting up DB connection pool (PID 268)
[2025-02-19T10:24:56.182+0000] {logging_mixin.py:190} INFO - [2025-02-19T10:24:56.182+0000] {settings.py:579} DEBUG - settings.prepare_engine_args(): Using pool settings. pool_size=5, max_overflow=10, pool_recycle=1800, pid=268
[2025-02-19T10:24:56.186+0000] {processor.py:186} INFO - Started process (PID=268) to work on /home/airflow/.local/lib/python3.12/site-packages/airflow/example_dags/example_skip_dag.py
[2025-02-19T10:24:56.187+0000] {processor.py:914} INFO - Processing file /home/airflow/.local/lib/python3.12/site-packages/airflow/example_dags/example_skip_dag.py for tasks to queue
[2025-02-19T10:24:56.188+0000] {logging_mixin.py:190} INFO - [2025-02-19T10:24:56.188+0000] {dagbag.py:587} INFO - Filling up the DagBag from /home/airflow/.local/lib/python3.12/site-packages/airflow/example_dags/example_skip_dag.py
[2025-02-19T10:24:56.189+0000] {logging_mixin.py:190} INFO - [2025-02-19T10:24:56.189+0000] {dagbag.py:368} DEBUG - Importing /home/airflow/.local/lib/python3.12/site-packages/airflow/example_dags/example_skip_dag.py
[2025-02-19T10:24:56.196+0000] {logging_mixin.py:190} INFO - [2025-02-19T10:24:56.196+0000] {dagbag.py:553} DEBUG - Loaded DAG <DAG: example_skip_dag>
[2025-02-19T10:24:56.197+0000] {processor.py:925} INFO - DAG(s) 'example_skip_dag' retrieved from /home/airflow/.local/lib/python3.12/site-packages/airflow/example_dags/example_skip_dag.py
[2025-02-19T10:24:56.197+0000] {logging_mixin.py:190} INFO - [2025-02-19T10:24:56.197+0000] {dagbag.py:710} DEBUG - Running dagbag.sync_to_db with retries. Try 1 of 3
[2025-02-19T10:24:56.197+0000] {logging_mixin.py:190} INFO - [2025-02-19T10:24:56.197+0000] {dagbag.py:715} DEBUG - Calling the DAG.bulk_sync_to_db method
[2025-02-19T10:24:56.208+0000] {logging_mixin.py:190} INFO - [2025-02-19T10:24:56.208+0000] {serialized_dag.py:168} DEBUG - Checking if DAG (example_skip_dag) changed
[2025-02-19T10:24:56.219+0000] {logging_mixin.py:190} INFO - [2025-02-19T10:24:56.219+0000] {serialized_dag.py:179} DEBUG - Serialized DAG (example_skip_dag) is unchanged. Skipping writing to DB
[2025-02-19T10:24:56.219+0000] {logging_mixin.py:190} INFO - [2025-02-19T10:24:56.219+0000] {dag.py:3229} INFO - Sync 1 DAGs
[2025-02-19T10:24:56.241+0000] {logging_mixin.py:190} INFO - [2025-02-19T10:24:56.241+0000] {dag.py:4156} INFO - Setting next_dagrun for example_skip_dag to 2025-02-18 00:00:00+00:00, run_after=2025-02-19 00:00:00+00:00
[2025-02-19T10:24:56.259+0000] {processor.py:208} INFO - Processing /home/airflow/.local/lib/python3.12/site-packages/airflow/example_dags/example_skip_dag.py took 0.079 seconds
[2025-02-19T10:25:26.421+0000] {logging_mixin.py:190} INFO - [2025-02-19T10:25:26.420+0000] {settings.py:475} DEBUG - Setting up DB connection pool (PID 332)
[2025-02-19T10:25:26.422+0000] {logging_mixin.py:190} INFO - [2025-02-19T10:25:26.422+0000] {settings.py:579} DEBUG - settings.prepare_engine_args(): Using pool settings. pool_size=5, max_overflow=10, pool_recycle=1800, pid=332
[2025-02-19T10:25:26.427+0000] {processor.py:186} INFO - Started process (PID=332) to work on /home/airflow/.local/lib/python3.12/site-packages/airflow/example_dags/example_skip_dag.py
[2025-02-19T10:25:26.428+0000] {processor.py:914} INFO - Processing file /home/airflow/.local/lib/python3.12/site-packages/airflow/example_dags/example_skip_dag.py for tasks to queue
[2025-02-19T10:25:26.429+0000] {logging_mixin.py:190} INFO - [2025-02-19T10:25:26.428+0000] {dagbag.py:587} INFO - Filling up the DagBag from /home/airflow/.local/lib/python3.12/site-packages/airflow/example_dags/example_skip_dag.py
[2025-02-19T10:25:26.430+0000] {logging_mixin.py:190} INFO - [2025-02-19T10:25:26.430+0000] {dagbag.py:368} DEBUG - Importing /home/airflow/.local/lib/python3.12/site-packages/airflow/example_dags/example_skip_dag.py
[2025-02-19T10:25:26.437+0000] {logging_mixin.py:190} INFO - [2025-02-19T10:25:26.436+0000] {dagbag.py:553} DEBUG - Loaded DAG <DAG: example_skip_dag>
[2025-02-19T10:25:26.437+0000] {processor.py:925} INFO - DAG(s) 'example_skip_dag' retrieved from /home/airflow/.local/lib/python3.12/site-packages/airflow/example_dags/example_skip_dag.py
[2025-02-19T10:25:26.438+0000] {logging_mixin.py:190} INFO - [2025-02-19T10:25:26.438+0000] {dagbag.py:710} DEBUG - Running dagbag.sync_to_db with retries. Try 1 of 3
[2025-02-19T10:25:26.438+0000] {logging_mixin.py:190} INFO - [2025-02-19T10:25:26.438+0000] {dagbag.py:715} DEBUG - Calling the DAG.bulk_sync_to_db method
[2025-02-19T10:25:26.449+0000] {logging_mixin.py:190} INFO - [2025-02-19T10:25:26.448+0000] {serialized_dag.py:168} DEBUG - Checking if DAG (example_skip_dag) changed
[2025-02-19T10:25:26.458+0000] {logging_mixin.py:190} INFO - [2025-02-19T10:25:26.458+0000] {serialized_dag.py:179} DEBUG - Serialized DAG (example_skip_dag) is unchanged. Skipping writing to DB
[2025-02-19T10:25:26.458+0000] {logging_mixin.py:190} INFO - [2025-02-19T10:25:26.458+0000] {dag.py:3229} INFO - Sync 1 DAGs
[2025-02-19T10:25:26.479+0000] {logging_mixin.py:190} INFO - [2025-02-19T10:25:26.478+0000] {dag.py:4156} INFO - Setting next_dagrun for example_skip_dag to 2025-02-18 00:00:00+00:00, run_after=2025-02-19 00:00:00+00:00
[2025-02-19T10:25:26.497+0000] {processor.py:208} INFO - Processing /home/airflow/.local/lib/python3.12/site-packages/airflow/example_dags/example_skip_dag.py took 0.077 seconds
[2025-02-19T10:25:57.143+0000] {logging_mixin.py:190} INFO - [2025-02-19T10:25:57.142+0000] {settings.py:475} DEBUG - Setting up DB connection pool (PID 396)
[2025-02-19T10:25:57.144+0000] {logging_mixin.py:190} INFO - [2025-02-19T10:25:57.144+0000] {settings.py:579} DEBUG - settings.prepare_engine_args(): Using pool settings. pool_size=5, max_overflow=10, pool_recycle=1800, pid=396
[2025-02-19T10:25:57.149+0000] {processor.py:186} INFO - Started process (PID=396) to work on /home/airflow/.local/lib/python3.12/site-packages/airflow/example_dags/example_skip_dag.py
[2025-02-19T10:25:57.149+0000] {processor.py:914} INFO - Processing file /home/airflow/.local/lib/python3.12/site-packages/airflow/example_dags/example_skip_dag.py for tasks to queue
[2025-02-19T10:25:57.150+0000] {logging_mixin.py:190} INFO - [2025-02-19T10:25:57.150+0000] {dagbag.py:587} INFO - Filling up the DagBag from /home/airflow/.local/lib/python3.12/site-packages/airflow/example_dags/example_skip_dag.py
[2025-02-19T10:25:57.151+0000] {logging_mixin.py:190} INFO - [2025-02-19T10:25:57.151+0000] {dagbag.py:368} DEBUG - Importing /home/airflow/.local/lib/python3.12/site-packages/airflow/example_dags/example_skip_dag.py
[2025-02-19T10:25:57.158+0000] {logging_mixin.py:190} INFO - [2025-02-19T10:25:57.158+0000] {dagbag.py:553} DEBUG - Loaded DAG <DAG: example_skip_dag>
[2025-02-19T10:25:57.158+0000] {processor.py:925} INFO - DAG(s) 'example_skip_dag' retrieved from /home/airflow/.local/lib/python3.12/site-packages/airflow/example_dags/example_skip_dag.py
[2025-02-19T10:25:57.159+0000] {logging_mixin.py:190} INFO - [2025-02-19T10:25:57.159+0000] {dagbag.py:710} DEBUG - Running dagbag.sync_to_db with retries. Try 1 of 3
[2025-02-19T10:25:57.159+0000] {logging_mixin.py:190} INFO - [2025-02-19T10:25:57.159+0000] {dagbag.py:715} DEBUG - Calling the DAG.bulk_sync_to_db method
[2025-02-19T10:25:57.170+0000] {logging_mixin.py:190} INFO - [2025-02-19T10:25:57.170+0000] {serialized_dag.py:168} DEBUG - Checking if DAG (example_skip_dag) changed
[2025-02-19T10:25:57.179+0000] {logging_mixin.py:190} INFO - [2025-02-19T10:25:57.179+0000] {serialized_dag.py:179} DEBUG - Serialized DAG (example_skip_dag) is unchanged. Skipping writing to DB
[2025-02-19T10:25:57.180+0000] {logging_mixin.py:190} INFO - [2025-02-19T10:25:57.180+0000] {dag.py:3229} INFO - Sync 1 DAGs
[2025-02-19T10:25:57.200+0000] {logging_mixin.py:190} INFO - [2025-02-19T10:25:57.200+0000] {dag.py:4156} INFO - Setting next_dagrun for example_skip_dag to 2025-02-18 00:00:00+00:00, run_after=2025-02-19 00:00:00+00:00
[2025-02-19T10:25:57.217+0000] {processor.py:208} INFO - Processing /home/airflow/.local/lib/python3.12/site-packages/airflow/example_dags/example_skip_dag.py took 0.075 seconds
[2025-02-19T10:26:27.884+0000] {logging_mixin.py:190} INFO - [2025-02-19T10:26:27.883+0000] {settings.py:475} DEBUG - Setting up DB connection pool (PID 460)
[2025-02-19T10:26:27.885+0000] {logging_mixin.py:190} INFO - [2025-02-19T10:26:27.885+0000] {settings.py:579} DEBUG - settings.prepare_engine_args(): Using pool settings. pool_size=5, max_overflow=10, pool_recycle=1800, pid=460
[2025-02-19T10:26:27.889+0000] {processor.py:186} INFO - Started process (PID=460) to work on /home/airflow/.local/lib/python3.12/site-packages/airflow/example_dags/example_skip_dag.py
[2025-02-19T10:26:27.890+0000] {processor.py:914} INFO - Processing file /home/airflow/.local/lib/python3.12/site-packages/airflow/example_dags/example_skip_dag.py for tasks to queue
[2025-02-19T10:26:27.891+0000] {logging_mixin.py:190} INFO - [2025-02-19T10:26:27.891+0000] {dagbag.py:587} INFO - Filling up the DagBag from /home/airflow/.local/lib/python3.12/site-packages/airflow/example_dags/example_skip_dag.py
[2025-02-19T10:26:27.892+0000] {logging_mixin.py:190} INFO - [2025-02-19T10:26:27.892+0000] {dagbag.py:368} DEBUG - Importing /home/airflow/.local/lib/python3.12/site-packages/airflow/example_dags/example_skip_dag.py
[2025-02-19T10:26:27.899+0000] {logging_mixin.py:190} INFO - [2025-02-19T10:26:27.898+0000] {dagbag.py:553} DEBUG - Loaded DAG <DAG: example_skip_dag>
[2025-02-19T10:26:27.899+0000] {processor.py:925} INFO - DAG(s) 'example_skip_dag' retrieved from /home/airflow/.local/lib/python3.12/site-packages/airflow/example_dags/example_skip_dag.py
[2025-02-19T10:26:27.900+0000] {logging_mixin.py:190} INFO - [2025-02-19T10:26:27.900+0000] {dagbag.py:710} DEBUG - Running dagbag.sync_to_db with retries. Try 1 of 3
[2025-02-19T10:26:27.900+0000] {logging_mixin.py:190} INFO - [2025-02-19T10:26:27.900+0000] {dagbag.py:715} DEBUG - Calling the DAG.bulk_sync_to_db method
[2025-02-19T10:26:27.910+0000] {logging_mixin.py:190} INFO - [2025-02-19T10:26:27.910+0000] {serialized_dag.py:168} DEBUG - Checking if DAG (example_skip_dag) changed
[2025-02-19T10:26:27.919+0000] {logging_mixin.py:190} INFO - [2025-02-19T10:26:27.919+0000] {serialized_dag.py:179} DEBUG - Serialized DAG (example_skip_dag) is unchanged. Skipping writing to DB
[2025-02-19T10:26:27.920+0000] {logging_mixin.py:190} INFO - [2025-02-19T10:26:27.920+0000] {dag.py:3229} INFO - Sync 1 DAGs
[2025-02-19T10:26:27.940+0000] {logging_mixin.py:190} INFO - [2025-02-19T10:26:27.939+0000] {dag.py:4156} INFO - Setting next_dagrun for example_skip_dag to 2025-02-18 00:00:00+00:00, run_after=2025-02-19 00:00:00+00:00
[2025-02-19T10:26:27.958+0000] {processor.py:208} INFO - Processing /home/airflow/.local/lib/python3.12/site-packages/airflow/example_dags/example_skip_dag.py took 0.075 seconds
