[2025-02-19T09:38:31.634+0000] {processor.py:186} INFO - Started process (PID=117) to work on /home/airflow/.local/lib/python3.12/site-packages/airflow/example_dags/example_latest_only_with_trigger.py
[2025-02-19T09:38:31.635+0000] {processor.py:914} INFO - Processing file /home/airflow/.local/lib/python3.12/site-packages/airflow/example_dags/example_latest_only_with_trigger.py for tasks to queue
[2025-02-19T09:38:31.637+0000] {logging_mixin.py:190} INFO - [2025-02-19T09:38:31.636+0000] {dagbag.py:587} INFO - Filling up the DagBag from /home/airflow/.local/lib/python3.12/site-packages/airflow/example_dags/example_latest_only_with_trigger.py
[2025-02-19T09:38:31.646+0000] {processor.py:925} INFO - DAG(s) 'latest_only_with_trigger' retrieved from /home/airflow/.local/lib/python3.12/site-packages/airflow/example_dags/example_latest_only_with_trigger.py
[2025-02-19T09:38:31.667+0000] {logging_mixin.py:190} INFO - [2025-02-19T09:38:31.666+0000] {dag.py:3229} INFO - Sync 1 DAGs
[2025-02-19T09:38:31.690+0000] {logging_mixin.py:190} INFO - [2025-02-19T09:38:31.690+0000] {dag.py:4156} INFO - Setting next_dagrun for latest_only_with_trigger to 2025-02-19 04:00:00+00:00, run_after=2025-02-19 08:00:00+00:00
[2025-02-19T09:38:31.707+0000] {processor.py:208} INFO - Processing /home/airflow/.local/lib/python3.12/site-packages/airflow/example_dags/example_latest_only_with_trigger.py took 0.078 seconds
[2025-02-19T09:39:02.476+0000] {processor.py:186} INFO - Started process (PID=186) to work on /home/airflow/.local/lib/python3.12/site-packages/airflow/example_dags/example_latest_only_with_trigger.py
[2025-02-19T09:39:02.477+0000] {processor.py:914} INFO - Processing file /home/airflow/.local/lib/python3.12/site-packages/airflow/example_dags/example_latest_only_with_trigger.py for tasks to queue
[2025-02-19T09:39:02.480+0000] {logging_mixin.py:190} INFO - [2025-02-19T09:39:02.479+0000] {dagbag.py:587} INFO - Filling up the DagBag from /home/airflow/.local/lib/python3.12/site-packages/airflow/example_dags/example_latest_only_with_trigger.py
[2025-02-19T09:39:02.486+0000] {processor.py:925} INFO - DAG(s) 'latest_only_with_trigger' retrieved from /home/airflow/.local/lib/python3.12/site-packages/airflow/example_dags/example_latest_only_with_trigger.py
[2025-02-19T09:39:02.510+0000] {logging_mixin.py:190} INFO - [2025-02-19T09:39:02.509+0000] {dag.py:3229} INFO - Sync 1 DAGs
[2025-02-19T09:39:02.533+0000] {logging_mixin.py:190} INFO - [2025-02-19T09:39:02.533+0000] {dag.py:4156} INFO - Setting next_dagrun for latest_only_with_trigger to 2025-02-19 04:00:00+00:00, run_after=2025-02-19 08:00:00+00:00
[2025-02-19T09:39:02.554+0000] {processor.py:208} INFO - Processing /home/airflow/.local/lib/python3.12/site-packages/airflow/example_dags/example_latest_only_with_trigger.py took 0.083 seconds
[2025-02-19T09:39:32.739+0000] {processor.py:186} INFO - Started process (PID=250) to work on /home/airflow/.local/lib/python3.12/site-packages/airflow/example_dags/example_latest_only_with_trigger.py
[2025-02-19T09:39:32.740+0000] {processor.py:914} INFO - Processing file /home/airflow/.local/lib/python3.12/site-packages/airflow/example_dags/example_latest_only_with_trigger.py for tasks to queue
[2025-02-19T09:39:32.742+0000] {logging_mixin.py:190} INFO - [2025-02-19T09:39:32.742+0000] {dagbag.py:587} INFO - Filling up the DagBag from /home/airflow/.local/lib/python3.12/site-packages/airflow/example_dags/example_latest_only_with_trigger.py
[2025-02-19T09:39:32.748+0000] {processor.py:925} INFO - DAG(s) 'latest_only_with_trigger' retrieved from /home/airflow/.local/lib/python3.12/site-packages/airflow/example_dags/example_latest_only_with_trigger.py
[2025-02-19T09:39:32.767+0000] {logging_mixin.py:190} INFO - [2025-02-19T09:39:32.767+0000] {dag.py:3229} INFO - Sync 1 DAGs
[2025-02-19T09:39:32.786+0000] {logging_mixin.py:190} INFO - [2025-02-19T09:39:32.786+0000] {dag.py:4156} INFO - Setting next_dagrun for latest_only_with_trigger to 2025-02-19 04:00:00+00:00, run_after=2025-02-19 08:00:00+00:00
[2025-02-19T09:39:32.804+0000] {processor.py:208} INFO - Processing /home/airflow/.local/lib/python3.12/site-packages/airflow/example_dags/example_latest_only_with_trigger.py took 0.070 seconds
[2025-02-19T09:40:02.935+0000] {processor.py:186} INFO - Started process (PID=314) to work on /home/airflow/.local/lib/python3.12/site-packages/airflow/example_dags/example_latest_only_with_trigger.py
[2025-02-19T09:40:02.937+0000] {processor.py:914} INFO - Processing file /home/airflow/.local/lib/python3.12/site-packages/airflow/example_dags/example_latest_only_with_trigger.py for tasks to queue
[2025-02-19T09:40:02.938+0000] {logging_mixin.py:190} INFO - [2025-02-19T09:40:02.938+0000] {dagbag.py:587} INFO - Filling up the DagBag from /home/airflow/.local/lib/python3.12/site-packages/airflow/example_dags/example_latest_only_with_trigger.py
[2025-02-19T09:40:02.944+0000] {processor.py:925} INFO - DAG(s) 'latest_only_with_trigger' retrieved from /home/airflow/.local/lib/python3.12/site-packages/airflow/example_dags/example_latest_only_with_trigger.py
[2025-02-19T09:40:02.962+0000] {logging_mixin.py:190} INFO - [2025-02-19T09:40:02.962+0000] {dag.py:3229} INFO - Sync 1 DAGs
[2025-02-19T09:40:02.982+0000] {logging_mixin.py:190} INFO - [2025-02-19T09:40:02.982+0000] {dag.py:4156} INFO - Setting next_dagrun for latest_only_with_trigger to 2025-02-19 04:00:00+00:00, run_after=2025-02-19 08:00:00+00:00
[2025-02-19T09:40:03.000+0000] {processor.py:208} INFO - Processing /home/airflow/.local/lib/python3.12/site-packages/airflow/example_dags/example_latest_only_with_trigger.py took 0.069 seconds
[2025-02-19T09:40:33.268+0000] {processor.py:186} INFO - Started process (PID=378) to work on /home/airflow/.local/lib/python3.12/site-packages/airflow/example_dags/example_latest_only_with_trigger.py
[2025-02-19T09:40:33.269+0000] {processor.py:914} INFO - Processing file /home/airflow/.local/lib/python3.12/site-packages/airflow/example_dags/example_latest_only_with_trigger.py for tasks to queue
[2025-02-19T09:40:33.271+0000] {logging_mixin.py:190} INFO - [2025-02-19T09:40:33.271+0000] {dagbag.py:587} INFO - Filling up the DagBag from /home/airflow/.local/lib/python3.12/site-packages/airflow/example_dags/example_latest_only_with_trigger.py
[2025-02-19T09:40:33.278+0000] {processor.py:925} INFO - DAG(s) 'latest_only_with_trigger' retrieved from /home/airflow/.local/lib/python3.12/site-packages/airflow/example_dags/example_latest_only_with_trigger.py
[2025-02-19T09:40:33.297+0000] {logging_mixin.py:190} INFO - [2025-02-19T09:40:33.296+0000] {dag.py:3229} INFO - Sync 1 DAGs
[2025-02-19T09:40:33.317+0000] {logging_mixin.py:190} INFO - [2025-02-19T09:40:33.317+0000] {dag.py:4156} INFO - Setting next_dagrun for latest_only_with_trigger to 2025-02-19 04:00:00+00:00, run_after=2025-02-19 08:00:00+00:00
[2025-02-19T09:40:33.335+0000] {processor.py:208} INFO - Processing /home/airflow/.local/lib/python3.12/site-packages/airflow/example_dags/example_latest_only_with_trigger.py took 0.072 seconds
[2025-02-19T09:41:03.399+0000] {processor.py:186} INFO - Started process (PID=442) to work on /home/airflow/.local/lib/python3.12/site-packages/airflow/example_dags/example_latest_only_with_trigger.py
[2025-02-19T09:41:03.400+0000] {processor.py:914} INFO - Processing file /home/airflow/.local/lib/python3.12/site-packages/airflow/example_dags/example_latest_only_with_trigger.py for tasks to queue
[2025-02-19T09:41:03.402+0000] {logging_mixin.py:190} INFO - [2025-02-19T09:41:03.402+0000] {dagbag.py:587} INFO - Filling up the DagBag from /home/airflow/.local/lib/python3.12/site-packages/airflow/example_dags/example_latest_only_with_trigger.py
[2025-02-19T09:41:03.407+0000] {processor.py:925} INFO - DAG(s) 'latest_only_with_trigger' retrieved from /home/airflow/.local/lib/python3.12/site-packages/airflow/example_dags/example_latest_only_with_trigger.py
[2025-02-19T09:41:03.423+0000] {logging_mixin.py:190} INFO - [2025-02-19T09:41:03.422+0000] {dag.py:3229} INFO - Sync 1 DAGs
[2025-02-19T09:41:03.440+0000] {logging_mixin.py:190} INFO - [2025-02-19T09:41:03.440+0000] {dag.py:4156} INFO - Setting next_dagrun for latest_only_with_trigger to 2025-02-19 04:00:00+00:00, run_after=2025-02-19 08:00:00+00:00
[2025-02-19T09:41:03.455+0000] {processor.py:208} INFO - Processing /home/airflow/.local/lib/python3.12/site-packages/airflow/example_dags/example_latest_only_with_trigger.py took 0.060 seconds
[2025-02-19T09:41:33.771+0000] {processor.py:186} INFO - Started process (PID=506) to work on /home/airflow/.local/lib/python3.12/site-packages/airflow/example_dags/example_latest_only_with_trigger.py
[2025-02-19T09:41:33.773+0000] {processor.py:914} INFO - Processing file /home/airflow/.local/lib/python3.12/site-packages/airflow/example_dags/example_latest_only_with_trigger.py for tasks to queue
[2025-02-19T09:41:33.775+0000] {logging_mixin.py:190} INFO - [2025-02-19T09:41:33.775+0000] {dagbag.py:587} INFO - Filling up the DagBag from /home/airflow/.local/lib/python3.12/site-packages/airflow/example_dags/example_latest_only_with_trigger.py
[2025-02-19T09:41:33.783+0000] {processor.py:925} INFO - DAG(s) 'latest_only_with_trigger' retrieved from /home/airflow/.local/lib/python3.12/site-packages/airflow/example_dags/example_latest_only_with_trigger.py
[2025-02-19T09:41:33.801+0000] {logging_mixin.py:190} INFO - [2025-02-19T09:41:33.801+0000] {dag.py:3229} INFO - Sync 1 DAGs
[2025-02-19T09:41:33.821+0000] {logging_mixin.py:190} INFO - [2025-02-19T09:41:33.821+0000] {dag.py:4156} INFO - Setting next_dagrun for latest_only_with_trigger to 2025-02-19 04:00:00+00:00, run_after=2025-02-19 08:00:00+00:00
[2025-02-19T09:41:33.838+0000] {processor.py:208} INFO - Processing /home/airflow/.local/lib/python3.12/site-packages/airflow/example_dags/example_latest_only_with_trigger.py took 0.070 seconds
[2025-02-19T09:42:04.778+0000] {processor.py:186} INFO - Started process (PID=570) to work on /home/airflow/.local/lib/python3.12/site-packages/airflow/example_dags/example_latest_only_with_trigger.py
[2025-02-19T09:42:04.780+0000] {processor.py:914} INFO - Processing file /home/airflow/.local/lib/python3.12/site-packages/airflow/example_dags/example_latest_only_with_trigger.py for tasks to queue
[2025-02-19T09:42:04.781+0000] {logging_mixin.py:190} INFO - [2025-02-19T09:42:04.781+0000] {dagbag.py:587} INFO - Filling up the DagBag from /home/airflow/.local/lib/python3.12/site-packages/airflow/example_dags/example_latest_only_with_trigger.py
[2025-02-19T09:42:04.787+0000] {processor.py:925} INFO - DAG(s) 'latest_only_with_trigger' retrieved from /home/airflow/.local/lib/python3.12/site-packages/airflow/example_dags/example_latest_only_with_trigger.py
[2025-02-19T09:42:04.805+0000] {logging_mixin.py:190} INFO - [2025-02-19T09:42:04.805+0000] {dag.py:3229} INFO - Sync 1 DAGs
[2025-02-19T09:42:04.822+0000] {logging_mixin.py:190} INFO - [2025-02-19T09:42:04.822+0000] {dag.py:4156} INFO - Setting next_dagrun for latest_only_with_trigger to 2025-02-19 04:00:00+00:00, run_after=2025-02-19 08:00:00+00:00
[2025-02-19T09:42:04.837+0000] {processor.py:208} INFO - Processing /home/airflow/.local/lib/python3.12/site-packages/airflow/example_dags/example_latest_only_with_trigger.py took 0.063 seconds
[2025-02-19T09:42:35.158+0000] {processor.py:186} INFO - Started process (PID=634) to work on /home/airflow/.local/lib/python3.12/site-packages/airflow/example_dags/example_latest_only_with_trigger.py
[2025-02-19T09:42:35.159+0000] {processor.py:914} INFO - Processing file /home/airflow/.local/lib/python3.12/site-packages/airflow/example_dags/example_latest_only_with_trigger.py for tasks to queue
[2025-02-19T09:42:35.160+0000] {logging_mixin.py:190} INFO - [2025-02-19T09:42:35.160+0000] {dagbag.py:587} INFO - Filling up the DagBag from /home/airflow/.local/lib/python3.12/site-packages/airflow/example_dags/example_latest_only_with_trigger.py
[2025-02-19T09:42:35.166+0000] {processor.py:925} INFO - DAG(s) 'latest_only_with_trigger' retrieved from /home/airflow/.local/lib/python3.12/site-packages/airflow/example_dags/example_latest_only_with_trigger.py
[2025-02-19T09:42:35.183+0000] {logging_mixin.py:190} INFO - [2025-02-19T09:42:35.183+0000] {dag.py:3229} INFO - Sync 1 DAGs
[2025-02-19T09:42:35.200+0000] {logging_mixin.py:190} INFO - [2025-02-19T09:42:35.200+0000] {dag.py:4156} INFO - Setting next_dagrun for latest_only_with_trigger to 2025-02-19 04:00:00+00:00, run_after=2025-02-19 08:00:00+00:00
[2025-02-19T09:42:35.214+0000] {processor.py:208} INFO - Processing /home/airflow/.local/lib/python3.12/site-packages/airflow/example_dags/example_latest_only_with_trigger.py took 0.060 seconds
[2025-02-19T09:43:06.349+0000] {processor.py:186} INFO - Started process (PID=698) to work on /home/airflow/.local/lib/python3.12/site-packages/airflow/example_dags/example_latest_only_with_trigger.py
[2025-02-19T09:43:06.350+0000] {processor.py:914} INFO - Processing file /home/airflow/.local/lib/python3.12/site-packages/airflow/example_dags/example_latest_only_with_trigger.py for tasks to queue
[2025-02-19T09:43:06.352+0000] {logging_mixin.py:190} INFO - [2025-02-19T09:43:06.352+0000] {dagbag.py:587} INFO - Filling up the DagBag from /home/airflow/.local/lib/python3.12/site-packages/airflow/example_dags/example_latest_only_with_trigger.py
[2025-02-19T09:43:06.359+0000] {processor.py:925} INFO - DAG(s) 'latest_only_with_trigger' retrieved from /home/airflow/.local/lib/python3.12/site-packages/airflow/example_dags/example_latest_only_with_trigger.py
[2025-02-19T09:43:06.379+0000] {logging_mixin.py:190} INFO - [2025-02-19T09:43:06.378+0000] {dag.py:3229} INFO - Sync 1 DAGs
[2025-02-19T09:43:06.401+0000] {logging_mixin.py:190} INFO - [2025-02-19T09:43:06.401+0000] {dag.py:4156} INFO - Setting next_dagrun for latest_only_with_trigger to 2025-02-19 04:00:00+00:00, run_after=2025-02-19 08:00:00+00:00
[2025-02-19T09:43:06.420+0000] {processor.py:208} INFO - Processing /home/airflow/.local/lib/python3.12/site-packages/airflow/example_dags/example_latest_only_with_trigger.py took 0.076 seconds
[2025-02-19T09:43:36.530+0000] {processor.py:186} INFO - Started process (PID=762) to work on /home/airflow/.local/lib/python3.12/site-packages/airflow/example_dags/example_latest_only_with_trigger.py
[2025-02-19T09:43:36.531+0000] {processor.py:914} INFO - Processing file /home/airflow/.local/lib/python3.12/site-packages/airflow/example_dags/example_latest_only_with_trigger.py for tasks to queue
[2025-02-19T09:43:36.533+0000] {logging_mixin.py:190} INFO - [2025-02-19T09:43:36.533+0000] {dagbag.py:587} INFO - Filling up the DagBag from /home/airflow/.local/lib/python3.12/site-packages/airflow/example_dags/example_latest_only_with_trigger.py
[2025-02-19T09:43:36.539+0000] {processor.py:925} INFO - DAG(s) 'latest_only_with_trigger' retrieved from /home/airflow/.local/lib/python3.12/site-packages/airflow/example_dags/example_latest_only_with_trigger.py
[2025-02-19T09:43:36.557+0000] {logging_mixin.py:190} INFO - [2025-02-19T09:43:36.556+0000] {dag.py:3229} INFO - Sync 1 DAGs
[2025-02-19T09:43:36.576+0000] {logging_mixin.py:190} INFO - [2025-02-19T09:43:36.576+0000] {dag.py:4156} INFO - Setting next_dagrun for latest_only_with_trigger to 2025-02-19 04:00:00+00:00, run_after=2025-02-19 08:00:00+00:00
[2025-02-19T09:43:36.591+0000] {processor.py:208} INFO - Processing /home/airflow/.local/lib/python3.12/site-packages/airflow/example_dags/example_latest_only_with_trigger.py took 0.065 seconds
[2025-02-19T09:44:06.788+0000] {processor.py:186} INFO - Started process (PID=826) to work on /home/airflow/.local/lib/python3.12/site-packages/airflow/example_dags/example_latest_only_with_trigger.py
[2025-02-19T09:44:06.789+0000] {processor.py:914} INFO - Processing file /home/airflow/.local/lib/python3.12/site-packages/airflow/example_dags/example_latest_only_with_trigger.py for tasks to queue
[2025-02-19T09:44:06.792+0000] {logging_mixin.py:190} INFO - [2025-02-19T09:44:06.791+0000] {dagbag.py:587} INFO - Filling up the DagBag from /home/airflow/.local/lib/python3.12/site-packages/airflow/example_dags/example_latest_only_with_trigger.py
[2025-02-19T09:44:06.797+0000] {processor.py:925} INFO - DAG(s) 'latest_only_with_trigger' retrieved from /home/airflow/.local/lib/python3.12/site-packages/airflow/example_dags/example_latest_only_with_trigger.py
[2025-02-19T09:44:06.815+0000] {logging_mixin.py:190} INFO - [2025-02-19T09:44:06.814+0000] {dag.py:3229} INFO - Sync 1 DAGs
[2025-02-19T09:44:06.833+0000] {logging_mixin.py:190} INFO - [2025-02-19T09:44:06.833+0000] {dag.py:4156} INFO - Setting next_dagrun for latest_only_with_trigger to 2025-02-19 04:00:00+00:00, run_after=2025-02-19 08:00:00+00:00
[2025-02-19T09:44:06.845+0000] {processor.py:208} INFO - Processing /home/airflow/.local/lib/python3.12/site-packages/airflow/example_dags/example_latest_only_with_trigger.py took 0.061 seconds
[2025-02-19T09:44:37.743+0000] {processor.py:186} INFO - Started process (PID=890) to work on /home/airflow/.local/lib/python3.12/site-packages/airflow/example_dags/example_latest_only_with_trigger.py
[2025-02-19T09:44:37.744+0000] {processor.py:914} INFO - Processing file /home/airflow/.local/lib/python3.12/site-packages/airflow/example_dags/example_latest_only_with_trigger.py for tasks to queue
[2025-02-19T09:44:37.746+0000] {logging_mixin.py:190} INFO - [2025-02-19T09:44:37.746+0000] {dagbag.py:587} INFO - Filling up the DagBag from /home/airflow/.local/lib/python3.12/site-packages/airflow/example_dags/example_latest_only_with_trigger.py
[2025-02-19T09:44:37.754+0000] {processor.py:925} INFO - DAG(s) 'latest_only_with_trigger' retrieved from /home/airflow/.local/lib/python3.12/site-packages/airflow/example_dags/example_latest_only_with_trigger.py
[2025-02-19T09:44:37.776+0000] {logging_mixin.py:190} INFO - [2025-02-19T09:44:37.775+0000] {dag.py:3229} INFO - Sync 1 DAGs
[2025-02-19T09:44:37.794+0000] {logging_mixin.py:190} INFO - [2025-02-19T09:44:37.793+0000] {dag.py:4156} INFO - Setting next_dagrun for latest_only_with_trigger to 2025-02-19 04:00:00+00:00, run_after=2025-02-19 08:00:00+00:00
[2025-02-19T09:44:37.808+0000] {processor.py:208} INFO - Processing /home/airflow/.local/lib/python3.12/site-packages/airflow/example_dags/example_latest_only_with_trigger.py took 0.071 seconds
[2025-02-19T09:45:08.139+0000] {processor.py:186} INFO - Started process (PID=954) to work on /home/airflow/.local/lib/python3.12/site-packages/airflow/example_dags/example_latest_only_with_trigger.py
[2025-02-19T09:45:08.140+0000] {processor.py:914} INFO - Processing file /home/airflow/.local/lib/python3.12/site-packages/airflow/example_dags/example_latest_only_with_trigger.py for tasks to queue
[2025-02-19T09:45:08.142+0000] {logging_mixin.py:190} INFO - [2025-02-19T09:45:08.141+0000] {dagbag.py:587} INFO - Filling up the DagBag from /home/airflow/.local/lib/python3.12/site-packages/airflow/example_dags/example_latest_only_with_trigger.py
[2025-02-19T09:45:08.147+0000] {processor.py:925} INFO - DAG(s) 'latest_only_with_trigger' retrieved from /home/airflow/.local/lib/python3.12/site-packages/airflow/example_dags/example_latest_only_with_trigger.py
[2025-02-19T09:45:08.166+0000] {logging_mixin.py:190} INFO - [2025-02-19T09:45:08.165+0000] {dag.py:3229} INFO - Sync 1 DAGs
[2025-02-19T09:45:08.185+0000] {logging_mixin.py:190} INFO - [2025-02-19T09:45:08.185+0000] {dag.py:4156} INFO - Setting next_dagrun for latest_only_with_trigger to 2025-02-19 04:00:00+00:00, run_after=2025-02-19 08:00:00+00:00
[2025-02-19T09:45:08.201+0000] {processor.py:208} INFO - Processing /home/airflow/.local/lib/python3.12/site-packages/airflow/example_dags/example_latest_only_with_trigger.py took 0.067 seconds
[2025-02-19T09:45:39.445+0000] {processor.py:186} INFO - Started process (PID=1018) to work on /home/airflow/.local/lib/python3.12/site-packages/airflow/example_dags/example_latest_only_with_trigger.py
[2025-02-19T09:45:39.446+0000] {processor.py:914} INFO - Processing file /home/airflow/.local/lib/python3.12/site-packages/airflow/example_dags/example_latest_only_with_trigger.py for tasks to queue
[2025-02-19T09:45:39.448+0000] {logging_mixin.py:190} INFO - [2025-02-19T09:45:39.448+0000] {dagbag.py:587} INFO - Filling up the DagBag from /home/airflow/.local/lib/python3.12/site-packages/airflow/example_dags/example_latest_only_with_trigger.py
[2025-02-19T09:45:39.455+0000] {processor.py:925} INFO - DAG(s) 'latest_only_with_trigger' retrieved from /home/airflow/.local/lib/python3.12/site-packages/airflow/example_dags/example_latest_only_with_trigger.py
[2025-02-19T09:45:39.472+0000] {logging_mixin.py:190} INFO - [2025-02-19T09:45:39.472+0000] {dag.py:3229} INFO - Sync 1 DAGs
[2025-02-19T09:45:39.494+0000] {logging_mixin.py:190} INFO - [2025-02-19T09:45:39.493+0000] {dag.py:4156} INFO - Setting next_dagrun for latest_only_with_trigger to 2025-02-19 04:00:00+00:00, run_after=2025-02-19 08:00:00+00:00
[2025-02-19T09:45:39.513+0000] {processor.py:208} INFO - Processing /home/airflow/.local/lib/python3.12/site-packages/airflow/example_dags/example_latest_only_with_trigger.py took 0.073 seconds
[2025-02-19T09:46:10.384+0000] {processor.py:186} INFO - Started process (PID=1082) to work on /home/airflow/.local/lib/python3.12/site-packages/airflow/example_dags/example_latest_only_with_trigger.py
[2025-02-19T09:46:10.385+0000] {processor.py:914} INFO - Processing file /home/airflow/.local/lib/python3.12/site-packages/airflow/example_dags/example_latest_only_with_trigger.py for tasks to queue
[2025-02-19T09:46:10.388+0000] {logging_mixin.py:190} INFO - [2025-02-19T09:46:10.387+0000] {dagbag.py:587} INFO - Filling up the DagBag from /home/airflow/.local/lib/python3.12/site-packages/airflow/example_dags/example_latest_only_with_trigger.py
[2025-02-19T09:46:10.393+0000] {processor.py:925} INFO - DAG(s) 'latest_only_with_trigger' retrieved from /home/airflow/.local/lib/python3.12/site-packages/airflow/example_dags/example_latest_only_with_trigger.py
[2025-02-19T09:46:10.411+0000] {logging_mixin.py:190} INFO - [2025-02-19T09:46:10.410+0000] {dag.py:3229} INFO - Sync 1 DAGs
[2025-02-19T09:46:10.431+0000] {logging_mixin.py:190} INFO - [2025-02-19T09:46:10.431+0000] {dag.py:4156} INFO - Setting next_dagrun for latest_only_with_trigger to 2025-02-19 04:00:00+00:00, run_after=2025-02-19 08:00:00+00:00
[2025-02-19T09:46:10.447+0000] {processor.py:208} INFO - Processing /home/airflow/.local/lib/python3.12/site-packages/airflow/example_dags/example_latest_only_with_trigger.py took 0.067 seconds
[2025-02-19T09:46:41.316+0000] {processor.py:186} INFO - Started process (PID=1146) to work on /home/airflow/.local/lib/python3.12/site-packages/airflow/example_dags/example_latest_only_with_trigger.py
[2025-02-19T09:46:41.317+0000] {processor.py:914} INFO - Processing file /home/airflow/.local/lib/python3.12/site-packages/airflow/example_dags/example_latest_only_with_trigger.py for tasks to queue
[2025-02-19T09:46:41.319+0000] {logging_mixin.py:190} INFO - [2025-02-19T09:46:41.319+0000] {dagbag.py:587} INFO - Filling up the DagBag from /home/airflow/.local/lib/python3.12/site-packages/airflow/example_dags/example_latest_only_with_trigger.py
[2025-02-19T09:46:41.324+0000] {processor.py:925} INFO - DAG(s) 'latest_only_with_trigger' retrieved from /home/airflow/.local/lib/python3.12/site-packages/airflow/example_dags/example_latest_only_with_trigger.py
[2025-02-19T09:46:41.342+0000] {logging_mixin.py:190} INFO - [2025-02-19T09:46:41.342+0000] {dag.py:3229} INFO - Sync 1 DAGs
[2025-02-19T09:46:41.359+0000] {logging_mixin.py:190} INFO - [2025-02-19T09:46:41.359+0000] {dag.py:4156} INFO - Setting next_dagrun for latest_only_with_trigger to 2025-02-19 04:00:00+00:00, run_after=2025-02-19 08:00:00+00:00
[2025-02-19T09:46:41.373+0000] {processor.py:208} INFO - Processing /home/airflow/.local/lib/python3.12/site-packages/airflow/example_dags/example_latest_only_with_trigger.py took 0.062 seconds
[2025-02-19T09:47:12.512+0000] {processor.py:186} INFO - Started process (PID=1210) to work on /home/airflow/.local/lib/python3.12/site-packages/airflow/example_dags/example_latest_only_with_trigger.py
[2025-02-19T09:47:12.513+0000] {processor.py:914} INFO - Processing file /home/airflow/.local/lib/python3.12/site-packages/airflow/example_dags/example_latest_only_with_trigger.py for tasks to queue
[2025-02-19T09:47:12.515+0000] {logging_mixin.py:190} INFO - [2025-02-19T09:47:12.515+0000] {dagbag.py:587} INFO - Filling up the DagBag from /home/airflow/.local/lib/python3.12/site-packages/airflow/example_dags/example_latest_only_with_trigger.py
[2025-02-19T09:47:12.521+0000] {processor.py:925} INFO - DAG(s) 'latest_only_with_trigger' retrieved from /home/airflow/.local/lib/python3.12/site-packages/airflow/example_dags/example_latest_only_with_trigger.py
[2025-02-19T09:47:12.541+0000] {logging_mixin.py:190} INFO - [2025-02-19T09:47:12.541+0000] {dag.py:3229} INFO - Sync 1 DAGs
[2025-02-19T09:47:12.562+0000] {logging_mixin.py:190} INFO - [2025-02-19T09:47:12.562+0000] {dag.py:4156} INFO - Setting next_dagrun for latest_only_with_trigger to 2025-02-19 04:00:00+00:00, run_after=2025-02-19 08:00:00+00:00
[2025-02-19T09:47:12.583+0000] {processor.py:208} INFO - Processing /home/airflow/.local/lib/python3.12/site-packages/airflow/example_dags/example_latest_only_with_trigger.py took 0.076 seconds
[2025-02-19T09:47:42.954+0000] {processor.py:186} INFO - Started process (PID=1274) to work on /home/airflow/.local/lib/python3.12/site-packages/airflow/example_dags/example_latest_only_with_trigger.py
[2025-02-19T09:47:42.955+0000] {processor.py:914} INFO - Processing file /home/airflow/.local/lib/python3.12/site-packages/airflow/example_dags/example_latest_only_with_trigger.py for tasks to queue
[2025-02-19T09:47:42.957+0000] {logging_mixin.py:190} INFO - [2025-02-19T09:47:42.957+0000] {dagbag.py:587} INFO - Filling up the DagBag from /home/airflow/.local/lib/python3.12/site-packages/airflow/example_dags/example_latest_only_with_trigger.py
[2025-02-19T09:47:42.964+0000] {processor.py:925} INFO - DAG(s) 'latest_only_with_trigger' retrieved from /home/airflow/.local/lib/python3.12/site-packages/airflow/example_dags/example_latest_only_with_trigger.py
[2025-02-19T09:47:42.983+0000] {logging_mixin.py:190} INFO - [2025-02-19T09:47:42.983+0000] {dag.py:3229} INFO - Sync 1 DAGs
[2025-02-19T09:47:43.004+0000] {logging_mixin.py:190} INFO - [2025-02-19T09:47:43.004+0000] {dag.py:4156} INFO - Setting next_dagrun for latest_only_with_trigger to 2025-02-19 04:00:00+00:00, run_after=2025-02-19 08:00:00+00:00
[2025-02-19T09:47:43.021+0000] {processor.py:208} INFO - Processing /home/airflow/.local/lib/python3.12/site-packages/airflow/example_dags/example_latest_only_with_trigger.py took 0.072 seconds
[2025-02-19T09:48:13.098+0000] {processor.py:186} INFO - Started process (PID=1339) to work on /home/airflow/.local/lib/python3.12/site-packages/airflow/example_dags/example_latest_only_with_trigger.py
[2025-02-19T09:48:13.099+0000] {processor.py:914} INFO - Processing file /home/airflow/.local/lib/python3.12/site-packages/airflow/example_dags/example_latest_only_with_trigger.py for tasks to queue
[2025-02-19T09:48:13.101+0000] {logging_mixin.py:190} INFO - [2025-02-19T09:48:13.100+0000] {dagbag.py:587} INFO - Filling up the DagBag from /home/airflow/.local/lib/python3.12/site-packages/airflow/example_dags/example_latest_only_with_trigger.py
[2025-02-19T09:48:13.107+0000] {processor.py:925} INFO - DAG(s) 'latest_only_with_trigger' retrieved from /home/airflow/.local/lib/python3.12/site-packages/airflow/example_dags/example_latest_only_with_trigger.py
[2025-02-19T09:48:13.126+0000] {logging_mixin.py:190} INFO - [2025-02-19T09:48:13.125+0000] {dag.py:3229} INFO - Sync 1 DAGs
[2025-02-19T09:48:13.144+0000] {logging_mixin.py:190} INFO - [2025-02-19T09:48:13.144+0000] {dag.py:4156} INFO - Setting next_dagrun for latest_only_with_trigger to 2025-02-19 04:00:00+00:00, run_after=2025-02-19 08:00:00+00:00
[2025-02-19T09:48:13.160+0000] {processor.py:208} INFO - Processing /home/airflow/.local/lib/python3.12/site-packages/airflow/example_dags/example_latest_only_with_trigger.py took 0.067 seconds
[2025-02-19T09:48:44.165+0000] {processor.py:186} INFO - Started process (PID=1403) to work on /home/airflow/.local/lib/python3.12/site-packages/airflow/example_dags/example_latest_only_with_trigger.py
[2025-02-19T09:48:44.166+0000] {processor.py:914} INFO - Processing file /home/airflow/.local/lib/python3.12/site-packages/airflow/example_dags/example_latest_only_with_trigger.py for tasks to queue
[2025-02-19T09:48:44.168+0000] {logging_mixin.py:190} INFO - [2025-02-19T09:48:44.168+0000] {dagbag.py:587} INFO - Filling up the DagBag from /home/airflow/.local/lib/python3.12/site-packages/airflow/example_dags/example_latest_only_with_trigger.py
[2025-02-19T09:48:44.173+0000] {processor.py:925} INFO - DAG(s) 'latest_only_with_trigger' retrieved from /home/airflow/.local/lib/python3.12/site-packages/airflow/example_dags/example_latest_only_with_trigger.py
[2025-02-19T09:48:44.191+0000] {logging_mixin.py:190} INFO - [2025-02-19T09:48:44.190+0000] {dag.py:3229} INFO - Sync 1 DAGs
[2025-02-19T09:48:44.208+0000] {logging_mixin.py:190} INFO - [2025-02-19T09:48:44.208+0000] {dag.py:4156} INFO - Setting next_dagrun for latest_only_with_trigger to 2025-02-19 04:00:00+00:00, run_after=2025-02-19 08:00:00+00:00
[2025-02-19T09:48:44.223+0000] {processor.py:208} INFO - Processing /home/airflow/.local/lib/python3.12/site-packages/airflow/example_dags/example_latest_only_with_trigger.py took 0.062 seconds
[2025-02-19T09:49:15.143+0000] {processor.py:186} INFO - Started process (PID=1467) to work on /home/airflow/.local/lib/python3.12/site-packages/airflow/example_dags/example_latest_only_with_trigger.py
[2025-02-19T09:49:15.144+0000] {processor.py:914} INFO - Processing file /home/airflow/.local/lib/python3.12/site-packages/airflow/example_dags/example_latest_only_with_trigger.py for tasks to queue
[2025-02-19T09:49:15.146+0000] {logging_mixin.py:190} INFO - [2025-02-19T09:49:15.145+0000] {dagbag.py:587} INFO - Filling up the DagBag from /home/airflow/.local/lib/python3.12/site-packages/airflow/example_dags/example_latest_only_with_trigger.py
[2025-02-19T09:49:15.152+0000] {processor.py:925} INFO - DAG(s) 'latest_only_with_trigger' retrieved from /home/airflow/.local/lib/python3.12/site-packages/airflow/example_dags/example_latest_only_with_trigger.py
[2025-02-19T09:49:15.170+0000] {logging_mixin.py:190} INFO - [2025-02-19T09:49:15.169+0000] {dag.py:3229} INFO - Sync 1 DAGs
[2025-02-19T09:49:15.189+0000] {logging_mixin.py:190} INFO - [2025-02-19T09:49:15.189+0000] {dag.py:4156} INFO - Setting next_dagrun for latest_only_with_trigger to 2025-02-19 04:00:00+00:00, run_after=2025-02-19 08:00:00+00:00
[2025-02-19T09:49:15.205+0000] {processor.py:208} INFO - Processing /home/airflow/.local/lib/python3.12/site-packages/airflow/example_dags/example_latest_only_with_trigger.py took 0.067 seconds
[2025-02-19T09:49:46.123+0000] {processor.py:186} INFO - Started process (PID=1531) to work on /home/airflow/.local/lib/python3.12/site-packages/airflow/example_dags/example_latest_only_with_trigger.py
[2025-02-19T09:49:46.125+0000] {processor.py:914} INFO - Processing file /home/airflow/.local/lib/python3.12/site-packages/airflow/example_dags/example_latest_only_with_trigger.py for tasks to queue
[2025-02-19T09:49:46.126+0000] {logging_mixin.py:190} INFO - [2025-02-19T09:49:46.126+0000] {dagbag.py:587} INFO - Filling up the DagBag from /home/airflow/.local/lib/python3.12/site-packages/airflow/example_dags/example_latest_only_with_trigger.py
[2025-02-19T09:49:46.132+0000] {processor.py:925} INFO - DAG(s) 'latest_only_with_trigger' retrieved from /home/airflow/.local/lib/python3.12/site-packages/airflow/example_dags/example_latest_only_with_trigger.py
[2025-02-19T09:49:46.149+0000] {logging_mixin.py:190} INFO - [2025-02-19T09:49:46.149+0000] {dag.py:3229} INFO - Sync 1 DAGs
[2025-02-19T09:49:46.168+0000] {logging_mixin.py:190} INFO - [2025-02-19T09:49:46.168+0000] {dag.py:4156} INFO - Setting next_dagrun for latest_only_with_trigger to 2025-02-19 04:00:00+00:00, run_after=2025-02-19 08:00:00+00:00
[2025-02-19T09:49:46.184+0000] {processor.py:208} INFO - Processing /home/airflow/.local/lib/python3.12/site-packages/airflow/example_dags/example_latest_only_with_trigger.py took 0.065 seconds
[2025-02-19T09:50:16.583+0000] {processor.py:186} INFO - Started process (PID=1595) to work on /home/airflow/.local/lib/python3.12/site-packages/airflow/example_dags/example_latest_only_with_trigger.py
[2025-02-19T09:50:16.584+0000] {processor.py:914} INFO - Processing file /home/airflow/.local/lib/python3.12/site-packages/airflow/example_dags/example_latest_only_with_trigger.py for tasks to queue
[2025-02-19T09:50:16.587+0000] {logging_mixin.py:190} INFO - [2025-02-19T09:50:16.586+0000] {dagbag.py:587} INFO - Filling up the DagBag from /home/airflow/.local/lib/python3.12/site-packages/airflow/example_dags/example_latest_only_with_trigger.py
[2025-02-19T09:50:16.592+0000] {processor.py:925} INFO - DAG(s) 'latest_only_with_trigger' retrieved from /home/airflow/.local/lib/python3.12/site-packages/airflow/example_dags/example_latest_only_with_trigger.py
[2025-02-19T09:50:16.610+0000] {logging_mixin.py:190} INFO - [2025-02-19T09:50:16.609+0000] {dag.py:3229} INFO - Sync 1 DAGs
[2025-02-19T09:50:16.629+0000] {logging_mixin.py:190} INFO - [2025-02-19T09:50:16.629+0000] {dag.py:4156} INFO - Setting next_dagrun for latest_only_with_trigger to 2025-02-19 04:00:00+00:00, run_after=2025-02-19 08:00:00+00:00
[2025-02-19T09:50:16.645+0000] {processor.py:208} INFO - Processing /home/airflow/.local/lib/python3.12/site-packages/airflow/example_dags/example_latest_only_with_trigger.py took 0.067 seconds
[2025-02-19T09:50:47.049+0000] {processor.py:186} INFO - Started process (PID=1659) to work on /home/airflow/.local/lib/python3.12/site-packages/airflow/example_dags/example_latest_only_with_trigger.py
[2025-02-19T09:50:47.050+0000] {processor.py:914} INFO - Processing file /home/airflow/.local/lib/python3.12/site-packages/airflow/example_dags/example_latest_only_with_trigger.py for tasks to queue
[2025-02-19T09:50:47.052+0000] {logging_mixin.py:190} INFO - [2025-02-19T09:50:47.051+0000] {dagbag.py:587} INFO - Filling up the DagBag from /home/airflow/.local/lib/python3.12/site-packages/airflow/example_dags/example_latest_only_with_trigger.py
[2025-02-19T09:50:47.058+0000] {processor.py:925} INFO - DAG(s) 'latest_only_with_trigger' retrieved from /home/airflow/.local/lib/python3.12/site-packages/airflow/example_dags/example_latest_only_with_trigger.py
[2025-02-19T09:50:47.075+0000] {logging_mixin.py:190} INFO - [2025-02-19T09:50:47.074+0000] {dag.py:3229} INFO - Sync 1 DAGs
[2025-02-19T09:50:47.093+0000] {logging_mixin.py:190} INFO - [2025-02-19T09:50:47.093+0000] {dag.py:4156} INFO - Setting next_dagrun for latest_only_with_trigger to 2025-02-19 04:00:00+00:00, run_after=2025-02-19 08:00:00+00:00
[2025-02-19T09:50:47.108+0000] {processor.py:208} INFO - Processing /home/airflow/.local/lib/python3.12/site-packages/airflow/example_dags/example_latest_only_with_trigger.py took 0.063 seconds
[2025-02-19T09:51:17.373+0000] {processor.py:186} INFO - Started process (PID=1723) to work on /home/airflow/.local/lib/python3.12/site-packages/airflow/example_dags/example_latest_only_with_trigger.py
[2025-02-19T09:51:17.375+0000] {processor.py:914} INFO - Processing file /home/airflow/.local/lib/python3.12/site-packages/airflow/example_dags/example_latest_only_with_trigger.py for tasks to queue
[2025-02-19T09:51:17.377+0000] {logging_mixin.py:190} INFO - [2025-02-19T09:51:17.377+0000] {dagbag.py:587} INFO - Filling up the DagBag from /home/airflow/.local/lib/python3.12/site-packages/airflow/example_dags/example_latest_only_with_trigger.py
[2025-02-19T09:51:17.383+0000] {processor.py:925} INFO - DAG(s) 'latest_only_with_trigger' retrieved from /home/airflow/.local/lib/python3.12/site-packages/airflow/example_dags/example_latest_only_with_trigger.py
[2025-02-19T09:51:17.405+0000] {logging_mixin.py:190} INFO - [2025-02-19T09:51:17.404+0000] {dag.py:3229} INFO - Sync 1 DAGs
[2025-02-19T09:51:17.427+0000] {logging_mixin.py:190} INFO - [2025-02-19T09:51:17.427+0000] {dag.py:4156} INFO - Setting next_dagrun for latest_only_with_trigger to 2025-02-19 04:00:00+00:00, run_after=2025-02-19 08:00:00+00:00
[2025-02-19T09:51:17.448+0000] {processor.py:208} INFO - Processing /home/airflow/.local/lib/python3.12/site-packages/airflow/example_dags/example_latest_only_with_trigger.py took 0.079 seconds
[2025-02-19T09:51:47.535+0000] {processor.py:186} INFO - Started process (PID=1787) to work on /home/airflow/.local/lib/python3.12/site-packages/airflow/example_dags/example_latest_only_with_trigger.py
[2025-02-19T09:51:47.536+0000] {processor.py:914} INFO - Processing file /home/airflow/.local/lib/python3.12/site-packages/airflow/example_dags/example_latest_only_with_trigger.py for tasks to queue
[2025-02-19T09:51:47.538+0000] {logging_mixin.py:190} INFO - [2025-02-19T09:51:47.538+0000] {dagbag.py:587} INFO - Filling up the DagBag from /home/airflow/.local/lib/python3.12/site-packages/airflow/example_dags/example_latest_only_with_trigger.py
[2025-02-19T09:51:47.544+0000] {processor.py:925} INFO - DAG(s) 'latest_only_with_trigger' retrieved from /home/airflow/.local/lib/python3.12/site-packages/airflow/example_dags/example_latest_only_with_trigger.py
[2025-02-19T09:51:47.564+0000] {logging_mixin.py:190} INFO - [2025-02-19T09:51:47.563+0000] {dag.py:3229} INFO - Sync 1 DAGs
[2025-02-19T09:51:47.584+0000] {logging_mixin.py:190} INFO - [2025-02-19T09:51:47.583+0000] {dag.py:4156} INFO - Setting next_dagrun for latest_only_with_trigger to 2025-02-19 04:00:00+00:00, run_after=2025-02-19 08:00:00+00:00
[2025-02-19T09:51:47.602+0000] {processor.py:208} INFO - Processing /home/airflow/.local/lib/python3.12/site-packages/airflow/example_dags/example_latest_only_with_trigger.py took 0.072 seconds
[2025-02-19T09:52:17.967+0000] {processor.py:186} INFO - Started process (PID=1851) to work on /home/airflow/.local/lib/python3.12/site-packages/airflow/example_dags/example_latest_only_with_trigger.py
[2025-02-19T09:52:17.968+0000] {processor.py:914} INFO - Processing file /home/airflow/.local/lib/python3.12/site-packages/airflow/example_dags/example_latest_only_with_trigger.py for tasks to queue
[2025-02-19T09:52:17.970+0000] {logging_mixin.py:190} INFO - [2025-02-19T09:52:17.970+0000] {dagbag.py:587} INFO - Filling up the DagBag from /home/airflow/.local/lib/python3.12/site-packages/airflow/example_dags/example_latest_only_with_trigger.py
[2025-02-19T09:52:17.976+0000] {processor.py:925} INFO - DAG(s) 'latest_only_with_trigger' retrieved from /home/airflow/.local/lib/python3.12/site-packages/airflow/example_dags/example_latest_only_with_trigger.py
[2025-02-19T09:52:17.994+0000] {logging_mixin.py:190} INFO - [2025-02-19T09:52:17.994+0000] {dag.py:3229} INFO - Sync 1 DAGs
[2025-02-19T09:52:18.012+0000] {logging_mixin.py:190} INFO - [2025-02-19T09:52:18.012+0000] {dag.py:4156} INFO - Setting next_dagrun for latest_only_with_trigger to 2025-02-19 04:00:00+00:00, run_after=2025-02-19 08:00:00+00:00
[2025-02-19T09:52:18.028+0000] {processor.py:208} INFO - Processing /home/airflow/.local/lib/python3.12/site-packages/airflow/example_dags/example_latest_only_with_trigger.py took 0.065 seconds
[2025-02-19T09:52:48.225+0000] {processor.py:186} INFO - Started process (PID=1915) to work on /home/airflow/.local/lib/python3.12/site-packages/airflow/example_dags/example_latest_only_with_trigger.py
[2025-02-19T09:52:48.227+0000] {processor.py:914} INFO - Processing file /home/airflow/.local/lib/python3.12/site-packages/airflow/example_dags/example_latest_only_with_trigger.py for tasks to queue
[2025-02-19T09:52:48.229+0000] {logging_mixin.py:190} INFO - [2025-02-19T09:52:48.229+0000] {dagbag.py:587} INFO - Filling up the DagBag from /home/airflow/.local/lib/python3.12/site-packages/airflow/example_dags/example_latest_only_with_trigger.py
[2025-02-19T09:52:48.235+0000] {processor.py:925} INFO - DAG(s) 'latest_only_with_trigger' retrieved from /home/airflow/.local/lib/python3.12/site-packages/airflow/example_dags/example_latest_only_with_trigger.py
[2025-02-19T09:52:48.253+0000] {logging_mixin.py:190} INFO - [2025-02-19T09:52:48.252+0000] {dag.py:3229} INFO - Sync 1 DAGs
[2025-02-19T09:52:48.271+0000] {logging_mixin.py:190} INFO - [2025-02-19T09:52:48.270+0000] {dag.py:4156} INFO - Setting next_dagrun for latest_only_with_trigger to 2025-02-19 04:00:00+00:00, run_after=2025-02-19 08:00:00+00:00
[2025-02-19T09:52:48.285+0000] {processor.py:208} INFO - Processing /home/airflow/.local/lib/python3.12/site-packages/airflow/example_dags/example_latest_only_with_trigger.py took 0.064 seconds
[2025-02-19T09:53:18.499+0000] {processor.py:186} INFO - Started process (PID=1979) to work on /home/airflow/.local/lib/python3.12/site-packages/airflow/example_dags/example_latest_only_with_trigger.py
[2025-02-19T09:53:18.500+0000] {processor.py:914} INFO - Processing file /home/airflow/.local/lib/python3.12/site-packages/airflow/example_dags/example_latest_only_with_trigger.py for tasks to queue
[2025-02-19T09:53:18.502+0000] {logging_mixin.py:190} INFO - [2025-02-19T09:53:18.502+0000] {dagbag.py:587} INFO - Filling up the DagBag from /home/airflow/.local/lib/python3.12/site-packages/airflow/example_dags/example_latest_only_with_trigger.py
[2025-02-19T09:53:18.508+0000] {processor.py:925} INFO - DAG(s) 'latest_only_with_trigger' retrieved from /home/airflow/.local/lib/python3.12/site-packages/airflow/example_dags/example_latest_only_with_trigger.py
[2025-02-19T09:53:18.530+0000] {logging_mixin.py:190} INFO - [2025-02-19T09:53:18.528+0000] {dag.py:3229} INFO - Sync 1 DAGs
[2025-02-19T09:53:18.555+0000] {logging_mixin.py:190} INFO - [2025-02-19T09:53:18.555+0000] {dag.py:4156} INFO - Setting next_dagrun for latest_only_with_trigger to 2025-02-19 04:00:00+00:00, run_after=2025-02-19 08:00:00+00:00
[2025-02-19T09:53:18.574+0000] {processor.py:208} INFO - Processing /home/airflow/.local/lib/python3.12/site-packages/airflow/example_dags/example_latest_only_with_trigger.py took 0.080 seconds
[2025-02-19T09:53:48.698+0000] {processor.py:186} INFO - Started process (PID=2043) to work on /home/airflow/.local/lib/python3.12/site-packages/airflow/example_dags/example_latest_only_with_trigger.py
[2025-02-19T09:53:48.700+0000] {processor.py:914} INFO - Processing file /home/airflow/.local/lib/python3.12/site-packages/airflow/example_dags/example_latest_only_with_trigger.py for tasks to queue
[2025-02-19T09:53:48.701+0000] {logging_mixin.py:190} INFO - [2025-02-19T09:53:48.701+0000] {dagbag.py:587} INFO - Filling up the DagBag from /home/airflow/.local/lib/python3.12/site-packages/airflow/example_dags/example_latest_only_with_trigger.py
[2025-02-19T09:53:48.707+0000] {processor.py:925} INFO - DAG(s) 'latest_only_with_trigger' retrieved from /home/airflow/.local/lib/python3.12/site-packages/airflow/example_dags/example_latest_only_with_trigger.py
[2025-02-19T09:53:48.724+0000] {logging_mixin.py:190} INFO - [2025-02-19T09:53:48.724+0000] {dag.py:3229} INFO - Sync 1 DAGs
[2025-02-19T09:53:48.741+0000] {logging_mixin.py:190} INFO - [2025-02-19T09:53:48.741+0000] {dag.py:4156} INFO - Setting next_dagrun for latest_only_with_trigger to 2025-02-19 04:00:00+00:00, run_after=2025-02-19 08:00:00+00:00
[2025-02-19T09:53:48.756+0000] {processor.py:208} INFO - Processing /home/airflow/.local/lib/python3.12/site-packages/airflow/example_dags/example_latest_only_with_trigger.py took 0.062 seconds
[2025-02-19T09:54:19.318+0000] {processor.py:186} INFO - Started process (PID=2107) to work on /home/airflow/.local/lib/python3.12/site-packages/airflow/example_dags/example_latest_only_with_trigger.py
[2025-02-19T09:54:19.319+0000] {processor.py:914} INFO - Processing file /home/airflow/.local/lib/python3.12/site-packages/airflow/example_dags/example_latest_only_with_trigger.py for tasks to queue
[2025-02-19T09:54:19.321+0000] {logging_mixin.py:190} INFO - [2025-02-19T09:54:19.321+0000] {dagbag.py:587} INFO - Filling up the DagBag from /home/airflow/.local/lib/python3.12/site-packages/airflow/example_dags/example_latest_only_with_trigger.py
[2025-02-19T09:54:19.328+0000] {processor.py:925} INFO - DAG(s) 'latest_only_with_trigger' retrieved from /home/airflow/.local/lib/python3.12/site-packages/airflow/example_dags/example_latest_only_with_trigger.py
[2025-02-19T09:54:19.348+0000] {logging_mixin.py:190} INFO - [2025-02-19T09:54:19.347+0000] {dag.py:3229} INFO - Sync 1 DAGs
[2025-02-19T09:54:19.370+0000] {logging_mixin.py:190} INFO - [2025-02-19T09:54:19.370+0000] {dag.py:4156} INFO - Setting next_dagrun for latest_only_with_trigger to 2025-02-19 04:00:00+00:00, run_after=2025-02-19 08:00:00+00:00
[2025-02-19T09:54:19.391+0000] {processor.py:208} INFO - Processing /home/airflow/.local/lib/python3.12/site-packages/airflow/example_dags/example_latest_only_with_trigger.py took 0.078 seconds
[2025-02-19T09:54:49.475+0000] {processor.py:186} INFO - Started process (PID=2171) to work on /home/airflow/.local/lib/python3.12/site-packages/airflow/example_dags/example_latest_only_with_trigger.py
[2025-02-19T09:54:49.476+0000] {processor.py:914} INFO - Processing file /home/airflow/.local/lib/python3.12/site-packages/airflow/example_dags/example_latest_only_with_trigger.py for tasks to queue
[2025-02-19T09:54:49.478+0000] {logging_mixin.py:190} INFO - [2025-02-19T09:54:49.477+0000] {dagbag.py:587} INFO - Filling up the DagBag from /home/airflow/.local/lib/python3.12/site-packages/airflow/example_dags/example_latest_only_with_trigger.py
[2025-02-19T09:54:49.483+0000] {processor.py:925} INFO - DAG(s) 'latest_only_with_trigger' retrieved from /home/airflow/.local/lib/python3.12/site-packages/airflow/example_dags/example_latest_only_with_trigger.py
[2025-02-19T09:54:49.501+0000] {logging_mixin.py:190} INFO - [2025-02-19T09:54:49.500+0000] {dag.py:3229} INFO - Sync 1 DAGs
[2025-02-19T09:54:49.521+0000] {logging_mixin.py:190} INFO - [2025-02-19T09:54:49.521+0000] {dag.py:4156} INFO - Setting next_dagrun for latest_only_with_trigger to 2025-02-19 04:00:00+00:00, run_after=2025-02-19 08:00:00+00:00
[2025-02-19T09:54:49.538+0000] {processor.py:208} INFO - Processing /home/airflow/.local/lib/python3.12/site-packages/airflow/example_dags/example_latest_only_with_trigger.py took 0.067 seconds
[2025-02-19T09:55:19.849+0000] {processor.py:186} INFO - Started process (PID=2236) to work on /home/airflow/.local/lib/python3.12/site-packages/airflow/example_dags/example_latest_only_with_trigger.py
[2025-02-19T09:55:19.850+0000] {processor.py:914} INFO - Processing file /home/airflow/.local/lib/python3.12/site-packages/airflow/example_dags/example_latest_only_with_trigger.py for tasks to queue
[2025-02-19T09:55:19.852+0000] {logging_mixin.py:190} INFO - [2025-02-19T09:55:19.852+0000] {dagbag.py:587} INFO - Filling up the DagBag from /home/airflow/.local/lib/python3.12/site-packages/airflow/example_dags/example_latest_only_with_trigger.py
[2025-02-19T09:55:19.858+0000] {processor.py:925} INFO - DAG(s) 'latest_only_with_trigger' retrieved from /home/airflow/.local/lib/python3.12/site-packages/airflow/example_dags/example_latest_only_with_trigger.py
[2025-02-19T09:55:19.876+0000] {logging_mixin.py:190} INFO - [2025-02-19T09:55:19.875+0000] {dag.py:3229} INFO - Sync 1 DAGs
[2025-02-19T09:55:19.893+0000] {logging_mixin.py:190} INFO - [2025-02-19T09:55:19.893+0000] {dag.py:4156} INFO - Setting next_dagrun for latest_only_with_trigger to 2025-02-19 04:00:00+00:00, run_after=2025-02-19 08:00:00+00:00
[2025-02-19T09:55:19.906+0000] {processor.py:208} INFO - Processing /home/airflow/.local/lib/python3.12/site-packages/airflow/example_dags/example_latest_only_with_trigger.py took 0.062 seconds
[2025-02-19T09:55:50.257+0000] {processor.py:186} INFO - Started process (PID=2300) to work on /home/airflow/.local/lib/python3.12/site-packages/airflow/example_dags/example_latest_only_with_trigger.py
[2025-02-19T09:55:50.258+0000] {processor.py:914} INFO - Processing file /home/airflow/.local/lib/python3.12/site-packages/airflow/example_dags/example_latest_only_with_trigger.py for tasks to queue
[2025-02-19T09:55:50.260+0000] {logging_mixin.py:190} INFO - [2025-02-19T09:55:50.260+0000] {dagbag.py:587} INFO - Filling up the DagBag from /home/airflow/.local/lib/python3.12/site-packages/airflow/example_dags/example_latest_only_with_trigger.py
[2025-02-19T09:55:50.266+0000] {processor.py:925} INFO - DAG(s) 'latest_only_with_trigger' retrieved from /home/airflow/.local/lib/python3.12/site-packages/airflow/example_dags/example_latest_only_with_trigger.py
[2025-02-19T09:55:50.285+0000] {logging_mixin.py:190} INFO - [2025-02-19T09:55:50.285+0000] {dag.py:3229} INFO - Sync 1 DAGs
[2025-02-19T09:55:50.304+0000] {logging_mixin.py:190} INFO - [2025-02-19T09:55:50.304+0000] {dag.py:4156} INFO - Setting next_dagrun for latest_only_with_trigger to 2025-02-19 04:00:00+00:00, run_after=2025-02-19 08:00:00+00:00
[2025-02-19T09:55:50.321+0000] {processor.py:208} INFO - Processing /home/airflow/.local/lib/python3.12/site-packages/airflow/example_dags/example_latest_only_with_trigger.py took 0.070 seconds
[2025-02-19T09:56:20.557+0000] {processor.py:186} INFO - Started process (PID=2364) to work on /home/airflow/.local/lib/python3.12/site-packages/airflow/example_dags/example_latest_only_with_trigger.py
[2025-02-19T09:56:20.559+0000] {processor.py:914} INFO - Processing file /home/airflow/.local/lib/python3.12/site-packages/airflow/example_dags/example_latest_only_with_trigger.py for tasks to queue
[2025-02-19T09:56:20.560+0000] {logging_mixin.py:190} INFO - [2025-02-19T09:56:20.560+0000] {dagbag.py:587} INFO - Filling up the DagBag from /home/airflow/.local/lib/python3.12/site-packages/airflow/example_dags/example_latest_only_with_trigger.py
[2025-02-19T09:56:20.566+0000] {processor.py:925} INFO - DAG(s) 'latest_only_with_trigger' retrieved from /home/airflow/.local/lib/python3.12/site-packages/airflow/example_dags/example_latest_only_with_trigger.py
[2025-02-19T09:56:20.584+0000] {logging_mixin.py:190} INFO - [2025-02-19T09:56:20.584+0000] {dag.py:3229} INFO - Sync 1 DAGs
[2025-02-19T09:56:20.602+0000] {logging_mixin.py:190} INFO - [2025-02-19T09:56:20.602+0000] {dag.py:4156} INFO - Setting next_dagrun for latest_only_with_trigger to 2025-02-19 04:00:00+00:00, run_after=2025-02-19 08:00:00+00:00
[2025-02-19T09:56:20.617+0000] {processor.py:208} INFO - Processing /home/airflow/.local/lib/python3.12/site-packages/airflow/example_dags/example_latest_only_with_trigger.py took 0.064 seconds
[2025-02-19T09:56:50.975+0000] {processor.py:186} INFO - Started process (PID=2429) to work on /home/airflow/.local/lib/python3.12/site-packages/airflow/example_dags/example_latest_only_with_trigger.py
[2025-02-19T09:56:50.976+0000] {processor.py:914} INFO - Processing file /home/airflow/.local/lib/python3.12/site-packages/airflow/example_dags/example_latest_only_with_trigger.py for tasks to queue
[2025-02-19T09:56:50.978+0000] {logging_mixin.py:190} INFO - [2025-02-19T09:56:50.978+0000] {dagbag.py:587} INFO - Filling up the DagBag from /home/airflow/.local/lib/python3.12/site-packages/airflow/example_dags/example_latest_only_with_trigger.py
[2025-02-19T09:56:50.984+0000] {processor.py:925} INFO - DAG(s) 'latest_only_with_trigger' retrieved from /home/airflow/.local/lib/python3.12/site-packages/airflow/example_dags/example_latest_only_with_trigger.py
[2025-02-19T09:56:51.001+0000] {logging_mixin.py:190} INFO - [2025-02-19T09:56:51.000+0000] {dag.py:3229} INFO - Sync 1 DAGs
[2025-02-19T09:56:51.019+0000] {logging_mixin.py:190} INFO - [2025-02-19T09:56:51.019+0000] {dag.py:4156} INFO - Setting next_dagrun for latest_only_with_trigger to 2025-02-19 04:00:00+00:00, run_after=2025-02-19 08:00:00+00:00
[2025-02-19T09:56:51.033+0000] {processor.py:208} INFO - Processing /home/airflow/.local/lib/python3.12/site-packages/airflow/example_dags/example_latest_only_with_trigger.py took 0.062 seconds
[2025-02-19T09:57:22.192+0000] {processor.py:186} INFO - Started process (PID=2493) to work on /home/airflow/.local/lib/python3.12/site-packages/airflow/example_dags/example_latest_only_with_trigger.py
[2025-02-19T09:57:22.194+0000] {processor.py:914} INFO - Processing file /home/airflow/.local/lib/python3.12/site-packages/airflow/example_dags/example_latest_only_with_trigger.py for tasks to queue
[2025-02-19T09:57:22.196+0000] {logging_mixin.py:190} INFO - [2025-02-19T09:57:22.196+0000] {dagbag.py:587} INFO - Filling up the DagBag from /home/airflow/.local/lib/python3.12/site-packages/airflow/example_dags/example_latest_only_with_trigger.py
[2025-02-19T09:57:22.203+0000] {processor.py:925} INFO - DAG(s) 'latest_only_with_trigger' retrieved from /home/airflow/.local/lib/python3.12/site-packages/airflow/example_dags/example_latest_only_with_trigger.py
[2025-02-19T09:57:22.222+0000] {logging_mixin.py:190} INFO - [2025-02-19T09:57:22.222+0000] {dag.py:3229} INFO - Sync 1 DAGs
[2025-02-19T09:57:22.242+0000] {logging_mixin.py:190} INFO - [2025-02-19T09:57:22.242+0000] {dag.py:4156} INFO - Setting next_dagrun for latest_only_with_trigger to 2025-02-19 04:00:00+00:00, run_after=2025-02-19 08:00:00+00:00
[2025-02-19T09:57:22.258+0000] {processor.py:208} INFO - Processing /home/airflow/.local/lib/python3.12/site-packages/airflow/example_dags/example_latest_only_with_trigger.py took 0.070 seconds
[2025-02-19T09:57:52.442+0000] {processor.py:186} INFO - Started process (PID=2557) to work on /home/airflow/.local/lib/python3.12/site-packages/airflow/example_dags/example_latest_only_with_trigger.py
[2025-02-19T09:57:52.443+0000] {processor.py:914} INFO - Processing file /home/airflow/.local/lib/python3.12/site-packages/airflow/example_dags/example_latest_only_with_trigger.py for tasks to queue
[2025-02-19T09:57:52.445+0000] {logging_mixin.py:190} INFO - [2025-02-19T09:57:52.445+0000] {dagbag.py:587} INFO - Filling up the DagBag from /home/airflow/.local/lib/python3.12/site-packages/airflow/example_dags/example_latest_only_with_trigger.py
[2025-02-19T09:57:52.451+0000] {processor.py:925} INFO - DAG(s) 'latest_only_with_trigger' retrieved from /home/airflow/.local/lib/python3.12/site-packages/airflow/example_dags/example_latest_only_with_trigger.py
[2025-02-19T09:57:52.468+0000] {logging_mixin.py:190} INFO - [2025-02-19T09:57:52.467+0000] {dag.py:3229} INFO - Sync 1 DAGs
[2025-02-19T09:57:52.488+0000] {logging_mixin.py:190} INFO - [2025-02-19T09:57:52.487+0000] {dag.py:4156} INFO - Setting next_dagrun for latest_only_with_trigger to 2025-02-19 04:00:00+00:00, run_after=2025-02-19 08:00:00+00:00
[2025-02-19T09:57:52.504+0000] {processor.py:208} INFO - Processing /home/airflow/.local/lib/python3.12/site-packages/airflow/example_dags/example_latest_only_with_trigger.py took 0.066 seconds
[2025-02-19T09:58:23.195+0000] {processor.py:186} INFO - Started process (PID=2622) to work on /home/airflow/.local/lib/python3.12/site-packages/airflow/example_dags/example_latest_only_with_trigger.py
[2025-02-19T09:58:23.196+0000] {processor.py:914} INFO - Processing file /home/airflow/.local/lib/python3.12/site-packages/airflow/example_dags/example_latest_only_with_trigger.py for tasks to queue
[2025-02-19T09:58:23.198+0000] {logging_mixin.py:190} INFO - [2025-02-19T09:58:23.198+0000] {dagbag.py:587} INFO - Filling up the DagBag from /home/airflow/.local/lib/python3.12/site-packages/airflow/example_dags/example_latest_only_with_trigger.py
[2025-02-19T09:58:23.204+0000] {processor.py:925} INFO - DAG(s) 'latest_only_with_trigger' retrieved from /home/airflow/.local/lib/python3.12/site-packages/airflow/example_dags/example_latest_only_with_trigger.py
[2025-02-19T09:58:23.223+0000] {logging_mixin.py:190} INFO - [2025-02-19T09:58:23.222+0000] {dag.py:3229} INFO - Sync 1 DAGs
[2025-02-19T09:58:23.242+0000] {logging_mixin.py:190} INFO - [2025-02-19T09:58:23.241+0000] {dag.py:4156} INFO - Setting next_dagrun for latest_only_with_trigger to 2025-02-19 04:00:00+00:00, run_after=2025-02-19 08:00:00+00:00
[2025-02-19T09:58:23.255+0000] {processor.py:208} INFO - Processing /home/airflow/.local/lib/python3.12/site-packages/airflow/example_dags/example_latest_only_with_trigger.py took 0.064 seconds
[2025-02-19T09:58:54.417+0000] {processor.py:186} INFO - Started process (PID=2691) to work on /home/airflow/.local/lib/python3.12/site-packages/airflow/example_dags/example_latest_only_with_trigger.py
[2025-02-19T09:58:54.418+0000] {processor.py:914} INFO - Processing file /home/airflow/.local/lib/python3.12/site-packages/airflow/example_dags/example_latest_only_with_trigger.py for tasks to queue
[2025-02-19T09:58:54.419+0000] {logging_mixin.py:190} INFO - [2025-02-19T09:58:54.419+0000] {dagbag.py:587} INFO - Filling up the DagBag from /home/airflow/.local/lib/python3.12/site-packages/airflow/example_dags/example_latest_only_with_trigger.py
[2025-02-19T09:58:54.425+0000] {processor.py:925} INFO - DAG(s) 'latest_only_with_trigger' retrieved from /home/airflow/.local/lib/python3.12/site-packages/airflow/example_dags/example_latest_only_with_trigger.py
[2025-02-19T09:58:54.443+0000] {logging_mixin.py:190} INFO - [2025-02-19T09:58:54.443+0000] {dag.py:3229} INFO - Sync 1 DAGs
[2025-02-19T09:58:54.462+0000] {logging_mixin.py:190} INFO - [2025-02-19T09:58:54.461+0000] {dag.py:4156} INFO - Setting next_dagrun for latest_only_with_trigger to 2025-02-19 04:00:00+00:00, run_after=2025-02-19 08:00:00+00:00
[2025-02-19T09:58:54.479+0000] {processor.py:208} INFO - Processing /home/airflow/.local/lib/python3.12/site-packages/airflow/example_dags/example_latest_only_with_trigger.py took 0.066 seconds
[2025-02-19T09:59:25.400+0000] {processor.py:186} INFO - Started process (PID=2755) to work on /home/airflow/.local/lib/python3.12/site-packages/airflow/example_dags/example_latest_only_with_trigger.py
[2025-02-19T09:59:25.401+0000] {processor.py:914} INFO - Processing file /home/airflow/.local/lib/python3.12/site-packages/airflow/example_dags/example_latest_only_with_trigger.py for tasks to queue
[2025-02-19T09:59:25.403+0000] {logging_mixin.py:190} INFO - [2025-02-19T09:59:25.403+0000] {dagbag.py:587} INFO - Filling up the DagBag from /home/airflow/.local/lib/python3.12/site-packages/airflow/example_dags/example_latest_only_with_trigger.py
[2025-02-19T09:59:25.408+0000] {processor.py:925} INFO - DAG(s) 'latest_only_with_trigger' retrieved from /home/airflow/.local/lib/python3.12/site-packages/airflow/example_dags/example_latest_only_with_trigger.py
[2025-02-19T09:59:25.426+0000] {logging_mixin.py:190} INFO - [2025-02-19T09:59:25.425+0000] {dag.py:3229} INFO - Sync 1 DAGs
[2025-02-19T09:59:25.444+0000] {logging_mixin.py:190} INFO - [2025-02-19T09:59:25.444+0000] {dag.py:4156} INFO - Setting next_dagrun for latest_only_with_trigger to 2025-02-19 04:00:00+00:00, run_after=2025-02-19 08:00:00+00:00
[2025-02-19T09:59:25.458+0000] {processor.py:208} INFO - Processing /home/airflow/.local/lib/python3.12/site-packages/airflow/example_dags/example_latest_only_with_trigger.py took 0.062 seconds
[2025-02-19T10:23:14.786+0000] {logging_mixin.py:190} INFO - [2025-02-19T10:23:14.785+0000] {settings.py:475} DEBUG - Setting up DB connection pool (PID 104)
[2025-02-19T10:23:14.788+0000] {logging_mixin.py:190} INFO - [2025-02-19T10:23:14.788+0000] {settings.py:579} DEBUG - settings.prepare_engine_args(): Using pool settings. pool_size=5, max_overflow=10, pool_recycle=1800, pid=104
[2025-02-19T10:23:14.794+0000] {processor.py:186} INFO - Started process (PID=104) to work on /home/airflow/.local/lib/python3.12/site-packages/airflow/example_dags/example_latest_only_with_trigger.py
[2025-02-19T10:23:14.794+0000] {processor.py:914} INFO - Processing file /home/airflow/.local/lib/python3.12/site-packages/airflow/example_dags/example_latest_only_with_trigger.py for tasks to queue
[2025-02-19T10:23:14.795+0000] {logging_mixin.py:190} INFO - [2025-02-19T10:23:14.795+0000] {dagbag.py:587} INFO - Filling up the DagBag from /home/airflow/.local/lib/python3.12/site-packages/airflow/example_dags/example_latest_only_with_trigger.py
[2025-02-19T10:23:14.796+0000] {logging_mixin.py:190} INFO - [2025-02-19T10:23:14.796+0000] {dagbag.py:368} DEBUG - Importing /home/airflow/.local/lib/python3.12/site-packages/airflow/example_dags/example_latest_only_with_trigger.py
[2025-02-19T10:23:14.805+0000] {logging_mixin.py:190} INFO - [2025-02-19T10:23:14.804+0000] {dagbag.py:553} DEBUG - Loaded DAG <DAG: latest_only_with_trigger>
[2025-02-19T10:23:14.805+0000] {processor.py:925} INFO - DAG(s) 'latest_only_with_trigger' retrieved from /home/airflow/.local/lib/python3.12/site-packages/airflow/example_dags/example_latest_only_with_trigger.py
[2025-02-19T10:23:14.806+0000] {logging_mixin.py:190} INFO - [2025-02-19T10:23:14.806+0000] {dagbag.py:710} DEBUG - Running dagbag.sync_to_db with retries. Try 1 of 3
[2025-02-19T10:23:14.806+0000] {logging_mixin.py:190} INFO - [2025-02-19T10:23:14.806+0000] {dagbag.py:715} DEBUG - Calling the DAG.bulk_sync_to_db method
[2025-02-19T10:23:14.818+0000] {logging_mixin.py:190} INFO - [2025-02-19T10:23:14.817+0000] {serialized_dag.py:168} DEBUG - Checking if DAG (latest_only_with_trigger) changed
[2025-02-19T10:23:14.826+0000] {logging_mixin.py:190} INFO - [2025-02-19T10:23:14.826+0000] {serialized_dag.py:179} DEBUG - Serialized DAG (latest_only_with_trigger) is unchanged. Skipping writing to DB
[2025-02-19T10:23:14.827+0000] {logging_mixin.py:190} INFO - [2025-02-19T10:23:14.827+0000] {dag.py:3229} INFO - Sync 1 DAGs
[2025-02-19T10:23:14.851+0000] {logging_mixin.py:190} INFO - [2025-02-19T10:23:14.851+0000] {dag.py:4156} INFO - Setting next_dagrun for latest_only_with_trigger to 2025-02-19 04:00:00+00:00, run_after=2025-02-19 08:00:00+00:00
[2025-02-19T10:23:14.868+0000] {processor.py:208} INFO - Processing /home/airflow/.local/lib/python3.12/site-packages/airflow/example_dags/example_latest_only_with_trigger.py took 0.083 seconds
[2025-02-19T10:23:57.647+0000] {logging_mixin.py:190} INFO - [2025-02-19T10:23:57.647+0000] {settings.py:475} DEBUG - Setting up DB connection pool (PID 168)
[2025-02-19T10:23:57.682+0000] {logging_mixin.py:190} INFO - [2025-02-19T10:23:57.682+0000] {settings.py:579} DEBUG - settings.prepare_engine_args(): Using pool settings. pool_size=5, max_overflow=10, pool_recycle=1800, pid=168
[2025-02-19T10:23:57.687+0000] {processor.py:186} INFO - Started process (PID=168) to work on /home/airflow/.local/lib/python3.12/site-packages/airflow/example_dags/example_latest_only_with_trigger.py
[2025-02-19T10:23:57.687+0000] {processor.py:914} INFO - Processing file /home/airflow/.local/lib/python3.12/site-packages/airflow/example_dags/example_latest_only_with_trigger.py for tasks to queue
[2025-02-19T10:23:57.688+0000] {logging_mixin.py:190} INFO - [2025-02-19T10:23:57.687+0000] {dagbag.py:587} INFO - Filling up the DagBag from /home/airflow/.local/lib/python3.12/site-packages/airflow/example_dags/example_latest_only_with_trigger.py
[2025-02-19T10:23:57.688+0000] {logging_mixin.py:190} INFO - [2025-02-19T10:23:57.688+0000] {dagbag.py:368} DEBUG - Importing /home/airflow/.local/lib/python3.12/site-packages/airflow/example_dags/example_latest_only_with_trigger.py
[2025-02-19T10:23:57.695+0000] {logging_mixin.py:190} INFO - [2025-02-19T10:23:57.694+0000] {dagbag.py:553} DEBUG - Loaded DAG <DAG: latest_only_with_trigger>
[2025-02-19T10:23:57.695+0000] {processor.py:925} INFO - DAG(s) 'latest_only_with_trigger' retrieved from /home/airflow/.local/lib/python3.12/site-packages/airflow/example_dags/example_latest_only_with_trigger.py
[2025-02-19T10:23:57.696+0000] {logging_mixin.py:190} INFO - [2025-02-19T10:23:57.696+0000] {dagbag.py:710} DEBUG - Running dagbag.sync_to_db with retries. Try 1 of 3
[2025-02-19T10:23:57.696+0000] {logging_mixin.py:190} INFO - [2025-02-19T10:23:57.696+0000] {dagbag.py:715} DEBUG - Calling the DAG.bulk_sync_to_db method
[2025-02-19T10:23:57.706+0000] {logging_mixin.py:190} INFO - [2025-02-19T10:23:57.706+0000] {serialized_dag.py:168} DEBUG - Checking if DAG (latest_only_with_trigger) changed
[2025-02-19T10:23:57.714+0000] {logging_mixin.py:190} INFO - [2025-02-19T10:23:57.714+0000] {serialized_dag.py:179} DEBUG - Serialized DAG (latest_only_with_trigger) is unchanged. Skipping writing to DB
[2025-02-19T10:23:57.715+0000] {logging_mixin.py:190} INFO - [2025-02-19T10:23:57.715+0000] {dag.py:3229} INFO - Sync 1 DAGs
[2025-02-19T10:23:57.735+0000] {logging_mixin.py:190} INFO - [2025-02-19T10:23:57.735+0000] {dag.py:4156} INFO - Setting next_dagrun for latest_only_with_trigger to 2025-02-19 04:00:00+00:00, run_after=2025-02-19 08:00:00+00:00
[2025-02-19T10:23:57.828+0000] {processor.py:208} INFO - Processing /home/airflow/.local/lib/python3.12/site-packages/airflow/example_dags/example_latest_only_with_trigger.py took 0.182 seconds
[2025-02-19T10:24:28.637+0000] {logging_mixin.py:190} INFO - [2025-02-19T10:24:28.637+0000] {settings.py:475} DEBUG - Setting up DB connection pool (PID 232)
[2025-02-19T10:24:28.639+0000] {logging_mixin.py:190} INFO - [2025-02-19T10:24:28.638+0000] {settings.py:579} DEBUG - settings.prepare_engine_args(): Using pool settings. pool_size=5, max_overflow=10, pool_recycle=1800, pid=232
[2025-02-19T10:24:28.643+0000] {processor.py:186} INFO - Started process (PID=232) to work on /home/airflow/.local/lib/python3.12/site-packages/airflow/example_dags/example_latest_only_with_trigger.py
[2025-02-19T10:24:28.643+0000] {processor.py:914} INFO - Processing file /home/airflow/.local/lib/python3.12/site-packages/airflow/example_dags/example_latest_only_with_trigger.py for tasks to queue
[2025-02-19T10:24:28.644+0000] {logging_mixin.py:190} INFO - [2025-02-19T10:24:28.644+0000] {dagbag.py:587} INFO - Filling up the DagBag from /home/airflow/.local/lib/python3.12/site-packages/airflow/example_dags/example_latest_only_with_trigger.py
[2025-02-19T10:24:28.645+0000] {logging_mixin.py:190} INFO - [2025-02-19T10:24:28.645+0000] {dagbag.py:368} DEBUG - Importing /home/airflow/.local/lib/python3.12/site-packages/airflow/example_dags/example_latest_only_with_trigger.py
[2025-02-19T10:24:28.651+0000] {logging_mixin.py:190} INFO - [2025-02-19T10:24:28.651+0000] {dagbag.py:553} DEBUG - Loaded DAG <DAG: latest_only_with_trigger>
[2025-02-19T10:24:28.652+0000] {processor.py:925} INFO - DAG(s) 'latest_only_with_trigger' retrieved from /home/airflow/.local/lib/python3.12/site-packages/airflow/example_dags/example_latest_only_with_trigger.py
[2025-02-19T10:24:28.652+0000] {logging_mixin.py:190} INFO - [2025-02-19T10:24:28.652+0000] {dagbag.py:710} DEBUG - Running dagbag.sync_to_db with retries. Try 1 of 3
[2025-02-19T10:24:28.652+0000] {logging_mixin.py:190} INFO - [2025-02-19T10:24:28.652+0000] {dagbag.py:715} DEBUG - Calling the DAG.bulk_sync_to_db method
[2025-02-19T10:24:28.663+0000] {logging_mixin.py:190} INFO - [2025-02-19T10:24:28.663+0000] {serialized_dag.py:168} DEBUG - Checking if DAG (latest_only_with_trigger) changed
[2025-02-19T10:24:28.672+0000] {logging_mixin.py:190} INFO - [2025-02-19T10:24:28.671+0000] {serialized_dag.py:179} DEBUG - Serialized DAG (latest_only_with_trigger) is unchanged. Skipping writing to DB
[2025-02-19T10:24:28.672+0000] {logging_mixin.py:190} INFO - [2025-02-19T10:24:28.672+0000] {dag.py:3229} INFO - Sync 1 DAGs
[2025-02-19T10:24:28.692+0000] {logging_mixin.py:190} INFO - [2025-02-19T10:24:28.691+0000] {dag.py:4156} INFO - Setting next_dagrun for latest_only_with_trigger to 2025-02-19 04:00:00+00:00, run_after=2025-02-19 08:00:00+00:00
[2025-02-19T10:24:28.710+0000] {processor.py:208} INFO - Processing /home/airflow/.local/lib/python3.12/site-packages/airflow/example_dags/example_latest_only_with_trigger.py took 0.073 seconds
[2025-02-19T10:24:59.434+0000] {logging_mixin.py:190} INFO - [2025-02-19T10:24:59.433+0000] {settings.py:475} DEBUG - Setting up DB connection pool (PID 301)
[2025-02-19T10:24:59.435+0000] {logging_mixin.py:190} INFO - [2025-02-19T10:24:59.435+0000] {settings.py:579} DEBUG - settings.prepare_engine_args(): Using pool settings. pool_size=5, max_overflow=10, pool_recycle=1800, pid=301
[2025-02-19T10:24:59.441+0000] {processor.py:186} INFO - Started process (PID=301) to work on /home/airflow/.local/lib/python3.12/site-packages/airflow/example_dags/example_latest_only_with_trigger.py
[2025-02-19T10:24:59.441+0000] {processor.py:914} INFO - Processing file /home/airflow/.local/lib/python3.12/site-packages/airflow/example_dags/example_latest_only_with_trigger.py for tasks to queue
[2025-02-19T10:24:59.442+0000] {logging_mixin.py:190} INFO - [2025-02-19T10:24:59.442+0000] {dagbag.py:587} INFO - Filling up the DagBag from /home/airflow/.local/lib/python3.12/site-packages/airflow/example_dags/example_latest_only_with_trigger.py
[2025-02-19T10:24:59.443+0000] {logging_mixin.py:190} INFO - [2025-02-19T10:24:59.443+0000] {dagbag.py:368} DEBUG - Importing /home/airflow/.local/lib/python3.12/site-packages/airflow/example_dags/example_latest_only_with_trigger.py
[2025-02-19T10:24:59.451+0000] {logging_mixin.py:190} INFO - [2025-02-19T10:24:59.450+0000] {dagbag.py:553} DEBUG - Loaded DAG <DAG: latest_only_with_trigger>
[2025-02-19T10:24:59.451+0000] {processor.py:925} INFO - DAG(s) 'latest_only_with_trigger' retrieved from /home/airflow/.local/lib/python3.12/site-packages/airflow/example_dags/example_latest_only_with_trigger.py
[2025-02-19T10:24:59.452+0000] {logging_mixin.py:190} INFO - [2025-02-19T10:24:59.452+0000] {dagbag.py:710} DEBUG - Running dagbag.sync_to_db with retries. Try 1 of 3
[2025-02-19T10:24:59.452+0000] {logging_mixin.py:190} INFO - [2025-02-19T10:24:59.452+0000] {dagbag.py:715} DEBUG - Calling the DAG.bulk_sync_to_db method
[2025-02-19T10:24:59.465+0000] {logging_mixin.py:190} INFO - [2025-02-19T10:24:59.464+0000] {serialized_dag.py:168} DEBUG - Checking if DAG (latest_only_with_trigger) changed
[2025-02-19T10:24:59.476+0000] {logging_mixin.py:190} INFO - [2025-02-19T10:24:59.475+0000] {serialized_dag.py:179} DEBUG - Serialized DAG (latest_only_with_trigger) is unchanged. Skipping writing to DB
[2025-02-19T10:24:59.476+0000] {logging_mixin.py:190} INFO - [2025-02-19T10:24:59.476+0000] {dag.py:3229} INFO - Sync 1 DAGs
[2025-02-19T10:24:59.501+0000] {logging_mixin.py:190} INFO - [2025-02-19T10:24:59.501+0000] {dag.py:4156} INFO - Setting next_dagrun for latest_only_with_trigger to 2025-02-19 04:00:00+00:00, run_after=2025-02-19 08:00:00+00:00
[2025-02-19T10:24:59.522+0000] {processor.py:208} INFO - Processing /home/airflow/.local/lib/python3.12/site-packages/airflow/example_dags/example_latest_only_with_trigger.py took 0.089 seconds
[2025-02-19T10:25:29.637+0000] {logging_mixin.py:190} INFO - [2025-02-19T10:25:29.636+0000] {settings.py:475} DEBUG - Setting up DB connection pool (PID 365)
[2025-02-19T10:25:29.638+0000] {logging_mixin.py:190} INFO - [2025-02-19T10:25:29.638+0000] {settings.py:579} DEBUG - settings.prepare_engine_args(): Using pool settings. pool_size=5, max_overflow=10, pool_recycle=1800, pid=365
[2025-02-19T10:25:29.642+0000] {processor.py:186} INFO - Started process (PID=365) to work on /home/airflow/.local/lib/python3.12/site-packages/airflow/example_dags/example_latest_only_with_trigger.py
[2025-02-19T10:25:29.643+0000] {processor.py:914} INFO - Processing file /home/airflow/.local/lib/python3.12/site-packages/airflow/example_dags/example_latest_only_with_trigger.py for tasks to queue
[2025-02-19T10:25:29.643+0000] {logging_mixin.py:190} INFO - [2025-02-19T10:25:29.643+0000] {dagbag.py:587} INFO - Filling up the DagBag from /home/airflow/.local/lib/python3.12/site-packages/airflow/example_dags/example_latest_only_with_trigger.py
[2025-02-19T10:25:29.644+0000] {logging_mixin.py:190} INFO - [2025-02-19T10:25:29.644+0000] {dagbag.py:368} DEBUG - Importing /home/airflow/.local/lib/python3.12/site-packages/airflow/example_dags/example_latest_only_with_trigger.py
[2025-02-19T10:25:29.651+0000] {logging_mixin.py:190} INFO - [2025-02-19T10:25:29.650+0000] {dagbag.py:553} DEBUG - Loaded DAG <DAG: latest_only_with_trigger>
[2025-02-19T10:25:29.651+0000] {processor.py:925} INFO - DAG(s) 'latest_only_with_trigger' retrieved from /home/airflow/.local/lib/python3.12/site-packages/airflow/example_dags/example_latest_only_with_trigger.py
[2025-02-19T10:25:29.652+0000] {logging_mixin.py:190} INFO - [2025-02-19T10:25:29.652+0000] {dagbag.py:710} DEBUG - Running dagbag.sync_to_db with retries. Try 1 of 3
[2025-02-19T10:25:29.652+0000] {logging_mixin.py:190} INFO - [2025-02-19T10:25:29.652+0000] {dagbag.py:715} DEBUG - Calling the DAG.bulk_sync_to_db method
[2025-02-19T10:25:29.662+0000] {logging_mixin.py:190} INFO - [2025-02-19T10:25:29.662+0000] {serialized_dag.py:168} DEBUG - Checking if DAG (latest_only_with_trigger) changed
[2025-02-19T10:25:29.671+0000] {logging_mixin.py:190} INFO - [2025-02-19T10:25:29.671+0000] {serialized_dag.py:179} DEBUG - Serialized DAG (latest_only_with_trigger) is unchanged. Skipping writing to DB
[2025-02-19T10:25:29.672+0000] {logging_mixin.py:190} INFO - [2025-02-19T10:25:29.672+0000] {dag.py:3229} INFO - Sync 1 DAGs
[2025-02-19T10:25:29.691+0000] {logging_mixin.py:190} INFO - [2025-02-19T10:25:29.691+0000] {dag.py:4156} INFO - Setting next_dagrun for latest_only_with_trigger to 2025-02-19 04:00:00+00:00, run_after=2025-02-19 08:00:00+00:00
[2025-02-19T10:25:29.706+0000] {processor.py:208} INFO - Processing /home/airflow/.local/lib/python3.12/site-packages/airflow/example_dags/example_latest_only_with_trigger.py took 0.069 seconds
[2025-02-19T10:26:00.347+0000] {logging_mixin.py:190} INFO - [2025-02-19T10:26:00.347+0000] {settings.py:475} DEBUG - Setting up DB connection pool (PID 429)
[2025-02-19T10:26:00.349+0000] {logging_mixin.py:190} INFO - [2025-02-19T10:26:00.349+0000] {settings.py:579} DEBUG - settings.prepare_engine_args(): Using pool settings. pool_size=5, max_overflow=10, pool_recycle=1800, pid=429
[2025-02-19T10:26:00.353+0000] {processor.py:186} INFO - Started process (PID=429) to work on /home/airflow/.local/lib/python3.12/site-packages/airflow/example_dags/example_latest_only_with_trigger.py
[2025-02-19T10:26:00.354+0000] {processor.py:914} INFO - Processing file /home/airflow/.local/lib/python3.12/site-packages/airflow/example_dags/example_latest_only_with_trigger.py for tasks to queue
[2025-02-19T10:26:00.354+0000] {logging_mixin.py:190} INFO - [2025-02-19T10:26:00.354+0000] {dagbag.py:587} INFO - Filling up the DagBag from /home/airflow/.local/lib/python3.12/site-packages/airflow/example_dags/example_latest_only_with_trigger.py
[2025-02-19T10:26:00.355+0000] {logging_mixin.py:190} INFO - [2025-02-19T10:26:00.355+0000] {dagbag.py:368} DEBUG - Importing /home/airflow/.local/lib/python3.12/site-packages/airflow/example_dags/example_latest_only_with_trigger.py
[2025-02-19T10:26:00.367+0000] {logging_mixin.py:190} INFO - [2025-02-19T10:26:00.366+0000] {dagbag.py:553} DEBUG - Loaded DAG <DAG: latest_only_with_trigger>
[2025-02-19T10:26:00.367+0000] {processor.py:925} INFO - DAG(s) 'latest_only_with_trigger' retrieved from /home/airflow/.local/lib/python3.12/site-packages/airflow/example_dags/example_latest_only_with_trigger.py
[2025-02-19T10:26:00.368+0000] {logging_mixin.py:190} INFO - [2025-02-19T10:26:00.368+0000] {dagbag.py:710} DEBUG - Running dagbag.sync_to_db with retries. Try 1 of 3
[2025-02-19T10:26:00.368+0000] {logging_mixin.py:190} INFO - [2025-02-19T10:26:00.368+0000] {dagbag.py:715} DEBUG - Calling the DAG.bulk_sync_to_db method
[2025-02-19T10:26:00.381+0000] {logging_mixin.py:190} INFO - [2025-02-19T10:26:00.381+0000] {serialized_dag.py:168} DEBUG - Checking if DAG (latest_only_with_trigger) changed
[2025-02-19T10:26:00.391+0000] {logging_mixin.py:190} INFO - [2025-02-19T10:26:00.391+0000] {serialized_dag.py:179} DEBUG - Serialized DAG (latest_only_with_trigger) is unchanged. Skipping writing to DB
[2025-02-19T10:26:00.392+0000] {logging_mixin.py:190} INFO - [2025-02-19T10:26:00.392+0000] {dag.py:3229} INFO - Sync 1 DAGs
[2025-02-19T10:26:00.413+0000] {logging_mixin.py:190} INFO - [2025-02-19T10:26:00.413+0000] {dag.py:4156} INFO - Setting next_dagrun for latest_only_with_trigger to 2025-02-19 04:00:00+00:00, run_after=2025-02-19 08:00:00+00:00
[2025-02-19T10:26:00.430+0000] {processor.py:208} INFO - Processing /home/airflow/.local/lib/python3.12/site-packages/airflow/example_dags/example_latest_only_with_trigger.py took 0.083 seconds
[2025-02-19T10:26:31.005+0000] {logging_mixin.py:190} INFO - [2025-02-19T10:26:31.004+0000] {settings.py:475} DEBUG - Setting up DB connection pool (PID 493)
[2025-02-19T10:26:31.006+0000] {logging_mixin.py:190} INFO - [2025-02-19T10:26:31.006+0000] {settings.py:579} DEBUG - settings.prepare_engine_args(): Using pool settings. pool_size=5, max_overflow=10, pool_recycle=1800, pid=493
[2025-02-19T10:26:31.010+0000] {processor.py:186} INFO - Started process (PID=493) to work on /home/airflow/.local/lib/python3.12/site-packages/airflow/example_dags/example_latest_only_with_trigger.py
[2025-02-19T10:26:31.011+0000] {processor.py:914} INFO - Processing file /home/airflow/.local/lib/python3.12/site-packages/airflow/example_dags/example_latest_only_with_trigger.py for tasks to queue
[2025-02-19T10:26:31.012+0000] {logging_mixin.py:190} INFO - [2025-02-19T10:26:31.011+0000] {dagbag.py:587} INFO - Filling up the DagBag from /home/airflow/.local/lib/python3.12/site-packages/airflow/example_dags/example_latest_only_with_trigger.py
[2025-02-19T10:26:31.013+0000] {logging_mixin.py:190} INFO - [2025-02-19T10:26:31.012+0000] {dagbag.py:368} DEBUG - Importing /home/airflow/.local/lib/python3.12/site-packages/airflow/example_dags/example_latest_only_with_trigger.py
[2025-02-19T10:26:31.019+0000] {logging_mixin.py:190} INFO - [2025-02-19T10:26:31.019+0000] {dagbag.py:553} DEBUG - Loaded DAG <DAG: latest_only_with_trigger>
[2025-02-19T10:26:31.019+0000] {processor.py:925} INFO - DAG(s) 'latest_only_with_trigger' retrieved from /home/airflow/.local/lib/python3.12/site-packages/airflow/example_dags/example_latest_only_with_trigger.py
[2025-02-19T10:26:31.020+0000] {logging_mixin.py:190} INFO - [2025-02-19T10:26:31.020+0000] {dagbag.py:710} DEBUG - Running dagbag.sync_to_db with retries. Try 1 of 3
[2025-02-19T10:26:31.020+0000] {logging_mixin.py:190} INFO - [2025-02-19T10:26:31.020+0000] {dagbag.py:715} DEBUG - Calling the DAG.bulk_sync_to_db method
[2025-02-19T10:26:31.032+0000] {logging_mixin.py:190} INFO - [2025-02-19T10:26:31.032+0000] {serialized_dag.py:168} DEBUG - Checking if DAG (latest_only_with_trigger) changed
[2025-02-19T10:26:31.040+0000] {logging_mixin.py:190} INFO - [2025-02-19T10:26:31.040+0000] {serialized_dag.py:179} DEBUG - Serialized DAG (latest_only_with_trigger) is unchanged. Skipping writing to DB
[2025-02-19T10:26:31.041+0000] {logging_mixin.py:190} INFO - [2025-02-19T10:26:31.041+0000] {dag.py:3229} INFO - Sync 1 DAGs
[2025-02-19T10:26:31.063+0000] {logging_mixin.py:190} INFO - [2025-02-19T10:26:31.062+0000] {dag.py:4156} INFO - Setting next_dagrun for latest_only_with_trigger to 2025-02-19 04:00:00+00:00, run_after=2025-02-19 08:00:00+00:00
[2025-02-19T10:26:31.082+0000] {processor.py:208} INFO - Processing /home/airflow/.local/lib/python3.12/site-packages/airflow/example_dags/example_latest_only_with_trigger.py took 0.078 seconds
