[2025-02-19T09:38:30.050+0000] {processor.py:186} INFO - Started process (PID=101) to work on /home/airflow/.local/lib/python3.12/site-packages/airflow/example_dags/example_bash_operator.py
[2025-02-19T09:38:30.051+0000] {processor.py:914} INFO - Processing file /home/airflow/.local/lib/python3.12/site-packages/airflow/example_dags/example_bash_operator.py for tasks to queue
[2025-02-19T09:38:30.053+0000] {logging_mixin.py:190} INFO - [2025-02-19T09:38:30.053+0000] {dagbag.py:587} INFO - Filling up the DagBag from /home/airflow/.local/lib/python3.12/site-packages/airflow/example_dags/example_bash_operator.py
[2025-02-19T09:38:30.068+0000] {processor.py:925} INFO - DAG(s) 'example_bash_operator' retrieved from /home/airflow/.local/lib/python3.12/site-packages/airflow/example_dags/example_bash_operator.py
[2025-02-19T09:38:30.097+0000] {logging_mixin.py:190} INFO - [2025-02-19T09:38:30.096+0000] {dag.py:3229} INFO - Sync 1 DAGs
[2025-02-19T09:38:30.121+0000] {logging_mixin.py:190} INFO - [2025-02-19T09:38:30.121+0000] {dag.py:4156} INFO - Setting next_dagrun for example_bash_operator to 2025-02-18 00:00:00+00:00, run_after=2025-02-19 00:00:00+00:00
[2025-02-19T09:38:30.367+0000] {processor.py:208} INFO - Processing /home/airflow/.local/lib/python3.12/site-packages/airflow/example_dags/example_bash_operator.py took 0.322 seconds
[2025-02-19T09:39:00.498+0000] {processor.py:186} INFO - Started process (PID=170) to work on /home/airflow/.local/lib/python3.12/site-packages/airflow/example_dags/example_bash_operator.py
[2025-02-19T09:39:00.499+0000] {processor.py:914} INFO - Processing file /home/airflow/.local/lib/python3.12/site-packages/airflow/example_dags/example_bash_operator.py for tasks to queue
[2025-02-19T09:39:00.500+0000] {logging_mixin.py:190} INFO - [2025-02-19T09:39:00.500+0000] {dagbag.py:587} INFO - Filling up the DagBag from /home/airflow/.local/lib/python3.12/site-packages/airflow/example_dags/example_bash_operator.py
[2025-02-19T09:39:00.512+0000] {processor.py:925} INFO - DAG(s) 'example_bash_operator' retrieved from /home/airflow/.local/lib/python3.12/site-packages/airflow/example_dags/example_bash_operator.py
[2025-02-19T09:39:00.536+0000] {logging_mixin.py:190} INFO - [2025-02-19T09:39:00.535+0000] {dag.py:3229} INFO - Sync 1 DAGs
[2025-02-19T09:39:00.556+0000] {logging_mixin.py:190} INFO - [2025-02-19T09:39:00.556+0000] {dag.py:4156} INFO - Setting next_dagrun for example_bash_operator to 2025-02-18 00:00:00+00:00, run_after=2025-02-19 00:00:00+00:00
[2025-02-19T09:39:00.572+0000] {processor.py:208} INFO - Processing /home/airflow/.local/lib/python3.12/site-packages/airflow/example_dags/example_bash_operator.py took 0.079 seconds
[2025-02-19T09:39:30.862+0000] {processor.py:186} INFO - Started process (PID=234) to work on /home/airflow/.local/lib/python3.12/site-packages/airflow/example_dags/example_bash_operator.py
[2025-02-19T09:39:30.863+0000] {processor.py:914} INFO - Processing file /home/airflow/.local/lib/python3.12/site-packages/airflow/example_dags/example_bash_operator.py for tasks to queue
[2025-02-19T09:39:30.866+0000] {logging_mixin.py:190} INFO - [2025-02-19T09:39:30.865+0000] {dagbag.py:587} INFO - Filling up the DagBag from /home/airflow/.local/lib/python3.12/site-packages/airflow/example_dags/example_bash_operator.py
[2025-02-19T09:39:30.877+0000] {processor.py:925} INFO - DAG(s) 'example_bash_operator' retrieved from /home/airflow/.local/lib/python3.12/site-packages/airflow/example_dags/example_bash_operator.py
[2025-02-19T09:39:30.899+0000] {logging_mixin.py:190} INFO - [2025-02-19T09:39:30.899+0000] {dag.py:3229} INFO - Sync 1 DAGs
[2025-02-19T09:39:30.919+0000] {logging_mixin.py:190} INFO - [2025-02-19T09:39:30.919+0000] {dag.py:4156} INFO - Setting next_dagrun for example_bash_operator to 2025-02-18 00:00:00+00:00, run_after=2025-02-19 00:00:00+00:00
[2025-02-19T09:39:30.935+0000] {processor.py:208} INFO - Processing /home/airflow/.local/lib/python3.12/site-packages/airflow/example_dags/example_bash_operator.py took 0.077 seconds
[2025-02-19T09:40:01.223+0000] {processor.py:186} INFO - Started process (PID=298) to work on /home/airflow/.local/lib/python3.12/site-packages/airflow/example_dags/example_bash_operator.py
[2025-02-19T09:40:01.224+0000] {processor.py:914} INFO - Processing file /home/airflow/.local/lib/python3.12/site-packages/airflow/example_dags/example_bash_operator.py for tasks to queue
[2025-02-19T09:40:01.226+0000] {logging_mixin.py:190} INFO - [2025-02-19T09:40:01.225+0000] {dagbag.py:587} INFO - Filling up the DagBag from /home/airflow/.local/lib/python3.12/site-packages/airflow/example_dags/example_bash_operator.py
[2025-02-19T09:40:01.235+0000] {processor.py:925} INFO - DAG(s) 'example_bash_operator' retrieved from /home/airflow/.local/lib/python3.12/site-packages/airflow/example_dags/example_bash_operator.py
[2025-02-19T09:40:01.257+0000] {logging_mixin.py:190} INFO - [2025-02-19T09:40:01.257+0000] {dag.py:3229} INFO - Sync 1 DAGs
[2025-02-19T09:40:01.277+0000] {logging_mixin.py:190} INFO - [2025-02-19T09:40:01.277+0000] {dag.py:4156} INFO - Setting next_dagrun for example_bash_operator to 2025-02-18 00:00:00+00:00, run_after=2025-02-19 00:00:00+00:00
[2025-02-19T09:40:01.292+0000] {processor.py:208} INFO - Processing /home/airflow/.local/lib/python3.12/site-packages/airflow/example_dags/example_bash_operator.py took 0.073 seconds
[2025-02-19T09:40:32.260+0000] {processor.py:186} INFO - Started process (PID=362) to work on /home/airflow/.local/lib/python3.12/site-packages/airflow/example_dags/example_bash_operator.py
[2025-02-19T09:40:32.261+0000] {processor.py:914} INFO - Processing file /home/airflow/.local/lib/python3.12/site-packages/airflow/example_dags/example_bash_operator.py for tasks to queue
[2025-02-19T09:40:32.263+0000] {logging_mixin.py:190} INFO - [2025-02-19T09:40:32.263+0000] {dagbag.py:587} INFO - Filling up the DagBag from /home/airflow/.local/lib/python3.12/site-packages/airflow/example_dags/example_bash_operator.py
[2025-02-19T09:40:32.275+0000] {processor.py:925} INFO - DAG(s) 'example_bash_operator' retrieved from /home/airflow/.local/lib/python3.12/site-packages/airflow/example_dags/example_bash_operator.py
[2025-02-19T09:40:32.298+0000] {logging_mixin.py:190} INFO - [2025-02-19T09:40:32.297+0000] {dag.py:3229} INFO - Sync 1 DAGs
[2025-02-19T09:40:32.323+0000] {logging_mixin.py:190} INFO - [2025-02-19T09:40:32.323+0000] {dag.py:4156} INFO - Setting next_dagrun for example_bash_operator to 2025-02-18 00:00:00+00:00, run_after=2025-02-19 00:00:00+00:00
[2025-02-19T09:40:32.344+0000] {processor.py:208} INFO - Processing /home/airflow/.local/lib/python3.12/site-packages/airflow/example_dags/example_bash_operator.py took 0.088 seconds
[2025-02-19T09:41:02.540+0000] {processor.py:186} INFO - Started process (PID=426) to work on /home/airflow/.local/lib/python3.12/site-packages/airflow/example_dags/example_bash_operator.py
[2025-02-19T09:41:02.541+0000] {processor.py:914} INFO - Processing file /home/airflow/.local/lib/python3.12/site-packages/airflow/example_dags/example_bash_operator.py for tasks to queue
[2025-02-19T09:41:02.542+0000] {logging_mixin.py:190} INFO - [2025-02-19T09:41:02.542+0000] {dagbag.py:587} INFO - Filling up the DagBag from /home/airflow/.local/lib/python3.12/site-packages/airflow/example_dags/example_bash_operator.py
[2025-02-19T09:41:02.552+0000] {processor.py:925} INFO - DAG(s) 'example_bash_operator' retrieved from /home/airflow/.local/lib/python3.12/site-packages/airflow/example_dags/example_bash_operator.py
[2025-02-19T09:41:02.573+0000] {logging_mixin.py:190} INFO - [2025-02-19T09:41:02.573+0000] {dag.py:3229} INFO - Sync 1 DAGs
[2025-02-19T09:41:02.593+0000] {logging_mixin.py:190} INFO - [2025-02-19T09:41:02.593+0000] {dag.py:4156} INFO - Setting next_dagrun for example_bash_operator to 2025-02-18 00:00:00+00:00, run_after=2025-02-19 00:00:00+00:00
[2025-02-19T09:41:02.610+0000] {processor.py:208} INFO - Processing /home/airflow/.local/lib/python3.12/site-packages/airflow/example_dags/example_bash_operator.py took 0.074 seconds
[2025-02-19T09:41:32.901+0000] {processor.py:186} INFO - Started process (PID=490) to work on /home/airflow/.local/lib/python3.12/site-packages/airflow/example_dags/example_bash_operator.py
[2025-02-19T09:41:32.902+0000] {processor.py:914} INFO - Processing file /home/airflow/.local/lib/python3.12/site-packages/airflow/example_dags/example_bash_operator.py for tasks to queue
[2025-02-19T09:41:32.903+0000] {logging_mixin.py:190} INFO - [2025-02-19T09:41:32.903+0000] {dagbag.py:587} INFO - Filling up the DagBag from /home/airflow/.local/lib/python3.12/site-packages/airflow/example_dags/example_bash_operator.py
[2025-02-19T09:41:32.913+0000] {processor.py:925} INFO - DAG(s) 'example_bash_operator' retrieved from /home/airflow/.local/lib/python3.12/site-packages/airflow/example_dags/example_bash_operator.py
[2025-02-19T09:41:32.934+0000] {logging_mixin.py:190} INFO - [2025-02-19T09:41:32.934+0000] {dag.py:3229} INFO - Sync 1 DAGs
[2025-02-19T09:41:32.954+0000] {logging_mixin.py:190} INFO - [2025-02-19T09:41:32.953+0000] {dag.py:4156} INFO - Setting next_dagrun for example_bash_operator to 2025-02-18 00:00:00+00:00, run_after=2025-02-19 00:00:00+00:00
[2025-02-19T09:41:32.967+0000] {processor.py:208} INFO - Processing /home/airflow/.local/lib/python3.12/site-packages/airflow/example_dags/example_bash_operator.py took 0.070 seconds
[2025-02-19T09:42:04.023+0000] {processor.py:186} INFO - Started process (PID=554) to work on /home/airflow/.local/lib/python3.12/site-packages/airflow/example_dags/example_bash_operator.py
[2025-02-19T09:42:04.024+0000] {processor.py:914} INFO - Processing file /home/airflow/.local/lib/python3.12/site-packages/airflow/example_dags/example_bash_operator.py for tasks to queue
[2025-02-19T09:42:04.025+0000] {logging_mixin.py:190} INFO - [2025-02-19T09:42:04.025+0000] {dagbag.py:587} INFO - Filling up the DagBag from /home/airflow/.local/lib/python3.12/site-packages/airflow/example_dags/example_bash_operator.py
[2025-02-19T09:42:04.035+0000] {processor.py:925} INFO - DAG(s) 'example_bash_operator' retrieved from /home/airflow/.local/lib/python3.12/site-packages/airflow/example_dags/example_bash_operator.py
[2025-02-19T09:42:04.057+0000] {logging_mixin.py:190} INFO - [2025-02-19T09:42:04.057+0000] {dag.py:3229} INFO - Sync 1 DAGs
[2025-02-19T09:42:04.075+0000] {logging_mixin.py:190} INFO - [2025-02-19T09:42:04.075+0000] {dag.py:4156} INFO - Setting next_dagrun for example_bash_operator to 2025-02-18 00:00:00+00:00, run_after=2025-02-19 00:00:00+00:00
[2025-02-19T09:42:04.090+0000] {processor.py:208} INFO - Processing /home/airflow/.local/lib/python3.12/site-packages/airflow/example_dags/example_bash_operator.py took 0.071 seconds
[2025-02-19T09:42:34.357+0000] {processor.py:186} INFO - Started process (PID=618) to work on /home/airflow/.local/lib/python3.12/site-packages/airflow/example_dags/example_bash_operator.py
[2025-02-19T09:42:34.358+0000] {processor.py:914} INFO - Processing file /home/airflow/.local/lib/python3.12/site-packages/airflow/example_dags/example_bash_operator.py for tasks to queue
[2025-02-19T09:42:34.360+0000] {logging_mixin.py:190} INFO - [2025-02-19T09:42:34.360+0000] {dagbag.py:587} INFO - Filling up the DagBag from /home/airflow/.local/lib/python3.12/site-packages/airflow/example_dags/example_bash_operator.py
[2025-02-19T09:42:34.371+0000] {processor.py:925} INFO - DAG(s) 'example_bash_operator' retrieved from /home/airflow/.local/lib/python3.12/site-packages/airflow/example_dags/example_bash_operator.py
[2025-02-19T09:42:34.394+0000] {logging_mixin.py:190} INFO - [2025-02-19T09:42:34.393+0000] {dag.py:3229} INFO - Sync 1 DAGs
[2025-02-19T09:42:34.411+0000] {logging_mixin.py:190} INFO - [2025-02-19T09:42:34.411+0000] {dag.py:4156} INFO - Setting next_dagrun for example_bash_operator to 2025-02-18 00:00:00+00:00, run_after=2025-02-19 00:00:00+00:00
[2025-02-19T09:42:34.423+0000] {processor.py:208} INFO - Processing /home/airflow/.local/lib/python3.12/site-packages/airflow/example_dags/example_bash_operator.py took 0.070 seconds
[2025-02-19T09:43:05.377+0000] {processor.py:186} INFO - Started process (PID=682) to work on /home/airflow/.local/lib/python3.12/site-packages/airflow/example_dags/example_bash_operator.py
[2025-02-19T09:43:05.378+0000] {processor.py:914} INFO - Processing file /home/airflow/.local/lib/python3.12/site-packages/airflow/example_dags/example_bash_operator.py for tasks to queue
[2025-02-19T09:43:05.380+0000] {logging_mixin.py:190} INFO - [2025-02-19T09:43:05.380+0000] {dagbag.py:587} INFO - Filling up the DagBag from /home/airflow/.local/lib/python3.12/site-packages/airflow/example_dags/example_bash_operator.py
[2025-02-19T09:43:05.391+0000] {processor.py:925} INFO - DAG(s) 'example_bash_operator' retrieved from /home/airflow/.local/lib/python3.12/site-packages/airflow/example_dags/example_bash_operator.py
[2025-02-19T09:43:05.415+0000] {logging_mixin.py:190} INFO - [2025-02-19T09:43:05.414+0000] {dag.py:3229} INFO - Sync 1 DAGs
[2025-02-19T09:43:05.434+0000] {logging_mixin.py:190} INFO - [2025-02-19T09:43:05.433+0000] {dag.py:4156} INFO - Setting next_dagrun for example_bash_operator to 2025-02-18 00:00:00+00:00, run_after=2025-02-19 00:00:00+00:00
[2025-02-19T09:43:05.450+0000] {processor.py:208} INFO - Processing /home/airflow/.local/lib/python3.12/site-packages/airflow/example_dags/example_bash_operator.py took 0.077 seconds
[2025-02-19T09:43:35.766+0000] {processor.py:186} INFO - Started process (PID=746) to work on /home/airflow/.local/lib/python3.12/site-packages/airflow/example_dags/example_bash_operator.py
[2025-02-19T09:43:35.768+0000] {processor.py:914} INFO - Processing file /home/airflow/.local/lib/python3.12/site-packages/airflow/example_dags/example_bash_operator.py for tasks to queue
[2025-02-19T09:43:35.770+0000] {logging_mixin.py:190} INFO - [2025-02-19T09:43:35.769+0000] {dagbag.py:587} INFO - Filling up the DagBag from /home/airflow/.local/lib/python3.12/site-packages/airflow/example_dags/example_bash_operator.py
[2025-02-19T09:43:35.780+0000] {processor.py:925} INFO - DAG(s) 'example_bash_operator' retrieved from /home/airflow/.local/lib/python3.12/site-packages/airflow/example_dags/example_bash_operator.py
[2025-02-19T09:43:35.802+0000] {logging_mixin.py:190} INFO - [2025-02-19T09:43:35.802+0000] {dag.py:3229} INFO - Sync 1 DAGs
[2025-02-19T09:43:35.821+0000] {logging_mixin.py:190} INFO - [2025-02-19T09:43:35.820+0000] {dag.py:4156} INFO - Setting next_dagrun for example_bash_operator to 2025-02-18 00:00:00+00:00, run_after=2025-02-19 00:00:00+00:00
[2025-02-19T09:43:35.835+0000] {processor.py:208} INFO - Processing /home/airflow/.local/lib/python3.12/site-packages/airflow/example_dags/example_bash_operator.py took 0.073 seconds
[2025-02-19T09:44:06.067+0000] {processor.py:186} INFO - Started process (PID=810) to work on /home/airflow/.local/lib/python3.12/site-packages/airflow/example_dags/example_bash_operator.py
[2025-02-19T09:44:06.068+0000] {processor.py:914} INFO - Processing file /home/airflow/.local/lib/python3.12/site-packages/airflow/example_dags/example_bash_operator.py for tasks to queue
[2025-02-19T09:44:06.070+0000] {logging_mixin.py:190} INFO - [2025-02-19T09:44:06.070+0000] {dagbag.py:587} INFO - Filling up the DagBag from /home/airflow/.local/lib/python3.12/site-packages/airflow/example_dags/example_bash_operator.py
[2025-02-19T09:44:06.080+0000] {processor.py:925} INFO - DAG(s) 'example_bash_operator' retrieved from /home/airflow/.local/lib/python3.12/site-packages/airflow/example_dags/example_bash_operator.py
[2025-02-19T09:44:06.102+0000] {logging_mixin.py:190} INFO - [2025-02-19T09:44:06.102+0000] {dag.py:3229} INFO - Sync 1 DAGs
[2025-02-19T09:44:06.120+0000] {logging_mixin.py:190} INFO - [2025-02-19T09:44:06.120+0000] {dag.py:4156} INFO - Setting next_dagrun for example_bash_operator to 2025-02-18 00:00:00+00:00, run_after=2025-02-19 00:00:00+00:00
[2025-02-19T09:44:06.133+0000] {processor.py:208} INFO - Processing /home/airflow/.local/lib/python3.12/site-packages/airflow/example_dags/example_bash_operator.py took 0.070 seconds
[2025-02-19T09:44:36.993+0000] {processor.py:186} INFO - Started process (PID=874) to work on /home/airflow/.local/lib/python3.12/site-packages/airflow/example_dags/example_bash_operator.py
[2025-02-19T09:44:36.994+0000] {processor.py:914} INFO - Processing file /home/airflow/.local/lib/python3.12/site-packages/airflow/example_dags/example_bash_operator.py for tasks to queue
[2025-02-19T09:44:36.995+0000] {logging_mixin.py:190} INFO - [2025-02-19T09:44:36.995+0000] {dagbag.py:587} INFO - Filling up the DagBag from /home/airflow/.local/lib/python3.12/site-packages/airflow/example_dags/example_bash_operator.py
[2025-02-19T09:44:37.006+0000] {processor.py:925} INFO - DAG(s) 'example_bash_operator' retrieved from /home/airflow/.local/lib/python3.12/site-packages/airflow/example_dags/example_bash_operator.py
[2025-02-19T09:44:37.029+0000] {logging_mixin.py:190} INFO - [2025-02-19T09:44:37.029+0000] {dag.py:3229} INFO - Sync 1 DAGs
[2025-02-19T09:44:37.049+0000] {logging_mixin.py:190} INFO - [2025-02-19T09:44:37.049+0000] {dag.py:4156} INFO - Setting next_dagrun for example_bash_operator to 2025-02-18 00:00:00+00:00, run_after=2025-02-19 00:00:00+00:00
[2025-02-19T09:44:37.071+0000] {processor.py:208} INFO - Processing /home/airflow/.local/lib/python3.12/site-packages/airflow/example_dags/example_bash_operator.py took 0.082 seconds
[2025-02-19T09:45:07.354+0000] {processor.py:186} INFO - Started process (PID=938) to work on /home/airflow/.local/lib/python3.12/site-packages/airflow/example_dags/example_bash_operator.py
[2025-02-19T09:45:07.355+0000] {processor.py:914} INFO - Processing file /home/airflow/.local/lib/python3.12/site-packages/airflow/example_dags/example_bash_operator.py for tasks to queue
[2025-02-19T09:45:07.357+0000] {logging_mixin.py:190} INFO - [2025-02-19T09:45:07.357+0000] {dagbag.py:587} INFO - Filling up the DagBag from /home/airflow/.local/lib/python3.12/site-packages/airflow/example_dags/example_bash_operator.py
[2025-02-19T09:45:07.367+0000] {processor.py:925} INFO - DAG(s) 'example_bash_operator' retrieved from /home/airflow/.local/lib/python3.12/site-packages/airflow/example_dags/example_bash_operator.py
[2025-02-19T09:45:07.389+0000] {logging_mixin.py:190} INFO - [2025-02-19T09:45:07.389+0000] {dag.py:3229} INFO - Sync 1 DAGs
[2025-02-19T09:45:07.411+0000] {logging_mixin.py:190} INFO - [2025-02-19T09:45:07.410+0000] {dag.py:4156} INFO - Setting next_dagrun for example_bash_operator to 2025-02-18 00:00:00+00:00, run_after=2025-02-19 00:00:00+00:00
[2025-02-19T09:45:07.427+0000] {processor.py:208} INFO - Processing /home/airflow/.local/lib/python3.12/site-packages/airflow/example_dags/example_bash_operator.py took 0.077 seconds
[2025-02-19T09:45:38.497+0000] {processor.py:186} INFO - Started process (PID=1002) to work on /home/airflow/.local/lib/python3.12/site-packages/airflow/example_dags/example_bash_operator.py
[2025-02-19T09:45:38.498+0000] {processor.py:914} INFO - Processing file /home/airflow/.local/lib/python3.12/site-packages/airflow/example_dags/example_bash_operator.py for tasks to queue
[2025-02-19T09:45:38.500+0000] {logging_mixin.py:190} INFO - [2025-02-19T09:45:38.500+0000] {dagbag.py:587} INFO - Filling up the DagBag from /home/airflow/.local/lib/python3.12/site-packages/airflow/example_dags/example_bash_operator.py
[2025-02-19T09:45:38.511+0000] {processor.py:925} INFO - DAG(s) 'example_bash_operator' retrieved from /home/airflow/.local/lib/python3.12/site-packages/airflow/example_dags/example_bash_operator.py
[2025-02-19T09:45:38.535+0000] {logging_mixin.py:190} INFO - [2025-02-19T09:45:38.535+0000] {dag.py:3229} INFO - Sync 1 DAGs
[2025-02-19T09:45:38.555+0000] {logging_mixin.py:190} INFO - [2025-02-19T09:45:38.555+0000] {dag.py:4156} INFO - Setting next_dagrun for example_bash_operator to 2025-02-18 00:00:00+00:00, run_after=2025-02-19 00:00:00+00:00
[2025-02-19T09:45:38.574+0000] {processor.py:208} INFO - Processing /home/airflow/.local/lib/python3.12/site-packages/airflow/example_dags/example_bash_operator.py took 0.081 seconds
[2025-02-19T09:46:09.571+0000] {processor.py:186} INFO - Started process (PID=1066) to work on /home/airflow/.local/lib/python3.12/site-packages/airflow/example_dags/example_bash_operator.py
[2025-02-19T09:46:09.572+0000] {processor.py:914} INFO - Processing file /home/airflow/.local/lib/python3.12/site-packages/airflow/example_dags/example_bash_operator.py for tasks to queue
[2025-02-19T09:46:09.574+0000] {logging_mixin.py:190} INFO - [2025-02-19T09:46:09.574+0000] {dagbag.py:587} INFO - Filling up the DagBag from /home/airflow/.local/lib/python3.12/site-packages/airflow/example_dags/example_bash_operator.py
[2025-02-19T09:46:09.584+0000] {processor.py:925} INFO - DAG(s) 'example_bash_operator' retrieved from /home/airflow/.local/lib/python3.12/site-packages/airflow/example_dags/example_bash_operator.py
[2025-02-19T09:46:09.603+0000] {logging_mixin.py:190} INFO - [2025-02-19T09:46:09.603+0000] {dag.py:3229} INFO - Sync 1 DAGs
[2025-02-19T09:46:09.622+0000] {logging_mixin.py:190} INFO - [2025-02-19T09:46:09.622+0000] {dag.py:4156} INFO - Setting next_dagrun for example_bash_operator to 2025-02-18 00:00:00+00:00, run_after=2025-02-19 00:00:00+00:00
[2025-02-19T09:46:09.636+0000] {processor.py:208} INFO - Processing /home/airflow/.local/lib/python3.12/site-packages/airflow/example_dags/example_bash_operator.py took 0.069 seconds
[2025-02-19T09:46:40.512+0000] {processor.py:186} INFO - Started process (PID=1130) to work on /home/airflow/.local/lib/python3.12/site-packages/airflow/example_dags/example_bash_operator.py
[2025-02-19T09:46:40.513+0000] {processor.py:914} INFO - Processing file /home/airflow/.local/lib/python3.12/site-packages/airflow/example_dags/example_bash_operator.py for tasks to queue
[2025-02-19T09:46:40.515+0000] {logging_mixin.py:190} INFO - [2025-02-19T09:46:40.515+0000] {dagbag.py:587} INFO - Filling up the DagBag from /home/airflow/.local/lib/python3.12/site-packages/airflow/example_dags/example_bash_operator.py
[2025-02-19T09:46:40.525+0000] {processor.py:925} INFO - DAG(s) 'example_bash_operator' retrieved from /home/airflow/.local/lib/python3.12/site-packages/airflow/example_dags/example_bash_operator.py
[2025-02-19T09:46:40.548+0000] {logging_mixin.py:190} INFO - [2025-02-19T09:46:40.547+0000] {dag.py:3229} INFO - Sync 1 DAGs
[2025-02-19T09:46:40.569+0000] {logging_mixin.py:190} INFO - [2025-02-19T09:46:40.569+0000] {dag.py:4156} INFO - Setting next_dagrun for example_bash_operator to 2025-02-18 00:00:00+00:00, run_after=2025-02-19 00:00:00+00:00
[2025-02-19T09:46:40.584+0000] {processor.py:208} INFO - Processing /home/airflow/.local/lib/python3.12/site-packages/airflow/example_dags/example_bash_operator.py took 0.076 seconds
[2025-02-19T09:47:11.554+0000] {processor.py:186} INFO - Started process (PID=1194) to work on /home/airflow/.local/lib/python3.12/site-packages/airflow/example_dags/example_bash_operator.py
[2025-02-19T09:47:11.555+0000] {processor.py:914} INFO - Processing file /home/airflow/.local/lib/python3.12/site-packages/airflow/example_dags/example_bash_operator.py for tasks to queue
[2025-02-19T09:47:11.557+0000] {logging_mixin.py:190} INFO - [2025-02-19T09:47:11.556+0000] {dagbag.py:587} INFO - Filling up the DagBag from /home/airflow/.local/lib/python3.12/site-packages/airflow/example_dags/example_bash_operator.py
[2025-02-19T09:47:11.567+0000] {processor.py:925} INFO - DAG(s) 'example_bash_operator' retrieved from /home/airflow/.local/lib/python3.12/site-packages/airflow/example_dags/example_bash_operator.py
[2025-02-19T09:47:11.594+0000] {logging_mixin.py:190} INFO - [2025-02-19T09:47:11.593+0000] {dag.py:3229} INFO - Sync 1 DAGs
[2025-02-19T09:47:11.615+0000] {logging_mixin.py:190} INFO - [2025-02-19T09:47:11.615+0000] {dag.py:4156} INFO - Setting next_dagrun for example_bash_operator to 2025-02-18 00:00:00+00:00, run_after=2025-02-19 00:00:00+00:00
[2025-02-19T09:47:11.633+0000] {processor.py:208} INFO - Processing /home/airflow/.local/lib/python3.12/site-packages/airflow/example_dags/example_bash_operator.py took 0.083 seconds
[2025-02-19T09:47:41.946+0000] {processor.py:186} INFO - Started process (PID=1258) to work on /home/airflow/.local/lib/python3.12/site-packages/airflow/example_dags/example_bash_operator.py
[2025-02-19T09:47:41.947+0000] {processor.py:914} INFO - Processing file /home/airflow/.local/lib/python3.12/site-packages/airflow/example_dags/example_bash_operator.py for tasks to queue
[2025-02-19T09:47:41.949+0000] {logging_mixin.py:190} INFO - [2025-02-19T09:47:41.949+0000] {dagbag.py:587} INFO - Filling up the DagBag from /home/airflow/.local/lib/python3.12/site-packages/airflow/example_dags/example_bash_operator.py
[2025-02-19T09:47:41.960+0000] {processor.py:925} INFO - DAG(s) 'example_bash_operator' retrieved from /home/airflow/.local/lib/python3.12/site-packages/airflow/example_dags/example_bash_operator.py
[2025-02-19T09:47:41.985+0000] {logging_mixin.py:190} INFO - [2025-02-19T09:47:41.985+0000] {dag.py:3229} INFO - Sync 1 DAGs
[2025-02-19T09:47:42.007+0000] {logging_mixin.py:190} INFO - [2025-02-19T09:47:42.007+0000] {dag.py:4156} INFO - Setting next_dagrun for example_bash_operator to 2025-02-18 00:00:00+00:00, run_after=2025-02-19 00:00:00+00:00
[2025-02-19T09:47:42.029+0000] {processor.py:208} INFO - Processing /home/airflow/.local/lib/python3.12/site-packages/airflow/example_dags/example_bash_operator.py took 0.087 seconds
[2025-02-19T09:48:12.299+0000] {processor.py:186} INFO - Started process (PID=1323) to work on /home/airflow/.local/lib/python3.12/site-packages/airflow/example_dags/example_bash_operator.py
[2025-02-19T09:48:12.300+0000] {processor.py:914} INFO - Processing file /home/airflow/.local/lib/python3.12/site-packages/airflow/example_dags/example_bash_operator.py for tasks to queue
[2025-02-19T09:48:12.302+0000] {logging_mixin.py:190} INFO - [2025-02-19T09:48:12.302+0000] {dagbag.py:587} INFO - Filling up the DagBag from /home/airflow/.local/lib/python3.12/site-packages/airflow/example_dags/example_bash_operator.py
[2025-02-19T09:48:12.312+0000] {processor.py:925} INFO - DAG(s) 'example_bash_operator' retrieved from /home/airflow/.local/lib/python3.12/site-packages/airflow/example_dags/example_bash_operator.py
[2025-02-19T09:48:12.334+0000] {logging_mixin.py:190} INFO - [2025-02-19T09:48:12.334+0000] {dag.py:3229} INFO - Sync 1 DAGs
[2025-02-19T09:48:12.354+0000] {logging_mixin.py:190} INFO - [2025-02-19T09:48:12.354+0000] {dag.py:4156} INFO - Setting next_dagrun for example_bash_operator to 2025-02-18 00:00:00+00:00, run_after=2025-02-19 00:00:00+00:00
[2025-02-19T09:48:12.368+0000] {processor.py:208} INFO - Processing /home/airflow/.local/lib/python3.12/site-packages/airflow/example_dags/example_bash_operator.py took 0.073 seconds
[2025-02-19T09:48:43.419+0000] {processor.py:186} INFO - Started process (PID=1387) to work on /home/airflow/.local/lib/python3.12/site-packages/airflow/example_dags/example_bash_operator.py
[2025-02-19T09:48:43.420+0000] {processor.py:914} INFO - Processing file /home/airflow/.local/lib/python3.12/site-packages/airflow/example_dags/example_bash_operator.py for tasks to queue
[2025-02-19T09:48:43.422+0000] {logging_mixin.py:190} INFO - [2025-02-19T09:48:43.421+0000] {dagbag.py:587} INFO - Filling up the DagBag from /home/airflow/.local/lib/python3.12/site-packages/airflow/example_dags/example_bash_operator.py
[2025-02-19T09:48:43.431+0000] {processor.py:925} INFO - DAG(s) 'example_bash_operator' retrieved from /home/airflow/.local/lib/python3.12/site-packages/airflow/example_dags/example_bash_operator.py
[2025-02-19T09:48:43.453+0000] {logging_mixin.py:190} INFO - [2025-02-19T09:48:43.453+0000] {dag.py:3229} INFO - Sync 1 DAGs
[2025-02-19T09:48:43.471+0000] {logging_mixin.py:190} INFO - [2025-02-19T09:48:43.470+0000] {dag.py:4156} INFO - Setting next_dagrun for example_bash_operator to 2025-02-18 00:00:00+00:00, run_after=2025-02-19 00:00:00+00:00
[2025-02-19T09:48:43.484+0000] {processor.py:208} INFO - Processing /home/airflow/.local/lib/python3.12/site-packages/airflow/example_dags/example_bash_operator.py took 0.069 seconds
[2025-02-19T09:49:14.331+0000] {processor.py:186} INFO - Started process (PID=1451) to work on /home/airflow/.local/lib/python3.12/site-packages/airflow/example_dags/example_bash_operator.py
[2025-02-19T09:49:14.332+0000] {processor.py:914} INFO - Processing file /home/airflow/.local/lib/python3.12/site-packages/airflow/example_dags/example_bash_operator.py for tasks to queue
[2025-02-19T09:49:14.334+0000] {logging_mixin.py:190} INFO - [2025-02-19T09:49:14.334+0000] {dagbag.py:587} INFO - Filling up the DagBag from /home/airflow/.local/lib/python3.12/site-packages/airflow/example_dags/example_bash_operator.py
[2025-02-19T09:49:14.344+0000] {processor.py:925} INFO - DAG(s) 'example_bash_operator' retrieved from /home/airflow/.local/lib/python3.12/site-packages/airflow/example_dags/example_bash_operator.py
[2025-02-19T09:49:14.366+0000] {logging_mixin.py:190} INFO - [2025-02-19T09:49:14.365+0000] {dag.py:3229} INFO - Sync 1 DAGs
[2025-02-19T09:49:14.385+0000] {logging_mixin.py:190} INFO - [2025-02-19T09:49:14.384+0000] {dag.py:4156} INFO - Setting next_dagrun for example_bash_operator to 2025-02-18 00:00:00+00:00, run_after=2025-02-19 00:00:00+00:00
[2025-02-19T09:49:14.399+0000] {processor.py:208} INFO - Processing /home/airflow/.local/lib/python3.12/site-packages/airflow/example_dags/example_bash_operator.py took 0.072 seconds
[2025-02-19T09:49:45.287+0000] {processor.py:186} INFO - Started process (PID=1515) to work on /home/airflow/.local/lib/python3.12/site-packages/airflow/example_dags/example_bash_operator.py
[2025-02-19T09:49:45.288+0000] {processor.py:914} INFO - Processing file /home/airflow/.local/lib/python3.12/site-packages/airflow/example_dags/example_bash_operator.py for tasks to queue
[2025-02-19T09:49:45.290+0000] {logging_mixin.py:190} INFO - [2025-02-19T09:49:45.290+0000] {dagbag.py:587} INFO - Filling up the DagBag from /home/airflow/.local/lib/python3.12/site-packages/airflow/example_dags/example_bash_operator.py
[2025-02-19T09:49:45.300+0000] {processor.py:925} INFO - DAG(s) 'example_bash_operator' retrieved from /home/airflow/.local/lib/python3.12/site-packages/airflow/example_dags/example_bash_operator.py
[2025-02-19T09:49:45.322+0000] {logging_mixin.py:190} INFO - [2025-02-19T09:49:45.321+0000] {dag.py:3229} INFO - Sync 1 DAGs
[2025-02-19T09:49:45.343+0000] {logging_mixin.py:190} INFO - [2025-02-19T09:49:45.342+0000] {dag.py:4156} INFO - Setting next_dagrun for example_bash_operator to 2025-02-18 00:00:00+00:00, run_after=2025-02-19 00:00:00+00:00
[2025-02-19T09:49:45.360+0000] {processor.py:208} INFO - Processing /home/airflow/.local/lib/python3.12/site-packages/airflow/example_dags/example_bash_operator.py took 0.077 seconds
[2025-02-19T09:50:15.637+0000] {processor.py:186} INFO - Started process (PID=1579) to work on /home/airflow/.local/lib/python3.12/site-packages/airflow/example_dags/example_bash_operator.py
[2025-02-19T09:50:15.638+0000] {processor.py:914} INFO - Processing file /home/airflow/.local/lib/python3.12/site-packages/airflow/example_dags/example_bash_operator.py for tasks to queue
[2025-02-19T09:50:15.640+0000] {logging_mixin.py:190} INFO - [2025-02-19T09:50:15.640+0000] {dagbag.py:587} INFO - Filling up the DagBag from /home/airflow/.local/lib/python3.12/site-packages/airflow/example_dags/example_bash_operator.py
[2025-02-19T09:50:15.651+0000] {processor.py:925} INFO - DAG(s) 'example_bash_operator' retrieved from /home/airflow/.local/lib/python3.12/site-packages/airflow/example_dags/example_bash_operator.py
[2025-02-19T09:50:15.673+0000] {logging_mixin.py:190} INFO - [2025-02-19T09:50:15.673+0000] {dag.py:3229} INFO - Sync 1 DAGs
[2025-02-19T09:50:15.693+0000] {logging_mixin.py:190} INFO - [2025-02-19T09:50:15.693+0000] {dag.py:4156} INFO - Setting next_dagrun for example_bash_operator to 2025-02-18 00:00:00+00:00, run_after=2025-02-19 00:00:00+00:00
[2025-02-19T09:50:15.716+0000] {processor.py:208} INFO - Processing /home/airflow/.local/lib/python3.12/site-packages/airflow/example_dags/example_bash_operator.py took 0.084 seconds
[2025-02-19T09:50:46.103+0000] {processor.py:186} INFO - Started process (PID=1643) to work on /home/airflow/.local/lib/python3.12/site-packages/airflow/example_dags/example_bash_operator.py
[2025-02-19T09:50:46.104+0000] {processor.py:914} INFO - Processing file /home/airflow/.local/lib/python3.12/site-packages/airflow/example_dags/example_bash_operator.py for tasks to queue
[2025-02-19T09:50:46.106+0000] {logging_mixin.py:190} INFO - [2025-02-19T09:50:46.105+0000] {dagbag.py:587} INFO - Filling up the DagBag from /home/airflow/.local/lib/python3.12/site-packages/airflow/example_dags/example_bash_operator.py
[2025-02-19T09:50:46.117+0000] {processor.py:925} INFO - DAG(s) 'example_bash_operator' retrieved from /home/airflow/.local/lib/python3.12/site-packages/airflow/example_dags/example_bash_operator.py
[2025-02-19T09:50:46.140+0000] {logging_mixin.py:190} INFO - [2025-02-19T09:50:46.140+0000] {dag.py:3229} INFO - Sync 1 DAGs
[2025-02-19T09:50:46.163+0000] {logging_mixin.py:190} INFO - [2025-02-19T09:50:46.163+0000] {dag.py:4156} INFO - Setting next_dagrun for example_bash_operator to 2025-02-18 00:00:00+00:00, run_after=2025-02-19 00:00:00+00:00
[2025-02-19T09:50:46.179+0000] {processor.py:208} INFO - Processing /home/airflow/.local/lib/python3.12/site-packages/airflow/example_dags/example_bash_operator.py took 0.081 seconds
[2025-02-19T09:51:16.314+0000] {processor.py:186} INFO - Started process (PID=1707) to work on /home/airflow/.local/lib/python3.12/site-packages/airflow/example_dags/example_bash_operator.py
[2025-02-19T09:51:16.315+0000] {processor.py:914} INFO - Processing file /home/airflow/.local/lib/python3.12/site-packages/airflow/example_dags/example_bash_operator.py for tasks to queue
[2025-02-19T09:51:16.317+0000] {logging_mixin.py:190} INFO - [2025-02-19T09:51:16.317+0000] {dagbag.py:587} INFO - Filling up the DagBag from /home/airflow/.local/lib/python3.12/site-packages/airflow/example_dags/example_bash_operator.py
[2025-02-19T09:51:16.327+0000] {processor.py:925} INFO - DAG(s) 'example_bash_operator' retrieved from /home/airflow/.local/lib/python3.12/site-packages/airflow/example_dags/example_bash_operator.py
[2025-02-19T09:51:16.347+0000] {logging_mixin.py:190} INFO - [2025-02-19T09:51:16.347+0000] {dag.py:3229} INFO - Sync 1 DAGs
[2025-02-19T09:51:16.366+0000] {logging_mixin.py:190} INFO - [2025-02-19T09:51:16.366+0000] {dag.py:4156} INFO - Setting next_dagrun for example_bash_operator to 2025-02-18 00:00:00+00:00, run_after=2025-02-19 00:00:00+00:00
[2025-02-19T09:51:16.381+0000] {processor.py:208} INFO - Processing /home/airflow/.local/lib/python3.12/site-packages/airflow/example_dags/example_bash_operator.py took 0.072 seconds
[2025-02-19T09:51:46.624+0000] {processor.py:186} INFO - Started process (PID=1771) to work on /home/airflow/.local/lib/python3.12/site-packages/airflow/example_dags/example_bash_operator.py
[2025-02-19T09:51:46.625+0000] {processor.py:914} INFO - Processing file /home/airflow/.local/lib/python3.12/site-packages/airflow/example_dags/example_bash_operator.py for tasks to queue
[2025-02-19T09:51:46.627+0000] {logging_mixin.py:190} INFO - [2025-02-19T09:51:46.627+0000] {dagbag.py:587} INFO - Filling up the DagBag from /home/airflow/.local/lib/python3.12/site-packages/airflow/example_dags/example_bash_operator.py
[2025-02-19T09:51:46.639+0000] {processor.py:925} INFO - DAG(s) 'example_bash_operator' retrieved from /home/airflow/.local/lib/python3.12/site-packages/airflow/example_dags/example_bash_operator.py
[2025-02-19T09:51:46.664+0000] {logging_mixin.py:190} INFO - [2025-02-19T09:51:46.664+0000] {dag.py:3229} INFO - Sync 1 DAGs
[2025-02-19T09:51:46.686+0000] {logging_mixin.py:190} INFO - [2025-02-19T09:51:46.686+0000] {dag.py:4156} INFO - Setting next_dagrun for example_bash_operator to 2025-02-18 00:00:00+00:00, run_after=2025-02-19 00:00:00+00:00
[2025-02-19T09:51:46.702+0000] {processor.py:208} INFO - Processing /home/airflow/.local/lib/python3.12/site-packages/airflow/example_dags/example_bash_operator.py took 0.082 seconds
[2025-02-19T09:52:17.042+0000] {processor.py:186} INFO - Started process (PID=1835) to work on /home/airflow/.local/lib/python3.12/site-packages/airflow/example_dags/example_bash_operator.py
[2025-02-19T09:52:17.043+0000] {processor.py:914} INFO - Processing file /home/airflow/.local/lib/python3.12/site-packages/airflow/example_dags/example_bash_operator.py for tasks to queue
[2025-02-19T09:52:17.045+0000] {logging_mixin.py:190} INFO - [2025-02-19T09:52:17.044+0000] {dagbag.py:587} INFO - Filling up the DagBag from /home/airflow/.local/lib/python3.12/site-packages/airflow/example_dags/example_bash_operator.py
[2025-02-19T09:52:17.054+0000] {processor.py:925} INFO - DAG(s) 'example_bash_operator' retrieved from /home/airflow/.local/lib/python3.12/site-packages/airflow/example_dags/example_bash_operator.py
[2025-02-19T09:52:17.075+0000] {logging_mixin.py:190} INFO - [2025-02-19T09:52:17.075+0000] {dag.py:3229} INFO - Sync 1 DAGs
[2025-02-19T09:52:17.096+0000] {logging_mixin.py:190} INFO - [2025-02-19T09:52:17.096+0000] {dag.py:4156} INFO - Setting next_dagrun for example_bash_operator to 2025-02-18 00:00:00+00:00, run_after=2025-02-19 00:00:00+00:00
[2025-02-19T09:52:17.110+0000] {processor.py:208} INFO - Processing /home/airflow/.local/lib/python3.12/site-packages/airflow/example_dags/example_bash_operator.py took 0.072 seconds
[2025-02-19T09:52:47.226+0000] {processor.py:186} INFO - Started process (PID=1898) to work on /home/airflow/.local/lib/python3.12/site-packages/airflow/example_dags/example_bash_operator.py
[2025-02-19T09:52:47.227+0000] {processor.py:914} INFO - Processing file /home/airflow/.local/lib/python3.12/site-packages/airflow/example_dags/example_bash_operator.py for tasks to queue
[2025-02-19T09:52:47.229+0000] {logging_mixin.py:190} INFO - [2025-02-19T09:52:47.229+0000] {dagbag.py:587} INFO - Filling up the DagBag from /home/airflow/.local/lib/python3.12/site-packages/airflow/example_dags/example_bash_operator.py
[2025-02-19T09:52:47.240+0000] {processor.py:925} INFO - DAG(s) 'example_bash_operator' retrieved from /home/airflow/.local/lib/python3.12/site-packages/airflow/example_dags/example_bash_operator.py
[2025-02-19T09:52:47.263+0000] {logging_mixin.py:190} INFO - [2025-02-19T09:52:47.262+0000] {dag.py:3229} INFO - Sync 1 DAGs
[2025-02-19T09:52:47.283+0000] {logging_mixin.py:190} INFO - [2025-02-19T09:52:47.282+0000] {dag.py:4156} INFO - Setting next_dagrun for example_bash_operator to 2025-02-18 00:00:00+00:00, run_after=2025-02-19 00:00:00+00:00
[2025-02-19T09:52:47.296+0000] {processor.py:208} INFO - Processing /home/airflow/.local/lib/python3.12/site-packages/airflow/example_dags/example_bash_operator.py took 0.075 seconds
[2025-02-19T09:53:17.493+0000] {processor.py:186} INFO - Started process (PID=1962) to work on /home/airflow/.local/lib/python3.12/site-packages/airflow/example_dags/example_bash_operator.py
[2025-02-19T09:53:17.494+0000] {processor.py:914} INFO - Processing file /home/airflow/.local/lib/python3.12/site-packages/airflow/example_dags/example_bash_operator.py for tasks to queue
[2025-02-19T09:53:17.497+0000] {logging_mixin.py:190} INFO - [2025-02-19T09:53:17.496+0000] {dagbag.py:587} INFO - Filling up the DagBag from /home/airflow/.local/lib/python3.12/site-packages/airflow/example_dags/example_bash_operator.py
[2025-02-19T09:53:17.511+0000] {processor.py:925} INFO - DAG(s) 'example_bash_operator' retrieved from /home/airflow/.local/lib/python3.12/site-packages/airflow/example_dags/example_bash_operator.py
[2025-02-19T09:53:17.537+0000] {logging_mixin.py:190} INFO - [2025-02-19T09:53:17.536+0000] {dag.py:3229} INFO - Sync 1 DAGs
[2025-02-19T09:53:17.558+0000] {logging_mixin.py:190} INFO - [2025-02-19T09:53:17.558+0000] {dag.py:4156} INFO - Setting next_dagrun for example_bash_operator to 2025-02-18 00:00:00+00:00, run_after=2025-02-19 00:00:00+00:00
[2025-02-19T09:53:17.577+0000] {processor.py:208} INFO - Processing /home/airflow/.local/lib/python3.12/site-packages/airflow/example_dags/example_bash_operator.py took 0.091 seconds
[2025-02-19T09:53:47.819+0000] {processor.py:186} INFO - Started process (PID=2026) to work on /home/airflow/.local/lib/python3.12/site-packages/airflow/example_dags/example_bash_operator.py
[2025-02-19T09:53:47.820+0000] {processor.py:914} INFO - Processing file /home/airflow/.local/lib/python3.12/site-packages/airflow/example_dags/example_bash_operator.py for tasks to queue
[2025-02-19T09:53:47.822+0000] {logging_mixin.py:190} INFO - [2025-02-19T09:53:47.822+0000] {dagbag.py:587} INFO - Filling up the DagBag from /home/airflow/.local/lib/python3.12/site-packages/airflow/example_dags/example_bash_operator.py
[2025-02-19T09:53:47.831+0000] {processor.py:925} INFO - DAG(s) 'example_bash_operator' retrieved from /home/airflow/.local/lib/python3.12/site-packages/airflow/example_dags/example_bash_operator.py
[2025-02-19T09:53:47.853+0000] {logging_mixin.py:190} INFO - [2025-02-19T09:53:47.853+0000] {dag.py:3229} INFO - Sync 1 DAGs
[2025-02-19T09:53:47.871+0000] {logging_mixin.py:190} INFO - [2025-02-19T09:53:47.870+0000] {dag.py:4156} INFO - Setting next_dagrun for example_bash_operator to 2025-02-18 00:00:00+00:00, run_after=2025-02-19 00:00:00+00:00
[2025-02-19T09:53:47.884+0000] {processor.py:208} INFO - Processing /home/airflow/.local/lib/python3.12/site-packages/airflow/example_dags/example_bash_operator.py took 0.069 seconds
[2025-02-19T09:54:18.224+0000] {processor.py:186} INFO - Started process (PID=2090) to work on /home/airflow/.local/lib/python3.12/site-packages/airflow/example_dags/example_bash_operator.py
[2025-02-19T09:54:18.226+0000] {processor.py:914} INFO - Processing file /home/airflow/.local/lib/python3.12/site-packages/airflow/example_dags/example_bash_operator.py for tasks to queue
[2025-02-19T09:54:18.227+0000] {logging_mixin.py:190} INFO - [2025-02-19T09:54:18.227+0000] {dagbag.py:587} INFO - Filling up the DagBag from /home/airflow/.local/lib/python3.12/site-packages/airflow/example_dags/example_bash_operator.py
[2025-02-19T09:54:18.238+0000] {processor.py:925} INFO - DAG(s) 'example_bash_operator' retrieved from /home/airflow/.local/lib/python3.12/site-packages/airflow/example_dags/example_bash_operator.py
[2025-02-19T09:54:18.264+0000] {logging_mixin.py:190} INFO - [2025-02-19T09:54:18.263+0000] {dag.py:3229} INFO - Sync 1 DAGs
[2025-02-19T09:54:18.288+0000] {logging_mixin.py:190} INFO - [2025-02-19T09:54:18.288+0000] {dag.py:4156} INFO - Setting next_dagrun for example_bash_operator to 2025-02-18 00:00:00+00:00, run_after=2025-02-19 00:00:00+00:00
[2025-02-19T09:54:18.305+0000] {processor.py:208} INFO - Processing /home/airflow/.local/lib/python3.12/site-packages/airflow/example_dags/example_bash_operator.py took 0.085 seconds
[2025-02-19T09:54:48.384+0000] {processor.py:186} INFO - Started process (PID=2153) to work on /home/airflow/.local/lib/python3.12/site-packages/airflow/example_dags/example_bash_operator.py
[2025-02-19T09:54:48.385+0000] {processor.py:914} INFO - Processing file /home/airflow/.local/lib/python3.12/site-packages/airflow/example_dags/example_bash_operator.py for tasks to queue
[2025-02-19T09:54:48.387+0000] {logging_mixin.py:190} INFO - [2025-02-19T09:54:48.386+0000] {dagbag.py:587} INFO - Filling up the DagBag from /home/airflow/.local/lib/python3.12/site-packages/airflow/example_dags/example_bash_operator.py
[2025-02-19T09:54:48.397+0000] {processor.py:925} INFO - DAG(s) 'example_bash_operator' retrieved from /home/airflow/.local/lib/python3.12/site-packages/airflow/example_dags/example_bash_operator.py
[2025-02-19T09:54:48.417+0000] {logging_mixin.py:190} INFO - [2025-02-19T09:54:48.417+0000] {dag.py:3229} INFO - Sync 1 DAGs
[2025-02-19T09:54:48.436+0000] {logging_mixin.py:190} INFO - [2025-02-19T09:54:48.436+0000] {dag.py:4156} INFO - Setting next_dagrun for example_bash_operator to 2025-02-18 00:00:00+00:00, run_after=2025-02-19 00:00:00+00:00
[2025-02-19T09:54:48.450+0000] {processor.py:208} INFO - Processing /home/airflow/.local/lib/python3.12/site-packages/airflow/example_dags/example_bash_operator.py took 0.070 seconds
[2025-02-19T09:55:18.662+0000] {processor.py:186} INFO - Started process (PID=2218) to work on /home/airflow/.local/lib/python3.12/site-packages/airflow/example_dags/example_bash_operator.py
[2025-02-19T09:55:18.663+0000] {processor.py:914} INFO - Processing file /home/airflow/.local/lib/python3.12/site-packages/airflow/example_dags/example_bash_operator.py for tasks to queue
[2025-02-19T09:55:18.665+0000] {logging_mixin.py:190} INFO - [2025-02-19T09:55:18.664+0000] {dagbag.py:587} INFO - Filling up the DagBag from /home/airflow/.local/lib/python3.12/site-packages/airflow/example_dags/example_bash_operator.py
[2025-02-19T09:55:18.675+0000] {processor.py:925} INFO - DAG(s) 'example_bash_operator' retrieved from /home/airflow/.local/lib/python3.12/site-packages/airflow/example_dags/example_bash_operator.py
[2025-02-19T09:55:18.698+0000] {logging_mixin.py:190} INFO - [2025-02-19T09:55:18.698+0000] {dag.py:3229} INFO - Sync 1 DAGs
[2025-02-19T09:55:18.716+0000] {logging_mixin.py:190} INFO - [2025-02-19T09:55:18.716+0000] {dag.py:4156} INFO - Setting next_dagrun for example_bash_operator to 2025-02-18 00:00:00+00:00, run_after=2025-02-19 00:00:00+00:00
[2025-02-19T09:55:18.732+0000] {processor.py:208} INFO - Processing /home/airflow/.local/lib/python3.12/site-packages/airflow/example_dags/example_bash_operator.py took 0.074 seconds
[2025-02-19T09:55:49.050+0000] {processor.py:186} INFO - Started process (PID=2282) to work on /home/airflow/.local/lib/python3.12/site-packages/airflow/example_dags/example_bash_operator.py
[2025-02-19T09:55:49.050+0000] {processor.py:914} INFO - Processing file /home/airflow/.local/lib/python3.12/site-packages/airflow/example_dags/example_bash_operator.py for tasks to queue
[2025-02-19T09:55:49.052+0000] {logging_mixin.py:190} INFO - [2025-02-19T09:55:49.052+0000] {dagbag.py:587} INFO - Filling up the DagBag from /home/airflow/.local/lib/python3.12/site-packages/airflow/example_dags/example_bash_operator.py
[2025-02-19T09:55:49.062+0000] {processor.py:925} INFO - DAG(s) 'example_bash_operator' retrieved from /home/airflow/.local/lib/python3.12/site-packages/airflow/example_dags/example_bash_operator.py
[2025-02-19T09:55:49.081+0000] {logging_mixin.py:190} INFO - [2025-02-19T09:55:49.081+0000] {dag.py:3229} INFO - Sync 1 DAGs
[2025-02-19T09:55:49.100+0000] {logging_mixin.py:190} INFO - [2025-02-19T09:55:49.099+0000] {dag.py:4156} INFO - Setting next_dagrun for example_bash_operator to 2025-02-18 00:00:00+00:00, run_after=2025-02-19 00:00:00+00:00
[2025-02-19T09:55:49.114+0000] {processor.py:208} INFO - Processing /home/airflow/.local/lib/python3.12/site-packages/airflow/example_dags/example_bash_operator.py took 0.069 seconds
[2025-02-19T09:56:19.437+0000] {processor.py:186} INFO - Started process (PID=2346) to work on /home/airflow/.local/lib/python3.12/site-packages/airflow/example_dags/example_bash_operator.py
[2025-02-19T09:56:19.438+0000] {processor.py:914} INFO - Processing file /home/airflow/.local/lib/python3.12/site-packages/airflow/example_dags/example_bash_operator.py for tasks to queue
[2025-02-19T09:56:19.439+0000] {logging_mixin.py:190} INFO - [2025-02-19T09:56:19.439+0000] {dagbag.py:587} INFO - Filling up the DagBag from /home/airflow/.local/lib/python3.12/site-packages/airflow/example_dags/example_bash_operator.py
[2025-02-19T09:56:19.450+0000] {processor.py:925} INFO - DAG(s) 'example_bash_operator' retrieved from /home/airflow/.local/lib/python3.12/site-packages/airflow/example_dags/example_bash_operator.py
[2025-02-19T09:56:19.471+0000] {logging_mixin.py:190} INFO - [2025-02-19T09:56:19.470+0000] {dag.py:3229} INFO - Sync 1 DAGs
[2025-02-19T09:56:19.488+0000] {logging_mixin.py:190} INFO - [2025-02-19T09:56:19.488+0000] {dag.py:4156} INFO - Setting next_dagrun for example_bash_operator to 2025-02-18 00:00:00+00:00, run_after=2025-02-19 00:00:00+00:00
[2025-02-19T09:56:19.503+0000] {processor.py:208} INFO - Processing /home/airflow/.local/lib/python3.12/site-packages/airflow/example_dags/example_bash_operator.py took 0.070 seconds
[2025-02-19T09:56:49.857+0000] {processor.py:186} INFO - Started process (PID=2411) to work on /home/airflow/.local/lib/python3.12/site-packages/airflow/example_dags/example_bash_operator.py
[2025-02-19T09:56:49.858+0000] {processor.py:914} INFO - Processing file /home/airflow/.local/lib/python3.12/site-packages/airflow/example_dags/example_bash_operator.py for tasks to queue
[2025-02-19T09:56:49.860+0000] {logging_mixin.py:190} INFO - [2025-02-19T09:56:49.859+0000] {dagbag.py:587} INFO - Filling up the DagBag from /home/airflow/.local/lib/python3.12/site-packages/airflow/example_dags/example_bash_operator.py
[2025-02-19T09:56:49.871+0000] {processor.py:925} INFO - DAG(s) 'example_bash_operator' retrieved from /home/airflow/.local/lib/python3.12/site-packages/airflow/example_dags/example_bash_operator.py
[2025-02-19T09:56:49.891+0000] {logging_mixin.py:190} INFO - [2025-02-19T09:56:49.891+0000] {dag.py:3229} INFO - Sync 1 DAGs
[2025-02-19T09:56:49.908+0000] {logging_mixin.py:190} INFO - [2025-02-19T09:56:49.908+0000] {dag.py:4156} INFO - Setting next_dagrun for example_bash_operator to 2025-02-18 00:00:00+00:00, run_after=2025-02-19 00:00:00+00:00
[2025-02-19T09:56:49.923+0000] {processor.py:208} INFO - Processing /home/airflow/.local/lib/python3.12/site-packages/airflow/example_dags/example_bash_operator.py took 0.070 seconds
[2025-02-19T09:57:21.204+0000] {processor.py:186} INFO - Started process (PID=2477) to work on /home/airflow/.local/lib/python3.12/site-packages/airflow/example_dags/example_bash_operator.py
[2025-02-19T09:57:21.205+0000] {processor.py:914} INFO - Processing file /home/airflow/.local/lib/python3.12/site-packages/airflow/example_dags/example_bash_operator.py for tasks to queue
[2025-02-19T09:57:21.207+0000] {logging_mixin.py:190} INFO - [2025-02-19T09:57:21.207+0000] {dagbag.py:587} INFO - Filling up the DagBag from /home/airflow/.local/lib/python3.12/site-packages/airflow/example_dags/example_bash_operator.py
[2025-02-19T09:57:21.218+0000] {processor.py:925} INFO - DAG(s) 'example_bash_operator' retrieved from /home/airflow/.local/lib/python3.12/site-packages/airflow/example_dags/example_bash_operator.py
[2025-02-19T09:57:21.241+0000] {logging_mixin.py:190} INFO - [2025-02-19T09:57:21.241+0000] {dag.py:3229} INFO - Sync 1 DAGs
[2025-02-19T09:57:21.265+0000] {logging_mixin.py:190} INFO - [2025-02-19T09:57:21.265+0000] {dag.py:4156} INFO - Setting next_dagrun for example_bash_operator to 2025-02-18 00:00:00+00:00, run_after=2025-02-19 00:00:00+00:00
[2025-02-19T09:57:21.286+0000] {processor.py:208} INFO - Processing /home/airflow/.local/lib/python3.12/site-packages/airflow/example_dags/example_bash_operator.py took 0.086 seconds
[2025-02-19T09:57:51.602+0000] {processor.py:186} INFO - Started process (PID=2541) to work on /home/airflow/.local/lib/python3.12/site-packages/airflow/example_dags/example_bash_operator.py
[2025-02-19T09:57:51.604+0000] {processor.py:914} INFO - Processing file /home/airflow/.local/lib/python3.12/site-packages/airflow/example_dags/example_bash_operator.py for tasks to queue
[2025-02-19T09:57:51.605+0000] {logging_mixin.py:190} INFO - [2025-02-19T09:57:51.605+0000] {dagbag.py:587} INFO - Filling up the DagBag from /home/airflow/.local/lib/python3.12/site-packages/airflow/example_dags/example_bash_operator.py
[2025-02-19T09:57:51.615+0000] {processor.py:925} INFO - DAG(s) 'example_bash_operator' retrieved from /home/airflow/.local/lib/python3.12/site-packages/airflow/example_dags/example_bash_operator.py
[2025-02-19T09:57:51.636+0000] {logging_mixin.py:190} INFO - [2025-02-19T09:57:51.636+0000] {dag.py:3229} INFO - Sync 1 DAGs
[2025-02-19T09:57:51.656+0000] {logging_mixin.py:190} INFO - [2025-02-19T09:57:51.656+0000] {dag.py:4156} INFO - Setting next_dagrun for example_bash_operator to 2025-02-18 00:00:00+00:00, run_after=2025-02-19 00:00:00+00:00
[2025-02-19T09:57:51.672+0000] {processor.py:208} INFO - Processing /home/airflow/.local/lib/python3.12/site-packages/airflow/example_dags/example_bash_operator.py took 0.074 seconds
[2025-02-19T09:58:22.359+0000] {processor.py:186} INFO - Started process (PID=2606) to work on /home/airflow/.local/lib/python3.12/site-packages/airflow/example_dags/example_bash_operator.py
[2025-02-19T09:58:22.360+0000] {processor.py:914} INFO - Processing file /home/airflow/.local/lib/python3.12/site-packages/airflow/example_dags/example_bash_operator.py for tasks to queue
[2025-02-19T09:58:22.361+0000] {logging_mixin.py:190} INFO - [2025-02-19T09:58:22.361+0000] {dagbag.py:587} INFO - Filling up the DagBag from /home/airflow/.local/lib/python3.12/site-packages/airflow/example_dags/example_bash_operator.py
[2025-02-19T09:58:22.372+0000] {processor.py:925} INFO - DAG(s) 'example_bash_operator' retrieved from /home/airflow/.local/lib/python3.12/site-packages/airflow/example_dags/example_bash_operator.py
[2025-02-19T09:58:22.394+0000] {logging_mixin.py:190} INFO - [2025-02-19T09:58:22.394+0000] {dag.py:3229} INFO - Sync 1 DAGs
[2025-02-19T09:58:22.412+0000] {logging_mixin.py:190} INFO - [2025-02-19T09:58:22.412+0000] {dag.py:4156} INFO - Setting next_dagrun for example_bash_operator to 2025-02-18 00:00:00+00:00, run_after=2025-02-19 00:00:00+00:00
[2025-02-19T09:58:22.428+0000] {processor.py:208} INFO - Processing /home/airflow/.local/lib/python3.12/site-packages/airflow/example_dags/example_bash_operator.py took 0.074 seconds
[2025-02-19T09:58:53.456+0000] {processor.py:186} INFO - Started process (PID=2675) to work on /home/airflow/.local/lib/python3.12/site-packages/airflow/example_dags/example_bash_operator.py
[2025-02-19T09:58:53.457+0000] {processor.py:914} INFO - Processing file /home/airflow/.local/lib/python3.12/site-packages/airflow/example_dags/example_bash_operator.py for tasks to queue
[2025-02-19T09:58:53.459+0000] {logging_mixin.py:190} INFO - [2025-02-19T09:58:53.459+0000] {dagbag.py:587} INFO - Filling up the DagBag from /home/airflow/.local/lib/python3.12/site-packages/airflow/example_dags/example_bash_operator.py
[2025-02-19T09:58:53.470+0000] {processor.py:925} INFO - DAG(s) 'example_bash_operator' retrieved from /home/airflow/.local/lib/python3.12/site-packages/airflow/example_dags/example_bash_operator.py
[2025-02-19T09:58:53.493+0000] {logging_mixin.py:190} INFO - [2025-02-19T09:58:53.493+0000] {dag.py:3229} INFO - Sync 1 DAGs
[2025-02-19T09:58:53.514+0000] {logging_mixin.py:190} INFO - [2025-02-19T09:58:53.514+0000] {dag.py:4156} INFO - Setting next_dagrun for example_bash_operator to 2025-02-18 00:00:00+00:00, run_after=2025-02-19 00:00:00+00:00
[2025-02-19T09:58:53.531+0000] {processor.py:208} INFO - Processing /home/airflow/.local/lib/python3.12/site-packages/airflow/example_dags/example_bash_operator.py took 0.079 seconds
[2025-02-19T09:59:24.646+0000] {processor.py:186} INFO - Started process (PID=2739) to work on /home/airflow/.local/lib/python3.12/site-packages/airflow/example_dags/example_bash_operator.py
[2025-02-19T09:59:24.647+0000] {processor.py:914} INFO - Processing file /home/airflow/.local/lib/python3.12/site-packages/airflow/example_dags/example_bash_operator.py for tasks to queue
[2025-02-19T09:59:24.649+0000] {logging_mixin.py:190} INFO - [2025-02-19T09:59:24.649+0000] {dagbag.py:587} INFO - Filling up the DagBag from /home/airflow/.local/lib/python3.12/site-packages/airflow/example_dags/example_bash_operator.py
[2025-02-19T09:59:24.659+0000] {processor.py:925} INFO - DAG(s) 'example_bash_operator' retrieved from /home/airflow/.local/lib/python3.12/site-packages/airflow/example_dags/example_bash_operator.py
[2025-02-19T09:59:24.682+0000] {logging_mixin.py:190} INFO - [2025-02-19T09:59:24.681+0000] {dag.py:3229} INFO - Sync 1 DAGs
[2025-02-19T09:59:24.702+0000] {logging_mixin.py:190} INFO - [2025-02-19T09:59:24.702+0000] {dag.py:4156} INFO - Setting next_dagrun for example_bash_operator to 2025-02-18 00:00:00+00:00, run_after=2025-02-19 00:00:00+00:00
[2025-02-19T09:59:24.716+0000] {processor.py:208} INFO - Processing /home/airflow/.local/lib/python3.12/site-packages/airflow/example_dags/example_bash_operator.py took 0.074 seconds
[2025-02-19T10:23:13.671+0000] {logging_mixin.py:190} INFO - [2025-02-19T10:23:13.671+0000] {settings.py:475} DEBUG - Setting up DB connection pool (PID 88)
[2025-02-19T10:23:13.673+0000] {logging_mixin.py:190} INFO - [2025-02-19T10:23:13.673+0000] {settings.py:579} DEBUG - settings.prepare_engine_args(): Using pool settings. pool_size=5, max_overflow=10, pool_recycle=1800, pid=88
[2025-02-19T10:23:13.678+0000] {processor.py:186} INFO - Started process (PID=88) to work on /home/airflow/.local/lib/python3.12/site-packages/airflow/example_dags/example_bash_operator.py
[2025-02-19T10:23:13.678+0000] {processor.py:914} INFO - Processing file /home/airflow/.local/lib/python3.12/site-packages/airflow/example_dags/example_bash_operator.py for tasks to queue
[2025-02-19T10:23:13.679+0000] {logging_mixin.py:190} INFO - [2025-02-19T10:23:13.679+0000] {dagbag.py:587} INFO - Filling up the DagBag from /home/airflow/.local/lib/python3.12/site-packages/airflow/example_dags/example_bash_operator.py
[2025-02-19T10:23:13.680+0000] {logging_mixin.py:190} INFO - [2025-02-19T10:23:13.680+0000] {dagbag.py:368} DEBUG - Importing /home/airflow/.local/lib/python3.12/site-packages/airflow/example_dags/example_bash_operator.py
[2025-02-19T10:23:13.683+0000] {logging_mixin.py:190} INFO - [2025-02-19T10:23:13.683+0000] {GetText.py:50} DEBUG - Failed to find locale C
[2025-02-19T10:23:13.683+0000] {logging_mixin.py:190} INFO - [2025-02-19T10:23:13.683+0000] {GetText.py:51} DEBUG - Attempting to load en_US as fallback
[2025-02-19T10:23:13.684+0000] {logging_mixin.py:190} INFO - [2025-02-19T10:23:13.683+0000] {GetText.py:65} DEBUG - /home/airflow/.local/lib/python3.12/site-packages/cron_descriptor/locale/en_US.mo Loaded
[2025-02-19T10:23:13.694+0000] {logging_mixin.py:190} INFO - [2025-02-19T10:23:13.693+0000] {dagbag.py:553} DEBUG - Loaded DAG <DAG: example_bash_operator>
[2025-02-19T10:23:13.695+0000] {logging_mixin.py:190} INFO - [2025-02-19T10:23:13.695+0000] {dagbag.py:553} DEBUG - Loaded DAG <DAG: example_bash_operator>
[2025-02-19T10:23:13.695+0000] {processor.py:925} INFO - DAG(s) 'example_bash_operator' retrieved from /home/airflow/.local/lib/python3.12/site-packages/airflow/example_dags/example_bash_operator.py
[2025-02-19T10:23:13.696+0000] {logging_mixin.py:190} INFO - [2025-02-19T10:23:13.696+0000] {dagbag.py:710} DEBUG - Running dagbag.sync_to_db with retries. Try 1 of 3
[2025-02-19T10:23:13.697+0000] {logging_mixin.py:190} INFO - [2025-02-19T10:23:13.696+0000] {dagbag.py:715} DEBUG - Calling the DAG.bulk_sync_to_db method
[2025-02-19T10:23:13.708+0000] {logging_mixin.py:190} INFO - [2025-02-19T10:23:13.708+0000] {serialized_dag.py:168} DEBUG - Checking if DAG (example_bash_operator) changed
[2025-02-19T10:23:13.714+0000] {logging_mixin.py:190} INFO - [2025-02-19T10:23:13.712+0000] {serialized_objects.py:780} DEBUG - Cast type <class 'airflow.models.param.ParamsDict'> to str in serialization.
[2025-02-19T10:23:13.715+0000] {logging_mixin.py:190} INFO - [2025-02-19T10:23:13.715+0000] {serialized_objects.py:780} DEBUG - Cast type <class 'airflow.models.param.ParamsDict'> to str in serialization.
[2025-02-19T10:23:13.718+0000] {logging_mixin.py:190} INFO - [2025-02-19T10:23:13.718+0000] {serialized_objects.py:780} DEBUG - Cast type <class 'airflow.models.param.ParamsDict'> to str in serialization.
[2025-02-19T10:23:13.719+0000] {logging_mixin.py:190} INFO - [2025-02-19T10:23:13.719+0000] {serialized_objects.py:780} DEBUG - Cast type <class 'airflow.models.param.ParamsDict'> to str in serialization.
[2025-02-19T10:23:13.721+0000] {logging_mixin.py:190} INFO - [2025-02-19T10:23:13.720+0000] {serialized_objects.py:780} DEBUG - Cast type <class 'airflow.models.param.ParamsDict'> to str in serialization.
[2025-02-19T10:23:13.722+0000] {logging_mixin.py:190} INFO - [2025-02-19T10:23:13.722+0000] {serialized_objects.py:780} DEBUG - Cast type <class 'airflow.models.param.ParamsDict'> to str in serialization.
[2025-02-19T10:23:13.723+0000] {logging_mixin.py:190} INFO - [2025-02-19T10:23:13.723+0000] {serialized_objects.py:780} DEBUG - Cast type <class 'airflow.models.param.ParamsDict'> to str in serialization.
[2025-02-19T10:23:13.730+0000] {logging_mixin.py:190} INFO - [2025-02-19T10:23:13.729+0000] {serialized_dag.py:179} DEBUG - Serialized DAG (example_bash_operator) is unchanged. Skipping writing to DB
[2025-02-19T10:23:13.730+0000] {logging_mixin.py:190} INFO - [2025-02-19T10:23:13.730+0000] {dag.py:3229} INFO - Sync 1 DAGs
[2025-02-19T10:23:13.754+0000] {logging_mixin.py:190} INFO - [2025-02-19T10:23:13.754+0000] {dag.py:4156} INFO - Setting next_dagrun for example_bash_operator to 2025-02-18 00:00:00+00:00, run_after=2025-02-19 00:00:00+00:00
[2025-02-19T10:23:13.774+0000] {processor.py:208} INFO - Processing /home/airflow/.local/lib/python3.12/site-packages/airflow/example_dags/example_bash_operator.py took 0.103 seconds
[2025-02-19T10:23:56.277+0000] {logging_mixin.py:190} INFO - [2025-02-19T10:23:56.277+0000] {settings.py:475} DEBUG - Setting up DB connection pool (PID 152)
[2025-02-19T10:23:56.281+0000] {logging_mixin.py:190} INFO - [2025-02-19T10:23:56.281+0000] {settings.py:579} DEBUG - settings.prepare_engine_args(): Using pool settings. pool_size=5, max_overflow=10, pool_recycle=1800, pid=152
[2025-02-19T10:23:56.286+0000] {processor.py:186} INFO - Started process (PID=152) to work on /home/airflow/.local/lib/python3.12/site-packages/airflow/example_dags/example_bash_operator.py
[2025-02-19T10:23:56.287+0000] {processor.py:914} INFO - Processing file /home/airflow/.local/lib/python3.12/site-packages/airflow/example_dags/example_bash_operator.py for tasks to queue
[2025-02-19T10:23:56.288+0000] {logging_mixin.py:190} INFO - [2025-02-19T10:23:56.288+0000] {dagbag.py:587} INFO - Filling up the DagBag from /home/airflow/.local/lib/python3.12/site-packages/airflow/example_dags/example_bash_operator.py
[2025-02-19T10:23:56.289+0000] {logging_mixin.py:190} INFO - [2025-02-19T10:23:56.289+0000] {dagbag.py:368} DEBUG - Importing /home/airflow/.local/lib/python3.12/site-packages/airflow/example_dags/example_bash_operator.py
[2025-02-19T10:23:56.291+0000] {logging_mixin.py:190} INFO - [2025-02-19T10:23:56.291+0000] {GetText.py:50} DEBUG - Failed to find locale C
[2025-02-19T10:23:56.292+0000] {logging_mixin.py:190} INFO - [2025-02-19T10:23:56.291+0000] {GetText.py:51} DEBUG - Attempting to load en_US as fallback
[2025-02-19T10:23:56.292+0000] {logging_mixin.py:190} INFO - [2025-02-19T10:23:56.292+0000] {GetText.py:65} DEBUG - /home/airflow/.local/lib/python3.12/site-packages/cron_descriptor/locale/en_US.mo Loaded
[2025-02-19T10:23:56.303+0000] {logging_mixin.py:190} INFO - [2025-02-19T10:23:56.301+0000] {dagbag.py:553} DEBUG - Loaded DAG <DAG: example_bash_operator>
[2025-02-19T10:23:56.304+0000] {logging_mixin.py:190} INFO - [2025-02-19T10:23:56.304+0000] {dagbag.py:553} DEBUG - Loaded DAG <DAG: example_bash_operator>
[2025-02-19T10:23:56.304+0000] {processor.py:925} INFO - DAG(s) 'example_bash_operator' retrieved from /home/airflow/.local/lib/python3.12/site-packages/airflow/example_dags/example_bash_operator.py
[2025-02-19T10:23:56.305+0000] {logging_mixin.py:190} INFO - [2025-02-19T10:23:56.305+0000] {dagbag.py:710} DEBUG - Running dagbag.sync_to_db with retries. Try 1 of 3
[2025-02-19T10:23:56.305+0000] {logging_mixin.py:190} INFO - [2025-02-19T10:23:56.305+0000] {dagbag.py:715} DEBUG - Calling the DAG.bulk_sync_to_db method
[2025-02-19T10:23:56.319+0000] {logging_mixin.py:190} INFO - [2025-02-19T10:23:56.318+0000] {serialized_dag.py:168} DEBUG - Checking if DAG (example_bash_operator) changed
[2025-02-19T10:23:56.325+0000] {logging_mixin.py:190} INFO - [2025-02-19T10:23:56.324+0000] {serialized_objects.py:780} DEBUG - Cast type <class 'airflow.models.param.ParamsDict'> to str in serialization.
[2025-02-19T10:23:56.328+0000] {logging_mixin.py:190} INFO - [2025-02-19T10:23:56.327+0000] {serialized_objects.py:780} DEBUG - Cast type <class 'airflow.models.param.ParamsDict'> to str in serialization.
[2025-02-19T10:23:56.330+0000] {logging_mixin.py:190} INFO - [2025-02-19T10:23:56.330+0000] {serialized_objects.py:780} DEBUG - Cast type <class 'airflow.models.param.ParamsDict'> to str in serialization.
[2025-02-19T10:23:56.332+0000] {logging_mixin.py:190} INFO - [2025-02-19T10:23:56.331+0000] {serialized_objects.py:780} DEBUG - Cast type <class 'airflow.models.param.ParamsDict'> to str in serialization.
[2025-02-19T10:23:56.334+0000] {logging_mixin.py:190} INFO - [2025-02-19T10:23:56.333+0000] {serialized_objects.py:780} DEBUG - Cast type <class 'airflow.models.param.ParamsDict'> to str in serialization.
[2025-02-19T10:23:56.336+0000] {logging_mixin.py:190} INFO - [2025-02-19T10:23:56.336+0000] {serialized_objects.py:780} DEBUG - Cast type <class 'airflow.models.param.ParamsDict'> to str in serialization.
[2025-02-19T10:23:56.338+0000] {logging_mixin.py:190} INFO - [2025-02-19T10:23:56.338+0000] {serialized_objects.py:780} DEBUG - Cast type <class 'airflow.models.param.ParamsDict'> to str in serialization.
[2025-02-19T10:23:56.345+0000] {logging_mixin.py:190} INFO - [2025-02-19T10:23:56.344+0000] {serialized_dag.py:179} DEBUG - Serialized DAG (example_bash_operator) is unchanged. Skipping writing to DB
[2025-02-19T10:23:56.345+0000] {logging_mixin.py:190} INFO - [2025-02-19T10:23:56.345+0000] {dag.py:3229} INFO - Sync 1 DAGs
[2025-02-19T10:23:56.375+0000] {logging_mixin.py:190} INFO - [2025-02-19T10:23:56.374+0000] {dag.py:4156} INFO - Setting next_dagrun for example_bash_operator to 2025-02-18 00:00:00+00:00, run_after=2025-02-19 00:00:00+00:00
[2025-02-19T10:23:56.398+0000] {processor.py:208} INFO - Processing /home/airflow/.local/lib/python3.12/site-packages/airflow/example_dags/example_bash_operator.py took 0.121 seconds
[2025-02-19T10:24:26.585+0000] {logging_mixin.py:190} INFO - [2025-02-19T10:24:26.584+0000] {settings.py:475} DEBUG - Setting up DB connection pool (PID 216)
[2025-02-19T10:24:26.586+0000] {logging_mixin.py:190} INFO - [2025-02-19T10:24:26.586+0000] {settings.py:579} DEBUG - settings.prepare_engine_args(): Using pool settings. pool_size=5, max_overflow=10, pool_recycle=1800, pid=216
[2025-02-19T10:24:26.590+0000] {processor.py:186} INFO - Started process (PID=216) to work on /home/airflow/.local/lib/python3.12/site-packages/airflow/example_dags/example_bash_operator.py
[2025-02-19T10:24:26.590+0000] {processor.py:914} INFO - Processing file /home/airflow/.local/lib/python3.12/site-packages/airflow/example_dags/example_bash_operator.py for tasks to queue
[2025-02-19T10:24:26.591+0000] {logging_mixin.py:190} INFO - [2025-02-19T10:24:26.591+0000] {dagbag.py:587} INFO - Filling up the DagBag from /home/airflow/.local/lib/python3.12/site-packages/airflow/example_dags/example_bash_operator.py
[2025-02-19T10:24:26.592+0000] {logging_mixin.py:190} INFO - [2025-02-19T10:24:26.592+0000] {dagbag.py:368} DEBUG - Importing /home/airflow/.local/lib/python3.12/site-packages/airflow/example_dags/example_bash_operator.py
[2025-02-19T10:24:26.594+0000] {logging_mixin.py:190} INFO - [2025-02-19T10:24:26.594+0000] {GetText.py:50} DEBUG - Failed to find locale C
[2025-02-19T10:24:26.594+0000] {logging_mixin.py:190} INFO - [2025-02-19T10:24:26.594+0000] {GetText.py:51} DEBUG - Attempting to load en_US as fallback
[2025-02-19T10:24:26.595+0000] {logging_mixin.py:190} INFO - [2025-02-19T10:24:26.595+0000] {GetText.py:65} DEBUG - /home/airflow/.local/lib/python3.12/site-packages/cron_descriptor/locale/en_US.mo Loaded
[2025-02-19T10:24:26.605+0000] {logging_mixin.py:190} INFO - [2025-02-19T10:24:26.603+0000] {dagbag.py:553} DEBUG - Loaded DAG <DAG: example_bash_operator>
[2025-02-19T10:24:26.606+0000] {logging_mixin.py:190} INFO - [2025-02-19T10:24:26.605+0000] {dagbag.py:553} DEBUG - Loaded DAG <DAG: example_bash_operator>
[2025-02-19T10:24:26.606+0000] {processor.py:925} INFO - DAG(s) 'example_bash_operator' retrieved from /home/airflow/.local/lib/python3.12/site-packages/airflow/example_dags/example_bash_operator.py
[2025-02-19T10:24:26.606+0000] {logging_mixin.py:190} INFO - [2025-02-19T10:24:26.606+0000] {dagbag.py:710} DEBUG - Running dagbag.sync_to_db with retries. Try 1 of 3
[2025-02-19T10:24:26.607+0000] {logging_mixin.py:190} INFO - [2025-02-19T10:24:26.607+0000] {dagbag.py:715} DEBUG - Calling the DAG.bulk_sync_to_db method
[2025-02-19T10:24:26.617+0000] {logging_mixin.py:190} INFO - [2025-02-19T10:24:26.617+0000] {serialized_dag.py:168} DEBUG - Checking if DAG (example_bash_operator) changed
[2025-02-19T10:24:26.621+0000] {logging_mixin.py:190} INFO - [2025-02-19T10:24:26.620+0000] {serialized_objects.py:780} DEBUG - Cast type <class 'airflow.models.param.ParamsDict'> to str in serialization.
[2025-02-19T10:24:26.622+0000] {logging_mixin.py:190} INFO - [2025-02-19T10:24:26.622+0000] {serialized_objects.py:780} DEBUG - Cast type <class 'airflow.models.param.ParamsDict'> to str in serialization.
[2025-02-19T10:24:26.624+0000] {logging_mixin.py:190} INFO - [2025-02-19T10:24:26.623+0000] {serialized_objects.py:780} DEBUG - Cast type <class 'airflow.models.param.ParamsDict'> to str in serialization.
[2025-02-19T10:24:26.625+0000] {logging_mixin.py:190} INFO - [2025-02-19T10:24:26.625+0000] {serialized_objects.py:780} DEBUG - Cast type <class 'airflow.models.param.ParamsDict'> to str in serialization.
[2025-02-19T10:24:26.626+0000] {logging_mixin.py:190} INFO - [2025-02-19T10:24:26.626+0000] {serialized_objects.py:780} DEBUG - Cast type <class 'airflow.models.param.ParamsDict'> to str in serialization.
[2025-02-19T10:24:26.627+0000] {logging_mixin.py:190} INFO - [2025-02-19T10:24:26.627+0000] {serialized_objects.py:780} DEBUG - Cast type <class 'airflow.models.param.ParamsDict'> to str in serialization.
[2025-02-19T10:24:26.629+0000] {logging_mixin.py:190} INFO - [2025-02-19T10:24:26.629+0000] {serialized_objects.py:780} DEBUG - Cast type <class 'airflow.models.param.ParamsDict'> to str in serialization.
[2025-02-19T10:24:26.634+0000] {logging_mixin.py:190} INFO - [2025-02-19T10:24:26.634+0000] {serialized_dag.py:179} DEBUG - Serialized DAG (example_bash_operator) is unchanged. Skipping writing to DB
[2025-02-19T10:24:26.635+0000] {logging_mixin.py:190} INFO - [2025-02-19T10:24:26.634+0000] {dag.py:3229} INFO - Sync 1 DAGs
[2025-02-19T10:24:26.658+0000] {logging_mixin.py:190} INFO - [2025-02-19T10:24:26.658+0000] {dag.py:4156} INFO - Setting next_dagrun for example_bash_operator to 2025-02-18 00:00:00+00:00, run_after=2025-02-19 00:00:00+00:00
[2025-02-19T10:24:26.676+0000] {processor.py:208} INFO - Processing /home/airflow/.local/lib/python3.12/site-packages/airflow/example_dags/example_bash_operator.py took 0.092 seconds
[2025-02-19T10:24:57.318+0000] {logging_mixin.py:190} INFO - [2025-02-19T10:24:57.318+0000] {settings.py:475} DEBUG - Setting up DB connection pool (PID 285)
[2025-02-19T10:24:57.320+0000] {logging_mixin.py:190} INFO - [2025-02-19T10:24:57.319+0000] {settings.py:579} DEBUG - settings.prepare_engine_args(): Using pool settings. pool_size=5, max_overflow=10, pool_recycle=1800, pid=285
[2025-02-19T10:24:57.324+0000] {processor.py:186} INFO - Started process (PID=285) to work on /home/airflow/.local/lib/python3.12/site-packages/airflow/example_dags/example_bash_operator.py
[2025-02-19T10:24:57.325+0000] {processor.py:914} INFO - Processing file /home/airflow/.local/lib/python3.12/site-packages/airflow/example_dags/example_bash_operator.py for tasks to queue
[2025-02-19T10:24:57.326+0000] {logging_mixin.py:190} INFO - [2025-02-19T10:24:57.325+0000] {dagbag.py:587} INFO - Filling up the DagBag from /home/airflow/.local/lib/python3.12/site-packages/airflow/example_dags/example_bash_operator.py
[2025-02-19T10:24:57.327+0000] {logging_mixin.py:190} INFO - [2025-02-19T10:24:57.327+0000] {dagbag.py:368} DEBUG - Importing /home/airflow/.local/lib/python3.12/site-packages/airflow/example_dags/example_bash_operator.py
[2025-02-19T10:24:57.329+0000] {logging_mixin.py:190} INFO - [2025-02-19T10:24:57.328+0000] {GetText.py:50} DEBUG - Failed to find locale C
[2025-02-19T10:24:57.329+0000] {logging_mixin.py:190} INFO - [2025-02-19T10:24:57.329+0000] {GetText.py:51} DEBUG - Attempting to load en_US as fallback
[2025-02-19T10:24:57.329+0000] {logging_mixin.py:190} INFO - [2025-02-19T10:24:57.329+0000] {GetText.py:65} DEBUG - /home/airflow/.local/lib/python3.12/site-packages/cron_descriptor/locale/en_US.mo Loaded
[2025-02-19T10:24:57.339+0000] {logging_mixin.py:190} INFO - [2025-02-19T10:24:57.338+0000] {dagbag.py:553} DEBUG - Loaded DAG <DAG: example_bash_operator>
[2025-02-19T10:24:57.340+0000] {logging_mixin.py:190} INFO - [2025-02-19T10:24:57.340+0000] {dagbag.py:553} DEBUG - Loaded DAG <DAG: example_bash_operator>
[2025-02-19T10:24:57.341+0000] {processor.py:925} INFO - DAG(s) 'example_bash_operator' retrieved from /home/airflow/.local/lib/python3.12/site-packages/airflow/example_dags/example_bash_operator.py
[2025-02-19T10:24:57.341+0000] {logging_mixin.py:190} INFO - [2025-02-19T10:24:57.341+0000] {dagbag.py:710} DEBUG - Running dagbag.sync_to_db with retries. Try 1 of 3
[2025-02-19T10:24:57.341+0000] {logging_mixin.py:190} INFO - [2025-02-19T10:24:57.341+0000] {dagbag.py:715} DEBUG - Calling the DAG.bulk_sync_to_db method
[2025-02-19T10:24:57.353+0000] {logging_mixin.py:190} INFO - [2025-02-19T10:24:57.353+0000] {serialized_dag.py:168} DEBUG - Checking if DAG (example_bash_operator) changed
[2025-02-19T10:24:57.357+0000] {logging_mixin.py:190} INFO - [2025-02-19T10:24:57.356+0000] {serialized_objects.py:780} DEBUG - Cast type <class 'airflow.models.param.ParamsDict'> to str in serialization.
[2025-02-19T10:24:57.359+0000] {logging_mixin.py:190} INFO - [2025-02-19T10:24:57.359+0000] {serialized_objects.py:780} DEBUG - Cast type <class 'airflow.models.param.ParamsDict'> to str in serialization.
[2025-02-19T10:24:57.360+0000] {logging_mixin.py:190} INFO - [2025-02-19T10:24:57.360+0000] {serialized_objects.py:780} DEBUG - Cast type <class 'airflow.models.param.ParamsDict'> to str in serialization.
[2025-02-19T10:24:57.361+0000] {logging_mixin.py:190} INFO - [2025-02-19T10:24:57.361+0000] {serialized_objects.py:780} DEBUG - Cast type <class 'airflow.models.param.ParamsDict'> to str in serialization.
[2025-02-19T10:24:57.362+0000] {logging_mixin.py:190} INFO - [2025-02-19T10:24:57.362+0000] {serialized_objects.py:780} DEBUG - Cast type <class 'airflow.models.param.ParamsDict'> to str in serialization.
[2025-02-19T10:24:57.363+0000] {logging_mixin.py:190} INFO - [2025-02-19T10:24:57.363+0000] {serialized_objects.py:780} DEBUG - Cast type <class 'airflow.models.param.ParamsDict'> to str in serialization.
[2025-02-19T10:24:57.365+0000] {logging_mixin.py:190} INFO - [2025-02-19T10:24:57.365+0000] {serialized_objects.py:780} DEBUG - Cast type <class 'airflow.models.param.ParamsDict'> to str in serialization.
[2025-02-19T10:24:57.370+0000] {logging_mixin.py:190} INFO - [2025-02-19T10:24:57.370+0000] {serialized_dag.py:179} DEBUG - Serialized DAG (example_bash_operator) is unchanged. Skipping writing to DB
[2025-02-19T10:24:57.370+0000] {logging_mixin.py:190} INFO - [2025-02-19T10:24:57.370+0000] {dag.py:3229} INFO - Sync 1 DAGs
[2025-02-19T10:24:57.395+0000] {logging_mixin.py:190} INFO - [2025-02-19T10:24:57.394+0000] {dag.py:4156} INFO - Setting next_dagrun for example_bash_operator to 2025-02-18 00:00:00+00:00, run_after=2025-02-19 00:00:00+00:00
[2025-02-19T10:24:57.416+0000] {processor.py:208} INFO - Processing /home/airflow/.local/lib/python3.12/site-packages/airflow/example_dags/example_bash_operator.py took 0.098 seconds
[2025-02-19T10:25:27.682+0000] {logging_mixin.py:190} INFO - [2025-02-19T10:25:27.682+0000] {settings.py:475} DEBUG - Setting up DB connection pool (PID 349)
[2025-02-19T10:25:27.684+0000] {logging_mixin.py:190} INFO - [2025-02-19T10:25:27.683+0000] {settings.py:579} DEBUG - settings.prepare_engine_args(): Using pool settings. pool_size=5, max_overflow=10, pool_recycle=1800, pid=349
[2025-02-19T10:25:27.688+0000] {processor.py:186} INFO - Started process (PID=349) to work on /home/airflow/.local/lib/python3.12/site-packages/airflow/example_dags/example_bash_operator.py
[2025-02-19T10:25:27.689+0000] {processor.py:914} INFO - Processing file /home/airflow/.local/lib/python3.12/site-packages/airflow/example_dags/example_bash_operator.py for tasks to queue
[2025-02-19T10:25:27.689+0000] {logging_mixin.py:190} INFO - [2025-02-19T10:25:27.689+0000] {dagbag.py:587} INFO - Filling up the DagBag from /home/airflow/.local/lib/python3.12/site-packages/airflow/example_dags/example_bash_operator.py
[2025-02-19T10:25:27.690+0000] {logging_mixin.py:190} INFO - [2025-02-19T10:25:27.690+0000] {dagbag.py:368} DEBUG - Importing /home/airflow/.local/lib/python3.12/site-packages/airflow/example_dags/example_bash_operator.py
[2025-02-19T10:25:27.692+0000] {logging_mixin.py:190} INFO - [2025-02-19T10:25:27.692+0000] {GetText.py:50} DEBUG - Failed to find locale C
[2025-02-19T10:25:27.692+0000] {logging_mixin.py:190} INFO - [2025-02-19T10:25:27.692+0000] {GetText.py:51} DEBUG - Attempting to load en_US as fallback
[2025-02-19T10:25:27.693+0000] {logging_mixin.py:190} INFO - [2025-02-19T10:25:27.693+0000] {GetText.py:65} DEBUG - /home/airflow/.local/lib/python3.12/site-packages/cron_descriptor/locale/en_US.mo Loaded
[2025-02-19T10:25:27.702+0000] {logging_mixin.py:190} INFO - [2025-02-19T10:25:27.701+0000] {dagbag.py:553} DEBUG - Loaded DAG <DAG: example_bash_operator>
[2025-02-19T10:25:27.703+0000] {logging_mixin.py:190} INFO - [2025-02-19T10:25:27.703+0000] {dagbag.py:553} DEBUG - Loaded DAG <DAG: example_bash_operator>
[2025-02-19T10:25:27.703+0000] {processor.py:925} INFO - DAG(s) 'example_bash_operator' retrieved from /home/airflow/.local/lib/python3.12/site-packages/airflow/example_dags/example_bash_operator.py
[2025-02-19T10:25:27.703+0000] {logging_mixin.py:190} INFO - [2025-02-19T10:25:27.703+0000] {dagbag.py:710} DEBUG - Running dagbag.sync_to_db with retries. Try 1 of 3
[2025-02-19T10:25:27.704+0000] {logging_mixin.py:190} INFO - [2025-02-19T10:25:27.703+0000] {dagbag.py:715} DEBUG - Calling the DAG.bulk_sync_to_db method
[2025-02-19T10:25:27.714+0000] {logging_mixin.py:190} INFO - [2025-02-19T10:25:27.714+0000] {serialized_dag.py:168} DEBUG - Checking if DAG (example_bash_operator) changed
[2025-02-19T10:25:27.718+0000] {logging_mixin.py:190} INFO - [2025-02-19T10:25:27.718+0000] {serialized_objects.py:780} DEBUG - Cast type <class 'airflow.models.param.ParamsDict'> to str in serialization.
[2025-02-19T10:25:27.720+0000] {logging_mixin.py:190} INFO - [2025-02-19T10:25:27.720+0000] {serialized_objects.py:780} DEBUG - Cast type <class 'airflow.models.param.ParamsDict'> to str in serialization.
[2025-02-19T10:25:27.721+0000] {logging_mixin.py:190} INFO - [2025-02-19T10:25:27.721+0000] {serialized_objects.py:780} DEBUG - Cast type <class 'airflow.models.param.ParamsDict'> to str in serialization.
[2025-02-19T10:25:27.722+0000] {logging_mixin.py:190} INFO - [2025-02-19T10:25:27.722+0000] {serialized_objects.py:780} DEBUG - Cast type <class 'airflow.models.param.ParamsDict'> to str in serialization.
[2025-02-19T10:25:27.723+0000] {logging_mixin.py:190} INFO - [2025-02-19T10:25:27.723+0000] {serialized_objects.py:780} DEBUG - Cast type <class 'airflow.models.param.ParamsDict'> to str in serialization.
[2025-02-19T10:25:27.724+0000] {logging_mixin.py:190} INFO - [2025-02-19T10:25:27.724+0000] {serialized_objects.py:780} DEBUG - Cast type <class 'airflow.models.param.ParamsDict'> to str in serialization.
[2025-02-19T10:25:27.725+0000] {logging_mixin.py:190} INFO - [2025-02-19T10:25:27.725+0000] {serialized_objects.py:780} DEBUG - Cast type <class 'airflow.models.param.ParamsDict'> to str in serialization.
[2025-02-19T10:25:27.730+0000] {logging_mixin.py:190} INFO - [2025-02-19T10:25:27.730+0000] {serialized_dag.py:179} DEBUG - Serialized DAG (example_bash_operator) is unchanged. Skipping writing to DB
[2025-02-19T10:25:27.730+0000] {logging_mixin.py:190} INFO - [2025-02-19T10:25:27.730+0000] {dag.py:3229} INFO - Sync 1 DAGs
[2025-02-19T10:25:27.752+0000] {logging_mixin.py:190} INFO - [2025-02-19T10:25:27.752+0000] {dag.py:4156} INFO - Setting next_dagrun for example_bash_operator to 2025-02-18 00:00:00+00:00, run_after=2025-02-19 00:00:00+00:00
[2025-02-19T10:25:27.769+0000] {processor.py:208} INFO - Processing /home/airflow/.local/lib/python3.12/site-packages/airflow/example_dags/example_bash_operator.py took 0.087 seconds
[2025-02-19T10:25:58.473+0000] {logging_mixin.py:190} INFO - [2025-02-19T10:25:58.473+0000] {settings.py:475} DEBUG - Setting up DB connection pool (PID 413)
[2025-02-19T10:25:58.475+0000] {logging_mixin.py:190} INFO - [2025-02-19T10:25:58.475+0000] {settings.py:579} DEBUG - settings.prepare_engine_args(): Using pool settings. pool_size=5, max_overflow=10, pool_recycle=1800, pid=413
[2025-02-19T10:25:58.479+0000] {processor.py:186} INFO - Started process (PID=413) to work on /home/airflow/.local/lib/python3.12/site-packages/airflow/example_dags/example_bash_operator.py
[2025-02-19T10:25:58.479+0000] {processor.py:914} INFO - Processing file /home/airflow/.local/lib/python3.12/site-packages/airflow/example_dags/example_bash_operator.py for tasks to queue
[2025-02-19T10:25:58.480+0000] {logging_mixin.py:190} INFO - [2025-02-19T10:25:58.480+0000] {dagbag.py:587} INFO - Filling up the DagBag from /home/airflow/.local/lib/python3.12/site-packages/airflow/example_dags/example_bash_operator.py
[2025-02-19T10:25:58.481+0000] {logging_mixin.py:190} INFO - [2025-02-19T10:25:58.481+0000] {dagbag.py:368} DEBUG - Importing /home/airflow/.local/lib/python3.12/site-packages/airflow/example_dags/example_bash_operator.py
[2025-02-19T10:25:58.483+0000] {logging_mixin.py:190} INFO - [2025-02-19T10:25:58.483+0000] {GetText.py:50} DEBUG - Failed to find locale C
[2025-02-19T10:25:58.483+0000] {logging_mixin.py:190} INFO - [2025-02-19T10:25:58.483+0000] {GetText.py:51} DEBUG - Attempting to load en_US as fallback
[2025-02-19T10:25:58.483+0000] {logging_mixin.py:190} INFO - [2025-02-19T10:25:58.483+0000] {GetText.py:65} DEBUG - /home/airflow/.local/lib/python3.12/site-packages/cron_descriptor/locale/en_US.mo Loaded
[2025-02-19T10:25:58.492+0000] {logging_mixin.py:190} INFO - [2025-02-19T10:25:58.491+0000] {dagbag.py:553} DEBUG - Loaded DAG <DAG: example_bash_operator>
[2025-02-19T10:25:58.493+0000] {logging_mixin.py:190} INFO - [2025-02-19T10:25:58.493+0000] {dagbag.py:553} DEBUG - Loaded DAG <DAG: example_bash_operator>
[2025-02-19T10:25:58.493+0000] {processor.py:925} INFO - DAG(s) 'example_bash_operator' retrieved from /home/airflow/.local/lib/python3.12/site-packages/airflow/example_dags/example_bash_operator.py
[2025-02-19T10:25:58.494+0000] {logging_mixin.py:190} INFO - [2025-02-19T10:25:58.494+0000] {dagbag.py:710} DEBUG - Running dagbag.sync_to_db with retries. Try 1 of 3
[2025-02-19T10:25:58.494+0000] {logging_mixin.py:190} INFO - [2025-02-19T10:25:58.494+0000] {dagbag.py:715} DEBUG - Calling the DAG.bulk_sync_to_db method
[2025-02-19T10:25:58.504+0000] {logging_mixin.py:190} INFO - [2025-02-19T10:25:58.504+0000] {serialized_dag.py:168} DEBUG - Checking if DAG (example_bash_operator) changed
[2025-02-19T10:25:58.508+0000] {logging_mixin.py:190} INFO - [2025-02-19T10:25:58.507+0000] {serialized_objects.py:780} DEBUG - Cast type <class 'airflow.models.param.ParamsDict'> to str in serialization.
[2025-02-19T10:25:58.509+0000] {logging_mixin.py:190} INFO - [2025-02-19T10:25:58.509+0000] {serialized_objects.py:780} DEBUG - Cast type <class 'airflow.models.param.ParamsDict'> to str in serialization.
[2025-02-19T10:25:58.510+0000] {logging_mixin.py:190} INFO - [2025-02-19T10:25:58.510+0000] {serialized_objects.py:780} DEBUG - Cast type <class 'airflow.models.param.ParamsDict'> to str in serialization.
[2025-02-19T10:25:58.511+0000] {logging_mixin.py:190} INFO - [2025-02-19T10:25:58.511+0000] {serialized_objects.py:780} DEBUG - Cast type <class 'airflow.models.param.ParamsDict'> to str in serialization.
[2025-02-19T10:25:58.513+0000] {logging_mixin.py:190} INFO - [2025-02-19T10:25:58.513+0000] {serialized_objects.py:780} DEBUG - Cast type <class 'airflow.models.param.ParamsDict'> to str in serialization.
[2025-02-19T10:25:58.514+0000] {logging_mixin.py:190} INFO - [2025-02-19T10:25:58.514+0000] {serialized_objects.py:780} DEBUG - Cast type <class 'airflow.models.param.ParamsDict'> to str in serialization.
[2025-02-19T10:25:58.516+0000] {logging_mixin.py:190} INFO - [2025-02-19T10:25:58.515+0000] {serialized_objects.py:780} DEBUG - Cast type <class 'airflow.models.param.ParamsDict'> to str in serialization.
[2025-02-19T10:25:58.521+0000] {logging_mixin.py:190} INFO - [2025-02-19T10:25:58.521+0000] {serialized_dag.py:179} DEBUG - Serialized DAG (example_bash_operator) is unchanged. Skipping writing to DB
[2025-02-19T10:25:58.522+0000] {logging_mixin.py:190} INFO - [2025-02-19T10:25:58.522+0000] {dag.py:3229} INFO - Sync 1 DAGs
[2025-02-19T10:25:58.544+0000] {logging_mixin.py:190} INFO - [2025-02-19T10:25:58.544+0000] {dag.py:4156} INFO - Setting next_dagrun for example_bash_operator to 2025-02-18 00:00:00+00:00, run_after=2025-02-19 00:00:00+00:00
[2025-02-19T10:25:58.564+0000] {processor.py:208} INFO - Processing /home/airflow/.local/lib/python3.12/site-packages/airflow/example_dags/example_bash_operator.py took 0.091 seconds
[2025-02-19T10:26:29.161+0000] {logging_mixin.py:190} INFO - [2025-02-19T10:26:29.160+0000] {settings.py:475} DEBUG - Setting up DB connection pool (PID 477)
[2025-02-19T10:26:29.162+0000] {logging_mixin.py:190} INFO - [2025-02-19T10:26:29.162+0000] {settings.py:579} DEBUG - settings.prepare_engine_args(): Using pool settings. pool_size=5, max_overflow=10, pool_recycle=1800, pid=477
[2025-02-19T10:26:29.166+0000] {processor.py:186} INFO - Started process (PID=477) to work on /home/airflow/.local/lib/python3.12/site-packages/airflow/example_dags/example_bash_operator.py
[2025-02-19T10:26:29.166+0000] {processor.py:914} INFO - Processing file /home/airflow/.local/lib/python3.12/site-packages/airflow/example_dags/example_bash_operator.py for tasks to queue
[2025-02-19T10:26:29.167+0000] {logging_mixin.py:190} INFO - [2025-02-19T10:26:29.167+0000] {dagbag.py:587} INFO - Filling up the DagBag from /home/airflow/.local/lib/python3.12/site-packages/airflow/example_dags/example_bash_operator.py
[2025-02-19T10:26:29.168+0000] {logging_mixin.py:190} INFO - [2025-02-19T10:26:29.168+0000] {dagbag.py:368} DEBUG - Importing /home/airflow/.local/lib/python3.12/site-packages/airflow/example_dags/example_bash_operator.py
[2025-02-19T10:26:29.169+0000] {logging_mixin.py:190} INFO - [2025-02-19T10:26:29.169+0000] {GetText.py:50} DEBUG - Failed to find locale C
[2025-02-19T10:26:29.170+0000] {logging_mixin.py:190} INFO - [2025-02-19T10:26:29.170+0000] {GetText.py:51} DEBUG - Attempting to load en_US as fallback
[2025-02-19T10:26:29.170+0000] {logging_mixin.py:190} INFO - [2025-02-19T10:26:29.170+0000] {GetText.py:65} DEBUG - /home/airflow/.local/lib/python3.12/site-packages/cron_descriptor/locale/en_US.mo Loaded
[2025-02-19T10:26:29.179+0000] {logging_mixin.py:190} INFO - [2025-02-19T10:26:29.178+0000] {dagbag.py:553} DEBUG - Loaded DAG <DAG: example_bash_operator>
[2025-02-19T10:26:29.179+0000] {logging_mixin.py:190} INFO - [2025-02-19T10:26:29.179+0000] {dagbag.py:553} DEBUG - Loaded DAG <DAG: example_bash_operator>
[2025-02-19T10:26:29.180+0000] {processor.py:925} INFO - DAG(s) 'example_bash_operator' retrieved from /home/airflow/.local/lib/python3.12/site-packages/airflow/example_dags/example_bash_operator.py
[2025-02-19T10:26:29.180+0000] {logging_mixin.py:190} INFO - [2025-02-19T10:26:29.180+0000] {dagbag.py:710} DEBUG - Running dagbag.sync_to_db with retries. Try 1 of 3
[2025-02-19T10:26:29.180+0000] {logging_mixin.py:190} INFO - [2025-02-19T10:26:29.180+0000] {dagbag.py:715} DEBUG - Calling the DAG.bulk_sync_to_db method
[2025-02-19T10:26:29.190+0000] {logging_mixin.py:190} INFO - [2025-02-19T10:26:29.190+0000] {serialized_dag.py:168} DEBUG - Checking if DAG (example_bash_operator) changed
[2025-02-19T10:26:29.194+0000] {logging_mixin.py:190} INFO - [2025-02-19T10:26:29.193+0000] {serialized_objects.py:780} DEBUG - Cast type <class 'airflow.models.param.ParamsDict'> to str in serialization.
[2025-02-19T10:26:29.195+0000] {logging_mixin.py:190} INFO - [2025-02-19T10:26:29.195+0000] {serialized_objects.py:780} DEBUG - Cast type <class 'airflow.models.param.ParamsDict'> to str in serialization.
[2025-02-19T10:26:29.196+0000] {logging_mixin.py:190} INFO - [2025-02-19T10:26:29.196+0000] {serialized_objects.py:780} DEBUG - Cast type <class 'airflow.models.param.ParamsDict'> to str in serialization.
[2025-02-19T10:26:29.197+0000] {logging_mixin.py:190} INFO - [2025-02-19T10:26:29.197+0000] {serialized_objects.py:780} DEBUG - Cast type <class 'airflow.models.param.ParamsDict'> to str in serialization.
[2025-02-19T10:26:29.198+0000] {logging_mixin.py:190} INFO - [2025-02-19T10:26:29.198+0000] {serialized_objects.py:780} DEBUG - Cast type <class 'airflow.models.param.ParamsDict'> to str in serialization.
[2025-02-19T10:26:29.200+0000] {logging_mixin.py:190} INFO - [2025-02-19T10:26:29.199+0000] {serialized_objects.py:780} DEBUG - Cast type <class 'airflow.models.param.ParamsDict'> to str in serialization.
[2025-02-19T10:26:29.201+0000] {logging_mixin.py:190} INFO - [2025-02-19T10:26:29.201+0000] {serialized_objects.py:780} DEBUG - Cast type <class 'airflow.models.param.ParamsDict'> to str in serialization.
[2025-02-19T10:26:29.205+0000] {logging_mixin.py:190} INFO - [2025-02-19T10:26:29.205+0000] {serialized_dag.py:179} DEBUG - Serialized DAG (example_bash_operator) is unchanged. Skipping writing to DB
[2025-02-19T10:26:29.205+0000] {logging_mixin.py:190} INFO - [2025-02-19T10:26:29.205+0000] {dag.py:3229} INFO - Sync 1 DAGs
[2025-02-19T10:26:29.227+0000] {logging_mixin.py:190} INFO - [2025-02-19T10:26:29.227+0000] {dag.py:4156} INFO - Setting next_dagrun for example_bash_operator to 2025-02-18 00:00:00+00:00, run_after=2025-02-19 00:00:00+00:00
[2025-02-19T10:26:29.244+0000] {processor.py:208} INFO - Processing /home/airflow/.local/lib/python3.12/site-packages/airflow/example_dags/example_bash_operator.py took 0.084 seconds
