[2025-02-19T09:38:30.947+0000] {processor.py:186} INFO - Started process (PID=105) to work on /home/airflow/.local/lib/python3.12/site-packages/airflow/example_dags/example_kubernetes_executor.py
[2025-02-19T09:38:30.948+0000] {processor.py:914} INFO - Processing file /home/airflow/.local/lib/python3.12/site-packages/airflow/example_dags/example_kubernetes_executor.py for tasks to queue
[2025-02-19T09:38:30.951+0000] {logging_mixin.py:190} INFO - [2025-02-19T09:38:30.950+0000] {dagbag.py:587} INFO - Filling up the DagBag from /home/airflow/.local/lib/python3.12/site-packages/airflow/example_dags/example_kubernetes_executor.py
[2025-02-19T09:38:30.970+0000] {processor.py:925} INFO - DAG(s) 'example_kubernetes_executor' retrieved from /home/airflow/.local/lib/python3.12/site-packages/airflow/example_dags/example_kubernetes_executor.py
[2025-02-19T09:38:31.014+0000] {logging_mixin.py:190} INFO - [2025-02-19T09:38:31.013+0000] {dag.py:3229} INFO - Sync 1 DAGs
[2025-02-19T09:38:31.029+0000] {logging_mixin.py:190} INFO - [2025-02-19T09:38:31.029+0000] {dag.py:4156} INFO - Setting next_dagrun for example_kubernetes_executor to None, run_after=None
[2025-02-19T09:38:31.067+0000] {processor.py:208} INFO - Processing /home/airflow/.local/lib/python3.12/site-packages/airflow/example_dags/example_kubernetes_executor.py took 0.127 seconds
[2025-02-19T09:39:01.666+0000] {processor.py:186} INFO - Started process (PID=174) to work on /home/airflow/.local/lib/python3.12/site-packages/airflow/example_dags/example_kubernetes_executor.py
[2025-02-19T09:39:01.667+0000] {processor.py:914} INFO - Processing file /home/airflow/.local/lib/python3.12/site-packages/airflow/example_dags/example_kubernetes_executor.py for tasks to queue
[2025-02-19T09:39:01.670+0000] {logging_mixin.py:190} INFO - [2025-02-19T09:39:01.670+0000] {dagbag.py:587} INFO - Filling up the DagBag from /home/airflow/.local/lib/python3.12/site-packages/airflow/example_dags/example_kubernetes_executor.py
[2025-02-19T09:39:01.682+0000] {processor.py:925} INFO - DAG(s) 'example_kubernetes_executor' retrieved from /home/airflow/.local/lib/python3.12/site-packages/airflow/example_dags/example_kubernetes_executor.py
[2025-02-19T09:39:01.717+0000] {logging_mixin.py:190} INFO - [2025-02-19T09:39:01.716+0000] {dag.py:3229} INFO - Sync 1 DAGs
[2025-02-19T09:39:01.730+0000] {logging_mixin.py:190} INFO - [2025-02-19T09:39:01.730+0000] {dag.py:4156} INFO - Setting next_dagrun for example_kubernetes_executor to None, run_after=None
[2025-02-19T09:39:01.750+0000] {processor.py:208} INFO - Processing /home/airflow/.local/lib/python3.12/site-packages/airflow/example_dags/example_kubernetes_executor.py took 0.088 seconds
[2025-02-19T09:39:32.046+0000] {processor.py:186} INFO - Started process (PID=238) to work on /home/airflow/.local/lib/python3.12/site-packages/airflow/example_dags/example_kubernetes_executor.py
[2025-02-19T09:39:32.047+0000] {processor.py:914} INFO - Processing file /home/airflow/.local/lib/python3.12/site-packages/airflow/example_dags/example_kubernetes_executor.py for tasks to queue
[2025-02-19T09:39:32.049+0000] {logging_mixin.py:190} INFO - [2025-02-19T09:39:32.049+0000] {dagbag.py:587} INFO - Filling up the DagBag from /home/airflow/.local/lib/python3.12/site-packages/airflow/example_dags/example_kubernetes_executor.py
[2025-02-19T09:39:32.060+0000] {processor.py:925} INFO - DAG(s) 'example_kubernetes_executor' retrieved from /home/airflow/.local/lib/python3.12/site-packages/airflow/example_dags/example_kubernetes_executor.py
[2025-02-19T09:39:32.092+0000] {logging_mixin.py:190} INFO - [2025-02-19T09:39:32.091+0000] {dag.py:3229} INFO - Sync 1 DAGs
[2025-02-19T09:39:32.105+0000] {logging_mixin.py:190} INFO - [2025-02-19T09:39:32.105+0000] {dag.py:4156} INFO - Setting next_dagrun for example_kubernetes_executor to None, run_after=None
[2025-02-19T09:39:32.123+0000] {processor.py:208} INFO - Processing /home/airflow/.local/lib/python3.12/site-packages/airflow/example_dags/example_kubernetes_executor.py took 0.081 seconds
[2025-02-19T09:40:02.313+0000] {processor.py:186} INFO - Started process (PID=301) to work on /home/airflow/.local/lib/python3.12/site-packages/airflow/example_dags/example_kubernetes_executor.py
[2025-02-19T09:40:02.315+0000] {processor.py:914} INFO - Processing file /home/airflow/.local/lib/python3.12/site-packages/airflow/example_dags/example_kubernetes_executor.py for tasks to queue
[2025-02-19T09:40:02.317+0000] {logging_mixin.py:190} INFO - [2025-02-19T09:40:02.317+0000] {dagbag.py:587} INFO - Filling up the DagBag from /home/airflow/.local/lib/python3.12/site-packages/airflow/example_dags/example_kubernetes_executor.py
[2025-02-19T09:40:02.328+0000] {processor.py:925} INFO - DAG(s) 'example_kubernetes_executor' retrieved from /home/airflow/.local/lib/python3.12/site-packages/airflow/example_dags/example_kubernetes_executor.py
[2025-02-19T09:40:02.359+0000] {logging_mixin.py:190} INFO - [2025-02-19T09:40:02.358+0000] {dag.py:3229} INFO - Sync 1 DAGs
[2025-02-19T09:40:02.372+0000] {logging_mixin.py:190} INFO - [2025-02-19T09:40:02.371+0000] {dag.py:4156} INFO - Setting next_dagrun for example_kubernetes_executor to None, run_after=None
[2025-02-19T09:40:02.389+0000] {processor.py:208} INFO - Processing /home/airflow/.local/lib/python3.12/site-packages/airflow/example_dags/example_kubernetes_executor.py took 0.080 seconds
[2025-02-19T09:40:32.416+0000] {processor.py:186} INFO - Started process (PID=365) to work on /home/airflow/.local/lib/python3.12/site-packages/airflow/example_dags/example_kubernetes_executor.py
[2025-02-19T09:40:32.417+0000] {processor.py:914} INFO - Processing file /home/airflow/.local/lib/python3.12/site-packages/airflow/example_dags/example_kubernetes_executor.py for tasks to queue
[2025-02-19T09:40:32.419+0000] {logging_mixin.py:190} INFO - [2025-02-19T09:40:32.419+0000] {dagbag.py:587} INFO - Filling up the DagBag from /home/airflow/.local/lib/python3.12/site-packages/airflow/example_dags/example_kubernetes_executor.py
[2025-02-19T09:40:32.431+0000] {processor.py:925} INFO - DAG(s) 'example_kubernetes_executor' retrieved from /home/airflow/.local/lib/python3.12/site-packages/airflow/example_dags/example_kubernetes_executor.py
[2025-02-19T09:40:32.464+0000] {logging_mixin.py:190} INFO - [2025-02-19T09:40:32.463+0000] {dag.py:3229} INFO - Sync 1 DAGs
[2025-02-19T09:40:32.477+0000] {logging_mixin.py:190} INFO - [2025-02-19T09:40:32.477+0000] {dag.py:4156} INFO - Setting next_dagrun for example_kubernetes_executor to None, run_after=None
[2025-02-19T09:40:32.494+0000] {processor.py:208} INFO - Processing /home/airflow/.local/lib/python3.12/site-packages/airflow/example_dags/example_kubernetes_executor.py took 0.083 seconds
[2025-02-19T09:41:02.678+0000] {processor.py:186} INFO - Started process (PID=429) to work on /home/airflow/.local/lib/python3.12/site-packages/airflow/example_dags/example_kubernetes_executor.py
[2025-02-19T09:41:02.679+0000] {processor.py:914} INFO - Processing file /home/airflow/.local/lib/python3.12/site-packages/airflow/example_dags/example_kubernetes_executor.py for tasks to queue
[2025-02-19T09:41:02.680+0000] {logging_mixin.py:190} INFO - [2025-02-19T09:41:02.680+0000] {dagbag.py:587} INFO - Filling up the DagBag from /home/airflow/.local/lib/python3.12/site-packages/airflow/example_dags/example_kubernetes_executor.py
[2025-02-19T09:41:02.691+0000] {processor.py:925} INFO - DAG(s) 'example_kubernetes_executor' retrieved from /home/airflow/.local/lib/python3.12/site-packages/airflow/example_dags/example_kubernetes_executor.py
[2025-02-19T09:41:02.721+0000] {logging_mixin.py:190} INFO - [2025-02-19T09:41:02.720+0000] {dag.py:3229} INFO - Sync 1 DAGs
[2025-02-19T09:41:02.733+0000] {logging_mixin.py:190} INFO - [2025-02-19T09:41:02.733+0000] {dag.py:4156} INFO - Setting next_dagrun for example_kubernetes_executor to None, run_after=None
[2025-02-19T09:41:02.747+0000] {processor.py:208} INFO - Processing /home/airflow/.local/lib/python3.12/site-packages/airflow/example_dags/example_kubernetes_executor.py took 0.073 seconds
[2025-02-19T09:41:33.038+0000] {processor.py:186} INFO - Started process (PID=493) to work on /home/airflow/.local/lib/python3.12/site-packages/airflow/example_dags/example_kubernetes_executor.py
[2025-02-19T09:41:33.039+0000] {processor.py:914} INFO - Processing file /home/airflow/.local/lib/python3.12/site-packages/airflow/example_dags/example_kubernetes_executor.py for tasks to queue
[2025-02-19T09:41:33.041+0000] {logging_mixin.py:190} INFO - [2025-02-19T09:41:33.040+0000] {dagbag.py:587} INFO - Filling up the DagBag from /home/airflow/.local/lib/python3.12/site-packages/airflow/example_dags/example_kubernetes_executor.py
[2025-02-19T09:41:33.052+0000] {processor.py:925} INFO - DAG(s) 'example_kubernetes_executor' retrieved from /home/airflow/.local/lib/python3.12/site-packages/airflow/example_dags/example_kubernetes_executor.py
[2025-02-19T09:41:33.080+0000] {logging_mixin.py:190} INFO - [2025-02-19T09:41:33.079+0000] {dag.py:3229} INFO - Sync 1 DAGs
[2025-02-19T09:41:33.090+0000] {logging_mixin.py:190} INFO - [2025-02-19T09:41:33.090+0000] {dag.py:4156} INFO - Setting next_dagrun for example_kubernetes_executor to None, run_after=None
[2025-02-19T09:41:33.106+0000] {processor.py:208} INFO - Processing /home/airflow/.local/lib/python3.12/site-packages/airflow/example_dags/example_kubernetes_executor.py took 0.072 seconds
[2025-02-19T09:42:04.197+0000] {processor.py:186} INFO - Started process (PID=558) to work on /home/airflow/.local/lib/python3.12/site-packages/airflow/example_dags/example_kubernetes_executor.py
[2025-02-19T09:42:04.198+0000] {processor.py:914} INFO - Processing file /home/airflow/.local/lib/python3.12/site-packages/airflow/example_dags/example_kubernetes_executor.py for tasks to queue
[2025-02-19T09:42:04.200+0000] {logging_mixin.py:190} INFO - [2025-02-19T09:42:04.199+0000] {dagbag.py:587} INFO - Filling up the DagBag from /home/airflow/.local/lib/python3.12/site-packages/airflow/example_dags/example_kubernetes_executor.py
[2025-02-19T09:42:04.210+0000] {processor.py:925} INFO - DAG(s) 'example_kubernetes_executor' retrieved from /home/airflow/.local/lib/python3.12/site-packages/airflow/example_dags/example_kubernetes_executor.py
[2025-02-19T09:42:04.239+0000] {logging_mixin.py:190} INFO - [2025-02-19T09:42:04.239+0000] {dag.py:3229} INFO - Sync 1 DAGs
[2025-02-19T09:42:04.250+0000] {logging_mixin.py:190} INFO - [2025-02-19T09:42:04.250+0000] {dag.py:4156} INFO - Setting next_dagrun for example_kubernetes_executor to None, run_after=None
[2025-02-19T09:42:04.264+0000] {processor.py:208} INFO - Processing /home/airflow/.local/lib/python3.12/site-packages/airflow/example_dags/example_kubernetes_executor.py took 0.071 seconds
[2025-02-19T09:42:34.534+0000] {processor.py:186} INFO - Started process (PID=622) to work on /home/airflow/.local/lib/python3.12/site-packages/airflow/example_dags/example_kubernetes_executor.py
[2025-02-19T09:42:34.535+0000] {processor.py:914} INFO - Processing file /home/airflow/.local/lib/python3.12/site-packages/airflow/example_dags/example_kubernetes_executor.py for tasks to queue
[2025-02-19T09:42:34.537+0000] {logging_mixin.py:190} INFO - [2025-02-19T09:42:34.536+0000] {dagbag.py:587} INFO - Filling up the DagBag from /home/airflow/.local/lib/python3.12/site-packages/airflow/example_dags/example_kubernetes_executor.py
[2025-02-19T09:42:34.547+0000] {processor.py:925} INFO - DAG(s) 'example_kubernetes_executor' retrieved from /home/airflow/.local/lib/python3.12/site-packages/airflow/example_dags/example_kubernetes_executor.py
[2025-02-19T09:42:34.576+0000] {logging_mixin.py:190} INFO - [2025-02-19T09:42:34.575+0000] {dag.py:3229} INFO - Sync 1 DAGs
[2025-02-19T09:42:34.587+0000] {logging_mixin.py:190} INFO - [2025-02-19T09:42:34.587+0000] {dag.py:4156} INFO - Setting next_dagrun for example_kubernetes_executor to None, run_after=None
[2025-02-19T09:42:34.601+0000] {processor.py:208} INFO - Processing /home/airflow/.local/lib/python3.12/site-packages/airflow/example_dags/example_kubernetes_executor.py took 0.070 seconds
[2025-02-19T09:43:05.570+0000] {processor.py:186} INFO - Started process (PID=686) to work on /home/airflow/.local/lib/python3.12/site-packages/airflow/example_dags/example_kubernetes_executor.py
[2025-02-19T09:43:05.572+0000] {processor.py:914} INFO - Processing file /home/airflow/.local/lib/python3.12/site-packages/airflow/example_dags/example_kubernetes_executor.py for tasks to queue
[2025-02-19T09:43:05.574+0000] {logging_mixin.py:190} INFO - [2025-02-19T09:43:05.574+0000] {dagbag.py:587} INFO - Filling up the DagBag from /home/airflow/.local/lib/python3.12/site-packages/airflow/example_dags/example_kubernetes_executor.py
[2025-02-19T09:43:05.585+0000] {processor.py:925} INFO - DAG(s) 'example_kubernetes_executor' retrieved from /home/airflow/.local/lib/python3.12/site-packages/airflow/example_dags/example_kubernetes_executor.py
[2025-02-19T09:43:05.616+0000] {logging_mixin.py:190} INFO - [2025-02-19T09:43:05.615+0000] {dag.py:3229} INFO - Sync 1 DAGs
[2025-02-19T09:43:05.631+0000] {logging_mixin.py:190} INFO - [2025-02-19T09:43:05.631+0000] {dag.py:4156} INFO - Setting next_dagrun for example_kubernetes_executor to None, run_after=None
[2025-02-19T09:43:05.651+0000] {processor.py:208} INFO - Processing /home/airflow/.local/lib/python3.12/site-packages/airflow/example_dags/example_kubernetes_executor.py took 0.085 seconds
[2025-02-19T09:43:35.943+0000] {processor.py:186} INFO - Started process (PID=750) to work on /home/airflow/.local/lib/python3.12/site-packages/airflow/example_dags/example_kubernetes_executor.py
[2025-02-19T09:43:35.944+0000] {processor.py:914} INFO - Processing file /home/airflow/.local/lib/python3.12/site-packages/airflow/example_dags/example_kubernetes_executor.py for tasks to queue
[2025-02-19T09:43:35.945+0000] {logging_mixin.py:190} INFO - [2025-02-19T09:43:35.945+0000] {dagbag.py:587} INFO - Filling up the DagBag from /home/airflow/.local/lib/python3.12/site-packages/airflow/example_dags/example_kubernetes_executor.py
[2025-02-19T09:43:35.957+0000] {processor.py:925} INFO - DAG(s) 'example_kubernetes_executor' retrieved from /home/airflow/.local/lib/python3.12/site-packages/airflow/example_dags/example_kubernetes_executor.py
[2025-02-19T09:43:35.989+0000] {logging_mixin.py:190} INFO - [2025-02-19T09:43:35.989+0000] {dag.py:3229} INFO - Sync 1 DAGs
[2025-02-19T09:43:36.001+0000] {logging_mixin.py:190} INFO - [2025-02-19T09:43:36.001+0000] {dag.py:4156} INFO - Setting next_dagrun for example_kubernetes_executor to None, run_after=None
[2025-02-19T09:43:36.017+0000] {processor.py:208} INFO - Processing /home/airflow/.local/lib/python3.12/site-packages/airflow/example_dags/example_kubernetes_executor.py took 0.078 seconds
[2025-02-19T09:44:06.242+0000] {processor.py:186} INFO - Started process (PID=814) to work on /home/airflow/.local/lib/python3.12/site-packages/airflow/example_dags/example_kubernetes_executor.py
[2025-02-19T09:44:06.243+0000] {processor.py:914} INFO - Processing file /home/airflow/.local/lib/python3.12/site-packages/airflow/example_dags/example_kubernetes_executor.py for tasks to queue
[2025-02-19T09:44:06.245+0000] {logging_mixin.py:190} INFO - [2025-02-19T09:44:06.245+0000] {dagbag.py:587} INFO - Filling up the DagBag from /home/airflow/.local/lib/python3.12/site-packages/airflow/example_dags/example_kubernetes_executor.py
[2025-02-19T09:44:06.255+0000] {processor.py:925} INFO - DAG(s) 'example_kubernetes_executor' retrieved from /home/airflow/.local/lib/python3.12/site-packages/airflow/example_dags/example_kubernetes_executor.py
[2025-02-19T09:44:06.285+0000] {logging_mixin.py:190} INFO - [2025-02-19T09:44:06.284+0000] {dag.py:3229} INFO - Sync 1 DAGs
[2025-02-19T09:44:06.295+0000] {logging_mixin.py:190} INFO - [2025-02-19T09:44:06.295+0000] {dag.py:4156} INFO - Setting next_dagrun for example_kubernetes_executor to None, run_after=None
[2025-02-19T09:44:06.311+0000] {processor.py:208} INFO - Processing /home/airflow/.local/lib/python3.12/site-packages/airflow/example_dags/example_kubernetes_executor.py took 0.073 seconds
[2025-02-19T09:44:37.193+0000] {processor.py:186} INFO - Started process (PID=878) to work on /home/airflow/.local/lib/python3.12/site-packages/airflow/example_dags/example_kubernetes_executor.py
[2025-02-19T09:44:37.194+0000] {processor.py:914} INFO - Processing file /home/airflow/.local/lib/python3.12/site-packages/airflow/example_dags/example_kubernetes_executor.py for tasks to queue
[2025-02-19T09:44:37.196+0000] {logging_mixin.py:190} INFO - [2025-02-19T09:44:37.195+0000] {dagbag.py:587} INFO - Filling up the DagBag from /home/airflow/.local/lib/python3.12/site-packages/airflow/example_dags/example_kubernetes_executor.py
[2025-02-19T09:44:37.206+0000] {processor.py:925} INFO - DAG(s) 'example_kubernetes_executor' retrieved from /home/airflow/.local/lib/python3.12/site-packages/airflow/example_dags/example_kubernetes_executor.py
[2025-02-19T09:44:37.236+0000] {logging_mixin.py:190} INFO - [2025-02-19T09:44:37.235+0000] {dag.py:3229} INFO - Sync 1 DAGs
[2025-02-19T09:44:37.247+0000] {logging_mixin.py:190} INFO - [2025-02-19T09:44:37.247+0000] {dag.py:4156} INFO - Setting next_dagrun for example_kubernetes_executor to None, run_after=None
[2025-02-19T09:44:37.261+0000] {processor.py:208} INFO - Processing /home/airflow/.local/lib/python3.12/site-packages/airflow/example_dags/example_kubernetes_executor.py took 0.073 seconds
[2025-02-19T09:45:07.545+0000] {processor.py:186} INFO - Started process (PID=942) to work on /home/airflow/.local/lib/python3.12/site-packages/airflow/example_dags/example_kubernetes_executor.py
[2025-02-19T09:45:07.547+0000] {processor.py:914} INFO - Processing file /home/airflow/.local/lib/python3.12/site-packages/airflow/example_dags/example_kubernetes_executor.py for tasks to queue
[2025-02-19T09:45:07.549+0000] {logging_mixin.py:190} INFO - [2025-02-19T09:45:07.548+0000] {dagbag.py:587} INFO - Filling up the DagBag from /home/airflow/.local/lib/python3.12/site-packages/airflow/example_dags/example_kubernetes_executor.py
[2025-02-19T09:45:07.559+0000] {processor.py:925} INFO - DAG(s) 'example_kubernetes_executor' retrieved from /home/airflow/.local/lib/python3.12/site-packages/airflow/example_dags/example_kubernetes_executor.py
[2025-02-19T09:45:07.591+0000] {logging_mixin.py:190} INFO - [2025-02-19T09:45:07.590+0000] {dag.py:3229} INFO - Sync 1 DAGs
[2025-02-19T09:45:07.604+0000] {logging_mixin.py:190} INFO - [2025-02-19T09:45:07.603+0000] {dag.py:4156} INFO - Setting next_dagrun for example_kubernetes_executor to None, run_after=None
[2025-02-19T09:45:07.619+0000] {processor.py:208} INFO - Processing /home/airflow/.local/lib/python3.12/site-packages/airflow/example_dags/example_kubernetes_executor.py took 0.078 seconds
[2025-02-19T09:45:38.691+0000] {processor.py:186} INFO - Started process (PID=1006) to work on /home/airflow/.local/lib/python3.12/site-packages/airflow/example_dags/example_kubernetes_executor.py
[2025-02-19T09:45:38.692+0000] {processor.py:914} INFO - Processing file /home/airflow/.local/lib/python3.12/site-packages/airflow/example_dags/example_kubernetes_executor.py for tasks to queue
[2025-02-19T09:45:38.694+0000] {logging_mixin.py:190} INFO - [2025-02-19T09:45:38.694+0000] {dagbag.py:587} INFO - Filling up the DagBag from /home/airflow/.local/lib/python3.12/site-packages/airflow/example_dags/example_kubernetes_executor.py
[2025-02-19T09:45:38.705+0000] {processor.py:925} INFO - DAG(s) 'example_kubernetes_executor' retrieved from /home/airflow/.local/lib/python3.12/site-packages/airflow/example_dags/example_kubernetes_executor.py
[2025-02-19T09:45:38.736+0000] {logging_mixin.py:190} INFO - [2025-02-19T09:45:38.735+0000] {dag.py:3229} INFO - Sync 1 DAGs
[2025-02-19T09:45:38.749+0000] {logging_mixin.py:190} INFO - [2025-02-19T09:45:38.749+0000] {dag.py:4156} INFO - Setting next_dagrun for example_kubernetes_executor to None, run_after=None
[2025-02-19T09:45:38.766+0000] {processor.py:208} INFO - Processing /home/airflow/.local/lib/python3.12/site-packages/airflow/example_dags/example_kubernetes_executor.py took 0.079 seconds
[2025-02-19T09:46:09.740+0000] {processor.py:186} INFO - Started process (PID=1070) to work on /home/airflow/.local/lib/python3.12/site-packages/airflow/example_dags/example_kubernetes_executor.py
[2025-02-19T09:46:09.741+0000] {processor.py:914} INFO - Processing file /home/airflow/.local/lib/python3.12/site-packages/airflow/example_dags/example_kubernetes_executor.py for tasks to queue
[2025-02-19T09:46:09.743+0000] {logging_mixin.py:190} INFO - [2025-02-19T09:46:09.743+0000] {dagbag.py:587} INFO - Filling up the DagBag from /home/airflow/.local/lib/python3.12/site-packages/airflow/example_dags/example_kubernetes_executor.py
[2025-02-19T09:46:09.753+0000] {processor.py:925} INFO - DAG(s) 'example_kubernetes_executor' retrieved from /home/airflow/.local/lib/python3.12/site-packages/airflow/example_dags/example_kubernetes_executor.py
[2025-02-19T09:46:09.781+0000] {logging_mixin.py:190} INFO - [2025-02-19T09:46:09.780+0000] {dag.py:3229} INFO - Sync 1 DAGs
[2025-02-19T09:46:09.793+0000] {logging_mixin.py:190} INFO - [2025-02-19T09:46:09.792+0000] {dag.py:4156} INFO - Setting next_dagrun for example_kubernetes_executor to None, run_after=None
[2025-02-19T09:46:09.807+0000] {processor.py:208} INFO - Processing /home/airflow/.local/lib/python3.12/site-packages/airflow/example_dags/example_kubernetes_executor.py took 0.071 seconds
[2025-02-19T09:46:40.690+0000] {processor.py:186} INFO - Started process (PID=1134) to work on /home/airflow/.local/lib/python3.12/site-packages/airflow/example_dags/example_kubernetes_executor.py
[2025-02-19T09:46:40.691+0000] {processor.py:914} INFO - Processing file /home/airflow/.local/lib/python3.12/site-packages/airflow/example_dags/example_kubernetes_executor.py for tasks to queue
[2025-02-19T09:46:40.692+0000] {logging_mixin.py:190} INFO - [2025-02-19T09:46:40.692+0000] {dagbag.py:587} INFO - Filling up the DagBag from /home/airflow/.local/lib/python3.12/site-packages/airflow/example_dags/example_kubernetes_executor.py
[2025-02-19T09:46:40.702+0000] {processor.py:925} INFO - DAG(s) 'example_kubernetes_executor' retrieved from /home/airflow/.local/lib/python3.12/site-packages/airflow/example_dags/example_kubernetes_executor.py
[2025-02-19T09:46:40.733+0000] {logging_mixin.py:190} INFO - [2025-02-19T09:46:40.732+0000] {dag.py:3229} INFO - Sync 1 DAGs
[2025-02-19T09:46:40.744+0000] {logging_mixin.py:190} INFO - [2025-02-19T09:46:40.744+0000] {dag.py:4156} INFO - Setting next_dagrun for example_kubernetes_executor to None, run_after=None
[2025-02-19T09:46:40.762+0000] {processor.py:208} INFO - Processing /home/airflow/.local/lib/python3.12/site-packages/airflow/example_dags/example_kubernetes_executor.py took 0.077 seconds
[2025-02-19T09:47:11.755+0000] {processor.py:186} INFO - Started process (PID=1198) to work on /home/airflow/.local/lib/python3.12/site-packages/airflow/example_dags/example_kubernetes_executor.py
[2025-02-19T09:47:11.756+0000] {processor.py:914} INFO - Processing file /home/airflow/.local/lib/python3.12/site-packages/airflow/example_dags/example_kubernetes_executor.py for tasks to queue
[2025-02-19T09:47:11.758+0000] {logging_mixin.py:190} INFO - [2025-02-19T09:47:11.758+0000] {dagbag.py:587} INFO - Filling up the DagBag from /home/airflow/.local/lib/python3.12/site-packages/airflow/example_dags/example_kubernetes_executor.py
[2025-02-19T09:47:11.769+0000] {processor.py:925} INFO - DAG(s) 'example_kubernetes_executor' retrieved from /home/airflow/.local/lib/python3.12/site-packages/airflow/example_dags/example_kubernetes_executor.py
[2025-02-19T09:47:11.802+0000] {logging_mixin.py:190} INFO - [2025-02-19T09:47:11.801+0000] {dag.py:3229} INFO - Sync 1 DAGs
[2025-02-19T09:47:11.818+0000] {logging_mixin.py:190} INFO - [2025-02-19T09:47:11.818+0000] {dag.py:4156} INFO - Setting next_dagrun for example_kubernetes_executor to None, run_after=None
[2025-02-19T09:47:11.836+0000] {processor.py:208} INFO - Processing /home/airflow/.local/lib/python3.12/site-packages/airflow/example_dags/example_kubernetes_executor.py took 0.086 seconds
[2025-02-19T09:47:42.159+0000] {processor.py:186} INFO - Started process (PID=1262) to work on /home/airflow/.local/lib/python3.12/site-packages/airflow/example_dags/example_kubernetes_executor.py
[2025-02-19T09:47:42.160+0000] {processor.py:914} INFO - Processing file /home/airflow/.local/lib/python3.12/site-packages/airflow/example_dags/example_kubernetes_executor.py for tasks to queue
[2025-02-19T09:47:42.162+0000] {logging_mixin.py:190} INFO - [2025-02-19T09:47:42.162+0000] {dagbag.py:587} INFO - Filling up the DagBag from /home/airflow/.local/lib/python3.12/site-packages/airflow/example_dags/example_kubernetes_executor.py
[2025-02-19T09:47:42.174+0000] {processor.py:925} INFO - DAG(s) 'example_kubernetes_executor' retrieved from /home/airflow/.local/lib/python3.12/site-packages/airflow/example_dags/example_kubernetes_executor.py
[2025-02-19T09:47:42.208+0000] {logging_mixin.py:190} INFO - [2025-02-19T09:47:42.207+0000] {dag.py:3229} INFO - Sync 1 DAGs
[2025-02-19T09:47:42.221+0000] {logging_mixin.py:190} INFO - [2025-02-19T09:47:42.221+0000] {dag.py:4156} INFO - Setting next_dagrun for example_kubernetes_executor to None, run_after=None
[2025-02-19T09:47:42.240+0000] {processor.py:208} INFO - Processing /home/airflow/.local/lib/python3.12/site-packages/airflow/example_dags/example_kubernetes_executor.py took 0.086 seconds
[2025-02-19T09:48:12.480+0000] {processor.py:186} INFO - Started process (PID=1327) to work on /home/airflow/.local/lib/python3.12/site-packages/airflow/example_dags/example_kubernetes_executor.py
[2025-02-19T09:48:12.481+0000] {processor.py:914} INFO - Processing file /home/airflow/.local/lib/python3.12/site-packages/airflow/example_dags/example_kubernetes_executor.py for tasks to queue
[2025-02-19T09:48:12.483+0000] {logging_mixin.py:190} INFO - [2025-02-19T09:48:12.483+0000] {dagbag.py:587} INFO - Filling up the DagBag from /home/airflow/.local/lib/python3.12/site-packages/airflow/example_dags/example_kubernetes_executor.py
[2025-02-19T09:48:12.494+0000] {processor.py:925} INFO - DAG(s) 'example_kubernetes_executor' retrieved from /home/airflow/.local/lib/python3.12/site-packages/airflow/example_dags/example_kubernetes_executor.py
[2025-02-19T09:48:12.524+0000] {logging_mixin.py:190} INFO - [2025-02-19T09:48:12.523+0000] {dag.py:3229} INFO - Sync 1 DAGs
[2025-02-19T09:48:12.536+0000] {logging_mixin.py:190} INFO - [2025-02-19T09:48:12.536+0000] {dag.py:4156} INFO - Setting next_dagrun for example_kubernetes_executor to None, run_after=None
[2025-02-19T09:48:12.555+0000] {processor.py:208} INFO - Processing /home/airflow/.local/lib/python3.12/site-packages/airflow/example_dags/example_kubernetes_executor.py took 0.079 seconds
[2025-02-19T09:48:43.593+0000] {processor.py:186} INFO - Started process (PID=1391) to work on /home/airflow/.local/lib/python3.12/site-packages/airflow/example_dags/example_kubernetes_executor.py
[2025-02-19T09:48:43.594+0000] {processor.py:914} INFO - Processing file /home/airflow/.local/lib/python3.12/site-packages/airflow/example_dags/example_kubernetes_executor.py for tasks to queue
[2025-02-19T09:48:43.596+0000] {logging_mixin.py:190} INFO - [2025-02-19T09:48:43.596+0000] {dagbag.py:587} INFO - Filling up the DagBag from /home/airflow/.local/lib/python3.12/site-packages/airflow/example_dags/example_kubernetes_executor.py
[2025-02-19T09:48:43.607+0000] {processor.py:925} INFO - DAG(s) 'example_kubernetes_executor' retrieved from /home/airflow/.local/lib/python3.12/site-packages/airflow/example_dags/example_kubernetes_executor.py
[2025-02-19T09:48:43.637+0000] {logging_mixin.py:190} INFO - [2025-02-19T09:48:43.636+0000] {dag.py:3229} INFO - Sync 1 DAGs
[2025-02-19T09:48:43.648+0000] {logging_mixin.py:190} INFO - [2025-02-19T09:48:43.648+0000] {dag.py:4156} INFO - Setting next_dagrun for example_kubernetes_executor to None, run_after=None
[2025-02-19T09:48:43.667+0000] {processor.py:208} INFO - Processing /home/airflow/.local/lib/python3.12/site-packages/airflow/example_dags/example_kubernetes_executor.py took 0.079 seconds
[2025-02-19T09:49:14.509+0000] {processor.py:186} INFO - Started process (PID=1455) to work on /home/airflow/.local/lib/python3.12/site-packages/airflow/example_dags/example_kubernetes_executor.py
[2025-02-19T09:49:14.510+0000] {processor.py:914} INFO - Processing file /home/airflow/.local/lib/python3.12/site-packages/airflow/example_dags/example_kubernetes_executor.py for tasks to queue
[2025-02-19T09:49:14.512+0000] {logging_mixin.py:190} INFO - [2025-02-19T09:49:14.512+0000] {dagbag.py:587} INFO - Filling up the DagBag from /home/airflow/.local/lib/python3.12/site-packages/airflow/example_dags/example_kubernetes_executor.py
[2025-02-19T09:49:14.522+0000] {processor.py:925} INFO - DAG(s) 'example_kubernetes_executor' retrieved from /home/airflow/.local/lib/python3.12/site-packages/airflow/example_dags/example_kubernetes_executor.py
[2025-02-19T09:49:14.552+0000] {logging_mixin.py:190} INFO - [2025-02-19T09:49:14.551+0000] {dag.py:3229} INFO - Sync 1 DAGs
[2025-02-19T09:49:14.563+0000] {logging_mixin.py:190} INFO - [2025-02-19T09:49:14.563+0000] {dag.py:4156} INFO - Setting next_dagrun for example_kubernetes_executor to None, run_after=None
[2025-02-19T09:49:14.578+0000] {processor.py:208} INFO - Processing /home/airflow/.local/lib/python3.12/site-packages/airflow/example_dags/example_kubernetes_executor.py took 0.073 seconds
[2025-02-19T09:49:45.472+0000] {processor.py:186} INFO - Started process (PID=1519) to work on /home/airflow/.local/lib/python3.12/site-packages/airflow/example_dags/example_kubernetes_executor.py
[2025-02-19T09:49:45.473+0000] {processor.py:914} INFO - Processing file /home/airflow/.local/lib/python3.12/site-packages/airflow/example_dags/example_kubernetes_executor.py for tasks to queue
[2025-02-19T09:49:45.475+0000] {logging_mixin.py:190} INFO - [2025-02-19T09:49:45.475+0000] {dagbag.py:587} INFO - Filling up the DagBag from /home/airflow/.local/lib/python3.12/site-packages/airflow/example_dags/example_kubernetes_executor.py
[2025-02-19T09:49:45.486+0000] {processor.py:925} INFO - DAG(s) 'example_kubernetes_executor' retrieved from /home/airflow/.local/lib/python3.12/site-packages/airflow/example_dags/example_kubernetes_executor.py
[2025-02-19T09:49:45.514+0000] {logging_mixin.py:190} INFO - [2025-02-19T09:49:45.514+0000] {dag.py:3229} INFO - Sync 1 DAGs
[2025-02-19T09:49:45.526+0000] {logging_mixin.py:190} INFO - [2025-02-19T09:49:45.526+0000] {dag.py:4156} INFO - Setting next_dagrun for example_kubernetes_executor to None, run_after=None
[2025-02-19T09:49:45.541+0000] {processor.py:208} INFO - Processing /home/airflow/.local/lib/python3.12/site-packages/airflow/example_dags/example_kubernetes_executor.py took 0.073 seconds
[2025-02-19T09:50:15.801+0000] {processor.py:186} INFO - Started process (PID=1582) to work on /home/airflow/.local/lib/python3.12/site-packages/airflow/example_dags/example_kubernetes_executor.py
[2025-02-19T09:50:15.802+0000] {processor.py:914} INFO - Processing file /home/airflow/.local/lib/python3.12/site-packages/airflow/example_dags/example_kubernetes_executor.py for tasks to queue
[2025-02-19T09:50:15.804+0000] {logging_mixin.py:190} INFO - [2025-02-19T09:50:15.804+0000] {dagbag.py:587} INFO - Filling up the DagBag from /home/airflow/.local/lib/python3.12/site-packages/airflow/example_dags/example_kubernetes_executor.py
[2025-02-19T09:50:15.817+0000] {processor.py:925} INFO - DAG(s) 'example_kubernetes_executor' retrieved from /home/airflow/.local/lib/python3.12/site-packages/airflow/example_dags/example_kubernetes_executor.py
[2025-02-19T09:50:15.853+0000] {logging_mixin.py:190} INFO - [2025-02-19T09:50:15.852+0000] {dag.py:3229} INFO - Sync 1 DAGs
[2025-02-19T09:50:15.865+0000] {logging_mixin.py:190} INFO - [2025-02-19T09:50:15.865+0000] {dag.py:4156} INFO - Setting next_dagrun for example_kubernetes_executor to None, run_after=None
[2025-02-19T09:50:15.883+0000] {processor.py:208} INFO - Processing /home/airflow/.local/lib/python3.12/site-packages/airflow/example_dags/example_kubernetes_executor.py took 0.086 seconds
[2025-02-19T09:50:46.292+0000] {processor.py:186} INFO - Started process (PID=1647) to work on /home/airflow/.local/lib/python3.12/site-packages/airflow/example_dags/example_kubernetes_executor.py
[2025-02-19T09:50:46.294+0000] {processor.py:914} INFO - Processing file /home/airflow/.local/lib/python3.12/site-packages/airflow/example_dags/example_kubernetes_executor.py for tasks to queue
[2025-02-19T09:50:46.296+0000] {logging_mixin.py:190} INFO - [2025-02-19T09:50:46.295+0000] {dagbag.py:587} INFO - Filling up the DagBag from /home/airflow/.local/lib/python3.12/site-packages/airflow/example_dags/example_kubernetes_executor.py
[2025-02-19T09:50:46.307+0000] {processor.py:925} INFO - DAG(s) 'example_kubernetes_executor' retrieved from /home/airflow/.local/lib/python3.12/site-packages/airflow/example_dags/example_kubernetes_executor.py
[2025-02-19T09:50:46.339+0000] {logging_mixin.py:190} INFO - [2025-02-19T09:50:46.338+0000] {dag.py:3229} INFO - Sync 1 DAGs
[2025-02-19T09:50:46.352+0000] {logging_mixin.py:190} INFO - [2025-02-19T09:50:46.352+0000] {dag.py:4156} INFO - Setting next_dagrun for example_kubernetes_executor to None, run_after=None
[2025-02-19T09:50:46.373+0000] {processor.py:208} INFO - Processing /home/airflow/.local/lib/python3.12/site-packages/airflow/example_dags/example_kubernetes_executor.py took 0.085 seconds
[2025-02-19T09:51:16.410+0000] {processor.py:186} INFO - Started process (PID=1710) to work on /home/airflow/.local/lib/python3.12/site-packages/airflow/example_dags/example_kubernetes_executor.py
[2025-02-19T09:51:16.411+0000] {processor.py:914} INFO - Processing file /home/airflow/.local/lib/python3.12/site-packages/airflow/example_dags/example_kubernetes_executor.py for tasks to queue
[2025-02-19T09:51:16.412+0000] {logging_mixin.py:190} INFO - [2025-02-19T09:51:16.412+0000] {dagbag.py:587} INFO - Filling up the DagBag from /home/airflow/.local/lib/python3.12/site-packages/airflow/example_dags/example_kubernetes_executor.py
[2025-02-19T09:51:16.423+0000] {processor.py:925} INFO - DAG(s) 'example_kubernetes_executor' retrieved from /home/airflow/.local/lib/python3.12/site-packages/airflow/example_dags/example_kubernetes_executor.py
[2025-02-19T09:51:16.450+0000] {logging_mixin.py:190} INFO - [2025-02-19T09:51:16.449+0000] {dag.py:3229} INFO - Sync 1 DAGs
[2025-02-19T09:51:16.460+0000] {logging_mixin.py:190} INFO - [2025-02-19T09:51:16.460+0000] {dag.py:4156} INFO - Setting next_dagrun for example_kubernetes_executor to None, run_after=None
[2025-02-19T09:51:16.476+0000] {processor.py:208} INFO - Processing /home/airflow/.local/lib/python3.12/site-packages/airflow/example_dags/example_kubernetes_executor.py took 0.070 seconds
[2025-02-19T09:51:46.818+0000] {processor.py:186} INFO - Started process (PID=1775) to work on /home/airflow/.local/lib/python3.12/site-packages/airflow/example_dags/example_kubernetes_executor.py
[2025-02-19T09:51:46.819+0000] {processor.py:914} INFO - Processing file /home/airflow/.local/lib/python3.12/site-packages/airflow/example_dags/example_kubernetes_executor.py for tasks to queue
[2025-02-19T09:51:46.821+0000] {logging_mixin.py:190} INFO - [2025-02-19T09:51:46.820+0000] {dagbag.py:587} INFO - Filling up the DagBag from /home/airflow/.local/lib/python3.12/site-packages/airflow/example_dags/example_kubernetes_executor.py
[2025-02-19T09:51:46.832+0000] {processor.py:925} INFO - DAG(s) 'example_kubernetes_executor' retrieved from /home/airflow/.local/lib/python3.12/site-packages/airflow/example_dags/example_kubernetes_executor.py
[2025-02-19T09:51:46.862+0000] {logging_mixin.py:190} INFO - [2025-02-19T09:51:46.861+0000] {dag.py:3229} INFO - Sync 1 DAGs
[2025-02-19T09:51:46.874+0000] {logging_mixin.py:190} INFO - [2025-02-19T09:51:46.874+0000] {dag.py:4156} INFO - Setting next_dagrun for example_kubernetes_executor to None, run_after=None
[2025-02-19T09:51:46.892+0000] {processor.py:208} INFO - Processing /home/airflow/.local/lib/python3.12/site-packages/airflow/example_dags/example_kubernetes_executor.py took 0.079 seconds
[2025-02-19T09:52:17.213+0000] {processor.py:186} INFO - Started process (PID=1838) to work on /home/airflow/.local/lib/python3.12/site-packages/airflow/example_dags/example_kubernetes_executor.py
[2025-02-19T09:52:17.214+0000] {processor.py:914} INFO - Processing file /home/airflow/.local/lib/python3.12/site-packages/airflow/example_dags/example_kubernetes_executor.py for tasks to queue
[2025-02-19T09:52:17.216+0000] {logging_mixin.py:190} INFO - [2025-02-19T09:52:17.216+0000] {dagbag.py:587} INFO - Filling up the DagBag from /home/airflow/.local/lib/python3.12/site-packages/airflow/example_dags/example_kubernetes_executor.py
[2025-02-19T09:52:17.227+0000] {processor.py:925} INFO - DAG(s) 'example_kubernetes_executor' retrieved from /home/airflow/.local/lib/python3.12/site-packages/airflow/example_dags/example_kubernetes_executor.py
[2025-02-19T09:52:17.258+0000] {logging_mixin.py:190} INFO - [2025-02-19T09:52:17.257+0000] {dag.py:3229} INFO - Sync 1 DAGs
[2025-02-19T09:52:17.270+0000] {logging_mixin.py:190} INFO - [2025-02-19T09:52:17.270+0000] {dag.py:4156} INFO - Setting next_dagrun for example_kubernetes_executor to None, run_after=None
[2025-02-19T09:52:17.284+0000] {processor.py:208} INFO - Processing /home/airflow/.local/lib/python3.12/site-packages/airflow/example_dags/example_kubernetes_executor.py took 0.076 seconds
[2025-02-19T09:52:47.513+0000] {processor.py:186} INFO - Started process (PID=1902) to work on /home/airflow/.local/lib/python3.12/site-packages/airflow/example_dags/example_kubernetes_executor.py
[2025-02-19T09:52:47.514+0000] {processor.py:914} INFO - Processing file /home/airflow/.local/lib/python3.12/site-packages/airflow/example_dags/example_kubernetes_executor.py for tasks to queue
[2025-02-19T09:52:47.516+0000] {logging_mixin.py:190} INFO - [2025-02-19T09:52:47.516+0000] {dagbag.py:587} INFO - Filling up the DagBag from /home/airflow/.local/lib/python3.12/site-packages/airflow/example_dags/example_kubernetes_executor.py
[2025-02-19T09:52:47.528+0000] {processor.py:925} INFO - DAG(s) 'example_kubernetes_executor' retrieved from /home/airflow/.local/lib/python3.12/site-packages/airflow/example_dags/example_kubernetes_executor.py
[2025-02-19T09:52:47.560+0000] {logging_mixin.py:190} INFO - [2025-02-19T09:52:47.559+0000] {dag.py:3229} INFO - Sync 1 DAGs
[2025-02-19T09:52:47.572+0000] {logging_mixin.py:190} INFO - [2025-02-19T09:52:47.572+0000] {dag.py:4156} INFO - Setting next_dagrun for example_kubernetes_executor to None, run_after=None
[2025-02-19T09:52:47.590+0000] {processor.py:208} INFO - Processing /home/airflow/.local/lib/python3.12/site-packages/airflow/example_dags/example_kubernetes_executor.py took 0.082 seconds
[2025-02-19T09:53:17.750+0000] {processor.py:186} INFO - Started process (PID=1966) to work on /home/airflow/.local/lib/python3.12/site-packages/airflow/example_dags/example_kubernetes_executor.py
[2025-02-19T09:53:17.752+0000] {processor.py:914} INFO - Processing file /home/airflow/.local/lib/python3.12/site-packages/airflow/example_dags/example_kubernetes_executor.py for tasks to queue
[2025-02-19T09:53:17.755+0000] {logging_mixin.py:190} INFO - [2025-02-19T09:53:17.755+0000] {dagbag.py:587} INFO - Filling up the DagBag from /home/airflow/.local/lib/python3.12/site-packages/airflow/example_dags/example_kubernetes_executor.py
[2025-02-19T09:53:17.767+0000] {processor.py:925} INFO - DAG(s) 'example_kubernetes_executor' retrieved from /home/airflow/.local/lib/python3.12/site-packages/airflow/example_dags/example_kubernetes_executor.py
[2025-02-19T09:53:17.802+0000] {logging_mixin.py:190} INFO - [2025-02-19T09:53:17.801+0000] {dag.py:3229} INFO - Sync 1 DAGs
[2025-02-19T09:53:17.816+0000] {logging_mixin.py:190} INFO - [2025-02-19T09:53:17.815+0000] {dag.py:4156} INFO - Setting next_dagrun for example_kubernetes_executor to None, run_after=None
[2025-02-19T09:53:17.835+0000] {processor.py:208} INFO - Processing /home/airflow/.local/lib/python3.12/site-packages/airflow/example_dags/example_kubernetes_executor.py took 0.091 seconds
[2025-02-19T09:53:48.066+0000] {processor.py:186} INFO - Started process (PID=2030) to work on /home/airflow/.local/lib/python3.12/site-packages/airflow/example_dags/example_kubernetes_executor.py
[2025-02-19T09:53:48.067+0000] {processor.py:914} INFO - Processing file /home/airflow/.local/lib/python3.12/site-packages/airflow/example_dags/example_kubernetes_executor.py for tasks to queue
[2025-02-19T09:53:48.069+0000] {logging_mixin.py:190} INFO - [2025-02-19T09:53:48.069+0000] {dagbag.py:587} INFO - Filling up the DagBag from /home/airflow/.local/lib/python3.12/site-packages/airflow/example_dags/example_kubernetes_executor.py
[2025-02-19T09:53:48.079+0000] {processor.py:925} INFO - DAG(s) 'example_kubernetes_executor' retrieved from /home/airflow/.local/lib/python3.12/site-packages/airflow/example_dags/example_kubernetes_executor.py
[2025-02-19T09:53:48.108+0000] {logging_mixin.py:190} INFO - [2025-02-19T09:53:48.108+0000] {dag.py:3229} INFO - Sync 1 DAGs
[2025-02-19T09:53:48.118+0000] {logging_mixin.py:190} INFO - [2025-02-19T09:53:48.118+0000] {dag.py:4156} INFO - Setting next_dagrun for example_kubernetes_executor to None, run_after=None
[2025-02-19T09:53:48.132+0000] {processor.py:208} INFO - Processing /home/airflow/.local/lib/python3.12/site-packages/airflow/example_dags/example_kubernetes_executor.py took 0.070 seconds
[2025-02-19T09:54:18.641+0000] {processor.py:186} INFO - Started process (PID=2095) to work on /home/airflow/.local/lib/python3.12/site-packages/airflow/example_dags/example_kubernetes_executor.py
[2025-02-19T09:54:18.642+0000] {processor.py:914} INFO - Processing file /home/airflow/.local/lib/python3.12/site-packages/airflow/example_dags/example_kubernetes_executor.py for tasks to queue
[2025-02-19T09:54:18.644+0000] {logging_mixin.py:190} INFO - [2025-02-19T09:54:18.644+0000] {dagbag.py:587} INFO - Filling up the DagBag from /home/airflow/.local/lib/python3.12/site-packages/airflow/example_dags/example_kubernetes_executor.py
[2025-02-19T09:54:18.655+0000] {processor.py:925} INFO - DAG(s) 'example_kubernetes_executor' retrieved from /home/airflow/.local/lib/python3.12/site-packages/airflow/example_dags/example_kubernetes_executor.py
[2025-02-19T09:54:18.686+0000] {logging_mixin.py:190} INFO - [2025-02-19T09:54:18.686+0000] {dag.py:3229} INFO - Sync 1 DAGs
[2025-02-19T09:54:18.699+0000] {logging_mixin.py:190} INFO - [2025-02-19T09:54:18.698+0000] {dag.py:4156} INFO - Setting next_dagrun for example_kubernetes_executor to None, run_after=None
[2025-02-19T09:54:18.716+0000] {processor.py:208} INFO - Processing /home/airflow/.local/lib/python3.12/site-packages/airflow/example_dags/example_kubernetes_executor.py took 0.079 seconds
[2025-02-19T09:54:48.878+0000] {processor.py:186} INFO - Started process (PID=2159) to work on /home/airflow/.local/lib/python3.12/site-packages/airflow/example_dags/example_kubernetes_executor.py
[2025-02-19T09:54:48.879+0000] {processor.py:914} INFO - Processing file /home/airflow/.local/lib/python3.12/site-packages/airflow/example_dags/example_kubernetes_executor.py for tasks to queue
[2025-02-19T09:54:48.881+0000] {logging_mixin.py:190} INFO - [2025-02-19T09:54:48.881+0000] {dagbag.py:587} INFO - Filling up the DagBag from /home/airflow/.local/lib/python3.12/site-packages/airflow/example_dags/example_kubernetes_executor.py
[2025-02-19T09:54:48.892+0000] {processor.py:925} INFO - DAG(s) 'example_kubernetes_executor' retrieved from /home/airflow/.local/lib/python3.12/site-packages/airflow/example_dags/example_kubernetes_executor.py
[2025-02-19T09:54:48.923+0000] {logging_mixin.py:190} INFO - [2025-02-19T09:54:48.922+0000] {dag.py:3229} INFO - Sync 1 DAGs
[2025-02-19T09:54:48.934+0000] {logging_mixin.py:190} INFO - [2025-02-19T09:54:48.933+0000] {dag.py:4156} INFO - Setting next_dagrun for example_kubernetes_executor to None, run_after=None
[2025-02-19T09:54:48.949+0000] {processor.py:208} INFO - Processing /home/airflow/.local/lib/python3.12/site-packages/airflow/example_dags/example_kubernetes_executor.py took 0.074 seconds
[2025-02-19T09:55:19.160+0000] {processor.py:186} INFO - Started process (PID=2224) to work on /home/airflow/.local/lib/python3.12/site-packages/airflow/example_dags/example_kubernetes_executor.py
[2025-02-19T09:55:19.161+0000] {processor.py:914} INFO - Processing file /home/airflow/.local/lib/python3.12/site-packages/airflow/example_dags/example_kubernetes_executor.py for tasks to queue
[2025-02-19T09:55:19.163+0000] {logging_mixin.py:190} INFO - [2025-02-19T09:55:19.163+0000] {dagbag.py:587} INFO - Filling up the DagBag from /home/airflow/.local/lib/python3.12/site-packages/airflow/example_dags/example_kubernetes_executor.py
[2025-02-19T09:55:19.175+0000] {processor.py:925} INFO - DAG(s) 'example_kubernetes_executor' retrieved from /home/airflow/.local/lib/python3.12/site-packages/airflow/example_dags/example_kubernetes_executor.py
[2025-02-19T09:55:19.207+0000] {logging_mixin.py:190} INFO - [2025-02-19T09:55:19.207+0000] {dag.py:3229} INFO - Sync 1 DAGs
[2025-02-19T09:55:19.219+0000] {logging_mixin.py:190} INFO - [2025-02-19T09:55:19.218+0000] {dag.py:4156} INFO - Setting next_dagrun for example_kubernetes_executor to None, run_after=None
[2025-02-19T09:55:19.236+0000] {processor.py:208} INFO - Processing /home/airflow/.local/lib/python3.12/site-packages/airflow/example_dags/example_kubernetes_executor.py took 0.080 seconds
[2025-02-19T09:55:49.503+0000] {processor.py:186} INFO - Started process (PID=2287) to work on /home/airflow/.local/lib/python3.12/site-packages/airflow/example_dags/example_kubernetes_executor.py
[2025-02-19T09:55:49.504+0000] {processor.py:914} INFO - Processing file /home/airflow/.local/lib/python3.12/site-packages/airflow/example_dags/example_kubernetes_executor.py for tasks to queue
[2025-02-19T09:55:49.506+0000] {logging_mixin.py:190} INFO - [2025-02-19T09:55:49.505+0000] {dagbag.py:587} INFO - Filling up the DagBag from /home/airflow/.local/lib/python3.12/site-packages/airflow/example_dags/example_kubernetes_executor.py
[2025-02-19T09:55:49.517+0000] {processor.py:925} INFO - DAG(s) 'example_kubernetes_executor' retrieved from /home/airflow/.local/lib/python3.12/site-packages/airflow/example_dags/example_kubernetes_executor.py
[2025-02-19T09:55:49.547+0000] {logging_mixin.py:190} INFO - [2025-02-19T09:55:49.546+0000] {dag.py:3229} INFO - Sync 1 DAGs
[2025-02-19T09:55:49.559+0000] {logging_mixin.py:190} INFO - [2025-02-19T09:55:49.559+0000] {dag.py:4156} INFO - Setting next_dagrun for example_kubernetes_executor to None, run_after=None
[2025-02-19T09:55:49.577+0000] {processor.py:208} INFO - Processing /home/airflow/.local/lib/python3.12/site-packages/airflow/example_dags/example_kubernetes_executor.py took 0.078 seconds
[2025-02-19T09:56:19.886+0000] {processor.py:186} INFO - Started process (PID=2351) to work on /home/airflow/.local/lib/python3.12/site-packages/airflow/example_dags/example_kubernetes_executor.py
[2025-02-19T09:56:19.887+0000] {processor.py:914} INFO - Processing file /home/airflow/.local/lib/python3.12/site-packages/airflow/example_dags/example_kubernetes_executor.py for tasks to queue
[2025-02-19T09:56:19.889+0000] {logging_mixin.py:190} INFO - [2025-02-19T09:56:19.889+0000] {dagbag.py:587} INFO - Filling up the DagBag from /home/airflow/.local/lib/python3.12/site-packages/airflow/example_dags/example_kubernetes_executor.py
[2025-02-19T09:56:19.900+0000] {processor.py:925} INFO - DAG(s) 'example_kubernetes_executor' retrieved from /home/airflow/.local/lib/python3.12/site-packages/airflow/example_dags/example_kubernetes_executor.py
[2025-02-19T09:56:19.929+0000] {logging_mixin.py:190} INFO - [2025-02-19T09:56:19.929+0000] {dag.py:3229} INFO - Sync 1 DAGs
[2025-02-19T09:56:19.940+0000] {logging_mixin.py:190} INFO - [2025-02-19T09:56:19.940+0000] {dag.py:4156} INFO - Setting next_dagrun for example_kubernetes_executor to None, run_after=None
[2025-02-19T09:56:19.957+0000] {processor.py:208} INFO - Processing /home/airflow/.local/lib/python3.12/site-packages/airflow/example_dags/example_kubernetes_executor.py took 0.076 seconds
[2025-02-19T09:56:50.404+0000] {processor.py:186} INFO - Started process (PID=2417) to work on /home/airflow/.local/lib/python3.12/site-packages/airflow/example_dags/example_kubernetes_executor.py
[2025-02-19T09:56:50.405+0000] {processor.py:914} INFO - Processing file /home/airflow/.local/lib/python3.12/site-packages/airflow/example_dags/example_kubernetes_executor.py for tasks to queue
[2025-02-19T09:56:50.408+0000] {logging_mixin.py:190} INFO - [2025-02-19T09:56:50.407+0000] {dagbag.py:587} INFO - Filling up the DagBag from /home/airflow/.local/lib/python3.12/site-packages/airflow/example_dags/example_kubernetes_executor.py
[2025-02-19T09:56:50.419+0000] {processor.py:925} INFO - DAG(s) 'example_kubernetes_executor' retrieved from /home/airflow/.local/lib/python3.12/site-packages/airflow/example_dags/example_kubernetes_executor.py
[2025-02-19T09:56:50.452+0000] {logging_mixin.py:190} INFO - [2025-02-19T09:56:50.452+0000] {dag.py:3229} INFO - Sync 1 DAGs
[2025-02-19T09:56:50.465+0000] {logging_mixin.py:190} INFO - [2025-02-19T09:56:50.465+0000] {dag.py:4156} INFO - Setting next_dagrun for example_kubernetes_executor to None, run_after=None
[2025-02-19T09:56:50.486+0000] {processor.py:208} INFO - Processing /home/airflow/.local/lib/python3.12/site-packages/airflow/example_dags/example_kubernetes_executor.py took 0.086 seconds
[2025-02-19T09:57:21.426+0000] {processor.py:186} INFO - Started process (PID=2481) to work on /home/airflow/.local/lib/python3.12/site-packages/airflow/example_dags/example_kubernetes_executor.py
[2025-02-19T09:57:21.428+0000] {processor.py:914} INFO - Processing file /home/airflow/.local/lib/python3.12/site-packages/airflow/example_dags/example_kubernetes_executor.py for tasks to queue
[2025-02-19T09:57:21.430+0000] {logging_mixin.py:190} INFO - [2025-02-19T09:57:21.429+0000] {dagbag.py:587} INFO - Filling up the DagBag from /home/airflow/.local/lib/python3.12/site-packages/airflow/example_dags/example_kubernetes_executor.py
[2025-02-19T09:57:21.445+0000] {processor.py:925} INFO - DAG(s) 'example_kubernetes_executor' retrieved from /home/airflow/.local/lib/python3.12/site-packages/airflow/example_dags/example_kubernetes_executor.py
[2025-02-19T09:57:21.477+0000] {logging_mixin.py:190} INFO - [2025-02-19T09:57:21.477+0000] {dag.py:3229} INFO - Sync 1 DAGs
[2025-02-19T09:57:21.490+0000] {logging_mixin.py:190} INFO - [2025-02-19T09:57:21.490+0000] {dag.py:4156} INFO - Setting next_dagrun for example_kubernetes_executor to None, run_after=None
[2025-02-19T09:57:21.510+0000] {processor.py:208} INFO - Processing /home/airflow/.local/lib/python3.12/site-packages/airflow/example_dags/example_kubernetes_executor.py took 0.089 seconds
[2025-02-19T09:57:51.778+0000] {processor.py:186} INFO - Started process (PID=2545) to work on /home/airflow/.local/lib/python3.12/site-packages/airflow/example_dags/example_kubernetes_executor.py
[2025-02-19T09:57:51.779+0000] {processor.py:914} INFO - Processing file /home/airflow/.local/lib/python3.12/site-packages/airflow/example_dags/example_kubernetes_executor.py for tasks to queue
[2025-02-19T09:57:51.781+0000] {logging_mixin.py:190} INFO - [2025-02-19T09:57:51.781+0000] {dagbag.py:587} INFO - Filling up the DagBag from /home/airflow/.local/lib/python3.12/site-packages/airflow/example_dags/example_kubernetes_executor.py
[2025-02-19T09:57:51.792+0000] {processor.py:925} INFO - DAG(s) 'example_kubernetes_executor' retrieved from /home/airflow/.local/lib/python3.12/site-packages/airflow/example_dags/example_kubernetes_executor.py
[2025-02-19T09:57:51.819+0000] {logging_mixin.py:190} INFO - [2025-02-19T09:57:51.819+0000] {dag.py:3229} INFO - Sync 1 DAGs
[2025-02-19T09:57:51.831+0000] {logging_mixin.py:190} INFO - [2025-02-19T09:57:51.830+0000] {dag.py:4156} INFO - Setting next_dagrun for example_kubernetes_executor to None, run_after=None
[2025-02-19T09:57:51.847+0000] {processor.py:208} INFO - Processing /home/airflow/.local/lib/python3.12/site-packages/airflow/example_dags/example_kubernetes_executor.py took 0.073 seconds
[2025-02-19T09:58:22.535+0000] {processor.py:186} INFO - Started process (PID=2610) to work on /home/airflow/.local/lib/python3.12/site-packages/airflow/example_dags/example_kubernetes_executor.py
[2025-02-19T09:58:22.536+0000] {processor.py:914} INFO - Processing file /home/airflow/.local/lib/python3.12/site-packages/airflow/example_dags/example_kubernetes_executor.py for tasks to queue
[2025-02-19T09:58:22.537+0000] {logging_mixin.py:190} INFO - [2025-02-19T09:58:22.537+0000] {dagbag.py:587} INFO - Filling up the DagBag from /home/airflow/.local/lib/python3.12/site-packages/airflow/example_dags/example_kubernetes_executor.py
[2025-02-19T09:58:22.548+0000] {processor.py:925} INFO - DAG(s) 'example_kubernetes_executor' retrieved from /home/airflow/.local/lib/python3.12/site-packages/airflow/example_dags/example_kubernetes_executor.py
[2025-02-19T09:58:22.580+0000] {logging_mixin.py:190} INFO - [2025-02-19T09:58:22.579+0000] {dag.py:3229} INFO - Sync 1 DAGs
[2025-02-19T09:58:22.591+0000] {logging_mixin.py:190} INFO - [2025-02-19T09:58:22.591+0000] {dag.py:4156} INFO - Setting next_dagrun for example_kubernetes_executor to None, run_after=None
[2025-02-19T09:58:22.608+0000] {processor.py:208} INFO - Processing /home/airflow/.local/lib/python3.12/site-packages/airflow/example_dags/example_kubernetes_executor.py took 0.077 seconds
[2025-02-19T09:58:53.652+0000] {processor.py:186} INFO - Started process (PID=2679) to work on /home/airflow/.local/lib/python3.12/site-packages/airflow/example_dags/example_kubernetes_executor.py
[2025-02-19T09:58:53.653+0000] {processor.py:914} INFO - Processing file /home/airflow/.local/lib/python3.12/site-packages/airflow/example_dags/example_kubernetes_executor.py for tasks to queue
[2025-02-19T09:58:53.655+0000] {logging_mixin.py:190} INFO - [2025-02-19T09:58:53.655+0000] {dagbag.py:587} INFO - Filling up the DagBag from /home/airflow/.local/lib/python3.12/site-packages/airflow/example_dags/example_kubernetes_executor.py
[2025-02-19T09:58:53.669+0000] {processor.py:925} INFO - DAG(s) 'example_kubernetes_executor' retrieved from /home/airflow/.local/lib/python3.12/site-packages/airflow/example_dags/example_kubernetes_executor.py
[2025-02-19T09:58:53.703+0000] {logging_mixin.py:190} INFO - [2025-02-19T09:58:53.702+0000] {dag.py:3229} INFO - Sync 1 DAGs
[2025-02-19T09:58:53.715+0000] {logging_mixin.py:190} INFO - [2025-02-19T09:58:53.715+0000] {dag.py:4156} INFO - Setting next_dagrun for example_kubernetes_executor to None, run_after=None
[2025-02-19T09:58:53.735+0000] {processor.py:208} INFO - Processing /home/airflow/.local/lib/python3.12/site-packages/airflow/example_dags/example_kubernetes_executor.py took 0.088 seconds
[2025-02-19T09:59:24.827+0000] {processor.py:186} INFO - Started process (PID=2743) to work on /home/airflow/.local/lib/python3.12/site-packages/airflow/example_dags/example_kubernetes_executor.py
[2025-02-19T09:59:24.828+0000] {processor.py:914} INFO - Processing file /home/airflow/.local/lib/python3.12/site-packages/airflow/example_dags/example_kubernetes_executor.py for tasks to queue
[2025-02-19T09:59:24.830+0000] {logging_mixin.py:190} INFO - [2025-02-19T09:59:24.829+0000] {dagbag.py:587} INFO - Filling up the DagBag from /home/airflow/.local/lib/python3.12/site-packages/airflow/example_dags/example_kubernetes_executor.py
[2025-02-19T09:59:24.840+0000] {processor.py:925} INFO - DAG(s) 'example_kubernetes_executor' retrieved from /home/airflow/.local/lib/python3.12/site-packages/airflow/example_dags/example_kubernetes_executor.py
[2025-02-19T09:59:24.869+0000] {logging_mixin.py:190} INFO - [2025-02-19T09:59:24.869+0000] {dag.py:3229} INFO - Sync 1 DAGs
[2025-02-19T09:59:24.882+0000] {logging_mixin.py:190} INFO - [2025-02-19T09:59:24.881+0000] {dag.py:4156} INFO - Setting next_dagrun for example_kubernetes_executor to None, run_after=None
[2025-02-19T09:59:24.898+0000] {processor.py:208} INFO - Processing /home/airflow/.local/lib/python3.12/site-packages/airflow/example_dags/example_kubernetes_executor.py took 0.076 seconds
[2025-02-19T10:23:13.925+0000] {logging_mixin.py:190} INFO - [2025-02-19T10:23:13.924+0000] {settings.py:475} DEBUG - Setting up DB connection pool (PID 92)
[2025-02-19T10:23:13.926+0000] {logging_mixin.py:190} INFO - [2025-02-19T10:23:13.926+0000] {settings.py:579} DEBUG - settings.prepare_engine_args(): Using pool settings. pool_size=5, max_overflow=10, pool_recycle=1800, pid=92
[2025-02-19T10:23:13.931+0000] {processor.py:186} INFO - Started process (PID=92) to work on /home/airflow/.local/lib/python3.12/site-packages/airflow/example_dags/example_kubernetes_executor.py
[2025-02-19T10:23:13.931+0000] {processor.py:914} INFO - Processing file /home/airflow/.local/lib/python3.12/site-packages/airflow/example_dags/example_kubernetes_executor.py for tasks to queue
[2025-02-19T10:23:13.932+0000] {logging_mixin.py:190} INFO - [2025-02-19T10:23:13.932+0000] {dagbag.py:587} INFO - Filling up the DagBag from /home/airflow/.local/lib/python3.12/site-packages/airflow/example_dags/example_kubernetes_executor.py
[2025-02-19T10:23:13.933+0000] {logging_mixin.py:190} INFO - [2025-02-19T10:23:13.933+0000] {dagbag.py:368} DEBUG - Importing /home/airflow/.local/lib/python3.12/site-packages/airflow/example_dags/example_kubernetes_executor.py
[2025-02-19T10:23:13.947+0000] {logging_mixin.py:190} INFO - [2025-02-19T10:23:13.945+0000] {dagbag.py:553} DEBUG - Loaded DAG <DAG: example_kubernetes_executor>
[2025-02-19T10:23:13.947+0000] {processor.py:925} INFO - DAG(s) 'example_kubernetes_executor' retrieved from /home/airflow/.local/lib/python3.12/site-packages/airflow/example_dags/example_kubernetes_executor.py
[2025-02-19T10:23:13.948+0000] {logging_mixin.py:190} INFO - [2025-02-19T10:23:13.948+0000] {dagbag.py:710} DEBUG - Running dagbag.sync_to_db with retries. Try 1 of 3
[2025-02-19T10:23:13.949+0000] {logging_mixin.py:190} INFO - [2025-02-19T10:23:13.948+0000] {dagbag.py:715} DEBUG - Calling the DAG.bulk_sync_to_db method
[2025-02-19T10:23:13.963+0000] {logging_mixin.py:190} INFO - [2025-02-19T10:23:13.963+0000] {serialized_dag.py:168} DEBUG - Checking if DAG (example_kubernetes_executor) changed
[2025-02-19T10:23:13.987+0000] {logging_mixin.py:190} INFO - [2025-02-19T10:23:13.987+0000] {serialized_dag.py:179} DEBUG - Serialized DAG (example_kubernetes_executor) is unchanged. Skipping writing to DB
[2025-02-19T10:23:13.988+0000] {logging_mixin.py:190} INFO - [2025-02-19T10:23:13.988+0000] {dag.py:3229} INFO - Sync 1 DAGs
[2025-02-19T10:23:14.003+0000] {logging_mixin.py:190} INFO - [2025-02-19T10:23:14.003+0000] {dag.py:4156} INFO - Setting next_dagrun for example_kubernetes_executor to None, run_after=None
[2025-02-19T10:23:14.023+0000] {processor.py:208} INFO - Processing /home/airflow/.local/lib/python3.12/site-packages/airflow/example_dags/example_kubernetes_executor.py took 0.098 seconds
[2025-02-19T10:23:56.550+0000] {logging_mixin.py:190} INFO - [2025-02-19T10:23:56.549+0000] {settings.py:475} DEBUG - Setting up DB connection pool (PID 156)
[2025-02-19T10:23:56.551+0000] {logging_mixin.py:190} INFO - [2025-02-19T10:23:56.551+0000] {settings.py:579} DEBUG - settings.prepare_engine_args(): Using pool settings. pool_size=5, max_overflow=10, pool_recycle=1800, pid=156
[2025-02-19T10:23:56.556+0000] {processor.py:186} INFO - Started process (PID=156) to work on /home/airflow/.local/lib/python3.12/site-packages/airflow/example_dags/example_kubernetes_executor.py
[2025-02-19T10:23:56.557+0000] {processor.py:914} INFO - Processing file /home/airflow/.local/lib/python3.12/site-packages/airflow/example_dags/example_kubernetes_executor.py for tasks to queue
[2025-02-19T10:23:56.558+0000] {logging_mixin.py:190} INFO - [2025-02-19T10:23:56.557+0000] {dagbag.py:587} INFO - Filling up the DagBag from /home/airflow/.local/lib/python3.12/site-packages/airflow/example_dags/example_kubernetes_executor.py
[2025-02-19T10:23:56.559+0000] {logging_mixin.py:190} INFO - [2025-02-19T10:23:56.559+0000] {dagbag.py:368} DEBUG - Importing /home/airflow/.local/lib/python3.12/site-packages/airflow/example_dags/example_kubernetes_executor.py
[2025-02-19T10:23:56.575+0000] {logging_mixin.py:190} INFO - [2025-02-19T10:23:56.573+0000] {dagbag.py:553} DEBUG - Loaded DAG <DAG: example_kubernetes_executor>
[2025-02-19T10:23:56.575+0000] {processor.py:925} INFO - DAG(s) 'example_kubernetes_executor' retrieved from /home/airflow/.local/lib/python3.12/site-packages/airflow/example_dags/example_kubernetes_executor.py
[2025-02-19T10:23:56.576+0000] {logging_mixin.py:190} INFO - [2025-02-19T10:23:56.576+0000] {dagbag.py:710} DEBUG - Running dagbag.sync_to_db with retries. Try 1 of 3
[2025-02-19T10:23:56.576+0000] {logging_mixin.py:190} INFO - [2025-02-19T10:23:56.576+0000] {dagbag.py:715} DEBUG - Calling the DAG.bulk_sync_to_db method
[2025-02-19T10:23:56.592+0000] {logging_mixin.py:190} INFO - [2025-02-19T10:23:56.592+0000] {serialized_dag.py:168} DEBUG - Checking if DAG (example_kubernetes_executor) changed
[2025-02-19T10:23:56.620+0000] {logging_mixin.py:190} INFO - [2025-02-19T10:23:56.619+0000] {serialized_dag.py:179} DEBUG - Serialized DAG (example_kubernetes_executor) is unchanged. Skipping writing to DB
[2025-02-19T10:23:56.620+0000] {logging_mixin.py:190} INFO - [2025-02-19T10:23:56.620+0000] {dag.py:3229} INFO - Sync 1 DAGs
[2025-02-19T10:23:56.645+0000] {logging_mixin.py:190} INFO - [2025-02-19T10:23:56.645+0000] {dag.py:4156} INFO - Setting next_dagrun for example_kubernetes_executor to None, run_after=None
[2025-02-19T10:23:56.667+0000] {processor.py:208} INFO - Processing /home/airflow/.local/lib/python3.12/site-packages/airflow/example_dags/example_kubernetes_executor.py took 0.118 seconds
[2025-02-19T10:24:26.769+0000] {logging_mixin.py:190} INFO - [2025-02-19T10:24:26.769+0000] {settings.py:475} DEBUG - Setting up DB connection pool (PID 219)
[2025-02-19T10:24:26.771+0000] {logging_mixin.py:190} INFO - [2025-02-19T10:24:26.771+0000] {settings.py:579} DEBUG - settings.prepare_engine_args(): Using pool settings. pool_size=5, max_overflow=10, pool_recycle=1800, pid=219
[2025-02-19T10:24:26.775+0000] {processor.py:186} INFO - Started process (PID=219) to work on /home/airflow/.local/lib/python3.12/site-packages/airflow/example_dags/example_kubernetes_executor.py
[2025-02-19T10:24:26.776+0000] {processor.py:914} INFO - Processing file /home/airflow/.local/lib/python3.12/site-packages/airflow/example_dags/example_kubernetes_executor.py for tasks to queue
[2025-02-19T10:24:26.777+0000] {logging_mixin.py:190} INFO - [2025-02-19T10:24:26.777+0000] {dagbag.py:587} INFO - Filling up the DagBag from /home/airflow/.local/lib/python3.12/site-packages/airflow/example_dags/example_kubernetes_executor.py
[2025-02-19T10:24:26.778+0000] {logging_mixin.py:190} INFO - [2025-02-19T10:24:26.778+0000] {dagbag.py:368} DEBUG - Importing /home/airflow/.local/lib/python3.12/site-packages/airflow/example_dags/example_kubernetes_executor.py
[2025-02-19T10:24:26.790+0000] {logging_mixin.py:190} INFO - [2025-02-19T10:24:26.789+0000] {dagbag.py:553} DEBUG - Loaded DAG <DAG: example_kubernetes_executor>
[2025-02-19T10:24:26.790+0000] {processor.py:925} INFO - DAG(s) 'example_kubernetes_executor' retrieved from /home/airflow/.local/lib/python3.12/site-packages/airflow/example_dags/example_kubernetes_executor.py
[2025-02-19T10:24:26.791+0000] {logging_mixin.py:190} INFO - [2025-02-19T10:24:26.791+0000] {dagbag.py:710} DEBUG - Running dagbag.sync_to_db with retries. Try 1 of 3
[2025-02-19T10:24:26.791+0000] {logging_mixin.py:190} INFO - [2025-02-19T10:24:26.791+0000] {dagbag.py:715} DEBUG - Calling the DAG.bulk_sync_to_db method
[2025-02-19T10:24:26.802+0000] {logging_mixin.py:190} INFO - [2025-02-19T10:24:26.801+0000] {serialized_dag.py:168} DEBUG - Checking if DAG (example_kubernetes_executor) changed
[2025-02-19T10:24:26.824+0000] {logging_mixin.py:190} INFO - [2025-02-19T10:24:26.823+0000] {serialized_dag.py:179} DEBUG - Serialized DAG (example_kubernetes_executor) is unchanged. Skipping writing to DB
[2025-02-19T10:24:26.824+0000] {logging_mixin.py:190} INFO - [2025-02-19T10:24:26.824+0000] {dag.py:3229} INFO - Sync 1 DAGs
[2025-02-19T10:24:26.840+0000] {logging_mixin.py:190} INFO - [2025-02-19T10:24:26.840+0000] {dag.py:4156} INFO - Setting next_dagrun for example_kubernetes_executor to None, run_after=None
[2025-02-19T10:24:26.861+0000] {processor.py:208} INFO - Processing /home/airflow/.local/lib/python3.12/site-packages/airflow/example_dags/example_kubernetes_executor.py took 0.093 seconds
[2025-02-19T10:24:57.553+0000] {logging_mixin.py:190} INFO - [2025-02-19T10:24:57.552+0000] {settings.py:475} DEBUG - Setting up DB connection pool (PID 289)
[2025-02-19T10:24:57.554+0000] {logging_mixin.py:190} INFO - [2025-02-19T10:24:57.554+0000] {settings.py:579} DEBUG - settings.prepare_engine_args(): Using pool settings. pool_size=5, max_overflow=10, pool_recycle=1800, pid=289
[2025-02-19T10:24:57.559+0000] {processor.py:186} INFO - Started process (PID=289) to work on /home/airflow/.local/lib/python3.12/site-packages/airflow/example_dags/example_kubernetes_executor.py
[2025-02-19T10:24:57.560+0000] {processor.py:914} INFO - Processing file /home/airflow/.local/lib/python3.12/site-packages/airflow/example_dags/example_kubernetes_executor.py for tasks to queue
[2025-02-19T10:24:57.561+0000] {logging_mixin.py:190} INFO - [2025-02-19T10:24:57.561+0000] {dagbag.py:587} INFO - Filling up the DagBag from /home/airflow/.local/lib/python3.12/site-packages/airflow/example_dags/example_kubernetes_executor.py
[2025-02-19T10:24:57.562+0000] {logging_mixin.py:190} INFO - [2025-02-19T10:24:57.562+0000] {dagbag.py:368} DEBUG - Importing /home/airflow/.local/lib/python3.12/site-packages/airflow/example_dags/example_kubernetes_executor.py
[2025-02-19T10:24:57.574+0000] {logging_mixin.py:190} INFO - [2025-02-19T10:24:57.573+0000] {dagbag.py:553} DEBUG - Loaded DAG <DAG: example_kubernetes_executor>
[2025-02-19T10:24:57.575+0000] {processor.py:925} INFO - DAG(s) 'example_kubernetes_executor' retrieved from /home/airflow/.local/lib/python3.12/site-packages/airflow/example_dags/example_kubernetes_executor.py
[2025-02-19T10:24:57.576+0000] {logging_mixin.py:190} INFO - [2025-02-19T10:24:57.575+0000] {dagbag.py:710} DEBUG - Running dagbag.sync_to_db with retries. Try 1 of 3
[2025-02-19T10:24:57.576+0000] {logging_mixin.py:190} INFO - [2025-02-19T10:24:57.576+0000] {dagbag.py:715} DEBUG - Calling the DAG.bulk_sync_to_db method
[2025-02-19T10:24:57.587+0000] {logging_mixin.py:190} INFO - [2025-02-19T10:24:57.587+0000] {serialized_dag.py:168} DEBUG - Checking if DAG (example_kubernetes_executor) changed
[2025-02-19T10:24:57.612+0000] {logging_mixin.py:190} INFO - [2025-02-19T10:24:57.612+0000] {serialized_dag.py:179} DEBUG - Serialized DAG (example_kubernetes_executor) is unchanged. Skipping writing to DB
[2025-02-19T10:24:57.613+0000] {logging_mixin.py:190} INFO - [2025-02-19T10:24:57.613+0000] {dag.py:3229} INFO - Sync 1 DAGs
[2025-02-19T10:24:57.626+0000] {logging_mixin.py:190} INFO - [2025-02-19T10:24:57.626+0000] {dag.py:4156} INFO - Setting next_dagrun for example_kubernetes_executor to None, run_after=None
[2025-02-19T10:24:57.644+0000] {processor.py:208} INFO - Processing /home/airflow/.local/lib/python3.12/site-packages/airflow/example_dags/example_kubernetes_executor.py took 0.092 seconds
[2025-02-19T10:25:27.883+0000] {logging_mixin.py:190} INFO - [2025-02-19T10:25:27.882+0000] {settings.py:475} DEBUG - Setting up DB connection pool (PID 352)
[2025-02-19T10:25:27.884+0000] {logging_mixin.py:190} INFO - [2025-02-19T10:25:27.884+0000] {settings.py:579} DEBUG - settings.prepare_engine_args(): Using pool settings. pool_size=5, max_overflow=10, pool_recycle=1800, pid=352
[2025-02-19T10:25:27.888+0000] {processor.py:186} INFO - Started process (PID=352) to work on /home/airflow/.local/lib/python3.12/site-packages/airflow/example_dags/example_kubernetes_executor.py
[2025-02-19T10:25:27.889+0000] {processor.py:914} INFO - Processing file /home/airflow/.local/lib/python3.12/site-packages/airflow/example_dags/example_kubernetes_executor.py for tasks to queue
[2025-02-19T10:25:27.889+0000] {logging_mixin.py:190} INFO - [2025-02-19T10:25:27.889+0000] {dagbag.py:587} INFO - Filling up the DagBag from /home/airflow/.local/lib/python3.12/site-packages/airflow/example_dags/example_kubernetes_executor.py
[2025-02-19T10:25:27.890+0000] {logging_mixin.py:190} INFO - [2025-02-19T10:25:27.890+0000] {dagbag.py:368} DEBUG - Importing /home/airflow/.local/lib/python3.12/site-packages/airflow/example_dags/example_kubernetes_executor.py
[2025-02-19T10:25:27.902+0000] {logging_mixin.py:190} INFO - [2025-02-19T10:25:27.901+0000] {dagbag.py:553} DEBUG - Loaded DAG <DAG: example_kubernetes_executor>
[2025-02-19T10:25:27.903+0000] {processor.py:925} INFO - DAG(s) 'example_kubernetes_executor' retrieved from /home/airflow/.local/lib/python3.12/site-packages/airflow/example_dags/example_kubernetes_executor.py
[2025-02-19T10:25:27.903+0000] {logging_mixin.py:190} INFO - [2025-02-19T10:25:27.903+0000] {dagbag.py:710} DEBUG - Running dagbag.sync_to_db with retries. Try 1 of 3
[2025-02-19T10:25:27.904+0000] {logging_mixin.py:190} INFO - [2025-02-19T10:25:27.903+0000] {dagbag.py:715} DEBUG - Calling the DAG.bulk_sync_to_db method
[2025-02-19T10:25:27.915+0000] {logging_mixin.py:190} INFO - [2025-02-19T10:25:27.915+0000] {serialized_dag.py:168} DEBUG - Checking if DAG (example_kubernetes_executor) changed
[2025-02-19T10:25:27.937+0000] {logging_mixin.py:190} INFO - [2025-02-19T10:25:27.937+0000] {serialized_dag.py:179} DEBUG - Serialized DAG (example_kubernetes_executor) is unchanged. Skipping writing to DB
[2025-02-19T10:25:27.937+0000] {logging_mixin.py:190} INFO - [2025-02-19T10:25:27.937+0000] {dag.py:3229} INFO - Sync 1 DAGs
[2025-02-19T10:25:27.951+0000] {logging_mixin.py:190} INFO - [2025-02-19T10:25:27.951+0000] {dag.py:4156} INFO - Setting next_dagrun for example_kubernetes_executor to None, run_after=None
[2025-02-19T10:25:27.969+0000] {processor.py:208} INFO - Processing /home/airflow/.local/lib/python3.12/site-packages/airflow/example_dags/example_kubernetes_executor.py took 0.087 seconds
[2025-02-19T10:25:58.694+0000] {logging_mixin.py:190} INFO - [2025-02-19T10:25:58.694+0000] {settings.py:475} DEBUG - Setting up DB connection pool (PID 417)
[2025-02-19T10:25:58.696+0000] {logging_mixin.py:190} INFO - [2025-02-19T10:25:58.696+0000] {settings.py:579} DEBUG - settings.prepare_engine_args(): Using pool settings. pool_size=5, max_overflow=10, pool_recycle=1800, pid=417
[2025-02-19T10:25:58.701+0000] {processor.py:186} INFO - Started process (PID=417) to work on /home/airflow/.local/lib/python3.12/site-packages/airflow/example_dags/example_kubernetes_executor.py
[2025-02-19T10:25:58.701+0000] {processor.py:914} INFO - Processing file /home/airflow/.local/lib/python3.12/site-packages/airflow/example_dags/example_kubernetes_executor.py for tasks to queue
[2025-02-19T10:25:58.702+0000] {logging_mixin.py:190} INFO - [2025-02-19T10:25:58.702+0000] {dagbag.py:587} INFO - Filling up the DagBag from /home/airflow/.local/lib/python3.12/site-packages/airflow/example_dags/example_kubernetes_executor.py
[2025-02-19T10:25:58.703+0000] {logging_mixin.py:190} INFO - [2025-02-19T10:25:58.703+0000] {dagbag.py:368} DEBUG - Importing /home/airflow/.local/lib/python3.12/site-packages/airflow/example_dags/example_kubernetes_executor.py
[2025-02-19T10:25:58.715+0000] {logging_mixin.py:190} INFO - [2025-02-19T10:25:58.714+0000] {dagbag.py:553} DEBUG - Loaded DAG <DAG: example_kubernetes_executor>
[2025-02-19T10:25:58.716+0000] {processor.py:925} INFO - DAG(s) 'example_kubernetes_executor' retrieved from /home/airflow/.local/lib/python3.12/site-packages/airflow/example_dags/example_kubernetes_executor.py
[2025-02-19T10:25:58.716+0000] {logging_mixin.py:190} INFO - [2025-02-19T10:25:58.716+0000] {dagbag.py:710} DEBUG - Running dagbag.sync_to_db with retries. Try 1 of 3
[2025-02-19T10:25:58.716+0000] {logging_mixin.py:190} INFO - [2025-02-19T10:25:58.716+0000] {dagbag.py:715} DEBUG - Calling the DAG.bulk_sync_to_db method
[2025-02-19T10:25:58.727+0000] {logging_mixin.py:190} INFO - [2025-02-19T10:25:58.727+0000] {serialized_dag.py:168} DEBUG - Checking if DAG (example_kubernetes_executor) changed
[2025-02-19T10:25:58.749+0000] {logging_mixin.py:190} INFO - [2025-02-19T10:25:58.749+0000] {serialized_dag.py:179} DEBUG - Serialized DAG (example_kubernetes_executor) is unchanged. Skipping writing to DB
[2025-02-19T10:25:58.750+0000] {logging_mixin.py:190} INFO - [2025-02-19T10:25:58.750+0000] {dag.py:3229} INFO - Sync 1 DAGs
[2025-02-19T10:25:58.762+0000] {logging_mixin.py:190} INFO - [2025-02-19T10:25:58.762+0000] {dag.py:4156} INFO - Setting next_dagrun for example_kubernetes_executor to None, run_after=None
[2025-02-19T10:25:58.783+0000] {processor.py:208} INFO - Processing /home/airflow/.local/lib/python3.12/site-packages/airflow/example_dags/example_kubernetes_executor.py took 0.090 seconds
[2025-02-19T10:26:29.377+0000] {logging_mixin.py:190} INFO - [2025-02-19T10:26:29.376+0000] {settings.py:475} DEBUG - Setting up DB connection pool (PID 481)
[2025-02-19T10:26:29.378+0000] {logging_mixin.py:190} INFO - [2025-02-19T10:26:29.378+0000] {settings.py:579} DEBUG - settings.prepare_engine_args(): Using pool settings. pool_size=5, max_overflow=10, pool_recycle=1800, pid=481
[2025-02-19T10:26:29.382+0000] {processor.py:186} INFO - Started process (PID=481) to work on /home/airflow/.local/lib/python3.12/site-packages/airflow/example_dags/example_kubernetes_executor.py
[2025-02-19T10:26:29.383+0000] {processor.py:914} INFO - Processing file /home/airflow/.local/lib/python3.12/site-packages/airflow/example_dags/example_kubernetes_executor.py for tasks to queue
[2025-02-19T10:26:29.384+0000] {logging_mixin.py:190} INFO - [2025-02-19T10:26:29.383+0000] {dagbag.py:587} INFO - Filling up the DagBag from /home/airflow/.local/lib/python3.12/site-packages/airflow/example_dags/example_kubernetes_executor.py
[2025-02-19T10:26:29.385+0000] {logging_mixin.py:190} INFO - [2025-02-19T10:26:29.384+0000] {dagbag.py:368} DEBUG - Importing /home/airflow/.local/lib/python3.12/site-packages/airflow/example_dags/example_kubernetes_executor.py
[2025-02-19T10:26:29.397+0000] {logging_mixin.py:190} INFO - [2025-02-19T10:26:29.395+0000] {dagbag.py:553} DEBUG - Loaded DAG <DAG: example_kubernetes_executor>
[2025-02-19T10:26:29.397+0000] {processor.py:925} INFO - DAG(s) 'example_kubernetes_executor' retrieved from /home/airflow/.local/lib/python3.12/site-packages/airflow/example_dags/example_kubernetes_executor.py
[2025-02-19T10:26:29.397+0000] {logging_mixin.py:190} INFO - [2025-02-19T10:26:29.397+0000] {dagbag.py:710} DEBUG - Running dagbag.sync_to_db with retries. Try 1 of 3
[2025-02-19T10:26:29.398+0000] {logging_mixin.py:190} INFO - [2025-02-19T10:26:29.398+0000] {dagbag.py:715} DEBUG - Calling the DAG.bulk_sync_to_db method
[2025-02-19T10:26:29.408+0000] {logging_mixin.py:190} INFO - [2025-02-19T10:26:29.408+0000] {serialized_dag.py:168} DEBUG - Checking if DAG (example_kubernetes_executor) changed
[2025-02-19T10:26:29.429+0000] {logging_mixin.py:190} INFO - [2025-02-19T10:26:29.429+0000] {serialized_dag.py:179} DEBUG - Serialized DAG (example_kubernetes_executor) is unchanged. Skipping writing to DB
[2025-02-19T10:26:29.430+0000] {logging_mixin.py:190} INFO - [2025-02-19T10:26:29.430+0000] {dag.py:3229} INFO - Sync 1 DAGs
[2025-02-19T10:26:29.441+0000] {logging_mixin.py:190} INFO - [2025-02-19T10:26:29.441+0000] {dag.py:4156} INFO - Setting next_dagrun for example_kubernetes_executor to None, run_after=None
[2025-02-19T10:26:29.457+0000] {processor.py:208} INFO - Processing /home/airflow/.local/lib/python3.12/site-packages/airflow/example_dags/example_kubernetes_executor.py took 0.081 seconds
