[2025-02-19T09:38:26.618+0000] {processor.py:186} INFO - Started process (PID=79) to work on /home/airflow/.local/lib/python3.12/site-packages/airflow/example_dags/example_external_task_marker_dag.py
[2025-02-19T09:38:26.618+0000] {processor.py:914} INFO - Processing file /home/airflow/.local/lib/python3.12/site-packages/airflow/example_dags/example_external_task_marker_dag.py for tasks to queue
[2025-02-19T09:38:26.620+0000] {logging_mixin.py:190} INFO - [2025-02-19T09:38:26.620+0000] {dagbag.py:587} INFO - Filling up the DagBag from /home/airflow/.local/lib/python3.12/site-packages/airflow/example_dags/example_external_task_marker_dag.py
[2025-02-19T09:38:26.630+0000] {processor.py:925} INFO - DAG(s) 'example_external_task_marker_parent', 'example_external_task_marker_child' retrieved from /home/airflow/.local/lib/python3.12/site-packages/airflow/example_dags/example_external_task_marker_dag.py
[2025-02-19T09:38:26.658+0000] {logging_mixin.py:190} INFO - [2025-02-19T09:38:26.657+0000] {dag.py:3229} INFO - Sync 2 DAGs
[2025-02-19T09:38:26.673+0000] {logging_mixin.py:190} INFO - [2025-02-19T09:38:26.672+0000] {dag.py:4156} INFO - Setting next_dagrun for example_external_task_marker_child to None, run_after=None
[2025-02-19T09:38:26.679+0000] {logging_mixin.py:190} INFO - [2025-02-19T09:38:26.679+0000] {dag.py:4156} INFO - Setting next_dagrun for example_external_task_marker_parent to None, run_after=None
[2025-02-19T09:38:26.711+0000] {processor.py:208} INFO - Processing /home/airflow/.local/lib/python3.12/site-packages/airflow/example_dags/example_external_task_marker_dag.py took 0.099 seconds
[2025-02-19T09:38:56.945+0000] {processor.py:186} INFO - Started process (PID=148) to work on /home/airflow/.local/lib/python3.12/site-packages/airflow/example_dags/example_external_task_marker_dag.py
[2025-02-19T09:38:56.946+0000] {processor.py:914} INFO - Processing file /home/airflow/.local/lib/python3.12/site-packages/airflow/example_dags/example_external_task_marker_dag.py for tasks to queue
[2025-02-19T09:38:56.948+0000] {logging_mixin.py:190} INFO - [2025-02-19T09:38:56.948+0000] {dagbag.py:587} INFO - Filling up the DagBag from /home/airflow/.local/lib/python3.12/site-packages/airflow/example_dags/example_external_task_marker_dag.py
[2025-02-19T09:38:56.956+0000] {processor.py:925} INFO - DAG(s) 'example_external_task_marker_child', 'example_external_task_marker_parent' retrieved from /home/airflow/.local/lib/python3.12/site-packages/airflow/example_dags/example_external_task_marker_dag.py
[2025-02-19T09:38:56.980+0000] {logging_mixin.py:190} INFO - [2025-02-19T09:38:56.980+0000] {dag.py:3229} INFO - Sync 2 DAGs
[2025-02-19T09:38:56.995+0000] {logging_mixin.py:190} INFO - [2025-02-19T09:38:56.995+0000] {dag.py:4156} INFO - Setting next_dagrun for example_external_task_marker_child to None, run_after=None
[2025-02-19T09:38:57.000+0000] {logging_mixin.py:190} INFO - [2025-02-19T09:38:56.999+0000] {dag.py:4156} INFO - Setting next_dagrun for example_external_task_marker_parent to None, run_after=None
[2025-02-19T09:38:57.020+0000] {processor.py:208} INFO - Processing /home/airflow/.local/lib/python3.12/site-packages/airflow/example_dags/example_external_task_marker_dag.py took 0.080 seconds
[2025-02-19T09:39:27.641+0000] {processor.py:186} INFO - Started process (PID=212) to work on /home/airflow/.local/lib/python3.12/site-packages/airflow/example_dags/example_external_task_marker_dag.py
[2025-02-19T09:39:27.642+0000] {processor.py:914} INFO - Processing file /home/airflow/.local/lib/python3.12/site-packages/airflow/example_dags/example_external_task_marker_dag.py for tasks to queue
[2025-02-19T09:39:27.644+0000] {logging_mixin.py:190} INFO - [2025-02-19T09:39:27.644+0000] {dagbag.py:587} INFO - Filling up the DagBag from /home/airflow/.local/lib/python3.12/site-packages/airflow/example_dags/example_external_task_marker_dag.py
[2025-02-19T09:39:27.650+0000] {processor.py:925} INFO - DAG(s) 'example_external_task_marker_parent', 'example_external_task_marker_child' retrieved from /home/airflow/.local/lib/python3.12/site-packages/airflow/example_dags/example_external_task_marker_dag.py
[2025-02-19T09:39:27.672+0000] {logging_mixin.py:190} INFO - [2025-02-19T09:39:27.671+0000] {dag.py:3229} INFO - Sync 2 DAGs
[2025-02-19T09:39:27.683+0000] {logging_mixin.py:190} INFO - [2025-02-19T09:39:27.683+0000] {dag.py:4156} INFO - Setting next_dagrun for example_external_task_marker_child to None, run_after=None
[2025-02-19T09:39:27.686+0000] {logging_mixin.py:190} INFO - [2025-02-19T09:39:27.686+0000] {dag.py:4156} INFO - Setting next_dagrun for example_external_task_marker_parent to None, run_after=None
[2025-02-19T09:39:27.701+0000] {processor.py:208} INFO - Processing /home/airflow/.local/lib/python3.12/site-packages/airflow/example_dags/example_external_task_marker_dag.py took 0.065 seconds
[2025-02-19T09:39:57.792+0000] {processor.py:186} INFO - Started process (PID=276) to work on /home/airflow/.local/lib/python3.12/site-packages/airflow/example_dags/example_external_task_marker_dag.py
[2025-02-19T09:39:57.794+0000] {processor.py:914} INFO - Processing file /home/airflow/.local/lib/python3.12/site-packages/airflow/example_dags/example_external_task_marker_dag.py for tasks to queue
[2025-02-19T09:39:57.795+0000] {logging_mixin.py:190} INFO - [2025-02-19T09:39:57.795+0000] {dagbag.py:587} INFO - Filling up the DagBag from /home/airflow/.local/lib/python3.12/site-packages/airflow/example_dags/example_external_task_marker_dag.py
[2025-02-19T09:39:57.801+0000] {processor.py:925} INFO - DAG(s) 'example_external_task_marker_parent', 'example_external_task_marker_child' retrieved from /home/airflow/.local/lib/python3.12/site-packages/airflow/example_dags/example_external_task_marker_dag.py
[2025-02-19T09:39:57.820+0000] {logging_mixin.py:190} INFO - [2025-02-19T09:39:57.820+0000] {dag.py:3229} INFO - Sync 2 DAGs
[2025-02-19T09:39:57.831+0000] {logging_mixin.py:190} INFO - [2025-02-19T09:39:57.831+0000] {dag.py:4156} INFO - Setting next_dagrun for example_external_task_marker_child to None, run_after=None
[2025-02-19T09:39:57.834+0000] {logging_mixin.py:190} INFO - [2025-02-19T09:39:57.834+0000] {dag.py:4156} INFO - Setting next_dagrun for example_external_task_marker_parent to None, run_after=None
[2025-02-19T09:39:57.846+0000] {processor.py:208} INFO - Processing /home/airflow/.local/lib/python3.12/site-packages/airflow/example_dags/example_external_task_marker_dag.py took 0.059 seconds
[2025-02-19T09:40:28.041+0000] {processor.py:186} INFO - Started process (PID=340) to work on /home/airflow/.local/lib/python3.12/site-packages/airflow/example_dags/example_external_task_marker_dag.py
[2025-02-19T09:40:28.042+0000] {processor.py:914} INFO - Processing file /home/airflow/.local/lib/python3.12/site-packages/airflow/example_dags/example_external_task_marker_dag.py for tasks to queue
[2025-02-19T09:40:28.044+0000] {logging_mixin.py:190} INFO - [2025-02-19T09:40:28.044+0000] {dagbag.py:587} INFO - Filling up the DagBag from /home/airflow/.local/lib/python3.12/site-packages/airflow/example_dags/example_external_task_marker_dag.py
[2025-02-19T09:40:28.051+0000] {processor.py:925} INFO - DAG(s) 'example_external_task_marker_parent', 'example_external_task_marker_child' retrieved from /home/airflow/.local/lib/python3.12/site-packages/airflow/example_dags/example_external_task_marker_dag.py
[2025-02-19T09:40:28.070+0000] {logging_mixin.py:190} INFO - [2025-02-19T09:40:28.070+0000] {dag.py:3229} INFO - Sync 2 DAGs
[2025-02-19T09:40:28.082+0000] {logging_mixin.py:190} INFO - [2025-02-19T09:40:28.082+0000] {dag.py:4156} INFO - Setting next_dagrun for example_external_task_marker_child to None, run_after=None
[2025-02-19T09:40:28.086+0000] {logging_mixin.py:190} INFO - [2025-02-19T09:40:28.085+0000] {dag.py:4156} INFO - Setting next_dagrun for example_external_task_marker_parent to None, run_after=None
[2025-02-19T09:40:28.100+0000] {processor.py:208} INFO - Processing /home/airflow/.local/lib/python3.12/site-packages/airflow/example_dags/example_external_task_marker_dag.py took 0.063 seconds
[2025-02-19T09:40:58.380+0000] {processor.py:186} INFO - Started process (PID=404) to work on /home/airflow/.local/lib/python3.12/site-packages/airflow/example_dags/example_external_task_marker_dag.py
[2025-02-19T09:40:58.382+0000] {processor.py:914} INFO - Processing file /home/airflow/.local/lib/python3.12/site-packages/airflow/example_dags/example_external_task_marker_dag.py for tasks to queue
[2025-02-19T09:40:58.383+0000] {logging_mixin.py:190} INFO - [2025-02-19T09:40:58.383+0000] {dagbag.py:587} INFO - Filling up the DagBag from /home/airflow/.local/lib/python3.12/site-packages/airflow/example_dags/example_external_task_marker_dag.py
[2025-02-19T09:40:58.390+0000] {processor.py:925} INFO - DAG(s) 'example_external_task_marker_parent', 'example_external_task_marker_child' retrieved from /home/airflow/.local/lib/python3.12/site-packages/airflow/example_dags/example_external_task_marker_dag.py
[2025-02-19T09:40:58.410+0000] {logging_mixin.py:190} INFO - [2025-02-19T09:40:58.409+0000] {dag.py:3229} INFO - Sync 2 DAGs
[2025-02-19T09:40:58.420+0000] {logging_mixin.py:190} INFO - [2025-02-19T09:40:58.420+0000] {dag.py:4156} INFO - Setting next_dagrun for example_external_task_marker_child to None, run_after=None
[2025-02-19T09:40:58.423+0000] {logging_mixin.py:190} INFO - [2025-02-19T09:40:58.422+0000] {dag.py:4156} INFO - Setting next_dagrun for example_external_task_marker_parent to None, run_after=None
[2025-02-19T09:40:58.436+0000] {processor.py:208} INFO - Processing /home/airflow/.local/lib/python3.12/site-packages/airflow/example_dags/example_external_task_marker_dag.py took 0.059 seconds
[2025-02-19T09:41:28.657+0000] {processor.py:186} INFO - Started process (PID=468) to work on /home/airflow/.local/lib/python3.12/site-packages/airflow/example_dags/example_external_task_marker_dag.py
[2025-02-19T09:41:28.658+0000] {processor.py:914} INFO - Processing file /home/airflow/.local/lib/python3.12/site-packages/airflow/example_dags/example_external_task_marker_dag.py for tasks to queue
[2025-02-19T09:41:28.660+0000] {logging_mixin.py:190} INFO - [2025-02-19T09:41:28.660+0000] {dagbag.py:587} INFO - Filling up the DagBag from /home/airflow/.local/lib/python3.12/site-packages/airflow/example_dags/example_external_task_marker_dag.py
[2025-02-19T09:41:28.667+0000] {processor.py:925} INFO - DAG(s) 'example_external_task_marker_parent', 'example_external_task_marker_child' retrieved from /home/airflow/.local/lib/python3.12/site-packages/airflow/example_dags/example_external_task_marker_dag.py
[2025-02-19T09:41:28.688+0000] {logging_mixin.py:190} INFO - [2025-02-19T09:41:28.688+0000] {dag.py:3229} INFO - Sync 2 DAGs
[2025-02-19T09:41:28.702+0000] {logging_mixin.py:190} INFO - [2025-02-19T09:41:28.701+0000] {dag.py:4156} INFO - Setting next_dagrun for example_external_task_marker_child to None, run_after=None
[2025-02-19T09:41:28.705+0000] {logging_mixin.py:190} INFO - [2025-02-19T09:41:28.705+0000] {dag.py:4156} INFO - Setting next_dagrun for example_external_task_marker_parent to None, run_after=None
[2025-02-19T09:41:28.720+0000] {processor.py:208} INFO - Processing /home/airflow/.local/lib/python3.12/site-packages/airflow/example_dags/example_external_task_marker_dag.py took 0.067 seconds
[2025-02-19T09:41:58.805+0000] {processor.py:186} INFO - Started process (PID=532) to work on /home/airflow/.local/lib/python3.12/site-packages/airflow/example_dags/example_external_task_marker_dag.py
[2025-02-19T09:41:58.806+0000] {processor.py:914} INFO - Processing file /home/airflow/.local/lib/python3.12/site-packages/airflow/example_dags/example_external_task_marker_dag.py for tasks to queue
[2025-02-19T09:41:58.807+0000] {logging_mixin.py:190} INFO - [2025-02-19T09:41:58.807+0000] {dagbag.py:587} INFO - Filling up the DagBag from /home/airflow/.local/lib/python3.12/site-packages/airflow/example_dags/example_external_task_marker_dag.py
[2025-02-19T09:41:58.813+0000] {processor.py:925} INFO - DAG(s) 'example_external_task_marker_child', 'example_external_task_marker_parent' retrieved from /home/airflow/.local/lib/python3.12/site-packages/airflow/example_dags/example_external_task_marker_dag.py
[2025-02-19T09:41:58.830+0000] {logging_mixin.py:190} INFO - [2025-02-19T09:41:58.830+0000] {dag.py:3229} INFO - Sync 2 DAGs
[2025-02-19T09:41:58.841+0000] {logging_mixin.py:190} INFO - [2025-02-19T09:41:58.841+0000] {dag.py:4156} INFO - Setting next_dagrun for example_external_task_marker_child to None, run_after=None
[2025-02-19T09:41:58.843+0000] {logging_mixin.py:190} INFO - [2025-02-19T09:41:58.843+0000] {dag.py:4156} INFO - Setting next_dagrun for example_external_task_marker_parent to None, run_after=None
[2025-02-19T09:41:58.858+0000] {processor.py:208} INFO - Processing /home/airflow/.local/lib/python3.12/site-packages/airflow/example_dags/example_external_task_marker_dag.py took 0.057 seconds
[2025-02-19T09:42:28.969+0000] {processor.py:186} INFO - Started process (PID=596) to work on /home/airflow/.local/lib/python3.12/site-packages/airflow/example_dags/example_external_task_marker_dag.py
[2025-02-19T09:42:28.970+0000] {processor.py:914} INFO - Processing file /home/airflow/.local/lib/python3.12/site-packages/airflow/example_dags/example_external_task_marker_dag.py for tasks to queue
[2025-02-19T09:42:28.972+0000] {logging_mixin.py:190} INFO - [2025-02-19T09:42:28.972+0000] {dagbag.py:587} INFO - Filling up the DagBag from /home/airflow/.local/lib/python3.12/site-packages/airflow/example_dags/example_external_task_marker_dag.py
[2025-02-19T09:42:28.978+0000] {processor.py:925} INFO - DAG(s) 'example_external_task_marker_parent', 'example_external_task_marker_child' retrieved from /home/airflow/.local/lib/python3.12/site-packages/airflow/example_dags/example_external_task_marker_dag.py
[2025-02-19T09:42:28.997+0000] {logging_mixin.py:190} INFO - [2025-02-19T09:42:28.996+0000] {dag.py:3229} INFO - Sync 2 DAGs
[2025-02-19T09:42:29.008+0000] {logging_mixin.py:190} INFO - [2025-02-19T09:42:29.008+0000] {dag.py:4156} INFO - Setting next_dagrun for example_external_task_marker_child to None, run_after=None
[2025-02-19T09:42:29.012+0000] {logging_mixin.py:190} INFO - [2025-02-19T09:42:29.012+0000] {dag.py:4156} INFO - Setting next_dagrun for example_external_task_marker_parent to None, run_after=None
[2025-02-19T09:42:29.026+0000] {processor.py:208} INFO - Processing /home/airflow/.local/lib/python3.12/site-packages/airflow/example_dags/example_external_task_marker_dag.py took 0.061 seconds
[2025-02-19T09:42:59.129+0000] {processor.py:186} INFO - Started process (PID=660) to work on /home/airflow/.local/lib/python3.12/site-packages/airflow/example_dags/example_external_task_marker_dag.py
[2025-02-19T09:42:59.130+0000] {processor.py:914} INFO - Processing file /home/airflow/.local/lib/python3.12/site-packages/airflow/example_dags/example_external_task_marker_dag.py for tasks to queue
[2025-02-19T09:42:59.132+0000] {logging_mixin.py:190} INFO - [2025-02-19T09:42:59.132+0000] {dagbag.py:587} INFO - Filling up the DagBag from /home/airflow/.local/lib/python3.12/site-packages/airflow/example_dags/example_external_task_marker_dag.py
[2025-02-19T09:42:59.139+0000] {processor.py:925} INFO - DAG(s) 'example_external_task_marker_child', 'example_external_task_marker_parent' retrieved from /home/airflow/.local/lib/python3.12/site-packages/airflow/example_dags/example_external_task_marker_dag.py
[2025-02-19T09:42:59.160+0000] {logging_mixin.py:190} INFO - [2025-02-19T09:42:59.160+0000] {dag.py:3229} INFO - Sync 2 DAGs
[2025-02-19T09:42:59.172+0000] {logging_mixin.py:190} INFO - [2025-02-19T09:42:59.172+0000] {dag.py:4156} INFO - Setting next_dagrun for example_external_task_marker_child to None, run_after=None
[2025-02-19T09:42:59.175+0000] {logging_mixin.py:190} INFO - [2025-02-19T09:42:59.175+0000] {dag.py:4156} INFO - Setting next_dagrun for example_external_task_marker_parent to None, run_after=None
[2025-02-19T09:42:59.188+0000] {processor.py:208} INFO - Processing /home/airflow/.local/lib/python3.12/site-packages/airflow/example_dags/example_external_task_marker_dag.py took 0.064 seconds
[2025-02-19T09:43:30.306+0000] {processor.py:186} INFO - Started process (PID=724) to work on /home/airflow/.local/lib/python3.12/site-packages/airflow/example_dags/example_external_task_marker_dag.py
[2025-02-19T09:43:30.307+0000] {processor.py:914} INFO - Processing file /home/airflow/.local/lib/python3.12/site-packages/airflow/example_dags/example_external_task_marker_dag.py for tasks to queue
[2025-02-19T09:43:30.308+0000] {logging_mixin.py:190} INFO - [2025-02-19T09:43:30.308+0000] {dagbag.py:587} INFO - Filling up the DagBag from /home/airflow/.local/lib/python3.12/site-packages/airflow/example_dags/example_external_task_marker_dag.py
[2025-02-19T09:43:30.315+0000] {processor.py:925} INFO - DAG(s) 'example_external_task_marker_child', 'example_external_task_marker_parent' retrieved from /home/airflow/.local/lib/python3.12/site-packages/airflow/example_dags/example_external_task_marker_dag.py
[2025-02-19T09:43:30.334+0000] {logging_mixin.py:190} INFO - [2025-02-19T09:43:30.334+0000] {dag.py:3229} INFO - Sync 2 DAGs
[2025-02-19T09:43:30.346+0000] {logging_mixin.py:190} INFO - [2025-02-19T09:43:30.345+0000] {dag.py:4156} INFO - Setting next_dagrun for example_external_task_marker_child to None, run_after=None
[2025-02-19T09:43:30.349+0000] {logging_mixin.py:190} INFO - [2025-02-19T09:43:30.348+0000] {dag.py:4156} INFO - Setting next_dagrun for example_external_task_marker_parent to None, run_after=None
[2025-02-19T09:43:30.363+0000] {processor.py:208} INFO - Processing /home/airflow/.local/lib/python3.12/site-packages/airflow/example_dags/example_external_task_marker_dag.py took 0.062 seconds
[2025-02-19T09:44:00.625+0000] {processor.py:186} INFO - Started process (PID=788) to work on /home/airflow/.local/lib/python3.12/site-packages/airflow/example_dags/example_external_task_marker_dag.py
[2025-02-19T09:44:00.626+0000] {processor.py:914} INFO - Processing file /home/airflow/.local/lib/python3.12/site-packages/airflow/example_dags/example_external_task_marker_dag.py for tasks to queue
[2025-02-19T09:44:00.628+0000] {logging_mixin.py:190} INFO - [2025-02-19T09:44:00.627+0000] {dagbag.py:587} INFO - Filling up the DagBag from /home/airflow/.local/lib/python3.12/site-packages/airflow/example_dags/example_external_task_marker_dag.py
[2025-02-19T09:44:00.634+0000] {processor.py:925} INFO - DAG(s) 'example_external_task_marker_parent', 'example_external_task_marker_child' retrieved from /home/airflow/.local/lib/python3.12/site-packages/airflow/example_dags/example_external_task_marker_dag.py
[2025-02-19T09:44:00.653+0000] {logging_mixin.py:190} INFO - [2025-02-19T09:44:00.652+0000] {dag.py:3229} INFO - Sync 2 DAGs
[2025-02-19T09:44:00.663+0000] {logging_mixin.py:190} INFO - [2025-02-19T09:44:00.663+0000] {dag.py:4156} INFO - Setting next_dagrun for example_external_task_marker_child to None, run_after=None
[2025-02-19T09:44:00.666+0000] {logging_mixin.py:190} INFO - [2025-02-19T09:44:00.666+0000] {dag.py:4156} INFO - Setting next_dagrun for example_external_task_marker_parent to None, run_after=None
[2025-02-19T09:44:00.683+0000] {processor.py:208} INFO - Processing /home/airflow/.local/lib/python3.12/site-packages/airflow/example_dags/example_external_task_marker_dag.py took 0.063 seconds
[2025-02-19T09:44:30.811+0000] {processor.py:186} INFO - Started process (PID=852) to work on /home/airflow/.local/lib/python3.12/site-packages/airflow/example_dags/example_external_task_marker_dag.py
[2025-02-19T09:44:30.812+0000] {processor.py:914} INFO - Processing file /home/airflow/.local/lib/python3.12/site-packages/airflow/example_dags/example_external_task_marker_dag.py for tasks to queue
[2025-02-19T09:44:30.814+0000] {logging_mixin.py:190} INFO - [2025-02-19T09:44:30.813+0000] {dagbag.py:587} INFO - Filling up the DagBag from /home/airflow/.local/lib/python3.12/site-packages/airflow/example_dags/example_external_task_marker_dag.py
[2025-02-19T09:44:30.820+0000] {processor.py:925} INFO - DAG(s) 'example_external_task_marker_parent', 'example_external_task_marker_child' retrieved from /home/airflow/.local/lib/python3.12/site-packages/airflow/example_dags/example_external_task_marker_dag.py
[2025-02-19T09:44:30.839+0000] {logging_mixin.py:190} INFO - [2025-02-19T09:44:30.838+0000] {dag.py:3229} INFO - Sync 2 DAGs
[2025-02-19T09:44:30.849+0000] {logging_mixin.py:190} INFO - [2025-02-19T09:44:30.849+0000] {dag.py:4156} INFO - Setting next_dagrun for example_external_task_marker_child to None, run_after=None
[2025-02-19T09:44:30.852+0000] {logging_mixin.py:190} INFO - [2025-02-19T09:44:30.852+0000] {dag.py:4156} INFO - Setting next_dagrun for example_external_task_marker_parent to None, run_after=None
[2025-02-19T09:44:30.863+0000] {processor.py:208} INFO - Processing /home/airflow/.local/lib/python3.12/site-packages/airflow/example_dags/example_external_task_marker_dag.py took 0.056 seconds
[2025-02-19T09:45:01.048+0000] {processor.py:186} INFO - Started process (PID=916) to work on /home/airflow/.local/lib/python3.12/site-packages/airflow/example_dags/example_external_task_marker_dag.py
[2025-02-19T09:45:01.050+0000] {processor.py:914} INFO - Processing file /home/airflow/.local/lib/python3.12/site-packages/airflow/example_dags/example_external_task_marker_dag.py for tasks to queue
[2025-02-19T09:45:01.052+0000] {logging_mixin.py:190} INFO - [2025-02-19T09:45:01.051+0000] {dagbag.py:587} INFO - Filling up the DagBag from /home/airflow/.local/lib/python3.12/site-packages/airflow/example_dags/example_external_task_marker_dag.py
[2025-02-19T09:45:01.059+0000] {processor.py:925} INFO - DAG(s) 'example_external_task_marker_parent', 'example_external_task_marker_child' retrieved from /home/airflow/.local/lib/python3.12/site-packages/airflow/example_dags/example_external_task_marker_dag.py
[2025-02-19T09:45:01.078+0000] {logging_mixin.py:190} INFO - [2025-02-19T09:45:01.077+0000] {dag.py:3229} INFO - Sync 2 DAGs
[2025-02-19T09:45:01.090+0000] {logging_mixin.py:190} INFO - [2025-02-19T09:45:01.090+0000] {dag.py:4156} INFO - Setting next_dagrun for example_external_task_marker_child to None, run_after=None
[2025-02-19T09:45:01.093+0000] {logging_mixin.py:190} INFO - [2025-02-19T09:45:01.093+0000] {dag.py:4156} INFO - Setting next_dagrun for example_external_task_marker_parent to None, run_after=None
[2025-02-19T09:45:01.108+0000] {processor.py:208} INFO - Processing /home/airflow/.local/lib/python3.12/site-packages/airflow/example_dags/example_external_task_marker_dag.py took 0.064 seconds
[2025-02-19T09:45:31.232+0000] {processor.py:186} INFO - Started process (PID=980) to work on /home/airflow/.local/lib/python3.12/site-packages/airflow/example_dags/example_external_task_marker_dag.py
[2025-02-19T09:45:31.233+0000] {processor.py:914} INFO - Processing file /home/airflow/.local/lib/python3.12/site-packages/airflow/example_dags/example_external_task_marker_dag.py for tasks to queue
[2025-02-19T09:45:31.234+0000] {logging_mixin.py:190} INFO - [2025-02-19T09:45:31.234+0000] {dagbag.py:587} INFO - Filling up the DagBag from /home/airflow/.local/lib/python3.12/site-packages/airflow/example_dags/example_external_task_marker_dag.py
[2025-02-19T09:45:31.241+0000] {processor.py:925} INFO - DAG(s) 'example_external_task_marker_parent', 'example_external_task_marker_child' retrieved from /home/airflow/.local/lib/python3.12/site-packages/airflow/example_dags/example_external_task_marker_dag.py
[2025-02-19T09:45:31.260+0000] {logging_mixin.py:190} INFO - [2025-02-19T09:45:31.259+0000] {dag.py:3229} INFO - Sync 2 DAGs
[2025-02-19T09:45:31.272+0000] {logging_mixin.py:190} INFO - [2025-02-19T09:45:31.272+0000] {dag.py:4156} INFO - Setting next_dagrun for example_external_task_marker_child to None, run_after=None
[2025-02-19T09:45:31.275+0000] {logging_mixin.py:190} INFO - [2025-02-19T09:45:31.275+0000] {dag.py:4156} INFO - Setting next_dagrun for example_external_task_marker_parent to None, run_after=None
[2025-02-19T09:45:31.289+0000] {processor.py:208} INFO - Processing /home/airflow/.local/lib/python3.12/site-packages/airflow/example_dags/example_external_task_marker_dag.py took 0.062 seconds
[2025-02-19T09:46:01.441+0000] {processor.py:186} INFO - Started process (PID=1044) to work on /home/airflow/.local/lib/python3.12/site-packages/airflow/example_dags/example_external_task_marker_dag.py
[2025-02-19T09:46:01.442+0000] {processor.py:914} INFO - Processing file /home/airflow/.local/lib/python3.12/site-packages/airflow/example_dags/example_external_task_marker_dag.py for tasks to queue
[2025-02-19T09:46:01.443+0000] {logging_mixin.py:190} INFO - [2025-02-19T09:46:01.443+0000] {dagbag.py:587} INFO - Filling up the DagBag from /home/airflow/.local/lib/python3.12/site-packages/airflow/example_dags/example_external_task_marker_dag.py
[2025-02-19T09:46:01.449+0000] {processor.py:925} INFO - DAG(s) 'example_external_task_marker_parent', 'example_external_task_marker_child' retrieved from /home/airflow/.local/lib/python3.12/site-packages/airflow/example_dags/example_external_task_marker_dag.py
[2025-02-19T09:46:01.469+0000] {logging_mixin.py:190} INFO - [2025-02-19T09:46:01.468+0000] {dag.py:3229} INFO - Sync 2 DAGs
[2025-02-19T09:46:01.479+0000] {logging_mixin.py:190} INFO - [2025-02-19T09:46:01.479+0000] {dag.py:4156} INFO - Setting next_dagrun for example_external_task_marker_child to None, run_after=None
[2025-02-19T09:46:01.482+0000] {logging_mixin.py:190} INFO - [2025-02-19T09:46:01.482+0000] {dag.py:4156} INFO - Setting next_dagrun for example_external_task_marker_parent to None, run_after=None
[2025-02-19T09:46:01.494+0000] {processor.py:208} INFO - Processing /home/airflow/.local/lib/python3.12/site-packages/airflow/example_dags/example_external_task_marker_dag.py took 0.057 seconds
[2025-02-19T09:46:32.362+0000] {processor.py:186} INFO - Started process (PID=1108) to work on /home/airflow/.local/lib/python3.12/site-packages/airflow/example_dags/example_external_task_marker_dag.py
[2025-02-19T09:46:32.363+0000] {processor.py:914} INFO - Processing file /home/airflow/.local/lib/python3.12/site-packages/airflow/example_dags/example_external_task_marker_dag.py for tasks to queue
[2025-02-19T09:46:32.365+0000] {logging_mixin.py:190} INFO - [2025-02-19T09:46:32.365+0000] {dagbag.py:587} INFO - Filling up the DagBag from /home/airflow/.local/lib/python3.12/site-packages/airflow/example_dags/example_external_task_marker_dag.py
[2025-02-19T09:46:32.371+0000] {processor.py:925} INFO - DAG(s) 'example_external_task_marker_child', 'example_external_task_marker_parent' retrieved from /home/airflow/.local/lib/python3.12/site-packages/airflow/example_dags/example_external_task_marker_dag.py
[2025-02-19T09:46:32.388+0000] {logging_mixin.py:190} INFO - [2025-02-19T09:46:32.387+0000] {dag.py:3229} INFO - Sync 2 DAGs
[2025-02-19T09:46:32.399+0000] {logging_mixin.py:190} INFO - [2025-02-19T09:46:32.399+0000] {dag.py:4156} INFO - Setting next_dagrun for example_external_task_marker_child to None, run_after=None
[2025-02-19T09:46:32.402+0000] {logging_mixin.py:190} INFO - [2025-02-19T09:46:32.402+0000] {dag.py:4156} INFO - Setting next_dagrun for example_external_task_marker_parent to None, run_after=None
[2025-02-19T09:46:32.413+0000] {processor.py:208} INFO - Processing /home/airflow/.local/lib/python3.12/site-packages/airflow/example_dags/example_external_task_marker_dag.py took 0.055 seconds
[2025-02-19T09:47:03.209+0000] {processor.py:186} INFO - Started process (PID=1172) to work on /home/airflow/.local/lib/python3.12/site-packages/airflow/example_dags/example_external_task_marker_dag.py
[2025-02-19T09:47:03.210+0000] {processor.py:914} INFO - Processing file /home/airflow/.local/lib/python3.12/site-packages/airflow/example_dags/example_external_task_marker_dag.py for tasks to queue
[2025-02-19T09:47:03.212+0000] {logging_mixin.py:190} INFO - [2025-02-19T09:47:03.212+0000] {dagbag.py:587} INFO - Filling up the DagBag from /home/airflow/.local/lib/python3.12/site-packages/airflow/example_dags/example_external_task_marker_dag.py
[2025-02-19T09:47:03.222+0000] {processor.py:925} INFO - DAG(s) 'example_external_task_marker_child', 'example_external_task_marker_parent' retrieved from /home/airflow/.local/lib/python3.12/site-packages/airflow/example_dags/example_external_task_marker_dag.py
[2025-02-19T09:47:03.245+0000] {logging_mixin.py:190} INFO - [2025-02-19T09:47:03.244+0000] {dag.py:3229} INFO - Sync 2 DAGs
[2025-02-19T09:47:03.258+0000] {logging_mixin.py:190} INFO - [2025-02-19T09:47:03.258+0000] {dag.py:4156} INFO - Setting next_dagrun for example_external_task_marker_child to None, run_after=None
[2025-02-19T09:47:03.262+0000] {logging_mixin.py:190} INFO - [2025-02-19T09:47:03.261+0000] {dag.py:4156} INFO - Setting next_dagrun for example_external_task_marker_parent to None, run_after=None
[2025-02-19T09:47:03.278+0000] {processor.py:208} INFO - Processing /home/airflow/.local/lib/python3.12/site-packages/airflow/example_dags/example_external_task_marker_dag.py took 0.074 seconds
[2025-02-19T09:47:33.595+0000] {processor.py:186} INFO - Started process (PID=1236) to work on /home/airflow/.local/lib/python3.12/site-packages/airflow/example_dags/example_external_task_marker_dag.py
[2025-02-19T09:47:33.596+0000] {processor.py:914} INFO - Processing file /home/airflow/.local/lib/python3.12/site-packages/airflow/example_dags/example_external_task_marker_dag.py for tasks to queue
[2025-02-19T09:47:33.598+0000] {logging_mixin.py:190} INFO - [2025-02-19T09:47:33.598+0000] {dagbag.py:587} INFO - Filling up the DagBag from /home/airflow/.local/lib/python3.12/site-packages/airflow/example_dags/example_external_task_marker_dag.py
[2025-02-19T09:47:33.605+0000] {processor.py:925} INFO - DAG(s) 'example_external_task_marker_child', 'example_external_task_marker_parent' retrieved from /home/airflow/.local/lib/python3.12/site-packages/airflow/example_dags/example_external_task_marker_dag.py
[2025-02-19T09:47:33.628+0000] {logging_mixin.py:190} INFO - [2025-02-19T09:47:33.627+0000] {dag.py:3229} INFO - Sync 2 DAGs
[2025-02-19T09:47:33.642+0000] {logging_mixin.py:190} INFO - [2025-02-19T09:47:33.642+0000] {dag.py:4156} INFO - Setting next_dagrun for example_external_task_marker_child to None, run_after=None
[2025-02-19T09:47:33.646+0000] {logging_mixin.py:190} INFO - [2025-02-19T09:47:33.645+0000] {dag.py:4156} INFO - Setting next_dagrun for example_external_task_marker_parent to None, run_after=None
[2025-02-19T09:47:33.662+0000] {processor.py:208} INFO - Processing /home/airflow/.local/lib/python3.12/site-packages/airflow/example_dags/example_external_task_marker_dag.py took 0.071 seconds
[2025-02-19T09:48:04.014+0000] {processor.py:186} INFO - Started process (PID=1301) to work on /home/airflow/.local/lib/python3.12/site-packages/airflow/example_dags/example_external_task_marker_dag.py
[2025-02-19T09:48:04.015+0000] {processor.py:914} INFO - Processing file /home/airflow/.local/lib/python3.12/site-packages/airflow/example_dags/example_external_task_marker_dag.py for tasks to queue
[2025-02-19T09:48:04.017+0000] {logging_mixin.py:190} INFO - [2025-02-19T09:48:04.017+0000] {dagbag.py:587} INFO - Filling up the DagBag from /home/airflow/.local/lib/python3.12/site-packages/airflow/example_dags/example_external_task_marker_dag.py
[2025-02-19T09:48:04.024+0000] {processor.py:925} INFO - DAG(s) 'example_external_task_marker_parent', 'example_external_task_marker_child' retrieved from /home/airflow/.local/lib/python3.12/site-packages/airflow/example_dags/example_external_task_marker_dag.py
[2025-02-19T09:48:04.050+0000] {logging_mixin.py:190} INFO - [2025-02-19T09:48:04.049+0000] {dag.py:3229} INFO - Sync 2 DAGs
[2025-02-19T09:48:04.064+0000] {logging_mixin.py:190} INFO - [2025-02-19T09:48:04.064+0000] {dag.py:4156} INFO - Setting next_dagrun for example_external_task_marker_child to None, run_after=None
[2025-02-19T09:48:04.068+0000] {logging_mixin.py:190} INFO - [2025-02-19T09:48:04.068+0000] {dag.py:4156} INFO - Setting next_dagrun for example_external_task_marker_parent to None, run_after=None
[2025-02-19T09:48:04.084+0000] {processor.py:208} INFO - Processing /home/airflow/.local/lib/python3.12/site-packages/airflow/example_dags/example_external_task_marker_dag.py took 0.075 seconds
[2025-02-19T09:48:34.137+0000] {processor.py:186} INFO - Started process (PID=1365) to work on /home/airflow/.local/lib/python3.12/site-packages/airflow/example_dags/example_external_task_marker_dag.py
[2025-02-19T09:48:34.138+0000] {processor.py:914} INFO - Processing file /home/airflow/.local/lib/python3.12/site-packages/airflow/example_dags/example_external_task_marker_dag.py for tasks to queue
[2025-02-19T09:48:34.140+0000] {logging_mixin.py:190} INFO - [2025-02-19T09:48:34.140+0000] {dagbag.py:587} INFO - Filling up the DagBag from /home/airflow/.local/lib/python3.12/site-packages/airflow/example_dags/example_external_task_marker_dag.py
[2025-02-19T09:48:34.147+0000] {processor.py:925} INFO - DAG(s) 'example_external_task_marker_parent', 'example_external_task_marker_child' retrieved from /home/airflow/.local/lib/python3.12/site-packages/airflow/example_dags/example_external_task_marker_dag.py
[2025-02-19T09:48:34.168+0000] {logging_mixin.py:190} INFO - [2025-02-19T09:48:34.167+0000] {dag.py:3229} INFO - Sync 2 DAGs
[2025-02-19T09:48:34.180+0000] {logging_mixin.py:190} INFO - [2025-02-19T09:48:34.180+0000] {dag.py:4156} INFO - Setting next_dagrun for example_external_task_marker_child to None, run_after=None
[2025-02-19T09:48:34.184+0000] {logging_mixin.py:190} INFO - [2025-02-19T09:48:34.184+0000] {dag.py:4156} INFO - Setting next_dagrun for example_external_task_marker_parent to None, run_after=None
[2025-02-19T09:48:34.201+0000] {processor.py:208} INFO - Processing /home/airflow/.local/lib/python3.12/site-packages/airflow/example_dags/example_external_task_marker_dag.py took 0.068 seconds
[2025-02-19T09:49:05.130+0000] {processor.py:186} INFO - Started process (PID=1429) to work on /home/airflow/.local/lib/python3.12/site-packages/airflow/example_dags/example_external_task_marker_dag.py
[2025-02-19T09:49:05.131+0000] {processor.py:914} INFO - Processing file /home/airflow/.local/lib/python3.12/site-packages/airflow/example_dags/example_external_task_marker_dag.py for tasks to queue
[2025-02-19T09:49:05.133+0000] {logging_mixin.py:190} INFO - [2025-02-19T09:49:05.133+0000] {dagbag.py:587} INFO - Filling up the DagBag from /home/airflow/.local/lib/python3.12/site-packages/airflow/example_dags/example_external_task_marker_dag.py
[2025-02-19T09:49:05.141+0000] {processor.py:925} INFO - DAG(s) 'example_external_task_marker_child', 'example_external_task_marker_parent' retrieved from /home/airflow/.local/lib/python3.12/site-packages/airflow/example_dags/example_external_task_marker_dag.py
[2025-02-19T09:49:05.161+0000] {logging_mixin.py:190} INFO - [2025-02-19T09:49:05.161+0000] {dag.py:3229} INFO - Sync 2 DAGs
[2025-02-19T09:49:05.173+0000] {logging_mixin.py:190} INFO - [2025-02-19T09:49:05.172+0000] {dag.py:4156} INFO - Setting next_dagrun for example_external_task_marker_child to None, run_after=None
[2025-02-19T09:49:05.175+0000] {logging_mixin.py:190} INFO - [2025-02-19T09:49:05.175+0000] {dag.py:4156} INFO - Setting next_dagrun for example_external_task_marker_parent to None, run_after=None
[2025-02-19T09:49:05.187+0000] {processor.py:208} INFO - Processing /home/airflow/.local/lib/python3.12/site-packages/airflow/example_dags/example_external_task_marker_dag.py took 0.062 seconds
[2025-02-19T09:49:36.059+0000] {processor.py:186} INFO - Started process (PID=1493) to work on /home/airflow/.local/lib/python3.12/site-packages/airflow/example_dags/example_external_task_marker_dag.py
[2025-02-19T09:49:36.060+0000] {processor.py:914} INFO - Processing file /home/airflow/.local/lib/python3.12/site-packages/airflow/example_dags/example_external_task_marker_dag.py for tasks to queue
[2025-02-19T09:49:36.062+0000] {logging_mixin.py:190} INFO - [2025-02-19T09:49:36.062+0000] {dagbag.py:587} INFO - Filling up the DagBag from /home/airflow/.local/lib/python3.12/site-packages/airflow/example_dags/example_external_task_marker_dag.py
[2025-02-19T09:49:36.068+0000] {processor.py:925} INFO - DAG(s) 'example_external_task_marker_parent', 'example_external_task_marker_child' retrieved from /home/airflow/.local/lib/python3.12/site-packages/airflow/example_dags/example_external_task_marker_dag.py
[2025-02-19T09:49:36.087+0000] {logging_mixin.py:190} INFO - [2025-02-19T09:49:36.086+0000] {dag.py:3229} INFO - Sync 2 DAGs
[2025-02-19T09:49:36.098+0000] {logging_mixin.py:190} INFO - [2025-02-19T09:49:36.098+0000] {dag.py:4156} INFO - Setting next_dagrun for example_external_task_marker_child to None, run_after=None
[2025-02-19T09:49:36.101+0000] {logging_mixin.py:190} INFO - [2025-02-19T09:49:36.101+0000] {dag.py:4156} INFO - Setting next_dagrun for example_external_task_marker_parent to None, run_after=None
[2025-02-19T09:49:36.114+0000] {processor.py:208} INFO - Processing /home/airflow/.local/lib/python3.12/site-packages/airflow/example_dags/example_external_task_marker_dag.py took 0.059 seconds
[2025-02-19T09:50:06.326+0000] {processor.py:186} INFO - Started process (PID=1557) to work on /home/airflow/.local/lib/python3.12/site-packages/airflow/example_dags/example_external_task_marker_dag.py
[2025-02-19T09:50:06.327+0000] {processor.py:914} INFO - Processing file /home/airflow/.local/lib/python3.12/site-packages/airflow/example_dags/example_external_task_marker_dag.py for tasks to queue
[2025-02-19T09:50:06.329+0000] {logging_mixin.py:190} INFO - [2025-02-19T09:50:06.329+0000] {dagbag.py:587} INFO - Filling up the DagBag from /home/airflow/.local/lib/python3.12/site-packages/airflow/example_dags/example_external_task_marker_dag.py
[2025-02-19T09:50:06.336+0000] {processor.py:925} INFO - DAG(s) 'example_external_task_marker_child', 'example_external_task_marker_parent' retrieved from /home/airflow/.local/lib/python3.12/site-packages/airflow/example_dags/example_external_task_marker_dag.py
[2025-02-19T09:50:06.359+0000] {logging_mixin.py:190} INFO - [2025-02-19T09:50:06.358+0000] {dag.py:3229} INFO - Sync 2 DAGs
[2025-02-19T09:50:06.371+0000] {logging_mixin.py:190} INFO - [2025-02-19T09:50:06.371+0000] {dag.py:4156} INFO - Setting next_dagrun for example_external_task_marker_child to None, run_after=None
[2025-02-19T09:50:06.374+0000] {logging_mixin.py:190} INFO - [2025-02-19T09:50:06.374+0000] {dag.py:4156} INFO - Setting next_dagrun for example_external_task_marker_parent to None, run_after=None
[2025-02-19T09:50:06.389+0000] {processor.py:208} INFO - Processing /home/airflow/.local/lib/python3.12/site-packages/airflow/example_dags/example_external_task_marker_dag.py took 0.068 seconds
[2025-02-19T09:50:36.550+0000] {processor.py:186} INFO - Started process (PID=1621) to work on /home/airflow/.local/lib/python3.12/site-packages/airflow/example_dags/example_external_task_marker_dag.py
[2025-02-19T09:50:36.551+0000] {processor.py:914} INFO - Processing file /home/airflow/.local/lib/python3.12/site-packages/airflow/example_dags/example_external_task_marker_dag.py for tasks to queue
[2025-02-19T09:50:36.553+0000] {logging_mixin.py:190} INFO - [2025-02-19T09:50:36.553+0000] {dagbag.py:587} INFO - Filling up the DagBag from /home/airflow/.local/lib/python3.12/site-packages/airflow/example_dags/example_external_task_marker_dag.py
[2025-02-19T09:50:36.560+0000] {processor.py:925} INFO - DAG(s) 'example_external_task_marker_parent', 'example_external_task_marker_child' retrieved from /home/airflow/.local/lib/python3.12/site-packages/airflow/example_dags/example_external_task_marker_dag.py
[2025-02-19T09:50:36.581+0000] {logging_mixin.py:190} INFO - [2025-02-19T09:50:36.580+0000] {dag.py:3229} INFO - Sync 2 DAGs
[2025-02-19T09:50:36.592+0000] {logging_mixin.py:190} INFO - [2025-02-19T09:50:36.592+0000] {dag.py:4156} INFO - Setting next_dagrun for example_external_task_marker_child to None, run_after=None
[2025-02-19T09:50:36.596+0000] {logging_mixin.py:190} INFO - [2025-02-19T09:50:36.596+0000] {dag.py:4156} INFO - Setting next_dagrun for example_external_task_marker_parent to None, run_after=None
[2025-02-19T09:50:36.610+0000] {processor.py:208} INFO - Processing /home/airflow/.local/lib/python3.12/site-packages/airflow/example_dags/example_external_task_marker_dag.py took 0.064 seconds
[2025-02-19T09:51:07.116+0000] {processor.py:186} INFO - Started process (PID=1685) to work on /home/airflow/.local/lib/python3.12/site-packages/airflow/example_dags/example_external_task_marker_dag.py
[2025-02-19T09:51:07.118+0000] {processor.py:914} INFO - Processing file /home/airflow/.local/lib/python3.12/site-packages/airflow/example_dags/example_external_task_marker_dag.py for tasks to queue
[2025-02-19T09:51:07.119+0000] {logging_mixin.py:190} INFO - [2025-02-19T09:51:07.119+0000] {dagbag.py:587} INFO - Filling up the DagBag from /home/airflow/.local/lib/python3.12/site-packages/airflow/example_dags/example_external_task_marker_dag.py
[2025-02-19T09:51:07.126+0000] {processor.py:925} INFO - DAG(s) 'example_external_task_marker_parent', 'example_external_task_marker_child' retrieved from /home/airflow/.local/lib/python3.12/site-packages/airflow/example_dags/example_external_task_marker_dag.py
[2025-02-19T09:51:07.148+0000] {logging_mixin.py:190} INFO - [2025-02-19T09:51:07.148+0000] {dag.py:3229} INFO - Sync 2 DAGs
[2025-02-19T09:51:07.159+0000] {logging_mixin.py:190} INFO - [2025-02-19T09:51:07.159+0000] {dag.py:4156} INFO - Setting next_dagrun for example_external_task_marker_child to None, run_after=None
[2025-02-19T09:51:07.162+0000] {logging_mixin.py:190} INFO - [2025-02-19T09:51:07.162+0000] {dag.py:4156} INFO - Setting next_dagrun for example_external_task_marker_parent to None, run_after=None
[2025-02-19T09:51:07.176+0000] {processor.py:208} INFO - Processing /home/airflow/.local/lib/python3.12/site-packages/airflow/example_dags/example_external_task_marker_dag.py took 0.064 seconds
[2025-02-19T09:51:37.261+0000] {processor.py:186} INFO - Started process (PID=1749) to work on /home/airflow/.local/lib/python3.12/site-packages/airflow/example_dags/example_external_task_marker_dag.py
[2025-02-19T09:51:37.262+0000] {processor.py:914} INFO - Processing file /home/airflow/.local/lib/python3.12/site-packages/airflow/example_dags/example_external_task_marker_dag.py for tasks to queue
[2025-02-19T09:51:37.264+0000] {logging_mixin.py:190} INFO - [2025-02-19T09:51:37.264+0000] {dagbag.py:587} INFO - Filling up the DagBag from /home/airflow/.local/lib/python3.12/site-packages/airflow/example_dags/example_external_task_marker_dag.py
[2025-02-19T09:51:37.270+0000] {processor.py:925} INFO - DAG(s) 'example_external_task_marker_child', 'example_external_task_marker_parent' retrieved from /home/airflow/.local/lib/python3.12/site-packages/airflow/example_dags/example_external_task_marker_dag.py
[2025-02-19T09:51:37.289+0000] {logging_mixin.py:190} INFO - [2025-02-19T09:51:37.288+0000] {dag.py:3229} INFO - Sync 2 DAGs
[2025-02-19T09:51:37.300+0000] {logging_mixin.py:190} INFO - [2025-02-19T09:51:37.300+0000] {dag.py:4156} INFO - Setting next_dagrun for example_external_task_marker_child to None, run_after=None
[2025-02-19T09:51:37.302+0000] {logging_mixin.py:190} INFO - [2025-02-19T09:51:37.302+0000] {dag.py:4156} INFO - Setting next_dagrun for example_external_task_marker_parent to None, run_after=None
[2025-02-19T09:51:37.316+0000] {processor.py:208} INFO - Processing /home/airflow/.local/lib/python3.12/site-packages/airflow/example_dags/example_external_task_marker_dag.py took 0.059 seconds
[2025-02-19T09:52:07.544+0000] {processor.py:186} INFO - Started process (PID=1813) to work on /home/airflow/.local/lib/python3.12/site-packages/airflow/example_dags/example_external_task_marker_dag.py
[2025-02-19T09:52:07.545+0000] {processor.py:914} INFO - Processing file /home/airflow/.local/lib/python3.12/site-packages/airflow/example_dags/example_external_task_marker_dag.py for tasks to queue
[2025-02-19T09:52:07.547+0000] {logging_mixin.py:190} INFO - [2025-02-19T09:52:07.547+0000] {dagbag.py:587} INFO - Filling up the DagBag from /home/airflow/.local/lib/python3.12/site-packages/airflow/example_dags/example_external_task_marker_dag.py
[2025-02-19T09:52:07.554+0000] {processor.py:925} INFO - DAG(s) 'example_external_task_marker_parent', 'example_external_task_marker_child' retrieved from /home/airflow/.local/lib/python3.12/site-packages/airflow/example_dags/example_external_task_marker_dag.py
[2025-02-19T09:52:07.575+0000] {logging_mixin.py:190} INFO - [2025-02-19T09:52:07.574+0000] {dag.py:3229} INFO - Sync 2 DAGs
[2025-02-19T09:52:07.586+0000] {logging_mixin.py:190} INFO - [2025-02-19T09:52:07.586+0000] {dag.py:4156} INFO - Setting next_dagrun for example_external_task_marker_child to None, run_after=None
[2025-02-19T09:52:07.589+0000] {logging_mixin.py:190} INFO - [2025-02-19T09:52:07.589+0000] {dag.py:4156} INFO - Setting next_dagrun for example_external_task_marker_parent to None, run_after=None
[2025-02-19T09:52:07.603+0000] {processor.py:208} INFO - Processing /home/airflow/.local/lib/python3.12/site-packages/airflow/example_dags/example_external_task_marker_dag.py took 0.064 seconds
[2025-02-19T09:52:37.811+0000] {processor.py:186} INFO - Started process (PID=1877) to work on /home/airflow/.local/lib/python3.12/site-packages/airflow/example_dags/example_external_task_marker_dag.py
[2025-02-19T09:52:37.812+0000] {processor.py:914} INFO - Processing file /home/airflow/.local/lib/python3.12/site-packages/airflow/example_dags/example_external_task_marker_dag.py for tasks to queue
[2025-02-19T09:52:37.814+0000] {logging_mixin.py:190} INFO - [2025-02-19T09:52:37.813+0000] {dagbag.py:587} INFO - Filling up the DagBag from /home/airflow/.local/lib/python3.12/site-packages/airflow/example_dags/example_external_task_marker_dag.py
[2025-02-19T09:52:37.819+0000] {processor.py:925} INFO - DAG(s) 'example_external_task_marker_parent', 'example_external_task_marker_child' retrieved from /home/airflow/.local/lib/python3.12/site-packages/airflow/example_dags/example_external_task_marker_dag.py
[2025-02-19T09:52:37.836+0000] {logging_mixin.py:190} INFO - [2025-02-19T09:52:37.835+0000] {dag.py:3229} INFO - Sync 2 DAGs
[2025-02-19T09:52:37.847+0000] {logging_mixin.py:190} INFO - [2025-02-19T09:52:37.847+0000] {dag.py:4156} INFO - Setting next_dagrun for example_external_task_marker_child to None, run_after=None
[2025-02-19T09:52:37.850+0000] {logging_mixin.py:190} INFO - [2025-02-19T09:52:37.850+0000] {dag.py:4156} INFO - Setting next_dagrun for example_external_task_marker_parent to None, run_after=None
[2025-02-19T09:52:37.862+0000] {processor.py:208} INFO - Processing /home/airflow/.local/lib/python3.12/site-packages/airflow/example_dags/example_external_task_marker_dag.py took 0.055 seconds
[2025-02-19T09:53:08.160+0000] {processor.py:186} INFO - Started process (PID=1941) to work on /home/airflow/.local/lib/python3.12/site-packages/airflow/example_dags/example_external_task_marker_dag.py
[2025-02-19T09:53:08.161+0000] {processor.py:914} INFO - Processing file /home/airflow/.local/lib/python3.12/site-packages/airflow/example_dags/example_external_task_marker_dag.py for tasks to queue
[2025-02-19T09:53:08.163+0000] {logging_mixin.py:190} INFO - [2025-02-19T09:53:08.163+0000] {dagbag.py:587} INFO - Filling up the DagBag from /home/airflow/.local/lib/python3.12/site-packages/airflow/example_dags/example_external_task_marker_dag.py
[2025-02-19T09:53:08.170+0000] {processor.py:925} INFO - DAG(s) 'example_external_task_marker_child', 'example_external_task_marker_parent' retrieved from /home/airflow/.local/lib/python3.12/site-packages/airflow/example_dags/example_external_task_marker_dag.py
[2025-02-19T09:53:08.192+0000] {logging_mixin.py:190} INFO - [2025-02-19T09:53:08.191+0000] {dag.py:3229} INFO - Sync 2 DAGs
[2025-02-19T09:53:08.203+0000] {logging_mixin.py:190} INFO - [2025-02-19T09:53:08.203+0000] {dag.py:4156} INFO - Setting next_dagrun for example_external_task_marker_child to None, run_after=None
[2025-02-19T09:53:08.206+0000] {logging_mixin.py:190} INFO - [2025-02-19T09:53:08.206+0000] {dag.py:4156} INFO - Setting next_dagrun for example_external_task_marker_parent to None, run_after=None
[2025-02-19T09:53:08.222+0000] {processor.py:208} INFO - Processing /home/airflow/.local/lib/python3.12/site-packages/airflow/example_dags/example_external_task_marker_dag.py took 0.069 seconds
[2025-02-19T09:53:38.646+0000] {processor.py:186} INFO - Started process (PID=2005) to work on /home/airflow/.local/lib/python3.12/site-packages/airflow/example_dags/example_external_task_marker_dag.py
[2025-02-19T09:53:38.647+0000] {processor.py:914} INFO - Processing file /home/airflow/.local/lib/python3.12/site-packages/airflow/example_dags/example_external_task_marker_dag.py for tasks to queue
[2025-02-19T09:53:38.649+0000] {logging_mixin.py:190} INFO - [2025-02-19T09:53:38.648+0000] {dagbag.py:587} INFO - Filling up the DagBag from /home/airflow/.local/lib/python3.12/site-packages/airflow/example_dags/example_external_task_marker_dag.py
[2025-02-19T09:53:38.655+0000] {processor.py:925} INFO - DAG(s) 'example_external_task_marker_parent', 'example_external_task_marker_child' retrieved from /home/airflow/.local/lib/python3.12/site-packages/airflow/example_dags/example_external_task_marker_dag.py
[2025-02-19T09:53:38.676+0000] {logging_mixin.py:190} INFO - [2025-02-19T09:53:38.676+0000] {dag.py:3229} INFO - Sync 2 DAGs
[2025-02-19T09:53:38.688+0000] {logging_mixin.py:190} INFO - [2025-02-19T09:53:38.688+0000] {dag.py:4156} INFO - Setting next_dagrun for example_external_task_marker_child to None, run_after=None
[2025-02-19T09:53:38.692+0000] {logging_mixin.py:190} INFO - [2025-02-19T09:53:38.691+0000] {dag.py:4156} INFO - Setting next_dagrun for example_external_task_marker_parent to None, run_after=None
[2025-02-19T09:53:38.705+0000] {processor.py:208} INFO - Processing /home/airflow/.local/lib/python3.12/site-packages/airflow/example_dags/example_external_task_marker_dag.py took 0.064 seconds
[2025-02-19T09:54:08.850+0000] {processor.py:186} INFO - Started process (PID=2069) to work on /home/airflow/.local/lib/python3.12/site-packages/airflow/example_dags/example_external_task_marker_dag.py
[2025-02-19T09:54:08.851+0000] {processor.py:914} INFO - Processing file /home/airflow/.local/lib/python3.12/site-packages/airflow/example_dags/example_external_task_marker_dag.py for tasks to queue
[2025-02-19T09:54:08.853+0000] {logging_mixin.py:190} INFO - [2025-02-19T09:54:08.853+0000] {dagbag.py:587} INFO - Filling up the DagBag from /home/airflow/.local/lib/python3.12/site-packages/airflow/example_dags/example_external_task_marker_dag.py
[2025-02-19T09:54:08.860+0000] {processor.py:925} INFO - DAG(s) 'example_external_task_marker_child', 'example_external_task_marker_parent' retrieved from /home/airflow/.local/lib/python3.12/site-packages/airflow/example_dags/example_external_task_marker_dag.py
[2025-02-19T09:54:08.886+0000] {logging_mixin.py:190} INFO - [2025-02-19T09:54:08.885+0000] {dag.py:3229} INFO - Sync 2 DAGs
[2025-02-19T09:54:08.903+0000] {logging_mixin.py:190} INFO - [2025-02-19T09:54:08.903+0000] {dag.py:4156} INFO - Setting next_dagrun for example_external_task_marker_child to None, run_after=None
[2025-02-19T09:54:08.909+0000] {logging_mixin.py:190} INFO - [2025-02-19T09:54:08.909+0000] {dag.py:4156} INFO - Setting next_dagrun for example_external_task_marker_parent to None, run_after=None
[2025-02-19T09:54:08.928+0000] {processor.py:208} INFO - Processing /home/airflow/.local/lib/python3.12/site-packages/airflow/example_dags/example_external_task_marker_dag.py took 0.082 seconds
[2025-02-19T09:54:39.234+0000] {processor.py:186} INFO - Started process (PID=2133) to work on /home/airflow/.local/lib/python3.12/site-packages/airflow/example_dags/example_external_task_marker_dag.py
[2025-02-19T09:54:39.235+0000] {processor.py:914} INFO - Processing file /home/airflow/.local/lib/python3.12/site-packages/airflow/example_dags/example_external_task_marker_dag.py for tasks to queue
[2025-02-19T09:54:39.237+0000] {logging_mixin.py:190} INFO - [2025-02-19T09:54:39.237+0000] {dagbag.py:587} INFO - Filling up the DagBag from /home/airflow/.local/lib/python3.12/site-packages/airflow/example_dags/example_external_task_marker_dag.py
[2025-02-19T09:54:39.243+0000] {processor.py:925} INFO - DAG(s) 'example_external_task_marker_parent', 'example_external_task_marker_child' retrieved from /home/airflow/.local/lib/python3.12/site-packages/airflow/example_dags/example_external_task_marker_dag.py
[2025-02-19T09:54:39.264+0000] {logging_mixin.py:190} INFO - [2025-02-19T09:54:39.263+0000] {dag.py:3229} INFO - Sync 2 DAGs
[2025-02-19T09:54:39.275+0000] {logging_mixin.py:190} INFO - [2025-02-19T09:54:39.275+0000] {dag.py:4156} INFO - Setting next_dagrun for example_external_task_marker_child to None, run_after=None
[2025-02-19T09:54:39.279+0000] {logging_mixin.py:190} INFO - [2025-02-19T09:54:39.279+0000] {dag.py:4156} INFO - Setting next_dagrun for example_external_task_marker_parent to None, run_after=None
[2025-02-19T09:54:39.294+0000] {processor.py:208} INFO - Processing /home/airflow/.local/lib/python3.12/site-packages/airflow/example_dags/example_external_task_marker_dag.py took 0.064 seconds
[2025-02-19T09:55:09.552+0000] {processor.py:186} INFO - Started process (PID=2197) to work on /home/airflow/.local/lib/python3.12/site-packages/airflow/example_dags/example_external_task_marker_dag.py
[2025-02-19T09:55:09.553+0000] {processor.py:914} INFO - Processing file /home/airflow/.local/lib/python3.12/site-packages/airflow/example_dags/example_external_task_marker_dag.py for tasks to queue
[2025-02-19T09:55:09.555+0000] {logging_mixin.py:190} INFO - [2025-02-19T09:55:09.555+0000] {dagbag.py:587} INFO - Filling up the DagBag from /home/airflow/.local/lib/python3.12/site-packages/airflow/example_dags/example_external_task_marker_dag.py
[2025-02-19T09:55:09.562+0000] {processor.py:925} INFO - DAG(s) 'example_external_task_marker_parent', 'example_external_task_marker_child' retrieved from /home/airflow/.local/lib/python3.12/site-packages/airflow/example_dags/example_external_task_marker_dag.py
[2025-02-19T09:55:09.583+0000] {logging_mixin.py:190} INFO - [2025-02-19T09:55:09.582+0000] {dag.py:3229} INFO - Sync 2 DAGs
[2025-02-19T09:55:09.595+0000] {logging_mixin.py:190} INFO - [2025-02-19T09:55:09.594+0000] {dag.py:4156} INFO - Setting next_dagrun for example_external_task_marker_child to None, run_after=None
[2025-02-19T09:55:09.598+0000] {logging_mixin.py:190} INFO - [2025-02-19T09:55:09.598+0000] {dag.py:4156} INFO - Setting next_dagrun for example_external_task_marker_parent to None, run_after=None
[2025-02-19T09:55:09.611+0000] {processor.py:208} INFO - Processing /home/airflow/.local/lib/python3.12/site-packages/airflow/example_dags/example_external_task_marker_dag.py took 0.063 seconds
[2025-02-19T09:55:39.811+0000] {processor.py:186} INFO - Started process (PID=2261) to work on /home/airflow/.local/lib/python3.12/site-packages/airflow/example_dags/example_external_task_marker_dag.py
[2025-02-19T09:55:39.812+0000] {processor.py:914} INFO - Processing file /home/airflow/.local/lib/python3.12/site-packages/airflow/example_dags/example_external_task_marker_dag.py for tasks to queue
[2025-02-19T09:55:39.814+0000] {logging_mixin.py:190} INFO - [2025-02-19T09:55:39.813+0000] {dagbag.py:587} INFO - Filling up the DagBag from /home/airflow/.local/lib/python3.12/site-packages/airflow/example_dags/example_external_task_marker_dag.py
[2025-02-19T09:55:39.821+0000] {processor.py:925} INFO - DAG(s) 'example_external_task_marker_child', 'example_external_task_marker_parent' retrieved from /home/airflow/.local/lib/python3.12/site-packages/airflow/example_dags/example_external_task_marker_dag.py
[2025-02-19T09:55:39.840+0000] {logging_mixin.py:190} INFO - [2025-02-19T09:55:39.839+0000] {dag.py:3229} INFO - Sync 2 DAGs
[2025-02-19T09:55:39.852+0000] {logging_mixin.py:190} INFO - [2025-02-19T09:55:39.852+0000] {dag.py:4156} INFO - Setting next_dagrun for example_external_task_marker_child to None, run_after=None
[2025-02-19T09:55:39.854+0000] {logging_mixin.py:190} INFO - [2025-02-19T09:55:39.854+0000] {dag.py:4156} INFO - Setting next_dagrun for example_external_task_marker_parent to None, run_after=None
[2025-02-19T09:55:39.870+0000] {processor.py:208} INFO - Processing /home/airflow/.local/lib/python3.12/site-packages/airflow/example_dags/example_external_task_marker_dag.py took 0.063 seconds
[2025-02-19T09:56:10.316+0000] {processor.py:186} INFO - Started process (PID=2325) to work on /home/airflow/.local/lib/python3.12/site-packages/airflow/example_dags/example_external_task_marker_dag.py
[2025-02-19T09:56:10.317+0000] {processor.py:914} INFO - Processing file /home/airflow/.local/lib/python3.12/site-packages/airflow/example_dags/example_external_task_marker_dag.py for tasks to queue
[2025-02-19T09:56:10.319+0000] {logging_mixin.py:190} INFO - [2025-02-19T09:56:10.319+0000] {dagbag.py:587} INFO - Filling up the DagBag from /home/airflow/.local/lib/python3.12/site-packages/airflow/example_dags/example_external_task_marker_dag.py
[2025-02-19T09:56:10.325+0000] {processor.py:925} INFO - DAG(s) 'example_external_task_marker_parent', 'example_external_task_marker_child' retrieved from /home/airflow/.local/lib/python3.12/site-packages/airflow/example_dags/example_external_task_marker_dag.py
[2025-02-19T09:56:10.346+0000] {logging_mixin.py:190} INFO - [2025-02-19T09:56:10.345+0000] {dag.py:3229} INFO - Sync 2 DAGs
[2025-02-19T09:56:10.357+0000] {logging_mixin.py:190} INFO - [2025-02-19T09:56:10.357+0000] {dag.py:4156} INFO - Setting next_dagrun for example_external_task_marker_child to None, run_after=None
[2025-02-19T09:56:10.360+0000] {logging_mixin.py:190} INFO - [2025-02-19T09:56:10.360+0000] {dag.py:4156} INFO - Setting next_dagrun for example_external_task_marker_parent to None, run_after=None
[2025-02-19T09:56:10.372+0000] {processor.py:208} INFO - Processing /home/airflow/.local/lib/python3.12/site-packages/airflow/example_dags/example_external_task_marker_dag.py took 0.060 seconds
[2025-02-19T09:56:40.446+0000] {processor.py:186} INFO - Started process (PID=2389) to work on /home/airflow/.local/lib/python3.12/site-packages/airflow/example_dags/example_external_task_marker_dag.py
[2025-02-19T09:56:40.448+0000] {processor.py:914} INFO - Processing file /home/airflow/.local/lib/python3.12/site-packages/airflow/example_dags/example_external_task_marker_dag.py for tasks to queue
[2025-02-19T09:56:40.450+0000] {logging_mixin.py:190} INFO - [2025-02-19T09:56:40.449+0000] {dagbag.py:587} INFO - Filling up the DagBag from /home/airflow/.local/lib/python3.12/site-packages/airflow/example_dags/example_external_task_marker_dag.py
[2025-02-19T09:56:40.458+0000] {processor.py:925} INFO - DAG(s) 'example_external_task_marker_parent', 'example_external_task_marker_child' retrieved from /home/airflow/.local/lib/python3.12/site-packages/airflow/example_dags/example_external_task_marker_dag.py
[2025-02-19T09:56:40.486+0000] {logging_mixin.py:190} INFO - [2025-02-19T09:56:40.485+0000] {dag.py:3229} INFO - Sync 2 DAGs
[2025-02-19T09:56:40.499+0000] {logging_mixin.py:190} INFO - [2025-02-19T09:56:40.499+0000] {dag.py:4156} INFO - Setting next_dagrun for example_external_task_marker_child to None, run_after=None
[2025-02-19T09:56:40.503+0000] {logging_mixin.py:190} INFO - [2025-02-19T09:56:40.503+0000] {dag.py:4156} INFO - Setting next_dagrun for example_external_task_marker_parent to None, run_after=None
[2025-02-19T09:56:40.521+0000] {processor.py:208} INFO - Processing /home/airflow/.local/lib/python3.12/site-packages/airflow/example_dags/example_external_task_marker_dag.py took 0.079 seconds
[2025-02-19T09:57:10.829+0000] {processor.py:186} INFO - Started process (PID=2454) to work on /home/airflow/.local/lib/python3.12/site-packages/airflow/example_dags/example_external_task_marker_dag.py
[2025-02-19T09:57:10.830+0000] {processor.py:914} INFO - Processing file /home/airflow/.local/lib/python3.12/site-packages/airflow/example_dags/example_external_task_marker_dag.py for tasks to queue
[2025-02-19T09:57:10.832+0000] {logging_mixin.py:190} INFO - [2025-02-19T09:57:10.831+0000] {dagbag.py:587} INFO - Filling up the DagBag from /home/airflow/.local/lib/python3.12/site-packages/airflow/example_dags/example_external_task_marker_dag.py
[2025-02-19T09:57:10.838+0000] {processor.py:925} INFO - DAG(s) 'example_external_task_marker_parent', 'example_external_task_marker_child' retrieved from /home/airflow/.local/lib/python3.12/site-packages/airflow/example_dags/example_external_task_marker_dag.py
[2025-02-19T09:57:10.858+0000] {logging_mixin.py:190} INFO - [2025-02-19T09:57:10.857+0000] {dag.py:3229} INFO - Sync 2 DAGs
[2025-02-19T09:57:10.870+0000] {logging_mixin.py:190} INFO - [2025-02-19T09:57:10.869+0000] {dag.py:4156} INFO - Setting next_dagrun for example_external_task_marker_child to None, run_after=None
[2025-02-19T09:57:10.873+0000] {logging_mixin.py:190} INFO - [2025-02-19T09:57:10.873+0000] {dag.py:4156} INFO - Setting next_dagrun for example_external_task_marker_parent to None, run_after=None
[2025-02-19T09:57:10.886+0000] {processor.py:208} INFO - Processing /home/airflow/.local/lib/python3.12/site-packages/airflow/example_dags/example_external_task_marker_dag.py took 0.062 seconds
[2025-02-19T09:57:41.323+0000] {processor.py:186} INFO - Started process (PID=2519) to work on /home/airflow/.local/lib/python3.12/site-packages/airflow/example_dags/example_external_task_marker_dag.py
[2025-02-19T09:57:41.324+0000] {processor.py:914} INFO - Processing file /home/airflow/.local/lib/python3.12/site-packages/airflow/example_dags/example_external_task_marker_dag.py for tasks to queue
[2025-02-19T09:57:41.326+0000] {logging_mixin.py:190} INFO - [2025-02-19T09:57:41.326+0000] {dagbag.py:587} INFO - Filling up the DagBag from /home/airflow/.local/lib/python3.12/site-packages/airflow/example_dags/example_external_task_marker_dag.py
[2025-02-19T09:57:41.332+0000] {processor.py:925} INFO - DAG(s) 'example_external_task_marker_parent', 'example_external_task_marker_child' retrieved from /home/airflow/.local/lib/python3.12/site-packages/airflow/example_dags/example_external_task_marker_dag.py
[2025-02-19T09:57:41.353+0000] {logging_mixin.py:190} INFO - [2025-02-19T09:57:41.352+0000] {dag.py:3229} INFO - Sync 2 DAGs
[2025-02-19T09:57:41.365+0000] {logging_mixin.py:190} INFO - [2025-02-19T09:57:41.365+0000] {dag.py:4156} INFO - Setting next_dagrun for example_external_task_marker_child to None, run_after=None
[2025-02-19T09:57:41.368+0000] {logging_mixin.py:190} INFO - [2025-02-19T09:57:41.368+0000] {dag.py:4156} INFO - Setting next_dagrun for example_external_task_marker_parent to None, run_after=None
[2025-02-19T09:57:41.380+0000] {processor.py:208} INFO - Processing /home/airflow/.local/lib/python3.12/site-packages/airflow/example_dags/example_external_task_marker_dag.py took 0.062 seconds
[2025-02-19T09:58:11.814+0000] {processor.py:186} INFO - Started process (PID=2584) to work on /home/airflow/.local/lib/python3.12/site-packages/airflow/example_dags/example_external_task_marker_dag.py
[2025-02-19T09:58:11.815+0000] {processor.py:914} INFO - Processing file /home/airflow/.local/lib/python3.12/site-packages/airflow/example_dags/example_external_task_marker_dag.py for tasks to queue
[2025-02-19T09:58:11.819+0000] {logging_mixin.py:190} INFO - [2025-02-19T09:58:11.818+0000] {dagbag.py:587} INFO - Filling up the DagBag from /home/airflow/.local/lib/python3.12/site-packages/airflow/example_dags/example_external_task_marker_dag.py
[2025-02-19T09:58:11.830+0000] {processor.py:925} INFO - DAG(s) 'example_external_task_marker_parent', 'example_external_task_marker_child' retrieved from /home/airflow/.local/lib/python3.12/site-packages/airflow/example_dags/example_external_task_marker_dag.py
[2025-02-19T09:58:11.862+0000] {logging_mixin.py:190} INFO - [2025-02-19T09:58:11.862+0000] {dag.py:3229} INFO - Sync 2 DAGs
[2025-02-19T09:58:11.881+0000] {logging_mixin.py:190} INFO - [2025-02-19T09:58:11.880+0000] {dag.py:4156} INFO - Setting next_dagrun for example_external_task_marker_child to None, run_after=None
[2025-02-19T09:58:11.886+0000] {logging_mixin.py:190} INFO - [2025-02-19T09:58:11.886+0000] {dag.py:4156} INFO - Setting next_dagrun for example_external_task_marker_parent to None, run_after=None
[2025-02-19T09:58:11.912+0000] {processor.py:208} INFO - Processing /home/airflow/.local/lib/python3.12/site-packages/airflow/example_dags/example_external_task_marker_dag.py took 0.105 seconds
[2025-02-19T09:58:42.054+0000] {processor.py:186} INFO - Started process (PID=2653) to work on /home/airflow/.local/lib/python3.12/site-packages/airflow/example_dags/example_external_task_marker_dag.py
[2025-02-19T09:58:42.055+0000] {processor.py:914} INFO - Processing file /home/airflow/.local/lib/python3.12/site-packages/airflow/example_dags/example_external_task_marker_dag.py for tasks to queue
[2025-02-19T09:58:42.057+0000] {logging_mixin.py:190} INFO - [2025-02-19T09:58:42.057+0000] {dagbag.py:587} INFO - Filling up the DagBag from /home/airflow/.local/lib/python3.12/site-packages/airflow/example_dags/example_external_task_marker_dag.py
[2025-02-19T09:58:42.064+0000] {processor.py:925} INFO - DAG(s) 'example_external_task_marker_child', 'example_external_task_marker_parent' retrieved from /home/airflow/.local/lib/python3.12/site-packages/airflow/example_dags/example_external_task_marker_dag.py
[2025-02-19T09:58:42.083+0000] {logging_mixin.py:190} INFO - [2025-02-19T09:58:42.083+0000] {dag.py:3229} INFO - Sync 2 DAGs
[2025-02-19T09:58:42.094+0000] {logging_mixin.py:190} INFO - [2025-02-19T09:58:42.094+0000] {dag.py:4156} INFO - Setting next_dagrun for example_external_task_marker_child to None, run_after=None
[2025-02-19T09:58:42.098+0000] {logging_mixin.py:190} INFO - [2025-02-19T09:58:42.097+0000] {dag.py:4156} INFO - Setting next_dagrun for example_external_task_marker_parent to None, run_after=None
[2025-02-19T09:58:42.110+0000] {processor.py:208} INFO - Processing /home/airflow/.local/lib/python3.12/site-packages/airflow/example_dags/example_external_task_marker_dag.py took 0.060 seconds
[2025-02-19T09:59:12.379+0000] {processor.py:186} INFO - Started process (PID=2717) to work on /home/airflow/.local/lib/python3.12/site-packages/airflow/example_dags/example_external_task_marker_dag.py
[2025-02-19T09:59:12.380+0000] {processor.py:914} INFO - Processing file /home/airflow/.local/lib/python3.12/site-packages/airflow/example_dags/example_external_task_marker_dag.py for tasks to queue
[2025-02-19T09:59:12.382+0000] {logging_mixin.py:190} INFO - [2025-02-19T09:59:12.381+0000] {dagbag.py:587} INFO - Filling up the DagBag from /home/airflow/.local/lib/python3.12/site-packages/airflow/example_dags/example_external_task_marker_dag.py
[2025-02-19T09:59:12.388+0000] {processor.py:925} INFO - DAG(s) 'example_external_task_marker_child', 'example_external_task_marker_parent' retrieved from /home/airflow/.local/lib/python3.12/site-packages/airflow/example_dags/example_external_task_marker_dag.py
[2025-02-19T09:59:12.409+0000] {logging_mixin.py:190} INFO - [2025-02-19T09:59:12.409+0000] {dag.py:3229} INFO - Sync 2 DAGs
[2025-02-19T09:59:12.421+0000] {logging_mixin.py:190} INFO - [2025-02-19T09:59:12.421+0000] {dag.py:4156} INFO - Setting next_dagrun for example_external_task_marker_child to None, run_after=None
[2025-02-19T09:59:12.424+0000] {logging_mixin.py:190} INFO - [2025-02-19T09:59:12.424+0000] {dag.py:4156} INFO - Setting next_dagrun for example_external_task_marker_parent to None, run_after=None
[2025-02-19T09:59:12.436+0000] {processor.py:208} INFO - Processing /home/airflow/.local/lib/python3.12/site-packages/airflow/example_dags/example_external_task_marker_dag.py took 0.062 seconds
[2025-02-19T10:23:11.658+0000] {logging_mixin.py:190} INFO - [2025-02-19T10:23:11.657+0000] {settings.py:475} DEBUG - Setting up DB connection pool (PID 60)
[2025-02-19T10:23:11.674+0000] {logging_mixin.py:190} INFO - [2025-02-19T10:23:11.674+0000] {settings.py:579} DEBUG - settings.prepare_engine_args(): Using pool settings. pool_size=5, max_overflow=10, pool_recycle=1800, pid=60
[2025-02-19T10:23:11.678+0000] {processor.py:186} INFO - Started process (PID=60) to work on /home/airflow/.local/lib/python3.12/site-packages/airflow/example_dags/example_external_task_marker_dag.py
[2025-02-19T10:23:11.679+0000] {processor.py:914} INFO - Processing file /home/airflow/.local/lib/python3.12/site-packages/airflow/example_dags/example_external_task_marker_dag.py for tasks to queue
[2025-02-19T10:23:11.679+0000] {logging_mixin.py:190} INFO - [2025-02-19T10:23:11.679+0000] {dagbag.py:587} INFO - Filling up the DagBag from /home/airflow/.local/lib/python3.12/site-packages/airflow/example_dags/example_external_task_marker_dag.py
[2025-02-19T10:23:11.680+0000] {logging_mixin.py:190} INFO - [2025-02-19T10:23:11.680+0000] {dagbag.py:368} DEBUG - Importing /home/airflow/.local/lib/python3.12/site-packages/airflow/example_dags/example_external_task_marker_dag.py
[2025-02-19T10:23:11.688+0000] {logging_mixin.py:190} INFO - [2025-02-19T10:23:11.687+0000] {dagbag.py:553} DEBUG - Loaded DAG <DAG: example_external_task_marker_child>
[2025-02-19T10:23:11.688+0000] {logging_mixin.py:190} INFO - [2025-02-19T10:23:11.688+0000] {dagbag.py:553} DEBUG - Loaded DAG <DAG: example_external_task_marker_parent>
[2025-02-19T10:23:11.688+0000] {processor.py:925} INFO - DAG(s) 'example_external_task_marker_child', 'example_external_task_marker_parent' retrieved from /home/airflow/.local/lib/python3.12/site-packages/airflow/example_dags/example_external_task_marker_dag.py
[2025-02-19T10:23:11.689+0000] {logging_mixin.py:190} INFO - [2025-02-19T10:23:11.689+0000] {dagbag.py:710} DEBUG - Running dagbag.sync_to_db with retries. Try 1 of 3
[2025-02-19T10:23:11.689+0000] {logging_mixin.py:190} INFO - [2025-02-19T10:23:11.689+0000] {dagbag.py:715} DEBUG - Calling the DAG.bulk_sync_to_db method
[2025-02-19T10:23:11.701+0000] {logging_mixin.py:190} INFO - [2025-02-19T10:23:11.701+0000] {serialized_dag.py:168} DEBUG - Checking if DAG (example_external_task_marker_child) changed
[2025-02-19T10:23:11.704+0000] {logging_mixin.py:190} INFO - [2025-02-19T10:23:11.704+0000] {plugins_manager.py:351} DEBUG - Plugins are already loaded. Skipping.
[2025-02-19T10:23:11.704+0000] {logging_mixin.py:190} INFO - [2025-02-19T10:23:11.704+0000] {plugins_manager.py:429} DEBUG - Initialize custom taskinstance deps plugins
[2025-02-19T10:23:11.710+0000] {logging_mixin.py:190} INFO - [2025-02-19T10:23:11.710+0000] {serialized_dag.py:179} DEBUG - Serialized DAG (example_external_task_marker_child) is unchanged. Skipping writing to DB
[2025-02-19T10:23:11.711+0000] {logging_mixin.py:190} INFO - [2025-02-19T10:23:11.711+0000] {serialized_dag.py:168} DEBUG - Checking if DAG (example_external_task_marker_parent) changed
[2025-02-19T10:23:11.714+0000] {logging_mixin.py:190} INFO - [2025-02-19T10:23:11.714+0000] {serialized_dag.py:179} DEBUG - Serialized DAG (example_external_task_marker_parent) is unchanged. Skipping writing to DB
[2025-02-19T10:23:11.714+0000] {logging_mixin.py:190} INFO - [2025-02-19T10:23:11.714+0000] {dag.py:3229} INFO - Sync 2 DAGs
[2025-02-19T10:23:11.730+0000] {logging_mixin.py:190} INFO - [2025-02-19T10:23:11.730+0000] {dag.py:4156} INFO - Setting next_dagrun for example_external_task_marker_child to None, run_after=None
[2025-02-19T10:23:11.734+0000] {logging_mixin.py:190} INFO - [2025-02-19T10:23:11.734+0000] {dag.py:4156} INFO - Setting next_dagrun for example_external_task_marker_parent to None, run_after=None
[2025-02-19T10:23:11.752+0000] {processor.py:208} INFO - Processing /home/airflow/.local/lib/python3.12/site-packages/airflow/example_dags/example_external_task_marker_dag.py took 0.095 seconds
[2025-02-19T10:23:53.098+0000] {logging_mixin.py:190} INFO - [2025-02-19T10:23:53.098+0000] {settings.py:475} DEBUG - Setting up DB connection pool (PID 130)
[2025-02-19T10:23:53.145+0000] {logging_mixin.py:190} INFO - [2025-02-19T10:23:53.144+0000] {settings.py:579} DEBUG - settings.prepare_engine_args(): Using pool settings. pool_size=5, max_overflow=10, pool_recycle=1800, pid=130
[2025-02-19T10:23:53.149+0000] {processor.py:186} INFO - Started process (PID=130) to work on /home/airflow/.local/lib/python3.12/site-packages/airflow/example_dags/example_external_task_marker_dag.py
[2025-02-19T10:23:53.150+0000] {processor.py:914} INFO - Processing file /home/airflow/.local/lib/python3.12/site-packages/airflow/example_dags/example_external_task_marker_dag.py for tasks to queue
[2025-02-19T10:23:53.151+0000] {logging_mixin.py:190} INFO - [2025-02-19T10:23:53.150+0000] {dagbag.py:587} INFO - Filling up the DagBag from /home/airflow/.local/lib/python3.12/site-packages/airflow/example_dags/example_external_task_marker_dag.py
[2025-02-19T10:23:53.151+0000] {logging_mixin.py:190} INFO - [2025-02-19T10:23:53.151+0000] {dagbag.py:368} DEBUG - Importing /home/airflow/.local/lib/python3.12/site-packages/airflow/example_dags/example_external_task_marker_dag.py
[2025-02-19T10:23:53.158+0000] {logging_mixin.py:190} INFO - [2025-02-19T10:23:53.157+0000] {dagbag.py:553} DEBUG - Loaded DAG <DAG: example_external_task_marker_child>
[2025-02-19T10:23:53.159+0000] {logging_mixin.py:190} INFO - [2025-02-19T10:23:53.159+0000] {dagbag.py:553} DEBUG - Loaded DAG <DAG: example_external_task_marker_parent>
[2025-02-19T10:23:53.159+0000] {processor.py:925} INFO - DAG(s) 'example_external_task_marker_child', 'example_external_task_marker_parent' retrieved from /home/airflow/.local/lib/python3.12/site-packages/airflow/example_dags/example_external_task_marker_dag.py
[2025-02-19T10:23:53.160+0000] {logging_mixin.py:190} INFO - [2025-02-19T10:23:53.160+0000] {dagbag.py:710} DEBUG - Running dagbag.sync_to_db with retries. Try 1 of 3
[2025-02-19T10:23:53.160+0000] {logging_mixin.py:190} INFO - [2025-02-19T10:23:53.160+0000] {dagbag.py:715} DEBUG - Calling the DAG.bulk_sync_to_db method
[2025-02-19T10:23:53.169+0000] {logging_mixin.py:190} INFO - [2025-02-19T10:23:53.169+0000] {serialized_dag.py:168} DEBUG - Checking if DAG (example_external_task_marker_child) changed
[2025-02-19T10:23:53.172+0000] {logging_mixin.py:190} INFO - [2025-02-19T10:23:53.172+0000] {plugins_manager.py:351} DEBUG - Plugins are already loaded. Skipping.
[2025-02-19T10:23:53.172+0000] {logging_mixin.py:190} INFO - [2025-02-19T10:23:53.172+0000] {plugins_manager.py:429} DEBUG - Initialize custom taskinstance deps plugins
[2025-02-19T10:23:53.178+0000] {logging_mixin.py:190} INFO - [2025-02-19T10:23:53.178+0000] {serialized_dag.py:179} DEBUG - Serialized DAG (example_external_task_marker_child) is unchanged. Skipping writing to DB
[2025-02-19T10:23:53.179+0000] {logging_mixin.py:190} INFO - [2025-02-19T10:23:53.179+0000] {serialized_dag.py:168} DEBUG - Checking if DAG (example_external_task_marker_parent) changed
[2025-02-19T10:23:53.181+0000] {logging_mixin.py:190} INFO - [2025-02-19T10:23:53.181+0000] {serialized_dag.py:179} DEBUG - Serialized DAG (example_external_task_marker_parent) is unchanged. Skipping writing to DB
[2025-02-19T10:23:53.182+0000] {logging_mixin.py:190} INFO - [2025-02-19T10:23:53.181+0000] {dag.py:3229} INFO - Sync 2 DAGs
[2025-02-19T10:23:53.196+0000] {logging_mixin.py:190} INFO - [2025-02-19T10:23:53.195+0000] {dag.py:4156} INFO - Setting next_dagrun for example_external_task_marker_child to None, run_after=None
[2025-02-19T10:23:53.199+0000] {logging_mixin.py:190} INFO - [2025-02-19T10:23:53.199+0000] {dag.py:4156} INFO - Setting next_dagrun for example_external_task_marker_parent to None, run_after=None
[2025-02-19T10:23:53.998+0000] {processor.py:208} INFO - Processing /home/airflow/.local/lib/python3.12/site-packages/airflow/example_dags/example_external_task_marker_dag.py took 0.900 seconds
[2025-02-19T10:24:24.973+0000] {logging_mixin.py:190} INFO - [2025-02-19T10:24:24.972+0000] {settings.py:475} DEBUG - Setting up DB connection pool (PID 194)
[2025-02-19T10:24:24.974+0000] {logging_mixin.py:190} INFO - [2025-02-19T10:24:24.974+0000] {settings.py:579} DEBUG - settings.prepare_engine_args(): Using pool settings. pool_size=5, max_overflow=10, pool_recycle=1800, pid=194
[2025-02-19T10:24:24.979+0000] {processor.py:186} INFO - Started process (PID=194) to work on /home/airflow/.local/lib/python3.12/site-packages/airflow/example_dags/example_external_task_marker_dag.py
[2025-02-19T10:24:24.979+0000] {processor.py:914} INFO - Processing file /home/airflow/.local/lib/python3.12/site-packages/airflow/example_dags/example_external_task_marker_dag.py for tasks to queue
[2025-02-19T10:24:24.980+0000] {logging_mixin.py:190} INFO - [2025-02-19T10:24:24.980+0000] {dagbag.py:587} INFO - Filling up the DagBag from /home/airflow/.local/lib/python3.12/site-packages/airflow/example_dags/example_external_task_marker_dag.py
[2025-02-19T10:24:24.981+0000] {logging_mixin.py:190} INFO - [2025-02-19T10:24:24.981+0000] {dagbag.py:368} DEBUG - Importing /home/airflow/.local/lib/python3.12/site-packages/airflow/example_dags/example_external_task_marker_dag.py
[2025-02-19T10:24:24.990+0000] {logging_mixin.py:190} INFO - [2025-02-19T10:24:24.988+0000] {dagbag.py:553} DEBUG - Loaded DAG <DAG: example_external_task_marker_parent>
[2025-02-19T10:24:24.990+0000] {logging_mixin.py:190} INFO - [2025-02-19T10:24:24.990+0000] {dagbag.py:553} DEBUG - Loaded DAG <DAG: example_external_task_marker_child>
[2025-02-19T10:24:24.990+0000] {processor.py:925} INFO - DAG(s) 'example_external_task_marker_parent', 'example_external_task_marker_child' retrieved from /home/airflow/.local/lib/python3.12/site-packages/airflow/example_dags/example_external_task_marker_dag.py
[2025-02-19T10:24:24.991+0000] {logging_mixin.py:190} INFO - [2025-02-19T10:24:24.991+0000] {dagbag.py:710} DEBUG - Running dagbag.sync_to_db with retries. Try 1 of 3
[2025-02-19T10:24:24.991+0000] {logging_mixin.py:190} INFO - [2025-02-19T10:24:24.991+0000] {dagbag.py:715} DEBUG - Calling the DAG.bulk_sync_to_db method
[2025-02-19T10:24:25.003+0000] {logging_mixin.py:190} INFO - [2025-02-19T10:24:25.002+0000] {serialized_dag.py:168} DEBUG - Checking if DAG (example_external_task_marker_parent) changed
[2025-02-19T10:24:25.010+0000] {logging_mixin.py:190} INFO - [2025-02-19T10:24:25.010+0000] {serialized_dag.py:179} DEBUG - Serialized DAG (example_external_task_marker_parent) is unchanged. Skipping writing to DB
[2025-02-19T10:24:25.012+0000] {logging_mixin.py:190} INFO - [2025-02-19T10:24:25.011+0000] {serialized_dag.py:168} DEBUG - Checking if DAG (example_external_task_marker_child) changed
[2025-02-19T10:24:25.013+0000] {logging_mixin.py:190} INFO - [2025-02-19T10:24:25.013+0000] {plugins_manager.py:351} DEBUG - Plugins are already loaded. Skipping.
[2025-02-19T10:24:25.013+0000] {logging_mixin.py:190} INFO - [2025-02-19T10:24:25.013+0000] {plugins_manager.py:429} DEBUG - Initialize custom taskinstance deps plugins
[2025-02-19T10:24:25.017+0000] {logging_mixin.py:190} INFO - [2025-02-19T10:24:25.017+0000] {serialized_dag.py:179} DEBUG - Serialized DAG (example_external_task_marker_child) is unchanged. Skipping writing to DB
[2025-02-19T10:24:25.017+0000] {logging_mixin.py:190} INFO - [2025-02-19T10:24:25.017+0000] {dag.py:3229} INFO - Sync 2 DAGs
[2025-02-19T10:24:25.031+0000] {logging_mixin.py:190} INFO - [2025-02-19T10:24:25.031+0000] {dag.py:4156} INFO - Setting next_dagrun for example_external_task_marker_child to None, run_after=None
[2025-02-19T10:24:25.035+0000] {logging_mixin.py:190} INFO - [2025-02-19T10:24:25.035+0000] {dag.py:4156} INFO - Setting next_dagrun for example_external_task_marker_parent to None, run_after=None
[2025-02-19T10:24:25.052+0000] {processor.py:208} INFO - Processing /home/airflow/.local/lib/python3.12/site-packages/airflow/example_dags/example_external_task_marker_dag.py took 0.079 seconds
[2025-02-19T10:24:55.872+0000] {logging_mixin.py:190} INFO - [2025-02-19T10:24:55.871+0000] {settings.py:475} DEBUG - Setting up DB connection pool (PID 263)
[2025-02-19T10:24:55.884+0000] {logging_mixin.py:190} INFO - [2025-02-19T10:24:55.884+0000] {settings.py:579} DEBUG - settings.prepare_engine_args(): Using pool settings. pool_size=5, max_overflow=10, pool_recycle=1800, pid=263
[2025-02-19T10:24:55.889+0000] {processor.py:186} INFO - Started process (PID=263) to work on /home/airflow/.local/lib/python3.12/site-packages/airflow/example_dags/example_external_task_marker_dag.py
[2025-02-19T10:24:55.889+0000] {processor.py:914} INFO - Processing file /home/airflow/.local/lib/python3.12/site-packages/airflow/example_dags/example_external_task_marker_dag.py for tasks to queue
[2025-02-19T10:24:55.890+0000] {logging_mixin.py:190} INFO - [2025-02-19T10:24:55.889+0000] {dagbag.py:587} INFO - Filling up the DagBag from /home/airflow/.local/lib/python3.12/site-packages/airflow/example_dags/example_external_task_marker_dag.py
[2025-02-19T10:24:55.891+0000] {logging_mixin.py:190} INFO - [2025-02-19T10:24:55.890+0000] {dagbag.py:368} DEBUG - Importing /home/airflow/.local/lib/python3.12/site-packages/airflow/example_dags/example_external_task_marker_dag.py
[2025-02-19T10:24:55.898+0000] {logging_mixin.py:190} INFO - [2025-02-19T10:24:55.897+0000] {dagbag.py:553} DEBUG - Loaded DAG <DAG: example_external_task_marker_child>
[2025-02-19T10:24:55.898+0000] {logging_mixin.py:190} INFO - [2025-02-19T10:24:55.898+0000] {dagbag.py:553} DEBUG - Loaded DAG <DAG: example_external_task_marker_parent>
[2025-02-19T10:24:55.898+0000] {processor.py:925} INFO - DAG(s) 'example_external_task_marker_child', 'example_external_task_marker_parent' retrieved from /home/airflow/.local/lib/python3.12/site-packages/airflow/example_dags/example_external_task_marker_dag.py
[2025-02-19T10:24:55.899+0000] {logging_mixin.py:190} INFO - [2025-02-19T10:24:55.899+0000] {dagbag.py:710} DEBUG - Running dagbag.sync_to_db with retries. Try 1 of 3
[2025-02-19T10:24:55.899+0000] {logging_mixin.py:190} INFO - [2025-02-19T10:24:55.899+0000] {dagbag.py:715} DEBUG - Calling the DAG.bulk_sync_to_db method
[2025-02-19T10:24:55.910+0000] {logging_mixin.py:190} INFO - [2025-02-19T10:24:55.909+0000] {serialized_dag.py:168} DEBUG - Checking if DAG (example_external_task_marker_child) changed
[2025-02-19T10:24:55.913+0000] {logging_mixin.py:190} INFO - [2025-02-19T10:24:55.913+0000] {plugins_manager.py:351} DEBUG - Plugins are already loaded. Skipping.
[2025-02-19T10:24:55.913+0000] {logging_mixin.py:190} INFO - [2025-02-19T10:24:55.913+0000] {plugins_manager.py:429} DEBUG - Initialize custom taskinstance deps plugins
[2025-02-19T10:24:55.918+0000] {logging_mixin.py:190} INFO - [2025-02-19T10:24:55.918+0000] {serialized_dag.py:179} DEBUG - Serialized DAG (example_external_task_marker_child) is unchanged. Skipping writing to DB
[2025-02-19T10:24:55.919+0000] {logging_mixin.py:190} INFO - [2025-02-19T10:24:55.919+0000] {serialized_dag.py:168} DEBUG - Checking if DAG (example_external_task_marker_parent) changed
[2025-02-19T10:24:55.922+0000] {logging_mixin.py:190} INFO - [2025-02-19T10:24:55.922+0000] {serialized_dag.py:179} DEBUG - Serialized DAG (example_external_task_marker_parent) is unchanged. Skipping writing to DB
[2025-02-19T10:24:55.923+0000] {logging_mixin.py:190} INFO - [2025-02-19T10:24:55.922+0000] {dag.py:3229} INFO - Sync 2 DAGs
[2025-02-19T10:24:55.935+0000] {logging_mixin.py:190} INFO - [2025-02-19T10:24:55.935+0000] {dag.py:4156} INFO - Setting next_dagrun for example_external_task_marker_child to None, run_after=None
[2025-02-19T10:24:55.940+0000] {logging_mixin.py:190} INFO - [2025-02-19T10:24:55.940+0000] {dag.py:4156} INFO - Setting next_dagrun for example_external_task_marker_parent to None, run_after=None
[2025-02-19T10:24:55.956+0000] {processor.py:208} INFO - Processing /home/airflow/.local/lib/python3.12/site-packages/airflow/example_dags/example_external_task_marker_dag.py took 0.085 seconds
[2025-02-19T10:25:26.034+0000] {logging_mixin.py:190} INFO - [2025-02-19T10:25:26.034+0000] {settings.py:475} DEBUG - Setting up DB connection pool (PID 327)
[2025-02-19T10:25:26.035+0000] {logging_mixin.py:190} INFO - [2025-02-19T10:25:26.035+0000] {settings.py:579} DEBUG - settings.prepare_engine_args(): Using pool settings. pool_size=5, max_overflow=10, pool_recycle=1800, pid=327
[2025-02-19T10:25:26.040+0000] {processor.py:186} INFO - Started process (PID=327) to work on /home/airflow/.local/lib/python3.12/site-packages/airflow/example_dags/example_external_task_marker_dag.py
[2025-02-19T10:25:26.041+0000] {processor.py:914} INFO - Processing file /home/airflow/.local/lib/python3.12/site-packages/airflow/example_dags/example_external_task_marker_dag.py for tasks to queue
[2025-02-19T10:25:26.041+0000] {logging_mixin.py:190} INFO - [2025-02-19T10:25:26.041+0000] {dagbag.py:587} INFO - Filling up the DagBag from /home/airflow/.local/lib/python3.12/site-packages/airflow/example_dags/example_external_task_marker_dag.py
[2025-02-19T10:25:26.042+0000] {logging_mixin.py:190} INFO - [2025-02-19T10:25:26.042+0000] {dagbag.py:368} DEBUG - Importing /home/airflow/.local/lib/python3.12/site-packages/airflow/example_dags/example_external_task_marker_dag.py
[2025-02-19T10:25:26.050+0000] {logging_mixin.py:190} INFO - [2025-02-19T10:25:26.049+0000] {dagbag.py:553} DEBUG - Loaded DAG <DAG: example_external_task_marker_parent>
[2025-02-19T10:25:26.051+0000] {logging_mixin.py:190} INFO - [2025-02-19T10:25:26.051+0000] {dagbag.py:553} DEBUG - Loaded DAG <DAG: example_external_task_marker_child>
[2025-02-19T10:25:26.051+0000] {processor.py:925} INFO - DAG(s) 'example_external_task_marker_parent', 'example_external_task_marker_child' retrieved from /home/airflow/.local/lib/python3.12/site-packages/airflow/example_dags/example_external_task_marker_dag.py
[2025-02-19T10:25:26.051+0000] {logging_mixin.py:190} INFO - [2025-02-19T10:25:26.051+0000] {dagbag.py:710} DEBUG - Running dagbag.sync_to_db with retries. Try 1 of 3
[2025-02-19T10:25:26.052+0000] {logging_mixin.py:190} INFO - [2025-02-19T10:25:26.052+0000] {dagbag.py:715} DEBUG - Calling the DAG.bulk_sync_to_db method
[2025-02-19T10:25:26.062+0000] {logging_mixin.py:190} INFO - [2025-02-19T10:25:26.062+0000] {serialized_dag.py:168} DEBUG - Checking if DAG (example_external_task_marker_parent) changed
[2025-02-19T10:25:26.069+0000] {logging_mixin.py:190} INFO - [2025-02-19T10:25:26.069+0000] {serialized_dag.py:179} DEBUG - Serialized DAG (example_external_task_marker_parent) is unchanged. Skipping writing to DB
[2025-02-19T10:25:26.070+0000] {logging_mixin.py:190} INFO - [2025-02-19T10:25:26.070+0000] {serialized_dag.py:168} DEBUG - Checking if DAG (example_external_task_marker_child) changed
[2025-02-19T10:25:26.071+0000] {logging_mixin.py:190} INFO - [2025-02-19T10:25:26.071+0000] {plugins_manager.py:351} DEBUG - Plugins are already loaded. Skipping.
[2025-02-19T10:25:26.071+0000] {logging_mixin.py:190} INFO - [2025-02-19T10:25:26.071+0000] {plugins_manager.py:429} DEBUG - Initialize custom taskinstance deps plugins
[2025-02-19T10:25:26.074+0000] {logging_mixin.py:190} INFO - [2025-02-19T10:25:26.074+0000] {serialized_dag.py:179} DEBUG - Serialized DAG (example_external_task_marker_child) is unchanged. Skipping writing to DB
[2025-02-19T10:25:26.075+0000] {logging_mixin.py:190} INFO - [2025-02-19T10:25:26.075+0000] {dag.py:3229} INFO - Sync 2 DAGs
[2025-02-19T10:25:26.088+0000] {logging_mixin.py:190} INFO - [2025-02-19T10:25:26.087+0000] {dag.py:4156} INFO - Setting next_dagrun for example_external_task_marker_child to None, run_after=None
[2025-02-19T10:25:26.092+0000] {logging_mixin.py:190} INFO - [2025-02-19T10:25:26.091+0000] {dag.py:4156} INFO - Setting next_dagrun for example_external_task_marker_parent to None, run_after=None
[2025-02-19T10:25:26.108+0000] {processor.py:208} INFO - Processing /home/airflow/.local/lib/python3.12/site-packages/airflow/example_dags/example_external_task_marker_dag.py took 0.074 seconds
[2025-02-19T10:25:56.738+0000] {logging_mixin.py:190} INFO - [2025-02-19T10:25:56.737+0000] {settings.py:475} DEBUG - Setting up DB connection pool (PID 391)
[2025-02-19T10:25:56.739+0000] {logging_mixin.py:190} INFO - [2025-02-19T10:25:56.739+0000] {settings.py:579} DEBUG - settings.prepare_engine_args(): Using pool settings. pool_size=5, max_overflow=10, pool_recycle=1800, pid=391
[2025-02-19T10:25:56.744+0000] {processor.py:186} INFO - Started process (PID=391) to work on /home/airflow/.local/lib/python3.12/site-packages/airflow/example_dags/example_external_task_marker_dag.py
[2025-02-19T10:25:56.745+0000] {processor.py:914} INFO - Processing file /home/airflow/.local/lib/python3.12/site-packages/airflow/example_dags/example_external_task_marker_dag.py for tasks to queue
[2025-02-19T10:25:56.746+0000] {logging_mixin.py:190} INFO - [2025-02-19T10:25:56.745+0000] {dagbag.py:587} INFO - Filling up the DagBag from /home/airflow/.local/lib/python3.12/site-packages/airflow/example_dags/example_external_task_marker_dag.py
[2025-02-19T10:25:56.747+0000] {logging_mixin.py:190} INFO - [2025-02-19T10:25:56.746+0000] {dagbag.py:368} DEBUG - Importing /home/airflow/.local/lib/python3.12/site-packages/airflow/example_dags/example_external_task_marker_dag.py
[2025-02-19T10:25:56.756+0000] {logging_mixin.py:190} INFO - [2025-02-19T10:25:56.755+0000] {dagbag.py:553} DEBUG - Loaded DAG <DAG: example_external_task_marker_parent>
[2025-02-19T10:25:56.757+0000] {logging_mixin.py:190} INFO - [2025-02-19T10:25:56.757+0000] {dagbag.py:553} DEBUG - Loaded DAG <DAG: example_external_task_marker_child>
[2025-02-19T10:25:56.757+0000] {processor.py:925} INFO - DAG(s) 'example_external_task_marker_parent', 'example_external_task_marker_child' retrieved from /home/airflow/.local/lib/python3.12/site-packages/airflow/example_dags/example_external_task_marker_dag.py
[2025-02-19T10:25:56.758+0000] {logging_mixin.py:190} INFO - [2025-02-19T10:25:56.757+0000] {dagbag.py:710} DEBUG - Running dagbag.sync_to_db with retries. Try 1 of 3
[2025-02-19T10:25:56.758+0000] {logging_mixin.py:190} INFO - [2025-02-19T10:25:56.758+0000] {dagbag.py:715} DEBUG - Calling the DAG.bulk_sync_to_db method
[2025-02-19T10:25:56.770+0000] {logging_mixin.py:190} INFO - [2025-02-19T10:25:56.770+0000] {serialized_dag.py:168} DEBUG - Checking if DAG (example_external_task_marker_parent) changed
[2025-02-19T10:25:56.777+0000] {logging_mixin.py:190} INFO - [2025-02-19T10:25:56.777+0000] {serialized_dag.py:179} DEBUG - Serialized DAG (example_external_task_marker_parent) is unchanged. Skipping writing to DB
[2025-02-19T10:25:56.779+0000] {logging_mixin.py:190} INFO - [2025-02-19T10:25:56.778+0000] {serialized_dag.py:168} DEBUG - Checking if DAG (example_external_task_marker_child) changed
[2025-02-19T10:25:56.780+0000] {logging_mixin.py:190} INFO - [2025-02-19T10:25:56.779+0000] {plugins_manager.py:351} DEBUG - Plugins are already loaded. Skipping.
[2025-02-19T10:25:56.780+0000] {logging_mixin.py:190} INFO - [2025-02-19T10:25:56.780+0000] {plugins_manager.py:429} DEBUG - Initialize custom taskinstance deps plugins
[2025-02-19T10:25:56.783+0000] {logging_mixin.py:190} INFO - [2025-02-19T10:25:56.783+0000] {serialized_dag.py:179} DEBUG - Serialized DAG (example_external_task_marker_child) is unchanged. Skipping writing to DB
[2025-02-19T10:25:56.783+0000] {logging_mixin.py:190} INFO - [2025-02-19T10:25:56.783+0000] {dag.py:3229} INFO - Sync 2 DAGs
[2025-02-19T10:25:56.797+0000] {logging_mixin.py:190} INFO - [2025-02-19T10:25:56.796+0000] {dag.py:4156} INFO - Setting next_dagrun for example_external_task_marker_child to None, run_after=None
[2025-02-19T10:25:56.801+0000] {logging_mixin.py:190} INFO - [2025-02-19T10:25:56.801+0000] {dag.py:4156} INFO - Setting next_dagrun for example_external_task_marker_parent to None, run_after=None
[2025-02-19T10:25:56.821+0000] {processor.py:208} INFO - Processing /home/airflow/.local/lib/python3.12/site-packages/airflow/example_dags/example_external_task_marker_dag.py took 0.083 seconds
[2025-02-19T10:26:27.440+0000] {logging_mixin.py:190} INFO - [2025-02-19T10:26:27.439+0000] {settings.py:475} DEBUG - Setting up DB connection pool (PID 455)
[2025-02-19T10:26:27.442+0000] {logging_mixin.py:190} INFO - [2025-02-19T10:26:27.441+0000] {settings.py:579} DEBUG - settings.prepare_engine_args(): Using pool settings. pool_size=5, max_overflow=10, pool_recycle=1800, pid=455
[2025-02-19T10:26:27.448+0000] {processor.py:186} INFO - Started process (PID=455) to work on /home/airflow/.local/lib/python3.12/site-packages/airflow/example_dags/example_external_task_marker_dag.py
[2025-02-19T10:26:27.448+0000] {processor.py:914} INFO - Processing file /home/airflow/.local/lib/python3.12/site-packages/airflow/example_dags/example_external_task_marker_dag.py for tasks to queue
[2025-02-19T10:26:27.449+0000] {logging_mixin.py:190} INFO - [2025-02-19T10:26:27.449+0000] {dagbag.py:587} INFO - Filling up the DagBag from /home/airflow/.local/lib/python3.12/site-packages/airflow/example_dags/example_external_task_marker_dag.py
[2025-02-19T10:26:27.450+0000] {logging_mixin.py:190} INFO - [2025-02-19T10:26:27.450+0000] {dagbag.py:368} DEBUG - Importing /home/airflow/.local/lib/python3.12/site-packages/airflow/example_dags/example_external_task_marker_dag.py
[2025-02-19T10:26:27.459+0000] {logging_mixin.py:190} INFO - [2025-02-19T10:26:27.458+0000] {dagbag.py:553} DEBUG - Loaded DAG <DAG: example_external_task_marker_parent>
[2025-02-19T10:26:27.459+0000] {logging_mixin.py:190} INFO - [2025-02-19T10:26:27.459+0000] {dagbag.py:553} DEBUG - Loaded DAG <DAG: example_external_task_marker_child>
[2025-02-19T10:26:27.459+0000] {processor.py:925} INFO - DAG(s) 'example_external_task_marker_parent', 'example_external_task_marker_child' retrieved from /home/airflow/.local/lib/python3.12/site-packages/airflow/example_dags/example_external_task_marker_dag.py
[2025-02-19T10:26:27.460+0000] {logging_mixin.py:190} INFO - [2025-02-19T10:26:27.460+0000] {dagbag.py:710} DEBUG - Running dagbag.sync_to_db with retries. Try 1 of 3
[2025-02-19T10:26:27.460+0000] {logging_mixin.py:190} INFO - [2025-02-19T10:26:27.460+0000] {dagbag.py:715} DEBUG - Calling the DAG.bulk_sync_to_db method
[2025-02-19T10:26:27.472+0000] {logging_mixin.py:190} INFO - [2025-02-19T10:26:27.472+0000] {serialized_dag.py:168} DEBUG - Checking if DAG (example_external_task_marker_parent) changed
[2025-02-19T10:26:27.481+0000] {logging_mixin.py:190} INFO - [2025-02-19T10:26:27.480+0000] {serialized_dag.py:179} DEBUG - Serialized DAG (example_external_task_marker_parent) is unchanged. Skipping writing to DB
[2025-02-19T10:26:27.482+0000] {logging_mixin.py:190} INFO - [2025-02-19T10:26:27.482+0000] {serialized_dag.py:168} DEBUG - Checking if DAG (example_external_task_marker_child) changed
[2025-02-19T10:26:27.483+0000] {logging_mixin.py:190} INFO - [2025-02-19T10:26:27.483+0000] {plugins_manager.py:351} DEBUG - Plugins are already loaded. Skipping.
[2025-02-19T10:26:27.483+0000] {logging_mixin.py:190} INFO - [2025-02-19T10:26:27.483+0000] {plugins_manager.py:429} DEBUG - Initialize custom taskinstance deps plugins
[2025-02-19T10:26:27.487+0000] {logging_mixin.py:190} INFO - [2025-02-19T10:26:27.487+0000] {serialized_dag.py:179} DEBUG - Serialized DAG (example_external_task_marker_child) is unchanged. Skipping writing to DB
[2025-02-19T10:26:27.487+0000] {logging_mixin.py:190} INFO - [2025-02-19T10:26:27.487+0000] {dag.py:3229} INFO - Sync 2 DAGs
[2025-02-19T10:26:27.501+0000] {logging_mixin.py:190} INFO - [2025-02-19T10:26:27.501+0000] {dag.py:4156} INFO - Setting next_dagrun for example_external_task_marker_child to None, run_after=None
[2025-02-19T10:26:27.505+0000] {logging_mixin.py:190} INFO - [2025-02-19T10:26:27.505+0000] {dag.py:4156} INFO - Setting next_dagrun for example_external_task_marker_parent to None, run_after=None
[2025-02-19T10:26:27.529+0000] {processor.py:208} INFO - Processing /home/airflow/.local/lib/python3.12/site-packages/airflow/example_dags/example_external_task_marker_dag.py took 0.090 seconds
