[2025-02-19T09:38:26.041+0000] {processor.py:186} INFO - Started process (PID=77) to work on /home/airflow/.local/lib/python3.12/site-packages/airflow/example_dags/example_sla_dag.py
[2025-02-19T09:38:26.042+0000] {processor.py:914} INFO - Processing file /home/airflow/.local/lib/python3.12/site-packages/airflow/example_dags/example_sla_dag.py for tasks to queue
[2025-02-19T09:38:26.045+0000] {logging_mixin.py:190} INFO - [2025-02-19T09:38:26.044+0000] {dagbag.py:587} INFO - Filling up the DagBag from /home/airflow/.local/lib/python3.12/site-packages/airflow/example_dags/example_sla_dag.py
[2025-02-19T09:38:26.059+0000] {processor.py:925} INFO - DAG(s) 'example_sla_dag' retrieved from /home/airflow/.local/lib/python3.12/site-packages/airflow/example_dags/example_sla_dag.py
[2025-02-19T09:38:26.088+0000] {logging_mixin.py:190} INFO - [2025-02-19T09:38:26.088+0000] {dag.py:3229} INFO - Sync 1 DAGs
[2025-02-19T09:38:26.117+0000] {logging_mixin.py:190} INFO - [2025-02-19T09:38:26.117+0000] {dag.py:4156} INFO - Setting next_dagrun for example_sla_dag to 2025-02-19 09:36:00+00:00, run_after=2025-02-19 09:38:00+00:00
[2025-02-19T09:38:26.246+0000] {processor.py:208} INFO - Processing /home/airflow/.local/lib/python3.12/site-packages/airflow/example_dags/example_sla_dag.py took 0.212 seconds
[2025-02-19T09:38:56.732+0000] {processor.py:186} INFO - Started process (PID=145) to work on /home/airflow/.local/lib/python3.12/site-packages/airflow/example_dags/example_sla_dag.py
[2025-02-19T09:38:56.734+0000] {processor.py:914} INFO - Processing file /home/airflow/.local/lib/python3.12/site-packages/airflow/example_dags/example_sla_dag.py for tasks to queue
[2025-02-19T09:38:56.736+0000] {logging_mixin.py:190} INFO - [2025-02-19T09:38:56.735+0000] {dagbag.py:587} INFO - Filling up the DagBag from /home/airflow/.local/lib/python3.12/site-packages/airflow/example_dags/example_sla_dag.py
[2025-02-19T09:38:56.746+0000] {processor.py:925} INFO - DAG(s) 'example_sla_dag' retrieved from /home/airflow/.local/lib/python3.12/site-packages/airflow/example_dags/example_sla_dag.py
[2025-02-19T09:38:56.764+0000] {logging_mixin.py:190} INFO - [2025-02-19T09:38:56.764+0000] {dag.py:3229} INFO - Sync 1 DAGs
[2025-02-19T09:38:56.788+0000] {logging_mixin.py:190} INFO - [2025-02-19T09:38:56.788+0000] {dag.py:4156} INFO - Setting next_dagrun for example_sla_dag to 2025-02-19 09:36:00+00:00, run_after=2025-02-19 09:38:00+00:00
[2025-02-19T09:38:56.810+0000] {processor.py:208} INFO - Processing /home/airflow/.local/lib/python3.12/site-packages/airflow/example_dags/example_sla_dag.py took 0.083 seconds
[2025-02-19T09:39:27.554+0000] {processor.py:186} INFO - Started process (PID=210) to work on /home/airflow/.local/lib/python3.12/site-packages/airflow/example_dags/example_sla_dag.py
[2025-02-19T09:39:27.555+0000] {processor.py:914} INFO - Processing file /home/airflow/.local/lib/python3.12/site-packages/airflow/example_dags/example_sla_dag.py for tasks to queue
[2025-02-19T09:39:27.557+0000] {logging_mixin.py:190} INFO - [2025-02-19T09:39:27.557+0000] {dagbag.py:587} INFO - Filling up the DagBag from /home/airflow/.local/lib/python3.12/site-packages/airflow/example_dags/example_sla_dag.py
[2025-02-19T09:39:27.565+0000] {processor.py:925} INFO - DAG(s) 'example_sla_dag' retrieved from /home/airflow/.local/lib/python3.12/site-packages/airflow/example_dags/example_sla_dag.py
[2025-02-19T09:39:27.582+0000] {logging_mixin.py:190} INFO - [2025-02-19T09:39:27.581+0000] {dag.py:3229} INFO - Sync 1 DAGs
[2025-02-19T09:39:27.602+0000] {logging_mixin.py:190} INFO - [2025-02-19T09:39:27.602+0000] {dag.py:4156} INFO - Setting next_dagrun for example_sla_dag to 2025-02-19 09:36:00+00:00, run_after=2025-02-19 09:38:00+00:00
[2025-02-19T09:39:27.618+0000] {processor.py:208} INFO - Processing /home/airflow/.local/lib/python3.12/site-packages/airflow/example_dags/example_sla_dag.py took 0.068 seconds
[2025-02-19T09:39:57.711+0000] {processor.py:186} INFO - Started process (PID=274) to work on /home/airflow/.local/lib/python3.12/site-packages/airflow/example_dags/example_sla_dag.py
[2025-02-19T09:39:57.712+0000] {processor.py:914} INFO - Processing file /home/airflow/.local/lib/python3.12/site-packages/airflow/example_dags/example_sla_dag.py for tasks to queue
[2025-02-19T09:39:57.714+0000] {logging_mixin.py:190} INFO - [2025-02-19T09:39:57.714+0000] {dagbag.py:587} INFO - Filling up the DagBag from /home/airflow/.local/lib/python3.12/site-packages/airflow/example_dags/example_sla_dag.py
[2025-02-19T09:39:57.721+0000] {processor.py:925} INFO - DAG(s) 'example_sla_dag' retrieved from /home/airflow/.local/lib/python3.12/site-packages/airflow/example_dags/example_sla_dag.py
[2025-02-19T09:39:57.737+0000] {logging_mixin.py:190} INFO - [2025-02-19T09:39:57.737+0000] {dag.py:3229} INFO - Sync 1 DAGs
[2025-02-19T09:39:57.757+0000] {logging_mixin.py:190} INFO - [2025-02-19T09:39:57.757+0000] {dag.py:4156} INFO - Setting next_dagrun for example_sla_dag to 2025-02-19 09:36:00+00:00, run_after=2025-02-19 09:38:00+00:00
[2025-02-19T09:39:57.771+0000] {processor.py:208} INFO - Processing /home/airflow/.local/lib/python3.12/site-packages/airflow/example_dags/example_sla_dag.py took 0.065 seconds
[2025-02-19T09:40:27.948+0000] {processor.py:186} INFO - Started process (PID=338) to work on /home/airflow/.local/lib/python3.12/site-packages/airflow/example_dags/example_sla_dag.py
[2025-02-19T09:40:27.949+0000] {processor.py:914} INFO - Processing file /home/airflow/.local/lib/python3.12/site-packages/airflow/example_dags/example_sla_dag.py for tasks to queue
[2025-02-19T09:40:27.951+0000] {logging_mixin.py:190} INFO - [2025-02-19T09:40:27.951+0000] {dagbag.py:587} INFO - Filling up the DagBag from /home/airflow/.local/lib/python3.12/site-packages/airflow/example_dags/example_sla_dag.py
[2025-02-19T09:40:27.959+0000] {processor.py:925} INFO - DAG(s) 'example_sla_dag' retrieved from /home/airflow/.local/lib/python3.12/site-packages/airflow/example_dags/example_sla_dag.py
[2025-02-19T09:40:27.977+0000] {logging_mixin.py:190} INFO - [2025-02-19T09:40:27.976+0000] {dag.py:3229} INFO - Sync 1 DAGs
[2025-02-19T09:40:27.996+0000] {logging_mixin.py:190} INFO - [2025-02-19T09:40:27.996+0000] {dag.py:4156} INFO - Setting next_dagrun for example_sla_dag to 2025-02-19 09:38:00+00:00, run_after=2025-02-19 09:40:00+00:00
[2025-02-19T09:40:28.015+0000] {processor.py:208} INFO - Processing /home/airflow/.local/lib/python3.12/site-packages/airflow/example_dags/example_sla_dag.py took 0.071 seconds
[2025-02-19T09:40:58.300+0000] {processor.py:186} INFO - Started process (PID=402) to work on /home/airflow/.local/lib/python3.12/site-packages/airflow/example_dags/example_sla_dag.py
[2025-02-19T09:40:58.301+0000] {processor.py:914} INFO - Processing file /home/airflow/.local/lib/python3.12/site-packages/airflow/example_dags/example_sla_dag.py for tasks to queue
[2025-02-19T09:40:58.303+0000] {logging_mixin.py:190} INFO - [2025-02-19T09:40:58.303+0000] {dagbag.py:587} INFO - Filling up the DagBag from /home/airflow/.local/lib/python3.12/site-packages/airflow/example_dags/example_sla_dag.py
[2025-02-19T09:40:58.310+0000] {processor.py:925} INFO - DAG(s) 'example_sla_dag' retrieved from /home/airflow/.local/lib/python3.12/site-packages/airflow/example_dags/example_sla_dag.py
[2025-02-19T09:40:58.327+0000] {logging_mixin.py:190} INFO - [2025-02-19T09:40:58.327+0000] {dag.py:3229} INFO - Sync 1 DAGs
[2025-02-19T09:40:58.345+0000] {logging_mixin.py:190} INFO - [2025-02-19T09:40:58.345+0000] {dag.py:4156} INFO - Setting next_dagrun for example_sla_dag to 2025-02-19 09:38:00+00:00, run_after=2025-02-19 09:40:00+00:00
[2025-02-19T09:40:58.358+0000] {processor.py:208} INFO - Processing /home/airflow/.local/lib/python3.12/site-packages/airflow/example_dags/example_sla_dag.py took 0.062 seconds
[2025-02-19T09:41:28.558+0000] {processor.py:186} INFO - Started process (PID=466) to work on /home/airflow/.local/lib/python3.12/site-packages/airflow/example_dags/example_sla_dag.py
[2025-02-19T09:41:28.560+0000] {processor.py:914} INFO - Processing file /home/airflow/.local/lib/python3.12/site-packages/airflow/example_dags/example_sla_dag.py for tasks to queue
[2025-02-19T09:41:28.562+0000] {logging_mixin.py:190} INFO - [2025-02-19T09:41:28.562+0000] {dagbag.py:587} INFO - Filling up the DagBag from /home/airflow/.local/lib/python3.12/site-packages/airflow/example_dags/example_sla_dag.py
[2025-02-19T09:41:28.571+0000] {processor.py:925} INFO - DAG(s) 'example_sla_dag' retrieved from /home/airflow/.local/lib/python3.12/site-packages/airflow/example_dags/example_sla_dag.py
[2025-02-19T09:41:28.590+0000] {logging_mixin.py:190} INFO - [2025-02-19T09:41:28.589+0000] {dag.py:3229} INFO - Sync 1 DAGs
[2025-02-19T09:41:28.611+0000] {logging_mixin.py:190} INFO - [2025-02-19T09:41:28.610+0000] {dag.py:4156} INFO - Setting next_dagrun for example_sla_dag to 2025-02-19 09:38:00+00:00, run_after=2025-02-19 09:40:00+00:00
[2025-02-19T09:41:28.626+0000] {processor.py:208} INFO - Processing /home/airflow/.local/lib/python3.12/site-packages/airflow/example_dags/example_sla_dag.py took 0.072 seconds
[2025-02-19T09:41:58.718+0000] {processor.py:186} INFO - Started process (PID=530) to work on /home/airflow/.local/lib/python3.12/site-packages/airflow/example_dags/example_sla_dag.py
[2025-02-19T09:41:58.719+0000] {processor.py:914} INFO - Processing file /home/airflow/.local/lib/python3.12/site-packages/airflow/example_dags/example_sla_dag.py for tasks to queue
[2025-02-19T09:41:58.721+0000] {logging_mixin.py:190} INFO - [2025-02-19T09:41:58.721+0000] {dagbag.py:587} INFO - Filling up the DagBag from /home/airflow/.local/lib/python3.12/site-packages/airflow/example_dags/example_sla_dag.py
[2025-02-19T09:41:58.729+0000] {processor.py:925} INFO - DAG(s) 'example_sla_dag' retrieved from /home/airflow/.local/lib/python3.12/site-packages/airflow/example_dags/example_sla_dag.py
[2025-02-19T09:41:58.745+0000] {logging_mixin.py:190} INFO - [2025-02-19T09:41:58.745+0000] {dag.py:3229} INFO - Sync 1 DAGs
[2025-02-19T09:41:58.764+0000] {logging_mixin.py:190} INFO - [2025-02-19T09:41:58.763+0000] {dag.py:4156} INFO - Setting next_dagrun for example_sla_dag to 2025-02-19 09:38:00+00:00, run_after=2025-02-19 09:40:00+00:00
[2025-02-19T09:41:58.777+0000] {processor.py:208} INFO - Processing /home/airflow/.local/lib/python3.12/site-packages/airflow/example_dags/example_sla_dag.py took 0.063 seconds
[2025-02-19T09:42:28.880+0000] {processor.py:186} INFO - Started process (PID=594) to work on /home/airflow/.local/lib/python3.12/site-packages/airflow/example_dags/example_sla_dag.py
[2025-02-19T09:42:28.882+0000] {processor.py:914} INFO - Processing file /home/airflow/.local/lib/python3.12/site-packages/airflow/example_dags/example_sla_dag.py for tasks to queue
[2025-02-19T09:42:28.884+0000] {logging_mixin.py:190} INFO - [2025-02-19T09:42:28.883+0000] {dagbag.py:587} INFO - Filling up the DagBag from /home/airflow/.local/lib/python3.12/site-packages/airflow/example_dags/example_sla_dag.py
[2025-02-19T09:42:28.891+0000] {processor.py:925} INFO - DAG(s) 'example_sla_dag' retrieved from /home/airflow/.local/lib/python3.12/site-packages/airflow/example_dags/example_sla_dag.py
[2025-02-19T09:42:28.908+0000] {logging_mixin.py:190} INFO - [2025-02-19T09:42:28.908+0000] {dag.py:3229} INFO - Sync 1 DAGs
[2025-02-19T09:42:28.927+0000] {logging_mixin.py:190} INFO - [2025-02-19T09:42:28.926+0000] {dag.py:4156} INFO - Setting next_dagrun for example_sla_dag to 2025-02-19 09:40:00+00:00, run_after=2025-02-19 09:42:00+00:00
[2025-02-19T09:42:28.941+0000] {processor.py:208} INFO - Processing /home/airflow/.local/lib/python3.12/site-packages/airflow/example_dags/example_sla_dag.py took 0.065 seconds
[2025-02-19T09:42:59.046+0000] {processor.py:186} INFO - Started process (PID=658) to work on /home/airflow/.local/lib/python3.12/site-packages/airflow/example_dags/example_sla_dag.py
[2025-02-19T09:42:59.047+0000] {processor.py:914} INFO - Processing file /home/airflow/.local/lib/python3.12/site-packages/airflow/example_dags/example_sla_dag.py for tasks to queue
[2025-02-19T09:42:59.049+0000] {logging_mixin.py:190} INFO - [2025-02-19T09:42:59.049+0000] {dagbag.py:587} INFO - Filling up the DagBag from /home/airflow/.local/lib/python3.12/site-packages/airflow/example_dags/example_sla_dag.py
[2025-02-19T09:42:59.057+0000] {processor.py:925} INFO - DAG(s) 'example_sla_dag' retrieved from /home/airflow/.local/lib/python3.12/site-packages/airflow/example_dags/example_sla_dag.py
[2025-02-19T09:42:59.073+0000] {logging_mixin.py:190} INFO - [2025-02-19T09:42:59.073+0000] {dag.py:3229} INFO - Sync 1 DAGs
[2025-02-19T09:42:59.093+0000] {logging_mixin.py:190} INFO - [2025-02-19T09:42:59.092+0000] {dag.py:4156} INFO - Setting next_dagrun for example_sla_dag to 2025-02-19 09:40:00+00:00, run_after=2025-02-19 09:42:00+00:00
[2025-02-19T09:42:59.105+0000] {processor.py:208} INFO - Processing /home/airflow/.local/lib/python3.12/site-packages/airflow/example_dags/example_sla_dag.py took 0.064 seconds
[2025-02-19T09:43:30.224+0000] {processor.py:186} INFO - Started process (PID=722) to work on /home/airflow/.local/lib/python3.12/site-packages/airflow/example_dags/example_sla_dag.py
[2025-02-19T09:43:30.225+0000] {processor.py:914} INFO - Processing file /home/airflow/.local/lib/python3.12/site-packages/airflow/example_dags/example_sla_dag.py for tasks to queue
[2025-02-19T09:43:30.227+0000] {logging_mixin.py:190} INFO - [2025-02-19T09:43:30.227+0000] {dagbag.py:587} INFO - Filling up the DagBag from /home/airflow/.local/lib/python3.12/site-packages/airflow/example_dags/example_sla_dag.py
[2025-02-19T09:43:30.235+0000] {processor.py:925} INFO - DAG(s) 'example_sla_dag' retrieved from /home/airflow/.local/lib/python3.12/site-packages/airflow/example_dags/example_sla_dag.py
[2025-02-19T09:43:30.251+0000] {logging_mixin.py:190} INFO - [2025-02-19T09:43:30.250+0000] {dag.py:3229} INFO - Sync 1 DAGs
[2025-02-19T09:43:30.271+0000] {logging_mixin.py:190} INFO - [2025-02-19T09:43:30.271+0000] {dag.py:4156} INFO - Setting next_dagrun for example_sla_dag to 2025-02-19 09:40:00+00:00, run_after=2025-02-19 09:42:00+00:00
[2025-02-19T09:43:30.284+0000] {processor.py:208} INFO - Processing /home/airflow/.local/lib/python3.12/site-packages/airflow/example_dags/example_sla_dag.py took 0.064 seconds
[2025-02-19T09:44:00.528+0000] {processor.py:186} INFO - Started process (PID=786) to work on /home/airflow/.local/lib/python3.12/site-packages/airflow/example_dags/example_sla_dag.py
[2025-02-19T09:44:00.529+0000] {processor.py:914} INFO - Processing file /home/airflow/.local/lib/python3.12/site-packages/airflow/example_dags/example_sla_dag.py for tasks to queue
[2025-02-19T09:44:00.531+0000] {logging_mixin.py:190} INFO - [2025-02-19T09:44:00.530+0000] {dagbag.py:587} INFO - Filling up the DagBag from /home/airflow/.local/lib/python3.12/site-packages/airflow/example_dags/example_sla_dag.py
[2025-02-19T09:44:00.539+0000] {processor.py:925} INFO - DAG(s) 'example_sla_dag' retrieved from /home/airflow/.local/lib/python3.12/site-packages/airflow/example_dags/example_sla_dag.py
[2025-02-19T09:44:00.556+0000] {logging_mixin.py:190} INFO - [2025-02-19T09:44:00.555+0000] {dag.py:3229} INFO - Sync 1 DAGs
[2025-02-19T09:44:00.578+0000] {logging_mixin.py:190} INFO - [2025-02-19T09:44:00.577+0000] {dag.py:4156} INFO - Setting next_dagrun for example_sla_dag to 2025-02-19 09:42:00+00:00, run_after=2025-02-19 09:44:00+00:00
[2025-02-19T09:44:00.597+0000] {processor.py:208} INFO - Processing /home/airflow/.local/lib/python3.12/site-packages/airflow/example_dags/example_sla_dag.py took 0.074 seconds
[2025-02-19T09:44:30.718+0000] {processor.py:186} INFO - Started process (PID=850) to work on /home/airflow/.local/lib/python3.12/site-packages/airflow/example_dags/example_sla_dag.py
[2025-02-19T09:44:30.719+0000] {processor.py:914} INFO - Processing file /home/airflow/.local/lib/python3.12/site-packages/airflow/example_dags/example_sla_dag.py for tasks to queue
[2025-02-19T09:44:30.721+0000] {logging_mixin.py:190} INFO - [2025-02-19T09:44:30.721+0000] {dagbag.py:587} INFO - Filling up the DagBag from /home/airflow/.local/lib/python3.12/site-packages/airflow/example_dags/example_sla_dag.py
[2025-02-19T09:44:30.731+0000] {processor.py:925} INFO - DAG(s) 'example_sla_dag' retrieved from /home/airflow/.local/lib/python3.12/site-packages/airflow/example_dags/example_sla_dag.py
[2025-02-19T09:44:30.748+0000] {logging_mixin.py:190} INFO - [2025-02-19T09:44:30.747+0000] {dag.py:3229} INFO - Sync 1 DAGs
[2025-02-19T09:44:30.770+0000] {logging_mixin.py:190} INFO - [2025-02-19T09:44:30.770+0000] {dag.py:4156} INFO - Setting next_dagrun for example_sla_dag to 2025-02-19 09:42:00+00:00, run_after=2025-02-19 09:44:00+00:00
[2025-02-19T09:44:30.786+0000] {processor.py:208} INFO - Processing /home/airflow/.local/lib/python3.12/site-packages/airflow/example_dags/example_sla_dag.py took 0.072 seconds
[2025-02-19T09:45:00.940+0000] {processor.py:186} INFO - Started process (PID=914) to work on /home/airflow/.local/lib/python3.12/site-packages/airflow/example_dags/example_sla_dag.py
[2025-02-19T09:45:00.950+0000] {processor.py:914} INFO - Processing file /home/airflow/.local/lib/python3.12/site-packages/airflow/example_dags/example_sla_dag.py for tasks to queue
[2025-02-19T09:45:00.953+0000] {logging_mixin.py:190} INFO - [2025-02-19T09:45:00.953+0000] {dagbag.py:587} INFO - Filling up the DagBag from /home/airflow/.local/lib/python3.12/site-packages/airflow/example_dags/example_sla_dag.py
[2025-02-19T09:45:00.962+0000] {processor.py:925} INFO - DAG(s) 'example_sla_dag' retrieved from /home/airflow/.local/lib/python3.12/site-packages/airflow/example_dags/example_sla_dag.py
[2025-02-19T09:45:00.980+0000] {logging_mixin.py:190} INFO - [2025-02-19T09:45:00.979+0000] {dag.py:3229} INFO - Sync 1 DAGs
[2025-02-19T09:45:01.004+0000] {logging_mixin.py:190} INFO - [2025-02-19T09:45:01.004+0000] {dag.py:4156} INFO - Setting next_dagrun for example_sla_dag to 2025-02-19 09:42:00+00:00, run_after=2025-02-19 09:44:00+00:00
[2025-02-19T09:45:01.022+0000] {processor.py:208} INFO - Processing /home/airflow/.local/lib/python3.12/site-packages/airflow/example_dags/example_sla_dag.py took 0.087 seconds
[2025-02-19T09:45:31.136+0000] {processor.py:186} INFO - Started process (PID=978) to work on /home/airflow/.local/lib/python3.12/site-packages/airflow/example_dags/example_sla_dag.py
[2025-02-19T09:45:31.137+0000] {processor.py:914} INFO - Processing file /home/airflow/.local/lib/python3.12/site-packages/airflow/example_dags/example_sla_dag.py for tasks to queue
[2025-02-19T09:45:31.139+0000] {logging_mixin.py:190} INFO - [2025-02-19T09:45:31.139+0000] {dagbag.py:587} INFO - Filling up the DagBag from /home/airflow/.local/lib/python3.12/site-packages/airflow/example_dags/example_sla_dag.py
[2025-02-19T09:45:31.148+0000] {processor.py:925} INFO - DAG(s) 'example_sla_dag' retrieved from /home/airflow/.local/lib/python3.12/site-packages/airflow/example_dags/example_sla_dag.py
[2025-02-19T09:45:31.167+0000] {logging_mixin.py:190} INFO - [2025-02-19T09:45:31.166+0000] {dag.py:3229} INFO - Sync 1 DAGs
[2025-02-19T09:45:31.188+0000] {logging_mixin.py:190} INFO - [2025-02-19T09:45:31.188+0000] {dag.py:4156} INFO - Setting next_dagrun for example_sla_dag to 2025-02-19 09:42:00+00:00, run_after=2025-02-19 09:44:00+00:00
[2025-02-19T09:45:31.204+0000] {processor.py:208} INFO - Processing /home/airflow/.local/lib/python3.12/site-packages/airflow/example_dags/example_sla_dag.py took 0.072 seconds
[2025-02-19T09:46:01.359+0000] {processor.py:186} INFO - Started process (PID=1042) to work on /home/airflow/.local/lib/python3.12/site-packages/airflow/example_dags/example_sla_dag.py
[2025-02-19T09:46:01.360+0000] {processor.py:914} INFO - Processing file /home/airflow/.local/lib/python3.12/site-packages/airflow/example_dags/example_sla_dag.py for tasks to queue
[2025-02-19T09:46:01.362+0000] {logging_mixin.py:190} INFO - [2025-02-19T09:46:01.362+0000] {dagbag.py:587} INFO - Filling up the DagBag from /home/airflow/.local/lib/python3.12/site-packages/airflow/example_dags/example_sla_dag.py
[2025-02-19T09:46:01.369+0000] {processor.py:925} INFO - DAG(s) 'example_sla_dag' retrieved from /home/airflow/.local/lib/python3.12/site-packages/airflow/example_dags/example_sla_dag.py
[2025-02-19T09:46:01.385+0000] {logging_mixin.py:190} INFO - [2025-02-19T09:46:01.384+0000] {dag.py:3229} INFO - Sync 1 DAGs
[2025-02-19T09:46:01.403+0000] {logging_mixin.py:190} INFO - [2025-02-19T09:46:01.403+0000] {dag.py:4156} INFO - Setting next_dagrun for example_sla_dag to 2025-02-19 09:44:00+00:00, run_after=2025-02-19 09:46:00+00:00
[2025-02-19T09:46:01.417+0000] {processor.py:208} INFO - Processing /home/airflow/.local/lib/python3.12/site-packages/airflow/example_dags/example_sla_dag.py took 0.061 seconds
[2025-02-19T09:46:32.280+0000] {processor.py:186} INFO - Started process (PID=1106) to work on /home/airflow/.local/lib/python3.12/site-packages/airflow/example_dags/example_sla_dag.py
[2025-02-19T09:46:32.281+0000] {processor.py:914} INFO - Processing file /home/airflow/.local/lib/python3.12/site-packages/airflow/example_dags/example_sla_dag.py for tasks to queue
[2025-02-19T09:46:32.283+0000] {logging_mixin.py:190} INFO - [2025-02-19T09:46:32.283+0000] {dagbag.py:587} INFO - Filling up the DagBag from /home/airflow/.local/lib/python3.12/site-packages/airflow/example_dags/example_sla_dag.py
[2025-02-19T09:46:32.291+0000] {processor.py:925} INFO - DAG(s) 'example_sla_dag' retrieved from /home/airflow/.local/lib/python3.12/site-packages/airflow/example_dags/example_sla_dag.py
[2025-02-19T09:46:32.309+0000] {logging_mixin.py:190} INFO - [2025-02-19T09:46:32.309+0000] {dag.py:3229} INFO - Sync 1 DAGs
[2025-02-19T09:46:32.330+0000] {logging_mixin.py:190} INFO - [2025-02-19T09:46:32.330+0000] {dag.py:4156} INFO - Setting next_dagrun for example_sla_dag to 2025-02-19 09:44:00+00:00, run_after=2025-02-19 09:46:00+00:00
[2025-02-19T09:46:32.344+0000] {processor.py:208} INFO - Processing /home/airflow/.local/lib/python3.12/site-packages/airflow/example_dags/example_sla_dag.py took 0.068 seconds
[2025-02-19T09:47:03.118+0000] {processor.py:186} INFO - Started process (PID=1170) to work on /home/airflow/.local/lib/python3.12/site-packages/airflow/example_dags/example_sla_dag.py
[2025-02-19T09:47:03.119+0000] {processor.py:914} INFO - Processing file /home/airflow/.local/lib/python3.12/site-packages/airflow/example_dags/example_sla_dag.py for tasks to queue
[2025-02-19T09:47:03.121+0000] {logging_mixin.py:190} INFO - [2025-02-19T09:47:03.121+0000] {dagbag.py:587} INFO - Filling up the DagBag from /home/airflow/.local/lib/python3.12/site-packages/airflow/example_dags/example_sla_dag.py
[2025-02-19T09:47:03.129+0000] {processor.py:925} INFO - DAG(s) 'example_sla_dag' retrieved from /home/airflow/.local/lib/python3.12/site-packages/airflow/example_dags/example_sla_dag.py
[2025-02-19T09:47:03.148+0000] {logging_mixin.py:190} INFO - [2025-02-19T09:47:03.147+0000] {dag.py:3229} INFO - Sync 1 DAGs
[2025-02-19T09:47:03.169+0000] {logging_mixin.py:190} INFO - [2025-02-19T09:47:03.169+0000] {dag.py:4156} INFO - Setting next_dagrun for example_sla_dag to 2025-02-19 09:44:00+00:00, run_after=2025-02-19 09:46:00+00:00
[2025-02-19T09:47:03.186+0000] {processor.py:208} INFO - Processing /home/airflow/.local/lib/python3.12/site-packages/airflow/example_dags/example_sla_dag.py took 0.073 seconds
[2025-02-19T09:47:33.490+0000] {processor.py:186} INFO - Started process (PID=1234) to work on /home/airflow/.local/lib/python3.12/site-packages/airflow/example_dags/example_sla_dag.py
[2025-02-19T09:47:33.491+0000] {processor.py:914} INFO - Processing file /home/airflow/.local/lib/python3.12/site-packages/airflow/example_dags/example_sla_dag.py for tasks to queue
[2025-02-19T09:47:33.493+0000] {logging_mixin.py:190} INFO - [2025-02-19T09:47:33.493+0000] {dagbag.py:587} INFO - Filling up the DagBag from /home/airflow/.local/lib/python3.12/site-packages/airflow/example_dags/example_sla_dag.py
[2025-02-19T09:47:33.502+0000] {processor.py:925} INFO - DAG(s) 'example_sla_dag' retrieved from /home/airflow/.local/lib/python3.12/site-packages/airflow/example_dags/example_sla_dag.py
[2025-02-19T09:47:33.525+0000] {logging_mixin.py:190} INFO - [2025-02-19T09:47:33.524+0000] {dag.py:3229} INFO - Sync 1 DAGs
[2025-02-19T09:47:33.548+0000] {logging_mixin.py:190} INFO - [2025-02-19T09:47:33.547+0000] {dag.py:4156} INFO - Setting next_dagrun for example_sla_dag to 2025-02-19 09:44:00+00:00, run_after=2025-02-19 09:46:00+00:00
[2025-02-19T09:47:33.567+0000] {processor.py:208} INFO - Processing /home/airflow/.local/lib/python3.12/site-packages/airflow/example_dags/example_sla_dag.py took 0.081 seconds
[2025-02-19T09:48:03.911+0000] {processor.py:186} INFO - Started process (PID=1299) to work on /home/airflow/.local/lib/python3.12/site-packages/airflow/example_dags/example_sla_dag.py
[2025-02-19T09:48:03.912+0000] {processor.py:914} INFO - Processing file /home/airflow/.local/lib/python3.12/site-packages/airflow/example_dags/example_sla_dag.py for tasks to queue
[2025-02-19T09:48:03.915+0000] {logging_mixin.py:190} INFO - [2025-02-19T09:48:03.914+0000] {dagbag.py:587} INFO - Filling up the DagBag from /home/airflow/.local/lib/python3.12/site-packages/airflow/example_dags/example_sla_dag.py
[2025-02-19T09:48:03.925+0000] {processor.py:925} INFO - DAG(s) 'example_sla_dag' retrieved from /home/airflow/.local/lib/python3.12/site-packages/airflow/example_dags/example_sla_dag.py
[2025-02-19T09:48:03.943+0000] {logging_mixin.py:190} INFO - [2025-02-19T09:48:03.942+0000] {dag.py:3229} INFO - Sync 1 DAGs
[2025-02-19T09:48:03.965+0000] {logging_mixin.py:190} INFO - [2025-02-19T09:48:03.965+0000] {dag.py:4156} INFO - Setting next_dagrun for example_sla_dag to 2025-02-19 09:46:00+00:00, run_after=2025-02-19 09:48:00+00:00
[2025-02-19T09:48:03.984+0000] {processor.py:208} INFO - Processing /home/airflow/.local/lib/python3.12/site-packages/airflow/example_dags/example_sla_dag.py took 0.077 seconds
[2025-02-19T09:48:34.041+0000] {processor.py:186} INFO - Started process (PID=1363) to work on /home/airflow/.local/lib/python3.12/site-packages/airflow/example_dags/example_sla_dag.py
[2025-02-19T09:48:34.042+0000] {processor.py:914} INFO - Processing file /home/airflow/.local/lib/python3.12/site-packages/airflow/example_dags/example_sla_dag.py for tasks to queue
[2025-02-19T09:48:34.044+0000] {logging_mixin.py:190} INFO - [2025-02-19T09:48:34.044+0000] {dagbag.py:587} INFO - Filling up the DagBag from /home/airflow/.local/lib/python3.12/site-packages/airflow/example_dags/example_sla_dag.py
[2025-02-19T09:48:34.053+0000] {processor.py:925} INFO - DAG(s) 'example_sla_dag' retrieved from /home/airflow/.local/lib/python3.12/site-packages/airflow/example_dags/example_sla_dag.py
[2025-02-19T09:48:34.071+0000] {logging_mixin.py:190} INFO - [2025-02-19T09:48:34.070+0000] {dag.py:3229} INFO - Sync 1 DAGs
[2025-02-19T09:48:34.092+0000] {logging_mixin.py:190} INFO - [2025-02-19T09:48:34.092+0000] {dag.py:4156} INFO - Setting next_dagrun for example_sla_dag to 2025-02-19 09:46:00+00:00, run_after=2025-02-19 09:48:00+00:00
[2025-02-19T09:48:34.110+0000] {processor.py:208} INFO - Processing /home/airflow/.local/lib/python3.12/site-packages/airflow/example_dags/example_sla_dag.py took 0.074 seconds
[2025-02-19T09:49:05.038+0000] {processor.py:186} INFO - Started process (PID=1427) to work on /home/airflow/.local/lib/python3.12/site-packages/airflow/example_dags/example_sla_dag.py
[2025-02-19T09:49:05.040+0000] {processor.py:914} INFO - Processing file /home/airflow/.local/lib/python3.12/site-packages/airflow/example_dags/example_sla_dag.py for tasks to queue
[2025-02-19T09:49:05.042+0000] {logging_mixin.py:190} INFO - [2025-02-19T09:49:05.042+0000] {dagbag.py:587} INFO - Filling up the DagBag from /home/airflow/.local/lib/python3.12/site-packages/airflow/example_dags/example_sla_dag.py
[2025-02-19T09:49:05.051+0000] {processor.py:925} INFO - DAG(s) 'example_sla_dag' retrieved from /home/airflow/.local/lib/python3.12/site-packages/airflow/example_dags/example_sla_dag.py
[2025-02-19T09:49:05.068+0000] {logging_mixin.py:190} INFO - [2025-02-19T09:49:05.067+0000] {dag.py:3229} INFO - Sync 1 DAGs
[2025-02-19T09:49:05.091+0000] {logging_mixin.py:190} INFO - [2025-02-19T09:49:05.090+0000] {dag.py:4156} INFO - Setting next_dagrun for example_sla_dag to 2025-02-19 09:46:00+00:00, run_after=2025-02-19 09:48:00+00:00
[2025-02-19T09:49:05.105+0000] {processor.py:208} INFO - Processing /home/airflow/.local/lib/python3.12/site-packages/airflow/example_dags/example_sla_dag.py took 0.071 seconds
[2025-02-19T09:49:35.968+0000] {processor.py:186} INFO - Started process (PID=1491) to work on /home/airflow/.local/lib/python3.12/site-packages/airflow/example_dags/example_sla_dag.py
[2025-02-19T09:49:35.970+0000] {processor.py:914} INFO - Processing file /home/airflow/.local/lib/python3.12/site-packages/airflow/example_dags/example_sla_dag.py for tasks to queue
[2025-02-19T09:49:35.972+0000] {logging_mixin.py:190} INFO - [2025-02-19T09:49:35.971+0000] {dagbag.py:587} INFO - Filling up the DagBag from /home/airflow/.local/lib/python3.12/site-packages/airflow/example_dags/example_sla_dag.py
[2025-02-19T09:49:35.980+0000] {processor.py:925} INFO - DAG(s) 'example_sla_dag' retrieved from /home/airflow/.local/lib/python3.12/site-packages/airflow/example_dags/example_sla_dag.py
[2025-02-19T09:49:35.999+0000] {logging_mixin.py:190} INFO - [2025-02-19T09:49:35.998+0000] {dag.py:3229} INFO - Sync 1 DAGs
[2025-02-19T09:49:36.021+0000] {logging_mixin.py:190} INFO - [2025-02-19T09:49:36.021+0000] {dag.py:4156} INFO - Setting next_dagrun for example_sla_dag to 2025-02-19 09:46:00+00:00, run_after=2025-02-19 09:48:00+00:00
[2025-02-19T09:49:36.039+0000] {processor.py:208} INFO - Processing /home/airflow/.local/lib/python3.12/site-packages/airflow/example_dags/example_sla_dag.py took 0.075 seconds
[2025-02-19T09:50:06.231+0000] {processor.py:186} INFO - Started process (PID=1555) to work on /home/airflow/.local/lib/python3.12/site-packages/airflow/example_dags/example_sla_dag.py
[2025-02-19T09:50:06.232+0000] {processor.py:914} INFO - Processing file /home/airflow/.local/lib/python3.12/site-packages/airflow/example_dags/example_sla_dag.py for tasks to queue
[2025-02-19T09:50:06.234+0000] {logging_mixin.py:190} INFO - [2025-02-19T09:50:06.234+0000] {dagbag.py:587} INFO - Filling up the DagBag from /home/airflow/.local/lib/python3.12/site-packages/airflow/example_dags/example_sla_dag.py
[2025-02-19T09:50:06.243+0000] {processor.py:925} INFO - DAG(s) 'example_sla_dag' retrieved from /home/airflow/.local/lib/python3.12/site-packages/airflow/example_dags/example_sla_dag.py
[2025-02-19T09:50:06.262+0000] {logging_mixin.py:190} INFO - [2025-02-19T09:50:06.262+0000] {dag.py:3229} INFO - Sync 1 DAGs
[2025-02-19T09:50:06.285+0000] {logging_mixin.py:190} INFO - [2025-02-19T09:50:06.285+0000] {dag.py:4156} INFO - Setting next_dagrun for example_sla_dag to 2025-02-19 09:48:00+00:00, run_after=2025-02-19 09:50:00+00:00
[2025-02-19T09:50:06.302+0000] {processor.py:208} INFO - Processing /home/airflow/.local/lib/python3.12/site-packages/airflow/example_dags/example_sla_dag.py took 0.076 seconds
[2025-02-19T09:50:36.451+0000] {processor.py:186} INFO - Started process (PID=1619) to work on /home/airflow/.local/lib/python3.12/site-packages/airflow/example_dags/example_sla_dag.py
[2025-02-19T09:50:36.452+0000] {processor.py:914} INFO - Processing file /home/airflow/.local/lib/python3.12/site-packages/airflow/example_dags/example_sla_dag.py for tasks to queue
[2025-02-19T09:50:36.454+0000] {logging_mixin.py:190} INFO - [2025-02-19T09:50:36.454+0000] {dagbag.py:587} INFO - Filling up the DagBag from /home/airflow/.local/lib/python3.12/site-packages/airflow/example_dags/example_sla_dag.py
[2025-02-19T09:50:36.463+0000] {processor.py:925} INFO - DAG(s) 'example_sla_dag' retrieved from /home/airflow/.local/lib/python3.12/site-packages/airflow/example_dags/example_sla_dag.py
[2025-02-19T09:50:36.481+0000] {logging_mixin.py:190} INFO - [2025-02-19T09:50:36.480+0000] {dag.py:3229} INFO - Sync 1 DAGs
[2025-02-19T09:50:36.504+0000] {logging_mixin.py:190} INFO - [2025-02-19T09:50:36.504+0000] {dag.py:4156} INFO - Setting next_dagrun for example_sla_dag to 2025-02-19 09:48:00+00:00, run_after=2025-02-19 09:50:00+00:00
[2025-02-19T09:50:36.521+0000] {processor.py:208} INFO - Processing /home/airflow/.local/lib/python3.12/site-packages/airflow/example_dags/example_sla_dag.py took 0.075 seconds
[2025-02-19T09:51:07.023+0000] {processor.py:186} INFO - Started process (PID=1683) to work on /home/airflow/.local/lib/python3.12/site-packages/airflow/example_dags/example_sla_dag.py
[2025-02-19T09:51:07.024+0000] {processor.py:914} INFO - Processing file /home/airflow/.local/lib/python3.12/site-packages/airflow/example_dags/example_sla_dag.py for tasks to queue
[2025-02-19T09:51:07.026+0000] {logging_mixin.py:190} INFO - [2025-02-19T09:51:07.026+0000] {dagbag.py:587} INFO - Filling up the DagBag from /home/airflow/.local/lib/python3.12/site-packages/airflow/example_dags/example_sla_dag.py
[2025-02-19T09:51:07.034+0000] {processor.py:925} INFO - DAG(s) 'example_sla_dag' retrieved from /home/airflow/.local/lib/python3.12/site-packages/airflow/example_dags/example_sla_dag.py
[2025-02-19T09:51:07.052+0000] {logging_mixin.py:190} INFO - [2025-02-19T09:51:07.051+0000] {dag.py:3229} INFO - Sync 1 DAGs
[2025-02-19T09:51:07.074+0000] {logging_mixin.py:190} INFO - [2025-02-19T09:51:07.073+0000] {dag.py:4156} INFO - Setting next_dagrun for example_sla_dag to 2025-02-19 09:48:00+00:00, run_after=2025-02-19 09:50:00+00:00
[2025-02-19T09:51:07.090+0000] {processor.py:208} INFO - Processing /home/airflow/.local/lib/python3.12/site-packages/airflow/example_dags/example_sla_dag.py took 0.073 seconds
[2025-02-19T09:51:37.172+0000] {processor.py:186} INFO - Started process (PID=1747) to work on /home/airflow/.local/lib/python3.12/site-packages/airflow/example_dags/example_sla_dag.py
[2025-02-19T09:51:37.173+0000] {processor.py:914} INFO - Processing file /home/airflow/.local/lib/python3.12/site-packages/airflow/example_dags/example_sla_dag.py for tasks to queue
[2025-02-19T09:51:37.175+0000] {logging_mixin.py:190} INFO - [2025-02-19T09:51:37.175+0000] {dagbag.py:587} INFO - Filling up the DagBag from /home/airflow/.local/lib/python3.12/site-packages/airflow/example_dags/example_sla_dag.py
[2025-02-19T09:51:37.183+0000] {processor.py:925} INFO - DAG(s) 'example_sla_dag' retrieved from /home/airflow/.local/lib/python3.12/site-packages/airflow/example_dags/example_sla_dag.py
[2025-02-19T09:51:37.200+0000] {logging_mixin.py:190} INFO - [2025-02-19T09:51:37.199+0000] {dag.py:3229} INFO - Sync 1 DAGs
[2025-02-19T09:51:37.220+0000] {logging_mixin.py:190} INFO - [2025-02-19T09:51:37.220+0000] {dag.py:4156} INFO - Setting next_dagrun for example_sla_dag to 2025-02-19 09:48:00+00:00, run_after=2025-02-19 09:50:00+00:00
[2025-02-19T09:51:37.236+0000] {processor.py:208} INFO - Processing /home/airflow/.local/lib/python3.12/site-packages/airflow/example_dags/example_sla_dag.py took 0.068 seconds
[2025-02-19T09:52:07.446+0000] {processor.py:186} INFO - Started process (PID=1811) to work on /home/airflow/.local/lib/python3.12/site-packages/airflow/example_dags/example_sla_dag.py
[2025-02-19T09:52:07.447+0000] {processor.py:914} INFO - Processing file /home/airflow/.local/lib/python3.12/site-packages/airflow/example_dags/example_sla_dag.py for tasks to queue
[2025-02-19T09:52:07.450+0000] {logging_mixin.py:190} INFO - [2025-02-19T09:52:07.449+0000] {dagbag.py:587} INFO - Filling up the DagBag from /home/airflow/.local/lib/python3.12/site-packages/airflow/example_dags/example_sla_dag.py
[2025-02-19T09:52:07.459+0000] {processor.py:925} INFO - DAG(s) 'example_sla_dag' retrieved from /home/airflow/.local/lib/python3.12/site-packages/airflow/example_dags/example_sla_dag.py
[2025-02-19T09:52:07.477+0000] {logging_mixin.py:190} INFO - [2025-02-19T09:52:07.476+0000] {dag.py:3229} INFO - Sync 1 DAGs
[2025-02-19T09:52:07.498+0000] {logging_mixin.py:190} INFO - [2025-02-19T09:52:07.498+0000] {dag.py:4156} INFO - Setting next_dagrun for example_sla_dag to 2025-02-19 09:50:00+00:00, run_after=2025-02-19 09:52:00+00:00
[2025-02-19T09:52:07.514+0000] {processor.py:208} INFO - Processing /home/airflow/.local/lib/python3.12/site-packages/airflow/example_dags/example_sla_dag.py took 0.073 seconds
[2025-02-19T09:52:37.723+0000] {processor.py:186} INFO - Started process (PID=1875) to work on /home/airflow/.local/lib/python3.12/site-packages/airflow/example_dags/example_sla_dag.py
[2025-02-19T09:52:37.724+0000] {processor.py:914} INFO - Processing file /home/airflow/.local/lib/python3.12/site-packages/airflow/example_dags/example_sla_dag.py for tasks to queue
[2025-02-19T09:52:37.726+0000] {logging_mixin.py:190} INFO - [2025-02-19T09:52:37.726+0000] {dagbag.py:587} INFO - Filling up the DagBag from /home/airflow/.local/lib/python3.12/site-packages/airflow/example_dags/example_sla_dag.py
[2025-02-19T09:52:37.734+0000] {processor.py:925} INFO - DAG(s) 'example_sla_dag' retrieved from /home/airflow/.local/lib/python3.12/site-packages/airflow/example_dags/example_sla_dag.py
[2025-02-19T09:52:37.751+0000] {logging_mixin.py:190} INFO - [2025-02-19T09:52:37.750+0000] {dag.py:3229} INFO - Sync 1 DAGs
[2025-02-19T09:52:37.770+0000] {logging_mixin.py:190} INFO - [2025-02-19T09:52:37.770+0000] {dag.py:4156} INFO - Setting next_dagrun for example_sla_dag to 2025-02-19 09:50:00+00:00, run_after=2025-02-19 09:52:00+00:00
[2025-02-19T09:52:37.784+0000] {processor.py:208} INFO - Processing /home/airflow/.local/lib/python3.12/site-packages/airflow/example_dags/example_sla_dag.py took 0.065 seconds
[2025-02-19T09:53:08.059+0000] {processor.py:186} INFO - Started process (PID=1939) to work on /home/airflow/.local/lib/python3.12/site-packages/airflow/example_dags/example_sla_dag.py
[2025-02-19T09:53:08.061+0000] {processor.py:914} INFO - Processing file /home/airflow/.local/lib/python3.12/site-packages/airflow/example_dags/example_sla_dag.py for tasks to queue
[2025-02-19T09:53:08.062+0000] {logging_mixin.py:190} INFO - [2025-02-19T09:53:08.062+0000] {dagbag.py:587} INFO - Filling up the DagBag from /home/airflow/.local/lib/python3.12/site-packages/airflow/example_dags/example_sla_dag.py
[2025-02-19T09:53:08.071+0000] {processor.py:925} INFO - DAG(s) 'example_sla_dag' retrieved from /home/airflow/.local/lib/python3.12/site-packages/airflow/example_dags/example_sla_dag.py
[2025-02-19T09:53:08.090+0000] {logging_mixin.py:190} INFO - [2025-02-19T09:53:08.089+0000] {dag.py:3229} INFO - Sync 1 DAGs
[2025-02-19T09:53:08.111+0000] {logging_mixin.py:190} INFO - [2025-02-19T09:53:08.111+0000] {dag.py:4156} INFO - Setting next_dagrun for example_sla_dag to 2025-02-19 09:50:00+00:00, run_after=2025-02-19 09:52:00+00:00
[2025-02-19T09:53:08.127+0000] {processor.py:208} INFO - Processing /home/airflow/.local/lib/python3.12/site-packages/airflow/example_dags/example_sla_dag.py took 0.074 seconds
[2025-02-19T09:53:38.549+0000] {processor.py:186} INFO - Started process (PID=2003) to work on /home/airflow/.local/lib/python3.12/site-packages/airflow/example_dags/example_sla_dag.py
[2025-02-19T09:53:38.551+0000] {processor.py:914} INFO - Processing file /home/airflow/.local/lib/python3.12/site-packages/airflow/example_dags/example_sla_dag.py for tasks to queue
[2025-02-19T09:53:38.553+0000] {logging_mixin.py:190} INFO - [2025-02-19T09:53:38.553+0000] {dagbag.py:587} INFO - Filling up the DagBag from /home/airflow/.local/lib/python3.12/site-packages/airflow/example_dags/example_sla_dag.py
[2025-02-19T09:53:38.562+0000] {processor.py:925} INFO - DAG(s) 'example_sla_dag' retrieved from /home/airflow/.local/lib/python3.12/site-packages/airflow/example_dags/example_sla_dag.py
[2025-02-19T09:53:38.581+0000] {logging_mixin.py:190} INFO - [2025-02-19T09:53:38.580+0000] {dag.py:3229} INFO - Sync 1 DAGs
[2025-02-19T09:53:38.605+0000] {logging_mixin.py:190} INFO - [2025-02-19T09:53:38.604+0000] {dag.py:4156} INFO - Setting next_dagrun for example_sla_dag to 2025-02-19 09:50:00+00:00, run_after=2025-02-19 09:52:00+00:00
[2025-02-19T09:53:38.619+0000] {processor.py:208} INFO - Processing /home/airflow/.local/lib/python3.12/site-packages/airflow/example_dags/example_sla_dag.py took 0.074 seconds
[2025-02-19T09:54:08.751+0000] {processor.py:186} INFO - Started process (PID=2067) to work on /home/airflow/.local/lib/python3.12/site-packages/airflow/example_dags/example_sla_dag.py
[2025-02-19T09:54:08.752+0000] {processor.py:914} INFO - Processing file /home/airflow/.local/lib/python3.12/site-packages/airflow/example_dags/example_sla_dag.py for tasks to queue
[2025-02-19T09:54:08.754+0000] {logging_mixin.py:190} INFO - [2025-02-19T09:54:08.754+0000] {dagbag.py:587} INFO - Filling up the DagBag from /home/airflow/.local/lib/python3.12/site-packages/airflow/example_dags/example_sla_dag.py
[2025-02-19T09:54:08.763+0000] {processor.py:925} INFO - DAG(s) 'example_sla_dag' retrieved from /home/airflow/.local/lib/python3.12/site-packages/airflow/example_dags/example_sla_dag.py
[2025-02-19T09:54:08.781+0000] {logging_mixin.py:190} INFO - [2025-02-19T09:54:08.780+0000] {dag.py:3229} INFO - Sync 1 DAGs
[2025-02-19T09:54:08.803+0000] {logging_mixin.py:190} INFO - [2025-02-19T09:54:08.803+0000] {dag.py:4156} INFO - Setting next_dagrun for example_sla_dag to 2025-02-19 09:52:00+00:00, run_after=2025-02-19 09:54:00+00:00
[2025-02-19T09:54:08.820+0000] {processor.py:208} INFO - Processing /home/airflow/.local/lib/python3.12/site-packages/airflow/example_dags/example_sla_dag.py took 0.075 seconds
[2025-02-19T09:54:39.144+0000] {processor.py:186} INFO - Started process (PID=2131) to work on /home/airflow/.local/lib/python3.12/site-packages/airflow/example_dags/example_sla_dag.py
[2025-02-19T09:54:39.145+0000] {processor.py:914} INFO - Processing file /home/airflow/.local/lib/python3.12/site-packages/airflow/example_dags/example_sla_dag.py for tasks to queue
[2025-02-19T09:54:39.146+0000] {logging_mixin.py:190} INFO - [2025-02-19T09:54:39.146+0000] {dagbag.py:587} INFO - Filling up the DagBag from /home/airflow/.local/lib/python3.12/site-packages/airflow/example_dags/example_sla_dag.py
[2025-02-19T09:54:39.154+0000] {processor.py:925} INFO - DAG(s) 'example_sla_dag' retrieved from /home/airflow/.local/lib/python3.12/site-packages/airflow/example_dags/example_sla_dag.py
[2025-02-19T09:54:39.173+0000] {logging_mixin.py:190} INFO - [2025-02-19T09:54:39.172+0000] {dag.py:3229} INFO - Sync 1 DAGs
[2025-02-19T09:54:39.193+0000] {logging_mixin.py:190} INFO - [2025-02-19T09:54:39.193+0000] {dag.py:4156} INFO - Setting next_dagrun for example_sla_dag to 2025-02-19 09:52:00+00:00, run_after=2025-02-19 09:54:00+00:00
[2025-02-19T09:54:39.209+0000] {processor.py:208} INFO - Processing /home/airflow/.local/lib/python3.12/site-packages/airflow/example_dags/example_sla_dag.py took 0.070 seconds
[2025-02-19T09:55:09.467+0000] {processor.py:186} INFO - Started process (PID=2195) to work on /home/airflow/.local/lib/python3.12/site-packages/airflow/example_dags/example_sla_dag.py
[2025-02-19T09:55:09.468+0000] {processor.py:914} INFO - Processing file /home/airflow/.local/lib/python3.12/site-packages/airflow/example_dags/example_sla_dag.py for tasks to queue
[2025-02-19T09:55:09.470+0000] {logging_mixin.py:190} INFO - [2025-02-19T09:55:09.470+0000] {dagbag.py:587} INFO - Filling up the DagBag from /home/airflow/.local/lib/python3.12/site-packages/airflow/example_dags/example_sla_dag.py
[2025-02-19T09:55:09.478+0000] {processor.py:925} INFO - DAG(s) 'example_sla_dag' retrieved from /home/airflow/.local/lib/python3.12/site-packages/airflow/example_dags/example_sla_dag.py
[2025-02-19T09:55:09.494+0000] {logging_mixin.py:190} INFO - [2025-02-19T09:55:09.494+0000] {dag.py:3229} INFO - Sync 1 DAGs
[2025-02-19T09:55:09.514+0000] {logging_mixin.py:190} INFO - [2025-02-19T09:55:09.513+0000] {dag.py:4156} INFO - Setting next_dagrun for example_sla_dag to 2025-02-19 09:52:00+00:00, run_after=2025-02-19 09:54:00+00:00
[2025-02-19T09:55:09.528+0000] {processor.py:208} INFO - Processing /home/airflow/.local/lib/python3.12/site-packages/airflow/example_dags/example_sla_dag.py took 0.066 seconds
[2025-02-19T09:55:39.719+0000] {processor.py:186} INFO - Started process (PID=2259) to work on /home/airflow/.local/lib/python3.12/site-packages/airflow/example_dags/example_sla_dag.py
[2025-02-19T09:55:39.720+0000] {processor.py:914} INFO - Processing file /home/airflow/.local/lib/python3.12/site-packages/airflow/example_dags/example_sla_dag.py for tasks to queue
[2025-02-19T09:55:39.722+0000] {logging_mixin.py:190} INFO - [2025-02-19T09:55:39.722+0000] {dagbag.py:587} INFO - Filling up the DagBag from /home/airflow/.local/lib/python3.12/site-packages/airflow/example_dags/example_sla_dag.py
[2025-02-19T09:55:39.730+0000] {processor.py:925} INFO - DAG(s) 'example_sla_dag' retrieved from /home/airflow/.local/lib/python3.12/site-packages/airflow/example_dags/example_sla_dag.py
[2025-02-19T09:55:39.748+0000] {logging_mixin.py:190} INFO - [2025-02-19T09:55:39.748+0000] {dag.py:3229} INFO - Sync 1 DAGs
[2025-02-19T09:55:39.768+0000] {logging_mixin.py:190} INFO - [2025-02-19T09:55:39.768+0000] {dag.py:4156} INFO - Setting next_dagrun for example_sla_dag to 2025-02-19 09:52:00+00:00, run_after=2025-02-19 09:54:00+00:00
[2025-02-19T09:55:39.782+0000] {processor.py:208} INFO - Processing /home/airflow/.local/lib/python3.12/site-packages/airflow/example_dags/example_sla_dag.py took 0.068 seconds
[2025-02-19T09:56:10.214+0000] {processor.py:186} INFO - Started process (PID=2323) to work on /home/airflow/.local/lib/python3.12/site-packages/airflow/example_dags/example_sla_dag.py
[2025-02-19T09:56:10.215+0000] {processor.py:914} INFO - Processing file /home/airflow/.local/lib/python3.12/site-packages/airflow/example_dags/example_sla_dag.py for tasks to queue
[2025-02-19T09:56:10.217+0000] {logging_mixin.py:190} INFO - [2025-02-19T09:56:10.217+0000] {dagbag.py:587} INFO - Filling up the DagBag from /home/airflow/.local/lib/python3.12/site-packages/airflow/example_dags/example_sla_dag.py
[2025-02-19T09:56:10.226+0000] {processor.py:925} INFO - DAG(s) 'example_sla_dag' retrieved from /home/airflow/.local/lib/python3.12/site-packages/airflow/example_dags/example_sla_dag.py
[2025-02-19T09:56:10.245+0000] {logging_mixin.py:190} INFO - [2025-02-19T09:56:10.245+0000] {dag.py:3229} INFO - Sync 1 DAGs
[2025-02-19T09:56:10.270+0000] {logging_mixin.py:190} INFO - [2025-02-19T09:56:10.269+0000] {dag.py:4156} INFO - Setting next_dagrun for example_sla_dag to 2025-02-19 09:54:00+00:00, run_after=2025-02-19 09:56:00+00:00
[2025-02-19T09:56:10.286+0000] {processor.py:208} INFO - Processing /home/airflow/.local/lib/python3.12/site-packages/airflow/example_dags/example_sla_dag.py took 0.076 seconds
[2025-02-19T09:56:40.335+0000] {processor.py:186} INFO - Started process (PID=2387) to work on /home/airflow/.local/lib/python3.12/site-packages/airflow/example_dags/example_sla_dag.py
[2025-02-19T09:56:40.336+0000] {processor.py:914} INFO - Processing file /home/airflow/.local/lib/python3.12/site-packages/airflow/example_dags/example_sla_dag.py for tasks to queue
[2025-02-19T09:56:40.338+0000] {logging_mixin.py:190} INFO - [2025-02-19T09:56:40.338+0000] {dagbag.py:587} INFO - Filling up the DagBag from /home/airflow/.local/lib/python3.12/site-packages/airflow/example_dags/example_sla_dag.py
[2025-02-19T09:56:40.347+0000] {processor.py:925} INFO - DAG(s) 'example_sla_dag' retrieved from /home/airflow/.local/lib/python3.12/site-packages/airflow/example_dags/example_sla_dag.py
[2025-02-19T09:56:40.365+0000] {logging_mixin.py:190} INFO - [2025-02-19T09:56:40.364+0000] {dag.py:3229} INFO - Sync 1 DAGs
[2025-02-19T09:56:40.395+0000] {logging_mixin.py:190} INFO - [2025-02-19T09:56:40.394+0000] {dag.py:4156} INFO - Setting next_dagrun for example_sla_dag to 2025-02-19 09:54:00+00:00, run_after=2025-02-19 09:56:00+00:00
[2025-02-19T09:56:40.418+0000] {processor.py:208} INFO - Processing /home/airflow/.local/lib/python3.12/site-packages/airflow/example_dags/example_sla_dag.py took 0.087 seconds
[2025-02-19T09:57:10.735+0000] {processor.py:186} INFO - Started process (PID=2452) to work on /home/airflow/.local/lib/python3.12/site-packages/airflow/example_dags/example_sla_dag.py
[2025-02-19T09:57:10.737+0000] {processor.py:914} INFO - Processing file /home/airflow/.local/lib/python3.12/site-packages/airflow/example_dags/example_sla_dag.py for tasks to queue
[2025-02-19T09:57:10.738+0000] {logging_mixin.py:190} INFO - [2025-02-19T09:57:10.738+0000] {dagbag.py:587} INFO - Filling up the DagBag from /home/airflow/.local/lib/python3.12/site-packages/airflow/example_dags/example_sla_dag.py
[2025-02-19T09:57:10.746+0000] {processor.py:925} INFO - DAG(s) 'example_sla_dag' retrieved from /home/airflow/.local/lib/python3.12/site-packages/airflow/example_dags/example_sla_dag.py
[2025-02-19T09:57:10.765+0000] {logging_mixin.py:190} INFO - [2025-02-19T09:57:10.764+0000] {dag.py:3229} INFO - Sync 1 DAGs
[2025-02-19T09:57:10.786+0000] {logging_mixin.py:190} INFO - [2025-02-19T09:57:10.786+0000] {dag.py:4156} INFO - Setting next_dagrun for example_sla_dag to 2025-02-19 09:54:00+00:00, run_after=2025-02-19 09:56:00+00:00
[2025-02-19T09:57:10.803+0000] {processor.py:208} INFO - Processing /home/airflow/.local/lib/python3.12/site-packages/airflow/example_dags/example_sla_dag.py took 0.072 seconds
[2025-02-19T09:57:41.232+0000] {processor.py:186} INFO - Started process (PID=2517) to work on /home/airflow/.local/lib/python3.12/site-packages/airflow/example_dags/example_sla_dag.py
[2025-02-19T09:57:41.234+0000] {processor.py:914} INFO - Processing file /home/airflow/.local/lib/python3.12/site-packages/airflow/example_dags/example_sla_dag.py for tasks to queue
[2025-02-19T09:57:41.236+0000] {logging_mixin.py:190} INFO - [2025-02-19T09:57:41.236+0000] {dagbag.py:587} INFO - Filling up the DagBag from /home/airflow/.local/lib/python3.12/site-packages/airflow/example_dags/example_sla_dag.py
[2025-02-19T09:57:41.245+0000] {processor.py:925} INFO - DAG(s) 'example_sla_dag' retrieved from /home/airflow/.local/lib/python3.12/site-packages/airflow/example_dags/example_sla_dag.py
[2025-02-19T09:57:41.264+0000] {logging_mixin.py:190} INFO - [2025-02-19T09:57:41.263+0000] {dag.py:3229} INFO - Sync 1 DAGs
[2025-02-19T09:57:41.285+0000] {logging_mixin.py:190} INFO - [2025-02-19T09:57:41.284+0000] {dag.py:4156} INFO - Setting next_dagrun for example_sla_dag to 2025-02-19 09:54:00+00:00, run_after=2025-02-19 09:56:00+00:00
[2025-02-19T09:57:41.299+0000] {processor.py:208} INFO - Processing /home/airflow/.local/lib/python3.12/site-packages/airflow/example_dags/example_sla_dag.py took 0.071 seconds
[2025-02-19T09:58:11.593+0000] {processor.py:186} INFO - Started process (PID=2582) to work on /home/airflow/.local/lib/python3.12/site-packages/airflow/example_dags/example_sla_dag.py
[2025-02-19T09:58:11.594+0000] {processor.py:914} INFO - Processing file /home/airflow/.local/lib/python3.12/site-packages/airflow/example_dags/example_sla_dag.py for tasks to queue
[2025-02-19T09:58:11.596+0000] {logging_mixin.py:190} INFO - [2025-02-19T09:58:11.596+0000] {dagbag.py:587} INFO - Filling up the DagBag from /home/airflow/.local/lib/python3.12/site-packages/airflow/example_dags/example_sla_dag.py
[2025-02-19T09:58:11.606+0000] {processor.py:925} INFO - DAG(s) 'example_sla_dag' retrieved from /home/airflow/.local/lib/python3.12/site-packages/airflow/example_dags/example_sla_dag.py
[2025-02-19T09:58:11.627+0000] {logging_mixin.py:190} INFO - [2025-02-19T09:58:11.627+0000] {dag.py:3229} INFO - Sync 1 DAGs
[2025-02-19T09:58:11.653+0000] {logging_mixin.py:190} INFO - [2025-02-19T09:58:11.653+0000] {dag.py:4156} INFO - Setting next_dagrun for example_sla_dag to 2025-02-19 09:56:00+00:00, run_after=2025-02-19 09:58:00+00:00
[2025-02-19T09:58:11.676+0000] {processor.py:208} INFO - Processing /home/airflow/.local/lib/python3.12/site-packages/airflow/example_dags/example_sla_dag.py took 0.089 seconds
[2025-02-19T09:58:41.964+0000] {processor.py:186} INFO - Started process (PID=2651) to work on /home/airflow/.local/lib/python3.12/site-packages/airflow/example_dags/example_sla_dag.py
[2025-02-19T09:58:41.965+0000] {processor.py:914} INFO - Processing file /home/airflow/.local/lib/python3.12/site-packages/airflow/example_dags/example_sla_dag.py for tasks to queue
[2025-02-19T09:58:41.967+0000] {logging_mixin.py:190} INFO - [2025-02-19T09:58:41.967+0000] {dagbag.py:587} INFO - Filling up the DagBag from /home/airflow/.local/lib/python3.12/site-packages/airflow/example_dags/example_sla_dag.py
[2025-02-19T09:58:41.975+0000] {processor.py:925} INFO - DAG(s) 'example_sla_dag' retrieved from /home/airflow/.local/lib/python3.12/site-packages/airflow/example_dags/example_sla_dag.py
[2025-02-19T09:58:41.991+0000] {logging_mixin.py:190} INFO - [2025-02-19T09:58:41.991+0000] {dag.py:3229} INFO - Sync 1 DAGs
[2025-02-19T09:58:42.013+0000] {logging_mixin.py:190} INFO - [2025-02-19T09:58:42.013+0000] {dag.py:4156} INFO - Setting next_dagrun for example_sla_dag to 2025-02-19 09:56:00+00:00, run_after=2025-02-19 09:58:00+00:00
[2025-02-19T09:58:42.025+0000] {processor.py:208} INFO - Processing /home/airflow/.local/lib/python3.12/site-packages/airflow/example_dags/example_sla_dag.py took 0.065 seconds
[2025-02-19T09:59:12.275+0000] {processor.py:186} INFO - Started process (PID=2715) to work on /home/airflow/.local/lib/python3.12/site-packages/airflow/example_dags/example_sla_dag.py
[2025-02-19T09:59:12.276+0000] {processor.py:914} INFO - Processing file /home/airflow/.local/lib/python3.12/site-packages/airflow/example_dags/example_sla_dag.py for tasks to queue
[2025-02-19T09:59:12.278+0000] {logging_mixin.py:190} INFO - [2025-02-19T09:59:12.278+0000] {dagbag.py:587} INFO - Filling up the DagBag from /home/airflow/.local/lib/python3.12/site-packages/airflow/example_dags/example_sla_dag.py
[2025-02-19T09:59:12.287+0000] {processor.py:925} INFO - DAG(s) 'example_sla_dag' retrieved from /home/airflow/.local/lib/python3.12/site-packages/airflow/example_dags/example_sla_dag.py
[2025-02-19T09:59:12.306+0000] {logging_mixin.py:190} INFO - [2025-02-19T09:59:12.305+0000] {dag.py:3229} INFO - Sync 1 DAGs
[2025-02-19T09:59:12.329+0000] {logging_mixin.py:190} INFO - [2025-02-19T09:59:12.329+0000] {dag.py:4156} INFO - Setting next_dagrun for example_sla_dag to 2025-02-19 09:56:00+00:00, run_after=2025-02-19 09:58:00+00:00
[2025-02-19T09:59:12.346+0000] {processor.py:208} INFO - Processing /home/airflow/.local/lib/python3.12/site-packages/airflow/example_dags/example_sla_dag.py took 0.076 seconds
[2025-02-19T10:23:11.538+0000] {logging_mixin.py:190} INFO - [2025-02-19T10:23:11.537+0000] {settings.py:475} DEBUG - Setting up DB connection pool (PID 58)
[2025-02-19T10:23:11.540+0000] {logging_mixin.py:190} INFO - [2025-02-19T10:23:11.540+0000] {settings.py:579} DEBUG - settings.prepare_engine_args(): Using pool settings. pool_size=5, max_overflow=10, pool_recycle=1800, pid=58
[2025-02-19T10:23:11.546+0000] {processor.py:186} INFO - Started process (PID=58) to work on /home/airflow/.local/lib/python3.12/site-packages/airflow/example_dags/example_sla_dag.py
[2025-02-19T10:23:11.546+0000] {processor.py:914} INFO - Processing file /home/airflow/.local/lib/python3.12/site-packages/airflow/example_dags/example_sla_dag.py for tasks to queue
[2025-02-19T10:23:11.547+0000] {logging_mixin.py:190} INFO - [2025-02-19T10:23:11.547+0000] {dagbag.py:587} INFO - Filling up the DagBag from /home/airflow/.local/lib/python3.12/site-packages/airflow/example_dags/example_sla_dag.py
[2025-02-19T10:23:11.549+0000] {logging_mixin.py:190} INFO - [2025-02-19T10:23:11.548+0000] {dagbag.py:368} DEBUG - Importing /home/airflow/.local/lib/python3.12/site-packages/airflow/example_dags/example_sla_dag.py
[2025-02-19T10:23:11.552+0000] {logging_mixin.py:190} INFO - [2025-02-19T10:23:11.552+0000] {GetText.py:50} DEBUG - Failed to find locale C
[2025-02-19T10:23:11.552+0000] {logging_mixin.py:190} INFO - [2025-02-19T10:23:11.552+0000] {GetText.py:51} DEBUG - Attempting to load en_US as fallback
[2025-02-19T10:23:11.553+0000] {logging_mixin.py:190} INFO - [2025-02-19T10:23:11.552+0000] {GetText.py:65} DEBUG - /home/airflow/.local/lib/python3.12/site-packages/cron_descriptor/locale/en_US.mo Loaded
[2025-02-19T10:23:11.561+0000] {logging_mixin.py:190} INFO - [2025-02-19T10:23:11.560+0000] {dagbag.py:553} DEBUG - Loaded DAG <DAG: example_sla_dag>
[2025-02-19T10:23:11.562+0000] {processor.py:925} INFO - DAG(s) 'example_sla_dag' retrieved from /home/airflow/.local/lib/python3.12/site-packages/airflow/example_dags/example_sla_dag.py
[2025-02-19T10:23:11.562+0000] {logging_mixin.py:190} INFO - [2025-02-19T10:23:11.562+0000] {dagbag.py:710} DEBUG - Running dagbag.sync_to_db with retries. Try 1 of 3
[2025-02-19T10:23:11.563+0000] {logging_mixin.py:190} INFO - [2025-02-19T10:23:11.563+0000] {dagbag.py:715} DEBUG - Calling the DAG.bulk_sync_to_db method
[2025-02-19T10:23:11.575+0000] {logging_mixin.py:190} INFO - [2025-02-19T10:23:11.574+0000] {serialized_dag.py:168} DEBUG - Checking if DAG (example_sla_dag) changed
[2025-02-19T10:23:11.587+0000] {logging_mixin.py:190} INFO - [2025-02-19T10:23:11.587+0000] {serialized_dag.py:179} DEBUG - Serialized DAG (example_sla_dag) is unchanged. Skipping writing to DB
[2025-02-19T10:23:11.587+0000] {logging_mixin.py:190} INFO - [2025-02-19T10:23:11.587+0000] {dag.py:3229} INFO - Sync 1 DAGs
[2025-02-19T10:23:11.614+0000] {logging_mixin.py:190} INFO - [2025-02-19T10:23:11.614+0000] {dag.py:4156} INFO - Setting next_dagrun for example_sla_dag to 2025-02-19 10:20:00+00:00, run_after=2025-02-19 10:22:00+00:00
[2025-02-19T10:23:11.632+0000] {processor.py:208} INFO - Processing /home/airflow/.local/lib/python3.12/site-packages/airflow/example_dags/example_sla_dag.py took 0.095 seconds
[2025-02-19T10:23:49.024+0000] {logging_mixin.py:190} INFO - [2025-02-19T10:23:49.023+0000] {settings.py:475} DEBUG - Setting up DB connection pool (PID 128)
[2025-02-19T10:23:52.430+0000] {logging_mixin.py:190} INFO - [2025-02-19T10:23:52.429+0000] {settings.py:579} DEBUG - settings.prepare_engine_args(): Using pool settings. pool_size=5, max_overflow=10, pool_recycle=1800, pid=128
[2025-02-19T10:23:52.434+0000] {processor.py:186} INFO - Started process (PID=128) to work on /home/airflow/.local/lib/python3.12/site-packages/airflow/example_dags/example_sla_dag.py
[2025-02-19T10:23:52.434+0000] {processor.py:914} INFO - Processing file /home/airflow/.local/lib/python3.12/site-packages/airflow/example_dags/example_sla_dag.py for tasks to queue
[2025-02-19T10:23:52.435+0000] {logging_mixin.py:190} INFO - [2025-02-19T10:23:52.435+0000] {dagbag.py:587} INFO - Filling up the DagBag from /home/airflow/.local/lib/python3.12/site-packages/airflow/example_dags/example_sla_dag.py
[2025-02-19T10:23:52.436+0000] {logging_mixin.py:190} INFO - [2025-02-19T10:23:52.436+0000] {dagbag.py:368} DEBUG - Importing /home/airflow/.local/lib/python3.12/site-packages/airflow/example_dags/example_sla_dag.py
[2025-02-19T10:23:52.438+0000] {logging_mixin.py:190} INFO - [2025-02-19T10:23:52.438+0000] {GetText.py:50} DEBUG - Failed to find locale C
[2025-02-19T10:23:52.438+0000] {logging_mixin.py:190} INFO - [2025-02-19T10:23:52.438+0000] {GetText.py:51} DEBUG - Attempting to load en_US as fallback
[2025-02-19T10:23:52.439+0000] {logging_mixin.py:190} INFO - [2025-02-19T10:23:52.439+0000] {GetText.py:65} DEBUG - /home/airflow/.local/lib/python3.12/site-packages/cron_descriptor/locale/en_US.mo Loaded
[2025-02-19T10:23:52.446+0000] {logging_mixin.py:190} INFO - [2025-02-19T10:23:52.445+0000] {dagbag.py:553} DEBUG - Loaded DAG <DAG: example_sla_dag>
[2025-02-19T10:23:52.446+0000] {processor.py:925} INFO - DAG(s) 'example_sla_dag' retrieved from /home/airflow/.local/lib/python3.12/site-packages/airflow/example_dags/example_sla_dag.py
[2025-02-19T10:23:52.447+0000] {logging_mixin.py:190} INFO - [2025-02-19T10:23:52.447+0000] {dagbag.py:710} DEBUG - Running dagbag.sync_to_db with retries. Try 1 of 3
[2025-02-19T10:23:52.447+0000] {logging_mixin.py:190} INFO - [2025-02-19T10:23:52.447+0000] {dagbag.py:715} DEBUG - Calling the DAG.bulk_sync_to_db method
[2025-02-19T10:23:52.460+0000] {logging_mixin.py:190} INFO - [2025-02-19T10:23:52.460+0000] {serialized_dag.py:168} DEBUG - Checking if DAG (example_sla_dag) changed
[2025-02-19T10:23:52.468+0000] {logging_mixin.py:190} INFO - [2025-02-19T10:23:52.468+0000] {serialized_dag.py:179} DEBUG - Serialized DAG (example_sla_dag) is unchanged. Skipping writing to DB
[2025-02-19T10:23:52.469+0000] {logging_mixin.py:190} INFO - [2025-02-19T10:23:52.468+0000] {dag.py:3229} INFO - Sync 1 DAGs
[2025-02-19T10:23:52.493+0000] {logging_mixin.py:190} INFO - [2025-02-19T10:23:52.493+0000] {dag.py:4156} INFO - Setting next_dagrun for example_sla_dag to 2025-02-19 10:20:00+00:00, run_after=2025-02-19 10:22:00+00:00
[2025-02-19T10:23:53.035+0000] {processor.py:208} INFO - Processing /home/airflow/.local/lib/python3.12/site-packages/airflow/example_dags/example_sla_dag.py took 4.014 seconds
[2025-02-19T10:24:23.853+0000] {logging_mixin.py:190} INFO - [2025-02-19T10:24:23.853+0000] {settings.py:475} DEBUG - Setting up DB connection pool (PID 192)
[2025-02-19T10:24:23.866+0000] {logging_mixin.py:190} INFO - [2025-02-19T10:24:23.865+0000] {settings.py:579} DEBUG - settings.prepare_engine_args(): Using pool settings. pool_size=5, max_overflow=10, pool_recycle=1800, pid=192
[2025-02-19T10:24:23.870+0000] {processor.py:186} INFO - Started process (PID=192) to work on /home/airflow/.local/lib/python3.12/site-packages/airflow/example_dags/example_sla_dag.py
[2025-02-19T10:24:23.871+0000] {processor.py:914} INFO - Processing file /home/airflow/.local/lib/python3.12/site-packages/airflow/example_dags/example_sla_dag.py for tasks to queue
[2025-02-19T10:24:23.872+0000] {logging_mixin.py:190} INFO - [2025-02-19T10:24:23.872+0000] {dagbag.py:587} INFO - Filling up the DagBag from /home/airflow/.local/lib/python3.12/site-packages/airflow/example_dags/example_sla_dag.py
[2025-02-19T10:24:23.873+0000] {logging_mixin.py:190} INFO - [2025-02-19T10:24:23.873+0000] {dagbag.py:368} DEBUG - Importing /home/airflow/.local/lib/python3.12/site-packages/airflow/example_dags/example_sla_dag.py
[2025-02-19T10:24:23.875+0000] {logging_mixin.py:190} INFO - [2025-02-19T10:24:23.875+0000] {GetText.py:50} DEBUG - Failed to find locale C
[2025-02-19T10:24:23.875+0000] {logging_mixin.py:190} INFO - [2025-02-19T10:24:23.875+0000] {GetText.py:51} DEBUG - Attempting to load en_US as fallback
[2025-02-19T10:24:23.876+0000] {logging_mixin.py:190} INFO - [2025-02-19T10:24:23.876+0000] {GetText.py:65} DEBUG - /home/airflow/.local/lib/python3.12/site-packages/cron_descriptor/locale/en_US.mo Loaded
[2025-02-19T10:24:23.884+0000] {logging_mixin.py:190} INFO - [2025-02-19T10:24:23.883+0000] {dagbag.py:553} DEBUG - Loaded DAG <DAG: example_sla_dag>
[2025-02-19T10:24:23.884+0000] {processor.py:925} INFO - DAG(s) 'example_sla_dag' retrieved from /home/airflow/.local/lib/python3.12/site-packages/airflow/example_dags/example_sla_dag.py
[2025-02-19T10:24:23.885+0000] {logging_mixin.py:190} INFO - [2025-02-19T10:24:23.884+0000] {dagbag.py:710} DEBUG - Running dagbag.sync_to_db with retries. Try 1 of 3
[2025-02-19T10:24:23.885+0000] {logging_mixin.py:190} INFO - [2025-02-19T10:24:23.885+0000] {dagbag.py:715} DEBUG - Calling the DAG.bulk_sync_to_db method
[2025-02-19T10:24:23.894+0000] {logging_mixin.py:190} INFO - [2025-02-19T10:24:23.894+0000] {serialized_dag.py:168} DEBUG - Checking if DAG (example_sla_dag) changed
[2025-02-19T10:24:23.903+0000] {logging_mixin.py:190} INFO - [2025-02-19T10:24:23.902+0000] {serialized_dag.py:179} DEBUG - Serialized DAG (example_sla_dag) is unchanged. Skipping writing to DB
[2025-02-19T10:24:23.903+0000] {logging_mixin.py:190} INFO - [2025-02-19T10:24:23.903+0000] {dag.py:3229} INFO - Sync 1 DAGs
[2025-02-19T10:24:23.929+0000] {logging_mixin.py:190} INFO - [2025-02-19T10:24:23.928+0000] {dag.py:4156} INFO - Setting next_dagrun for example_sla_dag to 2025-02-19 10:22:00+00:00, run_after=2025-02-19 10:24:00+00:00
[2025-02-19T10:24:23.948+0000] {processor.py:208} INFO - Processing /home/airflow/.local/lib/python3.12/site-packages/airflow/example_dags/example_sla_dag.py took 0.096 seconds
[2025-02-19T10:24:54.757+0000] {logging_mixin.py:190} INFO - [2025-02-19T10:24:54.757+0000] {settings.py:475} DEBUG - Setting up DB connection pool (PID 261)
[2025-02-19T10:24:54.769+0000] {logging_mixin.py:190} INFO - [2025-02-19T10:24:54.769+0000] {settings.py:579} DEBUG - settings.prepare_engine_args(): Using pool settings. pool_size=5, max_overflow=10, pool_recycle=1800, pid=261
[2025-02-19T10:24:54.774+0000] {processor.py:186} INFO - Started process (PID=261) to work on /home/airflow/.local/lib/python3.12/site-packages/airflow/example_dags/example_sla_dag.py
[2025-02-19T10:24:54.774+0000] {processor.py:914} INFO - Processing file /home/airflow/.local/lib/python3.12/site-packages/airflow/example_dags/example_sla_dag.py for tasks to queue
[2025-02-19T10:24:54.775+0000] {logging_mixin.py:190} INFO - [2025-02-19T10:24:54.775+0000] {dagbag.py:587} INFO - Filling up the DagBag from /home/airflow/.local/lib/python3.12/site-packages/airflow/example_dags/example_sla_dag.py
[2025-02-19T10:24:54.776+0000] {logging_mixin.py:190} INFO - [2025-02-19T10:24:54.775+0000] {dagbag.py:368} DEBUG - Importing /home/airflow/.local/lib/python3.12/site-packages/airflow/example_dags/example_sla_dag.py
[2025-02-19T10:24:54.778+0000] {logging_mixin.py:190} INFO - [2025-02-19T10:24:54.778+0000] {GetText.py:50} DEBUG - Failed to find locale C
[2025-02-19T10:24:54.778+0000] {logging_mixin.py:190} INFO - [2025-02-19T10:24:54.778+0000] {GetText.py:51} DEBUG - Attempting to load en_US as fallback
[2025-02-19T10:24:54.778+0000] {logging_mixin.py:190} INFO - [2025-02-19T10:24:54.778+0000] {GetText.py:65} DEBUG - /home/airflow/.local/lib/python3.12/site-packages/cron_descriptor/locale/en_US.mo Loaded
[2025-02-19T10:24:54.785+0000] {logging_mixin.py:190} INFO - [2025-02-19T10:24:54.784+0000] {dagbag.py:553} DEBUG - Loaded DAG <DAG: example_sla_dag>
[2025-02-19T10:24:54.786+0000] {processor.py:925} INFO - DAG(s) 'example_sla_dag' retrieved from /home/airflow/.local/lib/python3.12/site-packages/airflow/example_dags/example_sla_dag.py
[2025-02-19T10:24:54.786+0000] {logging_mixin.py:190} INFO - [2025-02-19T10:24:54.786+0000] {dagbag.py:710} DEBUG - Running dagbag.sync_to_db with retries. Try 1 of 3
[2025-02-19T10:24:54.787+0000] {logging_mixin.py:190} INFO - [2025-02-19T10:24:54.786+0000] {dagbag.py:715} DEBUG - Calling the DAG.bulk_sync_to_db method
[2025-02-19T10:24:54.797+0000] {logging_mixin.py:190} INFO - [2025-02-19T10:24:54.796+0000] {serialized_dag.py:168} DEBUG - Checking if DAG (example_sla_dag) changed
[2025-02-19T10:24:54.804+0000] {logging_mixin.py:190} INFO - [2025-02-19T10:24:54.803+0000] {serialized_dag.py:179} DEBUG - Serialized DAG (example_sla_dag) is unchanged. Skipping writing to DB
[2025-02-19T10:24:54.804+0000] {logging_mixin.py:190} INFO - [2025-02-19T10:24:54.804+0000] {dag.py:3229} INFO - Sync 1 DAGs
[2025-02-19T10:24:54.829+0000] {logging_mixin.py:190} INFO - [2025-02-19T10:24:54.829+0000] {dag.py:4156} INFO - Setting next_dagrun for example_sla_dag to 2025-02-19 10:22:00+00:00, run_after=2025-02-19 10:24:00+00:00
[2025-02-19T10:24:54.847+0000] {processor.py:208} INFO - Processing /home/airflow/.local/lib/python3.12/site-packages/airflow/example_dags/example_sla_dag.py took 0.090 seconds
[2025-02-19T10:25:24.933+0000] {logging_mixin.py:190} INFO - [2025-02-19T10:25:24.933+0000] {settings.py:475} DEBUG - Setting up DB connection pool (PID 325)
[2025-02-19T10:25:24.934+0000] {logging_mixin.py:190} INFO - [2025-02-19T10:25:24.934+0000] {settings.py:579} DEBUG - settings.prepare_engine_args(): Using pool settings. pool_size=5, max_overflow=10, pool_recycle=1800, pid=325
[2025-02-19T10:25:24.939+0000] {processor.py:186} INFO - Started process (PID=325) to work on /home/airflow/.local/lib/python3.12/site-packages/airflow/example_dags/example_sla_dag.py
[2025-02-19T10:25:24.940+0000] {processor.py:914} INFO - Processing file /home/airflow/.local/lib/python3.12/site-packages/airflow/example_dags/example_sla_dag.py for tasks to queue
[2025-02-19T10:25:24.941+0000] {logging_mixin.py:190} INFO - [2025-02-19T10:25:24.940+0000] {dagbag.py:587} INFO - Filling up the DagBag from /home/airflow/.local/lib/python3.12/site-packages/airflow/example_dags/example_sla_dag.py
[2025-02-19T10:25:24.942+0000] {logging_mixin.py:190} INFO - [2025-02-19T10:25:24.941+0000] {dagbag.py:368} DEBUG - Importing /home/airflow/.local/lib/python3.12/site-packages/airflow/example_dags/example_sla_dag.py
[2025-02-19T10:25:24.943+0000] {logging_mixin.py:190} INFO - [2025-02-19T10:25:24.943+0000] {GetText.py:50} DEBUG - Failed to find locale C
[2025-02-19T10:25:24.944+0000] {logging_mixin.py:190} INFO - [2025-02-19T10:25:24.944+0000] {GetText.py:51} DEBUG - Attempting to load en_US as fallback
[2025-02-19T10:25:24.944+0000] {logging_mixin.py:190} INFO - [2025-02-19T10:25:24.944+0000] {GetText.py:65} DEBUG - /home/airflow/.local/lib/python3.12/site-packages/cron_descriptor/locale/en_US.mo Loaded
[2025-02-19T10:25:24.952+0000] {logging_mixin.py:190} INFO - [2025-02-19T10:25:24.951+0000] {dagbag.py:553} DEBUG - Loaded DAG <DAG: example_sla_dag>
[2025-02-19T10:25:24.952+0000] {processor.py:925} INFO - DAG(s) 'example_sla_dag' retrieved from /home/airflow/.local/lib/python3.12/site-packages/airflow/example_dags/example_sla_dag.py
[2025-02-19T10:25:24.953+0000] {logging_mixin.py:190} INFO - [2025-02-19T10:25:24.953+0000] {dagbag.py:710} DEBUG - Running dagbag.sync_to_db with retries. Try 1 of 3
[2025-02-19T10:25:24.953+0000] {logging_mixin.py:190} INFO - [2025-02-19T10:25:24.953+0000] {dagbag.py:715} DEBUG - Calling the DAG.bulk_sync_to_db method
[2025-02-19T10:25:24.964+0000] {logging_mixin.py:190} INFO - [2025-02-19T10:25:24.964+0000] {serialized_dag.py:168} DEBUG - Checking if DAG (example_sla_dag) changed
[2025-02-19T10:25:24.972+0000] {logging_mixin.py:190} INFO - [2025-02-19T10:25:24.972+0000] {serialized_dag.py:179} DEBUG - Serialized DAG (example_sla_dag) is unchanged. Skipping writing to DB
[2025-02-19T10:25:24.972+0000] {logging_mixin.py:190} INFO - [2025-02-19T10:25:24.972+0000] {dag.py:3229} INFO - Sync 1 DAGs
[2025-02-19T10:25:24.997+0000] {logging_mixin.py:190} INFO - [2025-02-19T10:25:24.997+0000] {dag.py:4156} INFO - Setting next_dagrun for example_sla_dag to 2025-02-19 10:22:00+00:00, run_after=2025-02-19 10:24:00+00:00
[2025-02-19T10:25:25.016+0000] {processor.py:208} INFO - Processing /home/airflow/.local/lib/python3.12/site-packages/airflow/example_dags/example_sla_dag.py took 0.083 seconds
[2025-02-19T10:25:55.632+0000] {logging_mixin.py:190} INFO - [2025-02-19T10:25:55.631+0000] {settings.py:475} DEBUG - Setting up DB connection pool (PID 389)
[2025-02-19T10:25:55.633+0000] {logging_mixin.py:190} INFO - [2025-02-19T10:25:55.633+0000] {settings.py:579} DEBUG - settings.prepare_engine_args(): Using pool settings. pool_size=5, max_overflow=10, pool_recycle=1800, pid=389
[2025-02-19T10:25:55.638+0000] {processor.py:186} INFO - Started process (PID=389) to work on /home/airflow/.local/lib/python3.12/site-packages/airflow/example_dags/example_sla_dag.py
[2025-02-19T10:25:55.638+0000] {processor.py:914} INFO - Processing file /home/airflow/.local/lib/python3.12/site-packages/airflow/example_dags/example_sla_dag.py for tasks to queue
[2025-02-19T10:25:55.639+0000] {logging_mixin.py:190} INFO - [2025-02-19T10:25:55.639+0000] {dagbag.py:587} INFO - Filling up the DagBag from /home/airflow/.local/lib/python3.12/site-packages/airflow/example_dags/example_sla_dag.py
[2025-02-19T10:25:55.640+0000] {logging_mixin.py:190} INFO - [2025-02-19T10:25:55.640+0000] {dagbag.py:368} DEBUG - Importing /home/airflow/.local/lib/python3.12/site-packages/airflow/example_dags/example_sla_dag.py
[2025-02-19T10:25:55.642+0000] {logging_mixin.py:190} INFO - [2025-02-19T10:25:55.642+0000] {GetText.py:50} DEBUG - Failed to find locale C
[2025-02-19T10:25:55.643+0000] {logging_mixin.py:190} INFO - [2025-02-19T10:25:55.642+0000] {GetText.py:51} DEBUG - Attempting to load en_US as fallback
[2025-02-19T10:25:55.643+0000] {logging_mixin.py:190} INFO - [2025-02-19T10:25:55.643+0000] {GetText.py:65} DEBUG - /home/airflow/.local/lib/python3.12/site-packages/cron_descriptor/locale/en_US.mo Loaded
[2025-02-19T10:25:55.651+0000] {logging_mixin.py:190} INFO - [2025-02-19T10:25:55.650+0000] {dagbag.py:553} DEBUG - Loaded DAG <DAG: example_sla_dag>
[2025-02-19T10:25:55.651+0000] {processor.py:925} INFO - DAG(s) 'example_sla_dag' retrieved from /home/airflow/.local/lib/python3.12/site-packages/airflow/example_dags/example_sla_dag.py
[2025-02-19T10:25:55.652+0000] {logging_mixin.py:190} INFO - [2025-02-19T10:25:55.652+0000] {dagbag.py:710} DEBUG - Running dagbag.sync_to_db with retries. Try 1 of 3
[2025-02-19T10:25:55.652+0000] {logging_mixin.py:190} INFO - [2025-02-19T10:25:55.652+0000] {dagbag.py:715} DEBUG - Calling the DAG.bulk_sync_to_db method
[2025-02-19T10:25:55.664+0000] {logging_mixin.py:190} INFO - [2025-02-19T10:25:55.664+0000] {serialized_dag.py:168} DEBUG - Checking if DAG (example_sla_dag) changed
[2025-02-19T10:25:55.674+0000] {logging_mixin.py:190} INFO - [2025-02-19T10:25:55.673+0000] {serialized_dag.py:179} DEBUG - Serialized DAG (example_sla_dag) is unchanged. Skipping writing to DB
[2025-02-19T10:25:55.674+0000] {logging_mixin.py:190} INFO - [2025-02-19T10:25:55.674+0000] {dag.py:3229} INFO - Sync 1 DAGs
[2025-02-19T10:25:55.701+0000] {logging_mixin.py:190} INFO - [2025-02-19T10:25:55.700+0000] {dag.py:4156} INFO - Setting next_dagrun for example_sla_dag to 2025-02-19 10:22:00+00:00, run_after=2025-02-19 10:24:00+00:00
[2025-02-19T10:25:55.719+0000] {processor.py:208} INFO - Processing /home/airflow/.local/lib/python3.12/site-packages/airflow/example_dags/example_sla_dag.py took 0.088 seconds
[2025-02-19T10:26:26.346+0000] {logging_mixin.py:190} INFO - [2025-02-19T10:26:26.345+0000] {settings.py:475} DEBUG - Setting up DB connection pool (PID 453)
[2025-02-19T10:26:26.347+0000] {logging_mixin.py:190} INFO - [2025-02-19T10:26:26.347+0000] {settings.py:579} DEBUG - settings.prepare_engine_args(): Using pool settings. pool_size=5, max_overflow=10, pool_recycle=1800, pid=453
[2025-02-19T10:26:26.351+0000] {processor.py:186} INFO - Started process (PID=453) to work on /home/airflow/.local/lib/python3.12/site-packages/airflow/example_dags/example_sla_dag.py
[2025-02-19T10:26:26.351+0000] {processor.py:914} INFO - Processing file /home/airflow/.local/lib/python3.12/site-packages/airflow/example_dags/example_sla_dag.py for tasks to queue
[2025-02-19T10:26:26.352+0000] {logging_mixin.py:190} INFO - [2025-02-19T10:26:26.352+0000] {dagbag.py:587} INFO - Filling up the DagBag from /home/airflow/.local/lib/python3.12/site-packages/airflow/example_dags/example_sla_dag.py
[2025-02-19T10:26:26.353+0000] {logging_mixin.py:190} INFO - [2025-02-19T10:26:26.352+0000] {dagbag.py:368} DEBUG - Importing /home/airflow/.local/lib/python3.12/site-packages/airflow/example_dags/example_sla_dag.py
[2025-02-19T10:26:26.354+0000] {logging_mixin.py:190} INFO - [2025-02-19T10:26:26.354+0000] {GetText.py:50} DEBUG - Failed to find locale C
[2025-02-19T10:26:26.355+0000] {logging_mixin.py:190} INFO - [2025-02-19T10:26:26.354+0000] {GetText.py:51} DEBUG - Attempting to load en_US as fallback
[2025-02-19T10:26:26.355+0000] {logging_mixin.py:190} INFO - [2025-02-19T10:26:26.355+0000] {GetText.py:65} DEBUG - /home/airflow/.local/lib/python3.12/site-packages/cron_descriptor/locale/en_US.mo Loaded
[2025-02-19T10:26:26.361+0000] {logging_mixin.py:190} INFO - [2025-02-19T10:26:26.360+0000] {dagbag.py:553} DEBUG - Loaded DAG <DAG: example_sla_dag>
[2025-02-19T10:26:26.362+0000] {processor.py:925} INFO - DAG(s) 'example_sla_dag' retrieved from /home/airflow/.local/lib/python3.12/site-packages/airflow/example_dags/example_sla_dag.py
[2025-02-19T10:26:26.362+0000] {logging_mixin.py:190} INFO - [2025-02-19T10:26:26.362+0000] {dagbag.py:710} DEBUG - Running dagbag.sync_to_db with retries. Try 1 of 3
[2025-02-19T10:26:26.363+0000] {logging_mixin.py:190} INFO - [2025-02-19T10:26:26.362+0000] {dagbag.py:715} DEBUG - Calling the DAG.bulk_sync_to_db method
[2025-02-19T10:26:26.372+0000] {logging_mixin.py:190} INFO - [2025-02-19T10:26:26.372+0000] {serialized_dag.py:168} DEBUG - Checking if DAG (example_sla_dag) changed
[2025-02-19T10:26:26.379+0000] {logging_mixin.py:190} INFO - [2025-02-19T10:26:26.379+0000] {serialized_dag.py:179} DEBUG - Serialized DAG (example_sla_dag) is unchanged. Skipping writing to DB
[2025-02-19T10:26:26.379+0000] {logging_mixin.py:190} INFO - [2025-02-19T10:26:26.379+0000] {dag.py:3229} INFO - Sync 1 DAGs
[2025-02-19T10:26:26.399+0000] {logging_mixin.py:190} INFO - [2025-02-19T10:26:26.399+0000] {dag.py:4156} INFO - Setting next_dagrun for example_sla_dag to 2025-02-19 10:24:00+00:00, run_after=2025-02-19 10:26:00+00:00
[2025-02-19T10:26:26.415+0000] {processor.py:208} INFO - Processing /home/airflow/.local/lib/python3.12/site-packages/airflow/example_dags/example_sla_dag.py took 0.070 seconds
