[2025-02-19T09:38:31.188+0000] {processor.py:186} INFO - Started process (PID=109) to work on /home/airflow/.local/lib/python3.12/site-packages/airflow/example_dags/example_latest_only.py
[2025-02-19T09:38:31.188+0000] {processor.py:914} INFO - Processing file /home/airflow/.local/lib/python3.12/site-packages/airflow/example_dags/example_latest_only.py for tasks to queue
[2025-02-19T09:38:31.191+0000] {logging_mixin.py:190} INFO - [2025-02-19T09:38:31.190+0000] {dagbag.py:587} INFO - Filling up the DagBag from /home/airflow/.local/lib/python3.12/site-packages/airflow/example_dags/example_latest_only.py
[2025-02-19T09:38:31.198+0000] {processor.py:925} INFO - DAG(s) 'latest_only' retrieved from /home/airflow/.local/lib/python3.12/site-packages/airflow/example_dags/example_latest_only.py
[2025-02-19T09:38:31.221+0000] {logging_mixin.py:190} INFO - [2025-02-19T09:38:31.220+0000] {dag.py:3229} INFO - Sync 1 DAGs
[2025-02-19T09:38:31.242+0000] {logging_mixin.py:190} INFO - [2025-02-19T09:38:31.242+0000] {dag.py:4156} INFO - Setting next_dagrun for latest_only to 2025-02-19 04:00:00+00:00, run_after=2025-02-19 08:00:00+00:00
[2025-02-19T09:38:31.260+0000] {processor.py:208} INFO - Processing /home/airflow/.local/lib/python3.12/site-packages/airflow/example_dags/example_latest_only.py took 0.077 seconds
[2025-02-19T09:39:01.969+0000] {processor.py:186} INFO - Started process (PID=178) to work on /home/airflow/.local/lib/python3.12/site-packages/airflow/example_dags/example_latest_only.py
[2025-02-19T09:39:01.970+0000] {processor.py:914} INFO - Processing file /home/airflow/.local/lib/python3.12/site-packages/airflow/example_dags/example_latest_only.py for tasks to queue
[2025-02-19T09:39:01.973+0000] {logging_mixin.py:190} INFO - [2025-02-19T09:39:01.973+0000] {dagbag.py:587} INFO - Filling up the DagBag from /home/airflow/.local/lib/python3.12/site-packages/airflow/example_dags/example_latest_only.py
[2025-02-19T09:39:01.980+0000] {processor.py:925} INFO - DAG(s) 'latest_only' retrieved from /home/airflow/.local/lib/python3.12/site-packages/airflow/example_dags/example_latest_only.py
[2025-02-19T09:39:02.001+0000] {logging_mixin.py:190} INFO - [2025-02-19T09:39:02.000+0000] {dag.py:3229} INFO - Sync 1 DAGs
[2025-02-19T09:39:02.029+0000] {logging_mixin.py:190} INFO - [2025-02-19T09:39:02.028+0000] {dag.py:4156} INFO - Setting next_dagrun for latest_only to 2025-02-19 04:00:00+00:00, run_after=2025-02-19 08:00:00+00:00
[2025-02-19T09:39:02.048+0000] {processor.py:208} INFO - Processing /home/airflow/.local/lib/python3.12/site-packages/airflow/example_dags/example_latest_only.py took 0.085 seconds
[2025-02-19T09:39:32.320+0000] {processor.py:186} INFO - Started process (PID=242) to work on /home/airflow/.local/lib/python3.12/site-packages/airflow/example_dags/example_latest_only.py
[2025-02-19T09:39:32.322+0000] {processor.py:914} INFO - Processing file /home/airflow/.local/lib/python3.12/site-packages/airflow/example_dags/example_latest_only.py for tasks to queue
[2025-02-19T09:39:32.323+0000] {logging_mixin.py:190} INFO - [2025-02-19T09:39:32.323+0000] {dagbag.py:587} INFO - Filling up the DagBag from /home/airflow/.local/lib/python3.12/site-packages/airflow/example_dags/example_latest_only.py
[2025-02-19T09:39:32.328+0000] {processor.py:925} INFO - DAG(s) 'latest_only' retrieved from /home/airflow/.local/lib/python3.12/site-packages/airflow/example_dags/example_latest_only.py
[2025-02-19T09:39:32.345+0000] {logging_mixin.py:190} INFO - [2025-02-19T09:39:32.345+0000] {dag.py:3229} INFO - Sync 1 DAGs
[2025-02-19T09:39:32.365+0000] {logging_mixin.py:190} INFO - [2025-02-19T09:39:32.365+0000] {dag.py:4156} INFO - Setting next_dagrun for latest_only to 2025-02-19 04:00:00+00:00, run_after=2025-02-19 08:00:00+00:00
[2025-02-19T09:39:32.381+0000] {processor.py:208} INFO - Processing /home/airflow/.local/lib/python3.12/site-packages/airflow/example_dags/example_latest_only.py took 0.065 seconds
[2025-02-19T09:40:02.581+0000] {processor.py:186} INFO - Started process (PID=306) to work on /home/airflow/.local/lib/python3.12/site-packages/airflow/example_dags/example_latest_only.py
[2025-02-19T09:40:02.582+0000] {processor.py:914} INFO - Processing file /home/airflow/.local/lib/python3.12/site-packages/airflow/example_dags/example_latest_only.py for tasks to queue
[2025-02-19T09:40:02.584+0000] {logging_mixin.py:190} INFO - [2025-02-19T09:40:02.583+0000] {dagbag.py:587} INFO - Filling up the DagBag from /home/airflow/.local/lib/python3.12/site-packages/airflow/example_dags/example_latest_only.py
[2025-02-19T09:40:02.589+0000] {processor.py:925} INFO - DAG(s) 'latest_only' retrieved from /home/airflow/.local/lib/python3.12/site-packages/airflow/example_dags/example_latest_only.py
[2025-02-19T09:40:02.605+0000] {logging_mixin.py:190} INFO - [2025-02-19T09:40:02.605+0000] {dag.py:3229} INFO - Sync 1 DAGs
[2025-02-19T09:40:02.625+0000] {logging_mixin.py:190} INFO - [2025-02-19T09:40:02.625+0000] {dag.py:4156} INFO - Setting next_dagrun for latest_only to 2025-02-19 04:00:00+00:00, run_after=2025-02-19 08:00:00+00:00
[2025-02-19T09:40:02.642+0000] {processor.py:208} INFO - Processing /home/airflow/.local/lib/python3.12/site-packages/airflow/example_dags/example_latest_only.py took 0.065 seconds
[2025-02-19T09:40:32.807+0000] {processor.py:186} INFO - Started process (PID=370) to work on /home/airflow/.local/lib/python3.12/site-packages/airflow/example_dags/example_latest_only.py
[2025-02-19T09:40:32.808+0000] {processor.py:914} INFO - Processing file /home/airflow/.local/lib/python3.12/site-packages/airflow/example_dags/example_latest_only.py for tasks to queue
[2025-02-19T09:40:32.810+0000] {logging_mixin.py:190} INFO - [2025-02-19T09:40:32.809+0000] {dagbag.py:587} INFO - Filling up the DagBag from /home/airflow/.local/lib/python3.12/site-packages/airflow/example_dags/example_latest_only.py
[2025-02-19T09:40:32.816+0000] {processor.py:925} INFO - DAG(s) 'latest_only' retrieved from /home/airflow/.local/lib/python3.12/site-packages/airflow/example_dags/example_latest_only.py
[2025-02-19T09:40:32.834+0000] {logging_mixin.py:190} INFO - [2025-02-19T09:40:32.833+0000] {dag.py:3229} INFO - Sync 1 DAGs
[2025-02-19T09:40:32.855+0000] {logging_mixin.py:190} INFO - [2025-02-19T09:40:32.855+0000] {dag.py:4156} INFO - Setting next_dagrun for latest_only to 2025-02-19 04:00:00+00:00, run_after=2025-02-19 08:00:00+00:00
[2025-02-19T09:40:32.872+0000] {processor.py:208} INFO - Processing /home/airflow/.local/lib/python3.12/site-packages/airflow/example_dags/example_latest_only.py took 0.071 seconds
[2025-02-19T09:41:02.921+0000] {processor.py:186} INFO - Started process (PID=434) to work on /home/airflow/.local/lib/python3.12/site-packages/airflow/example_dags/example_latest_only.py
[2025-02-19T09:41:02.922+0000] {processor.py:914} INFO - Processing file /home/airflow/.local/lib/python3.12/site-packages/airflow/example_dags/example_latest_only.py for tasks to queue
[2025-02-19T09:41:02.924+0000] {logging_mixin.py:190} INFO - [2025-02-19T09:41:02.923+0000] {dagbag.py:587} INFO - Filling up the DagBag from /home/airflow/.local/lib/python3.12/site-packages/airflow/example_dags/example_latest_only.py
[2025-02-19T09:41:02.928+0000] {processor.py:925} INFO - DAG(s) 'latest_only' retrieved from /home/airflow/.local/lib/python3.12/site-packages/airflow/example_dags/example_latest_only.py
[2025-02-19T09:41:02.947+0000] {logging_mixin.py:190} INFO - [2025-02-19T09:41:02.946+0000] {dag.py:3229} INFO - Sync 1 DAGs
[2025-02-19T09:41:02.965+0000] {logging_mixin.py:190} INFO - [2025-02-19T09:41:02.965+0000] {dag.py:4156} INFO - Setting next_dagrun for latest_only to 2025-02-19 04:00:00+00:00, run_after=2025-02-19 08:00:00+00:00
[2025-02-19T09:41:02.981+0000] {processor.py:208} INFO - Processing /home/airflow/.local/lib/python3.12/site-packages/airflow/example_dags/example_latest_only.py took 0.064 seconds
[2025-02-19T09:41:33.237+0000] {processor.py:186} INFO - Started process (PID=498) to work on /home/airflow/.local/lib/python3.12/site-packages/airflow/example_dags/example_latest_only.py
[2025-02-19T09:41:33.238+0000] {processor.py:914} INFO - Processing file /home/airflow/.local/lib/python3.12/site-packages/airflow/example_dags/example_latest_only.py for tasks to queue
[2025-02-19T09:41:33.241+0000] {logging_mixin.py:190} INFO - [2025-02-19T09:41:33.240+0000] {dagbag.py:587} INFO - Filling up the DagBag from /home/airflow/.local/lib/python3.12/site-packages/airflow/example_dags/example_latest_only.py
[2025-02-19T09:41:33.246+0000] {processor.py:925} INFO - DAG(s) 'latest_only' retrieved from /home/airflow/.local/lib/python3.12/site-packages/airflow/example_dags/example_latest_only.py
[2025-02-19T09:41:33.263+0000] {logging_mixin.py:190} INFO - [2025-02-19T09:41:33.263+0000] {dag.py:3229} INFO - Sync 1 DAGs
[2025-02-19T09:41:33.283+0000] {logging_mixin.py:190} INFO - [2025-02-19T09:41:33.283+0000] {dag.py:4156} INFO - Setting next_dagrun for latest_only to 2025-02-19 04:00:00+00:00, run_after=2025-02-19 08:00:00+00:00
[2025-02-19T09:41:33.302+0000] {processor.py:208} INFO - Processing /home/airflow/.local/lib/python3.12/site-packages/airflow/example_dags/example_latest_only.py took 0.069 seconds
[2025-02-19T09:42:04.421+0000] {processor.py:186} INFO - Started process (PID=562) to work on /home/airflow/.local/lib/python3.12/site-packages/airflow/example_dags/example_latest_only.py
[2025-02-19T09:42:04.422+0000] {processor.py:914} INFO - Processing file /home/airflow/.local/lib/python3.12/site-packages/airflow/example_dags/example_latest_only.py for tasks to queue
[2025-02-19T09:42:04.424+0000] {logging_mixin.py:190} INFO - [2025-02-19T09:42:04.423+0000] {dagbag.py:587} INFO - Filling up the DagBag from /home/airflow/.local/lib/python3.12/site-packages/airflow/example_dags/example_latest_only.py
[2025-02-19T09:42:04.429+0000] {processor.py:925} INFO - DAG(s) 'latest_only' retrieved from /home/airflow/.local/lib/python3.12/site-packages/airflow/example_dags/example_latest_only.py
[2025-02-19T09:42:04.448+0000] {logging_mixin.py:190} INFO - [2025-02-19T09:42:04.447+0000] {dag.py:3229} INFO - Sync 1 DAGs
[2025-02-19T09:42:04.465+0000] {logging_mixin.py:190} INFO - [2025-02-19T09:42:04.465+0000] {dag.py:4156} INFO - Setting next_dagrun for latest_only to 2025-02-19 04:00:00+00:00, run_after=2025-02-19 08:00:00+00:00
[2025-02-19T09:42:04.479+0000] {processor.py:208} INFO - Processing /home/airflow/.local/lib/python3.12/site-packages/airflow/example_dags/example_latest_only.py took 0.063 seconds
[2025-02-19T09:42:34.741+0000] {processor.py:186} INFO - Started process (PID=626) to work on /home/airflow/.local/lib/python3.12/site-packages/airflow/example_dags/example_latest_only.py
[2025-02-19T09:42:34.743+0000] {processor.py:914} INFO - Processing file /home/airflow/.local/lib/python3.12/site-packages/airflow/example_dags/example_latest_only.py for tasks to queue
[2025-02-19T09:42:34.744+0000] {logging_mixin.py:190} INFO - [2025-02-19T09:42:34.744+0000] {dagbag.py:587} INFO - Filling up the DagBag from /home/airflow/.local/lib/python3.12/site-packages/airflow/example_dags/example_latest_only.py
[2025-02-19T09:42:34.750+0000] {processor.py:925} INFO - DAG(s) 'latest_only' retrieved from /home/airflow/.local/lib/python3.12/site-packages/airflow/example_dags/example_latest_only.py
[2025-02-19T09:42:34.767+0000] {logging_mixin.py:190} INFO - [2025-02-19T09:42:34.767+0000] {dag.py:3229} INFO - Sync 1 DAGs
[2025-02-19T09:42:34.786+0000] {logging_mixin.py:190} INFO - [2025-02-19T09:42:34.786+0000] {dag.py:4156} INFO - Setting next_dagrun for latest_only to 2025-02-19 04:00:00+00:00, run_after=2025-02-19 08:00:00+00:00
[2025-02-19T09:42:34.801+0000] {processor.py:208} INFO - Processing /home/airflow/.local/lib/python3.12/site-packages/airflow/example_dags/example_latest_only.py took 0.064 seconds
[2025-02-19T09:43:05.865+0000] {processor.py:186} INFO - Started process (PID=690) to work on /home/airflow/.local/lib/python3.12/site-packages/airflow/example_dags/example_latest_only.py
[2025-02-19T09:43:05.866+0000] {processor.py:914} INFO - Processing file /home/airflow/.local/lib/python3.12/site-packages/airflow/example_dags/example_latest_only.py for tasks to queue
[2025-02-19T09:43:05.868+0000] {logging_mixin.py:190} INFO - [2025-02-19T09:43:05.868+0000] {dagbag.py:587} INFO - Filling up the DagBag from /home/airflow/.local/lib/python3.12/site-packages/airflow/example_dags/example_latest_only.py
[2025-02-19T09:43:05.874+0000] {processor.py:925} INFO - DAG(s) 'latest_only' retrieved from /home/airflow/.local/lib/python3.12/site-packages/airflow/example_dags/example_latest_only.py
[2025-02-19T09:43:05.894+0000] {logging_mixin.py:190} INFO - [2025-02-19T09:43:05.894+0000] {dag.py:3229} INFO - Sync 1 DAGs
[2025-02-19T09:43:05.916+0000] {logging_mixin.py:190} INFO - [2025-02-19T09:43:05.916+0000] {dag.py:4156} INFO - Setting next_dagrun for latest_only to 2025-02-19 04:00:00+00:00, run_after=2025-02-19 08:00:00+00:00
[2025-02-19T09:43:05.939+0000] {processor.py:208} INFO - Processing /home/airflow/.local/lib/python3.12/site-packages/airflow/example_dags/example_latest_only.py took 0.078 seconds
[2025-02-19T09:43:36.198+0000] {processor.py:186} INFO - Started process (PID=754) to work on /home/airflow/.local/lib/python3.12/site-packages/airflow/example_dags/example_latest_only.py
[2025-02-19T09:43:36.199+0000] {processor.py:914} INFO - Processing file /home/airflow/.local/lib/python3.12/site-packages/airflow/example_dags/example_latest_only.py for tasks to queue
[2025-02-19T09:43:36.201+0000] {logging_mixin.py:190} INFO - [2025-02-19T09:43:36.200+0000] {dagbag.py:587} INFO - Filling up the DagBag from /home/airflow/.local/lib/python3.12/site-packages/airflow/example_dags/example_latest_only.py
[2025-02-19T09:43:36.206+0000] {processor.py:925} INFO - DAG(s) 'latest_only' retrieved from /home/airflow/.local/lib/python3.12/site-packages/airflow/example_dags/example_latest_only.py
[2025-02-19T09:43:36.223+0000] {logging_mixin.py:190} INFO - [2025-02-19T09:43:36.223+0000] {dag.py:3229} INFO - Sync 1 DAGs
[2025-02-19T09:43:36.244+0000] {logging_mixin.py:190} INFO - [2025-02-19T09:43:36.244+0000] {dag.py:4156} INFO - Setting next_dagrun for latest_only to 2025-02-19 04:00:00+00:00, run_after=2025-02-19 08:00:00+00:00
[2025-02-19T09:43:36.259+0000] {processor.py:208} INFO - Processing /home/airflow/.local/lib/python3.12/site-packages/airflow/example_dags/example_latest_only.py took 0.065 seconds
[2025-02-19T09:44:06.462+0000] {processor.py:186} INFO - Started process (PID=818) to work on /home/airflow/.local/lib/python3.12/site-packages/airflow/example_dags/example_latest_only.py
[2025-02-19T09:44:06.463+0000] {processor.py:914} INFO - Processing file /home/airflow/.local/lib/python3.12/site-packages/airflow/example_dags/example_latest_only.py for tasks to queue
[2025-02-19T09:44:06.464+0000] {logging_mixin.py:190} INFO - [2025-02-19T09:44:06.464+0000] {dagbag.py:587} INFO - Filling up the DagBag from /home/airflow/.local/lib/python3.12/site-packages/airflow/example_dags/example_latest_only.py
[2025-02-19T09:44:06.470+0000] {processor.py:925} INFO - DAG(s) 'latest_only' retrieved from /home/airflow/.local/lib/python3.12/site-packages/airflow/example_dags/example_latest_only.py
[2025-02-19T09:44:06.488+0000] {logging_mixin.py:190} INFO - [2025-02-19T09:44:06.487+0000] {dag.py:3229} INFO - Sync 1 DAGs
[2025-02-19T09:44:06.507+0000] {logging_mixin.py:190} INFO - [2025-02-19T09:44:06.507+0000] {dag.py:4156} INFO - Setting next_dagrun for latest_only to 2025-02-19 04:00:00+00:00, run_after=2025-02-19 08:00:00+00:00
[2025-02-19T09:44:06.522+0000] {processor.py:208} INFO - Processing /home/airflow/.local/lib/python3.12/site-packages/airflow/example_dags/example_latest_only.py took 0.064 seconds
[2025-02-19T09:44:37.422+0000] {processor.py:186} INFO - Started process (PID=882) to work on /home/airflow/.local/lib/python3.12/site-packages/airflow/example_dags/example_latest_only.py
[2025-02-19T09:44:37.423+0000] {processor.py:914} INFO - Processing file /home/airflow/.local/lib/python3.12/site-packages/airflow/example_dags/example_latest_only.py for tasks to queue
[2025-02-19T09:44:37.425+0000] {logging_mixin.py:190} INFO - [2025-02-19T09:44:37.424+0000] {dagbag.py:587} INFO - Filling up the DagBag from /home/airflow/.local/lib/python3.12/site-packages/airflow/example_dags/example_latest_only.py
[2025-02-19T09:44:37.430+0000] {processor.py:925} INFO - DAG(s) 'latest_only' retrieved from /home/airflow/.local/lib/python3.12/site-packages/airflow/example_dags/example_latest_only.py
[2025-02-19T09:44:37.448+0000] {logging_mixin.py:190} INFO - [2025-02-19T09:44:37.448+0000] {dag.py:3229} INFO - Sync 1 DAGs
[2025-02-19T09:44:37.468+0000] {logging_mixin.py:190} INFO - [2025-02-19T09:44:37.468+0000] {dag.py:4156} INFO - Setting next_dagrun for latest_only to 2025-02-19 04:00:00+00:00, run_after=2025-02-19 08:00:00+00:00
[2025-02-19T09:44:37.482+0000] {processor.py:208} INFO - Processing /home/airflow/.local/lib/python3.12/site-packages/airflow/example_dags/example_latest_only.py took 0.064 seconds
[2025-02-19T09:45:07.793+0000] {processor.py:186} INFO - Started process (PID=946) to work on /home/airflow/.local/lib/python3.12/site-packages/airflow/example_dags/example_latest_only.py
[2025-02-19T09:45:07.794+0000] {processor.py:914} INFO - Processing file /home/airflow/.local/lib/python3.12/site-packages/airflow/example_dags/example_latest_only.py for tasks to queue
[2025-02-19T09:45:07.796+0000] {logging_mixin.py:190} INFO - [2025-02-19T09:45:07.795+0000] {dagbag.py:587} INFO - Filling up the DagBag from /home/airflow/.local/lib/python3.12/site-packages/airflow/example_dags/example_latest_only.py
[2025-02-19T09:45:07.801+0000] {processor.py:925} INFO - DAG(s) 'latest_only' retrieved from /home/airflow/.local/lib/python3.12/site-packages/airflow/example_dags/example_latest_only.py
[2025-02-19T09:45:07.821+0000] {logging_mixin.py:190} INFO - [2025-02-19T09:45:07.821+0000] {dag.py:3229} INFO - Sync 1 DAGs
[2025-02-19T09:45:07.841+0000] {logging_mixin.py:190} INFO - [2025-02-19T09:45:07.841+0000] {dag.py:4156} INFO - Setting next_dagrun for latest_only to 2025-02-19 04:00:00+00:00, run_after=2025-02-19 08:00:00+00:00
[2025-02-19T09:45:07.856+0000] {processor.py:208} INFO - Processing /home/airflow/.local/lib/python3.12/site-packages/airflow/example_dags/example_latest_only.py took 0.067 seconds
[2025-02-19T09:45:38.978+0000] {processor.py:186} INFO - Started process (PID=1010) to work on /home/airflow/.local/lib/python3.12/site-packages/airflow/example_dags/example_latest_only.py
[2025-02-19T09:45:38.979+0000] {processor.py:914} INFO - Processing file /home/airflow/.local/lib/python3.12/site-packages/airflow/example_dags/example_latest_only.py for tasks to queue
[2025-02-19T09:45:38.981+0000] {logging_mixin.py:190} INFO - [2025-02-19T09:45:38.981+0000] {dagbag.py:587} INFO - Filling up the DagBag from /home/airflow/.local/lib/python3.12/site-packages/airflow/example_dags/example_latest_only.py
[2025-02-19T09:45:38.987+0000] {processor.py:925} INFO - DAG(s) 'latest_only' retrieved from /home/airflow/.local/lib/python3.12/site-packages/airflow/example_dags/example_latest_only.py
[2025-02-19T09:45:39.003+0000] {logging_mixin.py:190} INFO - [2025-02-19T09:45:39.002+0000] {dag.py:3229} INFO - Sync 1 DAGs
[2025-02-19T09:45:39.023+0000] {logging_mixin.py:190} INFO - [2025-02-19T09:45:39.022+0000] {dag.py:4156} INFO - Setting next_dagrun for latest_only to 2025-02-19 04:00:00+00:00, run_after=2025-02-19 08:00:00+00:00
[2025-02-19T09:45:39.038+0000] {processor.py:208} INFO - Processing /home/airflow/.local/lib/python3.12/site-packages/airflow/example_dags/example_latest_only.py took 0.064 seconds
[2025-02-19T09:46:09.983+0000] {processor.py:186} INFO - Started process (PID=1074) to work on /home/airflow/.local/lib/python3.12/site-packages/airflow/example_dags/example_latest_only.py
[2025-02-19T09:46:09.984+0000] {processor.py:914} INFO - Processing file /home/airflow/.local/lib/python3.12/site-packages/airflow/example_dags/example_latest_only.py for tasks to queue
[2025-02-19T09:46:09.986+0000] {logging_mixin.py:190} INFO - [2025-02-19T09:46:09.986+0000] {dagbag.py:587} INFO - Filling up the DagBag from /home/airflow/.local/lib/python3.12/site-packages/airflow/example_dags/example_latest_only.py
[2025-02-19T09:46:09.991+0000] {processor.py:925} INFO - DAG(s) 'latest_only' retrieved from /home/airflow/.local/lib/python3.12/site-packages/airflow/example_dags/example_latest_only.py
[2025-02-19T09:46:10.007+0000] {logging_mixin.py:190} INFO - [2025-02-19T09:46:10.006+0000] {dag.py:3229} INFO - Sync 1 DAGs
[2025-02-19T09:46:10.024+0000] {logging_mixin.py:190} INFO - [2025-02-19T09:46:10.024+0000] {dag.py:4156} INFO - Setting next_dagrun for latest_only to 2025-02-19 04:00:00+00:00, run_after=2025-02-19 08:00:00+00:00
[2025-02-19T09:46:10.040+0000] {processor.py:208} INFO - Processing /home/airflow/.local/lib/python3.12/site-packages/airflow/example_dags/example_latest_only.py took 0.060 seconds
[2025-02-19T09:46:40.922+0000] {processor.py:186} INFO - Started process (PID=1138) to work on /home/airflow/.local/lib/python3.12/site-packages/airflow/example_dags/example_latest_only.py
[2025-02-19T09:46:40.923+0000] {processor.py:914} INFO - Processing file /home/airflow/.local/lib/python3.12/site-packages/airflow/example_dags/example_latest_only.py for tasks to queue
[2025-02-19T09:46:40.924+0000] {logging_mixin.py:190} INFO - [2025-02-19T09:46:40.924+0000] {dagbag.py:587} INFO - Filling up the DagBag from /home/airflow/.local/lib/python3.12/site-packages/airflow/example_dags/example_latest_only.py
[2025-02-19T09:46:40.930+0000] {processor.py:925} INFO - DAG(s) 'latest_only' retrieved from /home/airflow/.local/lib/python3.12/site-packages/airflow/example_dags/example_latest_only.py
[2025-02-19T09:46:40.946+0000] {logging_mixin.py:190} INFO - [2025-02-19T09:46:40.946+0000] {dag.py:3229} INFO - Sync 1 DAGs
[2025-02-19T09:46:40.965+0000] {logging_mixin.py:190} INFO - [2025-02-19T09:46:40.965+0000] {dag.py:4156} INFO - Setting next_dagrun for latest_only to 2025-02-19 04:00:00+00:00, run_after=2025-02-19 08:00:00+00:00
[2025-02-19T09:46:40.977+0000] {processor.py:208} INFO - Processing /home/airflow/.local/lib/python3.12/site-packages/airflow/example_dags/example_latest_only.py took 0.060 seconds
[2025-02-19T09:47:12.141+0000] {processor.py:186} INFO - Started process (PID=1202) to work on /home/airflow/.local/lib/python3.12/site-packages/airflow/example_dags/example_latest_only.py
[2025-02-19T09:47:12.142+0000] {processor.py:914} INFO - Processing file /home/airflow/.local/lib/python3.12/site-packages/airflow/example_dags/example_latest_only.py for tasks to queue
[2025-02-19T09:47:12.144+0000] {logging_mixin.py:190} INFO - [2025-02-19T09:47:12.144+0000] {dagbag.py:587} INFO - Filling up the DagBag from /home/airflow/.local/lib/python3.12/site-packages/airflow/example_dags/example_latest_only.py
[2025-02-19T09:47:12.150+0000] {processor.py:925} INFO - DAG(s) 'latest_only' retrieved from /home/airflow/.local/lib/python3.12/site-packages/airflow/example_dags/example_latest_only.py
[2025-02-19T09:47:12.168+0000] {logging_mixin.py:190} INFO - [2025-02-19T09:47:12.167+0000] {dag.py:3229} INFO - Sync 1 DAGs
[2025-02-19T09:47:12.188+0000] {logging_mixin.py:190} INFO - [2025-02-19T09:47:12.187+0000] {dag.py:4156} INFO - Setting next_dagrun for latest_only to 2025-02-19 04:00:00+00:00, run_after=2025-02-19 08:00:00+00:00
[2025-02-19T09:47:12.204+0000] {processor.py:208} INFO - Processing /home/airflow/.local/lib/python3.12/site-packages/airflow/example_dags/example_latest_only.py took 0.067 seconds
[2025-02-19T09:47:42.462+0000] {processor.py:186} INFO - Started process (PID=1266) to work on /home/airflow/.local/lib/python3.12/site-packages/airflow/example_dags/example_latest_only.py
[2025-02-19T09:47:42.463+0000] {processor.py:914} INFO - Processing file /home/airflow/.local/lib/python3.12/site-packages/airflow/example_dags/example_latest_only.py for tasks to queue
[2025-02-19T09:47:42.465+0000] {logging_mixin.py:190} INFO - [2025-02-19T09:47:42.464+0000] {dagbag.py:587} INFO - Filling up the DagBag from /home/airflow/.local/lib/python3.12/site-packages/airflow/example_dags/example_latest_only.py
[2025-02-19T09:47:42.471+0000] {processor.py:925} INFO - DAG(s) 'latest_only' retrieved from /home/airflow/.local/lib/python3.12/site-packages/airflow/example_dags/example_latest_only.py
[2025-02-19T09:47:42.489+0000] {logging_mixin.py:190} INFO - [2025-02-19T09:47:42.488+0000] {dag.py:3229} INFO - Sync 1 DAGs
[2025-02-19T09:47:42.508+0000] {logging_mixin.py:190} INFO - [2025-02-19T09:47:42.508+0000] {dag.py:4156} INFO - Setting next_dagrun for latest_only to 2025-02-19 04:00:00+00:00, run_after=2025-02-19 08:00:00+00:00
[2025-02-19T09:47:42.527+0000] {processor.py:208} INFO - Processing /home/airflow/.local/lib/python3.12/site-packages/airflow/example_dags/example_latest_only.py took 0.070 seconds
[2025-02-19T09:48:12.740+0000] {processor.py:186} INFO - Started process (PID=1331) to work on /home/airflow/.local/lib/python3.12/site-packages/airflow/example_dags/example_latest_only.py
[2025-02-19T09:48:12.742+0000] {processor.py:914} INFO - Processing file /home/airflow/.local/lib/python3.12/site-packages/airflow/example_dags/example_latest_only.py for tasks to queue
[2025-02-19T09:48:12.743+0000] {logging_mixin.py:190} INFO - [2025-02-19T09:48:12.743+0000] {dagbag.py:587} INFO - Filling up the DagBag from /home/airflow/.local/lib/python3.12/site-packages/airflow/example_dags/example_latest_only.py
[2025-02-19T09:48:12.749+0000] {processor.py:925} INFO - DAG(s) 'latest_only' retrieved from /home/airflow/.local/lib/python3.12/site-packages/airflow/example_dags/example_latest_only.py
[2025-02-19T09:48:12.767+0000] {logging_mixin.py:190} INFO - [2025-02-19T09:48:12.766+0000] {dag.py:3229} INFO - Sync 1 DAGs
[2025-02-19T09:48:12.787+0000] {logging_mixin.py:190} INFO - [2025-02-19T09:48:12.786+0000] {dag.py:4156} INFO - Setting next_dagrun for latest_only to 2025-02-19 04:00:00+00:00, run_after=2025-02-19 08:00:00+00:00
[2025-02-19T09:48:12.802+0000] {processor.py:208} INFO - Processing /home/airflow/.local/lib/python3.12/site-packages/airflow/example_dags/example_latest_only.py took 0.066 seconds
[2025-02-19T09:48:43.838+0000] {processor.py:186} INFO - Started process (PID=1395) to work on /home/airflow/.local/lib/python3.12/site-packages/airflow/example_dags/example_latest_only.py
[2025-02-19T09:48:43.839+0000] {processor.py:914} INFO - Processing file /home/airflow/.local/lib/python3.12/site-packages/airflow/example_dags/example_latest_only.py for tasks to queue
[2025-02-19T09:48:43.841+0000] {logging_mixin.py:190} INFO - [2025-02-19T09:48:43.840+0000] {dagbag.py:587} INFO - Filling up the DagBag from /home/airflow/.local/lib/python3.12/site-packages/airflow/example_dags/example_latest_only.py
[2025-02-19T09:48:43.846+0000] {processor.py:925} INFO - DAG(s) 'latest_only' retrieved from /home/airflow/.local/lib/python3.12/site-packages/airflow/example_dags/example_latest_only.py
[2025-02-19T09:48:43.864+0000] {logging_mixin.py:190} INFO - [2025-02-19T09:48:43.863+0000] {dag.py:3229} INFO - Sync 1 DAGs
[2025-02-19T09:48:43.884+0000] {logging_mixin.py:190} INFO - [2025-02-19T09:48:43.884+0000] {dag.py:4156} INFO - Setting next_dagrun for latest_only to 2025-02-19 04:00:00+00:00, run_after=2025-02-19 08:00:00+00:00
[2025-02-19T09:48:43.900+0000] {processor.py:208} INFO - Processing /home/airflow/.local/lib/python3.12/site-packages/airflow/example_dags/example_latest_only.py took 0.066 seconds
[2025-02-19T09:49:14.746+0000] {processor.py:186} INFO - Started process (PID=1459) to work on /home/airflow/.local/lib/python3.12/site-packages/airflow/example_dags/example_latest_only.py
[2025-02-19T09:49:14.747+0000] {processor.py:914} INFO - Processing file /home/airflow/.local/lib/python3.12/site-packages/airflow/example_dags/example_latest_only.py for tasks to queue
[2025-02-19T09:49:14.749+0000] {logging_mixin.py:190} INFO - [2025-02-19T09:49:14.749+0000] {dagbag.py:587} INFO - Filling up the DagBag from /home/airflow/.local/lib/python3.12/site-packages/airflow/example_dags/example_latest_only.py
[2025-02-19T09:49:14.754+0000] {processor.py:925} INFO - DAG(s) 'latest_only' retrieved from /home/airflow/.local/lib/python3.12/site-packages/airflow/example_dags/example_latest_only.py
[2025-02-19T09:49:14.769+0000] {logging_mixin.py:190} INFO - [2025-02-19T09:49:14.768+0000] {dag.py:3229} INFO - Sync 1 DAGs
[2025-02-19T09:49:14.787+0000] {logging_mixin.py:190} INFO - [2025-02-19T09:49:14.787+0000] {dag.py:4156} INFO - Setting next_dagrun for latest_only to 2025-02-19 04:00:00+00:00, run_after=2025-02-19 08:00:00+00:00
[2025-02-19T09:49:14.801+0000] {processor.py:208} INFO - Processing /home/airflow/.local/lib/python3.12/site-packages/airflow/example_dags/example_latest_only.py took 0.059 seconds
[2025-02-19T09:49:45.716+0000] {processor.py:186} INFO - Started process (PID=1523) to work on /home/airflow/.local/lib/python3.12/site-packages/airflow/example_dags/example_latest_only.py
[2025-02-19T09:49:45.717+0000] {processor.py:914} INFO - Processing file /home/airflow/.local/lib/python3.12/site-packages/airflow/example_dags/example_latest_only.py for tasks to queue
[2025-02-19T09:49:45.719+0000] {logging_mixin.py:190} INFO - [2025-02-19T09:49:45.719+0000] {dagbag.py:587} INFO - Filling up the DagBag from /home/airflow/.local/lib/python3.12/site-packages/airflow/example_dags/example_latest_only.py
[2025-02-19T09:49:45.724+0000] {processor.py:925} INFO - DAG(s) 'latest_only' retrieved from /home/airflow/.local/lib/python3.12/site-packages/airflow/example_dags/example_latest_only.py
[2025-02-19T09:49:45.739+0000] {logging_mixin.py:190} INFO - [2025-02-19T09:49:45.739+0000] {dag.py:3229} INFO - Sync 1 DAGs
[2025-02-19T09:49:45.757+0000] {logging_mixin.py:190} INFO - [2025-02-19T09:49:45.757+0000] {dag.py:4156} INFO - Setting next_dagrun for latest_only to 2025-02-19 04:00:00+00:00, run_after=2025-02-19 08:00:00+00:00
[2025-02-19T09:49:45.773+0000] {processor.py:208} INFO - Processing /home/airflow/.local/lib/python3.12/site-packages/airflow/example_dags/example_latest_only.py took 0.060 seconds
[2025-02-19T09:50:16.150+0000] {processor.py:186} INFO - Started process (PID=1587) to work on /home/airflow/.local/lib/python3.12/site-packages/airflow/example_dags/example_latest_only.py
[2025-02-19T09:50:16.151+0000] {processor.py:914} INFO - Processing file /home/airflow/.local/lib/python3.12/site-packages/airflow/example_dags/example_latest_only.py for tasks to queue
[2025-02-19T09:50:16.153+0000] {logging_mixin.py:190} INFO - [2025-02-19T09:50:16.153+0000] {dagbag.py:587} INFO - Filling up the DagBag from /home/airflow/.local/lib/python3.12/site-packages/airflow/example_dags/example_latest_only.py
[2025-02-19T09:50:16.159+0000] {processor.py:925} INFO - DAG(s) 'latest_only' retrieved from /home/airflow/.local/lib/python3.12/site-packages/airflow/example_dags/example_latest_only.py
[2025-02-19T09:50:16.176+0000] {logging_mixin.py:190} INFO - [2025-02-19T09:50:16.176+0000] {dag.py:3229} INFO - Sync 1 DAGs
[2025-02-19T09:50:16.196+0000] {logging_mixin.py:190} INFO - [2025-02-19T09:50:16.195+0000] {dag.py:4156} INFO - Setting next_dagrun for latest_only to 2025-02-19 04:00:00+00:00, run_after=2025-02-19 08:00:00+00:00
[2025-02-19T09:50:16.210+0000] {processor.py:208} INFO - Processing /home/airflow/.local/lib/python3.12/site-packages/airflow/example_dags/example_latest_only.py took 0.064 seconds
[2025-02-19T09:50:46.666+0000] {processor.py:186} INFO - Started process (PID=1651) to work on /home/airflow/.local/lib/python3.12/site-packages/airflow/example_dags/example_latest_only.py
[2025-02-19T09:50:46.667+0000] {processor.py:914} INFO - Processing file /home/airflow/.local/lib/python3.12/site-packages/airflow/example_dags/example_latest_only.py for tasks to queue
[2025-02-19T09:50:46.670+0000] {logging_mixin.py:190} INFO - [2025-02-19T09:50:46.669+0000] {dagbag.py:587} INFO - Filling up the DagBag from /home/airflow/.local/lib/python3.12/site-packages/airflow/example_dags/example_latest_only.py
[2025-02-19T09:50:46.675+0000] {processor.py:925} INFO - DAG(s) 'latest_only' retrieved from /home/airflow/.local/lib/python3.12/site-packages/airflow/example_dags/example_latest_only.py
[2025-02-19T09:50:46.695+0000] {logging_mixin.py:190} INFO - [2025-02-19T09:50:46.694+0000] {dag.py:3229} INFO - Sync 1 DAGs
[2025-02-19T09:50:46.715+0000] {logging_mixin.py:190} INFO - [2025-02-19T09:50:46.715+0000] {dag.py:4156} INFO - Setting next_dagrun for latest_only to 2025-02-19 04:00:00+00:00, run_after=2025-02-19 08:00:00+00:00
[2025-02-19T09:50:46.731+0000] {processor.py:208} INFO - Processing /home/airflow/.local/lib/python3.12/site-packages/airflow/example_dags/example_latest_only.py took 0.069 seconds
[2025-02-19T09:51:16.898+0000] {processor.py:186} INFO - Started process (PID=1715) to work on /home/airflow/.local/lib/python3.12/site-packages/airflow/example_dags/example_latest_only.py
[2025-02-19T09:51:16.899+0000] {processor.py:914} INFO - Processing file /home/airflow/.local/lib/python3.12/site-packages/airflow/example_dags/example_latest_only.py for tasks to queue
[2025-02-19T09:51:16.901+0000] {logging_mixin.py:190} INFO - [2025-02-19T09:51:16.901+0000] {dagbag.py:587} INFO - Filling up the DagBag from /home/airflow/.local/lib/python3.12/site-packages/airflow/example_dags/example_latest_only.py
[2025-02-19T09:51:16.907+0000] {processor.py:925} INFO - DAG(s) 'latest_only' retrieved from /home/airflow/.local/lib/python3.12/site-packages/airflow/example_dags/example_latest_only.py
[2025-02-19T09:51:16.925+0000] {logging_mixin.py:190} INFO - [2025-02-19T09:51:16.924+0000] {dag.py:3229} INFO - Sync 1 DAGs
[2025-02-19T09:51:16.945+0000] {logging_mixin.py:190} INFO - [2025-02-19T09:51:16.945+0000] {dag.py:4156} INFO - Setting next_dagrun for latest_only to 2025-02-19 04:00:00+00:00, run_after=2025-02-19 08:00:00+00:00
[2025-02-19T09:51:16.962+0000] {processor.py:208} INFO - Processing /home/airflow/.local/lib/python3.12/site-packages/airflow/example_dags/example_latest_only.py took 0.069 seconds
[2025-02-19T09:51:47.181+0000] {processor.py:186} INFO - Started process (PID=1779) to work on /home/airflow/.local/lib/python3.12/site-packages/airflow/example_dags/example_latest_only.py
[2025-02-19T09:51:47.182+0000] {processor.py:914} INFO - Processing file /home/airflow/.local/lib/python3.12/site-packages/airflow/example_dags/example_latest_only.py for tasks to queue
[2025-02-19T09:51:47.184+0000] {logging_mixin.py:190} INFO - [2025-02-19T09:51:47.184+0000] {dagbag.py:587} INFO - Filling up the DagBag from /home/airflow/.local/lib/python3.12/site-packages/airflow/example_dags/example_latest_only.py
[2025-02-19T09:51:47.190+0000] {processor.py:925} INFO - DAG(s) 'latest_only' retrieved from /home/airflow/.local/lib/python3.12/site-packages/airflow/example_dags/example_latest_only.py
[2025-02-19T09:51:47.208+0000] {logging_mixin.py:190} INFO - [2025-02-19T09:51:47.207+0000] {dag.py:3229} INFO - Sync 1 DAGs
[2025-02-19T09:51:47.226+0000] {logging_mixin.py:190} INFO - [2025-02-19T09:51:47.226+0000] {dag.py:4156} INFO - Setting next_dagrun for latest_only to 2025-02-19 04:00:00+00:00, run_after=2025-02-19 08:00:00+00:00
[2025-02-19T09:51:47.244+0000] {processor.py:208} INFO - Processing /home/airflow/.local/lib/python3.12/site-packages/airflow/example_dags/example_latest_only.py took 0.068 seconds
[2025-02-19T09:52:17.540+0000] {processor.py:186} INFO - Started process (PID=1843) to work on /home/airflow/.local/lib/python3.12/site-packages/airflow/example_dags/example_latest_only.py
[2025-02-19T09:52:17.541+0000] {processor.py:914} INFO - Processing file /home/airflow/.local/lib/python3.12/site-packages/airflow/example_dags/example_latest_only.py for tasks to queue
[2025-02-19T09:52:17.543+0000] {logging_mixin.py:190} INFO - [2025-02-19T09:52:17.542+0000] {dagbag.py:587} INFO - Filling up the DagBag from /home/airflow/.local/lib/python3.12/site-packages/airflow/example_dags/example_latest_only.py
[2025-02-19T09:52:17.548+0000] {processor.py:925} INFO - DAG(s) 'latest_only' retrieved from /home/airflow/.local/lib/python3.12/site-packages/airflow/example_dags/example_latest_only.py
[2025-02-19T09:52:17.564+0000] {logging_mixin.py:190} INFO - [2025-02-19T09:52:17.564+0000] {dag.py:3229} INFO - Sync 1 DAGs
[2025-02-19T09:52:17.582+0000] {logging_mixin.py:190} INFO - [2025-02-19T09:52:17.582+0000] {dag.py:4156} INFO - Setting next_dagrun for latest_only to 2025-02-19 04:00:00+00:00, run_after=2025-02-19 08:00:00+00:00
[2025-02-19T09:52:17.597+0000] {processor.py:208} INFO - Processing /home/airflow/.local/lib/python3.12/site-packages/airflow/example_dags/example_latest_only.py took 0.061 seconds
[2025-02-19T09:52:47.883+0000] {processor.py:186} INFO - Started process (PID=1907) to work on /home/airflow/.local/lib/python3.12/site-packages/airflow/example_dags/example_latest_only.py
[2025-02-19T09:52:47.884+0000] {processor.py:914} INFO - Processing file /home/airflow/.local/lib/python3.12/site-packages/airflow/example_dags/example_latest_only.py for tasks to queue
[2025-02-19T09:52:47.886+0000] {logging_mixin.py:190} INFO - [2025-02-19T09:52:47.886+0000] {dagbag.py:587} INFO - Filling up the DagBag from /home/airflow/.local/lib/python3.12/site-packages/airflow/example_dags/example_latest_only.py
[2025-02-19T09:52:47.892+0000] {processor.py:925} INFO - DAG(s) 'latest_only' retrieved from /home/airflow/.local/lib/python3.12/site-packages/airflow/example_dags/example_latest_only.py
[2025-02-19T09:52:47.910+0000] {logging_mixin.py:190} INFO - [2025-02-19T09:52:47.909+0000] {dag.py:3229} INFO - Sync 1 DAGs
[2025-02-19T09:52:47.929+0000] {logging_mixin.py:190} INFO - [2025-02-19T09:52:47.929+0000] {dag.py:4156} INFO - Setting next_dagrun for latest_only to 2025-02-19 04:00:00+00:00, run_after=2025-02-19 08:00:00+00:00
[2025-02-19T09:52:47.945+0000] {processor.py:208} INFO - Processing /home/airflow/.local/lib/python3.12/site-packages/airflow/example_dags/example_latest_only.py took 0.066 seconds
[2025-02-19T09:53:18.116+0000] {processor.py:186} INFO - Started process (PID=1971) to work on /home/airflow/.local/lib/python3.12/site-packages/airflow/example_dags/example_latest_only.py
[2025-02-19T09:53:18.117+0000] {processor.py:914} INFO - Processing file /home/airflow/.local/lib/python3.12/site-packages/airflow/example_dags/example_latest_only.py for tasks to queue
[2025-02-19T09:53:18.120+0000] {logging_mixin.py:190} INFO - [2025-02-19T09:53:18.119+0000] {dagbag.py:587} INFO - Filling up the DagBag from /home/airflow/.local/lib/python3.12/site-packages/airflow/example_dags/example_latest_only.py
[2025-02-19T09:53:18.125+0000] {processor.py:925} INFO - DAG(s) 'latest_only' retrieved from /home/airflow/.local/lib/python3.12/site-packages/airflow/example_dags/example_latest_only.py
[2025-02-19T09:53:18.144+0000] {logging_mixin.py:190} INFO - [2025-02-19T09:53:18.144+0000] {dag.py:3229} INFO - Sync 1 DAGs
[2025-02-19T09:53:18.167+0000] {logging_mixin.py:190} INFO - [2025-02-19T09:53:18.167+0000] {dag.py:4156} INFO - Setting next_dagrun for latest_only to 2025-02-19 04:00:00+00:00, run_after=2025-02-19 08:00:00+00:00
[2025-02-19T09:53:18.186+0000] {processor.py:208} INFO - Processing /home/airflow/.local/lib/python3.12/site-packages/airflow/example_dags/example_latest_only.py took 0.074 seconds
[2025-02-19T09:53:48.374+0000] {processor.py:186} INFO - Started process (PID=2035) to work on /home/airflow/.local/lib/python3.12/site-packages/airflow/example_dags/example_latest_only.py
[2025-02-19T09:53:48.375+0000] {processor.py:914} INFO - Processing file /home/airflow/.local/lib/python3.12/site-packages/airflow/example_dags/example_latest_only.py for tasks to queue
[2025-02-19T09:53:48.377+0000] {logging_mixin.py:190} INFO - [2025-02-19T09:53:48.376+0000] {dagbag.py:587} INFO - Filling up the DagBag from /home/airflow/.local/lib/python3.12/site-packages/airflow/example_dags/example_latest_only.py
[2025-02-19T09:53:48.382+0000] {processor.py:925} INFO - DAG(s) 'latest_only' retrieved from /home/airflow/.local/lib/python3.12/site-packages/airflow/example_dags/example_latest_only.py
[2025-02-19T09:53:48.398+0000] {logging_mixin.py:190} INFO - [2025-02-19T09:53:48.397+0000] {dag.py:3229} INFO - Sync 1 DAGs
[2025-02-19T09:53:48.414+0000] {logging_mixin.py:190} INFO - [2025-02-19T09:53:48.414+0000] {dag.py:4156} INFO - Setting next_dagrun for latest_only to 2025-02-19 04:00:00+00:00, run_after=2025-02-19 08:00:00+00:00
[2025-02-19T09:53:48.426+0000] {processor.py:208} INFO - Processing /home/airflow/.local/lib/python3.12/site-packages/airflow/example_dags/example_latest_only.py took 0.057 seconds
[2025-02-19T09:54:18.834+0000] {processor.py:186} INFO - Started process (PID=2099) to work on /home/airflow/.local/lib/python3.12/site-packages/airflow/example_dags/example_latest_only.py
[2025-02-19T09:54:18.835+0000] {processor.py:914} INFO - Processing file /home/airflow/.local/lib/python3.12/site-packages/airflow/example_dags/example_latest_only.py for tasks to queue
[2025-02-19T09:54:18.837+0000] {logging_mixin.py:190} INFO - [2025-02-19T09:54:18.837+0000] {dagbag.py:587} INFO - Filling up the DagBag from /home/airflow/.local/lib/python3.12/site-packages/airflow/example_dags/example_latest_only.py
[2025-02-19T09:54:18.842+0000] {processor.py:925} INFO - DAG(s) 'latest_only' retrieved from /home/airflow/.local/lib/python3.12/site-packages/airflow/example_dags/example_latest_only.py
[2025-02-19T09:54:18.861+0000] {logging_mixin.py:190} INFO - [2025-02-19T09:54:18.860+0000] {dag.py:3229} INFO - Sync 1 DAGs
[2025-02-19T09:54:18.883+0000] {logging_mixin.py:190} INFO - [2025-02-19T09:54:18.883+0000] {dag.py:4156} INFO - Setting next_dagrun for latest_only to 2025-02-19 04:00:00+00:00, run_after=2025-02-19 08:00:00+00:00
[2025-02-19T09:54:18.902+0000] {processor.py:208} INFO - Processing /home/airflow/.local/lib/python3.12/site-packages/airflow/example_dags/example_latest_only.py took 0.073 seconds
[2025-02-19T09:54:49.053+0000] {processor.py:186} INFO - Started process (PID=2163) to work on /home/airflow/.local/lib/python3.12/site-packages/airflow/example_dags/example_latest_only.py
[2025-02-19T09:54:49.054+0000] {processor.py:914} INFO - Processing file /home/airflow/.local/lib/python3.12/site-packages/airflow/example_dags/example_latest_only.py for tasks to queue
[2025-02-19T09:54:49.056+0000] {logging_mixin.py:190} INFO - [2025-02-19T09:54:49.055+0000] {dagbag.py:587} INFO - Filling up the DagBag from /home/airflow/.local/lib/python3.12/site-packages/airflow/example_dags/example_latest_only.py
[2025-02-19T09:54:49.061+0000] {processor.py:925} INFO - DAG(s) 'latest_only' retrieved from /home/airflow/.local/lib/python3.12/site-packages/airflow/example_dags/example_latest_only.py
[2025-02-19T09:54:49.078+0000] {logging_mixin.py:190} INFO - [2025-02-19T09:54:49.077+0000] {dag.py:3229} INFO - Sync 1 DAGs
[2025-02-19T09:54:49.096+0000] {logging_mixin.py:190} INFO - [2025-02-19T09:54:49.096+0000] {dag.py:4156} INFO - Setting next_dagrun for latest_only to 2025-02-19 04:00:00+00:00, run_after=2025-02-19 08:00:00+00:00
[2025-02-19T09:54:49.110+0000] {processor.py:208} INFO - Processing /home/airflow/.local/lib/python3.12/site-packages/airflow/example_dags/example_latest_only.py took 0.062 seconds
[2025-02-19T09:55:19.424+0000] {processor.py:186} INFO - Started process (PID=2228) to work on /home/airflow/.local/lib/python3.12/site-packages/airflow/example_dags/example_latest_only.py
[2025-02-19T09:55:19.425+0000] {processor.py:914} INFO - Processing file /home/airflow/.local/lib/python3.12/site-packages/airflow/example_dags/example_latest_only.py for tasks to queue
[2025-02-19T09:55:19.427+0000] {logging_mixin.py:190} INFO - [2025-02-19T09:55:19.427+0000] {dagbag.py:587} INFO - Filling up the DagBag from /home/airflow/.local/lib/python3.12/site-packages/airflow/example_dags/example_latest_only.py
[2025-02-19T09:55:19.433+0000] {processor.py:925} INFO - DAG(s) 'latest_only' retrieved from /home/airflow/.local/lib/python3.12/site-packages/airflow/example_dags/example_latest_only.py
[2025-02-19T09:55:19.451+0000] {logging_mixin.py:190} INFO - [2025-02-19T09:55:19.450+0000] {dag.py:3229} INFO - Sync 1 DAGs
[2025-02-19T09:55:19.469+0000] {logging_mixin.py:190} INFO - [2025-02-19T09:55:19.469+0000] {dag.py:4156} INFO - Setting next_dagrun for latest_only to 2025-02-19 04:00:00+00:00, run_after=2025-02-19 08:00:00+00:00
[2025-02-19T09:55:19.483+0000] {processor.py:208} INFO - Processing /home/airflow/.local/lib/python3.12/site-packages/airflow/example_dags/example_latest_only.py took 0.063 seconds
[2025-02-19T09:55:49.772+0000] {processor.py:186} INFO - Started process (PID=2292) to work on /home/airflow/.local/lib/python3.12/site-packages/airflow/example_dags/example_latest_only.py
[2025-02-19T09:55:49.773+0000] {processor.py:914} INFO - Processing file /home/airflow/.local/lib/python3.12/site-packages/airflow/example_dags/example_latest_only.py for tasks to queue
[2025-02-19T09:55:49.775+0000] {logging_mixin.py:190} INFO - [2025-02-19T09:55:49.775+0000] {dagbag.py:587} INFO - Filling up the DagBag from /home/airflow/.local/lib/python3.12/site-packages/airflow/example_dags/example_latest_only.py
[2025-02-19T09:55:49.780+0000] {processor.py:925} INFO - DAG(s) 'latest_only' retrieved from /home/airflow/.local/lib/python3.12/site-packages/airflow/example_dags/example_latest_only.py
[2025-02-19T09:55:49.798+0000] {logging_mixin.py:190} INFO - [2025-02-19T09:55:49.797+0000] {dag.py:3229} INFO - Sync 1 DAGs
[2025-02-19T09:55:49.816+0000] {logging_mixin.py:190} INFO - [2025-02-19T09:55:49.815+0000] {dag.py:4156} INFO - Setting next_dagrun for latest_only to 2025-02-19 04:00:00+00:00, run_after=2025-02-19 08:00:00+00:00
[2025-02-19T09:55:49.831+0000] {processor.py:208} INFO - Processing /home/airflow/.local/lib/python3.12/site-packages/airflow/example_dags/example_latest_only.py took 0.063 seconds
[2025-02-19T09:56:20.140+0000] {processor.py:186} INFO - Started process (PID=2356) to work on /home/airflow/.local/lib/python3.12/site-packages/airflow/example_dags/example_latest_only.py
[2025-02-19T09:56:20.141+0000] {processor.py:914} INFO - Processing file /home/airflow/.local/lib/python3.12/site-packages/airflow/example_dags/example_latest_only.py for tasks to queue
[2025-02-19T09:56:20.143+0000] {logging_mixin.py:190} INFO - [2025-02-19T09:56:20.143+0000] {dagbag.py:587} INFO - Filling up the DagBag from /home/airflow/.local/lib/python3.12/site-packages/airflow/example_dags/example_latest_only.py
[2025-02-19T09:56:20.148+0000] {processor.py:925} INFO - DAG(s) 'latest_only' retrieved from /home/airflow/.local/lib/python3.12/site-packages/airflow/example_dags/example_latest_only.py
[2025-02-19T09:56:20.166+0000] {logging_mixin.py:190} INFO - [2025-02-19T09:56:20.165+0000] {dag.py:3229} INFO - Sync 1 DAGs
[2025-02-19T09:56:20.183+0000] {logging_mixin.py:190} INFO - [2025-02-19T09:56:20.182+0000] {dag.py:4156} INFO - Setting next_dagrun for latest_only to 2025-02-19 04:00:00+00:00, run_after=2025-02-19 08:00:00+00:00
[2025-02-19T09:56:20.197+0000] {processor.py:208} INFO - Processing /home/airflow/.local/lib/python3.12/site-packages/airflow/example_dags/example_latest_only.py took 0.061 seconds
[2025-02-19T09:56:50.652+0000] {processor.py:186} INFO - Started process (PID=2421) to work on /home/airflow/.local/lib/python3.12/site-packages/airflow/example_dags/example_latest_only.py
[2025-02-19T09:56:50.653+0000] {processor.py:914} INFO - Processing file /home/airflow/.local/lib/python3.12/site-packages/airflow/example_dags/example_latest_only.py for tasks to queue
[2025-02-19T09:56:50.655+0000] {logging_mixin.py:190} INFO - [2025-02-19T09:56:50.655+0000] {dagbag.py:587} INFO - Filling up the DagBag from /home/airflow/.local/lib/python3.12/site-packages/airflow/example_dags/example_latest_only.py
[2025-02-19T09:56:50.660+0000] {processor.py:925} INFO - DAG(s) 'latest_only' retrieved from /home/airflow/.local/lib/python3.12/site-packages/airflow/example_dags/example_latest_only.py
[2025-02-19T09:56:50.677+0000] {logging_mixin.py:190} INFO - [2025-02-19T09:56:50.677+0000] {dag.py:3229} INFO - Sync 1 DAGs
[2025-02-19T09:56:50.695+0000] {logging_mixin.py:190} INFO - [2025-02-19T09:56:50.695+0000] {dag.py:4156} INFO - Setting next_dagrun for latest_only to 2025-02-19 04:00:00+00:00, run_after=2025-02-19 08:00:00+00:00
[2025-02-19T09:56:50.710+0000] {processor.py:208} INFO - Processing /home/airflow/.local/lib/python3.12/site-packages/airflow/example_dags/example_latest_only.py took 0.062 seconds
[2025-02-19T09:57:21.711+0000] {processor.py:186} INFO - Started process (PID=2485) to work on /home/airflow/.local/lib/python3.12/site-packages/airflow/example_dags/example_latest_only.py
[2025-02-19T09:57:21.712+0000] {processor.py:914} INFO - Processing file /home/airflow/.local/lib/python3.12/site-packages/airflow/example_dags/example_latest_only.py for tasks to queue
[2025-02-19T09:57:21.714+0000] {logging_mixin.py:190} INFO - [2025-02-19T09:57:21.713+0000] {dagbag.py:587} INFO - Filling up the DagBag from /home/airflow/.local/lib/python3.12/site-packages/airflow/example_dags/example_latest_only.py
[2025-02-19T09:57:21.720+0000] {processor.py:925} INFO - DAG(s) 'latest_only' retrieved from /home/airflow/.local/lib/python3.12/site-packages/airflow/example_dags/example_latest_only.py
[2025-02-19T09:57:21.739+0000] {logging_mixin.py:190} INFO - [2025-02-19T09:57:21.738+0000] {dag.py:3229} INFO - Sync 1 DAGs
[2025-02-19T09:57:21.759+0000] {logging_mixin.py:190} INFO - [2025-02-19T09:57:21.759+0000] {dag.py:4156} INFO - Setting next_dagrun for latest_only to 2025-02-19 04:00:00+00:00, run_after=2025-02-19 08:00:00+00:00
[2025-02-19T09:57:21.779+0000] {processor.py:208} INFO - Processing /home/airflow/.local/lib/python3.12/site-packages/airflow/example_dags/example_latest_only.py took 0.074 seconds
[2025-02-19T09:57:52.029+0000] {processor.py:186} INFO - Started process (PID=2549) to work on /home/airflow/.local/lib/python3.12/site-packages/airflow/example_dags/example_latest_only.py
[2025-02-19T09:57:52.030+0000] {processor.py:914} INFO - Processing file /home/airflow/.local/lib/python3.12/site-packages/airflow/example_dags/example_latest_only.py for tasks to queue
[2025-02-19T09:57:52.032+0000] {logging_mixin.py:190} INFO - [2025-02-19T09:57:52.032+0000] {dagbag.py:587} INFO - Filling up the DagBag from /home/airflow/.local/lib/python3.12/site-packages/airflow/example_dags/example_latest_only.py
[2025-02-19T09:57:52.037+0000] {processor.py:925} INFO - DAG(s) 'latest_only' retrieved from /home/airflow/.local/lib/python3.12/site-packages/airflow/example_dags/example_latest_only.py
[2025-02-19T09:57:52.052+0000] {logging_mixin.py:190} INFO - [2025-02-19T09:57:52.052+0000] {dag.py:3229} INFO - Sync 1 DAGs
[2025-02-19T09:57:52.071+0000] {logging_mixin.py:190} INFO - [2025-02-19T09:57:52.070+0000] {dag.py:4156} INFO - Setting next_dagrun for latest_only to 2025-02-19 04:00:00+00:00, run_after=2025-02-19 08:00:00+00:00
[2025-02-19T09:57:52.085+0000] {processor.py:208} INFO - Processing /home/airflow/.local/lib/python3.12/site-packages/airflow/example_dags/example_latest_only.py took 0.060 seconds
[2025-02-19T09:58:22.784+0000] {processor.py:186} INFO - Started process (PID=2614) to work on /home/airflow/.local/lib/python3.12/site-packages/airflow/example_dags/example_latest_only.py
[2025-02-19T09:58:22.785+0000] {processor.py:914} INFO - Processing file /home/airflow/.local/lib/python3.12/site-packages/airflow/example_dags/example_latest_only.py for tasks to queue
[2025-02-19T09:58:22.787+0000] {logging_mixin.py:190} INFO - [2025-02-19T09:58:22.787+0000] {dagbag.py:587} INFO - Filling up the DagBag from /home/airflow/.local/lib/python3.12/site-packages/airflow/example_dags/example_latest_only.py
[2025-02-19T09:58:22.793+0000] {processor.py:925} INFO - DAG(s) 'latest_only' retrieved from /home/airflow/.local/lib/python3.12/site-packages/airflow/example_dags/example_latest_only.py
[2025-02-19T09:58:22.810+0000] {logging_mixin.py:190} INFO - [2025-02-19T09:58:22.809+0000] {dag.py:3229} INFO - Sync 1 DAGs
[2025-02-19T09:58:22.829+0000] {logging_mixin.py:190} INFO - [2025-02-19T09:58:22.829+0000] {dag.py:4156} INFO - Setting next_dagrun for latest_only to 2025-02-19 04:00:00+00:00, run_after=2025-02-19 08:00:00+00:00
[2025-02-19T09:58:22.843+0000] {processor.py:208} INFO - Processing /home/airflow/.local/lib/python3.12/site-packages/airflow/example_dags/example_latest_only.py took 0.063 seconds
[2025-02-19T09:58:53.949+0000] {processor.py:186} INFO - Started process (PID=2683) to work on /home/airflow/.local/lib/python3.12/site-packages/airflow/example_dags/example_latest_only.py
[2025-02-19T09:58:53.950+0000] {processor.py:914} INFO - Processing file /home/airflow/.local/lib/python3.12/site-packages/airflow/example_dags/example_latest_only.py for tasks to queue
[2025-02-19T09:58:53.952+0000] {logging_mixin.py:190} INFO - [2025-02-19T09:58:53.951+0000] {dagbag.py:587} INFO - Filling up the DagBag from /home/airflow/.local/lib/python3.12/site-packages/airflow/example_dags/example_latest_only.py
[2025-02-19T09:58:53.957+0000] {processor.py:925} INFO - DAG(s) 'latest_only' retrieved from /home/airflow/.local/lib/python3.12/site-packages/airflow/example_dags/example_latest_only.py
[2025-02-19T09:58:53.976+0000] {logging_mixin.py:190} INFO - [2025-02-19T09:58:53.976+0000] {dag.py:3229} INFO - Sync 1 DAGs
[2025-02-19T09:58:53.997+0000] {logging_mixin.py:190} INFO - [2025-02-19T09:58:53.996+0000] {dag.py:4156} INFO - Setting next_dagrun for latest_only to 2025-02-19 04:00:00+00:00, run_after=2025-02-19 08:00:00+00:00
[2025-02-19T09:58:54.013+0000] {processor.py:208} INFO - Processing /home/airflow/.local/lib/python3.12/site-packages/airflow/example_dags/example_latest_only.py took 0.069 seconds
[2025-02-19T09:59:25.065+0000] {processor.py:186} INFO - Started process (PID=2747) to work on /home/airflow/.local/lib/python3.12/site-packages/airflow/example_dags/example_latest_only.py
[2025-02-19T09:59:25.066+0000] {processor.py:914} INFO - Processing file /home/airflow/.local/lib/python3.12/site-packages/airflow/example_dags/example_latest_only.py for tasks to queue
[2025-02-19T09:59:25.068+0000] {logging_mixin.py:190} INFO - [2025-02-19T09:59:25.068+0000] {dagbag.py:587} INFO - Filling up the DagBag from /home/airflow/.local/lib/python3.12/site-packages/airflow/example_dags/example_latest_only.py
[2025-02-19T09:59:25.074+0000] {processor.py:925} INFO - DAG(s) 'latest_only' retrieved from /home/airflow/.local/lib/python3.12/site-packages/airflow/example_dags/example_latest_only.py
[2025-02-19T09:59:25.091+0000] {logging_mixin.py:190} INFO - [2025-02-19T09:59:25.090+0000] {dag.py:3229} INFO - Sync 1 DAGs
[2025-02-19T09:59:25.111+0000] {logging_mixin.py:190} INFO - [2025-02-19T09:59:25.111+0000] {dag.py:4156} INFO - Setting next_dagrun for latest_only to 2025-02-19 04:00:00+00:00, run_after=2025-02-19 08:00:00+00:00
[2025-02-19T09:59:25.127+0000] {processor.py:208} INFO - Processing /home/airflow/.local/lib/python3.12/site-packages/airflow/example_dags/example_latest_only.py took 0.067 seconds
[2025-02-19T10:23:14.246+0000] {logging_mixin.py:190} INFO - [2025-02-19T10:23:14.246+0000] {settings.py:475} DEBUG - Setting up DB connection pool (PID 96)
[2025-02-19T10:23:14.247+0000] {logging_mixin.py:190} INFO - [2025-02-19T10:23:14.247+0000] {settings.py:579} DEBUG - settings.prepare_engine_args(): Using pool settings. pool_size=5, max_overflow=10, pool_recycle=1800, pid=96
[2025-02-19T10:23:14.252+0000] {processor.py:186} INFO - Started process (PID=96) to work on /home/airflow/.local/lib/python3.12/site-packages/airflow/example_dags/example_latest_only.py
[2025-02-19T10:23:14.253+0000] {processor.py:914} INFO - Processing file /home/airflow/.local/lib/python3.12/site-packages/airflow/example_dags/example_latest_only.py for tasks to queue
[2025-02-19T10:23:14.253+0000] {logging_mixin.py:190} INFO - [2025-02-19T10:23:14.253+0000] {dagbag.py:587} INFO - Filling up the DagBag from /home/airflow/.local/lib/python3.12/site-packages/airflow/example_dags/example_latest_only.py
[2025-02-19T10:23:14.254+0000] {logging_mixin.py:190} INFO - [2025-02-19T10:23:14.254+0000] {dagbag.py:368} DEBUG - Importing /home/airflow/.local/lib/python3.12/site-packages/airflow/example_dags/example_latest_only.py
[2025-02-19T10:23:14.264+0000] {logging_mixin.py:190} INFO - [2025-02-19T10:23:14.263+0000] {dagbag.py:553} DEBUG - Loaded DAG <DAG: latest_only>
[2025-02-19T10:23:14.264+0000] {processor.py:925} INFO - DAG(s) 'latest_only' retrieved from /home/airflow/.local/lib/python3.12/site-packages/airflow/example_dags/example_latest_only.py
[2025-02-19T10:23:14.265+0000] {logging_mixin.py:190} INFO - [2025-02-19T10:23:14.265+0000] {dagbag.py:710} DEBUG - Running dagbag.sync_to_db with retries. Try 1 of 3
[2025-02-19T10:23:14.265+0000] {logging_mixin.py:190} INFO - [2025-02-19T10:23:14.265+0000] {dagbag.py:715} DEBUG - Calling the DAG.bulk_sync_to_db method
[2025-02-19T10:23:14.276+0000] {logging_mixin.py:190} INFO - [2025-02-19T10:23:14.276+0000] {serialized_dag.py:168} DEBUG - Checking if DAG (latest_only) changed
[2025-02-19T10:23:14.286+0000] {logging_mixin.py:190} INFO - [2025-02-19T10:23:14.286+0000] {serialized_dag.py:179} DEBUG - Serialized DAG (latest_only) is unchanged. Skipping writing to DB
[2025-02-19T10:23:14.286+0000] {logging_mixin.py:190} INFO - [2025-02-19T10:23:14.286+0000] {dag.py:3229} INFO - Sync 1 DAGs
[2025-02-19T10:23:14.308+0000] {logging_mixin.py:190} INFO - [2025-02-19T10:23:14.308+0000] {dag.py:4156} INFO - Setting next_dagrun for latest_only to 2025-02-19 04:00:00+00:00, run_after=2025-02-19 08:00:00+00:00
[2025-02-19T10:23:14.327+0000] {processor.py:208} INFO - Processing /home/airflow/.local/lib/python3.12/site-packages/airflow/example_dags/example_latest_only.py took 0.081 seconds
[2025-02-19T10:23:56.848+0000] {logging_mixin.py:190} INFO - [2025-02-19T10:23:56.848+0000] {settings.py:475} DEBUG - Setting up DB connection pool (PID 160)
[2025-02-19T10:23:56.849+0000] {logging_mixin.py:190} INFO - [2025-02-19T10:23:56.849+0000] {settings.py:579} DEBUG - settings.prepare_engine_args(): Using pool settings. pool_size=5, max_overflow=10, pool_recycle=1800, pid=160
[2025-02-19T10:23:56.854+0000] {processor.py:186} INFO - Started process (PID=160) to work on /home/airflow/.local/lib/python3.12/site-packages/airflow/example_dags/example_latest_only.py
[2025-02-19T10:23:56.854+0000] {processor.py:914} INFO - Processing file /home/airflow/.local/lib/python3.12/site-packages/airflow/example_dags/example_latest_only.py for tasks to queue
[2025-02-19T10:23:56.855+0000] {logging_mixin.py:190} INFO - [2025-02-19T10:23:56.855+0000] {dagbag.py:587} INFO - Filling up the DagBag from /home/airflow/.local/lib/python3.12/site-packages/airflow/example_dags/example_latest_only.py
[2025-02-19T10:23:56.857+0000] {logging_mixin.py:190} INFO - [2025-02-19T10:23:56.856+0000] {dagbag.py:368} DEBUG - Importing /home/airflow/.local/lib/python3.12/site-packages/airflow/example_dags/example_latest_only.py
[2025-02-19T10:23:56.866+0000] {logging_mixin.py:190} INFO - [2025-02-19T10:23:56.865+0000] {dagbag.py:553} DEBUG - Loaded DAG <DAG: latest_only>
[2025-02-19T10:23:56.866+0000] {processor.py:925} INFO - DAG(s) 'latest_only' retrieved from /home/airflow/.local/lib/python3.12/site-packages/airflow/example_dags/example_latest_only.py
[2025-02-19T10:23:56.867+0000] {logging_mixin.py:190} INFO - [2025-02-19T10:23:56.867+0000] {dagbag.py:710} DEBUG - Running dagbag.sync_to_db with retries. Try 1 of 3
[2025-02-19T10:23:56.867+0000] {logging_mixin.py:190} INFO - [2025-02-19T10:23:56.867+0000] {dagbag.py:715} DEBUG - Calling the DAG.bulk_sync_to_db method
[2025-02-19T10:23:56.880+0000] {logging_mixin.py:190} INFO - [2025-02-19T10:23:56.879+0000] {serialized_dag.py:168} DEBUG - Checking if DAG (latest_only) changed
[2025-02-19T10:23:56.889+0000] {logging_mixin.py:190} INFO - [2025-02-19T10:23:56.889+0000] {serialized_dag.py:179} DEBUG - Serialized DAG (latest_only) is unchanged. Skipping writing to DB
[2025-02-19T10:23:56.889+0000] {logging_mixin.py:190} INFO - [2025-02-19T10:23:56.889+0000] {dag.py:3229} INFO - Sync 1 DAGs
[2025-02-19T10:23:56.911+0000] {logging_mixin.py:190} INFO - [2025-02-19T10:23:56.911+0000] {dag.py:4156} INFO - Setting next_dagrun for latest_only to 2025-02-19 04:00:00+00:00, run_after=2025-02-19 08:00:00+00:00
[2025-02-19T10:23:56.930+0000] {processor.py:208} INFO - Processing /home/airflow/.local/lib/python3.12/site-packages/airflow/example_dags/example_latest_only.py took 0.083 seconds
[2025-02-19T10:24:27.178+0000] {logging_mixin.py:190} INFO - [2025-02-19T10:24:27.177+0000] {settings.py:475} DEBUG - Setting up DB connection pool (PID 224)
[2025-02-19T10:24:27.179+0000] {logging_mixin.py:190} INFO - [2025-02-19T10:24:27.179+0000] {settings.py:579} DEBUG - settings.prepare_engine_args(): Using pool settings. pool_size=5, max_overflow=10, pool_recycle=1800, pid=224
[2025-02-19T10:24:27.183+0000] {processor.py:186} INFO - Started process (PID=224) to work on /home/airflow/.local/lib/python3.12/site-packages/airflow/example_dags/example_latest_only.py
[2025-02-19T10:24:27.183+0000] {processor.py:914} INFO - Processing file /home/airflow/.local/lib/python3.12/site-packages/airflow/example_dags/example_latest_only.py for tasks to queue
[2025-02-19T10:24:27.184+0000] {logging_mixin.py:190} INFO - [2025-02-19T10:24:27.183+0000] {dagbag.py:587} INFO - Filling up the DagBag from /home/airflow/.local/lib/python3.12/site-packages/airflow/example_dags/example_latest_only.py
[2025-02-19T10:24:27.184+0000] {logging_mixin.py:190} INFO - [2025-02-19T10:24:27.184+0000] {dagbag.py:368} DEBUG - Importing /home/airflow/.local/lib/python3.12/site-packages/airflow/example_dags/example_latest_only.py
[2025-02-19T10:24:27.190+0000] {logging_mixin.py:190} INFO - [2025-02-19T10:24:27.190+0000] {dagbag.py:553} DEBUG - Loaded DAG <DAG: latest_only>
[2025-02-19T10:24:27.190+0000] {processor.py:925} INFO - DAG(s) 'latest_only' retrieved from /home/airflow/.local/lib/python3.12/site-packages/airflow/example_dags/example_latest_only.py
[2025-02-19T10:24:27.191+0000] {logging_mixin.py:190} INFO - [2025-02-19T10:24:27.191+0000] {dagbag.py:710} DEBUG - Running dagbag.sync_to_db with retries. Try 1 of 3
[2025-02-19T10:24:27.191+0000] {logging_mixin.py:190} INFO - [2025-02-19T10:24:27.191+0000] {dagbag.py:715} DEBUG - Calling the DAG.bulk_sync_to_db method
[2025-02-19T10:24:27.201+0000] {logging_mixin.py:190} INFO - [2025-02-19T10:24:27.201+0000] {serialized_dag.py:168} DEBUG - Checking if DAG (latest_only) changed
[2025-02-19T10:24:27.209+0000] {logging_mixin.py:190} INFO - [2025-02-19T10:24:27.209+0000] {serialized_dag.py:179} DEBUG - Serialized DAG (latest_only) is unchanged. Skipping writing to DB
[2025-02-19T10:24:27.209+0000] {logging_mixin.py:190} INFO - [2025-02-19T10:24:27.209+0000] {dag.py:3229} INFO - Sync 1 DAGs
[2025-02-19T10:24:27.229+0000] {logging_mixin.py:190} INFO - [2025-02-19T10:24:27.228+0000] {dag.py:4156} INFO - Setting next_dagrun for latest_only to 2025-02-19 04:00:00+00:00, run_after=2025-02-19 08:00:00+00:00
[2025-02-19T10:24:27.244+0000] {processor.py:208} INFO - Processing /home/airflow/.local/lib/python3.12/site-packages/airflow/example_dags/example_latest_only.py took 0.067 seconds
[2025-02-19T10:24:57.936+0000] {logging_mixin.py:190} INFO - [2025-02-19T10:24:57.935+0000] {settings.py:475} DEBUG - Setting up DB connection pool (PID 293)
[2025-02-19T10:24:57.937+0000] {logging_mixin.py:190} INFO - [2025-02-19T10:24:57.937+0000] {settings.py:579} DEBUG - settings.prepare_engine_args(): Using pool settings. pool_size=5, max_overflow=10, pool_recycle=1800, pid=293
[2025-02-19T10:24:57.942+0000] {processor.py:186} INFO - Started process (PID=293) to work on /home/airflow/.local/lib/python3.12/site-packages/airflow/example_dags/example_latest_only.py
[2025-02-19T10:24:57.942+0000] {processor.py:914} INFO - Processing file /home/airflow/.local/lib/python3.12/site-packages/airflow/example_dags/example_latest_only.py for tasks to queue
[2025-02-19T10:24:57.943+0000] {logging_mixin.py:190} INFO - [2025-02-19T10:24:57.943+0000] {dagbag.py:587} INFO - Filling up the DagBag from /home/airflow/.local/lib/python3.12/site-packages/airflow/example_dags/example_latest_only.py
[2025-02-19T10:24:57.944+0000] {logging_mixin.py:190} INFO - [2025-02-19T10:24:57.944+0000] {dagbag.py:368} DEBUG - Importing /home/airflow/.local/lib/python3.12/site-packages/airflow/example_dags/example_latest_only.py
[2025-02-19T10:24:57.950+0000] {logging_mixin.py:190} INFO - [2025-02-19T10:24:57.949+0000] {dagbag.py:553} DEBUG - Loaded DAG <DAG: latest_only>
[2025-02-19T10:24:57.950+0000] {processor.py:925} INFO - DAG(s) 'latest_only' retrieved from /home/airflow/.local/lib/python3.12/site-packages/airflow/example_dags/example_latest_only.py
[2025-02-19T10:24:57.950+0000] {logging_mixin.py:190} INFO - [2025-02-19T10:24:57.950+0000] {dagbag.py:710} DEBUG - Running dagbag.sync_to_db with retries. Try 1 of 3
[2025-02-19T10:24:57.951+0000] {logging_mixin.py:190} INFO - [2025-02-19T10:24:57.951+0000] {dagbag.py:715} DEBUG - Calling the DAG.bulk_sync_to_db method
[2025-02-19T10:24:57.962+0000] {logging_mixin.py:190} INFO - [2025-02-19T10:24:57.962+0000] {serialized_dag.py:168} DEBUG - Checking if DAG (latest_only) changed
[2025-02-19T10:24:57.970+0000] {logging_mixin.py:190} INFO - [2025-02-19T10:24:57.970+0000] {serialized_dag.py:179} DEBUG - Serialized DAG (latest_only) is unchanged. Skipping writing to DB
[2025-02-19T10:24:57.970+0000] {logging_mixin.py:190} INFO - [2025-02-19T10:24:57.970+0000] {dag.py:3229} INFO - Sync 1 DAGs
[2025-02-19T10:24:57.990+0000] {logging_mixin.py:190} INFO - [2025-02-19T10:24:57.989+0000] {dag.py:4156} INFO - Setting next_dagrun for latest_only to 2025-02-19 04:00:00+00:00, run_after=2025-02-19 08:00:00+00:00
[2025-02-19T10:24:58.007+0000] {processor.py:208} INFO - Processing /home/airflow/.local/lib/python3.12/site-packages/airflow/example_dags/example_latest_only.py took 0.072 seconds
[2025-02-19T10:25:28.226+0000] {logging_mixin.py:190} INFO - [2025-02-19T10:25:28.226+0000] {settings.py:475} DEBUG - Setting up DB connection pool (PID 357)
[2025-02-19T10:25:28.228+0000] {logging_mixin.py:190} INFO - [2025-02-19T10:25:28.227+0000] {settings.py:579} DEBUG - settings.prepare_engine_args(): Using pool settings. pool_size=5, max_overflow=10, pool_recycle=1800, pid=357
[2025-02-19T10:25:28.232+0000] {processor.py:186} INFO - Started process (PID=357) to work on /home/airflow/.local/lib/python3.12/site-packages/airflow/example_dags/example_latest_only.py
[2025-02-19T10:25:28.232+0000] {processor.py:914} INFO - Processing file /home/airflow/.local/lib/python3.12/site-packages/airflow/example_dags/example_latest_only.py for tasks to queue
[2025-02-19T10:25:28.233+0000] {logging_mixin.py:190} INFO - [2025-02-19T10:25:28.233+0000] {dagbag.py:587} INFO - Filling up the DagBag from /home/airflow/.local/lib/python3.12/site-packages/airflow/example_dags/example_latest_only.py
[2025-02-19T10:25:28.233+0000] {logging_mixin.py:190} INFO - [2025-02-19T10:25:28.233+0000] {dagbag.py:368} DEBUG - Importing /home/airflow/.local/lib/python3.12/site-packages/airflow/example_dags/example_latest_only.py
[2025-02-19T10:25:28.239+0000] {logging_mixin.py:190} INFO - [2025-02-19T10:25:28.239+0000] {dagbag.py:553} DEBUG - Loaded DAG <DAG: latest_only>
[2025-02-19T10:25:28.240+0000] {processor.py:925} INFO - DAG(s) 'latest_only' retrieved from /home/airflow/.local/lib/python3.12/site-packages/airflow/example_dags/example_latest_only.py
[2025-02-19T10:25:28.240+0000] {logging_mixin.py:190} INFO - [2025-02-19T10:25:28.240+0000] {dagbag.py:710} DEBUG - Running dagbag.sync_to_db with retries. Try 1 of 3
[2025-02-19T10:25:28.240+0000] {logging_mixin.py:190} INFO - [2025-02-19T10:25:28.240+0000] {dagbag.py:715} DEBUG - Calling the DAG.bulk_sync_to_db method
[2025-02-19T10:25:28.251+0000] {logging_mixin.py:190} INFO - [2025-02-19T10:25:28.251+0000] {serialized_dag.py:168} DEBUG - Checking if DAG (latest_only) changed
[2025-02-19T10:25:28.259+0000] {logging_mixin.py:190} INFO - [2025-02-19T10:25:28.258+0000] {serialized_dag.py:179} DEBUG - Serialized DAG (latest_only) is unchanged. Skipping writing to DB
[2025-02-19T10:25:28.259+0000] {logging_mixin.py:190} INFO - [2025-02-19T10:25:28.259+0000] {dag.py:3229} INFO - Sync 1 DAGs
[2025-02-19T10:25:28.281+0000] {logging_mixin.py:190} INFO - [2025-02-19T10:25:28.280+0000] {dag.py:4156} INFO - Setting next_dagrun for latest_only to 2025-02-19 04:00:00+00:00, run_after=2025-02-19 08:00:00+00:00
[2025-02-19T10:25:28.299+0000] {processor.py:208} INFO - Processing /home/airflow/.local/lib/python3.12/site-packages/airflow/example_dags/example_latest_only.py took 0.073 seconds
[2025-02-19T10:25:58.968+0000] {logging_mixin.py:190} INFO - [2025-02-19T10:25:58.967+0000] {settings.py:475} DEBUG - Setting up DB connection pool (PID 421)
[2025-02-19T10:25:58.969+0000] {logging_mixin.py:190} INFO - [2025-02-19T10:25:58.969+0000] {settings.py:579} DEBUG - settings.prepare_engine_args(): Using pool settings. pool_size=5, max_overflow=10, pool_recycle=1800, pid=421
[2025-02-19T10:25:58.973+0000] {processor.py:186} INFO - Started process (PID=421) to work on /home/airflow/.local/lib/python3.12/site-packages/airflow/example_dags/example_latest_only.py
[2025-02-19T10:25:58.974+0000] {processor.py:914} INFO - Processing file /home/airflow/.local/lib/python3.12/site-packages/airflow/example_dags/example_latest_only.py for tasks to queue
[2025-02-19T10:25:58.974+0000] {logging_mixin.py:190} INFO - [2025-02-19T10:25:58.974+0000] {dagbag.py:587} INFO - Filling up the DagBag from /home/airflow/.local/lib/python3.12/site-packages/airflow/example_dags/example_latest_only.py
[2025-02-19T10:25:58.975+0000] {logging_mixin.py:190} INFO - [2025-02-19T10:25:58.975+0000] {dagbag.py:368} DEBUG - Importing /home/airflow/.local/lib/python3.12/site-packages/airflow/example_dags/example_latest_only.py
[2025-02-19T10:25:58.982+0000] {logging_mixin.py:190} INFO - [2025-02-19T10:25:58.981+0000] {dagbag.py:553} DEBUG - Loaded DAG <DAG: latest_only>
[2025-02-19T10:25:58.982+0000] {processor.py:925} INFO - DAG(s) 'latest_only' retrieved from /home/airflow/.local/lib/python3.12/site-packages/airflow/example_dags/example_latest_only.py
[2025-02-19T10:25:58.982+0000] {logging_mixin.py:190} INFO - [2025-02-19T10:25:58.982+0000] {dagbag.py:710} DEBUG - Running dagbag.sync_to_db with retries. Try 1 of 3
[2025-02-19T10:25:58.983+0000] {logging_mixin.py:190} INFO - [2025-02-19T10:25:58.983+0000] {dagbag.py:715} DEBUG - Calling the DAG.bulk_sync_to_db method
[2025-02-19T10:25:58.992+0000] {logging_mixin.py:190} INFO - [2025-02-19T10:25:58.992+0000] {serialized_dag.py:168} DEBUG - Checking if DAG (latest_only) changed
[2025-02-19T10:25:59.000+0000] {logging_mixin.py:190} INFO - [2025-02-19T10:25:59.000+0000] {serialized_dag.py:179} DEBUG - Serialized DAG (latest_only) is unchanged. Skipping writing to DB
[2025-02-19T10:25:59.000+0000] {logging_mixin.py:190} INFO - [2025-02-19T10:25:59.000+0000] {dag.py:3229} INFO - Sync 1 DAGs
[2025-02-19T10:25:59.021+0000] {logging_mixin.py:190} INFO - [2025-02-19T10:25:59.021+0000] {dag.py:4156} INFO - Setting next_dagrun for latest_only to 2025-02-19 04:00:00+00:00, run_after=2025-02-19 08:00:00+00:00
[2025-02-19T10:25:59.039+0000] {processor.py:208} INFO - Processing /home/airflow/.local/lib/python3.12/site-packages/airflow/example_dags/example_latest_only.py took 0.071 seconds
[2025-02-19T10:26:29.631+0000] {logging_mixin.py:190} INFO - [2025-02-19T10:26:29.630+0000] {settings.py:475} DEBUG - Setting up DB connection pool (PID 485)
[2025-02-19T10:26:29.632+0000] {logging_mixin.py:190} INFO - [2025-02-19T10:26:29.632+0000] {settings.py:579} DEBUG - settings.prepare_engine_args(): Using pool settings. pool_size=5, max_overflow=10, pool_recycle=1800, pid=485
[2025-02-19T10:26:29.637+0000] {processor.py:186} INFO - Started process (PID=485) to work on /home/airflow/.local/lib/python3.12/site-packages/airflow/example_dags/example_latest_only.py
[2025-02-19T10:26:29.637+0000] {processor.py:914} INFO - Processing file /home/airflow/.local/lib/python3.12/site-packages/airflow/example_dags/example_latest_only.py for tasks to queue
[2025-02-19T10:26:29.638+0000] {logging_mixin.py:190} INFO - [2025-02-19T10:26:29.638+0000] {dagbag.py:587} INFO - Filling up the DagBag from /home/airflow/.local/lib/python3.12/site-packages/airflow/example_dags/example_latest_only.py
[2025-02-19T10:26:29.639+0000] {logging_mixin.py:190} INFO - [2025-02-19T10:26:29.639+0000] {dagbag.py:368} DEBUG - Importing /home/airflow/.local/lib/python3.12/site-packages/airflow/example_dags/example_latest_only.py
[2025-02-19T10:26:29.645+0000] {logging_mixin.py:190} INFO - [2025-02-19T10:26:29.645+0000] {dagbag.py:553} DEBUG - Loaded DAG <DAG: latest_only>
[2025-02-19T10:26:29.646+0000] {processor.py:925} INFO - DAG(s) 'latest_only' retrieved from /home/airflow/.local/lib/python3.12/site-packages/airflow/example_dags/example_latest_only.py
[2025-02-19T10:26:29.646+0000] {logging_mixin.py:190} INFO - [2025-02-19T10:26:29.646+0000] {dagbag.py:710} DEBUG - Running dagbag.sync_to_db with retries. Try 1 of 3
[2025-02-19T10:26:29.647+0000] {logging_mixin.py:190} INFO - [2025-02-19T10:26:29.646+0000] {dagbag.py:715} DEBUG - Calling the DAG.bulk_sync_to_db method
[2025-02-19T10:26:29.657+0000] {logging_mixin.py:190} INFO - [2025-02-19T10:26:29.656+0000] {serialized_dag.py:168} DEBUG - Checking if DAG (latest_only) changed
[2025-02-19T10:26:29.665+0000] {logging_mixin.py:190} INFO - [2025-02-19T10:26:29.665+0000] {serialized_dag.py:179} DEBUG - Serialized DAG (latest_only) is unchanged. Skipping writing to DB
[2025-02-19T10:26:29.666+0000] {logging_mixin.py:190} INFO - [2025-02-19T10:26:29.665+0000] {dag.py:3229} INFO - Sync 1 DAGs
[2025-02-19T10:26:29.687+0000] {logging_mixin.py:190} INFO - [2025-02-19T10:26:29.687+0000] {dag.py:4156} INFO - Setting next_dagrun for latest_only to 2025-02-19 04:00:00+00:00, run_after=2025-02-19 08:00:00+00:00
[2025-02-19T10:26:29.703+0000] {processor.py:208} INFO - Processing /home/airflow/.local/lib/python3.12/site-packages/airflow/example_dags/example_latest_only.py took 0.073 seconds
