[2025-02-19T09:38:30.043+0000] {processor.py:186} INFO - Started process (PID=100) to work on /home/airflow/.local/lib/python3.12/site-packages/airflow/example_dags/example_branch_python_dop_operator_3.py
[2025-02-19T09:38:30.044+0000] {processor.py:914} INFO - Processing file /home/airflow/.local/lib/python3.12/site-packages/airflow/example_dags/example_branch_python_dop_operator_3.py for tasks to queue
[2025-02-19T09:38:30.046+0000] {logging_mixin.py:190} INFO - [2025-02-19T09:38:30.046+0000] {dagbag.py:587} INFO - Filling up the DagBag from /home/airflow/.local/lib/python3.12/site-packages/airflow/example_dags/example_branch_python_dop_operator_3.py
[2025-02-19T09:38:30.055+0000] {processor.py:925} INFO - DAG(s) 'example_branch_dop_operator_v3' retrieved from /home/airflow/.local/lib/python3.12/site-packages/airflow/example_dags/example_branch_python_dop_operator_3.py
[2025-02-19T09:38:30.077+0000] {logging_mixin.py:190} INFO - [2025-02-19T09:38:30.076+0000] {dag.py:3229} INFO - Sync 1 DAGs
[2025-02-19T09:38:30.105+0000] {logging_mixin.py:190} INFO - [2025-02-19T09:38:30.105+0000] {dag.py:4156} INFO - Setting next_dagrun for example_branch_dop_operator_v3 to 2025-02-19 09:37:00+00:00, run_after=2025-02-19 09:38:00+00:00
[2025-02-19T09:38:30.367+0000] {processor.py:208} INFO - Processing /home/airflow/.local/lib/python3.12/site-packages/airflow/example_dags/example_branch_python_dop_operator_3.py took 0.329 seconds
[2025-02-19T09:39:00.459+0000] {processor.py:186} INFO - Started process (PID=169) to work on /home/airflow/.local/lib/python3.12/site-packages/airflow/example_dags/example_branch_python_dop_operator_3.py
[2025-02-19T09:39:00.460+0000] {processor.py:914} INFO - Processing file /home/airflow/.local/lib/python3.12/site-packages/airflow/example_dags/example_branch_python_dop_operator_3.py for tasks to queue
[2025-02-19T09:39:00.462+0000] {logging_mixin.py:190} INFO - [2025-02-19T09:39:00.462+0000] {dagbag.py:587} INFO - Filling up the DagBag from /home/airflow/.local/lib/python3.12/site-packages/airflow/example_dags/example_branch_python_dop_operator_3.py
[2025-02-19T09:39:00.470+0000] {processor.py:925} INFO - DAG(s) 'example_branch_dop_operator_v3' retrieved from /home/airflow/.local/lib/python3.12/site-packages/airflow/example_dags/example_branch_python_dop_operator_3.py
[2025-02-19T09:39:00.488+0000] {logging_mixin.py:190} INFO - [2025-02-19T09:39:00.487+0000] {dag.py:3229} INFO - Sync 1 DAGs
[2025-02-19T09:39:00.510+0000] {logging_mixin.py:190} INFO - [2025-02-19T09:39:00.510+0000] {dag.py:4156} INFO - Setting next_dagrun for example_branch_dop_operator_v3 to 2025-02-19 09:38:00+00:00, run_after=2025-02-19 09:39:00+00:00
[2025-02-19T09:39:00.527+0000] {processor.py:208} INFO - Processing /home/airflow/.local/lib/python3.12/site-packages/airflow/example_dags/example_branch_python_dop_operator_3.py took 0.073 seconds
[2025-02-19T09:39:30.849+0000] {processor.py:186} INFO - Started process (PID=233) to work on /home/airflow/.local/lib/python3.12/site-packages/airflow/example_dags/example_branch_python_dop_operator_3.py
[2025-02-19T09:39:30.850+0000] {processor.py:914} INFO - Processing file /home/airflow/.local/lib/python3.12/site-packages/airflow/example_dags/example_branch_python_dop_operator_3.py for tasks to queue
[2025-02-19T09:39:30.852+0000] {logging_mixin.py:190} INFO - [2025-02-19T09:39:30.852+0000] {dagbag.py:587} INFO - Filling up the DagBag from /home/airflow/.local/lib/python3.12/site-packages/airflow/example_dags/example_branch_python_dop_operator_3.py
[2025-02-19T09:39:30.861+0000] {processor.py:925} INFO - DAG(s) 'example_branch_dop_operator_v3' retrieved from /home/airflow/.local/lib/python3.12/site-packages/airflow/example_dags/example_branch_python_dop_operator_3.py
[2025-02-19T09:39:30.880+0000] {logging_mixin.py:190} INFO - [2025-02-19T09:39:30.879+0000] {dag.py:3229} INFO - Sync 1 DAGs
[2025-02-19T09:39:30.902+0000] {logging_mixin.py:190} INFO - [2025-02-19T09:39:30.902+0000] {dag.py:4156} INFO - Setting next_dagrun for example_branch_dop_operator_v3 to 2025-02-19 09:38:00+00:00, run_after=2025-02-19 09:39:00+00:00
[2025-02-19T09:39:30.918+0000] {processor.py:208} INFO - Processing /home/airflow/.local/lib/python3.12/site-packages/airflow/example_dags/example_branch_python_dop_operator_3.py took 0.074 seconds
[2025-02-19T09:40:01.139+0000] {processor.py:186} INFO - Started process (PID=297) to work on /home/airflow/.local/lib/python3.12/site-packages/airflow/example_dags/example_branch_python_dop_operator_3.py
[2025-02-19T09:40:01.140+0000] {processor.py:914} INFO - Processing file /home/airflow/.local/lib/python3.12/site-packages/airflow/example_dags/example_branch_python_dop_operator_3.py for tasks to queue
[2025-02-19T09:40:01.142+0000] {logging_mixin.py:190} INFO - [2025-02-19T09:40:01.142+0000] {dagbag.py:587} INFO - Filling up the DagBag from /home/airflow/.local/lib/python3.12/site-packages/airflow/example_dags/example_branch_python_dop_operator_3.py
[2025-02-19T09:40:01.149+0000] {processor.py:925} INFO - DAG(s) 'example_branch_dop_operator_v3' retrieved from /home/airflow/.local/lib/python3.12/site-packages/airflow/example_dags/example_branch_python_dop_operator_3.py
[2025-02-19T09:40:01.166+0000] {logging_mixin.py:190} INFO - [2025-02-19T09:40:01.166+0000] {dag.py:3229} INFO - Sync 1 DAGs
[2025-02-19T09:40:01.185+0000] {logging_mixin.py:190} INFO - [2025-02-19T09:40:01.185+0000] {dag.py:4156} INFO - Setting next_dagrun for example_branch_dop_operator_v3 to 2025-02-19 09:39:00+00:00, run_after=2025-02-19 09:40:00+00:00
[2025-02-19T09:40:01.200+0000] {processor.py:208} INFO - Processing /home/airflow/.local/lib/python3.12/site-packages/airflow/example_dags/example_branch_python_dop_operator_3.py took 0.065 seconds
[2025-02-19T09:40:32.224+0000] {processor.py:186} INFO - Started process (PID=361) to work on /home/airflow/.local/lib/python3.12/site-packages/airflow/example_dags/example_branch_python_dop_operator_3.py
[2025-02-19T09:40:32.225+0000] {processor.py:914} INFO - Processing file /home/airflow/.local/lib/python3.12/site-packages/airflow/example_dags/example_branch_python_dop_operator_3.py for tasks to queue
[2025-02-19T09:40:32.227+0000] {logging_mixin.py:190} INFO - [2025-02-19T09:40:32.227+0000] {dagbag.py:587} INFO - Filling up the DagBag from /home/airflow/.local/lib/python3.12/site-packages/airflow/example_dags/example_branch_python_dop_operator_3.py
[2025-02-19T09:40:32.236+0000] {processor.py:925} INFO - DAG(s) 'example_branch_dop_operator_v3' retrieved from /home/airflow/.local/lib/python3.12/site-packages/airflow/example_dags/example_branch_python_dop_operator_3.py
[2025-02-19T09:40:32.256+0000] {logging_mixin.py:190} INFO - [2025-02-19T09:40:32.255+0000] {dag.py:3229} INFO - Sync 1 DAGs
[2025-02-19T09:40:32.279+0000] {logging_mixin.py:190} INFO - [2025-02-19T09:40:32.279+0000] {dag.py:4156} INFO - Setting next_dagrun for example_branch_dop_operator_v3 to 2025-02-19 09:39:00+00:00, run_after=2025-02-19 09:40:00+00:00
[2025-02-19T09:40:32.298+0000] {processor.py:208} INFO - Processing /home/airflow/.local/lib/python3.12/site-packages/airflow/example_dags/example_branch_python_dop_operator_3.py took 0.079 seconds
[2025-02-19T09:41:02.512+0000] {processor.py:186} INFO - Started process (PID=425) to work on /home/airflow/.local/lib/python3.12/site-packages/airflow/example_dags/example_branch_python_dop_operator_3.py
[2025-02-19T09:41:02.513+0000] {processor.py:914} INFO - Processing file /home/airflow/.local/lib/python3.12/site-packages/airflow/example_dags/example_branch_python_dop_operator_3.py for tasks to queue
[2025-02-19T09:41:02.515+0000] {logging_mixin.py:190} INFO - [2025-02-19T09:41:02.515+0000] {dagbag.py:587} INFO - Filling up the DagBag from /home/airflow/.local/lib/python3.12/site-packages/airflow/example_dags/example_branch_python_dop_operator_3.py
[2025-02-19T09:41:02.524+0000] {processor.py:925} INFO - DAG(s) 'example_branch_dop_operator_v3' retrieved from /home/airflow/.local/lib/python3.12/site-packages/airflow/example_dags/example_branch_python_dop_operator_3.py
[2025-02-19T09:41:02.541+0000] {logging_mixin.py:190} INFO - [2025-02-19T09:41:02.541+0000] {dag.py:3229} INFO - Sync 1 DAGs
[2025-02-19T09:41:02.562+0000] {logging_mixin.py:190} INFO - [2025-02-19T09:41:02.562+0000] {dag.py:4156} INFO - Setting next_dagrun for example_branch_dop_operator_v3 to 2025-02-19 09:40:00+00:00, run_after=2025-02-19 09:41:00+00:00
[2025-02-19T09:41:02.577+0000] {processor.py:208} INFO - Processing /home/airflow/.local/lib/python3.12/site-packages/airflow/example_dags/example_branch_python_dop_operator_3.py took 0.069 seconds
[2025-02-19T09:41:32.870+0000] {processor.py:186} INFO - Started process (PID=489) to work on /home/airflow/.local/lib/python3.12/site-packages/airflow/example_dags/example_branch_python_dop_operator_3.py
[2025-02-19T09:41:32.871+0000] {processor.py:914} INFO - Processing file /home/airflow/.local/lib/python3.12/site-packages/airflow/example_dags/example_branch_python_dop_operator_3.py for tasks to queue
[2025-02-19T09:41:32.872+0000] {logging_mixin.py:190} INFO - [2025-02-19T09:41:32.872+0000] {dagbag.py:587} INFO - Filling up the DagBag from /home/airflow/.local/lib/python3.12/site-packages/airflow/example_dags/example_branch_python_dop_operator_3.py
[2025-02-19T09:41:32.880+0000] {processor.py:925} INFO - DAG(s) 'example_branch_dop_operator_v3' retrieved from /home/airflow/.local/lib/python3.12/site-packages/airflow/example_dags/example_branch_python_dop_operator_3.py
[2025-02-19T09:41:32.899+0000] {logging_mixin.py:190} INFO - [2025-02-19T09:41:32.899+0000] {dag.py:3229} INFO - Sync 1 DAGs
[2025-02-19T09:41:32.921+0000] {logging_mixin.py:190} INFO - [2025-02-19T09:41:32.921+0000] {dag.py:4156} INFO - Setting next_dagrun for example_branch_dop_operator_v3 to 2025-02-19 09:40:00+00:00, run_after=2025-02-19 09:41:00+00:00
[2025-02-19T09:41:32.934+0000] {processor.py:208} INFO - Processing /home/airflow/.local/lib/python3.12/site-packages/airflow/example_dags/example_branch_python_dop_operator_3.py took 0.069 seconds
[2025-02-19T09:42:03.990+0000] {processor.py:186} INFO - Started process (PID=553) to work on /home/airflow/.local/lib/python3.12/site-packages/airflow/example_dags/example_branch_python_dop_operator_3.py
[2025-02-19T09:42:03.991+0000] {processor.py:914} INFO - Processing file /home/airflow/.local/lib/python3.12/site-packages/airflow/example_dags/example_branch_python_dop_operator_3.py for tasks to queue
[2025-02-19T09:42:03.993+0000] {logging_mixin.py:190} INFO - [2025-02-19T09:42:03.993+0000] {dagbag.py:587} INFO - Filling up the DagBag from /home/airflow/.local/lib/python3.12/site-packages/airflow/example_dags/example_branch_python_dop_operator_3.py
[2025-02-19T09:42:04.000+0000] {processor.py:925} INFO - DAG(s) 'example_branch_dop_operator_v3' retrieved from /home/airflow/.local/lib/python3.12/site-packages/airflow/example_dags/example_branch_python_dop_operator_3.py
[2025-02-19T09:42:04.018+0000] {logging_mixin.py:190} INFO - [2025-02-19T09:42:04.017+0000] {dag.py:3229} INFO - Sync 1 DAGs
[2025-02-19T09:42:04.039+0000] {logging_mixin.py:190} INFO - [2025-02-19T09:42:04.038+0000] {dag.py:4156} INFO - Setting next_dagrun for example_branch_dop_operator_v3 to 2025-02-19 09:41:00+00:00, run_after=2025-02-19 09:42:00+00:00
[2025-02-19T09:42:04.054+0000] {processor.py:208} INFO - Processing /home/airflow/.local/lib/python3.12/site-packages/airflow/example_dags/example_branch_python_dop_operator_3.py took 0.068 seconds
[2025-02-19T09:42:34.284+0000] {processor.py:186} INFO - Started process (PID=617) to work on /home/airflow/.local/lib/python3.12/site-packages/airflow/example_dags/example_branch_python_dop_operator_3.py
[2025-02-19T09:42:34.285+0000] {processor.py:914} INFO - Processing file /home/airflow/.local/lib/python3.12/site-packages/airflow/example_dags/example_branch_python_dop_operator_3.py for tasks to queue
[2025-02-19T09:42:34.287+0000] {logging_mixin.py:190} INFO - [2025-02-19T09:42:34.287+0000] {dagbag.py:587} INFO - Filling up the DagBag from /home/airflow/.local/lib/python3.12/site-packages/airflow/example_dags/example_branch_python_dop_operator_3.py
[2025-02-19T09:42:34.295+0000] {processor.py:925} INFO - DAG(s) 'example_branch_dop_operator_v3' retrieved from /home/airflow/.local/lib/python3.12/site-packages/airflow/example_dags/example_branch_python_dop_operator_3.py
[2025-02-19T09:42:34.311+0000] {logging_mixin.py:190} INFO - [2025-02-19T09:42:34.311+0000] {dag.py:3229} INFO - Sync 1 DAGs
[2025-02-19T09:42:34.330+0000] {logging_mixin.py:190} INFO - [2025-02-19T09:42:34.330+0000] {dag.py:4156} INFO - Setting next_dagrun for example_branch_dop_operator_v3 to 2025-02-19 09:41:00+00:00, run_after=2025-02-19 09:42:00+00:00
[2025-02-19T09:42:34.344+0000] {processor.py:208} INFO - Processing /home/airflow/.local/lib/python3.12/site-packages/airflow/example_dags/example_branch_python_dop_operator_3.py took 0.064 seconds
[2025-02-19T09:43:05.359+0000] {processor.py:186} INFO - Started process (PID=681) to work on /home/airflow/.local/lib/python3.12/site-packages/airflow/example_dags/example_branch_python_dop_operator_3.py
[2025-02-19T09:43:05.360+0000] {processor.py:914} INFO - Processing file /home/airflow/.local/lib/python3.12/site-packages/airflow/example_dags/example_branch_python_dop_operator_3.py for tasks to queue
[2025-02-19T09:43:05.362+0000] {logging_mixin.py:190} INFO - [2025-02-19T09:43:05.361+0000] {dagbag.py:587} INFO - Filling up the DagBag from /home/airflow/.local/lib/python3.12/site-packages/airflow/example_dags/example_branch_python_dop_operator_3.py
[2025-02-19T09:43:05.369+0000] {processor.py:925} INFO - DAG(s) 'example_branch_dop_operator_v3' retrieved from /home/airflow/.local/lib/python3.12/site-packages/airflow/example_dags/example_branch_python_dop_operator_3.py
[2025-02-19T09:43:05.386+0000] {logging_mixin.py:190} INFO - [2025-02-19T09:43:05.386+0000] {dag.py:3229} INFO - Sync 1 DAGs
[2025-02-19T09:43:05.409+0000] {logging_mixin.py:190} INFO - [2025-02-19T09:43:05.409+0000] {dag.py:4156} INFO - Setting next_dagrun for example_branch_dop_operator_v3 to 2025-02-19 09:42:00+00:00, run_after=2025-02-19 09:43:00+00:00
[2025-02-19T09:43:05.426+0000] {processor.py:208} INFO - Processing /home/airflow/.local/lib/python3.12/site-packages/airflow/example_dags/example_branch_python_dop_operator_3.py took 0.072 seconds
[2025-02-19T09:43:35.698+0000] {processor.py:186} INFO - Started process (PID=745) to work on /home/airflow/.local/lib/python3.12/site-packages/airflow/example_dags/example_branch_python_dop_operator_3.py
[2025-02-19T09:43:35.699+0000] {processor.py:914} INFO - Processing file /home/airflow/.local/lib/python3.12/site-packages/airflow/example_dags/example_branch_python_dop_operator_3.py for tasks to queue
[2025-02-19T09:43:35.701+0000] {logging_mixin.py:190} INFO - [2025-02-19T09:43:35.701+0000] {dagbag.py:587} INFO - Filling up the DagBag from /home/airflow/.local/lib/python3.12/site-packages/airflow/example_dags/example_branch_python_dop_operator_3.py
[2025-02-19T09:43:35.709+0000] {processor.py:925} INFO - DAG(s) 'example_branch_dop_operator_v3' retrieved from /home/airflow/.local/lib/python3.12/site-packages/airflow/example_dags/example_branch_python_dop_operator_3.py
[2025-02-19T09:43:35.726+0000] {logging_mixin.py:190} INFO - [2025-02-19T09:43:35.725+0000] {dag.py:3229} INFO - Sync 1 DAGs
[2025-02-19T09:43:35.746+0000] {logging_mixin.py:190} INFO - [2025-02-19T09:43:35.746+0000] {dag.py:4156} INFO - Setting next_dagrun for example_branch_dop_operator_v3 to 2025-02-19 09:42:00+00:00, run_after=2025-02-19 09:43:00+00:00
[2025-02-19T09:43:35.764+0000] {processor.py:208} INFO - Processing /home/airflow/.local/lib/python3.12/site-packages/airflow/example_dags/example_branch_python_dop_operator_3.py took 0.070 seconds
[2025-02-19T09:44:05.979+0000] {processor.py:186} INFO - Started process (PID=809) to work on /home/airflow/.local/lib/python3.12/site-packages/airflow/example_dags/example_branch_python_dop_operator_3.py
[2025-02-19T09:44:05.980+0000] {processor.py:914} INFO - Processing file /home/airflow/.local/lib/python3.12/site-packages/airflow/example_dags/example_branch_python_dop_operator_3.py for tasks to queue
[2025-02-19T09:44:05.982+0000] {logging_mixin.py:190} INFO - [2025-02-19T09:44:05.982+0000] {dagbag.py:587} INFO - Filling up the DagBag from /home/airflow/.local/lib/python3.12/site-packages/airflow/example_dags/example_branch_python_dop_operator_3.py
[2025-02-19T09:44:05.990+0000] {processor.py:925} INFO - DAG(s) 'example_branch_dop_operator_v3' retrieved from /home/airflow/.local/lib/python3.12/site-packages/airflow/example_dags/example_branch_python_dop_operator_3.py
[2025-02-19T09:44:06.007+0000] {logging_mixin.py:190} INFO - [2025-02-19T09:44:06.006+0000] {dag.py:3229} INFO - Sync 1 DAGs
[2025-02-19T09:44:06.029+0000] {logging_mixin.py:190} INFO - [2025-02-19T09:44:06.029+0000] {dag.py:4156} INFO - Setting next_dagrun for example_branch_dop_operator_v3 to 2025-02-19 09:43:00+00:00, run_after=2025-02-19 09:44:00+00:00
[2025-02-19T09:44:06.044+0000] {processor.py:208} INFO - Processing /home/airflow/.local/lib/python3.12/site-packages/airflow/example_dags/example_branch_python_dop_operator_3.py took 0.069 seconds
[2025-02-19T09:44:36.960+0000] {processor.py:186} INFO - Started process (PID=873) to work on /home/airflow/.local/lib/python3.12/site-packages/airflow/example_dags/example_branch_python_dop_operator_3.py
[2025-02-19T09:44:36.961+0000] {processor.py:914} INFO - Processing file /home/airflow/.local/lib/python3.12/site-packages/airflow/example_dags/example_branch_python_dop_operator_3.py for tasks to queue
[2025-02-19T09:44:36.963+0000] {logging_mixin.py:190} INFO - [2025-02-19T09:44:36.963+0000] {dagbag.py:587} INFO - Filling up the DagBag from /home/airflow/.local/lib/python3.12/site-packages/airflow/example_dags/example_branch_python_dop_operator_3.py
[2025-02-19T09:44:36.971+0000] {processor.py:925} INFO - DAG(s) 'example_branch_dop_operator_v3' retrieved from /home/airflow/.local/lib/python3.12/site-packages/airflow/example_dags/example_branch_python_dop_operator_3.py
[2025-02-19T09:44:36.987+0000] {logging_mixin.py:190} INFO - [2025-02-19T09:44:36.987+0000] {dag.py:3229} INFO - Sync 1 DAGs
[2025-02-19T09:44:37.009+0000] {logging_mixin.py:190} INFO - [2025-02-19T09:44:37.009+0000] {dag.py:4156} INFO - Setting next_dagrun for example_branch_dop_operator_v3 to 2025-02-19 09:43:00+00:00, run_after=2025-02-19 09:44:00+00:00
[2025-02-19T09:44:37.024+0000] {processor.py:208} INFO - Processing /home/airflow/.local/lib/python3.12/site-packages/airflow/example_dags/example_branch_python_dop_operator_3.py took 0.068 seconds
[2025-02-19T09:45:07.314+0000] {processor.py:186} INFO - Started process (PID=937) to work on /home/airflow/.local/lib/python3.12/site-packages/airflow/example_dags/example_branch_python_dop_operator_3.py
[2025-02-19T09:45:07.315+0000] {processor.py:914} INFO - Processing file /home/airflow/.local/lib/python3.12/site-packages/airflow/example_dags/example_branch_python_dop_operator_3.py for tasks to queue
[2025-02-19T09:45:07.317+0000] {logging_mixin.py:190} INFO - [2025-02-19T09:45:07.317+0000] {dagbag.py:587} INFO - Filling up the DagBag from /home/airflow/.local/lib/python3.12/site-packages/airflow/example_dags/example_branch_python_dop_operator_3.py
[2025-02-19T09:45:07.325+0000] {processor.py:925} INFO - DAG(s) 'example_branch_dop_operator_v3' retrieved from /home/airflow/.local/lib/python3.12/site-packages/airflow/example_dags/example_branch_python_dop_operator_3.py
[2025-02-19T09:45:07.342+0000] {logging_mixin.py:190} INFO - [2025-02-19T09:45:07.341+0000] {dag.py:3229} INFO - Sync 1 DAGs
[2025-02-19T09:45:07.363+0000] {logging_mixin.py:190} INFO - [2025-02-19T09:45:07.363+0000] {dag.py:4156} INFO - Setting next_dagrun for example_branch_dop_operator_v3 to 2025-02-19 09:44:00+00:00, run_after=2025-02-19 09:45:00+00:00
[2025-02-19T09:45:07.380+0000] {processor.py:208} INFO - Processing /home/airflow/.local/lib/python3.12/site-packages/airflow/example_dags/example_branch_python_dop_operator_3.py took 0.071 seconds
[2025-02-19T09:45:38.465+0000] {processor.py:186} INFO - Started process (PID=1001) to work on /home/airflow/.local/lib/python3.12/site-packages/airflow/example_dags/example_branch_python_dop_operator_3.py
[2025-02-19T09:45:38.466+0000] {processor.py:914} INFO - Processing file /home/airflow/.local/lib/python3.12/site-packages/airflow/example_dags/example_branch_python_dop_operator_3.py for tasks to queue
[2025-02-19T09:45:38.468+0000] {logging_mixin.py:190} INFO - [2025-02-19T09:45:38.468+0000] {dagbag.py:587} INFO - Filling up the DagBag from /home/airflow/.local/lib/python3.12/site-packages/airflow/example_dags/example_branch_python_dop_operator_3.py
[2025-02-19T09:45:38.477+0000] {processor.py:925} INFO - DAG(s) 'example_branch_dop_operator_v3' retrieved from /home/airflow/.local/lib/python3.12/site-packages/airflow/example_dags/example_branch_python_dop_operator_3.py
[2025-02-19T09:45:38.495+0000] {logging_mixin.py:190} INFO - [2025-02-19T09:45:38.494+0000] {dag.py:3229} INFO - Sync 1 DAGs
[2025-02-19T09:45:38.518+0000] {logging_mixin.py:190} INFO - [2025-02-19T09:45:38.517+0000] {dag.py:4156} INFO - Setting next_dagrun for example_branch_dop_operator_v3 to 2025-02-19 09:44:00+00:00, run_after=2025-02-19 09:45:00+00:00
[2025-02-19T09:45:38.533+0000] {processor.py:208} INFO - Processing /home/airflow/.local/lib/python3.12/site-packages/airflow/example_dags/example_branch_python_dop_operator_3.py took 0.072 seconds
[2025-02-19T09:46:09.543+0000] {processor.py:186} INFO - Started process (PID=1065) to work on /home/airflow/.local/lib/python3.12/site-packages/airflow/example_dags/example_branch_python_dop_operator_3.py
[2025-02-19T09:46:09.544+0000] {processor.py:914} INFO - Processing file /home/airflow/.local/lib/python3.12/site-packages/airflow/example_dags/example_branch_python_dop_operator_3.py for tasks to queue
[2025-02-19T09:46:09.546+0000] {logging_mixin.py:190} INFO - [2025-02-19T09:46:09.546+0000] {dagbag.py:587} INFO - Filling up the DagBag from /home/airflow/.local/lib/python3.12/site-packages/airflow/example_dags/example_branch_python_dop_operator_3.py
[2025-02-19T09:46:09.554+0000] {processor.py:925} INFO - DAG(s) 'example_branch_dop_operator_v3' retrieved from /home/airflow/.local/lib/python3.12/site-packages/airflow/example_dags/example_branch_python_dop_operator_3.py
[2025-02-19T09:46:09.571+0000] {logging_mixin.py:190} INFO - [2025-02-19T09:46:09.570+0000] {dag.py:3229} INFO - Sync 1 DAGs
[2025-02-19T09:46:09.590+0000] {logging_mixin.py:190} INFO - [2025-02-19T09:46:09.590+0000] {dag.py:4156} INFO - Setting next_dagrun for example_branch_dop_operator_v3 to 2025-02-19 09:45:00+00:00, run_after=2025-02-19 09:46:00+00:00
[2025-02-19T09:46:09.603+0000] {processor.py:208} INFO - Processing /home/airflow/.local/lib/python3.12/site-packages/airflow/example_dags/example_branch_python_dop_operator_3.py took 0.064 seconds
[2025-02-19T09:46:40.477+0000] {processor.py:186} INFO - Started process (PID=1129) to work on /home/airflow/.local/lib/python3.12/site-packages/airflow/example_dags/example_branch_python_dop_operator_3.py
[2025-02-19T09:46:40.478+0000] {processor.py:914} INFO - Processing file /home/airflow/.local/lib/python3.12/site-packages/airflow/example_dags/example_branch_python_dop_operator_3.py for tasks to queue
[2025-02-19T09:46:40.480+0000] {logging_mixin.py:190} INFO - [2025-02-19T09:46:40.479+0000] {dagbag.py:587} INFO - Filling up the DagBag from /home/airflow/.local/lib/python3.12/site-packages/airflow/example_dags/example_branch_python_dop_operator_3.py
[2025-02-19T09:46:40.487+0000] {processor.py:925} INFO - DAG(s) 'example_branch_dop_operator_v3' retrieved from /home/airflow/.local/lib/python3.12/site-packages/airflow/example_dags/example_branch_python_dop_operator_3.py
[2025-02-19T09:46:40.504+0000] {logging_mixin.py:190} INFO - [2025-02-19T09:46:40.504+0000] {dag.py:3229} INFO - Sync 1 DAGs
[2025-02-19T09:46:40.525+0000] {logging_mixin.py:190} INFO - [2025-02-19T09:46:40.525+0000] {dag.py:4156} INFO - Setting next_dagrun for example_branch_dop_operator_v3 to 2025-02-19 09:45:00+00:00, run_after=2025-02-19 09:46:00+00:00
[2025-02-19T09:46:40.543+0000] {processor.py:208} INFO - Processing /home/airflow/.local/lib/python3.12/site-packages/airflow/example_dags/example_branch_python_dop_operator_3.py took 0.070 seconds
[2025-02-19T09:47:11.540+0000] {processor.py:186} INFO - Started process (PID=1193) to work on /home/airflow/.local/lib/python3.12/site-packages/airflow/example_dags/example_branch_python_dop_operator_3.py
[2025-02-19T09:47:11.541+0000] {processor.py:914} INFO - Processing file /home/airflow/.local/lib/python3.12/site-packages/airflow/example_dags/example_branch_python_dop_operator_3.py for tasks to queue
[2025-02-19T09:47:11.543+0000] {logging_mixin.py:190} INFO - [2025-02-19T09:47:11.543+0000] {dagbag.py:587} INFO - Filling up the DagBag from /home/airflow/.local/lib/python3.12/site-packages/airflow/example_dags/example_branch_python_dop_operator_3.py
[2025-02-19T09:47:11.551+0000] {processor.py:925} INFO - DAG(s) 'example_branch_dop_operator_v3' retrieved from /home/airflow/.local/lib/python3.12/site-packages/airflow/example_dags/example_branch_python_dop_operator_3.py
[2025-02-19T09:47:11.570+0000] {logging_mixin.py:190} INFO - [2025-02-19T09:47:11.569+0000] {dag.py:3229} INFO - Sync 1 DAGs
[2025-02-19T09:47:11.594+0000] {logging_mixin.py:190} INFO - [2025-02-19T09:47:11.594+0000] {dag.py:4156} INFO - Setting next_dagrun for example_branch_dop_operator_v3 to 2025-02-19 09:46:00+00:00, run_after=2025-02-19 09:47:00+00:00
[2025-02-19T09:47:11.613+0000] {processor.py:208} INFO - Processing /home/airflow/.local/lib/python3.12/site-packages/airflow/example_dags/example_branch_python_dop_operator_3.py took 0.078 seconds
[2025-02-19T09:47:41.928+0000] {processor.py:186} INFO - Started process (PID=1257) to work on /home/airflow/.local/lib/python3.12/site-packages/airflow/example_dags/example_branch_python_dop_operator_3.py
[2025-02-19T09:47:41.930+0000] {processor.py:914} INFO - Processing file /home/airflow/.local/lib/python3.12/site-packages/airflow/example_dags/example_branch_python_dop_operator_3.py for tasks to queue
[2025-02-19T09:47:41.932+0000] {logging_mixin.py:190} INFO - [2025-02-19T09:47:41.932+0000] {dagbag.py:587} INFO - Filling up the DagBag from /home/airflow/.local/lib/python3.12/site-packages/airflow/example_dags/example_branch_python_dop_operator_3.py
[2025-02-19T09:47:41.941+0000] {processor.py:925} INFO - DAG(s) 'example_branch_dop_operator_v3' retrieved from /home/airflow/.local/lib/python3.12/site-packages/airflow/example_dags/example_branch_python_dop_operator_3.py
[2025-02-19T09:47:41.961+0000] {logging_mixin.py:190} INFO - [2025-02-19T09:47:41.960+0000] {dag.py:3229} INFO - Sync 1 DAGs
[2025-02-19T09:47:41.984+0000] {logging_mixin.py:190} INFO - [2025-02-19T09:47:41.984+0000] {dag.py:4156} INFO - Setting next_dagrun for example_branch_dop_operator_v3 to 2025-02-19 09:46:00+00:00, run_after=2025-02-19 09:47:00+00:00
[2025-02-19T09:47:42.002+0000] {processor.py:208} INFO - Processing /home/airflow/.local/lib/python3.12/site-packages/airflow/example_dags/example_branch_python_dop_operator_3.py took 0.078 seconds
[2025-02-19T09:48:12.281+0000] {processor.py:186} INFO - Started process (PID=1322) to work on /home/airflow/.local/lib/python3.12/site-packages/airflow/example_dags/example_branch_python_dop_operator_3.py
[2025-02-19T09:48:12.283+0000] {processor.py:914} INFO - Processing file /home/airflow/.local/lib/python3.12/site-packages/airflow/example_dags/example_branch_python_dop_operator_3.py for tasks to queue
[2025-02-19T09:48:12.284+0000] {logging_mixin.py:190} INFO - [2025-02-19T09:48:12.284+0000] {dagbag.py:587} INFO - Filling up the DagBag from /home/airflow/.local/lib/python3.12/site-packages/airflow/example_dags/example_branch_python_dop_operator_3.py
[2025-02-19T09:48:12.292+0000] {processor.py:925} INFO - DAG(s) 'example_branch_dop_operator_v3' retrieved from /home/airflow/.local/lib/python3.12/site-packages/airflow/example_dags/example_branch_python_dop_operator_3.py
[2025-02-19T09:48:12.310+0000] {logging_mixin.py:190} INFO - [2025-02-19T09:48:12.309+0000] {dag.py:3229} INFO - Sync 1 DAGs
[2025-02-19T09:48:12.328+0000] {logging_mixin.py:190} INFO - [2025-02-19T09:48:12.328+0000] {dag.py:4156} INFO - Setting next_dagrun for example_branch_dop_operator_v3 to 2025-02-19 09:47:00+00:00, run_after=2025-02-19 09:48:00+00:00
[2025-02-19T09:48:12.343+0000] {processor.py:208} INFO - Processing /home/airflow/.local/lib/python3.12/site-packages/airflow/example_dags/example_branch_python_dop_operator_3.py took 0.065 seconds
[2025-02-19T09:48:43.402+0000] {processor.py:186} INFO - Started process (PID=1386) to work on /home/airflow/.local/lib/python3.12/site-packages/airflow/example_dags/example_branch_python_dop_operator_3.py
[2025-02-19T09:48:43.403+0000] {processor.py:914} INFO - Processing file /home/airflow/.local/lib/python3.12/site-packages/airflow/example_dags/example_branch_python_dop_operator_3.py for tasks to queue
[2025-02-19T09:48:43.405+0000] {logging_mixin.py:190} INFO - [2025-02-19T09:48:43.405+0000] {dagbag.py:587} INFO - Filling up the DagBag from /home/airflow/.local/lib/python3.12/site-packages/airflow/example_dags/example_branch_python_dop_operator_3.py
[2025-02-19T09:48:43.413+0000] {processor.py:925} INFO - DAG(s) 'example_branch_dop_operator_v3' retrieved from /home/airflow/.local/lib/python3.12/site-packages/airflow/example_dags/example_branch_python_dop_operator_3.py
[2025-02-19T09:48:43.430+0000] {logging_mixin.py:190} INFO - [2025-02-19T09:48:43.429+0000] {dag.py:3229} INFO - Sync 1 DAGs
[2025-02-19T09:48:43.450+0000] {logging_mixin.py:190} INFO - [2025-02-19T09:48:43.450+0000] {dag.py:4156} INFO - Setting next_dagrun for example_branch_dop_operator_v3 to 2025-02-19 09:47:00+00:00, run_after=2025-02-19 09:48:00+00:00
[2025-02-19T09:48:43.465+0000] {processor.py:208} INFO - Processing /home/airflow/.local/lib/python3.12/site-packages/airflow/example_dags/example_branch_python_dop_operator_3.py took 0.067 seconds
[2025-02-19T09:49:14.301+0000] {processor.py:186} INFO - Started process (PID=1450) to work on /home/airflow/.local/lib/python3.12/site-packages/airflow/example_dags/example_branch_python_dop_operator_3.py
[2025-02-19T09:49:14.302+0000] {processor.py:914} INFO - Processing file /home/airflow/.local/lib/python3.12/site-packages/airflow/example_dags/example_branch_python_dop_operator_3.py for tasks to queue
[2025-02-19T09:49:14.304+0000] {logging_mixin.py:190} INFO - [2025-02-19T09:49:14.303+0000] {dagbag.py:587} INFO - Filling up the DagBag from /home/airflow/.local/lib/python3.12/site-packages/airflow/example_dags/example_branch_python_dop_operator_3.py
[2025-02-19T09:49:14.312+0000] {processor.py:925} INFO - DAG(s) 'example_branch_dop_operator_v3' retrieved from /home/airflow/.local/lib/python3.12/site-packages/airflow/example_dags/example_branch_python_dop_operator_3.py
[2025-02-19T09:49:14.329+0000] {logging_mixin.py:190} INFO - [2025-02-19T09:49:14.328+0000] {dag.py:3229} INFO - Sync 1 DAGs
[2025-02-19T09:49:14.351+0000] {logging_mixin.py:190} INFO - [2025-02-19T09:49:14.351+0000] {dag.py:4156} INFO - Setting next_dagrun for example_branch_dop_operator_v3 to 2025-02-19 09:48:00+00:00, run_after=2025-02-19 09:49:00+00:00
[2025-02-19T09:49:14.367+0000] {processor.py:208} INFO - Processing /home/airflow/.local/lib/python3.12/site-packages/airflow/example_dags/example_branch_python_dop_operator_3.py took 0.070 seconds
[2025-02-19T09:49:45.257+0000] {processor.py:186} INFO - Started process (PID=1514) to work on /home/airflow/.local/lib/python3.12/site-packages/airflow/example_dags/example_branch_python_dop_operator_3.py
[2025-02-19T09:49:45.258+0000] {processor.py:914} INFO - Processing file /home/airflow/.local/lib/python3.12/site-packages/airflow/example_dags/example_branch_python_dop_operator_3.py for tasks to queue
[2025-02-19T09:49:45.260+0000] {logging_mixin.py:190} INFO - [2025-02-19T09:49:45.260+0000] {dagbag.py:587} INFO - Filling up the DagBag from /home/airflow/.local/lib/python3.12/site-packages/airflow/example_dags/example_branch_python_dop_operator_3.py
[2025-02-19T09:49:45.269+0000] {processor.py:925} INFO - DAG(s) 'example_branch_dop_operator_v3' retrieved from /home/airflow/.local/lib/python3.12/site-packages/airflow/example_dags/example_branch_python_dop_operator_3.py
[2025-02-19T09:49:45.286+0000] {logging_mixin.py:190} INFO - [2025-02-19T09:49:45.285+0000] {dag.py:3229} INFO - Sync 1 DAGs
[2025-02-19T09:49:45.308+0000] {logging_mixin.py:190} INFO - [2025-02-19T09:49:45.307+0000] {dag.py:4156} INFO - Setting next_dagrun for example_branch_dop_operator_v3 to 2025-02-19 09:48:00+00:00, run_after=2025-02-19 09:49:00+00:00
[2025-02-19T09:49:45.323+0000] {processor.py:208} INFO - Processing /home/airflow/.local/lib/python3.12/site-packages/airflow/example_dags/example_branch_python_dop_operator_3.py took 0.070 seconds
[2025-02-19T09:50:15.609+0000] {processor.py:186} INFO - Started process (PID=1578) to work on /home/airflow/.local/lib/python3.12/site-packages/airflow/example_dags/example_branch_python_dop_operator_3.py
[2025-02-19T09:50:15.611+0000] {processor.py:914} INFO - Processing file /home/airflow/.local/lib/python3.12/site-packages/airflow/example_dags/example_branch_python_dop_operator_3.py for tasks to queue
[2025-02-19T09:50:15.613+0000] {logging_mixin.py:190} INFO - [2025-02-19T09:50:15.613+0000] {dagbag.py:587} INFO - Filling up the DagBag from /home/airflow/.local/lib/python3.12/site-packages/airflow/example_dags/example_branch_python_dop_operator_3.py
[2025-02-19T09:50:15.621+0000] {processor.py:925} INFO - DAG(s) 'example_branch_dop_operator_v3' retrieved from /home/airflow/.local/lib/python3.12/site-packages/airflow/example_dags/example_branch_python_dop_operator_3.py
[2025-02-19T09:50:15.639+0000] {logging_mixin.py:190} INFO - [2025-02-19T09:50:15.639+0000] {dag.py:3229} INFO - Sync 1 DAGs
[2025-02-19T09:50:15.663+0000] {logging_mixin.py:190} INFO - [2025-02-19T09:50:15.663+0000] {dag.py:4156} INFO - Setting next_dagrun for example_branch_dop_operator_v3 to 2025-02-19 09:49:00+00:00, run_after=2025-02-19 09:50:00+00:00
[2025-02-19T09:50:15.679+0000] {processor.py:208} INFO - Processing /home/airflow/.local/lib/python3.12/site-packages/airflow/example_dags/example_branch_python_dop_operator_3.py took 0.075 seconds
[2025-02-19T09:50:46.068+0000] {processor.py:186} INFO - Started process (PID=1642) to work on /home/airflow/.local/lib/python3.12/site-packages/airflow/example_dags/example_branch_python_dop_operator_3.py
[2025-02-19T09:50:46.069+0000] {processor.py:914} INFO - Processing file /home/airflow/.local/lib/python3.12/site-packages/airflow/example_dags/example_branch_python_dop_operator_3.py for tasks to queue
[2025-02-19T09:50:46.071+0000] {logging_mixin.py:190} INFO - [2025-02-19T09:50:46.071+0000] {dagbag.py:587} INFO - Filling up the DagBag from /home/airflow/.local/lib/python3.12/site-packages/airflow/example_dags/example_branch_python_dop_operator_3.py
[2025-02-19T09:50:46.082+0000] {processor.py:925} INFO - DAG(s) 'example_branch_dop_operator_v3' retrieved from /home/airflow/.local/lib/python3.12/site-packages/airflow/example_dags/example_branch_python_dop_operator_3.py
[2025-02-19T09:50:46.100+0000] {logging_mixin.py:190} INFO - [2025-02-19T09:50:46.099+0000] {dag.py:3229} INFO - Sync 1 DAGs
[2025-02-19T09:50:46.123+0000] {logging_mixin.py:190} INFO - [2025-02-19T09:50:46.122+0000] {dag.py:4156} INFO - Setting next_dagrun for example_branch_dop_operator_v3 to 2025-02-19 09:49:00+00:00, run_after=2025-02-19 09:50:00+00:00
[2025-02-19T09:50:46.140+0000] {processor.py:208} INFO - Processing /home/airflow/.local/lib/python3.12/site-packages/airflow/example_dags/example_branch_python_dop_operator_3.py took 0.077 seconds
[2025-02-19T09:51:16.245+0000] {processor.py:186} INFO - Started process (PID=1706) to work on /home/airflow/.local/lib/python3.12/site-packages/airflow/example_dags/example_branch_python_dop_operator_3.py
[2025-02-19T09:51:16.246+0000] {processor.py:914} INFO - Processing file /home/airflow/.local/lib/python3.12/site-packages/airflow/example_dags/example_branch_python_dop_operator_3.py for tasks to queue
[2025-02-19T09:51:16.247+0000] {logging_mixin.py:190} INFO - [2025-02-19T09:51:16.247+0000] {dagbag.py:587} INFO - Filling up the DagBag from /home/airflow/.local/lib/python3.12/site-packages/airflow/example_dags/example_branch_python_dop_operator_3.py
[2025-02-19T09:51:16.255+0000] {processor.py:925} INFO - DAG(s) 'example_branch_dop_operator_v3' retrieved from /home/airflow/.local/lib/python3.12/site-packages/airflow/example_dags/example_branch_python_dop_operator_3.py
[2025-02-19T09:51:16.272+0000] {logging_mixin.py:190} INFO - [2025-02-19T09:51:16.271+0000] {dag.py:3229} INFO - Sync 1 DAGs
[2025-02-19T09:51:16.291+0000] {logging_mixin.py:190} INFO - [2025-02-19T09:51:16.291+0000] {dag.py:4156} INFO - Setting next_dagrun for example_branch_dop_operator_v3 to 2025-02-19 09:50:00+00:00, run_after=2025-02-19 09:51:00+00:00
[2025-02-19T09:51:16.304+0000] {processor.py:208} INFO - Processing /home/airflow/.local/lib/python3.12/site-packages/airflow/example_dags/example_branch_python_dop_operator_3.py took 0.064 seconds
[2025-02-19T09:51:46.537+0000] {processor.py:186} INFO - Started process (PID=1770) to work on /home/airflow/.local/lib/python3.12/site-packages/airflow/example_dags/example_branch_python_dop_operator_3.py
[2025-02-19T09:51:46.538+0000] {processor.py:914} INFO - Processing file /home/airflow/.local/lib/python3.12/site-packages/airflow/example_dags/example_branch_python_dop_operator_3.py for tasks to queue
[2025-02-19T09:51:46.540+0000] {logging_mixin.py:190} INFO - [2025-02-19T09:51:46.539+0000] {dagbag.py:587} INFO - Filling up the DagBag from /home/airflow/.local/lib/python3.12/site-packages/airflow/example_dags/example_branch_python_dop_operator_3.py
[2025-02-19T09:51:46.547+0000] {processor.py:925} INFO - DAG(s) 'example_branch_dop_operator_v3' retrieved from /home/airflow/.local/lib/python3.12/site-packages/airflow/example_dags/example_branch_python_dop_operator_3.py
[2025-02-19T09:51:46.565+0000] {logging_mixin.py:190} INFO - [2025-02-19T09:51:46.565+0000] {dag.py:3229} INFO - Sync 1 DAGs
[2025-02-19T09:51:46.585+0000] {logging_mixin.py:190} INFO - [2025-02-19T09:51:46.585+0000] {dag.py:4156} INFO - Setting next_dagrun for example_branch_dop_operator_v3 to 2025-02-19 09:50:00+00:00, run_after=2025-02-19 09:51:00+00:00
[2025-02-19T09:51:46.600+0000] {processor.py:208} INFO - Processing /home/airflow/.local/lib/python3.12/site-packages/airflow/example_dags/example_branch_python_dop_operator_3.py took 0.067 seconds
[2025-02-19T09:52:16.952+0000] {processor.py:186} INFO - Started process (PID=1834) to work on /home/airflow/.local/lib/python3.12/site-packages/airflow/example_dags/example_branch_python_dop_operator_3.py
[2025-02-19T09:52:16.953+0000] {processor.py:914} INFO - Processing file /home/airflow/.local/lib/python3.12/site-packages/airflow/example_dags/example_branch_python_dop_operator_3.py for tasks to queue
[2025-02-19T09:52:16.954+0000] {logging_mixin.py:190} INFO - [2025-02-19T09:52:16.954+0000] {dagbag.py:587} INFO - Filling up the DagBag from /home/airflow/.local/lib/python3.12/site-packages/airflow/example_dags/example_branch_python_dop_operator_3.py
[2025-02-19T09:52:16.962+0000] {processor.py:925} INFO - DAG(s) 'example_branch_dop_operator_v3' retrieved from /home/airflow/.local/lib/python3.12/site-packages/airflow/example_dags/example_branch_python_dop_operator_3.py
[2025-02-19T09:52:16.980+0000] {logging_mixin.py:190} INFO - [2025-02-19T09:52:16.979+0000] {dag.py:3229} INFO - Sync 1 DAGs
[2025-02-19T09:52:17.001+0000] {logging_mixin.py:190} INFO - [2025-02-19T09:52:17.001+0000] {dag.py:4156} INFO - Setting next_dagrun for example_branch_dop_operator_v3 to 2025-02-19 09:51:00+00:00, run_after=2025-02-19 09:52:00+00:00
[2025-02-19T09:52:17.018+0000] {processor.py:208} INFO - Processing /home/airflow/.local/lib/python3.12/site-packages/airflow/example_dags/example_branch_python_dop_operator_3.py took 0.070 seconds
[2025-02-19T09:52:47.137+0000] {processor.py:186} INFO - Started process (PID=1897) to work on /home/airflow/.local/lib/python3.12/site-packages/airflow/example_dags/example_branch_python_dop_operator_3.py
[2025-02-19T09:52:47.138+0000] {processor.py:914} INFO - Processing file /home/airflow/.local/lib/python3.12/site-packages/airflow/example_dags/example_branch_python_dop_operator_3.py for tasks to queue
[2025-02-19T09:52:47.140+0000] {logging_mixin.py:190} INFO - [2025-02-19T09:52:47.139+0000] {dagbag.py:587} INFO - Filling up the DagBag from /home/airflow/.local/lib/python3.12/site-packages/airflow/example_dags/example_branch_python_dop_operator_3.py
[2025-02-19T09:52:47.148+0000] {processor.py:925} INFO - DAG(s) 'example_branch_dop_operator_v3' retrieved from /home/airflow/.local/lib/python3.12/site-packages/airflow/example_dags/example_branch_python_dop_operator_3.py
[2025-02-19T09:52:47.165+0000] {logging_mixin.py:190} INFO - [2025-02-19T09:52:47.164+0000] {dag.py:3229} INFO - Sync 1 DAGs
[2025-02-19T09:52:47.188+0000] {logging_mixin.py:190} INFO - [2025-02-19T09:52:47.188+0000] {dag.py:4156} INFO - Setting next_dagrun for example_branch_dop_operator_v3 to 2025-02-19 09:51:00+00:00, run_after=2025-02-19 09:52:00+00:00
[2025-02-19T09:52:47.204+0000] {processor.py:208} INFO - Processing /home/airflow/.local/lib/python3.12/site-packages/airflow/example_dags/example_branch_python_dop_operator_3.py took 0.071 seconds
[2025-02-19T09:53:17.380+0000] {processor.py:186} INFO - Started process (PID=1961) to work on /home/airflow/.local/lib/python3.12/site-packages/airflow/example_dags/example_branch_python_dop_operator_3.py
[2025-02-19T09:53:17.382+0000] {processor.py:914} INFO - Processing file /home/airflow/.local/lib/python3.12/site-packages/airflow/example_dags/example_branch_python_dop_operator_3.py for tasks to queue
[2025-02-19T09:53:17.384+0000] {logging_mixin.py:190} INFO - [2025-02-19T09:53:17.383+0000] {dagbag.py:587} INFO - Filling up the DagBag from /home/airflow/.local/lib/python3.12/site-packages/airflow/example_dags/example_branch_python_dop_operator_3.py
[2025-02-19T09:53:17.393+0000] {processor.py:925} INFO - DAG(s) 'example_branch_dop_operator_v3' retrieved from /home/airflow/.local/lib/python3.12/site-packages/airflow/example_dags/example_branch_python_dop_operator_3.py
[2025-02-19T09:53:17.412+0000] {logging_mixin.py:190} INFO - [2025-02-19T09:53:17.411+0000] {dag.py:3229} INFO - Sync 1 DAGs
[2025-02-19T09:53:17.436+0000] {logging_mixin.py:190} INFO - [2025-02-19T09:53:17.436+0000] {dag.py:4156} INFO - Setting next_dagrun for example_branch_dop_operator_v3 to 2025-02-19 09:52:00+00:00, run_after=2025-02-19 09:53:00+00:00
[2025-02-19T09:53:17.455+0000] {processor.py:208} INFO - Processing /home/airflow/.local/lib/python3.12/site-packages/airflow/example_dags/example_branch_python_dop_operator_3.py took 0.079 seconds
[2025-02-19T09:53:47.736+0000] {processor.py:186} INFO - Started process (PID=2025) to work on /home/airflow/.local/lib/python3.12/site-packages/airflow/example_dags/example_branch_python_dop_operator_3.py
[2025-02-19T09:53:47.737+0000] {processor.py:914} INFO - Processing file /home/airflow/.local/lib/python3.12/site-packages/airflow/example_dags/example_branch_python_dop_operator_3.py for tasks to queue
[2025-02-19T09:53:47.738+0000] {logging_mixin.py:190} INFO - [2025-02-19T09:53:47.738+0000] {dagbag.py:587} INFO - Filling up the DagBag from /home/airflow/.local/lib/python3.12/site-packages/airflow/example_dags/example_branch_python_dop_operator_3.py
[2025-02-19T09:53:47.745+0000] {processor.py:925} INFO - DAG(s) 'example_branch_dop_operator_v3' retrieved from /home/airflow/.local/lib/python3.12/site-packages/airflow/example_dags/example_branch_python_dop_operator_3.py
[2025-02-19T09:53:47.763+0000] {logging_mixin.py:190} INFO - [2025-02-19T09:53:47.762+0000] {dag.py:3229} INFO - Sync 1 DAGs
[2025-02-19T09:53:47.782+0000] {logging_mixin.py:190} INFO - [2025-02-19T09:53:47.782+0000] {dag.py:4156} INFO - Setting next_dagrun for example_branch_dop_operator_v3 to 2025-02-19 09:52:00+00:00, run_after=2025-02-19 09:53:00+00:00
[2025-02-19T09:53:47.795+0000] {processor.py:208} INFO - Processing /home/airflow/.local/lib/python3.12/site-packages/airflow/example_dags/example_branch_python_dop_operator_3.py took 0.063 seconds
[2025-02-19T09:54:18.132+0000] {processor.py:186} INFO - Started process (PID=2089) to work on /home/airflow/.local/lib/python3.12/site-packages/airflow/example_dags/example_branch_python_dop_operator_3.py
[2025-02-19T09:54:18.133+0000] {processor.py:914} INFO - Processing file /home/airflow/.local/lib/python3.12/site-packages/airflow/example_dags/example_branch_python_dop_operator_3.py for tasks to queue
[2025-02-19T09:54:18.135+0000] {logging_mixin.py:190} INFO - [2025-02-19T09:54:18.135+0000] {dagbag.py:587} INFO - Filling up the DagBag from /home/airflow/.local/lib/python3.12/site-packages/airflow/example_dags/example_branch_python_dop_operator_3.py
[2025-02-19T09:54:18.143+0000] {processor.py:925} INFO - DAG(s) 'example_branch_dop_operator_v3' retrieved from /home/airflow/.local/lib/python3.12/site-packages/airflow/example_dags/example_branch_python_dop_operator_3.py
[2025-02-19T09:54:18.161+0000] {logging_mixin.py:190} INFO - [2025-02-19T09:54:18.161+0000] {dag.py:3229} INFO - Sync 1 DAGs
[2025-02-19T09:54:18.183+0000] {logging_mixin.py:190} INFO - [2025-02-19T09:54:18.183+0000] {dag.py:4156} INFO - Setting next_dagrun for example_branch_dop_operator_v3 to 2025-02-19 09:53:00+00:00, run_after=2025-02-19 09:54:00+00:00
[2025-02-19T09:54:18.199+0000] {processor.py:208} INFO - Processing /home/airflow/.local/lib/python3.12/site-packages/airflow/example_dags/example_branch_python_dop_operator_3.py took 0.071 seconds
[2025-02-19T09:54:48.295+0000] {processor.py:186} INFO - Started process (PID=2152) to work on /home/airflow/.local/lib/python3.12/site-packages/airflow/example_dags/example_branch_python_dop_operator_3.py
[2025-02-19T09:54:48.296+0000] {processor.py:914} INFO - Processing file /home/airflow/.local/lib/python3.12/site-packages/airflow/example_dags/example_branch_python_dop_operator_3.py for tasks to queue
[2025-02-19T09:54:48.298+0000] {logging_mixin.py:190} INFO - [2025-02-19T09:54:48.298+0000] {dagbag.py:587} INFO - Filling up the DagBag from /home/airflow/.local/lib/python3.12/site-packages/airflow/example_dags/example_branch_python_dop_operator_3.py
[2025-02-19T09:54:48.306+0000] {processor.py:925} INFO - DAG(s) 'example_branch_dop_operator_v3' retrieved from /home/airflow/.local/lib/python3.12/site-packages/airflow/example_dags/example_branch_python_dop_operator_3.py
[2025-02-19T09:54:48.322+0000] {logging_mixin.py:190} INFO - [2025-02-19T09:54:48.322+0000] {dag.py:3229} INFO - Sync 1 DAGs
[2025-02-19T09:54:48.344+0000] {logging_mixin.py:190} INFO - [2025-02-19T09:54:48.343+0000] {dag.py:4156} INFO - Setting next_dagrun for example_branch_dop_operator_v3 to 2025-02-19 09:53:00+00:00, run_after=2025-02-19 09:54:00+00:00
[2025-02-19T09:54:48.361+0000] {processor.py:208} INFO - Processing /home/airflow/.local/lib/python3.12/site-packages/airflow/example_dags/example_branch_python_dop_operator_3.py took 0.070 seconds
[2025-02-19T09:55:18.657+0000] {processor.py:186} INFO - Started process (PID=2217) to work on /home/airflow/.local/lib/python3.12/site-packages/airflow/example_dags/example_branch_python_dop_operator_3.py
[2025-02-19T09:55:18.658+0000] {processor.py:914} INFO - Processing file /home/airflow/.local/lib/python3.12/site-packages/airflow/example_dags/example_branch_python_dop_operator_3.py for tasks to queue
[2025-02-19T09:55:18.660+0000] {logging_mixin.py:190} INFO - [2025-02-19T09:55:18.660+0000] {dagbag.py:587} INFO - Filling up the DagBag from /home/airflow/.local/lib/python3.12/site-packages/airflow/example_dags/example_branch_python_dop_operator_3.py
[2025-02-19T09:55:18.668+0000] {processor.py:925} INFO - DAG(s) 'example_branch_dop_operator_v3' retrieved from /home/airflow/.local/lib/python3.12/site-packages/airflow/example_dags/example_branch_python_dop_operator_3.py
[2025-02-19T09:55:18.686+0000] {logging_mixin.py:190} INFO - [2025-02-19T09:55:18.686+0000] {dag.py:3229} INFO - Sync 1 DAGs
[2025-02-19T09:55:18.709+0000] {logging_mixin.py:190} INFO - [2025-02-19T09:55:18.708+0000] {dag.py:4156} INFO - Setting next_dagrun for example_branch_dop_operator_v3 to 2025-02-19 09:54:00+00:00, run_after=2025-02-19 09:55:00+00:00
[2025-02-19T09:55:18.724+0000] {processor.py:208} INFO - Processing /home/airflow/.local/lib/python3.12/site-packages/airflow/example_dags/example_branch_python_dop_operator_3.py took 0.072 seconds
[2025-02-19T09:55:49.045+0000] {processor.py:186} INFO - Started process (PID=2281) to work on /home/airflow/.local/lib/python3.12/site-packages/airflow/example_dags/example_branch_python_dop_operator_3.py
[2025-02-19T09:55:49.046+0000] {processor.py:914} INFO - Processing file /home/airflow/.local/lib/python3.12/site-packages/airflow/example_dags/example_branch_python_dop_operator_3.py for tasks to queue
[2025-02-19T09:55:49.048+0000] {logging_mixin.py:190} INFO - [2025-02-19T09:55:49.047+0000] {dagbag.py:587} INFO - Filling up the DagBag from /home/airflow/.local/lib/python3.12/site-packages/airflow/example_dags/example_branch_python_dop_operator_3.py
[2025-02-19T09:55:49.055+0000] {processor.py:925} INFO - DAG(s) 'example_branch_dop_operator_v3' retrieved from /home/airflow/.local/lib/python3.12/site-packages/airflow/example_dags/example_branch_python_dop_operator_3.py
[2025-02-19T09:55:49.073+0000] {logging_mixin.py:190} INFO - [2025-02-19T09:55:49.072+0000] {dag.py:3229} INFO - Sync 1 DAGs
[2025-02-19T09:55:49.093+0000] {logging_mixin.py:190} INFO - [2025-02-19T09:55:49.093+0000] {dag.py:4156} INFO - Setting next_dagrun for example_branch_dop_operator_v3 to 2025-02-19 09:54:00+00:00, run_after=2025-02-19 09:55:00+00:00
[2025-02-19T09:55:49.107+0000] {processor.py:208} INFO - Processing /home/airflow/.local/lib/python3.12/site-packages/airflow/example_dags/example_branch_python_dop_operator_3.py took 0.066 seconds
[2025-02-19T09:56:19.432+0000] {processor.py:186} INFO - Started process (PID=2345) to work on /home/airflow/.local/lib/python3.12/site-packages/airflow/example_dags/example_branch_python_dop_operator_3.py
[2025-02-19T09:56:19.433+0000] {processor.py:914} INFO - Processing file /home/airflow/.local/lib/python3.12/site-packages/airflow/example_dags/example_branch_python_dop_operator_3.py for tasks to queue
[2025-02-19T09:56:19.435+0000] {logging_mixin.py:190} INFO - [2025-02-19T09:56:19.435+0000] {dagbag.py:587} INFO - Filling up the DagBag from /home/airflow/.local/lib/python3.12/site-packages/airflow/example_dags/example_branch_python_dop_operator_3.py
[2025-02-19T09:56:19.443+0000] {processor.py:925} INFO - DAG(s) 'example_branch_dop_operator_v3' retrieved from /home/airflow/.local/lib/python3.12/site-packages/airflow/example_dags/example_branch_python_dop_operator_3.py
[2025-02-19T09:56:19.460+0000] {logging_mixin.py:190} INFO - [2025-02-19T09:56:19.460+0000] {dag.py:3229} INFO - Sync 1 DAGs
[2025-02-19T09:56:19.481+0000] {logging_mixin.py:190} INFO - [2025-02-19T09:56:19.481+0000] {dag.py:4156} INFO - Setting next_dagrun for example_branch_dop_operator_v3 to 2025-02-19 09:55:00+00:00, run_after=2025-02-19 09:56:00+00:00
[2025-02-19T09:56:19.494+0000] {processor.py:208} INFO - Processing /home/airflow/.local/lib/python3.12/site-packages/airflow/example_dags/example_branch_python_dop_operator_3.py took 0.067 seconds
[2025-02-19T09:56:49.852+0000] {processor.py:186} INFO - Started process (PID=2410) to work on /home/airflow/.local/lib/python3.12/site-packages/airflow/example_dags/example_branch_python_dop_operator_3.py
[2025-02-19T09:56:49.853+0000] {processor.py:914} INFO - Processing file /home/airflow/.local/lib/python3.12/site-packages/airflow/example_dags/example_branch_python_dop_operator_3.py for tasks to queue
[2025-02-19T09:56:49.855+0000] {logging_mixin.py:190} INFO - [2025-02-19T09:56:49.855+0000] {dagbag.py:587} INFO - Filling up the DagBag from /home/airflow/.local/lib/python3.12/site-packages/airflow/example_dags/example_branch_python_dop_operator_3.py
[2025-02-19T09:56:49.863+0000] {processor.py:925} INFO - DAG(s) 'example_branch_dop_operator_v3' retrieved from /home/airflow/.local/lib/python3.12/site-packages/airflow/example_dags/example_branch_python_dop_operator_3.py
[2025-02-19T09:56:49.881+0000] {logging_mixin.py:190} INFO - [2025-02-19T09:56:49.881+0000] {dag.py:3229} INFO - Sync 1 DAGs
[2025-02-19T09:56:49.901+0000] {logging_mixin.py:190} INFO - [2025-02-19T09:56:49.901+0000] {dag.py:4156} INFO - Setting next_dagrun for example_branch_dop_operator_v3 to 2025-02-19 09:55:00+00:00, run_after=2025-02-19 09:56:00+00:00
[2025-02-19T09:56:49.916+0000] {processor.py:208} INFO - Processing /home/airflow/.local/lib/python3.12/site-packages/airflow/example_dags/example_branch_python_dop_operator_3.py took 0.068 seconds
[2025-02-19T09:57:21.182+0000] {processor.py:186} INFO - Started process (PID=2476) to work on /home/airflow/.local/lib/python3.12/site-packages/airflow/example_dags/example_branch_python_dop_operator_3.py
[2025-02-19T09:57:21.183+0000] {processor.py:914} INFO - Processing file /home/airflow/.local/lib/python3.12/site-packages/airflow/example_dags/example_branch_python_dop_operator_3.py for tasks to queue
[2025-02-19T09:57:21.185+0000] {logging_mixin.py:190} INFO - [2025-02-19T09:57:21.185+0000] {dagbag.py:587} INFO - Filling up the DagBag from /home/airflow/.local/lib/python3.12/site-packages/airflow/example_dags/example_branch_python_dop_operator_3.py
[2025-02-19T09:57:21.194+0000] {processor.py:925} INFO - DAG(s) 'example_branch_dop_operator_v3' retrieved from /home/airflow/.local/lib/python3.12/site-packages/airflow/example_dags/example_branch_python_dop_operator_3.py
[2025-02-19T09:57:21.212+0000] {logging_mixin.py:190} INFO - [2025-02-19T09:57:21.211+0000] {dag.py:3229} INFO - Sync 1 DAGs
[2025-02-19T09:57:21.235+0000] {logging_mixin.py:190} INFO - [2025-02-19T09:57:21.235+0000] {dag.py:4156} INFO - Setting next_dagrun for example_branch_dop_operator_v3 to 2025-02-19 09:56:00+00:00, run_after=2025-02-19 09:57:00+00:00
[2025-02-19T09:57:21.256+0000] {processor.py:208} INFO - Processing /home/airflow/.local/lib/python3.12/site-packages/airflow/example_dags/example_branch_python_dop_operator_3.py took 0.078 seconds
[2025-02-19T09:57:51.581+0000] {processor.py:186} INFO - Started process (PID=2540) to work on /home/airflow/.local/lib/python3.12/site-packages/airflow/example_dags/example_branch_python_dop_operator_3.py
[2025-02-19T09:57:51.582+0000] {processor.py:914} INFO - Processing file /home/airflow/.local/lib/python3.12/site-packages/airflow/example_dags/example_branch_python_dop_operator_3.py for tasks to queue
[2025-02-19T09:57:51.584+0000] {logging_mixin.py:190} INFO - [2025-02-19T09:57:51.584+0000] {dagbag.py:587} INFO - Filling up the DagBag from /home/airflow/.local/lib/python3.12/site-packages/airflow/example_dags/example_branch_python_dop_operator_3.py
[2025-02-19T09:57:51.592+0000] {processor.py:925} INFO - DAG(s) 'example_branch_dop_operator_v3' retrieved from /home/airflow/.local/lib/python3.12/site-packages/airflow/example_dags/example_branch_python_dop_operator_3.py
[2025-02-19T09:57:51.608+0000] {logging_mixin.py:190} INFO - [2025-02-19T09:57:51.608+0000] {dag.py:3229} INFO - Sync 1 DAGs
[2025-02-19T09:57:51.628+0000] {logging_mixin.py:190} INFO - [2025-02-19T09:57:51.628+0000] {dag.py:4156} INFO - Setting next_dagrun for example_branch_dop_operator_v3 to 2025-02-19 09:56:00+00:00, run_after=2025-02-19 09:57:00+00:00
[2025-02-19T09:57:51.643+0000] {processor.py:208} INFO - Processing /home/airflow/.local/lib/python3.12/site-packages/airflow/example_dags/example_branch_python_dop_operator_3.py took 0.066 seconds
[2025-02-19T09:58:22.331+0000] {processor.py:186} INFO - Started process (PID=2605) to work on /home/airflow/.local/lib/python3.12/site-packages/airflow/example_dags/example_branch_python_dop_operator_3.py
[2025-02-19T09:58:22.332+0000] {processor.py:914} INFO - Processing file /home/airflow/.local/lib/python3.12/site-packages/airflow/example_dags/example_branch_python_dop_operator_3.py for tasks to queue
[2025-02-19T09:58:22.334+0000] {logging_mixin.py:190} INFO - [2025-02-19T09:58:22.333+0000] {dagbag.py:587} INFO - Filling up the DagBag from /home/airflow/.local/lib/python3.12/site-packages/airflow/example_dags/example_branch_python_dop_operator_3.py
[2025-02-19T09:58:22.342+0000] {processor.py:925} INFO - DAG(s) 'example_branch_dop_operator_v3' retrieved from /home/airflow/.local/lib/python3.12/site-packages/airflow/example_dags/example_branch_python_dop_operator_3.py
[2025-02-19T09:58:22.360+0000] {logging_mixin.py:190} INFO - [2025-02-19T09:58:22.360+0000] {dag.py:3229} INFO - Sync 1 DAGs
[2025-02-19T09:58:22.382+0000] {logging_mixin.py:190} INFO - [2025-02-19T09:58:22.381+0000] {dag.py:4156} INFO - Setting next_dagrun for example_branch_dop_operator_v3 to 2025-02-19 09:57:00+00:00, run_after=2025-02-19 09:58:00+00:00
[2025-02-19T09:58:22.396+0000] {processor.py:208} INFO - Processing /home/airflow/.local/lib/python3.12/site-packages/airflow/example_dags/example_branch_python_dop_operator_3.py took 0.069 seconds
[2025-02-19T09:58:53.419+0000] {processor.py:186} INFO - Started process (PID=2674) to work on /home/airflow/.local/lib/python3.12/site-packages/airflow/example_dags/example_branch_python_dop_operator_3.py
[2025-02-19T09:58:53.421+0000] {processor.py:914} INFO - Processing file /home/airflow/.local/lib/python3.12/site-packages/airflow/example_dags/example_branch_python_dop_operator_3.py for tasks to queue
[2025-02-19T09:58:53.422+0000] {logging_mixin.py:190} INFO - [2025-02-19T09:58:53.422+0000] {dagbag.py:587} INFO - Filling up the DagBag from /home/airflow/.local/lib/python3.12/site-packages/airflow/example_dags/example_branch_python_dop_operator_3.py
[2025-02-19T09:58:53.430+0000] {processor.py:925} INFO - DAG(s) 'example_branch_dop_operator_v3' retrieved from /home/airflow/.local/lib/python3.12/site-packages/airflow/example_dags/example_branch_python_dop_operator_3.py
[2025-02-19T09:58:53.448+0000] {logging_mixin.py:190} INFO - [2025-02-19T09:58:53.448+0000] {dag.py:3229} INFO - Sync 1 DAGs
[2025-02-19T09:58:53.470+0000] {logging_mixin.py:190} INFO - [2025-02-19T09:58:53.470+0000] {dag.py:4156} INFO - Setting next_dagrun for example_branch_dop_operator_v3 to 2025-02-19 09:57:00+00:00, run_after=2025-02-19 09:58:00+00:00
[2025-02-19T09:58:53.487+0000] {processor.py:208} INFO - Processing /home/airflow/.local/lib/python3.12/site-packages/airflow/example_dags/example_branch_python_dop_operator_3.py took 0.071 seconds
[2025-02-19T09:59:24.610+0000] {processor.py:186} INFO - Started process (PID=2738) to work on /home/airflow/.local/lib/python3.12/site-packages/airflow/example_dags/example_branch_python_dop_operator_3.py
[2025-02-19T09:59:24.612+0000] {processor.py:914} INFO - Processing file /home/airflow/.local/lib/python3.12/site-packages/airflow/example_dags/example_branch_python_dop_operator_3.py for tasks to queue
[2025-02-19T09:59:24.613+0000] {logging_mixin.py:190} INFO - [2025-02-19T09:59:24.613+0000] {dagbag.py:587} INFO - Filling up the DagBag from /home/airflow/.local/lib/python3.12/site-packages/airflow/example_dags/example_branch_python_dop_operator_3.py
[2025-02-19T09:59:24.621+0000] {processor.py:925} INFO - DAG(s) 'example_branch_dop_operator_v3' retrieved from /home/airflow/.local/lib/python3.12/site-packages/airflow/example_dags/example_branch_python_dop_operator_3.py
[2025-02-19T09:59:24.639+0000] {logging_mixin.py:190} INFO - [2025-02-19T09:59:24.639+0000] {dag.py:3229} INFO - Sync 1 DAGs
[2025-02-19T09:59:24.661+0000] {logging_mixin.py:190} INFO - [2025-02-19T09:59:24.661+0000] {dag.py:4156} INFO - Setting next_dagrun for example_branch_dop_operator_v3 to 2025-02-19 09:58:00+00:00, run_after=2025-02-19 09:59:00+00:00
[2025-02-19T09:59:24.677+0000] {processor.py:208} INFO - Processing /home/airflow/.local/lib/python3.12/site-packages/airflow/example_dags/example_branch_python_dop_operator_3.py took 0.070 seconds
[2025-02-19T10:23:13.663+0000] {logging_mixin.py:190} INFO - [2025-02-19T10:23:13.662+0000] {settings.py:475} DEBUG - Setting up DB connection pool (PID 87)
[2025-02-19T10:23:13.665+0000] {logging_mixin.py:190} INFO - [2025-02-19T10:23:13.664+0000] {settings.py:579} DEBUG - settings.prepare_engine_args(): Using pool settings. pool_size=5, max_overflow=10, pool_recycle=1800, pid=87
[2025-02-19T10:23:13.671+0000] {processor.py:186} INFO - Started process (PID=87) to work on /home/airflow/.local/lib/python3.12/site-packages/airflow/example_dags/example_branch_python_dop_operator_3.py
[2025-02-19T10:23:13.671+0000] {processor.py:914} INFO - Processing file /home/airflow/.local/lib/python3.12/site-packages/airflow/example_dags/example_branch_python_dop_operator_3.py for tasks to queue
[2025-02-19T10:23:13.672+0000] {logging_mixin.py:190} INFO - [2025-02-19T10:23:13.672+0000] {dagbag.py:587} INFO - Filling up the DagBag from /home/airflow/.local/lib/python3.12/site-packages/airflow/example_dags/example_branch_python_dop_operator_3.py
[2025-02-19T10:23:13.673+0000] {logging_mixin.py:190} INFO - [2025-02-19T10:23:13.673+0000] {dagbag.py:368} DEBUG - Importing /home/airflow/.local/lib/python3.12/site-packages/airflow/example_dags/example_branch_python_dop_operator_3.py
[2025-02-19T10:23:13.676+0000] {logging_mixin.py:190} INFO - [2025-02-19T10:23:13.676+0000] {GetText.py:50} DEBUG - Failed to find locale C
[2025-02-19T10:23:13.677+0000] {logging_mixin.py:190} INFO - [2025-02-19T10:23:13.676+0000] {GetText.py:51} DEBUG - Attempting to load en_US as fallback
[2025-02-19T10:23:13.677+0000] {logging_mixin.py:190} INFO - [2025-02-19T10:23:13.677+0000] {GetText.py:65} DEBUG - /home/airflow/.local/lib/python3.12/site-packages/cron_descriptor/locale/en_US.mo Loaded
[2025-02-19T10:23:13.685+0000] {logging_mixin.py:190} INFO - [2025-02-19T10:23:13.683+0000] {dagbag.py:553} DEBUG - Loaded DAG <DAG: example_branch_dop_operator_v3>
[2025-02-19T10:23:13.685+0000] {processor.py:925} INFO - DAG(s) 'example_branch_dop_operator_v3' retrieved from /home/airflow/.local/lib/python3.12/site-packages/airflow/example_dags/example_branch_python_dop_operator_3.py
[2025-02-19T10:23:13.686+0000] {logging_mixin.py:190} INFO - [2025-02-19T10:23:13.686+0000] {dagbag.py:710} DEBUG - Running dagbag.sync_to_db with retries. Try 1 of 3
[2025-02-19T10:23:13.686+0000] {logging_mixin.py:190} INFO - [2025-02-19T10:23:13.686+0000] {dagbag.py:715} DEBUG - Calling the DAG.bulk_sync_to_db method
[2025-02-19T10:23:13.697+0000] {logging_mixin.py:190} INFO - [2025-02-19T10:23:13.697+0000] {serialized_dag.py:168} DEBUG - Checking if DAG (example_branch_dop_operator_v3) changed
[2025-02-19T10:23:13.706+0000] {logging_mixin.py:190} INFO - [2025-02-19T10:23:13.706+0000] {serialized_dag.py:179} DEBUG - Serialized DAG (example_branch_dop_operator_v3) is unchanged. Skipping writing to DB
[2025-02-19T10:23:13.707+0000] {logging_mixin.py:190} INFO - [2025-02-19T10:23:13.707+0000] {dag.py:3229} INFO - Sync 1 DAGs
[2025-02-19T10:23:13.735+0000] {logging_mixin.py:190} INFO - [2025-02-19T10:23:13.734+0000] {dag.py:4156} INFO - Setting next_dagrun for example_branch_dop_operator_v3 to 2025-02-19 10:22:00+00:00, run_after=2025-02-19 10:23:00+00:00
[2025-02-19T10:23:13.756+0000] {processor.py:208} INFO - Processing /home/airflow/.local/lib/python3.12/site-packages/airflow/example_dags/example_branch_python_dop_operator_3.py took 0.094 seconds
[2025-02-19T10:23:56.198+0000] {logging_mixin.py:190} INFO - [2025-02-19T10:23:56.197+0000] {settings.py:475} DEBUG - Setting up DB connection pool (PID 151)
[2025-02-19T10:23:56.207+0000] {logging_mixin.py:190} INFO - [2025-02-19T10:23:56.207+0000] {settings.py:579} DEBUG - settings.prepare_engine_args(): Using pool settings. pool_size=5, max_overflow=10, pool_recycle=1800, pid=151
[2025-02-19T10:23:56.212+0000] {processor.py:186} INFO - Started process (PID=151) to work on /home/airflow/.local/lib/python3.12/site-packages/airflow/example_dags/example_branch_python_dop_operator_3.py
[2025-02-19T10:23:56.212+0000] {processor.py:914} INFO - Processing file /home/airflow/.local/lib/python3.12/site-packages/airflow/example_dags/example_branch_python_dop_operator_3.py for tasks to queue
[2025-02-19T10:23:56.213+0000] {logging_mixin.py:190} INFO - [2025-02-19T10:23:56.213+0000] {dagbag.py:587} INFO - Filling up the DagBag from /home/airflow/.local/lib/python3.12/site-packages/airflow/example_dags/example_branch_python_dop_operator_3.py
[2025-02-19T10:23:56.214+0000] {logging_mixin.py:190} INFO - [2025-02-19T10:23:56.214+0000] {dagbag.py:368} DEBUG - Importing /home/airflow/.local/lib/python3.12/site-packages/airflow/example_dags/example_branch_python_dop_operator_3.py
[2025-02-19T10:23:56.216+0000] {logging_mixin.py:190} INFO - [2025-02-19T10:23:56.216+0000] {GetText.py:50} DEBUG - Failed to find locale C
[2025-02-19T10:23:56.216+0000] {logging_mixin.py:190} INFO - [2025-02-19T10:23:56.216+0000] {GetText.py:51} DEBUG - Attempting to load en_US as fallback
[2025-02-19T10:23:56.217+0000] {logging_mixin.py:190} INFO - [2025-02-19T10:23:56.217+0000] {GetText.py:65} DEBUG - /home/airflow/.local/lib/python3.12/site-packages/cron_descriptor/locale/en_US.mo Loaded
[2025-02-19T10:23:56.224+0000] {logging_mixin.py:190} INFO - [2025-02-19T10:23:56.223+0000] {dagbag.py:553} DEBUG - Loaded DAG <DAG: example_branch_dop_operator_v3>
[2025-02-19T10:23:56.224+0000] {processor.py:925} INFO - DAG(s) 'example_branch_dop_operator_v3' retrieved from /home/airflow/.local/lib/python3.12/site-packages/airflow/example_dags/example_branch_python_dop_operator_3.py
[2025-02-19T10:23:56.225+0000] {logging_mixin.py:190} INFO - [2025-02-19T10:23:56.225+0000] {dagbag.py:710} DEBUG - Running dagbag.sync_to_db with retries. Try 1 of 3
[2025-02-19T10:23:56.225+0000] {logging_mixin.py:190} INFO - [2025-02-19T10:23:56.225+0000] {dagbag.py:715} DEBUG - Calling the DAG.bulk_sync_to_db method
[2025-02-19T10:23:56.237+0000] {logging_mixin.py:190} INFO - [2025-02-19T10:23:56.236+0000] {serialized_dag.py:168} DEBUG - Checking if DAG (example_branch_dop_operator_v3) changed
[2025-02-19T10:23:56.246+0000] {logging_mixin.py:190} INFO - [2025-02-19T10:23:56.246+0000] {serialized_dag.py:179} DEBUG - Serialized DAG (example_branch_dop_operator_v3) is unchanged. Skipping writing to DB
[2025-02-19T10:23:56.247+0000] {logging_mixin.py:190} INFO - [2025-02-19T10:23:56.247+0000] {dag.py:3229} INFO - Sync 1 DAGs
[2025-02-19T10:23:56.277+0000] {logging_mixin.py:190} INFO - [2025-02-19T10:23:56.277+0000] {dag.py:4156} INFO - Setting next_dagrun for example_branch_dop_operator_v3 to 2025-02-19 10:22:00+00:00, run_after=2025-02-19 10:23:00+00:00
[2025-02-19T10:23:56.300+0000] {processor.py:208} INFO - Processing /home/airflow/.local/lib/python3.12/site-packages/airflow/example_dags/example_branch_python_dop_operator_3.py took 0.103 seconds
[2025-02-19T10:24:26.567+0000] {logging_mixin.py:190} INFO - [2025-02-19T10:24:26.566+0000] {settings.py:475} DEBUG - Setting up DB connection pool (PID 215)
[2025-02-19T10:24:26.568+0000] {logging_mixin.py:190} INFO - [2025-02-19T10:24:26.568+0000] {settings.py:579} DEBUG - settings.prepare_engine_args(): Using pool settings. pool_size=5, max_overflow=10, pool_recycle=1800, pid=215
[2025-02-19T10:24:26.573+0000] {processor.py:186} INFO - Started process (PID=215) to work on /home/airflow/.local/lib/python3.12/site-packages/airflow/example_dags/example_branch_python_dop_operator_3.py
[2025-02-19T10:24:26.573+0000] {processor.py:914} INFO - Processing file /home/airflow/.local/lib/python3.12/site-packages/airflow/example_dags/example_branch_python_dop_operator_3.py for tasks to queue
[2025-02-19T10:24:26.574+0000] {logging_mixin.py:190} INFO - [2025-02-19T10:24:26.574+0000] {dagbag.py:587} INFO - Filling up the DagBag from /home/airflow/.local/lib/python3.12/site-packages/airflow/example_dags/example_branch_python_dop_operator_3.py
[2025-02-19T10:24:26.575+0000] {logging_mixin.py:190} INFO - [2025-02-19T10:24:26.574+0000] {dagbag.py:368} DEBUG - Importing /home/airflow/.local/lib/python3.12/site-packages/airflow/example_dags/example_branch_python_dop_operator_3.py
[2025-02-19T10:24:26.577+0000] {logging_mixin.py:190} INFO - [2025-02-19T10:24:26.577+0000] {GetText.py:50} DEBUG - Failed to find locale C
[2025-02-19T10:24:26.577+0000] {logging_mixin.py:190} INFO - [2025-02-19T10:24:26.577+0000] {GetText.py:51} DEBUG - Attempting to load en_US as fallback
[2025-02-19T10:24:26.577+0000] {logging_mixin.py:190} INFO - [2025-02-19T10:24:26.577+0000] {GetText.py:65} DEBUG - /home/airflow/.local/lib/python3.12/site-packages/cron_descriptor/locale/en_US.mo Loaded
[2025-02-19T10:24:26.584+0000] {logging_mixin.py:190} INFO - [2025-02-19T10:24:26.583+0000] {dagbag.py:553} DEBUG - Loaded DAG <DAG: example_branch_dop_operator_v3>
[2025-02-19T10:24:26.584+0000] {processor.py:925} INFO - DAG(s) 'example_branch_dop_operator_v3' retrieved from /home/airflow/.local/lib/python3.12/site-packages/airflow/example_dags/example_branch_python_dop_operator_3.py
[2025-02-19T10:24:26.585+0000] {logging_mixin.py:190} INFO - [2025-02-19T10:24:26.585+0000] {dagbag.py:710} DEBUG - Running dagbag.sync_to_db with retries. Try 1 of 3
[2025-02-19T10:24:26.585+0000] {logging_mixin.py:190} INFO - [2025-02-19T10:24:26.585+0000] {dagbag.py:715} DEBUG - Calling the DAG.bulk_sync_to_db method
[2025-02-19T10:24:26.597+0000] {logging_mixin.py:190} INFO - [2025-02-19T10:24:26.597+0000] {serialized_dag.py:168} DEBUG - Checking if DAG (example_branch_dop_operator_v3) changed
[2025-02-19T10:24:26.607+0000] {logging_mixin.py:190} INFO - [2025-02-19T10:24:26.606+0000] {serialized_dag.py:179} DEBUG - Serialized DAG (example_branch_dop_operator_v3) is unchanged. Skipping writing to DB
[2025-02-19T10:24:26.607+0000] {logging_mixin.py:190} INFO - [2025-02-19T10:24:26.607+0000] {dag.py:3229} INFO - Sync 1 DAGs
[2025-02-19T10:24:26.631+0000] {logging_mixin.py:190} INFO - [2025-02-19T10:24:26.630+0000] {dag.py:4156} INFO - Setting next_dagrun for example_branch_dop_operator_v3 to 2025-02-19 10:23:00+00:00, run_after=2025-02-19 10:24:00+00:00
[2025-02-19T10:24:26.650+0000] {processor.py:208} INFO - Processing /home/airflow/.local/lib/python3.12/site-packages/airflow/example_dags/example_branch_python_dop_operator_3.py took 0.084 seconds
[2025-02-19T10:24:57.286+0000] {logging_mixin.py:190} INFO - [2025-02-19T10:24:57.285+0000] {settings.py:475} DEBUG - Setting up DB connection pool (PID 284)
[2025-02-19T10:24:57.287+0000] {logging_mixin.py:190} INFO - [2025-02-19T10:24:57.287+0000] {settings.py:579} DEBUG - settings.prepare_engine_args(): Using pool settings. pool_size=5, max_overflow=10, pool_recycle=1800, pid=284
[2025-02-19T10:24:57.291+0000] {processor.py:186} INFO - Started process (PID=284) to work on /home/airflow/.local/lib/python3.12/site-packages/airflow/example_dags/example_branch_python_dop_operator_3.py
[2025-02-19T10:24:57.291+0000] {processor.py:914} INFO - Processing file /home/airflow/.local/lib/python3.12/site-packages/airflow/example_dags/example_branch_python_dop_operator_3.py for tasks to queue
[2025-02-19T10:24:57.292+0000] {logging_mixin.py:190} INFO - [2025-02-19T10:24:57.292+0000] {dagbag.py:587} INFO - Filling up the DagBag from /home/airflow/.local/lib/python3.12/site-packages/airflow/example_dags/example_branch_python_dop_operator_3.py
[2025-02-19T10:24:57.293+0000] {logging_mixin.py:190} INFO - [2025-02-19T10:24:57.293+0000] {dagbag.py:368} DEBUG - Importing /home/airflow/.local/lib/python3.12/site-packages/airflow/example_dags/example_branch_python_dop_operator_3.py
[2025-02-19T10:24:57.295+0000] {logging_mixin.py:190} INFO - [2025-02-19T10:24:57.295+0000] {GetText.py:50} DEBUG - Failed to find locale C
[2025-02-19T10:24:57.295+0000] {logging_mixin.py:190} INFO - [2025-02-19T10:24:57.295+0000] {GetText.py:51} DEBUG - Attempting to load en_US as fallback
[2025-02-19T10:24:57.296+0000] {logging_mixin.py:190} INFO - [2025-02-19T10:24:57.296+0000] {GetText.py:65} DEBUG - /home/airflow/.local/lib/python3.12/site-packages/cron_descriptor/locale/en_US.mo Loaded
[2025-02-19T10:24:57.303+0000] {logging_mixin.py:190} INFO - [2025-02-19T10:24:57.302+0000] {dagbag.py:553} DEBUG - Loaded DAG <DAG: example_branch_dop_operator_v3>
[2025-02-19T10:24:57.304+0000] {processor.py:925} INFO - DAG(s) 'example_branch_dop_operator_v3' retrieved from /home/airflow/.local/lib/python3.12/site-packages/airflow/example_dags/example_branch_python_dop_operator_3.py
[2025-02-19T10:24:57.304+0000] {logging_mixin.py:190} INFO - [2025-02-19T10:24:57.304+0000] {dagbag.py:710} DEBUG - Running dagbag.sync_to_db with retries. Try 1 of 3
[2025-02-19T10:24:57.305+0000] {logging_mixin.py:190} INFO - [2025-02-19T10:24:57.304+0000] {dagbag.py:715} DEBUG - Calling the DAG.bulk_sync_to_db method
[2025-02-19T10:24:57.315+0000] {logging_mixin.py:190} INFO - [2025-02-19T10:24:57.315+0000] {serialized_dag.py:168} DEBUG - Checking if DAG (example_branch_dop_operator_v3) changed
[2025-02-19T10:24:57.324+0000] {logging_mixin.py:190} INFO - [2025-02-19T10:24:57.323+0000] {serialized_dag.py:179} DEBUG - Serialized DAG (example_branch_dop_operator_v3) is unchanged. Skipping writing to DB
[2025-02-19T10:24:57.324+0000] {logging_mixin.py:190} INFO - [2025-02-19T10:24:57.324+0000] {dag.py:3229} INFO - Sync 1 DAGs
[2025-02-19T10:24:57.350+0000] {logging_mixin.py:190} INFO - [2025-02-19T10:24:57.350+0000] {dag.py:4156} INFO - Setting next_dagrun for example_branch_dop_operator_v3 to 2025-02-19 10:23:00+00:00, run_after=2025-02-19 10:24:00+00:00
[2025-02-19T10:24:57.371+0000] {processor.py:208} INFO - Processing /home/airflow/.local/lib/python3.12/site-packages/airflow/example_dags/example_branch_python_dop_operator_3.py took 0.086 seconds
[2025-02-19T10:25:27.603+0000] {logging_mixin.py:190} INFO - [2025-02-19T10:25:27.602+0000] {settings.py:475} DEBUG - Setting up DB connection pool (PID 348)
[2025-02-19T10:25:27.604+0000] {logging_mixin.py:190} INFO - [2025-02-19T10:25:27.604+0000] {settings.py:579} DEBUG - settings.prepare_engine_args(): Using pool settings. pool_size=5, max_overflow=10, pool_recycle=1800, pid=348
[2025-02-19T10:25:27.608+0000] {processor.py:186} INFO - Started process (PID=348) to work on /home/airflow/.local/lib/python3.12/site-packages/airflow/example_dags/example_branch_python_dop_operator_3.py
[2025-02-19T10:25:27.609+0000] {processor.py:914} INFO - Processing file /home/airflow/.local/lib/python3.12/site-packages/airflow/example_dags/example_branch_python_dop_operator_3.py for tasks to queue
[2025-02-19T10:25:27.609+0000] {logging_mixin.py:190} INFO - [2025-02-19T10:25:27.609+0000] {dagbag.py:587} INFO - Filling up the DagBag from /home/airflow/.local/lib/python3.12/site-packages/airflow/example_dags/example_branch_python_dop_operator_3.py
[2025-02-19T10:25:27.610+0000] {logging_mixin.py:190} INFO - [2025-02-19T10:25:27.610+0000] {dagbag.py:368} DEBUG - Importing /home/airflow/.local/lib/python3.12/site-packages/airflow/example_dags/example_branch_python_dop_operator_3.py
[2025-02-19T10:25:27.612+0000] {logging_mixin.py:190} INFO - [2025-02-19T10:25:27.612+0000] {GetText.py:50} DEBUG - Failed to find locale C
[2025-02-19T10:25:27.612+0000] {logging_mixin.py:190} INFO - [2025-02-19T10:25:27.612+0000] {GetText.py:51} DEBUG - Attempting to load en_US as fallback
[2025-02-19T10:25:27.613+0000] {logging_mixin.py:190} INFO - [2025-02-19T10:25:27.613+0000] {GetText.py:65} DEBUG - /home/airflow/.local/lib/python3.12/site-packages/cron_descriptor/locale/en_US.mo Loaded
[2025-02-19T10:25:27.620+0000] {logging_mixin.py:190} INFO - [2025-02-19T10:25:27.618+0000] {dagbag.py:553} DEBUG - Loaded DAG <DAG: example_branch_dop_operator_v3>
[2025-02-19T10:25:27.620+0000] {processor.py:925} INFO - DAG(s) 'example_branch_dop_operator_v3' retrieved from /home/airflow/.local/lib/python3.12/site-packages/airflow/example_dags/example_branch_python_dop_operator_3.py
[2025-02-19T10:25:27.620+0000] {logging_mixin.py:190} INFO - [2025-02-19T10:25:27.620+0000] {dagbag.py:710} DEBUG - Running dagbag.sync_to_db with retries. Try 1 of 3
[2025-02-19T10:25:27.621+0000] {logging_mixin.py:190} INFO - [2025-02-19T10:25:27.620+0000] {dagbag.py:715} DEBUG - Calling the DAG.bulk_sync_to_db method
[2025-02-19T10:25:27.630+0000] {logging_mixin.py:190} INFO - [2025-02-19T10:25:27.630+0000] {serialized_dag.py:168} DEBUG - Checking if DAG (example_branch_dop_operator_v3) changed
[2025-02-19T10:25:27.638+0000] {logging_mixin.py:190} INFO - [2025-02-19T10:25:27.637+0000] {serialized_dag.py:179} DEBUG - Serialized DAG (example_branch_dop_operator_v3) is unchanged. Skipping writing to DB
[2025-02-19T10:25:27.638+0000] {logging_mixin.py:190} INFO - [2025-02-19T10:25:27.638+0000] {dag.py:3229} INFO - Sync 1 DAGs
[2025-02-19T10:25:27.660+0000] {logging_mixin.py:190} INFO - [2025-02-19T10:25:27.660+0000] {dag.py:4156} INFO - Setting next_dagrun for example_branch_dop_operator_v3 to 2025-02-19 10:24:00+00:00, run_after=2025-02-19 10:25:00+00:00
[2025-02-19T10:25:27.678+0000] {processor.py:208} INFO - Processing /home/airflow/.local/lib/python3.12/site-packages/airflow/example_dags/example_branch_python_dop_operator_3.py took 0.075 seconds
[2025-02-19T10:25:58.432+0000] {logging_mixin.py:190} INFO - [2025-02-19T10:25:58.431+0000] {settings.py:475} DEBUG - Setting up DB connection pool (PID 412)
[2025-02-19T10:25:58.433+0000] {logging_mixin.py:190} INFO - [2025-02-19T10:25:58.433+0000] {settings.py:579} DEBUG - settings.prepare_engine_args(): Using pool settings. pool_size=5, max_overflow=10, pool_recycle=1800, pid=412
[2025-02-19T10:25:58.438+0000] {processor.py:186} INFO - Started process (PID=412) to work on /home/airflow/.local/lib/python3.12/site-packages/airflow/example_dags/example_branch_python_dop_operator_3.py
[2025-02-19T10:25:58.438+0000] {processor.py:914} INFO - Processing file /home/airflow/.local/lib/python3.12/site-packages/airflow/example_dags/example_branch_python_dop_operator_3.py for tasks to queue
[2025-02-19T10:25:58.439+0000] {logging_mixin.py:190} INFO - [2025-02-19T10:25:58.439+0000] {dagbag.py:587} INFO - Filling up the DagBag from /home/airflow/.local/lib/python3.12/site-packages/airflow/example_dags/example_branch_python_dop_operator_3.py
[2025-02-19T10:25:58.440+0000] {logging_mixin.py:190} INFO - [2025-02-19T10:25:58.440+0000] {dagbag.py:368} DEBUG - Importing /home/airflow/.local/lib/python3.12/site-packages/airflow/example_dags/example_branch_python_dop_operator_3.py
[2025-02-19T10:25:58.442+0000] {logging_mixin.py:190} INFO - [2025-02-19T10:25:58.442+0000] {GetText.py:50} DEBUG - Failed to find locale C
[2025-02-19T10:25:58.442+0000] {logging_mixin.py:190} INFO - [2025-02-19T10:25:58.442+0000] {GetText.py:51} DEBUG - Attempting to load en_US as fallback
[2025-02-19T10:25:58.442+0000] {logging_mixin.py:190} INFO - [2025-02-19T10:25:58.442+0000] {GetText.py:65} DEBUG - /home/airflow/.local/lib/python3.12/site-packages/cron_descriptor/locale/en_US.mo Loaded
[2025-02-19T10:25:58.449+0000] {logging_mixin.py:190} INFO - [2025-02-19T10:25:58.448+0000] {dagbag.py:553} DEBUG - Loaded DAG <DAG: example_branch_dop_operator_v3>
[2025-02-19T10:25:58.449+0000] {processor.py:925} INFO - DAG(s) 'example_branch_dop_operator_v3' retrieved from /home/airflow/.local/lib/python3.12/site-packages/airflow/example_dags/example_branch_python_dop_operator_3.py
[2025-02-19T10:25:58.450+0000] {logging_mixin.py:190} INFO - [2025-02-19T10:25:58.450+0000] {dagbag.py:710} DEBUG - Running dagbag.sync_to_db with retries. Try 1 of 3
[2025-02-19T10:25:58.450+0000] {logging_mixin.py:190} INFO - [2025-02-19T10:25:58.450+0000] {dagbag.py:715} DEBUG - Calling the DAG.bulk_sync_to_db method
[2025-02-19T10:25:58.460+0000] {logging_mixin.py:190} INFO - [2025-02-19T10:25:58.460+0000] {serialized_dag.py:168} DEBUG - Checking if DAG (example_branch_dop_operator_v3) changed
[2025-02-19T10:25:58.468+0000] {logging_mixin.py:190} INFO - [2025-02-19T10:25:58.467+0000] {serialized_dag.py:179} DEBUG - Serialized DAG (example_branch_dop_operator_v3) is unchanged. Skipping writing to DB
[2025-02-19T10:25:58.468+0000] {logging_mixin.py:190} INFO - [2025-02-19T10:25:58.468+0000] {dag.py:3229} INFO - Sync 1 DAGs
[2025-02-19T10:25:58.492+0000] {logging_mixin.py:190} INFO - [2025-02-19T10:25:58.492+0000] {dag.py:4156} INFO - Setting next_dagrun for example_branch_dop_operator_v3 to 2025-02-19 10:24:00+00:00, run_after=2025-02-19 10:25:00+00:00
[2025-02-19T10:25:58.510+0000] {processor.py:208} INFO - Processing /home/airflow/.local/lib/python3.12/site-packages/airflow/example_dags/example_branch_python_dop_operator_3.py took 0.079 seconds
[2025-02-19T10:26:29.127+0000] {logging_mixin.py:190} INFO - [2025-02-19T10:26:29.127+0000] {settings.py:475} DEBUG - Setting up DB connection pool (PID 476)
[2025-02-19T10:26:29.128+0000] {logging_mixin.py:190} INFO - [2025-02-19T10:26:29.128+0000] {settings.py:579} DEBUG - settings.prepare_engine_args(): Using pool settings. pool_size=5, max_overflow=10, pool_recycle=1800, pid=476
[2025-02-19T10:26:29.132+0000] {processor.py:186} INFO - Started process (PID=476) to work on /home/airflow/.local/lib/python3.12/site-packages/airflow/example_dags/example_branch_python_dop_operator_3.py
[2025-02-19T10:26:29.132+0000] {processor.py:914} INFO - Processing file /home/airflow/.local/lib/python3.12/site-packages/airflow/example_dags/example_branch_python_dop_operator_3.py for tasks to queue
[2025-02-19T10:26:29.133+0000] {logging_mixin.py:190} INFO - [2025-02-19T10:26:29.133+0000] {dagbag.py:587} INFO - Filling up the DagBag from /home/airflow/.local/lib/python3.12/site-packages/airflow/example_dags/example_branch_python_dop_operator_3.py
[2025-02-19T10:26:29.134+0000] {logging_mixin.py:190} INFO - [2025-02-19T10:26:29.134+0000] {dagbag.py:368} DEBUG - Importing /home/airflow/.local/lib/python3.12/site-packages/airflow/example_dags/example_branch_python_dop_operator_3.py
[2025-02-19T10:26:29.136+0000] {logging_mixin.py:190} INFO - [2025-02-19T10:26:29.136+0000] {GetText.py:50} DEBUG - Failed to find locale C
[2025-02-19T10:26:29.136+0000] {logging_mixin.py:190} INFO - [2025-02-19T10:26:29.136+0000] {GetText.py:51} DEBUG - Attempting to load en_US as fallback
[2025-02-19T10:26:29.136+0000] {logging_mixin.py:190} INFO - [2025-02-19T10:26:29.136+0000] {GetText.py:65} DEBUG - /home/airflow/.local/lib/python3.12/site-packages/cron_descriptor/locale/en_US.mo Loaded
[2025-02-19T10:26:29.143+0000] {logging_mixin.py:190} INFO - [2025-02-19T10:26:29.142+0000] {dagbag.py:553} DEBUG - Loaded DAG <DAG: example_branch_dop_operator_v3>
[2025-02-19T10:26:29.143+0000] {processor.py:925} INFO - DAG(s) 'example_branch_dop_operator_v3' retrieved from /home/airflow/.local/lib/python3.12/site-packages/airflow/example_dags/example_branch_python_dop_operator_3.py
[2025-02-19T10:26:29.144+0000] {logging_mixin.py:190} INFO - [2025-02-19T10:26:29.144+0000] {dagbag.py:710} DEBUG - Running dagbag.sync_to_db with retries. Try 1 of 3
[2025-02-19T10:26:29.144+0000] {logging_mixin.py:190} INFO - [2025-02-19T10:26:29.144+0000] {dagbag.py:715} DEBUG - Calling the DAG.bulk_sync_to_db method
[2025-02-19T10:26:29.154+0000] {logging_mixin.py:190} INFO - [2025-02-19T10:26:29.154+0000] {serialized_dag.py:168} DEBUG - Checking if DAG (example_branch_dop_operator_v3) changed
[2025-02-19T10:26:29.162+0000] {logging_mixin.py:190} INFO - [2025-02-19T10:26:29.162+0000] {serialized_dag.py:179} DEBUG - Serialized DAG (example_branch_dop_operator_v3) is unchanged. Skipping writing to DB
[2025-02-19T10:26:29.162+0000] {logging_mixin.py:190} INFO - [2025-02-19T10:26:29.162+0000] {dag.py:3229} INFO - Sync 1 DAGs
[2025-02-19T10:26:29.184+0000] {logging_mixin.py:190} INFO - [2025-02-19T10:26:29.183+0000] {dag.py:4156} INFO - Setting next_dagrun for example_branch_dop_operator_v3 to 2025-02-19 10:25:00+00:00, run_after=2025-02-19 10:26:00+00:00
[2025-02-19T10:26:29.200+0000] {processor.py:208} INFO - Processing /home/airflow/.local/lib/python3.12/site-packages/airflow/example_dags/example_branch_python_dop_operator_3.py took 0.074 seconds
