[2025-02-19T09:38:26.977+0000] {processor.py:186} INFO - Started process (PID=82) to work on /home/airflow/.local/lib/python3.12/site-packages/airflow/example_dags/example_sensor_decorator.py
[2025-02-19T09:38:26.978+0000] {processor.py:914} INFO - Processing file /home/airflow/.local/lib/python3.12/site-packages/airflow/example_dags/example_sensor_decorator.py for tasks to queue
[2025-02-19T09:38:26.980+0000] {logging_mixin.py:190} INFO - [2025-02-19T09:38:26.979+0000] {dagbag.py:587} INFO - Filling up the DagBag from /home/airflow/.local/lib/python3.12/site-packages/airflow/example_dags/example_sensor_decorator.py
[2025-02-19T09:38:26.987+0000] {processor.py:925} INFO - DAG(s) 'example_sensor_decorator' retrieved from /home/airflow/.local/lib/python3.12/site-packages/airflow/example_dags/example_sensor_decorator.py
[2025-02-19T09:38:27.008+0000] {logging_mixin.py:190} INFO - [2025-02-19T09:38:27.007+0000] {dag.py:3229} INFO - Sync 1 DAGs
[2025-02-19T09:38:27.021+0000] {logging_mixin.py:190} INFO - [2025-02-19T09:38:27.021+0000] {dag.py:4156} INFO - Setting next_dagrun for example_sensor_decorator to None, run_after=None
[2025-02-19T09:38:27.147+0000] {processor.py:208} INFO - Processing /home/airflow/.local/lib/python3.12/site-packages/airflow/example_dags/example_sensor_decorator.py took 0.175 seconds
[2025-02-19T09:38:57.258+0000] {processor.py:186} INFO - Started process (PID=151) to work on /home/airflow/.local/lib/python3.12/site-packages/airflow/example_dags/example_sensor_decorator.py
[2025-02-19T09:38:57.260+0000] {processor.py:914} INFO - Processing file /home/airflow/.local/lib/python3.12/site-packages/airflow/example_dags/example_sensor_decorator.py for tasks to queue
[2025-02-19T09:38:57.262+0000] {logging_mixin.py:190} INFO - [2025-02-19T09:38:57.262+0000] {dagbag.py:587} INFO - Filling up the DagBag from /home/airflow/.local/lib/python3.12/site-packages/airflow/example_dags/example_sensor_decorator.py
[2025-02-19T09:38:57.272+0000] {processor.py:925} INFO - DAG(s) 'example_sensor_decorator' retrieved from /home/airflow/.local/lib/python3.12/site-packages/airflow/example_dags/example_sensor_decorator.py
[2025-02-19T09:38:57.293+0000] {logging_mixin.py:190} INFO - [2025-02-19T09:38:57.292+0000] {dag.py:3229} INFO - Sync 1 DAGs
[2025-02-19T09:38:57.308+0000] {logging_mixin.py:190} INFO - [2025-02-19T09:38:57.308+0000] {dag.py:4156} INFO - Setting next_dagrun for example_sensor_decorator to None, run_after=None
[2025-02-19T09:38:57.335+0000] {processor.py:208} INFO - Processing /home/airflow/.local/lib/python3.12/site-packages/airflow/example_dags/example_sensor_decorator.py took 0.082 seconds
[2025-02-19T09:39:27.737+0000] {processor.py:186} INFO - Started process (PID=215) to work on /home/airflow/.local/lib/python3.12/site-packages/airflow/example_dags/example_sensor_decorator.py
[2025-02-19T09:39:27.739+0000] {processor.py:914} INFO - Processing file /home/airflow/.local/lib/python3.12/site-packages/airflow/example_dags/example_sensor_decorator.py for tasks to queue
[2025-02-19T09:39:27.741+0000] {logging_mixin.py:190} INFO - [2025-02-19T09:39:27.740+0000] {dagbag.py:587} INFO - Filling up the DagBag from /home/airflow/.local/lib/python3.12/site-packages/airflow/example_dags/example_sensor_decorator.py
[2025-02-19T09:39:27.747+0000] {processor.py:925} INFO - DAG(s) 'example_sensor_decorator' retrieved from /home/airflow/.local/lib/python3.12/site-packages/airflow/example_dags/example_sensor_decorator.py
[2025-02-19T09:39:27.765+0000] {logging_mixin.py:190} INFO - [2025-02-19T09:39:27.764+0000] {dag.py:3229} INFO - Sync 1 DAGs
[2025-02-19T09:39:27.776+0000] {logging_mixin.py:190} INFO - [2025-02-19T09:39:27.776+0000] {dag.py:4156} INFO - Setting next_dagrun for example_sensor_decorator to None, run_after=None
[2025-02-19T09:39:27.790+0000] {processor.py:208} INFO - Processing /home/airflow/.local/lib/python3.12/site-packages/airflow/example_dags/example_sensor_decorator.py took 0.057 seconds
[2025-02-19T09:39:57.962+0000] {processor.py:186} INFO - Started process (PID=279) to work on /home/airflow/.local/lib/python3.12/site-packages/airflow/example_dags/example_sensor_decorator.py
[2025-02-19T09:39:57.963+0000] {processor.py:914} INFO - Processing file /home/airflow/.local/lib/python3.12/site-packages/airflow/example_dags/example_sensor_decorator.py for tasks to queue
[2025-02-19T09:39:57.965+0000] {logging_mixin.py:190} INFO - [2025-02-19T09:39:57.965+0000] {dagbag.py:587} INFO - Filling up the DagBag from /home/airflow/.local/lib/python3.12/site-packages/airflow/example_dags/example_sensor_decorator.py
[2025-02-19T09:39:57.970+0000] {processor.py:925} INFO - DAG(s) 'example_sensor_decorator' retrieved from /home/airflow/.local/lib/python3.12/site-packages/airflow/example_dags/example_sensor_decorator.py
[2025-02-19T09:39:57.985+0000] {logging_mixin.py:190} INFO - [2025-02-19T09:39:57.985+0000] {dag.py:3229} INFO - Sync 1 DAGs
[2025-02-19T09:39:57.997+0000] {logging_mixin.py:190} INFO - [2025-02-19T09:39:57.996+0000] {dag.py:4156} INFO - Setting next_dagrun for example_sensor_decorator to None, run_after=None
[2025-02-19T09:39:58.011+0000] {processor.py:208} INFO - Processing /home/airflow/.local/lib/python3.12/site-packages/airflow/example_dags/example_sensor_decorator.py took 0.053 seconds
[2025-02-19T09:40:28.187+0000] {processor.py:186} INFO - Started process (PID=343) to work on /home/airflow/.local/lib/python3.12/site-packages/airflow/example_dags/example_sensor_decorator.py
[2025-02-19T09:40:28.188+0000] {processor.py:914} INFO - Processing file /home/airflow/.local/lib/python3.12/site-packages/airflow/example_dags/example_sensor_decorator.py for tasks to queue
[2025-02-19T09:40:28.190+0000] {logging_mixin.py:190} INFO - [2025-02-19T09:40:28.189+0000] {dagbag.py:587} INFO - Filling up the DagBag from /home/airflow/.local/lib/python3.12/site-packages/airflow/example_dags/example_sensor_decorator.py
[2025-02-19T09:40:28.196+0000] {processor.py:925} INFO - DAG(s) 'example_sensor_decorator' retrieved from /home/airflow/.local/lib/python3.12/site-packages/airflow/example_dags/example_sensor_decorator.py
[2025-02-19T09:40:28.213+0000] {logging_mixin.py:190} INFO - [2025-02-19T09:40:28.212+0000] {dag.py:3229} INFO - Sync 1 DAGs
[2025-02-19T09:40:28.225+0000] {logging_mixin.py:190} INFO - [2025-02-19T09:40:28.224+0000] {dag.py:4156} INFO - Setting next_dagrun for example_sensor_decorator to None, run_after=None
[2025-02-19T09:40:28.240+0000] {processor.py:208} INFO - Processing /home/airflow/.local/lib/python3.12/site-packages/airflow/example_dags/example_sensor_decorator.py took 0.058 seconds
[2025-02-19T09:40:58.542+0000] {processor.py:186} INFO - Started process (PID=407) to work on /home/airflow/.local/lib/python3.12/site-packages/airflow/example_dags/example_sensor_decorator.py
[2025-02-19T09:40:58.543+0000] {processor.py:914} INFO - Processing file /home/airflow/.local/lib/python3.12/site-packages/airflow/example_dags/example_sensor_decorator.py for tasks to queue
[2025-02-19T09:40:58.545+0000] {logging_mixin.py:190} INFO - [2025-02-19T09:40:58.545+0000] {dagbag.py:587} INFO - Filling up the DagBag from /home/airflow/.local/lib/python3.12/site-packages/airflow/example_dags/example_sensor_decorator.py
[2025-02-19T09:40:58.551+0000] {processor.py:925} INFO - DAG(s) 'example_sensor_decorator' retrieved from /home/airflow/.local/lib/python3.12/site-packages/airflow/example_dags/example_sensor_decorator.py
[2025-02-19T09:40:58.568+0000] {logging_mixin.py:190} INFO - [2025-02-19T09:40:58.567+0000] {dag.py:3229} INFO - Sync 1 DAGs
[2025-02-19T09:40:58.579+0000] {logging_mixin.py:190} INFO - [2025-02-19T09:40:58.578+0000] {dag.py:4156} INFO - Setting next_dagrun for example_sensor_decorator to None, run_after=None
[2025-02-19T09:40:58.593+0000] {processor.py:208} INFO - Processing /home/airflow/.local/lib/python3.12/site-packages/airflow/example_dags/example_sensor_decorator.py took 0.055 seconds
[2025-02-19T09:41:28.832+0000] {processor.py:186} INFO - Started process (PID=471) to work on /home/airflow/.local/lib/python3.12/site-packages/airflow/example_dags/example_sensor_decorator.py
[2025-02-19T09:41:28.833+0000] {processor.py:914} INFO - Processing file /home/airflow/.local/lib/python3.12/site-packages/airflow/example_dags/example_sensor_decorator.py for tasks to queue
[2025-02-19T09:41:28.835+0000] {logging_mixin.py:190} INFO - [2025-02-19T09:41:28.835+0000] {dagbag.py:587} INFO - Filling up the DagBag from /home/airflow/.local/lib/python3.12/site-packages/airflow/example_dags/example_sensor_decorator.py
[2025-02-19T09:41:28.843+0000] {processor.py:925} INFO - DAG(s) 'example_sensor_decorator' retrieved from /home/airflow/.local/lib/python3.12/site-packages/airflow/example_dags/example_sensor_decorator.py
[2025-02-19T09:41:28.863+0000] {logging_mixin.py:190} INFO - [2025-02-19T09:41:28.862+0000] {dag.py:3229} INFO - Sync 1 DAGs
[2025-02-19T09:41:28.877+0000] {logging_mixin.py:190} INFO - [2025-02-19T09:41:28.876+0000] {dag.py:4156} INFO - Setting next_dagrun for example_sensor_decorator to None, run_after=None
[2025-02-19T09:41:28.896+0000] {processor.py:208} INFO - Processing /home/airflow/.local/lib/python3.12/site-packages/airflow/example_dags/example_sensor_decorator.py took 0.070 seconds
[2025-02-19T09:41:58.953+0000] {processor.py:186} INFO - Started process (PID=535) to work on /home/airflow/.local/lib/python3.12/site-packages/airflow/example_dags/example_sensor_decorator.py
[2025-02-19T09:41:58.955+0000] {processor.py:914} INFO - Processing file /home/airflow/.local/lib/python3.12/site-packages/airflow/example_dags/example_sensor_decorator.py for tasks to queue
[2025-02-19T09:41:58.956+0000] {logging_mixin.py:190} INFO - [2025-02-19T09:41:58.956+0000] {dagbag.py:587} INFO - Filling up the DagBag from /home/airflow/.local/lib/python3.12/site-packages/airflow/example_dags/example_sensor_decorator.py
[2025-02-19T09:41:58.962+0000] {processor.py:925} INFO - DAG(s) 'example_sensor_decorator' retrieved from /home/airflow/.local/lib/python3.12/site-packages/airflow/example_dags/example_sensor_decorator.py
[2025-02-19T09:41:58.977+0000] {logging_mixin.py:190} INFO - [2025-02-19T09:41:58.976+0000] {dag.py:3229} INFO - Sync 1 DAGs
[2025-02-19T09:41:58.987+0000] {logging_mixin.py:190} INFO - [2025-02-19T09:41:58.987+0000] {dag.py:4156} INFO - Setting next_dagrun for example_sensor_decorator to None, run_after=None
[2025-02-19T09:41:59.000+0000] {processor.py:208} INFO - Processing /home/airflow/.local/lib/python3.12/site-packages/airflow/example_dags/example_sensor_decorator.py took 0.050 seconds
[2025-02-19T09:42:29.125+0000] {processor.py:186} INFO - Started process (PID=599) to work on /home/airflow/.local/lib/python3.12/site-packages/airflow/example_dags/example_sensor_decorator.py
[2025-02-19T09:42:29.126+0000] {processor.py:914} INFO - Processing file /home/airflow/.local/lib/python3.12/site-packages/airflow/example_dags/example_sensor_decorator.py for tasks to queue
[2025-02-19T09:42:29.128+0000] {logging_mixin.py:190} INFO - [2025-02-19T09:42:29.127+0000] {dagbag.py:587} INFO - Filling up the DagBag from /home/airflow/.local/lib/python3.12/site-packages/airflow/example_dags/example_sensor_decorator.py
[2025-02-19T09:42:29.134+0000] {processor.py:925} INFO - DAG(s) 'example_sensor_decorator' retrieved from /home/airflow/.local/lib/python3.12/site-packages/airflow/example_dags/example_sensor_decorator.py
[2025-02-19T09:42:29.150+0000] {logging_mixin.py:190} INFO - [2025-02-19T09:42:29.150+0000] {dag.py:3229} INFO - Sync 1 DAGs
[2025-02-19T09:42:29.161+0000] {logging_mixin.py:190} INFO - [2025-02-19T09:42:29.160+0000] {dag.py:4156} INFO - Setting next_dagrun for example_sensor_decorator to None, run_after=None
[2025-02-19T09:42:29.176+0000] {processor.py:208} INFO - Processing /home/airflow/.local/lib/python3.12/site-packages/airflow/example_dags/example_sensor_decorator.py took 0.055 seconds
[2025-02-19T09:42:59.287+0000] {processor.py:186} INFO - Started process (PID=663) to work on /home/airflow/.local/lib/python3.12/site-packages/airflow/example_dags/example_sensor_decorator.py
[2025-02-19T09:42:59.288+0000] {processor.py:914} INFO - Processing file /home/airflow/.local/lib/python3.12/site-packages/airflow/example_dags/example_sensor_decorator.py for tasks to queue
[2025-02-19T09:42:59.290+0000] {logging_mixin.py:190} INFO - [2025-02-19T09:42:59.290+0000] {dagbag.py:587} INFO - Filling up the DagBag from /home/airflow/.local/lib/python3.12/site-packages/airflow/example_dags/example_sensor_decorator.py
[2025-02-19T09:42:59.296+0000] {processor.py:925} INFO - DAG(s) 'example_sensor_decorator' retrieved from /home/airflow/.local/lib/python3.12/site-packages/airflow/example_dags/example_sensor_decorator.py
[2025-02-19T09:42:59.313+0000] {logging_mixin.py:190} INFO - [2025-02-19T09:42:59.312+0000] {dag.py:3229} INFO - Sync 1 DAGs
[2025-02-19T09:42:59.324+0000] {logging_mixin.py:190} INFO - [2025-02-19T09:42:59.324+0000] {dag.py:4156} INFO - Setting next_dagrun for example_sensor_decorator to None, run_after=None
[2025-02-19T09:42:59.341+0000] {processor.py:208} INFO - Processing /home/airflow/.local/lib/python3.12/site-packages/airflow/example_dags/example_sensor_decorator.py took 0.058 seconds
[2025-02-19T09:43:30.391+0000] {processor.py:186} INFO - Started process (PID=727) to work on /home/airflow/.local/lib/python3.12/site-packages/airflow/example_dags/example_sensor_decorator.py
[2025-02-19T09:43:30.391+0000] {processor.py:914} INFO - Processing file /home/airflow/.local/lib/python3.12/site-packages/airflow/example_dags/example_sensor_decorator.py for tasks to queue
[2025-02-19T09:43:30.393+0000] {logging_mixin.py:190} INFO - [2025-02-19T09:43:30.393+0000] {dagbag.py:587} INFO - Filling up the DagBag from /home/airflow/.local/lib/python3.12/site-packages/airflow/example_dags/example_sensor_decorator.py
[2025-02-19T09:43:30.399+0000] {processor.py:925} INFO - DAG(s) 'example_sensor_decorator' retrieved from /home/airflow/.local/lib/python3.12/site-packages/airflow/example_dags/example_sensor_decorator.py
[2025-02-19T09:43:30.413+0000] {logging_mixin.py:190} INFO - [2025-02-19T09:43:30.413+0000] {dag.py:3229} INFO - Sync 1 DAGs
[2025-02-19T09:43:30.424+0000] {logging_mixin.py:190} INFO - [2025-02-19T09:43:30.424+0000] {dag.py:4156} INFO - Setting next_dagrun for example_sensor_decorator to None, run_after=None
[2025-02-19T09:43:30.440+0000] {processor.py:208} INFO - Processing /home/airflow/.local/lib/python3.12/site-packages/airflow/example_dags/example_sensor_decorator.py took 0.053 seconds
[2025-02-19T09:44:00.771+0000] {processor.py:186} INFO - Started process (PID=791) to work on /home/airflow/.local/lib/python3.12/site-packages/airflow/example_dags/example_sensor_decorator.py
[2025-02-19T09:44:00.772+0000] {processor.py:914} INFO - Processing file /home/airflow/.local/lib/python3.12/site-packages/airflow/example_dags/example_sensor_decorator.py for tasks to queue
[2025-02-19T09:44:00.774+0000] {logging_mixin.py:190} INFO - [2025-02-19T09:44:00.773+0000] {dagbag.py:587} INFO - Filling up the DagBag from /home/airflow/.local/lib/python3.12/site-packages/airflow/example_dags/example_sensor_decorator.py
[2025-02-19T09:44:00.780+0000] {processor.py:925} INFO - DAG(s) 'example_sensor_decorator' retrieved from /home/airflow/.local/lib/python3.12/site-packages/airflow/example_dags/example_sensor_decorator.py
[2025-02-19T09:44:00.797+0000] {logging_mixin.py:190} INFO - [2025-02-19T09:44:00.797+0000] {dag.py:3229} INFO - Sync 1 DAGs
[2025-02-19T09:44:00.808+0000] {logging_mixin.py:190} INFO - [2025-02-19T09:44:00.808+0000] {dag.py:4156} INFO - Setting next_dagrun for example_sensor_decorator to None, run_after=None
[2025-02-19T09:44:00.825+0000] {processor.py:208} INFO - Processing /home/airflow/.local/lib/python3.12/site-packages/airflow/example_dags/example_sensor_decorator.py took 0.059 seconds
[2025-02-19T09:44:30.950+0000] {processor.py:186} INFO - Started process (PID=855) to work on /home/airflow/.local/lib/python3.12/site-packages/airflow/example_dags/example_sensor_decorator.py
[2025-02-19T09:44:30.951+0000] {processor.py:914} INFO - Processing file /home/airflow/.local/lib/python3.12/site-packages/airflow/example_dags/example_sensor_decorator.py for tasks to queue
[2025-02-19T09:44:30.953+0000] {logging_mixin.py:190} INFO - [2025-02-19T09:44:30.953+0000] {dagbag.py:587} INFO - Filling up the DagBag from /home/airflow/.local/lib/python3.12/site-packages/airflow/example_dags/example_sensor_decorator.py
[2025-02-19T09:44:30.959+0000] {processor.py:925} INFO - DAG(s) 'example_sensor_decorator' retrieved from /home/airflow/.local/lib/python3.12/site-packages/airflow/example_dags/example_sensor_decorator.py
[2025-02-19T09:44:30.975+0000] {logging_mixin.py:190} INFO - [2025-02-19T09:44:30.975+0000] {dag.py:3229} INFO - Sync 1 DAGs
[2025-02-19T09:44:30.987+0000] {logging_mixin.py:190} INFO - [2025-02-19T09:44:30.987+0000] {dag.py:4156} INFO - Setting next_dagrun for example_sensor_decorator to None, run_after=None
[2025-02-19T09:44:31.004+0000] {processor.py:208} INFO - Processing /home/airflow/.local/lib/python3.12/site-packages/airflow/example_dags/example_sensor_decorator.py took 0.059 seconds
[2025-02-19T09:45:01.194+0000] {processor.py:186} INFO - Started process (PID=919) to work on /home/airflow/.local/lib/python3.12/site-packages/airflow/example_dags/example_sensor_decorator.py
[2025-02-19T09:45:01.195+0000] {processor.py:914} INFO - Processing file /home/airflow/.local/lib/python3.12/site-packages/airflow/example_dags/example_sensor_decorator.py for tasks to queue
[2025-02-19T09:45:01.197+0000] {logging_mixin.py:190} INFO - [2025-02-19T09:45:01.197+0000] {dagbag.py:587} INFO - Filling up the DagBag from /home/airflow/.local/lib/python3.12/site-packages/airflow/example_dags/example_sensor_decorator.py
[2025-02-19T09:45:01.204+0000] {processor.py:925} INFO - DAG(s) 'example_sensor_decorator' retrieved from /home/airflow/.local/lib/python3.12/site-packages/airflow/example_dags/example_sensor_decorator.py
[2025-02-19T09:45:01.221+0000] {logging_mixin.py:190} INFO - [2025-02-19T09:45:01.221+0000] {dag.py:3229} INFO - Sync 1 DAGs
[2025-02-19T09:45:01.234+0000] {logging_mixin.py:190} INFO - [2025-02-19T09:45:01.234+0000] {dag.py:4156} INFO - Setting next_dagrun for example_sensor_decorator to None, run_after=None
[2025-02-19T09:45:01.253+0000] {processor.py:208} INFO - Processing /home/airflow/.local/lib/python3.12/site-packages/airflow/example_dags/example_sensor_decorator.py took 0.064 seconds
[2025-02-19T09:45:31.376+0000] {processor.py:186} INFO - Started process (PID=983) to work on /home/airflow/.local/lib/python3.12/site-packages/airflow/example_dags/example_sensor_decorator.py
[2025-02-19T09:45:31.377+0000] {processor.py:914} INFO - Processing file /home/airflow/.local/lib/python3.12/site-packages/airflow/example_dags/example_sensor_decorator.py for tasks to queue
[2025-02-19T09:45:31.379+0000] {logging_mixin.py:190} INFO - [2025-02-19T09:45:31.379+0000] {dagbag.py:587} INFO - Filling up the DagBag from /home/airflow/.local/lib/python3.12/site-packages/airflow/example_dags/example_sensor_decorator.py
[2025-02-19T09:45:31.385+0000] {processor.py:925} INFO - DAG(s) 'example_sensor_decorator' retrieved from /home/airflow/.local/lib/python3.12/site-packages/airflow/example_dags/example_sensor_decorator.py
[2025-02-19T09:45:31.401+0000] {logging_mixin.py:190} INFO - [2025-02-19T09:45:31.400+0000] {dag.py:3229} INFO - Sync 1 DAGs
[2025-02-19T09:45:31.411+0000] {logging_mixin.py:190} INFO - [2025-02-19T09:45:31.411+0000] {dag.py:4156} INFO - Setting next_dagrun for example_sensor_decorator to None, run_after=None
[2025-02-19T09:45:31.426+0000] {processor.py:208} INFO - Processing /home/airflow/.local/lib/python3.12/site-packages/airflow/example_dags/example_sensor_decorator.py took 0.054 seconds
[2025-02-19T09:46:01.574+0000] {processor.py:186} INFO - Started process (PID=1047) to work on /home/airflow/.local/lib/python3.12/site-packages/airflow/example_dags/example_sensor_decorator.py
[2025-02-19T09:46:01.575+0000] {processor.py:914} INFO - Processing file /home/airflow/.local/lib/python3.12/site-packages/airflow/example_dags/example_sensor_decorator.py for tasks to queue
[2025-02-19T09:46:01.577+0000] {logging_mixin.py:190} INFO - [2025-02-19T09:46:01.577+0000] {dagbag.py:587} INFO - Filling up the DagBag from /home/airflow/.local/lib/python3.12/site-packages/airflow/example_dags/example_sensor_decorator.py
[2025-02-19T09:46:01.583+0000] {processor.py:925} INFO - DAG(s) 'example_sensor_decorator' retrieved from /home/airflow/.local/lib/python3.12/site-packages/airflow/example_dags/example_sensor_decorator.py
[2025-02-19T09:46:01.600+0000] {logging_mixin.py:190} INFO - [2025-02-19T09:46:01.600+0000] {dag.py:3229} INFO - Sync 1 DAGs
[2025-02-19T09:46:01.610+0000] {logging_mixin.py:190} INFO - [2025-02-19T09:46:01.610+0000] {dag.py:4156} INFO - Setting next_dagrun for example_sensor_decorator to None, run_after=None
[2025-02-19T09:46:01.625+0000] {processor.py:208} INFO - Processing /home/airflow/.local/lib/python3.12/site-packages/airflow/example_dags/example_sensor_decorator.py took 0.055 seconds
[2025-02-19T09:46:32.508+0000] {processor.py:186} INFO - Started process (PID=1111) to work on /home/airflow/.local/lib/python3.12/site-packages/airflow/example_dags/example_sensor_decorator.py
[2025-02-19T09:46:32.509+0000] {processor.py:914} INFO - Processing file /home/airflow/.local/lib/python3.12/site-packages/airflow/example_dags/example_sensor_decorator.py for tasks to queue
[2025-02-19T09:46:32.511+0000] {logging_mixin.py:190} INFO - [2025-02-19T09:46:32.510+0000] {dagbag.py:587} INFO - Filling up the DagBag from /home/airflow/.local/lib/python3.12/site-packages/airflow/example_dags/example_sensor_decorator.py
[2025-02-19T09:46:32.517+0000] {processor.py:925} INFO - DAG(s) 'example_sensor_decorator' retrieved from /home/airflow/.local/lib/python3.12/site-packages/airflow/example_dags/example_sensor_decorator.py
[2025-02-19T09:46:32.533+0000] {logging_mixin.py:190} INFO - [2025-02-19T09:46:32.533+0000] {dag.py:3229} INFO - Sync 1 DAGs
[2025-02-19T09:46:32.543+0000] {logging_mixin.py:190} INFO - [2025-02-19T09:46:32.543+0000] {dag.py:4156} INFO - Setting next_dagrun for example_sensor_decorator to None, run_after=None
[2025-02-19T09:46:32.558+0000] {processor.py:208} INFO - Processing /home/airflow/.local/lib/python3.12/site-packages/airflow/example_dags/example_sensor_decorator.py took 0.055 seconds
[2025-02-19T09:47:03.391+0000] {processor.py:186} INFO - Started process (PID=1175) to work on /home/airflow/.local/lib/python3.12/site-packages/airflow/example_dags/example_sensor_decorator.py
[2025-02-19T09:47:03.392+0000] {processor.py:914} INFO - Processing file /home/airflow/.local/lib/python3.12/site-packages/airflow/example_dags/example_sensor_decorator.py for tasks to queue
[2025-02-19T09:47:03.394+0000] {logging_mixin.py:190} INFO - [2025-02-19T09:47:03.393+0000] {dagbag.py:587} INFO - Filling up the DagBag from /home/airflow/.local/lib/python3.12/site-packages/airflow/example_dags/example_sensor_decorator.py
[2025-02-19T09:47:03.400+0000] {processor.py:925} INFO - DAG(s) 'example_sensor_decorator' retrieved from /home/airflow/.local/lib/python3.12/site-packages/airflow/example_dags/example_sensor_decorator.py
[2025-02-19T09:47:03.421+0000] {logging_mixin.py:190} INFO - [2025-02-19T09:47:03.420+0000] {dag.py:3229} INFO - Sync 1 DAGs
[2025-02-19T09:47:03.433+0000] {logging_mixin.py:190} INFO - [2025-02-19T09:47:03.433+0000] {dag.py:4156} INFO - Setting next_dagrun for example_sensor_decorator to None, run_after=None
[2025-02-19T09:47:03.451+0000] {processor.py:208} INFO - Processing /home/airflow/.local/lib/python3.12/site-packages/airflow/example_dags/example_sensor_decorator.py took 0.065 seconds
[2025-02-19T09:47:33.764+0000] {processor.py:186} INFO - Started process (PID=1239) to work on /home/airflow/.local/lib/python3.12/site-packages/airflow/example_dags/example_sensor_decorator.py
[2025-02-19T09:47:33.765+0000] {processor.py:914} INFO - Processing file /home/airflow/.local/lib/python3.12/site-packages/airflow/example_dags/example_sensor_decorator.py for tasks to queue
[2025-02-19T09:47:33.767+0000] {logging_mixin.py:190} INFO - [2025-02-19T09:47:33.767+0000] {dagbag.py:587} INFO - Filling up the DagBag from /home/airflow/.local/lib/python3.12/site-packages/airflow/example_dags/example_sensor_decorator.py
[2025-02-19T09:47:33.775+0000] {processor.py:925} INFO - DAG(s) 'example_sensor_decorator' retrieved from /home/airflow/.local/lib/python3.12/site-packages/airflow/example_dags/example_sensor_decorator.py
[2025-02-19T09:47:33.795+0000] {logging_mixin.py:190} INFO - [2025-02-19T09:47:33.794+0000] {dag.py:3229} INFO - Sync 1 DAGs
[2025-02-19T09:47:33.808+0000] {logging_mixin.py:190} INFO - [2025-02-19T09:47:33.807+0000] {dag.py:4156} INFO - Setting next_dagrun for example_sensor_decorator to None, run_after=None
[2025-02-19T09:47:33.826+0000] {processor.py:208} INFO - Processing /home/airflow/.local/lib/python3.12/site-packages/airflow/example_dags/example_sensor_decorator.py took 0.067 seconds
[2025-02-19T09:48:04.183+0000] {processor.py:186} INFO - Started process (PID=1304) to work on /home/airflow/.local/lib/python3.12/site-packages/airflow/example_dags/example_sensor_decorator.py
[2025-02-19T09:48:04.185+0000] {processor.py:914} INFO - Processing file /home/airflow/.local/lib/python3.12/site-packages/airflow/example_dags/example_sensor_decorator.py for tasks to queue
[2025-02-19T09:48:04.187+0000] {logging_mixin.py:190} INFO - [2025-02-19T09:48:04.187+0000] {dagbag.py:587} INFO - Filling up the DagBag from /home/airflow/.local/lib/python3.12/site-packages/airflow/example_dags/example_sensor_decorator.py
[2025-02-19T09:48:04.195+0000] {processor.py:925} INFO - DAG(s) 'example_sensor_decorator' retrieved from /home/airflow/.local/lib/python3.12/site-packages/airflow/example_dags/example_sensor_decorator.py
[2025-02-19T09:48:04.214+0000] {logging_mixin.py:190} INFO - [2025-02-19T09:48:04.213+0000] {dag.py:3229} INFO - Sync 1 DAGs
[2025-02-19T09:48:04.227+0000] {logging_mixin.py:190} INFO - [2025-02-19T09:48:04.227+0000] {dag.py:4156} INFO - Setting next_dagrun for example_sensor_decorator to None, run_after=None
[2025-02-19T09:48:04.247+0000] {processor.py:208} INFO - Processing /home/airflow/.local/lib/python3.12/site-packages/airflow/example_dags/example_sensor_decorator.py took 0.068 seconds
[2025-02-19T09:48:34.280+0000] {processor.py:186} INFO - Started process (PID=1368) to work on /home/airflow/.local/lib/python3.12/site-packages/airflow/example_dags/example_sensor_decorator.py
[2025-02-19T09:48:34.281+0000] {processor.py:914} INFO - Processing file /home/airflow/.local/lib/python3.12/site-packages/airflow/example_dags/example_sensor_decorator.py for tasks to queue
[2025-02-19T09:48:34.283+0000] {logging_mixin.py:190} INFO - [2025-02-19T09:48:34.283+0000] {dagbag.py:587} INFO - Filling up the DagBag from /home/airflow/.local/lib/python3.12/site-packages/airflow/example_dags/example_sensor_decorator.py
[2025-02-19T09:48:34.289+0000] {processor.py:925} INFO - DAG(s) 'example_sensor_decorator' retrieved from /home/airflow/.local/lib/python3.12/site-packages/airflow/example_dags/example_sensor_decorator.py
[2025-02-19T09:48:34.306+0000] {logging_mixin.py:190} INFO - [2025-02-19T09:48:34.306+0000] {dag.py:3229} INFO - Sync 1 DAGs
[2025-02-19T09:48:34.317+0000] {logging_mixin.py:190} INFO - [2025-02-19T09:48:34.317+0000] {dag.py:4156} INFO - Setting next_dagrun for example_sensor_decorator to None, run_after=None
[2025-02-19T09:48:34.332+0000] {processor.py:208} INFO - Processing /home/airflow/.local/lib/python3.12/site-packages/airflow/example_dags/example_sensor_decorator.py took 0.056 seconds
[2025-02-19T09:49:05.294+0000] {processor.py:186} INFO - Started process (PID=1432) to work on /home/airflow/.local/lib/python3.12/site-packages/airflow/example_dags/example_sensor_decorator.py
[2025-02-19T09:49:05.296+0000] {processor.py:914} INFO - Processing file /home/airflow/.local/lib/python3.12/site-packages/airflow/example_dags/example_sensor_decorator.py for tasks to queue
[2025-02-19T09:49:05.298+0000] {logging_mixin.py:190} INFO - [2025-02-19T09:49:05.297+0000] {dagbag.py:587} INFO - Filling up the DagBag from /home/airflow/.local/lib/python3.12/site-packages/airflow/example_dags/example_sensor_decorator.py
[2025-02-19T09:49:05.304+0000] {processor.py:925} INFO - DAG(s) 'example_sensor_decorator' retrieved from /home/airflow/.local/lib/python3.12/site-packages/airflow/example_dags/example_sensor_decorator.py
[2025-02-19T09:49:05.321+0000] {logging_mixin.py:190} INFO - [2025-02-19T09:49:05.320+0000] {dag.py:3229} INFO - Sync 1 DAGs
[2025-02-19T09:49:05.331+0000] {logging_mixin.py:190} INFO - [2025-02-19T09:49:05.331+0000] {dag.py:4156} INFO - Setting next_dagrun for example_sensor_decorator to None, run_after=None
[2025-02-19T09:49:05.346+0000] {processor.py:208} INFO - Processing /home/airflow/.local/lib/python3.12/site-packages/airflow/example_dags/example_sensor_decorator.py took 0.056 seconds
[2025-02-19T09:49:36.212+0000] {processor.py:186} INFO - Started process (PID=1496) to work on /home/airflow/.local/lib/python3.12/site-packages/airflow/example_dags/example_sensor_decorator.py
[2025-02-19T09:49:36.214+0000] {processor.py:914} INFO - Processing file /home/airflow/.local/lib/python3.12/site-packages/airflow/example_dags/example_sensor_decorator.py for tasks to queue
[2025-02-19T09:49:36.215+0000] {logging_mixin.py:190} INFO - [2025-02-19T09:49:36.215+0000] {dagbag.py:587} INFO - Filling up the DagBag from /home/airflow/.local/lib/python3.12/site-packages/airflow/example_dags/example_sensor_decorator.py
[2025-02-19T09:49:36.221+0000] {processor.py:925} INFO - DAG(s) 'example_sensor_decorator' retrieved from /home/airflow/.local/lib/python3.12/site-packages/airflow/example_dags/example_sensor_decorator.py
[2025-02-19T09:49:36.238+0000] {logging_mixin.py:190} INFO - [2025-02-19T09:49:36.238+0000] {dag.py:3229} INFO - Sync 1 DAGs
[2025-02-19T09:49:36.249+0000] {logging_mixin.py:190} INFO - [2025-02-19T09:49:36.249+0000] {dag.py:4156} INFO - Setting next_dagrun for example_sensor_decorator to None, run_after=None
[2025-02-19T09:49:36.263+0000] {processor.py:208} INFO - Processing /home/airflow/.local/lib/python3.12/site-packages/airflow/example_dags/example_sensor_decorator.py took 0.055 seconds
[2025-02-19T09:50:06.502+0000] {processor.py:186} INFO - Started process (PID=1560) to work on /home/airflow/.local/lib/python3.12/site-packages/airflow/example_dags/example_sensor_decorator.py
[2025-02-19T09:50:06.503+0000] {processor.py:914} INFO - Processing file /home/airflow/.local/lib/python3.12/site-packages/airflow/example_dags/example_sensor_decorator.py for tasks to queue
[2025-02-19T09:50:06.505+0000] {logging_mixin.py:190} INFO - [2025-02-19T09:50:06.505+0000] {dagbag.py:587} INFO - Filling up the DagBag from /home/airflow/.local/lib/python3.12/site-packages/airflow/example_dags/example_sensor_decorator.py
[2025-02-19T09:50:06.512+0000] {processor.py:925} INFO - DAG(s) 'example_sensor_decorator' retrieved from /home/airflow/.local/lib/python3.12/site-packages/airflow/example_dags/example_sensor_decorator.py
[2025-02-19T09:50:06.530+0000] {logging_mixin.py:190} INFO - [2025-02-19T09:50:06.529+0000] {dag.py:3229} INFO - Sync 1 DAGs
[2025-02-19T09:50:06.541+0000] {logging_mixin.py:190} INFO - [2025-02-19T09:50:06.541+0000] {dag.py:4156} INFO - Setting next_dagrun for example_sensor_decorator to None, run_after=None
[2025-02-19T09:50:06.557+0000] {processor.py:208} INFO - Processing /home/airflow/.local/lib/python3.12/site-packages/airflow/example_dags/example_sensor_decorator.py took 0.059 seconds
[2025-02-19T09:50:36.722+0000] {processor.py:186} INFO - Started process (PID=1624) to work on /home/airflow/.local/lib/python3.12/site-packages/airflow/example_dags/example_sensor_decorator.py
[2025-02-19T09:50:36.723+0000] {processor.py:914} INFO - Processing file /home/airflow/.local/lib/python3.12/site-packages/airflow/example_dags/example_sensor_decorator.py for tasks to queue
[2025-02-19T09:50:36.725+0000] {logging_mixin.py:190} INFO - [2025-02-19T09:50:36.725+0000] {dagbag.py:587} INFO - Filling up the DagBag from /home/airflow/.local/lib/python3.12/site-packages/airflow/example_dags/example_sensor_decorator.py
[2025-02-19T09:50:36.731+0000] {processor.py:925} INFO - DAG(s) 'example_sensor_decorator' retrieved from /home/airflow/.local/lib/python3.12/site-packages/airflow/example_dags/example_sensor_decorator.py
[2025-02-19T09:50:36.746+0000] {logging_mixin.py:190} INFO - [2025-02-19T09:50:36.746+0000] {dag.py:3229} INFO - Sync 1 DAGs
[2025-02-19T09:50:36.758+0000] {logging_mixin.py:190} INFO - [2025-02-19T09:50:36.758+0000] {dag.py:4156} INFO - Setting next_dagrun for example_sensor_decorator to None, run_after=None
[2025-02-19T09:50:36.774+0000] {processor.py:208} INFO - Processing /home/airflow/.local/lib/python3.12/site-packages/airflow/example_dags/example_sensor_decorator.py took 0.056 seconds
[2025-02-19T09:51:07.259+0000] {processor.py:186} INFO - Started process (PID=1688) to work on /home/airflow/.local/lib/python3.12/site-packages/airflow/example_dags/example_sensor_decorator.py
[2025-02-19T09:51:07.260+0000] {processor.py:914} INFO - Processing file /home/airflow/.local/lib/python3.12/site-packages/airflow/example_dags/example_sensor_decorator.py for tasks to queue
[2025-02-19T09:51:07.261+0000] {logging_mixin.py:190} INFO - [2025-02-19T09:51:07.261+0000] {dagbag.py:587} INFO - Filling up the DagBag from /home/airflow/.local/lib/python3.12/site-packages/airflow/example_dags/example_sensor_decorator.py
[2025-02-19T09:51:07.267+0000] {processor.py:925} INFO - DAG(s) 'example_sensor_decorator' retrieved from /home/airflow/.local/lib/python3.12/site-packages/airflow/example_dags/example_sensor_decorator.py
[2025-02-19T09:51:07.285+0000] {logging_mixin.py:190} INFO - [2025-02-19T09:51:07.284+0000] {dag.py:3229} INFO - Sync 1 DAGs
[2025-02-19T09:51:07.296+0000] {logging_mixin.py:190} INFO - [2025-02-19T09:51:07.296+0000] {dag.py:4156} INFO - Setting next_dagrun for example_sensor_decorator to None, run_after=None
[2025-02-19T09:51:07.310+0000] {processor.py:208} INFO - Processing /home/airflow/.local/lib/python3.12/site-packages/airflow/example_dags/example_sensor_decorator.py took 0.056 seconds
[2025-02-19T09:51:37.483+0000] {processor.py:186} INFO - Started process (PID=1752) to work on /home/airflow/.local/lib/python3.12/site-packages/airflow/example_dags/example_sensor_decorator.py
[2025-02-19T09:51:37.484+0000] {processor.py:914} INFO - Processing file /home/airflow/.local/lib/python3.12/site-packages/airflow/example_dags/example_sensor_decorator.py for tasks to queue
[2025-02-19T09:51:37.486+0000] {logging_mixin.py:190} INFO - [2025-02-19T09:51:37.486+0000] {dagbag.py:587} INFO - Filling up the DagBag from /home/airflow/.local/lib/python3.12/site-packages/airflow/example_dags/example_sensor_decorator.py
[2025-02-19T09:51:37.493+0000] {processor.py:925} INFO - DAG(s) 'example_sensor_decorator' retrieved from /home/airflow/.local/lib/python3.12/site-packages/airflow/example_dags/example_sensor_decorator.py
[2025-02-19T09:51:37.510+0000] {logging_mixin.py:190} INFO - [2025-02-19T09:51:37.510+0000] {dag.py:3229} INFO - Sync 1 DAGs
[2025-02-19T09:51:37.522+0000] {logging_mixin.py:190} INFO - [2025-02-19T09:51:37.522+0000] {dag.py:4156} INFO - Setting next_dagrun for example_sensor_decorator to None, run_after=None
[2025-02-19T09:51:37.539+0000] {processor.py:208} INFO - Processing /home/airflow/.local/lib/python3.12/site-packages/airflow/example_dags/example_sensor_decorator.py took 0.060 seconds
[2025-02-19T09:52:07.720+0000] {processor.py:186} INFO - Started process (PID=1816) to work on /home/airflow/.local/lib/python3.12/site-packages/airflow/example_dags/example_sensor_decorator.py
[2025-02-19T09:52:07.721+0000] {processor.py:914} INFO - Processing file /home/airflow/.local/lib/python3.12/site-packages/airflow/example_dags/example_sensor_decorator.py for tasks to queue
[2025-02-19T09:52:07.723+0000] {logging_mixin.py:190} INFO - [2025-02-19T09:52:07.722+0000] {dagbag.py:587} INFO - Filling up the DagBag from /home/airflow/.local/lib/python3.12/site-packages/airflow/example_dags/example_sensor_decorator.py
[2025-02-19T09:52:07.729+0000] {processor.py:925} INFO - DAG(s) 'example_sensor_decorator' retrieved from /home/airflow/.local/lib/python3.12/site-packages/airflow/example_dags/example_sensor_decorator.py
[2025-02-19T09:52:07.746+0000] {logging_mixin.py:190} INFO - [2025-02-19T09:52:07.745+0000] {dag.py:3229} INFO - Sync 1 DAGs
[2025-02-19T09:52:07.758+0000] {logging_mixin.py:190} INFO - [2025-02-19T09:52:07.757+0000] {dag.py:4156} INFO - Setting next_dagrun for example_sensor_decorator to None, run_after=None
[2025-02-19T09:52:07.775+0000] {processor.py:208} INFO - Processing /home/airflow/.local/lib/python3.12/site-packages/airflow/example_dags/example_sensor_decorator.py took 0.059 seconds
[2025-02-19T09:52:37.962+0000] {processor.py:186} INFO - Started process (PID=1880) to work on /home/airflow/.local/lib/python3.12/site-packages/airflow/example_dags/example_sensor_decorator.py
[2025-02-19T09:52:37.963+0000] {processor.py:914} INFO - Processing file /home/airflow/.local/lib/python3.12/site-packages/airflow/example_dags/example_sensor_decorator.py for tasks to queue
[2025-02-19T09:52:37.965+0000] {logging_mixin.py:190} INFO - [2025-02-19T09:52:37.965+0000] {dagbag.py:587} INFO - Filling up the DagBag from /home/airflow/.local/lib/python3.12/site-packages/airflow/example_dags/example_sensor_decorator.py
[2025-02-19T09:52:37.971+0000] {processor.py:925} INFO - DAG(s) 'example_sensor_decorator' retrieved from /home/airflow/.local/lib/python3.12/site-packages/airflow/example_dags/example_sensor_decorator.py
[2025-02-19T09:52:37.988+0000] {logging_mixin.py:190} INFO - [2025-02-19T09:52:37.987+0000] {dag.py:3229} INFO - Sync 1 DAGs
[2025-02-19T09:52:37.998+0000] {logging_mixin.py:190} INFO - [2025-02-19T09:52:37.998+0000] {dag.py:4156} INFO - Setting next_dagrun for example_sensor_decorator to None, run_after=None
[2025-02-19T09:52:38.014+0000] {processor.py:208} INFO - Processing /home/airflow/.local/lib/python3.12/site-packages/airflow/example_dags/example_sensor_decorator.py took 0.055 seconds
[2025-02-19T09:53:08.335+0000] {processor.py:186} INFO - Started process (PID=1944) to work on /home/airflow/.local/lib/python3.12/site-packages/airflow/example_dags/example_sensor_decorator.py
[2025-02-19T09:53:08.337+0000] {processor.py:914} INFO - Processing file /home/airflow/.local/lib/python3.12/site-packages/airflow/example_dags/example_sensor_decorator.py for tasks to queue
[2025-02-19T09:53:08.338+0000] {logging_mixin.py:190} INFO - [2025-02-19T09:53:08.338+0000] {dagbag.py:587} INFO - Filling up the DagBag from /home/airflow/.local/lib/python3.12/site-packages/airflow/example_dags/example_sensor_decorator.py
[2025-02-19T09:53:08.344+0000] {processor.py:925} INFO - DAG(s) 'example_sensor_decorator' retrieved from /home/airflow/.local/lib/python3.12/site-packages/airflow/example_dags/example_sensor_decorator.py
[2025-02-19T09:53:08.362+0000] {logging_mixin.py:190} INFO - [2025-02-19T09:53:08.361+0000] {dag.py:3229} INFO - Sync 1 DAGs
[2025-02-19T09:53:08.377+0000] {logging_mixin.py:190} INFO - [2025-02-19T09:53:08.376+0000] {dag.py:4156} INFO - Setting next_dagrun for example_sensor_decorator to None, run_after=None
[2025-02-19T09:53:08.394+0000] {processor.py:208} INFO - Processing /home/airflow/.local/lib/python3.12/site-packages/airflow/example_dags/example_sensor_decorator.py took 0.063 seconds
[2025-02-19T09:53:38.816+0000] {processor.py:186} INFO - Started process (PID=2008) to work on /home/airflow/.local/lib/python3.12/site-packages/airflow/example_dags/example_sensor_decorator.py
[2025-02-19T09:53:38.817+0000] {processor.py:914} INFO - Processing file /home/airflow/.local/lib/python3.12/site-packages/airflow/example_dags/example_sensor_decorator.py for tasks to queue
[2025-02-19T09:53:38.819+0000] {logging_mixin.py:190} INFO - [2025-02-19T09:53:38.819+0000] {dagbag.py:587} INFO - Filling up the DagBag from /home/airflow/.local/lib/python3.12/site-packages/airflow/example_dags/example_sensor_decorator.py
[2025-02-19T09:53:38.825+0000] {processor.py:925} INFO - DAG(s) 'example_sensor_decorator' retrieved from /home/airflow/.local/lib/python3.12/site-packages/airflow/example_dags/example_sensor_decorator.py
[2025-02-19T09:53:38.843+0000] {logging_mixin.py:190} INFO - [2025-02-19T09:53:38.842+0000] {dag.py:3229} INFO - Sync 1 DAGs
[2025-02-19T09:53:38.856+0000] {logging_mixin.py:190} INFO - [2025-02-19T09:53:38.856+0000] {dag.py:4156} INFO - Setting next_dagrun for example_sensor_decorator to None, run_after=None
[2025-02-19T09:53:38.879+0000] {processor.py:208} INFO - Processing /home/airflow/.local/lib/python3.12/site-packages/airflow/example_dags/example_sensor_decorator.py took 0.067 seconds
[2025-02-19T09:54:09.033+0000] {processor.py:186} INFO - Started process (PID=2072) to work on /home/airflow/.local/lib/python3.12/site-packages/airflow/example_dags/example_sensor_decorator.py
[2025-02-19T09:54:09.034+0000] {processor.py:914} INFO - Processing file /home/airflow/.local/lib/python3.12/site-packages/airflow/example_dags/example_sensor_decorator.py for tasks to queue
[2025-02-19T09:54:09.036+0000] {logging_mixin.py:190} INFO - [2025-02-19T09:54:09.036+0000] {dagbag.py:587} INFO - Filling up the DagBag from /home/airflow/.local/lib/python3.12/site-packages/airflow/example_dags/example_sensor_decorator.py
[2025-02-19T09:54:09.042+0000] {processor.py:925} INFO - DAG(s) 'example_sensor_decorator' retrieved from /home/airflow/.local/lib/python3.12/site-packages/airflow/example_dags/example_sensor_decorator.py
[2025-02-19T09:54:09.059+0000] {logging_mixin.py:190} INFO - [2025-02-19T09:54:09.059+0000] {dag.py:3229} INFO - Sync 1 DAGs
[2025-02-19T09:54:09.071+0000] {logging_mixin.py:190} INFO - [2025-02-19T09:54:09.071+0000] {dag.py:4156} INFO - Setting next_dagrun for example_sensor_decorator to None, run_after=None
[2025-02-19T09:54:09.090+0000] {processor.py:208} INFO - Processing /home/airflow/.local/lib/python3.12/site-packages/airflow/example_dags/example_sensor_decorator.py took 0.061 seconds
[2025-02-19T09:54:39.403+0000] {processor.py:186} INFO - Started process (PID=2136) to work on /home/airflow/.local/lib/python3.12/site-packages/airflow/example_dags/example_sensor_decorator.py
[2025-02-19T09:54:39.404+0000] {processor.py:914} INFO - Processing file /home/airflow/.local/lib/python3.12/site-packages/airflow/example_dags/example_sensor_decorator.py for tasks to queue
[2025-02-19T09:54:39.406+0000] {logging_mixin.py:190} INFO - [2025-02-19T09:54:39.406+0000] {dagbag.py:587} INFO - Filling up the DagBag from /home/airflow/.local/lib/python3.12/site-packages/airflow/example_dags/example_sensor_decorator.py
[2025-02-19T09:54:39.412+0000] {processor.py:925} INFO - DAG(s) 'example_sensor_decorator' retrieved from /home/airflow/.local/lib/python3.12/site-packages/airflow/example_dags/example_sensor_decorator.py
[2025-02-19T09:54:39.430+0000] {logging_mixin.py:190} INFO - [2025-02-19T09:54:39.429+0000] {dag.py:3229} INFO - Sync 1 DAGs
[2025-02-19T09:54:39.440+0000] {logging_mixin.py:190} INFO - [2025-02-19T09:54:39.440+0000] {dag.py:4156} INFO - Setting next_dagrun for example_sensor_decorator to None, run_after=None
[2025-02-19T09:54:39.455+0000] {processor.py:208} INFO - Processing /home/airflow/.local/lib/python3.12/site-packages/airflow/example_dags/example_sensor_decorator.py took 0.056 seconds
[2025-02-19T09:55:09.726+0000] {processor.py:186} INFO - Started process (PID=2200) to work on /home/airflow/.local/lib/python3.12/site-packages/airflow/example_dags/example_sensor_decorator.py
[2025-02-19T09:55:09.728+0000] {processor.py:914} INFO - Processing file /home/airflow/.local/lib/python3.12/site-packages/airflow/example_dags/example_sensor_decorator.py for tasks to queue
[2025-02-19T09:55:09.729+0000] {logging_mixin.py:190} INFO - [2025-02-19T09:55:09.729+0000] {dagbag.py:587} INFO - Filling up the DagBag from /home/airflow/.local/lib/python3.12/site-packages/airflow/example_dags/example_sensor_decorator.py
[2025-02-19T09:55:09.735+0000] {processor.py:925} INFO - DAG(s) 'example_sensor_decorator' retrieved from /home/airflow/.local/lib/python3.12/site-packages/airflow/example_dags/example_sensor_decorator.py
[2025-02-19T09:55:09.752+0000] {logging_mixin.py:190} INFO - [2025-02-19T09:55:09.752+0000] {dag.py:3229} INFO - Sync 1 DAGs
[2025-02-19T09:55:09.764+0000] {logging_mixin.py:190} INFO - [2025-02-19T09:55:09.764+0000] {dag.py:4156} INFO - Setting next_dagrun for example_sensor_decorator to None, run_after=None
[2025-02-19T09:55:09.780+0000] {processor.py:208} INFO - Processing /home/airflow/.local/lib/python3.12/site-packages/airflow/example_dags/example_sensor_decorator.py took 0.058 seconds
[2025-02-19T09:55:39.974+0000] {processor.py:186} INFO - Started process (PID=2264) to work on /home/airflow/.local/lib/python3.12/site-packages/airflow/example_dags/example_sensor_decorator.py
[2025-02-19T09:55:39.975+0000] {processor.py:914} INFO - Processing file /home/airflow/.local/lib/python3.12/site-packages/airflow/example_dags/example_sensor_decorator.py for tasks to queue
[2025-02-19T09:55:39.977+0000] {logging_mixin.py:190} INFO - [2025-02-19T09:55:39.977+0000] {dagbag.py:587} INFO - Filling up the DagBag from /home/airflow/.local/lib/python3.12/site-packages/airflow/example_dags/example_sensor_decorator.py
[2025-02-19T09:55:39.983+0000] {processor.py:925} INFO - DAG(s) 'example_sensor_decorator' retrieved from /home/airflow/.local/lib/python3.12/site-packages/airflow/example_dags/example_sensor_decorator.py
[2025-02-19T09:55:39.998+0000] {logging_mixin.py:190} INFO - [2025-02-19T09:55:39.998+0000] {dag.py:3229} INFO - Sync 1 DAGs
[2025-02-19T09:55:40.011+0000] {logging_mixin.py:190} INFO - [2025-02-19T09:55:40.011+0000] {dag.py:4156} INFO - Setting next_dagrun for example_sensor_decorator to None, run_after=None
[2025-02-19T09:55:40.027+0000] {processor.py:208} INFO - Processing /home/airflow/.local/lib/python3.12/site-packages/airflow/example_dags/example_sensor_decorator.py took 0.056 seconds
[2025-02-19T09:56:10.556+0000] {processor.py:186} INFO - Started process (PID=2329) to work on /home/airflow/.local/lib/python3.12/site-packages/airflow/example_dags/example_sensor_decorator.py
[2025-02-19T09:56:10.558+0000] {processor.py:914} INFO - Processing file /home/airflow/.local/lib/python3.12/site-packages/airflow/example_dags/example_sensor_decorator.py for tasks to queue
[2025-02-19T09:56:10.560+0000] {logging_mixin.py:190} INFO - [2025-02-19T09:56:10.559+0000] {dagbag.py:587} INFO - Filling up the DagBag from /home/airflow/.local/lib/python3.12/site-packages/airflow/example_dags/example_sensor_decorator.py
[2025-02-19T09:56:10.565+0000] {processor.py:925} INFO - DAG(s) 'example_sensor_decorator' retrieved from /home/airflow/.local/lib/python3.12/site-packages/airflow/example_dags/example_sensor_decorator.py
[2025-02-19T09:56:10.583+0000] {logging_mixin.py:190} INFO - [2025-02-19T09:56:10.582+0000] {dag.py:3229} INFO - Sync 1 DAGs
[2025-02-19T09:56:10.594+0000] {logging_mixin.py:190} INFO - [2025-02-19T09:56:10.594+0000] {dag.py:4156} INFO - Setting next_dagrun for example_sensor_decorator to None, run_after=None
[2025-02-19T09:56:10.611+0000] {processor.py:208} INFO - Processing /home/airflow/.local/lib/python3.12/site-packages/airflow/example_dags/example_sensor_decorator.py took 0.059 seconds
[2025-02-19T09:56:40.751+0000] {processor.py:186} INFO - Started process (PID=2393) to work on /home/airflow/.local/lib/python3.12/site-packages/airflow/example_dags/example_sensor_decorator.py
[2025-02-19T09:56:40.754+0000] {processor.py:914} INFO - Processing file /home/airflow/.local/lib/python3.12/site-packages/airflow/example_dags/example_sensor_decorator.py for tasks to queue
[2025-02-19T09:56:40.759+0000] {logging_mixin.py:190} INFO - [2025-02-19T09:56:40.759+0000] {dagbag.py:587} INFO - Filling up the DagBag from /home/airflow/.local/lib/python3.12/site-packages/airflow/example_dags/example_sensor_decorator.py
[2025-02-19T09:56:40.768+0000] {processor.py:925} INFO - DAG(s) 'example_sensor_decorator' retrieved from /home/airflow/.local/lib/python3.12/site-packages/airflow/example_dags/example_sensor_decorator.py
[2025-02-19T09:56:40.794+0000] {logging_mixin.py:190} INFO - [2025-02-19T09:56:40.793+0000] {dag.py:3229} INFO - Sync 1 DAGs
[2025-02-19T09:56:40.808+0000] {logging_mixin.py:190} INFO - [2025-02-19T09:56:40.808+0000] {dag.py:4156} INFO - Setting next_dagrun for example_sensor_decorator to None, run_after=None
[2025-02-19T09:56:40.829+0000] {processor.py:208} INFO - Processing /home/airflow/.local/lib/python3.12/site-packages/airflow/example_dags/example_sensor_decorator.py took 0.086 seconds
[2025-02-19T09:57:10.972+0000] {processor.py:186} INFO - Started process (PID=2457) to work on /home/airflow/.local/lib/python3.12/site-packages/airflow/example_dags/example_sensor_decorator.py
[2025-02-19T09:57:10.973+0000] {processor.py:914} INFO - Processing file /home/airflow/.local/lib/python3.12/site-packages/airflow/example_dags/example_sensor_decorator.py for tasks to queue
[2025-02-19T09:57:10.974+0000] {logging_mixin.py:190} INFO - [2025-02-19T09:57:10.974+0000] {dagbag.py:587} INFO - Filling up the DagBag from /home/airflow/.local/lib/python3.12/site-packages/airflow/example_dags/example_sensor_decorator.py
[2025-02-19T09:57:10.980+0000] {processor.py:925} INFO - DAG(s) 'example_sensor_decorator' retrieved from /home/airflow/.local/lib/python3.12/site-packages/airflow/example_dags/example_sensor_decorator.py
[2025-02-19T09:57:10.997+0000] {logging_mixin.py:190} INFO - [2025-02-19T09:57:10.996+0000] {dag.py:3229} INFO - Sync 1 DAGs
[2025-02-19T09:57:11.008+0000] {logging_mixin.py:190} INFO - [2025-02-19T09:57:11.008+0000] {dag.py:4156} INFO - Setting next_dagrun for example_sensor_decorator to None, run_after=None
[2025-02-19T09:57:11.023+0000] {processor.py:208} INFO - Processing /home/airflow/.local/lib/python3.12/site-packages/airflow/example_dags/example_sensor_decorator.py took 0.055 seconds
[2025-02-19T09:57:41.408+0000] {processor.py:186} INFO - Started process (PID=2522) to work on /home/airflow/.local/lib/python3.12/site-packages/airflow/example_dags/example_sensor_decorator.py
[2025-02-19T09:57:41.409+0000] {processor.py:914} INFO - Processing file /home/airflow/.local/lib/python3.12/site-packages/airflow/example_dags/example_sensor_decorator.py for tasks to queue
[2025-02-19T09:57:41.411+0000] {logging_mixin.py:190} INFO - [2025-02-19T09:57:41.411+0000] {dagbag.py:587} INFO - Filling up the DagBag from /home/airflow/.local/lib/python3.12/site-packages/airflow/example_dags/example_sensor_decorator.py
[2025-02-19T09:57:41.416+0000] {processor.py:925} INFO - DAG(s) 'example_sensor_decorator' retrieved from /home/airflow/.local/lib/python3.12/site-packages/airflow/example_dags/example_sensor_decorator.py
[2025-02-19T09:57:41.431+0000] {logging_mixin.py:190} INFO - [2025-02-19T09:57:41.430+0000] {dag.py:3229} INFO - Sync 1 DAGs
[2025-02-19T09:57:41.442+0000] {logging_mixin.py:190} INFO - [2025-02-19T09:57:41.442+0000] {dag.py:4156} INFO - Setting next_dagrun for example_sensor_decorator to None, run_after=None
[2025-02-19T09:57:41.456+0000] {processor.py:208} INFO - Processing /home/airflow/.local/lib/python3.12/site-packages/airflow/example_dags/example_sensor_decorator.py took 0.052 seconds
[2025-02-19T09:58:11.961+0000] {processor.py:186} INFO - Started process (PID=2587) to work on /home/airflow/.local/lib/python3.12/site-packages/airflow/example_dags/example_sensor_decorator.py
[2025-02-19T09:58:11.963+0000] {processor.py:914} INFO - Processing file /home/airflow/.local/lib/python3.12/site-packages/airflow/example_dags/example_sensor_decorator.py for tasks to queue
[2025-02-19T09:58:11.966+0000] {logging_mixin.py:190} INFO - [2025-02-19T09:58:11.966+0000] {dagbag.py:587} INFO - Filling up the DagBag from /home/airflow/.local/lib/python3.12/site-packages/airflow/example_dags/example_sensor_decorator.py
[2025-02-19T09:58:11.981+0000] {processor.py:925} INFO - DAG(s) 'example_sensor_decorator' retrieved from /home/airflow/.local/lib/python3.12/site-packages/airflow/example_dags/example_sensor_decorator.py
[2025-02-19T09:58:12.004+0000] {logging_mixin.py:190} INFO - [2025-02-19T09:58:12.003+0000] {dag.py:3229} INFO - Sync 1 DAGs
[2025-02-19T09:58:12.019+0000] {logging_mixin.py:190} INFO - [2025-02-19T09:58:12.019+0000] {dag.py:4156} INFO - Setting next_dagrun for example_sensor_decorator to None, run_after=None
[2025-02-19T09:58:12.040+0000] {processor.py:208} INFO - Processing /home/airflow/.local/lib/python3.12/site-packages/airflow/example_dags/example_sensor_decorator.py took 0.086 seconds
[2025-02-19T09:58:42.214+0000] {processor.py:186} INFO - Started process (PID=2656) to work on /home/airflow/.local/lib/python3.12/site-packages/airflow/example_dags/example_sensor_decorator.py
[2025-02-19T09:58:42.215+0000] {processor.py:914} INFO - Processing file /home/airflow/.local/lib/python3.12/site-packages/airflow/example_dags/example_sensor_decorator.py for tasks to queue
[2025-02-19T09:58:42.217+0000] {logging_mixin.py:190} INFO - [2025-02-19T09:58:42.216+0000] {dagbag.py:587} INFO - Filling up the DagBag from /home/airflow/.local/lib/python3.12/site-packages/airflow/example_dags/example_sensor_decorator.py
[2025-02-19T09:58:42.223+0000] {processor.py:925} INFO - DAG(s) 'example_sensor_decorator' retrieved from /home/airflow/.local/lib/python3.12/site-packages/airflow/example_dags/example_sensor_decorator.py
[2025-02-19T09:58:42.239+0000] {logging_mixin.py:190} INFO - [2025-02-19T09:58:42.238+0000] {dag.py:3229} INFO - Sync 1 DAGs
[2025-02-19T09:58:42.252+0000] {logging_mixin.py:190} INFO - [2025-02-19T09:58:42.252+0000] {dag.py:4156} INFO - Setting next_dagrun for example_sensor_decorator to None, run_after=None
[2025-02-19T09:58:42.270+0000] {processor.py:208} INFO - Processing /home/airflow/.local/lib/python3.12/site-packages/airflow/example_dags/example_sensor_decorator.py took 0.061 seconds
[2025-02-19T09:59:12.548+0000] {processor.py:186} INFO - Started process (PID=2720) to work on /home/airflow/.local/lib/python3.12/site-packages/airflow/example_dags/example_sensor_decorator.py
[2025-02-19T09:59:12.549+0000] {processor.py:914} INFO - Processing file /home/airflow/.local/lib/python3.12/site-packages/airflow/example_dags/example_sensor_decorator.py for tasks to queue
[2025-02-19T09:59:12.551+0000] {logging_mixin.py:190} INFO - [2025-02-19T09:59:12.551+0000] {dagbag.py:587} INFO - Filling up the DagBag from /home/airflow/.local/lib/python3.12/site-packages/airflow/example_dags/example_sensor_decorator.py
[2025-02-19T09:59:12.558+0000] {processor.py:925} INFO - DAG(s) 'example_sensor_decorator' retrieved from /home/airflow/.local/lib/python3.12/site-packages/airflow/example_dags/example_sensor_decorator.py
[2025-02-19T09:59:12.577+0000] {logging_mixin.py:190} INFO - [2025-02-19T09:59:12.576+0000] {dag.py:3229} INFO - Sync 1 DAGs
[2025-02-19T09:59:12.590+0000] {logging_mixin.py:190} INFO - [2025-02-19T09:59:12.589+0000] {dag.py:4156} INFO - Setting next_dagrun for example_sensor_decorator to None, run_after=None
[2025-02-19T09:59:12.607+0000] {processor.py:208} INFO - Processing /home/airflow/.local/lib/python3.12/site-packages/airflow/example_dags/example_sensor_decorator.py took 0.065 seconds
[2025-02-19T10:23:11.895+0000] {logging_mixin.py:190} INFO - [2025-02-19T10:23:11.894+0000] {settings.py:475} DEBUG - Setting up DB connection pool (PID 63)
[2025-02-19T10:23:11.896+0000] {logging_mixin.py:190} INFO - [2025-02-19T10:23:11.896+0000] {settings.py:579} DEBUG - settings.prepare_engine_args(): Using pool settings. pool_size=5, max_overflow=10, pool_recycle=1800, pid=63
[2025-02-19T10:23:11.901+0000] {processor.py:186} INFO - Started process (PID=63) to work on /home/airflow/.local/lib/python3.12/site-packages/airflow/example_dags/example_sensor_decorator.py
[2025-02-19T10:23:11.902+0000] {processor.py:914} INFO - Processing file /home/airflow/.local/lib/python3.12/site-packages/airflow/example_dags/example_sensor_decorator.py for tasks to queue
[2025-02-19T10:23:11.902+0000] {logging_mixin.py:190} INFO - [2025-02-19T10:23:11.902+0000] {dagbag.py:587} INFO - Filling up the DagBag from /home/airflow/.local/lib/python3.12/site-packages/airflow/example_dags/example_sensor_decorator.py
[2025-02-19T10:23:11.903+0000] {logging_mixin.py:190} INFO - [2025-02-19T10:23:11.903+0000] {dagbag.py:368} DEBUG - Importing /home/airflow/.local/lib/python3.12/site-packages/airflow/example_dags/example_sensor_decorator.py
[2025-02-19T10:23:11.912+0000] {logging_mixin.py:190} INFO - [2025-02-19T10:23:11.911+0000] {dagbag.py:553} DEBUG - Loaded DAG <DAG: example_sensor_decorator>
[2025-02-19T10:23:11.913+0000] {processor.py:925} INFO - DAG(s) 'example_sensor_decorator' retrieved from /home/airflow/.local/lib/python3.12/site-packages/airflow/example_dags/example_sensor_decorator.py
[2025-02-19T10:23:11.913+0000] {logging_mixin.py:190} INFO - [2025-02-19T10:23:11.913+0000] {dagbag.py:710} DEBUG - Running dagbag.sync_to_db with retries. Try 1 of 3
[2025-02-19T10:23:11.914+0000] {logging_mixin.py:190} INFO - [2025-02-19T10:23:11.914+0000] {dagbag.py:715} DEBUG - Calling the DAG.bulk_sync_to_db method
[2025-02-19T10:23:11.924+0000] {logging_mixin.py:190} INFO - [2025-02-19T10:23:11.924+0000] {serialized_dag.py:168} DEBUG - Checking if DAG (example_sensor_decorator) changed
[2025-02-19T10:23:11.927+0000] {logging_mixin.py:190} INFO - [2025-02-19T10:23:11.926+0000] {plugins_manager.py:351} DEBUG - Plugins are already loaded. Skipping.
[2025-02-19T10:23:11.927+0000] {logging_mixin.py:190} INFO - [2025-02-19T10:23:11.927+0000] {plugins_manager.py:429} DEBUG - Initialize custom taskinstance deps plugins
[2025-02-19T10:23:11.932+0000] {logging_mixin.py:190} INFO - [2025-02-19T10:23:11.932+0000] {serialized_dag.py:179} DEBUG - Serialized DAG (example_sensor_decorator) is unchanged. Skipping writing to DB
[2025-02-19T10:23:11.933+0000] {logging_mixin.py:190} INFO - [2025-02-19T10:23:11.933+0000] {dag.py:3229} INFO - Sync 1 DAGs
[2025-02-19T10:23:11.947+0000] {logging_mixin.py:190} INFO - [2025-02-19T10:23:11.947+0000] {dag.py:4156} INFO - Setting next_dagrun for example_sensor_decorator to None, run_after=None
[2025-02-19T10:23:11.964+0000] {processor.py:208} INFO - Processing /home/airflow/.local/lib/python3.12/site-packages/airflow/example_dags/example_sensor_decorator.py took 0.070 seconds
[2025-02-19T10:23:54.148+0000] {logging_mixin.py:190} INFO - [2025-02-19T10:23:54.147+0000] {settings.py:475} DEBUG - Setting up DB connection pool (PID 133)
[2025-02-19T10:23:54.149+0000] {logging_mixin.py:190} INFO - [2025-02-19T10:23:54.149+0000] {settings.py:579} DEBUG - settings.prepare_engine_args(): Using pool settings. pool_size=5, max_overflow=10, pool_recycle=1800, pid=133
[2025-02-19T10:23:54.154+0000] {processor.py:186} INFO - Started process (PID=133) to work on /home/airflow/.local/lib/python3.12/site-packages/airflow/example_dags/example_sensor_decorator.py
[2025-02-19T10:23:54.155+0000] {processor.py:914} INFO - Processing file /home/airflow/.local/lib/python3.12/site-packages/airflow/example_dags/example_sensor_decorator.py for tasks to queue
[2025-02-19T10:23:54.157+0000] {logging_mixin.py:190} INFO - [2025-02-19T10:23:54.156+0000] {dagbag.py:587} INFO - Filling up the DagBag from /home/airflow/.local/lib/python3.12/site-packages/airflow/example_dags/example_sensor_decorator.py
[2025-02-19T10:23:54.158+0000] {logging_mixin.py:190} INFO - [2025-02-19T10:23:54.158+0000] {dagbag.py:368} DEBUG - Importing /home/airflow/.local/lib/python3.12/site-packages/airflow/example_dags/example_sensor_decorator.py
[2025-02-19T10:23:54.166+0000] {logging_mixin.py:190} INFO - [2025-02-19T10:23:54.165+0000] {dagbag.py:553} DEBUG - Loaded DAG <DAG: example_sensor_decorator>
[2025-02-19T10:23:54.166+0000] {processor.py:925} INFO - DAG(s) 'example_sensor_decorator' retrieved from /home/airflow/.local/lib/python3.12/site-packages/airflow/example_dags/example_sensor_decorator.py
[2025-02-19T10:23:54.167+0000] {logging_mixin.py:190} INFO - [2025-02-19T10:23:54.167+0000] {dagbag.py:710} DEBUG - Running dagbag.sync_to_db with retries. Try 1 of 3
[2025-02-19T10:23:54.167+0000] {logging_mixin.py:190} INFO - [2025-02-19T10:23:54.167+0000] {dagbag.py:715} DEBUG - Calling the DAG.bulk_sync_to_db method
[2025-02-19T10:23:54.178+0000] {logging_mixin.py:190} INFO - [2025-02-19T10:23:54.178+0000] {serialized_dag.py:168} DEBUG - Checking if DAG (example_sensor_decorator) changed
[2025-02-19T10:23:54.181+0000] {logging_mixin.py:190} INFO - [2025-02-19T10:23:54.181+0000] {plugins_manager.py:351} DEBUG - Plugins are already loaded. Skipping.
[2025-02-19T10:23:54.181+0000] {logging_mixin.py:190} INFO - [2025-02-19T10:23:54.181+0000] {plugins_manager.py:429} DEBUG - Initialize custom taskinstance deps plugins
[2025-02-19T10:23:54.188+0000] {logging_mixin.py:190} INFO - [2025-02-19T10:23:54.188+0000] {serialized_dag.py:179} DEBUG - Serialized DAG (example_sensor_decorator) is unchanged. Skipping writing to DB
[2025-02-19T10:23:54.188+0000] {logging_mixin.py:190} INFO - [2025-02-19T10:23:54.188+0000] {dag.py:3229} INFO - Sync 1 DAGs
[2025-02-19T10:23:54.202+0000] {logging_mixin.py:190} INFO - [2025-02-19T10:23:54.202+0000] {dag.py:4156} INFO - Setting next_dagrun for example_sensor_decorator to None, run_after=None
[2025-02-19T10:23:54.227+0000] {processor.py:208} INFO - Processing /home/airflow/.local/lib/python3.12/site-packages/airflow/example_dags/example_sensor_decorator.py took 0.080 seconds
[2025-02-19T10:24:25.157+0000] {logging_mixin.py:190} INFO - [2025-02-19T10:24:25.156+0000] {settings.py:475} DEBUG - Setting up DB connection pool (PID 197)
[2025-02-19T10:24:25.158+0000] {logging_mixin.py:190} INFO - [2025-02-19T10:24:25.158+0000] {settings.py:579} DEBUG - settings.prepare_engine_args(): Using pool settings. pool_size=5, max_overflow=10, pool_recycle=1800, pid=197
[2025-02-19T10:24:25.162+0000] {processor.py:186} INFO - Started process (PID=197) to work on /home/airflow/.local/lib/python3.12/site-packages/airflow/example_dags/example_sensor_decorator.py
[2025-02-19T10:24:25.162+0000] {processor.py:914} INFO - Processing file /home/airflow/.local/lib/python3.12/site-packages/airflow/example_dags/example_sensor_decorator.py for tasks to queue
[2025-02-19T10:24:25.163+0000] {logging_mixin.py:190} INFO - [2025-02-19T10:24:25.163+0000] {dagbag.py:587} INFO - Filling up the DagBag from /home/airflow/.local/lib/python3.12/site-packages/airflow/example_dags/example_sensor_decorator.py
[2025-02-19T10:24:25.164+0000] {logging_mixin.py:190} INFO - [2025-02-19T10:24:25.164+0000] {dagbag.py:368} DEBUG - Importing /home/airflow/.local/lib/python3.12/site-packages/airflow/example_dags/example_sensor_decorator.py
[2025-02-19T10:24:25.170+0000] {logging_mixin.py:190} INFO - [2025-02-19T10:24:25.169+0000] {dagbag.py:553} DEBUG - Loaded DAG <DAG: example_sensor_decorator>
[2025-02-19T10:24:25.171+0000] {processor.py:925} INFO - DAG(s) 'example_sensor_decorator' retrieved from /home/airflow/.local/lib/python3.12/site-packages/airflow/example_dags/example_sensor_decorator.py
[2025-02-19T10:24:25.171+0000] {logging_mixin.py:190} INFO - [2025-02-19T10:24:25.171+0000] {dagbag.py:710} DEBUG - Running dagbag.sync_to_db with retries. Try 1 of 3
[2025-02-19T10:24:25.172+0000] {logging_mixin.py:190} INFO - [2025-02-19T10:24:25.172+0000] {dagbag.py:715} DEBUG - Calling the DAG.bulk_sync_to_db method
[2025-02-19T10:24:25.182+0000] {logging_mixin.py:190} INFO - [2025-02-19T10:24:25.182+0000] {serialized_dag.py:168} DEBUG - Checking if DAG (example_sensor_decorator) changed
[2025-02-19T10:24:25.185+0000] {logging_mixin.py:190} INFO - [2025-02-19T10:24:25.185+0000] {plugins_manager.py:351} DEBUG - Plugins are already loaded. Skipping.
[2025-02-19T10:24:25.185+0000] {logging_mixin.py:190} INFO - [2025-02-19T10:24:25.185+0000] {plugins_manager.py:429} DEBUG - Initialize custom taskinstance deps plugins
[2025-02-19T10:24:25.190+0000] {logging_mixin.py:190} INFO - [2025-02-19T10:24:25.190+0000] {serialized_dag.py:179} DEBUG - Serialized DAG (example_sensor_decorator) is unchanged. Skipping writing to DB
[2025-02-19T10:24:25.190+0000] {logging_mixin.py:190} INFO - [2025-02-19T10:24:25.190+0000] {dag.py:3229} INFO - Sync 1 DAGs
[2025-02-19T10:24:25.202+0000] {logging_mixin.py:190} INFO - [2025-02-19T10:24:25.202+0000] {dag.py:4156} INFO - Setting next_dagrun for example_sensor_decorator to None, run_after=None
[2025-02-19T10:24:25.218+0000] {processor.py:208} INFO - Processing /home/airflow/.local/lib/python3.12/site-packages/airflow/example_dags/example_sensor_decorator.py took 0.062 seconds
[2025-02-19T10:24:56.083+0000] {logging_mixin.py:190} INFO - [2025-02-19T10:24:56.082+0000] {settings.py:475} DEBUG - Setting up DB connection pool (PID 266)
[2025-02-19T10:24:56.084+0000] {logging_mixin.py:190} INFO - [2025-02-19T10:24:56.084+0000] {settings.py:579} DEBUG - settings.prepare_engine_args(): Using pool settings. pool_size=5, max_overflow=10, pool_recycle=1800, pid=266
[2025-02-19T10:24:56.090+0000] {processor.py:186} INFO - Started process (PID=266) to work on /home/airflow/.local/lib/python3.12/site-packages/airflow/example_dags/example_sensor_decorator.py
[2025-02-19T10:24:56.090+0000] {processor.py:914} INFO - Processing file /home/airflow/.local/lib/python3.12/site-packages/airflow/example_dags/example_sensor_decorator.py for tasks to queue
[2025-02-19T10:24:56.091+0000] {logging_mixin.py:190} INFO - [2025-02-19T10:24:56.091+0000] {dagbag.py:587} INFO - Filling up the DagBag from /home/airflow/.local/lib/python3.12/site-packages/airflow/example_dags/example_sensor_decorator.py
[2025-02-19T10:24:56.092+0000] {logging_mixin.py:190} INFO - [2025-02-19T10:24:56.092+0000] {dagbag.py:368} DEBUG - Importing /home/airflow/.local/lib/python3.12/site-packages/airflow/example_dags/example_sensor_decorator.py
[2025-02-19T10:24:56.101+0000] {logging_mixin.py:190} INFO - [2025-02-19T10:24:56.100+0000] {dagbag.py:553} DEBUG - Loaded DAG <DAG: example_sensor_decorator>
[2025-02-19T10:24:56.102+0000] {processor.py:925} INFO - DAG(s) 'example_sensor_decorator' retrieved from /home/airflow/.local/lib/python3.12/site-packages/airflow/example_dags/example_sensor_decorator.py
[2025-02-19T10:24:56.102+0000] {logging_mixin.py:190} INFO - [2025-02-19T10:24:56.102+0000] {dagbag.py:710} DEBUG - Running dagbag.sync_to_db with retries. Try 1 of 3
[2025-02-19T10:24:56.103+0000] {logging_mixin.py:190} INFO - [2025-02-19T10:24:56.103+0000] {dagbag.py:715} DEBUG - Calling the DAG.bulk_sync_to_db method
[2025-02-19T10:24:56.114+0000] {logging_mixin.py:190} INFO - [2025-02-19T10:24:56.114+0000] {serialized_dag.py:168} DEBUG - Checking if DAG (example_sensor_decorator) changed
[2025-02-19T10:24:56.117+0000] {logging_mixin.py:190} INFO - [2025-02-19T10:24:56.117+0000] {plugins_manager.py:351} DEBUG - Plugins are already loaded. Skipping.
[2025-02-19T10:24:56.117+0000] {logging_mixin.py:190} INFO - [2025-02-19T10:24:56.117+0000] {plugins_manager.py:429} DEBUG - Initialize custom taskinstance deps plugins
[2025-02-19T10:24:56.124+0000] {logging_mixin.py:190} INFO - [2025-02-19T10:24:56.123+0000] {serialized_dag.py:179} DEBUG - Serialized DAG (example_sensor_decorator) is unchanged. Skipping writing to DB
[2025-02-19T10:24:56.124+0000] {logging_mixin.py:190} INFO - [2025-02-19T10:24:56.124+0000] {dag.py:3229} INFO - Sync 1 DAGs
[2025-02-19T10:24:56.138+0000] {logging_mixin.py:190} INFO - [2025-02-19T10:24:56.138+0000] {dag.py:4156} INFO - Setting next_dagrun for example_sensor_decorator to None, run_after=None
[2025-02-19T10:24:56.157+0000] {processor.py:208} INFO - Processing /home/airflow/.local/lib/python3.12/site-packages/airflow/example_dags/example_sensor_decorator.py took 0.075 seconds
[2025-02-19T10:25:26.330+0000] {logging_mixin.py:190} INFO - [2025-02-19T10:25:26.330+0000] {settings.py:475} DEBUG - Setting up DB connection pool (PID 330)
[2025-02-19T10:25:26.332+0000] {logging_mixin.py:190} INFO - [2025-02-19T10:25:26.331+0000] {settings.py:579} DEBUG - settings.prepare_engine_args(): Using pool settings. pool_size=5, max_overflow=10, pool_recycle=1800, pid=330
[2025-02-19T10:25:26.336+0000] {processor.py:186} INFO - Started process (PID=330) to work on /home/airflow/.local/lib/python3.12/site-packages/airflow/example_dags/example_sensor_decorator.py
[2025-02-19T10:25:26.336+0000] {processor.py:914} INFO - Processing file /home/airflow/.local/lib/python3.12/site-packages/airflow/example_dags/example_sensor_decorator.py for tasks to queue
[2025-02-19T10:25:26.337+0000] {logging_mixin.py:190} INFO - [2025-02-19T10:25:26.337+0000] {dagbag.py:587} INFO - Filling up the DagBag from /home/airflow/.local/lib/python3.12/site-packages/airflow/example_dags/example_sensor_decorator.py
[2025-02-19T10:25:26.338+0000] {logging_mixin.py:190} INFO - [2025-02-19T10:25:26.338+0000] {dagbag.py:368} DEBUG - Importing /home/airflow/.local/lib/python3.12/site-packages/airflow/example_dags/example_sensor_decorator.py
[2025-02-19T10:25:26.345+0000] {logging_mixin.py:190} INFO - [2025-02-19T10:25:26.344+0000] {dagbag.py:553} DEBUG - Loaded DAG <DAG: example_sensor_decorator>
[2025-02-19T10:25:26.345+0000] {processor.py:925} INFO - DAG(s) 'example_sensor_decorator' retrieved from /home/airflow/.local/lib/python3.12/site-packages/airflow/example_dags/example_sensor_decorator.py
[2025-02-19T10:25:26.346+0000] {logging_mixin.py:190} INFO - [2025-02-19T10:25:26.346+0000] {dagbag.py:710} DEBUG - Running dagbag.sync_to_db with retries. Try 1 of 3
[2025-02-19T10:25:26.346+0000] {logging_mixin.py:190} INFO - [2025-02-19T10:25:26.346+0000] {dagbag.py:715} DEBUG - Calling the DAG.bulk_sync_to_db method
[2025-02-19T10:25:26.358+0000] {logging_mixin.py:190} INFO - [2025-02-19T10:25:26.358+0000] {serialized_dag.py:168} DEBUG - Checking if DAG (example_sensor_decorator) changed
[2025-02-19T10:25:26.361+0000] {logging_mixin.py:190} INFO - [2025-02-19T10:25:26.360+0000] {plugins_manager.py:351} DEBUG - Plugins are already loaded. Skipping.
[2025-02-19T10:25:26.361+0000] {logging_mixin.py:190} INFO - [2025-02-19T10:25:26.361+0000] {plugins_manager.py:429} DEBUG - Initialize custom taskinstance deps plugins
[2025-02-19T10:25:26.366+0000] {logging_mixin.py:190} INFO - [2025-02-19T10:25:26.365+0000] {serialized_dag.py:179} DEBUG - Serialized DAG (example_sensor_decorator) is unchanged. Skipping writing to DB
[2025-02-19T10:25:26.366+0000] {logging_mixin.py:190} INFO - [2025-02-19T10:25:26.366+0000] {dag.py:3229} INFO - Sync 1 DAGs
[2025-02-19T10:25:26.378+0000] {logging_mixin.py:190} INFO - [2025-02-19T10:25:26.378+0000] {dag.py:4156} INFO - Setting next_dagrun for example_sensor_decorator to None, run_after=None
[2025-02-19T10:25:26.395+0000] {processor.py:208} INFO - Processing /home/airflow/.local/lib/python3.12/site-packages/airflow/example_dags/example_sensor_decorator.py took 0.066 seconds
[2025-02-19T10:25:56.938+0000] {logging_mixin.py:190} INFO - [2025-02-19T10:25:56.937+0000] {settings.py:475} DEBUG - Setting up DB connection pool (PID 394)
[2025-02-19T10:25:56.939+0000] {logging_mixin.py:190} INFO - [2025-02-19T10:25:56.939+0000] {settings.py:579} DEBUG - settings.prepare_engine_args(): Using pool settings. pool_size=5, max_overflow=10, pool_recycle=1800, pid=394
[2025-02-19T10:25:56.943+0000] {processor.py:186} INFO - Started process (PID=394) to work on /home/airflow/.local/lib/python3.12/site-packages/airflow/example_dags/example_sensor_decorator.py
[2025-02-19T10:25:56.943+0000] {processor.py:914} INFO - Processing file /home/airflow/.local/lib/python3.12/site-packages/airflow/example_dags/example_sensor_decorator.py for tasks to queue
[2025-02-19T10:25:56.944+0000] {logging_mixin.py:190} INFO - [2025-02-19T10:25:56.944+0000] {dagbag.py:587} INFO - Filling up the DagBag from /home/airflow/.local/lib/python3.12/site-packages/airflow/example_dags/example_sensor_decorator.py
[2025-02-19T10:25:56.945+0000] {logging_mixin.py:190} INFO - [2025-02-19T10:25:56.945+0000] {dagbag.py:368} DEBUG - Importing /home/airflow/.local/lib/python3.12/site-packages/airflow/example_dags/example_sensor_decorator.py
[2025-02-19T10:25:56.952+0000] {logging_mixin.py:190} INFO - [2025-02-19T10:25:56.951+0000] {dagbag.py:553} DEBUG - Loaded DAG <DAG: example_sensor_decorator>
[2025-02-19T10:25:56.952+0000] {processor.py:925} INFO - DAG(s) 'example_sensor_decorator' retrieved from /home/airflow/.local/lib/python3.12/site-packages/airflow/example_dags/example_sensor_decorator.py
[2025-02-19T10:25:56.953+0000] {logging_mixin.py:190} INFO - [2025-02-19T10:25:56.953+0000] {dagbag.py:710} DEBUG - Running dagbag.sync_to_db with retries. Try 1 of 3
[2025-02-19T10:25:56.953+0000] {logging_mixin.py:190} INFO - [2025-02-19T10:25:56.953+0000] {dagbag.py:715} DEBUG - Calling the DAG.bulk_sync_to_db method
[2025-02-19T10:25:56.961+0000] {logging_mixin.py:190} INFO - [2025-02-19T10:25:56.961+0000] {serialized_dag.py:168} DEBUG - Checking if DAG (example_sensor_decorator) changed
[2025-02-19T10:25:56.964+0000] {logging_mixin.py:190} INFO - [2025-02-19T10:25:56.964+0000] {plugins_manager.py:351} DEBUG - Plugins are already loaded. Skipping.
[2025-02-19T10:25:56.964+0000] {logging_mixin.py:190} INFO - [2025-02-19T10:25:56.964+0000] {plugins_manager.py:429} DEBUG - Initialize custom taskinstance deps plugins
[2025-02-19T10:25:56.969+0000] {logging_mixin.py:190} INFO - [2025-02-19T10:25:56.969+0000] {serialized_dag.py:179} DEBUG - Serialized DAG (example_sensor_decorator) is unchanged. Skipping writing to DB
[2025-02-19T10:25:56.970+0000] {logging_mixin.py:190} INFO - [2025-02-19T10:25:56.969+0000] {dag.py:3229} INFO - Sync 1 DAGs
[2025-02-19T10:25:56.982+0000] {logging_mixin.py:190} INFO - [2025-02-19T10:25:56.982+0000] {dag.py:4156} INFO - Setting next_dagrun for example_sensor_decorator to None, run_after=None
[2025-02-19T10:25:56.998+0000] {processor.py:208} INFO - Processing /home/airflow/.local/lib/python3.12/site-packages/airflow/example_dags/example_sensor_decorator.py took 0.061 seconds
[2025-02-19T10:26:27.669+0000] {logging_mixin.py:190} INFO - [2025-02-19T10:26:27.668+0000] {settings.py:475} DEBUG - Setting up DB connection pool (PID 458)
[2025-02-19T10:26:27.670+0000] {logging_mixin.py:190} INFO - [2025-02-19T10:26:27.670+0000] {settings.py:579} DEBUG - settings.prepare_engine_args(): Using pool settings. pool_size=5, max_overflow=10, pool_recycle=1800, pid=458
[2025-02-19T10:26:27.675+0000] {processor.py:186} INFO - Started process (PID=458) to work on /home/airflow/.local/lib/python3.12/site-packages/airflow/example_dags/example_sensor_decorator.py
[2025-02-19T10:26:27.675+0000] {processor.py:914} INFO - Processing file /home/airflow/.local/lib/python3.12/site-packages/airflow/example_dags/example_sensor_decorator.py for tasks to queue
[2025-02-19T10:26:27.676+0000] {logging_mixin.py:190} INFO - [2025-02-19T10:26:27.676+0000] {dagbag.py:587} INFO - Filling up the DagBag from /home/airflow/.local/lib/python3.12/site-packages/airflow/example_dags/example_sensor_decorator.py
[2025-02-19T10:26:27.677+0000] {logging_mixin.py:190} INFO - [2025-02-19T10:26:27.677+0000] {dagbag.py:368} DEBUG - Importing /home/airflow/.local/lib/python3.12/site-packages/airflow/example_dags/example_sensor_decorator.py
[2025-02-19T10:26:27.685+0000] {logging_mixin.py:190} INFO - [2025-02-19T10:26:27.683+0000] {dagbag.py:553} DEBUG - Loaded DAG <DAG: example_sensor_decorator>
[2025-02-19T10:26:27.685+0000] {processor.py:925} INFO - DAG(s) 'example_sensor_decorator' retrieved from /home/airflow/.local/lib/python3.12/site-packages/airflow/example_dags/example_sensor_decorator.py
[2025-02-19T10:26:27.686+0000] {logging_mixin.py:190} INFO - [2025-02-19T10:26:27.686+0000] {dagbag.py:710} DEBUG - Running dagbag.sync_to_db with retries. Try 1 of 3
[2025-02-19T10:26:27.686+0000] {logging_mixin.py:190} INFO - [2025-02-19T10:26:27.686+0000] {dagbag.py:715} DEBUG - Calling the DAG.bulk_sync_to_db method
[2025-02-19T10:26:27.697+0000] {logging_mixin.py:190} INFO - [2025-02-19T10:26:27.697+0000] {serialized_dag.py:168} DEBUG - Checking if DAG (example_sensor_decorator) changed
[2025-02-19T10:26:27.700+0000] {logging_mixin.py:190} INFO - [2025-02-19T10:26:27.700+0000] {plugins_manager.py:351} DEBUG - Plugins are already loaded. Skipping.
[2025-02-19T10:26:27.700+0000] {logging_mixin.py:190} INFO - [2025-02-19T10:26:27.700+0000] {plugins_manager.py:429} DEBUG - Initialize custom taskinstance deps plugins
[2025-02-19T10:26:27.706+0000] {logging_mixin.py:190} INFO - [2025-02-19T10:26:27.705+0000] {serialized_dag.py:179} DEBUG - Serialized DAG (example_sensor_decorator) is unchanged. Skipping writing to DB
[2025-02-19T10:26:27.706+0000] {logging_mixin.py:190} INFO - [2025-02-19T10:26:27.706+0000] {dag.py:3229} INFO - Sync 1 DAGs
[2025-02-19T10:26:27.719+0000] {logging_mixin.py:190} INFO - [2025-02-19T10:26:27.718+0000] {dag.py:4156} INFO - Setting next_dagrun for example_sensor_decorator to None, run_after=None
[2025-02-19T10:26:27.737+0000] {processor.py:208} INFO - Processing /home/airflow/.local/lib/python3.12/site-packages/airflow/example_dags/example_sensor_decorator.py took 0.069 seconds
