[2025-02-19T09:38:27.680+0000] {processor.py:186} INFO - Started process (PID=91) to work on /home/airflow/.local/lib/python3.12/site-packages/airflow/example_dags/example_time_delta_sensor_async.py
[2025-02-19T09:38:27.681+0000] {processor.py:914} INFO - Processing file /home/airflow/.local/lib/python3.12/site-packages/airflow/example_dags/example_time_delta_sensor_async.py for tasks to queue
[2025-02-19T09:38:27.683+0000] {logging_mixin.py:190} INFO - [2025-02-19T09:38:27.682+0000] {dagbag.py:587} INFO - Filling up the DagBag from /home/airflow/.local/lib/python3.12/site-packages/airflow/example_dags/example_time_delta_sensor_async.py
[2025-02-19T09:38:27.689+0000] {processor.py:925} INFO - DAG(s) 'example_time_delta_sensor_async' retrieved from /home/airflow/.local/lib/python3.12/site-packages/airflow/example_dags/example_time_delta_sensor_async.py
[2025-02-19T09:38:27.822+0000] {logging_mixin.py:190} INFO - [2025-02-19T09:38:27.821+0000] {dag.py:3229} INFO - Sync 1 DAGs
[2025-02-19T09:38:27.840+0000] {logging_mixin.py:190} INFO - [2025-02-19T09:38:27.840+0000] {dag.py:4156} INFO - Setting next_dagrun for example_time_delta_sensor_async to None, run_after=None
[2025-02-19T09:38:27.897+0000] {processor.py:208} INFO - Processing /home/airflow/.local/lib/python3.12/site-packages/airflow/example_dags/example_time_delta_sensor_async.py took 0.222 seconds
[2025-02-19T09:38:58.837+0000] {processor.py:186} INFO - Started process (PID=160) to work on /home/airflow/.local/lib/python3.12/site-packages/airflow/example_dags/example_time_delta_sensor_async.py
[2025-02-19T09:38:58.838+0000] {processor.py:914} INFO - Processing file /home/airflow/.local/lib/python3.12/site-packages/airflow/example_dags/example_time_delta_sensor_async.py for tasks to queue
[2025-02-19T09:38:58.841+0000] {logging_mixin.py:190} INFO - [2025-02-19T09:38:58.841+0000] {dagbag.py:587} INFO - Filling up the DagBag from /home/airflow/.local/lib/python3.12/site-packages/airflow/example_dags/example_time_delta_sensor_async.py
[2025-02-19T09:38:58.849+0000] {processor.py:925} INFO - DAG(s) 'example_time_delta_sensor_async' retrieved from /home/airflow/.local/lib/python3.12/site-packages/airflow/example_dags/example_time_delta_sensor_async.py
[2025-02-19T09:38:58.872+0000] {logging_mixin.py:190} INFO - [2025-02-19T09:38:58.872+0000] {dag.py:3229} INFO - Sync 1 DAGs
[2025-02-19T09:38:58.887+0000] {logging_mixin.py:190} INFO - [2025-02-19T09:38:58.887+0000] {dag.py:4156} INFO - Setting next_dagrun for example_time_delta_sensor_async to None, run_after=None
[2025-02-19T09:38:58.908+0000] {processor.py:208} INFO - Processing /home/airflow/.local/lib/python3.12/site-packages/airflow/example_dags/example_time_delta_sensor_async.py took 0.078 seconds
[2025-02-19T09:39:29.224+0000] {processor.py:186} INFO - Started process (PID=224) to work on /home/airflow/.local/lib/python3.12/site-packages/airflow/example_dags/example_time_delta_sensor_async.py
[2025-02-19T09:39:29.226+0000] {processor.py:914} INFO - Processing file /home/airflow/.local/lib/python3.12/site-packages/airflow/example_dags/example_time_delta_sensor_async.py for tasks to queue
[2025-02-19T09:39:29.228+0000] {logging_mixin.py:190} INFO - [2025-02-19T09:39:29.228+0000] {dagbag.py:587} INFO - Filling up the DagBag from /home/airflow/.local/lib/python3.12/site-packages/airflow/example_dags/example_time_delta_sensor_async.py
[2025-02-19T09:39:29.234+0000] {processor.py:925} INFO - DAG(s) 'example_time_delta_sensor_async' retrieved from /home/airflow/.local/lib/python3.12/site-packages/airflow/example_dags/example_time_delta_sensor_async.py
[2025-02-19T09:39:29.254+0000] {logging_mixin.py:190} INFO - [2025-02-19T09:39:29.253+0000] {dag.py:3229} INFO - Sync 1 DAGs
[2025-02-19T09:39:29.267+0000] {logging_mixin.py:190} INFO - [2025-02-19T09:39:29.267+0000] {dag.py:4156} INFO - Setting next_dagrun for example_time_delta_sensor_async to None, run_after=None
[2025-02-19T09:39:29.286+0000] {processor.py:208} INFO - Processing /home/airflow/.local/lib/python3.12/site-packages/airflow/example_dags/example_time_delta_sensor_async.py took 0.067 seconds
[2025-02-19T09:39:59.394+0000] {processor.py:186} INFO - Started process (PID=288) to work on /home/airflow/.local/lib/python3.12/site-packages/airflow/example_dags/example_time_delta_sensor_async.py
[2025-02-19T09:39:59.414+0000] {processor.py:914} INFO - Processing file /home/airflow/.local/lib/python3.12/site-packages/airflow/example_dags/example_time_delta_sensor_async.py for tasks to queue
[2025-02-19T09:39:59.416+0000] {logging_mixin.py:190} INFO - [2025-02-19T09:39:59.416+0000] {dagbag.py:587} INFO - Filling up the DagBag from /home/airflow/.local/lib/python3.12/site-packages/airflow/example_dags/example_time_delta_sensor_async.py
[2025-02-19T09:39:59.422+0000] {processor.py:925} INFO - DAG(s) 'example_time_delta_sensor_async' retrieved from /home/airflow/.local/lib/python3.12/site-packages/airflow/example_dags/example_time_delta_sensor_async.py
[2025-02-19T09:39:59.440+0000] {logging_mixin.py:190} INFO - [2025-02-19T09:39:59.440+0000] {dag.py:3229} INFO - Sync 1 DAGs
[2025-02-19T09:39:59.452+0000] {logging_mixin.py:190} INFO - [2025-02-19T09:39:59.452+0000] {dag.py:4156} INFO - Setting next_dagrun for example_time_delta_sensor_async to None, run_after=None
[2025-02-19T09:39:59.469+0000] {processor.py:208} INFO - Processing /home/airflow/.local/lib/python3.12/site-packages/airflow/example_dags/example_time_delta_sensor_async.py took 0.080 seconds
[2025-02-19T09:40:29.555+0000] {processor.py:186} INFO - Started process (PID=352) to work on /home/airflow/.local/lib/python3.12/site-packages/airflow/example_dags/example_time_delta_sensor_async.py
[2025-02-19T09:40:29.556+0000] {processor.py:914} INFO - Processing file /home/airflow/.local/lib/python3.12/site-packages/airflow/example_dags/example_time_delta_sensor_async.py for tasks to queue
[2025-02-19T09:40:29.558+0000] {logging_mixin.py:190} INFO - [2025-02-19T09:40:29.557+0000] {dagbag.py:587} INFO - Filling up the DagBag from /home/airflow/.local/lib/python3.12/site-packages/airflow/example_dags/example_time_delta_sensor_async.py
[2025-02-19T09:40:29.563+0000] {processor.py:925} INFO - DAG(s) 'example_time_delta_sensor_async' retrieved from /home/airflow/.local/lib/python3.12/site-packages/airflow/example_dags/example_time_delta_sensor_async.py
[2025-02-19T09:40:29.581+0000] {logging_mixin.py:190} INFO - [2025-02-19T09:40:29.580+0000] {dag.py:3229} INFO - Sync 1 DAGs
[2025-02-19T09:40:29.592+0000] {logging_mixin.py:190} INFO - [2025-02-19T09:40:29.592+0000] {dag.py:4156} INFO - Setting next_dagrun for example_time_delta_sensor_async to None, run_after=None
[2025-02-19T09:40:29.610+0000] {processor.py:208} INFO - Processing /home/airflow/.local/lib/python3.12/site-packages/airflow/example_dags/example_time_delta_sensor_async.py took 0.059 seconds
[2025-02-19T09:40:59.908+0000] {processor.py:186} INFO - Started process (PID=416) to work on /home/airflow/.local/lib/python3.12/site-packages/airflow/example_dags/example_time_delta_sensor_async.py
[2025-02-19T09:40:59.928+0000] {processor.py:914} INFO - Processing file /home/airflow/.local/lib/python3.12/site-packages/airflow/example_dags/example_time_delta_sensor_async.py for tasks to queue
[2025-02-19T09:40:59.930+0000] {logging_mixin.py:190} INFO - [2025-02-19T09:40:59.930+0000] {dagbag.py:587} INFO - Filling up the DagBag from /home/airflow/.local/lib/python3.12/site-packages/airflow/example_dags/example_time_delta_sensor_async.py
[2025-02-19T09:40:59.936+0000] {processor.py:925} INFO - DAG(s) 'example_time_delta_sensor_async' retrieved from /home/airflow/.local/lib/python3.12/site-packages/airflow/example_dags/example_time_delta_sensor_async.py
[2025-02-19T09:40:59.953+0000] {logging_mixin.py:190} INFO - [2025-02-19T09:40:59.953+0000] {dag.py:3229} INFO - Sync 1 DAGs
[2025-02-19T09:40:59.965+0000] {logging_mixin.py:190} INFO - [2025-02-19T09:40:59.965+0000] {dag.py:4156} INFO - Setting next_dagrun for example_time_delta_sensor_async to None, run_after=None
[2025-02-19T09:40:59.980+0000] {processor.py:208} INFO - Processing /home/airflow/.local/lib/python3.12/site-packages/airflow/example_dags/example_time_delta_sensor_async.py took 0.077 seconds
[2025-02-19T09:41:30.287+0000] {processor.py:186} INFO - Started process (PID=480) to work on /home/airflow/.local/lib/python3.12/site-packages/airflow/example_dags/example_time_delta_sensor_async.py
[2025-02-19T09:41:30.302+0000] {processor.py:914} INFO - Processing file /home/airflow/.local/lib/python3.12/site-packages/airflow/example_dags/example_time_delta_sensor_async.py for tasks to queue
[2025-02-19T09:41:30.305+0000] {logging_mixin.py:190} INFO - [2025-02-19T09:41:30.305+0000] {dagbag.py:587} INFO - Filling up the DagBag from /home/airflow/.local/lib/python3.12/site-packages/airflow/example_dags/example_time_delta_sensor_async.py
[2025-02-19T09:41:30.312+0000] {processor.py:925} INFO - DAG(s) 'example_time_delta_sensor_async' retrieved from /home/airflow/.local/lib/python3.12/site-packages/airflow/example_dags/example_time_delta_sensor_async.py
[2025-02-19T09:41:30.330+0000] {logging_mixin.py:190} INFO - [2025-02-19T09:41:30.329+0000] {dag.py:3229} INFO - Sync 1 DAGs
[2025-02-19T09:41:30.342+0000] {logging_mixin.py:190} INFO - [2025-02-19T09:41:30.342+0000] {dag.py:4156} INFO - Setting next_dagrun for example_time_delta_sensor_async to None, run_after=None
[2025-02-19T09:41:30.358+0000] {processor.py:208} INFO - Processing /home/airflow/.local/lib/python3.12/site-packages/airflow/example_dags/example_time_delta_sensor_async.py took 0.076 seconds
[2025-02-19T09:42:00.436+0000] {processor.py:186} INFO - Started process (PID=544) to work on /home/airflow/.local/lib/python3.12/site-packages/airflow/example_dags/example_time_delta_sensor_async.py
[2025-02-19T09:42:00.438+0000] {processor.py:914} INFO - Processing file /home/airflow/.local/lib/python3.12/site-packages/airflow/example_dags/example_time_delta_sensor_async.py for tasks to queue
[2025-02-19T09:42:00.440+0000] {logging_mixin.py:190} INFO - [2025-02-19T09:42:00.440+0000] {dagbag.py:587} INFO - Filling up the DagBag from /home/airflow/.local/lib/python3.12/site-packages/airflow/example_dags/example_time_delta_sensor_async.py
[2025-02-19T09:42:00.447+0000] {processor.py:925} INFO - DAG(s) 'example_time_delta_sensor_async' retrieved from /home/airflow/.local/lib/python3.12/site-packages/airflow/example_dags/example_time_delta_sensor_async.py
[2025-02-19T09:42:00.465+0000] {logging_mixin.py:190} INFO - [2025-02-19T09:42:00.464+0000] {dag.py:3229} INFO - Sync 1 DAGs
[2025-02-19T09:42:00.477+0000] {logging_mixin.py:190} INFO - [2025-02-19T09:42:00.476+0000] {dag.py:4156} INFO - Setting next_dagrun for example_time_delta_sensor_async to None, run_after=None
[2025-02-19T09:42:00.492+0000] {processor.py:208} INFO - Processing /home/airflow/.local/lib/python3.12/site-packages/airflow/example_dags/example_time_delta_sensor_async.py took 0.062 seconds
[2025-02-19T09:42:30.553+0000] {processor.py:186} INFO - Started process (PID=608) to work on /home/airflow/.local/lib/python3.12/site-packages/airflow/example_dags/example_time_delta_sensor_async.py
[2025-02-19T09:42:30.572+0000] {processor.py:914} INFO - Processing file /home/airflow/.local/lib/python3.12/site-packages/airflow/example_dags/example_time_delta_sensor_async.py for tasks to queue
[2025-02-19T09:42:30.574+0000] {logging_mixin.py:190} INFO - [2025-02-19T09:42:30.574+0000] {dagbag.py:587} INFO - Filling up the DagBag from /home/airflow/.local/lib/python3.12/site-packages/airflow/example_dags/example_time_delta_sensor_async.py
[2025-02-19T09:42:30.579+0000] {processor.py:925} INFO - DAG(s) 'example_time_delta_sensor_async' retrieved from /home/airflow/.local/lib/python3.12/site-packages/airflow/example_dags/example_time_delta_sensor_async.py
[2025-02-19T09:42:30.596+0000] {logging_mixin.py:190} INFO - [2025-02-19T09:42:30.596+0000] {dag.py:3229} INFO - Sync 1 DAGs
[2025-02-19T09:42:30.608+0000] {logging_mixin.py:190} INFO - [2025-02-19T09:42:30.608+0000] {dag.py:4156} INFO - Setting next_dagrun for example_time_delta_sensor_async to None, run_after=None
[2025-02-19T09:42:30.624+0000] {processor.py:208} INFO - Processing /home/airflow/.local/lib/python3.12/site-packages/airflow/example_dags/example_time_delta_sensor_async.py took 0.075 seconds
[2025-02-19T09:43:00.711+0000] {processor.py:186} INFO - Started process (PID=672) to work on /home/airflow/.local/lib/python3.12/site-packages/airflow/example_dags/example_time_delta_sensor_async.py
[2025-02-19T09:43:00.712+0000] {processor.py:914} INFO - Processing file /home/airflow/.local/lib/python3.12/site-packages/airflow/example_dags/example_time_delta_sensor_async.py for tasks to queue
[2025-02-19T09:43:00.714+0000] {logging_mixin.py:190} INFO - [2025-02-19T09:43:00.714+0000] {dagbag.py:587} INFO - Filling up the DagBag from /home/airflow/.local/lib/python3.12/site-packages/airflow/example_dags/example_time_delta_sensor_async.py
[2025-02-19T09:43:00.720+0000] {processor.py:925} INFO - DAG(s) 'example_time_delta_sensor_async' retrieved from /home/airflow/.local/lib/python3.12/site-packages/airflow/example_dags/example_time_delta_sensor_async.py
[2025-02-19T09:43:00.740+0000] {logging_mixin.py:190} INFO - [2025-02-19T09:43:00.739+0000] {dag.py:3229} INFO - Sync 1 DAGs
[2025-02-19T09:43:00.754+0000] {logging_mixin.py:190} INFO - [2025-02-19T09:43:00.753+0000] {dag.py:4156} INFO - Setting next_dagrun for example_time_delta_sensor_async to None, run_after=None
[2025-02-19T09:43:00.771+0000] {processor.py:208} INFO - Processing /home/airflow/.local/lib/python3.12/site-packages/airflow/example_dags/example_time_delta_sensor_async.py took 0.065 seconds
[2025-02-19T09:43:30.901+0000] {processor.py:186} INFO - Started process (PID=736) to work on /home/airflow/.local/lib/python3.12/site-packages/airflow/example_dags/example_time_delta_sensor_async.py
[2025-02-19T09:43:30.902+0000] {processor.py:914} INFO - Processing file /home/airflow/.local/lib/python3.12/site-packages/airflow/example_dags/example_time_delta_sensor_async.py for tasks to queue
[2025-02-19T09:43:30.904+0000] {logging_mixin.py:190} INFO - [2025-02-19T09:43:30.904+0000] {dagbag.py:587} INFO - Filling up the DagBag from /home/airflow/.local/lib/python3.12/site-packages/airflow/example_dags/example_time_delta_sensor_async.py
[2025-02-19T09:43:30.909+0000] {processor.py:925} INFO - DAG(s) 'example_time_delta_sensor_async' retrieved from /home/airflow/.local/lib/python3.12/site-packages/airflow/example_dags/example_time_delta_sensor_async.py
[2025-02-19T09:43:30.926+0000] {logging_mixin.py:190} INFO - [2025-02-19T09:43:30.925+0000] {dag.py:3229} INFO - Sync 1 DAGs
[2025-02-19T09:43:30.938+0000] {logging_mixin.py:190} INFO - [2025-02-19T09:43:30.938+0000] {dag.py:4156} INFO - Setting next_dagrun for example_time_delta_sensor_async to None, run_after=None
[2025-02-19T09:43:30.954+0000] {processor.py:208} INFO - Processing /home/airflow/.local/lib/python3.12/site-packages/airflow/example_dags/example_time_delta_sensor_async.py took 0.058 seconds
[2025-02-19T09:44:01.199+0000] {processor.py:186} INFO - Started process (PID=800) to work on /home/airflow/.local/lib/python3.12/site-packages/airflow/example_dags/example_time_delta_sensor_async.py
[2025-02-19T09:44:01.200+0000] {processor.py:914} INFO - Processing file /home/airflow/.local/lib/python3.12/site-packages/airflow/example_dags/example_time_delta_sensor_async.py for tasks to queue
[2025-02-19T09:44:01.202+0000] {logging_mixin.py:190} INFO - [2025-02-19T09:44:01.202+0000] {dagbag.py:587} INFO - Filling up the DagBag from /home/airflow/.local/lib/python3.12/site-packages/airflow/example_dags/example_time_delta_sensor_async.py
[2025-02-19T09:44:01.207+0000] {processor.py:925} INFO - DAG(s) 'example_time_delta_sensor_async' retrieved from /home/airflow/.local/lib/python3.12/site-packages/airflow/example_dags/example_time_delta_sensor_async.py
[2025-02-19T09:44:01.223+0000] {logging_mixin.py:190} INFO - [2025-02-19T09:44:01.222+0000] {dag.py:3229} INFO - Sync 1 DAGs
[2025-02-19T09:44:01.233+0000] {logging_mixin.py:190} INFO - [2025-02-19T09:44:01.233+0000] {dag.py:4156} INFO - Setting next_dagrun for example_time_delta_sensor_async to None, run_after=None
[2025-02-19T09:44:01.250+0000] {processor.py:208} INFO - Processing /home/airflow/.local/lib/python3.12/site-packages/airflow/example_dags/example_time_delta_sensor_async.py took 0.055 seconds
[2025-02-19T09:44:31.364+0000] {processor.py:186} INFO - Started process (PID=864) to work on /home/airflow/.local/lib/python3.12/site-packages/airflow/example_dags/example_time_delta_sensor_async.py
[2025-02-19T09:44:31.365+0000] {processor.py:914} INFO - Processing file /home/airflow/.local/lib/python3.12/site-packages/airflow/example_dags/example_time_delta_sensor_async.py for tasks to queue
[2025-02-19T09:44:31.367+0000] {logging_mixin.py:190} INFO - [2025-02-19T09:44:31.367+0000] {dagbag.py:587} INFO - Filling up the DagBag from /home/airflow/.local/lib/python3.12/site-packages/airflow/example_dags/example_time_delta_sensor_async.py
[2025-02-19T09:44:31.372+0000] {processor.py:925} INFO - DAG(s) 'example_time_delta_sensor_async' retrieved from /home/airflow/.local/lib/python3.12/site-packages/airflow/example_dags/example_time_delta_sensor_async.py
[2025-02-19T09:44:31.390+0000] {logging_mixin.py:190} INFO - [2025-02-19T09:44:31.390+0000] {dag.py:3229} INFO - Sync 1 DAGs
[2025-02-19T09:44:31.402+0000] {logging_mixin.py:190} INFO - [2025-02-19T09:44:31.401+0000] {dag.py:4156} INFO - Setting next_dagrun for example_time_delta_sensor_async to None, run_after=None
[2025-02-19T09:44:31.418+0000] {processor.py:208} INFO - Processing /home/airflow/.local/lib/python3.12/site-packages/airflow/example_dags/example_time_delta_sensor_async.py took 0.058 seconds
[2025-02-19T09:45:01.638+0000] {processor.py:186} INFO - Started process (PID=928) to work on /home/airflow/.local/lib/python3.12/site-packages/airflow/example_dags/example_time_delta_sensor_async.py
[2025-02-19T09:45:01.639+0000] {processor.py:914} INFO - Processing file /home/airflow/.local/lib/python3.12/site-packages/airflow/example_dags/example_time_delta_sensor_async.py for tasks to queue
[2025-02-19T09:45:01.641+0000] {logging_mixin.py:190} INFO - [2025-02-19T09:45:01.640+0000] {dagbag.py:587} INFO - Filling up the DagBag from /home/airflow/.local/lib/python3.12/site-packages/airflow/example_dags/example_time_delta_sensor_async.py
[2025-02-19T09:45:01.646+0000] {processor.py:925} INFO - DAG(s) 'example_time_delta_sensor_async' retrieved from /home/airflow/.local/lib/python3.12/site-packages/airflow/example_dags/example_time_delta_sensor_async.py
[2025-02-19T09:45:01.664+0000] {logging_mixin.py:190} INFO - [2025-02-19T09:45:01.664+0000] {dag.py:3229} INFO - Sync 1 DAGs
[2025-02-19T09:45:01.676+0000] {logging_mixin.py:190} INFO - [2025-02-19T09:45:01.675+0000] {dag.py:4156} INFO - Setting next_dagrun for example_time_delta_sensor_async to None, run_after=None
[2025-02-19T09:45:01.693+0000] {processor.py:208} INFO - Processing /home/airflow/.local/lib/python3.12/site-packages/airflow/example_dags/example_time_delta_sensor_async.py took 0.059 seconds
[2025-02-19T09:45:31.766+0000] {processor.py:186} INFO - Started process (PID=992) to work on /home/airflow/.local/lib/python3.12/site-packages/airflow/example_dags/example_time_delta_sensor_async.py
[2025-02-19T09:45:31.768+0000] {processor.py:914} INFO - Processing file /home/airflow/.local/lib/python3.12/site-packages/airflow/example_dags/example_time_delta_sensor_async.py for tasks to queue
[2025-02-19T09:45:31.769+0000] {logging_mixin.py:190} INFO - [2025-02-19T09:45:31.769+0000] {dagbag.py:587} INFO - Filling up the DagBag from /home/airflow/.local/lib/python3.12/site-packages/airflow/example_dags/example_time_delta_sensor_async.py
[2025-02-19T09:45:31.774+0000] {processor.py:925} INFO - DAG(s) 'example_time_delta_sensor_async' retrieved from /home/airflow/.local/lib/python3.12/site-packages/airflow/example_dags/example_time_delta_sensor_async.py
[2025-02-19T09:45:31.791+0000] {logging_mixin.py:190} INFO - [2025-02-19T09:45:31.790+0000] {dag.py:3229} INFO - Sync 1 DAGs
[2025-02-19T09:45:31.802+0000] {logging_mixin.py:190} INFO - [2025-02-19T09:45:31.802+0000] {dag.py:4156} INFO - Setting next_dagrun for example_time_delta_sensor_async to None, run_after=None
[2025-02-19T09:45:31.814+0000] {processor.py:208} INFO - Processing /home/airflow/.local/lib/python3.12/site-packages/airflow/example_dags/example_time_delta_sensor_async.py took 0.052 seconds
[2025-02-19T09:46:01.957+0000] {processor.py:186} INFO - Started process (PID=1056) to work on /home/airflow/.local/lib/python3.12/site-packages/airflow/example_dags/example_time_delta_sensor_async.py
[2025-02-19T09:46:01.958+0000] {processor.py:914} INFO - Processing file /home/airflow/.local/lib/python3.12/site-packages/airflow/example_dags/example_time_delta_sensor_async.py for tasks to queue
[2025-02-19T09:46:01.960+0000] {logging_mixin.py:190} INFO - [2025-02-19T09:46:01.960+0000] {dagbag.py:587} INFO - Filling up the DagBag from /home/airflow/.local/lib/python3.12/site-packages/airflow/example_dags/example_time_delta_sensor_async.py
[2025-02-19T09:46:01.965+0000] {processor.py:925} INFO - DAG(s) 'example_time_delta_sensor_async' retrieved from /home/airflow/.local/lib/python3.12/site-packages/airflow/example_dags/example_time_delta_sensor_async.py
[2025-02-19T09:46:01.980+0000] {logging_mixin.py:190} INFO - [2025-02-19T09:46:01.979+0000] {dag.py:3229} INFO - Sync 1 DAGs
[2025-02-19T09:46:01.990+0000] {logging_mixin.py:190} INFO - [2025-02-19T09:46:01.990+0000] {dag.py:4156} INFO - Setting next_dagrun for example_time_delta_sensor_async to None, run_after=None
[2025-02-19T09:46:02.005+0000] {processor.py:208} INFO - Processing /home/airflow/.local/lib/python3.12/site-packages/airflow/example_dags/example_time_delta_sensor_async.py took 0.052 seconds
[2025-02-19T09:46:32.878+0000] {processor.py:186} INFO - Started process (PID=1120) to work on /home/airflow/.local/lib/python3.12/site-packages/airflow/example_dags/example_time_delta_sensor_async.py
[2025-02-19T09:46:32.879+0000] {processor.py:914} INFO - Processing file /home/airflow/.local/lib/python3.12/site-packages/airflow/example_dags/example_time_delta_sensor_async.py for tasks to queue
[2025-02-19T09:46:32.880+0000] {logging_mixin.py:190} INFO - [2025-02-19T09:46:32.880+0000] {dagbag.py:587} INFO - Filling up the DagBag from /home/airflow/.local/lib/python3.12/site-packages/airflow/example_dags/example_time_delta_sensor_async.py
[2025-02-19T09:46:32.885+0000] {processor.py:925} INFO - DAG(s) 'example_time_delta_sensor_async' retrieved from /home/airflow/.local/lib/python3.12/site-packages/airflow/example_dags/example_time_delta_sensor_async.py
[2025-02-19T09:46:32.902+0000] {logging_mixin.py:190} INFO - [2025-02-19T09:46:32.901+0000] {dag.py:3229} INFO - Sync 1 DAGs
[2025-02-19T09:46:32.912+0000] {logging_mixin.py:190} INFO - [2025-02-19T09:46:32.912+0000] {dag.py:4156} INFO - Setting next_dagrun for example_time_delta_sensor_async to None, run_after=None
[2025-02-19T09:46:32.928+0000] {processor.py:208} INFO - Processing /home/airflow/.local/lib/python3.12/site-packages/airflow/example_dags/example_time_delta_sensor_async.py took 0.054 seconds
[2025-02-19T09:47:03.837+0000] {processor.py:186} INFO - Started process (PID=1184) to work on /home/airflow/.local/lib/python3.12/site-packages/airflow/example_dags/example_time_delta_sensor_async.py
[2025-02-19T09:47:03.838+0000] {processor.py:914} INFO - Processing file /home/airflow/.local/lib/python3.12/site-packages/airflow/example_dags/example_time_delta_sensor_async.py for tasks to queue
[2025-02-19T09:47:03.840+0000] {logging_mixin.py:190} INFO - [2025-02-19T09:47:03.840+0000] {dagbag.py:587} INFO - Filling up the DagBag from /home/airflow/.local/lib/python3.12/site-packages/airflow/example_dags/example_time_delta_sensor_async.py
[2025-02-19T09:47:03.846+0000] {processor.py:925} INFO - DAG(s) 'example_time_delta_sensor_async' retrieved from /home/airflow/.local/lib/python3.12/site-packages/airflow/example_dags/example_time_delta_sensor_async.py
[2025-02-19T09:47:03.864+0000] {logging_mixin.py:190} INFO - [2025-02-19T09:47:03.864+0000] {dag.py:3229} INFO - Sync 1 DAGs
[2025-02-19T09:47:03.877+0000] {logging_mixin.py:190} INFO - [2025-02-19T09:47:03.876+0000] {dag.py:4156} INFO - Setting next_dagrun for example_time_delta_sensor_async to None, run_after=None
[2025-02-19T09:47:03.893+0000] {processor.py:208} INFO - Processing /home/airflow/.local/lib/python3.12/site-packages/airflow/example_dags/example_time_delta_sensor_async.py took 0.061 seconds
[2025-02-19T09:47:34.231+0000] {processor.py:186} INFO - Started process (PID=1248) to work on /home/airflow/.local/lib/python3.12/site-packages/airflow/example_dags/example_time_delta_sensor_async.py
[2025-02-19T09:47:34.232+0000] {processor.py:914} INFO - Processing file /home/airflow/.local/lib/python3.12/site-packages/airflow/example_dags/example_time_delta_sensor_async.py for tasks to queue
[2025-02-19T09:47:34.234+0000] {logging_mixin.py:190} INFO - [2025-02-19T09:47:34.234+0000] {dagbag.py:587} INFO - Filling up the DagBag from /home/airflow/.local/lib/python3.12/site-packages/airflow/example_dags/example_time_delta_sensor_async.py
[2025-02-19T09:47:34.239+0000] {processor.py:925} INFO - DAG(s) 'example_time_delta_sensor_async' retrieved from /home/airflow/.local/lib/python3.12/site-packages/airflow/example_dags/example_time_delta_sensor_async.py
[2025-02-19T09:47:34.259+0000] {logging_mixin.py:190} INFO - [2025-02-19T09:47:34.258+0000] {dag.py:3229} INFO - Sync 1 DAGs
[2025-02-19T09:47:34.272+0000] {logging_mixin.py:190} INFO - [2025-02-19T09:47:34.272+0000] {dag.py:4156} INFO - Setting next_dagrun for example_time_delta_sensor_async to None, run_after=None
[2025-02-19T09:47:34.289+0000] {processor.py:208} INFO - Processing /home/airflow/.local/lib/python3.12/site-packages/airflow/example_dags/example_time_delta_sensor_async.py took 0.063 seconds
[2025-02-19T09:48:04.636+0000] {processor.py:186} INFO - Started process (PID=1313) to work on /home/airflow/.local/lib/python3.12/site-packages/airflow/example_dags/example_time_delta_sensor_async.py
[2025-02-19T09:48:04.637+0000] {processor.py:914} INFO - Processing file /home/airflow/.local/lib/python3.12/site-packages/airflow/example_dags/example_time_delta_sensor_async.py for tasks to queue
[2025-02-19T09:48:04.639+0000] {logging_mixin.py:190} INFO - [2025-02-19T09:48:04.639+0000] {dagbag.py:587} INFO - Filling up the DagBag from /home/airflow/.local/lib/python3.12/site-packages/airflow/example_dags/example_time_delta_sensor_async.py
[2025-02-19T09:48:04.645+0000] {processor.py:925} INFO - DAG(s) 'example_time_delta_sensor_async' retrieved from /home/airflow/.local/lib/python3.12/site-packages/airflow/example_dags/example_time_delta_sensor_async.py
[2025-02-19T09:48:04.664+0000] {logging_mixin.py:190} INFO - [2025-02-19T09:48:04.663+0000] {dag.py:3229} INFO - Sync 1 DAGs
[2025-02-19T09:48:04.676+0000] {logging_mixin.py:190} INFO - [2025-02-19T09:48:04.676+0000] {dag.py:4156} INFO - Setting next_dagrun for example_time_delta_sensor_async to None, run_after=None
[2025-02-19T09:48:04.694+0000] {processor.py:208} INFO - Processing /home/airflow/.local/lib/python3.12/site-packages/airflow/example_dags/example_time_delta_sensor_async.py took 0.063 seconds
[2025-02-19T09:48:34.784+0000] {processor.py:186} INFO - Started process (PID=1377) to work on /home/airflow/.local/lib/python3.12/site-packages/airflow/example_dags/example_time_delta_sensor_async.py
[2025-02-19T09:48:34.785+0000] {processor.py:914} INFO - Processing file /home/airflow/.local/lib/python3.12/site-packages/airflow/example_dags/example_time_delta_sensor_async.py for tasks to queue
[2025-02-19T09:48:34.788+0000] {logging_mixin.py:190} INFO - [2025-02-19T09:48:34.787+0000] {dagbag.py:587} INFO - Filling up the DagBag from /home/airflow/.local/lib/python3.12/site-packages/airflow/example_dags/example_time_delta_sensor_async.py
[2025-02-19T09:48:34.793+0000] {processor.py:925} INFO - DAG(s) 'example_time_delta_sensor_async' retrieved from /home/airflow/.local/lib/python3.12/site-packages/airflow/example_dags/example_time_delta_sensor_async.py
[2025-02-19T09:48:34.810+0000] {logging_mixin.py:190} INFO - [2025-02-19T09:48:34.809+0000] {dag.py:3229} INFO - Sync 1 DAGs
[2025-02-19T09:48:34.821+0000] {logging_mixin.py:190} INFO - [2025-02-19T09:48:34.821+0000] {dag.py:4156} INFO - Setting next_dagrun for example_time_delta_sensor_async to None, run_after=None
[2025-02-19T09:48:34.834+0000] {processor.py:208} INFO - Processing /home/airflow/.local/lib/python3.12/site-packages/airflow/example_dags/example_time_delta_sensor_async.py took 0.054 seconds
[2025-02-19T09:49:05.666+0000] {processor.py:186} INFO - Started process (PID=1441) to work on /home/airflow/.local/lib/python3.12/site-packages/airflow/example_dags/example_time_delta_sensor_async.py
[2025-02-19T09:49:05.667+0000] {processor.py:914} INFO - Processing file /home/airflow/.local/lib/python3.12/site-packages/airflow/example_dags/example_time_delta_sensor_async.py for tasks to queue
[2025-02-19T09:49:05.668+0000] {logging_mixin.py:190} INFO - [2025-02-19T09:49:05.668+0000] {dagbag.py:587} INFO - Filling up the DagBag from /home/airflow/.local/lib/python3.12/site-packages/airflow/example_dags/example_time_delta_sensor_async.py
[2025-02-19T09:49:05.673+0000] {processor.py:925} INFO - DAG(s) 'example_time_delta_sensor_async' retrieved from /home/airflow/.local/lib/python3.12/site-packages/airflow/example_dags/example_time_delta_sensor_async.py
[2025-02-19T09:49:05.690+0000] {logging_mixin.py:190} INFO - [2025-02-19T09:49:05.689+0000] {dag.py:3229} INFO - Sync 1 DAGs
[2025-02-19T09:49:05.703+0000] {logging_mixin.py:190} INFO - [2025-02-19T09:49:05.703+0000] {dag.py:4156} INFO - Setting next_dagrun for example_time_delta_sensor_async to None, run_after=None
[2025-02-19T09:49:05.718+0000] {processor.py:208} INFO - Processing /home/airflow/.local/lib/python3.12/site-packages/airflow/example_dags/example_time_delta_sensor_async.py took 0.057 seconds
[2025-02-19T09:49:36.601+0000] {processor.py:186} INFO - Started process (PID=1505) to work on /home/airflow/.local/lib/python3.12/site-packages/airflow/example_dags/example_time_delta_sensor_async.py
[2025-02-19T09:49:36.602+0000] {processor.py:914} INFO - Processing file /home/airflow/.local/lib/python3.12/site-packages/airflow/example_dags/example_time_delta_sensor_async.py for tasks to queue
[2025-02-19T09:49:36.604+0000] {logging_mixin.py:190} INFO - [2025-02-19T09:49:36.604+0000] {dagbag.py:587} INFO - Filling up the DagBag from /home/airflow/.local/lib/python3.12/site-packages/airflow/example_dags/example_time_delta_sensor_async.py
[2025-02-19T09:49:36.609+0000] {processor.py:925} INFO - DAG(s) 'example_time_delta_sensor_async' retrieved from /home/airflow/.local/lib/python3.12/site-packages/airflow/example_dags/example_time_delta_sensor_async.py
[2025-02-19T09:49:36.626+0000] {logging_mixin.py:190} INFO - [2025-02-19T09:49:36.625+0000] {dag.py:3229} INFO - Sync 1 DAGs
[2025-02-19T09:49:36.637+0000] {logging_mixin.py:190} INFO - [2025-02-19T09:49:36.637+0000] {dag.py:4156} INFO - Setting next_dagrun for example_time_delta_sensor_async to None, run_after=None
[2025-02-19T09:49:36.654+0000] {processor.py:208} INFO - Processing /home/airflow/.local/lib/python3.12/site-packages/airflow/example_dags/example_time_delta_sensor_async.py took 0.058 seconds
[2025-02-19T09:50:06.886+0000] {processor.py:186} INFO - Started process (PID=1569) to work on /home/airflow/.local/lib/python3.12/site-packages/airflow/example_dags/example_time_delta_sensor_async.py
[2025-02-19T09:50:06.887+0000] {processor.py:914} INFO - Processing file /home/airflow/.local/lib/python3.12/site-packages/airflow/example_dags/example_time_delta_sensor_async.py for tasks to queue
[2025-02-19T09:50:06.889+0000] {logging_mixin.py:190} INFO - [2025-02-19T09:50:06.889+0000] {dagbag.py:587} INFO - Filling up the DagBag from /home/airflow/.local/lib/python3.12/site-packages/airflow/example_dags/example_time_delta_sensor_async.py
[2025-02-19T09:50:06.895+0000] {processor.py:925} INFO - DAG(s) 'example_time_delta_sensor_async' retrieved from /home/airflow/.local/lib/python3.12/site-packages/airflow/example_dags/example_time_delta_sensor_async.py
[2025-02-19T09:50:06.912+0000] {logging_mixin.py:190} INFO - [2025-02-19T09:50:06.911+0000] {dag.py:3229} INFO - Sync 1 DAGs
[2025-02-19T09:50:06.923+0000] {logging_mixin.py:190} INFO - [2025-02-19T09:50:06.923+0000] {dag.py:4156} INFO - Setting next_dagrun for example_time_delta_sensor_async to None, run_after=None
[2025-02-19T09:50:06.942+0000] {processor.py:208} INFO - Processing /home/airflow/.local/lib/python3.12/site-packages/airflow/example_dags/example_time_delta_sensor_async.py took 0.060 seconds
[2025-02-19T09:50:37.282+0000] {processor.py:186} INFO - Started process (PID=1633) to work on /home/airflow/.local/lib/python3.12/site-packages/airflow/example_dags/example_time_delta_sensor_async.py
[2025-02-19T09:50:37.283+0000] {processor.py:914} INFO - Processing file /home/airflow/.local/lib/python3.12/site-packages/airflow/example_dags/example_time_delta_sensor_async.py for tasks to queue
[2025-02-19T09:50:37.285+0000] {logging_mixin.py:190} INFO - [2025-02-19T09:50:37.285+0000] {dagbag.py:587} INFO - Filling up the DagBag from /home/airflow/.local/lib/python3.12/site-packages/airflow/example_dags/example_time_delta_sensor_async.py
[2025-02-19T09:50:37.290+0000] {processor.py:925} INFO - DAG(s) 'example_time_delta_sensor_async' retrieved from /home/airflow/.local/lib/python3.12/site-packages/airflow/example_dags/example_time_delta_sensor_async.py
[2025-02-19T09:50:37.308+0000] {logging_mixin.py:190} INFO - [2025-02-19T09:50:37.308+0000] {dag.py:3229} INFO - Sync 1 DAGs
[2025-02-19T09:50:37.320+0000] {logging_mixin.py:190} INFO - [2025-02-19T09:50:37.319+0000] {dag.py:4156} INFO - Setting next_dagrun for example_time_delta_sensor_async to None, run_after=None
[2025-02-19T09:50:37.334+0000] {processor.py:208} INFO - Processing /home/airflow/.local/lib/python3.12/site-packages/airflow/example_dags/example_time_delta_sensor_async.py took 0.057 seconds
[2025-02-19T09:51:07.640+0000] {processor.py:186} INFO - Started process (PID=1697) to work on /home/airflow/.local/lib/python3.12/site-packages/airflow/example_dags/example_time_delta_sensor_async.py
[2025-02-19T09:51:07.641+0000] {processor.py:914} INFO - Processing file /home/airflow/.local/lib/python3.12/site-packages/airflow/example_dags/example_time_delta_sensor_async.py for tasks to queue
[2025-02-19T09:51:07.643+0000] {logging_mixin.py:190} INFO - [2025-02-19T09:51:07.643+0000] {dagbag.py:587} INFO - Filling up the DagBag from /home/airflow/.local/lib/python3.12/site-packages/airflow/example_dags/example_time_delta_sensor_async.py
[2025-02-19T09:51:07.648+0000] {processor.py:925} INFO - DAG(s) 'example_time_delta_sensor_async' retrieved from /home/airflow/.local/lib/python3.12/site-packages/airflow/example_dags/example_time_delta_sensor_async.py
[2025-02-19T09:51:07.666+0000] {logging_mixin.py:190} INFO - [2025-02-19T09:51:07.665+0000] {dag.py:3229} INFO - Sync 1 DAGs
[2025-02-19T09:51:07.678+0000] {logging_mixin.py:190} INFO - [2025-02-19T09:51:07.678+0000] {dag.py:4156} INFO - Setting next_dagrun for example_time_delta_sensor_async to None, run_after=None
[2025-02-19T09:51:07.692+0000] {processor.py:208} INFO - Processing /home/airflow/.local/lib/python3.12/site-packages/airflow/example_dags/example_time_delta_sensor_async.py took 0.056 seconds
[2025-02-19T09:51:37.855+0000] {processor.py:186} INFO - Started process (PID=1761) to work on /home/airflow/.local/lib/python3.12/site-packages/airflow/example_dags/example_time_delta_sensor_async.py
[2025-02-19T09:51:37.857+0000] {processor.py:914} INFO - Processing file /home/airflow/.local/lib/python3.12/site-packages/airflow/example_dags/example_time_delta_sensor_async.py for tasks to queue
[2025-02-19T09:51:37.859+0000] {logging_mixin.py:190} INFO - [2025-02-19T09:51:37.859+0000] {dagbag.py:587} INFO - Filling up the DagBag from /home/airflow/.local/lib/python3.12/site-packages/airflow/example_dags/example_time_delta_sensor_async.py
[2025-02-19T09:51:37.864+0000] {processor.py:925} INFO - DAG(s) 'example_time_delta_sensor_async' retrieved from /home/airflow/.local/lib/python3.12/site-packages/airflow/example_dags/example_time_delta_sensor_async.py
[2025-02-19T09:51:37.880+0000] {logging_mixin.py:190} INFO - [2025-02-19T09:51:37.880+0000] {dag.py:3229} INFO - Sync 1 DAGs
[2025-02-19T09:51:37.892+0000] {logging_mixin.py:190} INFO - [2025-02-19T09:51:37.891+0000] {dag.py:4156} INFO - Setting next_dagrun for example_time_delta_sensor_async to None, run_after=None
[2025-02-19T09:51:37.907+0000] {processor.py:208} INFO - Processing /home/airflow/.local/lib/python3.12/site-packages/airflow/example_dags/example_time_delta_sensor_async.py took 0.056 seconds
[2025-02-19T09:52:08.275+0000] {processor.py:186} INFO - Started process (PID=1825) to work on /home/airflow/.local/lib/python3.12/site-packages/airflow/example_dags/example_time_delta_sensor_async.py
[2025-02-19T09:52:08.277+0000] {processor.py:914} INFO - Processing file /home/airflow/.local/lib/python3.12/site-packages/airflow/example_dags/example_time_delta_sensor_async.py for tasks to queue
[2025-02-19T09:52:08.278+0000] {logging_mixin.py:190} INFO - [2025-02-19T09:52:08.278+0000] {dagbag.py:587} INFO - Filling up the DagBag from /home/airflow/.local/lib/python3.12/site-packages/airflow/example_dags/example_time_delta_sensor_async.py
[2025-02-19T09:52:08.283+0000] {processor.py:925} INFO - DAG(s) 'example_time_delta_sensor_async' retrieved from /home/airflow/.local/lib/python3.12/site-packages/airflow/example_dags/example_time_delta_sensor_async.py
[2025-02-19T09:52:08.299+0000] {logging_mixin.py:190} INFO - [2025-02-19T09:52:08.298+0000] {dag.py:3229} INFO - Sync 1 DAGs
[2025-02-19T09:52:08.310+0000] {logging_mixin.py:190} INFO - [2025-02-19T09:52:08.310+0000] {dag.py:4156} INFO - Setting next_dagrun for example_time_delta_sensor_async to None, run_after=None
[2025-02-19T09:52:08.327+0000] {processor.py:208} INFO - Processing /home/airflow/.local/lib/python3.12/site-packages/airflow/example_dags/example_time_delta_sensor_async.py took 0.055 seconds
[2025-02-19T09:52:38.373+0000] {processor.py:186} INFO - Started process (PID=1889) to work on /home/airflow/.local/lib/python3.12/site-packages/airflow/example_dags/example_time_delta_sensor_async.py
[2025-02-19T09:52:38.374+0000] {processor.py:914} INFO - Processing file /home/airflow/.local/lib/python3.12/site-packages/airflow/example_dags/example_time_delta_sensor_async.py for tasks to queue
[2025-02-19T09:52:38.375+0000] {logging_mixin.py:190} INFO - [2025-02-19T09:52:38.375+0000] {dagbag.py:587} INFO - Filling up the DagBag from /home/airflow/.local/lib/python3.12/site-packages/airflow/example_dags/example_time_delta_sensor_async.py
[2025-02-19T09:52:38.380+0000] {processor.py:925} INFO - DAG(s) 'example_time_delta_sensor_async' retrieved from /home/airflow/.local/lib/python3.12/site-packages/airflow/example_dags/example_time_delta_sensor_async.py
[2025-02-19T09:52:38.396+0000] {logging_mixin.py:190} INFO - [2025-02-19T09:52:38.395+0000] {dag.py:3229} INFO - Sync 1 DAGs
[2025-02-19T09:52:38.408+0000] {logging_mixin.py:190} INFO - [2025-02-19T09:52:38.407+0000] {dag.py:4156} INFO - Setting next_dagrun for example_time_delta_sensor_async to None, run_after=None
[2025-02-19T09:52:38.422+0000] {processor.py:208} INFO - Processing /home/airflow/.local/lib/python3.12/site-packages/airflow/example_dags/example_time_delta_sensor_async.py took 0.053 seconds
[2025-02-19T09:53:08.915+0000] {processor.py:186} INFO - Started process (PID=1953) to work on /home/airflow/.local/lib/python3.12/site-packages/airflow/example_dags/example_time_delta_sensor_async.py
[2025-02-19T09:53:08.916+0000] {processor.py:914} INFO - Processing file /home/airflow/.local/lib/python3.12/site-packages/airflow/example_dags/example_time_delta_sensor_async.py for tasks to queue
[2025-02-19T09:53:08.918+0000] {logging_mixin.py:190} INFO - [2025-02-19T09:53:08.918+0000] {dagbag.py:587} INFO - Filling up the DagBag from /home/airflow/.local/lib/python3.12/site-packages/airflow/example_dags/example_time_delta_sensor_async.py
[2025-02-19T09:53:08.924+0000] {processor.py:925} INFO - DAG(s) 'example_time_delta_sensor_async' retrieved from /home/airflow/.local/lib/python3.12/site-packages/airflow/example_dags/example_time_delta_sensor_async.py
[2025-02-19T09:53:08.942+0000] {logging_mixin.py:190} INFO - [2025-02-19T09:53:08.941+0000] {dag.py:3229} INFO - Sync 1 DAGs
[2025-02-19T09:53:08.954+0000] {logging_mixin.py:190} INFO - [2025-02-19T09:53:08.954+0000] {dag.py:4156} INFO - Setting next_dagrun for example_time_delta_sensor_async to None, run_after=None
[2025-02-19T09:53:08.974+0000] {processor.py:208} INFO - Processing /home/airflow/.local/lib/python3.12/site-packages/airflow/example_dags/example_time_delta_sensor_async.py took 0.063 seconds
[2025-02-19T09:53:39.233+0000] {processor.py:186} INFO - Started process (PID=2017) to work on /home/airflow/.local/lib/python3.12/site-packages/airflow/example_dags/example_time_delta_sensor_async.py
[2025-02-19T09:53:39.235+0000] {processor.py:914} INFO - Processing file /home/airflow/.local/lib/python3.12/site-packages/airflow/example_dags/example_time_delta_sensor_async.py for tasks to queue
[2025-02-19T09:53:39.237+0000] {logging_mixin.py:190} INFO - [2025-02-19T09:53:39.236+0000] {dagbag.py:587} INFO - Filling up the DagBag from /home/airflow/.local/lib/python3.12/site-packages/airflow/example_dags/example_time_delta_sensor_async.py
[2025-02-19T09:53:39.242+0000] {processor.py:925} INFO - DAG(s) 'example_time_delta_sensor_async' retrieved from /home/airflow/.local/lib/python3.12/site-packages/airflow/example_dags/example_time_delta_sensor_async.py
[2025-02-19T09:53:39.260+0000] {logging_mixin.py:190} INFO - [2025-02-19T09:53:39.259+0000] {dag.py:3229} INFO - Sync 1 DAGs
[2025-02-19T09:53:39.272+0000] {logging_mixin.py:190} INFO - [2025-02-19T09:53:39.272+0000] {dag.py:4156} INFO - Setting next_dagrun for example_time_delta_sensor_async to None, run_after=None
[2025-02-19T09:53:39.289+0000] {processor.py:208} INFO - Processing /home/airflow/.local/lib/python3.12/site-packages/airflow/example_dags/example_time_delta_sensor_async.py took 0.060 seconds
[2025-02-19T09:54:09.577+0000] {processor.py:186} INFO - Started process (PID=2081) to work on /home/airflow/.local/lib/python3.12/site-packages/airflow/example_dags/example_time_delta_sensor_async.py
[2025-02-19T09:54:09.578+0000] {processor.py:914} INFO - Processing file /home/airflow/.local/lib/python3.12/site-packages/airflow/example_dags/example_time_delta_sensor_async.py for tasks to queue
[2025-02-19T09:54:09.580+0000] {logging_mixin.py:190} INFO - [2025-02-19T09:54:09.580+0000] {dagbag.py:587} INFO - Filling up the DagBag from /home/airflow/.local/lib/python3.12/site-packages/airflow/example_dags/example_time_delta_sensor_async.py
[2025-02-19T09:54:09.585+0000] {processor.py:925} INFO - DAG(s) 'example_time_delta_sensor_async' retrieved from /home/airflow/.local/lib/python3.12/site-packages/airflow/example_dags/example_time_delta_sensor_async.py
[2025-02-19T09:54:09.602+0000] {logging_mixin.py:190} INFO - [2025-02-19T09:54:09.601+0000] {dag.py:3229} INFO - Sync 1 DAGs
[2025-02-19T09:54:09.613+0000] {logging_mixin.py:190} INFO - [2025-02-19T09:54:09.613+0000] {dag.py:4156} INFO - Setting next_dagrun for example_time_delta_sensor_async to None, run_after=None
[2025-02-19T09:54:09.627+0000] {processor.py:208} INFO - Processing /home/airflow/.local/lib/python3.12/site-packages/airflow/example_dags/example_time_delta_sensor_async.py took 0.054 seconds
[2025-02-19T09:54:39.797+0000] {processor.py:186} INFO - Started process (PID=2145) to work on /home/airflow/.local/lib/python3.12/site-packages/airflow/example_dags/example_time_delta_sensor_async.py
[2025-02-19T09:54:39.798+0000] {processor.py:914} INFO - Processing file /home/airflow/.local/lib/python3.12/site-packages/airflow/example_dags/example_time_delta_sensor_async.py for tasks to queue
[2025-02-19T09:54:39.800+0000] {logging_mixin.py:190} INFO - [2025-02-19T09:54:39.799+0000] {dagbag.py:587} INFO - Filling up the DagBag from /home/airflow/.local/lib/python3.12/site-packages/airflow/example_dags/example_time_delta_sensor_async.py
[2025-02-19T09:54:39.805+0000] {processor.py:925} INFO - DAG(s) 'example_time_delta_sensor_async' retrieved from /home/airflow/.local/lib/python3.12/site-packages/airflow/example_dags/example_time_delta_sensor_async.py
[2025-02-19T09:54:39.822+0000] {logging_mixin.py:190} INFO - [2025-02-19T09:54:39.821+0000] {dag.py:3229} INFO - Sync 1 DAGs
[2025-02-19T09:54:39.833+0000] {logging_mixin.py:190} INFO - [2025-02-19T09:54:39.833+0000] {dag.py:4156} INFO - Setting next_dagrun for example_time_delta_sensor_async to None, run_after=None
[2025-02-19T09:54:39.849+0000] {processor.py:208} INFO - Processing /home/airflow/.local/lib/python3.12/site-packages/airflow/example_dags/example_time_delta_sensor_async.py took 0.056 seconds
[2025-02-19T09:55:10.126+0000] {processor.py:186} INFO - Started process (PID=2209) to work on /home/airflow/.local/lib/python3.12/site-packages/airflow/example_dags/example_time_delta_sensor_async.py
[2025-02-19T09:55:10.128+0000] {processor.py:914} INFO - Processing file /home/airflow/.local/lib/python3.12/site-packages/airflow/example_dags/example_time_delta_sensor_async.py for tasks to queue
[2025-02-19T09:55:10.131+0000] {logging_mixin.py:190} INFO - [2025-02-19T09:55:10.130+0000] {dagbag.py:587} INFO - Filling up the DagBag from /home/airflow/.local/lib/python3.12/site-packages/airflow/example_dags/example_time_delta_sensor_async.py
[2025-02-19T09:55:10.137+0000] {processor.py:925} INFO - DAG(s) 'example_time_delta_sensor_async' retrieved from /home/airflow/.local/lib/python3.12/site-packages/airflow/example_dags/example_time_delta_sensor_async.py
[2025-02-19T09:55:10.155+0000] {logging_mixin.py:190} INFO - [2025-02-19T09:55:10.154+0000] {dag.py:3229} INFO - Sync 1 DAGs
[2025-02-19T09:55:10.166+0000] {logging_mixin.py:190} INFO - [2025-02-19T09:55:10.166+0000] {dag.py:4156} INFO - Setting next_dagrun for example_time_delta_sensor_async to None, run_after=None
[2025-02-19T09:55:10.183+0000] {processor.py:208} INFO - Processing /home/airflow/.local/lib/python3.12/site-packages/airflow/example_dags/example_time_delta_sensor_async.py took 0.063 seconds
[2025-02-19T09:55:40.509+0000] {processor.py:186} INFO - Started process (PID=2273) to work on /home/airflow/.local/lib/python3.12/site-packages/airflow/example_dags/example_time_delta_sensor_async.py
[2025-02-19T09:55:40.510+0000] {processor.py:914} INFO - Processing file /home/airflow/.local/lib/python3.12/site-packages/airflow/example_dags/example_time_delta_sensor_async.py for tasks to queue
[2025-02-19T09:55:40.512+0000] {logging_mixin.py:190} INFO - [2025-02-19T09:55:40.512+0000] {dagbag.py:587} INFO - Filling up the DagBag from /home/airflow/.local/lib/python3.12/site-packages/airflow/example_dags/example_time_delta_sensor_async.py
[2025-02-19T09:55:40.517+0000] {processor.py:925} INFO - DAG(s) 'example_time_delta_sensor_async' retrieved from /home/airflow/.local/lib/python3.12/site-packages/airflow/example_dags/example_time_delta_sensor_async.py
[2025-02-19T09:55:40.533+0000] {logging_mixin.py:190} INFO - [2025-02-19T09:55:40.532+0000] {dag.py:3229} INFO - Sync 1 DAGs
[2025-02-19T09:55:40.544+0000] {logging_mixin.py:190} INFO - [2025-02-19T09:55:40.544+0000] {dag.py:4156} INFO - Setting next_dagrun for example_time_delta_sensor_async to None, run_after=None
[2025-02-19T09:55:40.557+0000] {processor.py:208} INFO - Processing /home/airflow/.local/lib/python3.12/site-packages/airflow/example_dags/example_time_delta_sensor_async.py took 0.052 seconds
[2025-02-19T09:56:10.954+0000] {processor.py:186} INFO - Started process (PID=2338) to work on /home/airflow/.local/lib/python3.12/site-packages/airflow/example_dags/example_time_delta_sensor_async.py
[2025-02-19T09:56:10.955+0000] {processor.py:914} INFO - Processing file /home/airflow/.local/lib/python3.12/site-packages/airflow/example_dags/example_time_delta_sensor_async.py for tasks to queue
[2025-02-19T09:56:10.957+0000] {logging_mixin.py:190} INFO - [2025-02-19T09:56:10.956+0000] {dagbag.py:587} INFO - Filling up the DagBag from /home/airflow/.local/lib/python3.12/site-packages/airflow/example_dags/example_time_delta_sensor_async.py
[2025-02-19T09:56:10.962+0000] {processor.py:925} INFO - DAG(s) 'example_time_delta_sensor_async' retrieved from /home/airflow/.local/lib/python3.12/site-packages/airflow/example_dags/example_time_delta_sensor_async.py
[2025-02-19T09:56:10.981+0000] {logging_mixin.py:190} INFO - [2025-02-19T09:56:10.980+0000] {dag.py:3229} INFO - Sync 1 DAGs
[2025-02-19T09:56:10.994+0000] {logging_mixin.py:190} INFO - [2025-02-19T09:56:10.994+0000] {dag.py:4156} INFO - Setting next_dagrun for example_time_delta_sensor_async to None, run_after=None
[2025-02-19T09:56:11.009+0000] {processor.py:208} INFO - Processing /home/airflow/.local/lib/python3.12/site-packages/airflow/example_dags/example_time_delta_sensor_async.py took 0.060 seconds
[2025-02-19T09:56:41.302+0000] {processor.py:186} INFO - Started process (PID=2402) to work on /home/airflow/.local/lib/python3.12/site-packages/airflow/example_dags/example_time_delta_sensor_async.py
[2025-02-19T09:56:41.303+0000] {processor.py:914} INFO - Processing file /home/airflow/.local/lib/python3.12/site-packages/airflow/example_dags/example_time_delta_sensor_async.py for tasks to queue
[2025-02-19T09:56:41.305+0000] {logging_mixin.py:190} INFO - [2025-02-19T09:56:41.305+0000] {dagbag.py:587} INFO - Filling up the DagBag from /home/airflow/.local/lib/python3.12/site-packages/airflow/example_dags/example_time_delta_sensor_async.py
[2025-02-19T09:56:41.311+0000] {processor.py:925} INFO - DAG(s) 'example_time_delta_sensor_async' retrieved from /home/airflow/.local/lib/python3.12/site-packages/airflow/example_dags/example_time_delta_sensor_async.py
[2025-02-19T09:56:41.333+0000] {logging_mixin.py:190} INFO - [2025-02-19T09:56:41.332+0000] {dag.py:3229} INFO - Sync 1 DAGs
[2025-02-19T09:56:41.347+0000] {logging_mixin.py:190} INFO - [2025-02-19T09:56:41.346+0000] {dag.py:4156} INFO - Setting next_dagrun for example_time_delta_sensor_async to None, run_after=None
[2025-02-19T09:56:41.368+0000] {processor.py:208} INFO - Processing /home/airflow/.local/lib/python3.12/site-packages/airflow/example_dags/example_time_delta_sensor_async.py took 0.071 seconds
[2025-02-19T09:57:12.440+0000] {processor.py:186} INFO - Started process (PID=2467) to work on /home/airflow/.local/lib/python3.12/site-packages/airflow/example_dags/example_time_delta_sensor_async.py
[2025-02-19T09:57:12.441+0000] {processor.py:914} INFO - Processing file /home/airflow/.local/lib/python3.12/site-packages/airflow/example_dags/example_time_delta_sensor_async.py for tasks to queue
[2025-02-19T09:57:12.443+0000] {logging_mixin.py:190} INFO - [2025-02-19T09:57:12.442+0000] {dagbag.py:587} INFO - Filling up the DagBag from /home/airflow/.local/lib/python3.12/site-packages/airflow/example_dags/example_time_delta_sensor_async.py
[2025-02-19T09:57:12.448+0000] {processor.py:925} INFO - DAG(s) 'example_time_delta_sensor_async' retrieved from /home/airflow/.local/lib/python3.12/site-packages/airflow/example_dags/example_time_delta_sensor_async.py
[2025-02-19T09:57:12.467+0000] {logging_mixin.py:190} INFO - [2025-02-19T09:57:12.467+0000] {dag.py:3229} INFO - Sync 1 DAGs
[2025-02-19T09:57:12.480+0000] {logging_mixin.py:190} INFO - [2025-02-19T09:57:12.480+0000] {dag.py:4156} INFO - Setting next_dagrun for example_time_delta_sensor_async to None, run_after=None
[2025-02-19T09:57:12.496+0000] {processor.py:208} INFO - Processing /home/airflow/.local/lib/python3.12/site-packages/airflow/example_dags/example_time_delta_sensor_async.py took 0.061 seconds
[2025-02-19T09:57:42.881+0000] {processor.py:186} INFO - Started process (PID=2531) to work on /home/airflow/.local/lib/python3.12/site-packages/airflow/example_dags/example_time_delta_sensor_async.py
[2025-02-19T09:57:42.882+0000] {processor.py:914} INFO - Processing file /home/airflow/.local/lib/python3.12/site-packages/airflow/example_dags/example_time_delta_sensor_async.py for tasks to queue
[2025-02-19T09:57:42.884+0000] {logging_mixin.py:190} INFO - [2025-02-19T09:57:42.884+0000] {dagbag.py:587} INFO - Filling up the DagBag from /home/airflow/.local/lib/python3.12/site-packages/airflow/example_dags/example_time_delta_sensor_async.py
[2025-02-19T09:57:42.889+0000] {processor.py:925} INFO - DAG(s) 'example_time_delta_sensor_async' retrieved from /home/airflow/.local/lib/python3.12/site-packages/airflow/example_dags/example_time_delta_sensor_async.py
[2025-02-19T09:57:42.908+0000] {logging_mixin.py:190} INFO - [2025-02-19T09:57:42.907+0000] {dag.py:3229} INFO - Sync 1 DAGs
[2025-02-19T09:57:42.918+0000] {logging_mixin.py:190} INFO - [2025-02-19T09:57:42.918+0000] {dag.py:4156} INFO - Setting next_dagrun for example_time_delta_sensor_async to None, run_after=None
[2025-02-19T09:57:42.933+0000] {processor.py:208} INFO - Processing /home/airflow/.local/lib/python3.12/site-packages/airflow/example_dags/example_time_delta_sensor_async.py took 0.057 seconds
[2025-02-19T09:58:13.556+0000] {processor.py:186} INFO - Started process (PID=2596) to work on /home/airflow/.local/lib/python3.12/site-packages/airflow/example_dags/example_time_delta_sensor_async.py
[2025-02-19T09:58:13.557+0000] {processor.py:914} INFO - Processing file /home/airflow/.local/lib/python3.12/site-packages/airflow/example_dags/example_time_delta_sensor_async.py for tasks to queue
[2025-02-19T09:58:13.559+0000] {logging_mixin.py:190} INFO - [2025-02-19T09:58:13.559+0000] {dagbag.py:587} INFO - Filling up the DagBag from /home/airflow/.local/lib/python3.12/site-packages/airflow/example_dags/example_time_delta_sensor_async.py
[2025-02-19T09:58:13.564+0000] {processor.py:925} INFO - DAG(s) 'example_time_delta_sensor_async' retrieved from /home/airflow/.local/lib/python3.12/site-packages/airflow/example_dags/example_time_delta_sensor_async.py
[2025-02-19T09:58:13.581+0000] {logging_mixin.py:190} INFO - [2025-02-19T09:58:13.580+0000] {dag.py:3229} INFO - Sync 1 DAGs
[2025-02-19T09:58:13.596+0000] {logging_mixin.py:190} INFO - [2025-02-19T09:58:13.595+0000] {dag.py:4156} INFO - Setting next_dagrun for example_time_delta_sensor_async to None, run_after=None
[2025-02-19T09:58:13.613+0000] {processor.py:208} INFO - Processing /home/airflow/.local/lib/python3.12/site-packages/airflow/example_dags/example_time_delta_sensor_async.py took 0.062 seconds
[2025-02-19T09:58:43.738+0000] {processor.py:186} INFO - Started process (PID=2665) to work on /home/airflow/.local/lib/python3.12/site-packages/airflow/example_dags/example_time_delta_sensor_async.py
[2025-02-19T09:58:43.739+0000] {processor.py:914} INFO - Processing file /home/airflow/.local/lib/python3.12/site-packages/airflow/example_dags/example_time_delta_sensor_async.py for tasks to queue
[2025-02-19T09:58:43.741+0000] {logging_mixin.py:190} INFO - [2025-02-19T09:58:43.740+0000] {dagbag.py:587} INFO - Filling up the DagBag from /home/airflow/.local/lib/python3.12/site-packages/airflow/example_dags/example_time_delta_sensor_async.py
[2025-02-19T09:58:43.746+0000] {processor.py:925} INFO - DAG(s) 'example_time_delta_sensor_async' retrieved from /home/airflow/.local/lib/python3.12/site-packages/airflow/example_dags/example_time_delta_sensor_async.py
[2025-02-19T09:58:43.764+0000] {logging_mixin.py:190} INFO - [2025-02-19T09:58:43.763+0000] {dag.py:3229} INFO - Sync 1 DAGs
[2025-02-19T09:58:43.775+0000] {logging_mixin.py:190} INFO - [2025-02-19T09:58:43.775+0000] {dag.py:4156} INFO - Setting next_dagrun for example_time_delta_sensor_async to None, run_after=None
[2025-02-19T09:58:43.793+0000] {processor.py:208} INFO - Processing /home/airflow/.local/lib/python3.12/site-packages/airflow/example_dags/example_time_delta_sensor_async.py took 0.061 seconds
[2025-02-19T09:59:13.938+0000] {processor.py:186} INFO - Started process (PID=2729) to work on /home/airflow/.local/lib/python3.12/site-packages/airflow/example_dags/example_time_delta_sensor_async.py
[2025-02-19T09:59:13.939+0000] {processor.py:914} INFO - Processing file /home/airflow/.local/lib/python3.12/site-packages/airflow/example_dags/example_time_delta_sensor_async.py for tasks to queue
[2025-02-19T09:59:13.941+0000] {logging_mixin.py:190} INFO - [2025-02-19T09:59:13.941+0000] {dagbag.py:587} INFO - Filling up the DagBag from /home/airflow/.local/lib/python3.12/site-packages/airflow/example_dags/example_time_delta_sensor_async.py
[2025-02-19T09:59:13.947+0000] {processor.py:925} INFO - DAG(s) 'example_time_delta_sensor_async' retrieved from /home/airflow/.local/lib/python3.12/site-packages/airflow/example_dags/example_time_delta_sensor_async.py
[2025-02-19T09:59:13.964+0000] {logging_mixin.py:190} INFO - [2025-02-19T09:59:13.964+0000] {dag.py:3229} INFO - Sync 1 DAGs
[2025-02-19T09:59:13.975+0000] {logging_mixin.py:190} INFO - [2025-02-19T09:59:13.975+0000] {dag.py:4156} INFO - Setting next_dagrun for example_time_delta_sensor_async to None, run_after=None
[2025-02-19T09:59:13.994+0000] {processor.py:208} INFO - Processing /home/airflow/.local/lib/python3.12/site-packages/airflow/example_dags/example_time_delta_sensor_async.py took 0.060 seconds
[2025-02-19T10:23:12.406+0000] {logging_mixin.py:190} INFO - [2025-02-19T10:23:12.406+0000] {settings.py:475} DEBUG - Setting up DB connection pool (PID 72)
[2025-02-19T10:23:12.407+0000] {logging_mixin.py:190} INFO - [2025-02-19T10:23:12.407+0000] {settings.py:579} DEBUG - settings.prepare_engine_args(): Using pool settings. pool_size=5, max_overflow=10, pool_recycle=1800, pid=72
[2025-02-19T10:23:12.412+0000] {processor.py:186} INFO - Started process (PID=72) to work on /home/airflow/.local/lib/python3.12/site-packages/airflow/example_dags/example_time_delta_sensor_async.py
[2025-02-19T10:23:12.412+0000] {processor.py:914} INFO - Processing file /home/airflow/.local/lib/python3.12/site-packages/airflow/example_dags/example_time_delta_sensor_async.py for tasks to queue
[2025-02-19T10:23:12.413+0000] {logging_mixin.py:190} INFO - [2025-02-19T10:23:12.413+0000] {dagbag.py:587} INFO - Filling up the DagBag from /home/airflow/.local/lib/python3.12/site-packages/airflow/example_dags/example_time_delta_sensor_async.py
[2025-02-19T10:23:12.414+0000] {logging_mixin.py:190} INFO - [2025-02-19T10:23:12.414+0000] {dagbag.py:368} DEBUG - Importing /home/airflow/.local/lib/python3.12/site-packages/airflow/example_dags/example_time_delta_sensor_async.py
[2025-02-19T10:23:12.421+0000] {logging_mixin.py:190} INFO - [2025-02-19T10:23:12.420+0000] {dagbag.py:553} DEBUG - Loaded DAG <DAG: example_time_delta_sensor_async>
[2025-02-19T10:23:12.421+0000] {processor.py:925} INFO - DAG(s) 'example_time_delta_sensor_async' retrieved from /home/airflow/.local/lib/python3.12/site-packages/airflow/example_dags/example_time_delta_sensor_async.py
[2025-02-19T10:23:12.422+0000] {logging_mixin.py:190} INFO - [2025-02-19T10:23:12.422+0000] {dagbag.py:710} DEBUG - Running dagbag.sync_to_db with retries. Try 1 of 3
[2025-02-19T10:23:12.422+0000] {logging_mixin.py:190} INFO - [2025-02-19T10:23:12.422+0000] {dagbag.py:715} DEBUG - Calling the DAG.bulk_sync_to_db method
[2025-02-19T10:23:12.433+0000] {logging_mixin.py:190} INFO - [2025-02-19T10:23:12.433+0000] {serialized_dag.py:168} DEBUG - Checking if DAG (example_time_delta_sensor_async) changed
[2025-02-19T10:23:12.437+0000] {logging_mixin.py:190} INFO - [2025-02-19T10:23:12.436+0000] {plugins_manager.py:351} DEBUG - Plugins are already loaded. Skipping.
[2025-02-19T10:23:12.437+0000] {logging_mixin.py:190} INFO - [2025-02-19T10:23:12.437+0000] {plugins_manager.py:429} DEBUG - Initialize custom taskinstance deps plugins
[2025-02-19T10:23:12.442+0000] {logging_mixin.py:190} INFO - [2025-02-19T10:23:12.442+0000] {serialized_dag.py:179} DEBUG - Serialized DAG (example_time_delta_sensor_async) is unchanged. Skipping writing to DB
[2025-02-19T10:23:12.443+0000] {logging_mixin.py:190} INFO - [2025-02-19T10:23:12.443+0000] {dag.py:3229} INFO - Sync 1 DAGs
[2025-02-19T10:23:12.460+0000] {logging_mixin.py:190} INFO - [2025-02-19T10:23:12.459+0000] {dag.py:4156} INFO - Setting next_dagrun for example_time_delta_sensor_async to None, run_after=None
[2025-02-19T10:23:12.479+0000] {processor.py:208} INFO - Processing /home/airflow/.local/lib/python3.12/site-packages/airflow/example_dags/example_time_delta_sensor_async.py took 0.073 seconds
[2025-02-19T10:23:54.849+0000] {logging_mixin.py:190} INFO - [2025-02-19T10:23:54.849+0000] {settings.py:475} DEBUG - Setting up DB connection pool (PID 142)
[2025-02-19T10:23:54.894+0000] {logging_mixin.py:190} INFO - [2025-02-19T10:23:54.894+0000] {settings.py:579} DEBUG - settings.prepare_engine_args(): Using pool settings. pool_size=5, max_overflow=10, pool_recycle=1800, pid=142
[2025-02-19T10:23:54.899+0000] {processor.py:186} INFO - Started process (PID=142) to work on /home/airflow/.local/lib/python3.12/site-packages/airflow/example_dags/example_time_delta_sensor_async.py
[2025-02-19T10:23:54.899+0000] {processor.py:914} INFO - Processing file /home/airflow/.local/lib/python3.12/site-packages/airflow/example_dags/example_time_delta_sensor_async.py for tasks to queue
[2025-02-19T10:23:54.900+0000] {logging_mixin.py:190} INFO - [2025-02-19T10:23:54.900+0000] {dagbag.py:587} INFO - Filling up the DagBag from /home/airflow/.local/lib/python3.12/site-packages/airflow/example_dags/example_time_delta_sensor_async.py
[2025-02-19T10:23:54.902+0000] {logging_mixin.py:190} INFO - [2025-02-19T10:23:54.901+0000] {dagbag.py:368} DEBUG - Importing /home/airflow/.local/lib/python3.12/site-packages/airflow/example_dags/example_time_delta_sensor_async.py
[2025-02-19T10:23:54.909+0000] {logging_mixin.py:190} INFO - [2025-02-19T10:23:54.907+0000] {dagbag.py:553} DEBUG - Loaded DAG <DAG: example_time_delta_sensor_async>
[2025-02-19T10:23:54.910+0000] {processor.py:925} INFO - DAG(s) 'example_time_delta_sensor_async' retrieved from /home/airflow/.local/lib/python3.12/site-packages/airflow/example_dags/example_time_delta_sensor_async.py
[2025-02-19T10:23:54.911+0000] {logging_mixin.py:190} INFO - [2025-02-19T10:23:54.911+0000] {dagbag.py:710} DEBUG - Running dagbag.sync_to_db with retries. Try 1 of 3
[2025-02-19T10:23:54.911+0000] {logging_mixin.py:190} INFO - [2025-02-19T10:23:54.911+0000] {dagbag.py:715} DEBUG - Calling the DAG.bulk_sync_to_db method
[2025-02-19T10:23:54.922+0000] {logging_mixin.py:190} INFO - [2025-02-19T10:23:54.921+0000] {serialized_dag.py:168} DEBUG - Checking if DAG (example_time_delta_sensor_async) changed
[2025-02-19T10:23:54.925+0000] {logging_mixin.py:190} INFO - [2025-02-19T10:23:54.925+0000] {plugins_manager.py:351} DEBUG - Plugins are already loaded. Skipping.
[2025-02-19T10:23:54.925+0000] {logging_mixin.py:190} INFO - [2025-02-19T10:23:54.925+0000] {plugins_manager.py:429} DEBUG - Initialize custom taskinstance deps plugins
[2025-02-19T10:23:54.930+0000] {logging_mixin.py:190} INFO - [2025-02-19T10:23:54.930+0000] {serialized_dag.py:179} DEBUG - Serialized DAG (example_time_delta_sensor_async) is unchanged. Skipping writing to DB
[2025-02-19T10:23:54.931+0000] {logging_mixin.py:190} INFO - [2025-02-19T10:23:54.931+0000] {dag.py:3229} INFO - Sync 1 DAGs
[2025-02-19T10:23:54.944+0000] {logging_mixin.py:190} INFO - [2025-02-19T10:23:54.944+0000] {dag.py:4156} INFO - Setting next_dagrun for example_time_delta_sensor_async to None, run_after=None
[2025-02-19T10:23:54.967+0000] {processor.py:208} INFO - Processing /home/airflow/.local/lib/python3.12/site-packages/airflow/example_dags/example_time_delta_sensor_async.py took 0.118 seconds
[2025-02-19T10:24:25.745+0000] {logging_mixin.py:190} INFO - [2025-02-19T10:24:25.745+0000] {settings.py:475} DEBUG - Setting up DB connection pool (PID 206)
[2025-02-19T10:24:25.746+0000] {logging_mixin.py:190} INFO - [2025-02-19T10:24:25.746+0000] {settings.py:579} DEBUG - settings.prepare_engine_args(): Using pool settings. pool_size=5, max_overflow=10, pool_recycle=1800, pid=206
[2025-02-19T10:24:25.751+0000] {processor.py:186} INFO - Started process (PID=206) to work on /home/airflow/.local/lib/python3.12/site-packages/airflow/example_dags/example_time_delta_sensor_async.py
[2025-02-19T10:24:25.751+0000] {processor.py:914} INFO - Processing file /home/airflow/.local/lib/python3.12/site-packages/airflow/example_dags/example_time_delta_sensor_async.py for tasks to queue
[2025-02-19T10:24:25.752+0000] {logging_mixin.py:190} INFO - [2025-02-19T10:24:25.752+0000] {dagbag.py:587} INFO - Filling up the DagBag from /home/airflow/.local/lib/python3.12/site-packages/airflow/example_dags/example_time_delta_sensor_async.py
[2025-02-19T10:24:25.753+0000] {logging_mixin.py:190} INFO - [2025-02-19T10:24:25.753+0000] {dagbag.py:368} DEBUG - Importing /home/airflow/.local/lib/python3.12/site-packages/airflow/example_dags/example_time_delta_sensor_async.py
[2025-02-19T10:24:25.761+0000] {logging_mixin.py:190} INFO - [2025-02-19T10:24:25.759+0000] {dagbag.py:553} DEBUG - Loaded DAG <DAG: example_time_delta_sensor_async>
[2025-02-19T10:24:25.761+0000] {processor.py:925} INFO - DAG(s) 'example_time_delta_sensor_async' retrieved from /home/airflow/.local/lib/python3.12/site-packages/airflow/example_dags/example_time_delta_sensor_async.py
[2025-02-19T10:24:25.762+0000] {logging_mixin.py:190} INFO - [2025-02-19T10:24:25.762+0000] {dagbag.py:710} DEBUG - Running dagbag.sync_to_db with retries. Try 1 of 3
[2025-02-19T10:24:25.762+0000] {logging_mixin.py:190} INFO - [2025-02-19T10:24:25.762+0000] {dagbag.py:715} DEBUG - Calling the DAG.bulk_sync_to_db method
[2025-02-19T10:24:25.775+0000] {logging_mixin.py:190} INFO - [2025-02-19T10:24:25.775+0000] {serialized_dag.py:168} DEBUG - Checking if DAG (example_time_delta_sensor_async) changed
[2025-02-19T10:24:25.780+0000] {logging_mixin.py:190} INFO - [2025-02-19T10:24:25.780+0000] {plugins_manager.py:351} DEBUG - Plugins are already loaded. Skipping.
[2025-02-19T10:24:25.782+0000] {logging_mixin.py:190} INFO - [2025-02-19T10:24:25.781+0000] {plugins_manager.py:429} DEBUG - Initialize custom taskinstance deps plugins
[2025-02-19T10:24:25.789+0000] {logging_mixin.py:190} INFO - [2025-02-19T10:24:25.789+0000] {serialized_dag.py:179} DEBUG - Serialized DAG (example_time_delta_sensor_async) is unchanged. Skipping writing to DB
[2025-02-19T10:24:25.790+0000] {logging_mixin.py:190} INFO - [2025-02-19T10:24:25.790+0000] {dag.py:3229} INFO - Sync 1 DAGs
[2025-02-19T10:24:25.806+0000] {logging_mixin.py:190} INFO - [2025-02-19T10:24:25.805+0000] {dag.py:4156} INFO - Setting next_dagrun for example_time_delta_sensor_async to None, run_after=None
[2025-02-19T10:24:25.837+0000] {processor.py:208} INFO - Processing /home/airflow/.local/lib/python3.12/site-packages/airflow/example_dags/example_time_delta_sensor_async.py took 0.093 seconds
[2025-02-19T10:24:56.552+0000] {logging_mixin.py:190} INFO - [2025-02-19T10:24:56.551+0000] {settings.py:475} DEBUG - Setting up DB connection pool (PID 275)
[2025-02-19T10:24:56.553+0000] {logging_mixin.py:190} INFO - [2025-02-19T10:24:56.553+0000] {settings.py:579} DEBUG - settings.prepare_engine_args(): Using pool settings. pool_size=5, max_overflow=10, pool_recycle=1800, pid=275
[2025-02-19T10:24:56.558+0000] {processor.py:186} INFO - Started process (PID=275) to work on /home/airflow/.local/lib/python3.12/site-packages/airflow/example_dags/example_time_delta_sensor_async.py
[2025-02-19T10:24:56.558+0000] {processor.py:914} INFO - Processing file /home/airflow/.local/lib/python3.12/site-packages/airflow/example_dags/example_time_delta_sensor_async.py for tasks to queue
[2025-02-19T10:24:56.559+0000] {logging_mixin.py:190} INFO - [2025-02-19T10:24:56.559+0000] {dagbag.py:587} INFO - Filling up the DagBag from /home/airflow/.local/lib/python3.12/site-packages/airflow/example_dags/example_time_delta_sensor_async.py
[2025-02-19T10:24:56.560+0000] {logging_mixin.py:190} INFO - [2025-02-19T10:24:56.559+0000] {dagbag.py:368} DEBUG - Importing /home/airflow/.local/lib/python3.12/site-packages/airflow/example_dags/example_time_delta_sensor_async.py
[2025-02-19T10:24:56.566+0000] {logging_mixin.py:190} INFO - [2025-02-19T10:24:56.564+0000] {dagbag.py:553} DEBUG - Loaded DAG <DAG: example_time_delta_sensor_async>
[2025-02-19T10:24:56.566+0000] {processor.py:925} INFO - DAG(s) 'example_time_delta_sensor_async' retrieved from /home/airflow/.local/lib/python3.12/site-packages/airflow/example_dags/example_time_delta_sensor_async.py
[2025-02-19T10:24:56.566+0000] {logging_mixin.py:190} INFO - [2025-02-19T10:24:56.566+0000] {dagbag.py:710} DEBUG - Running dagbag.sync_to_db with retries. Try 1 of 3
[2025-02-19T10:24:56.567+0000] {logging_mixin.py:190} INFO - [2025-02-19T10:24:56.566+0000] {dagbag.py:715} DEBUG - Calling the DAG.bulk_sync_to_db method
[2025-02-19T10:24:56.577+0000] {logging_mixin.py:190} INFO - [2025-02-19T10:24:56.577+0000] {serialized_dag.py:168} DEBUG - Checking if DAG (example_time_delta_sensor_async) changed
[2025-02-19T10:24:56.580+0000] {logging_mixin.py:190} INFO - [2025-02-19T10:24:56.580+0000] {plugins_manager.py:351} DEBUG - Plugins are already loaded. Skipping.
[2025-02-19T10:24:56.580+0000] {logging_mixin.py:190} INFO - [2025-02-19T10:24:56.580+0000] {plugins_manager.py:429} DEBUG - Initialize custom taskinstance deps plugins
[2025-02-19T10:24:56.585+0000] {logging_mixin.py:190} INFO - [2025-02-19T10:24:56.585+0000] {serialized_dag.py:179} DEBUG - Serialized DAG (example_time_delta_sensor_async) is unchanged. Skipping writing to DB
[2025-02-19T10:24:56.585+0000] {logging_mixin.py:190} INFO - [2025-02-19T10:24:56.585+0000] {dag.py:3229} INFO - Sync 1 DAGs
[2025-02-19T10:24:56.598+0000] {logging_mixin.py:190} INFO - [2025-02-19T10:24:56.598+0000] {dag.py:4156} INFO - Setting next_dagrun for example_time_delta_sensor_async to None, run_after=None
[2025-02-19T10:24:56.616+0000] {processor.py:208} INFO - Processing /home/airflow/.local/lib/python3.12/site-packages/airflow/example_dags/example_time_delta_sensor_async.py took 0.064 seconds
[2025-02-19T10:25:26.804+0000] {logging_mixin.py:190} INFO - [2025-02-19T10:25:26.803+0000] {settings.py:475} DEBUG - Setting up DB connection pool (PID 339)
[2025-02-19T10:25:26.805+0000] {logging_mixin.py:190} INFO - [2025-02-19T10:25:26.805+0000] {settings.py:579} DEBUG - settings.prepare_engine_args(): Using pool settings. pool_size=5, max_overflow=10, pool_recycle=1800, pid=339
[2025-02-19T10:25:26.811+0000] {processor.py:186} INFO - Started process (PID=339) to work on /home/airflow/.local/lib/python3.12/site-packages/airflow/example_dags/example_time_delta_sensor_async.py
[2025-02-19T10:25:26.811+0000] {processor.py:914} INFO - Processing file /home/airflow/.local/lib/python3.12/site-packages/airflow/example_dags/example_time_delta_sensor_async.py for tasks to queue
[2025-02-19T10:25:26.812+0000] {logging_mixin.py:190} INFO - [2025-02-19T10:25:26.812+0000] {dagbag.py:587} INFO - Filling up the DagBag from /home/airflow/.local/lib/python3.12/site-packages/airflow/example_dags/example_time_delta_sensor_async.py
[2025-02-19T10:25:26.813+0000] {logging_mixin.py:190} INFO - [2025-02-19T10:25:26.813+0000] {dagbag.py:368} DEBUG - Importing /home/airflow/.local/lib/python3.12/site-packages/airflow/example_dags/example_time_delta_sensor_async.py
[2025-02-19T10:25:26.820+0000] {logging_mixin.py:190} INFO - [2025-02-19T10:25:26.818+0000] {dagbag.py:553} DEBUG - Loaded DAG <DAG: example_time_delta_sensor_async>
[2025-02-19T10:25:26.820+0000] {processor.py:925} INFO - DAG(s) 'example_time_delta_sensor_async' retrieved from /home/airflow/.local/lib/python3.12/site-packages/airflow/example_dags/example_time_delta_sensor_async.py
[2025-02-19T10:25:26.821+0000] {logging_mixin.py:190} INFO - [2025-02-19T10:25:26.820+0000] {dagbag.py:710} DEBUG - Running dagbag.sync_to_db with retries. Try 1 of 3
[2025-02-19T10:25:26.821+0000] {logging_mixin.py:190} INFO - [2025-02-19T10:25:26.821+0000] {dagbag.py:715} DEBUG - Calling the DAG.bulk_sync_to_db method
[2025-02-19T10:25:26.831+0000] {logging_mixin.py:190} INFO - [2025-02-19T10:25:26.830+0000] {serialized_dag.py:168} DEBUG - Checking if DAG (example_time_delta_sensor_async) changed
[2025-02-19T10:25:26.834+0000] {logging_mixin.py:190} INFO - [2025-02-19T10:25:26.834+0000] {plugins_manager.py:351} DEBUG - Plugins are already loaded. Skipping.
[2025-02-19T10:25:26.834+0000] {logging_mixin.py:190} INFO - [2025-02-19T10:25:26.834+0000] {plugins_manager.py:429} DEBUG - Initialize custom taskinstance deps plugins
[2025-02-19T10:25:26.840+0000] {logging_mixin.py:190} INFO - [2025-02-19T10:25:26.839+0000] {serialized_dag.py:179} DEBUG - Serialized DAG (example_time_delta_sensor_async) is unchanged. Skipping writing to DB
[2025-02-19T10:25:26.840+0000] {logging_mixin.py:190} INFO - [2025-02-19T10:25:26.840+0000] {dag.py:3229} INFO - Sync 1 DAGs
[2025-02-19T10:25:26.854+0000] {logging_mixin.py:190} INFO - [2025-02-19T10:25:26.853+0000] {dag.py:4156} INFO - Setting next_dagrun for example_time_delta_sensor_async to None, run_after=None
[2025-02-19T10:25:26.879+0000] {processor.py:208} INFO - Processing /home/airflow/.local/lib/python3.12/site-packages/airflow/example_dags/example_time_delta_sensor_async.py took 0.075 seconds
[2025-02-19T10:25:57.549+0000] {logging_mixin.py:190} INFO - [2025-02-19T10:25:57.548+0000] {settings.py:475} DEBUG - Setting up DB connection pool (PID 403)
[2025-02-19T10:25:57.550+0000] {logging_mixin.py:190} INFO - [2025-02-19T10:25:57.550+0000] {settings.py:579} DEBUG - settings.prepare_engine_args(): Using pool settings. pool_size=5, max_overflow=10, pool_recycle=1800, pid=403
[2025-02-19T10:25:57.554+0000] {processor.py:186} INFO - Started process (PID=403) to work on /home/airflow/.local/lib/python3.12/site-packages/airflow/example_dags/example_time_delta_sensor_async.py
[2025-02-19T10:25:57.555+0000] {processor.py:914} INFO - Processing file /home/airflow/.local/lib/python3.12/site-packages/airflow/example_dags/example_time_delta_sensor_async.py for tasks to queue
[2025-02-19T10:25:57.555+0000] {logging_mixin.py:190} INFO - [2025-02-19T10:25:57.555+0000] {dagbag.py:587} INFO - Filling up the DagBag from /home/airflow/.local/lib/python3.12/site-packages/airflow/example_dags/example_time_delta_sensor_async.py
[2025-02-19T10:25:57.556+0000] {logging_mixin.py:190} INFO - [2025-02-19T10:25:57.556+0000] {dagbag.py:368} DEBUG - Importing /home/airflow/.local/lib/python3.12/site-packages/airflow/example_dags/example_time_delta_sensor_async.py
[2025-02-19T10:25:57.563+0000] {logging_mixin.py:190} INFO - [2025-02-19T10:25:57.561+0000] {dagbag.py:553} DEBUG - Loaded DAG <DAG: example_time_delta_sensor_async>
[2025-02-19T10:25:57.563+0000] {processor.py:925} INFO - DAG(s) 'example_time_delta_sensor_async' retrieved from /home/airflow/.local/lib/python3.12/site-packages/airflow/example_dags/example_time_delta_sensor_async.py
[2025-02-19T10:25:57.564+0000] {logging_mixin.py:190} INFO - [2025-02-19T10:25:57.563+0000] {dagbag.py:710} DEBUG - Running dagbag.sync_to_db with retries. Try 1 of 3
[2025-02-19T10:25:57.564+0000] {logging_mixin.py:190} INFO - [2025-02-19T10:25:57.564+0000] {dagbag.py:715} DEBUG - Calling the DAG.bulk_sync_to_db method
[2025-02-19T10:25:57.575+0000] {logging_mixin.py:190} INFO - [2025-02-19T10:25:57.575+0000] {serialized_dag.py:168} DEBUG - Checking if DAG (example_time_delta_sensor_async) changed
[2025-02-19T10:25:57.579+0000] {logging_mixin.py:190} INFO - [2025-02-19T10:25:57.578+0000] {plugins_manager.py:351} DEBUG - Plugins are already loaded. Skipping.
[2025-02-19T10:25:57.579+0000] {logging_mixin.py:190} INFO - [2025-02-19T10:25:57.579+0000] {plugins_manager.py:429} DEBUG - Initialize custom taskinstance deps plugins
[2025-02-19T10:25:57.584+0000] {logging_mixin.py:190} INFO - [2025-02-19T10:25:57.584+0000] {serialized_dag.py:179} DEBUG - Serialized DAG (example_time_delta_sensor_async) is unchanged. Skipping writing to DB
[2025-02-19T10:25:57.584+0000] {logging_mixin.py:190} INFO - [2025-02-19T10:25:57.584+0000] {dag.py:3229} INFO - Sync 1 DAGs
[2025-02-19T10:25:57.597+0000] {logging_mixin.py:190} INFO - [2025-02-19T10:25:57.597+0000] {dag.py:4156} INFO - Setting next_dagrun for example_time_delta_sensor_async to None, run_after=None
[2025-02-19T10:25:57.616+0000] {processor.py:208} INFO - Processing /home/airflow/.local/lib/python3.12/site-packages/airflow/example_dags/example_time_delta_sensor_async.py took 0.068 seconds
[2025-02-19T10:26:28.279+0000] {logging_mixin.py:190} INFO - [2025-02-19T10:26:28.279+0000] {settings.py:475} DEBUG - Setting up DB connection pool (PID 467)
[2025-02-19T10:26:28.280+0000] {logging_mixin.py:190} INFO - [2025-02-19T10:26:28.280+0000] {settings.py:579} DEBUG - settings.prepare_engine_args(): Using pool settings. pool_size=5, max_overflow=10, pool_recycle=1800, pid=467
[2025-02-19T10:26:28.284+0000] {processor.py:186} INFO - Started process (PID=467) to work on /home/airflow/.local/lib/python3.12/site-packages/airflow/example_dags/example_time_delta_sensor_async.py
[2025-02-19T10:26:28.285+0000] {processor.py:914} INFO - Processing file /home/airflow/.local/lib/python3.12/site-packages/airflow/example_dags/example_time_delta_sensor_async.py for tasks to queue
[2025-02-19T10:26:28.285+0000] {logging_mixin.py:190} INFO - [2025-02-19T10:26:28.285+0000] {dagbag.py:587} INFO - Filling up the DagBag from /home/airflow/.local/lib/python3.12/site-packages/airflow/example_dags/example_time_delta_sensor_async.py
[2025-02-19T10:26:28.286+0000] {logging_mixin.py:190} INFO - [2025-02-19T10:26:28.286+0000] {dagbag.py:368} DEBUG - Importing /home/airflow/.local/lib/python3.12/site-packages/airflow/example_dags/example_time_delta_sensor_async.py
[2025-02-19T10:26:28.291+0000] {logging_mixin.py:190} INFO - [2025-02-19T10:26:28.290+0000] {dagbag.py:553} DEBUG - Loaded DAG <DAG: example_time_delta_sensor_async>
[2025-02-19T10:26:28.292+0000] {processor.py:925} INFO - DAG(s) 'example_time_delta_sensor_async' retrieved from /home/airflow/.local/lib/python3.12/site-packages/airflow/example_dags/example_time_delta_sensor_async.py
[2025-02-19T10:26:28.292+0000] {logging_mixin.py:190} INFO - [2025-02-19T10:26:28.292+0000] {dagbag.py:710} DEBUG - Running dagbag.sync_to_db with retries. Try 1 of 3
[2025-02-19T10:26:28.292+0000] {logging_mixin.py:190} INFO - [2025-02-19T10:26:28.292+0000] {dagbag.py:715} DEBUG - Calling the DAG.bulk_sync_to_db method
[2025-02-19T10:26:28.303+0000] {logging_mixin.py:190} INFO - [2025-02-19T10:26:28.302+0000] {serialized_dag.py:168} DEBUG - Checking if DAG (example_time_delta_sensor_async) changed
[2025-02-19T10:26:28.305+0000] {logging_mixin.py:190} INFO - [2025-02-19T10:26:28.305+0000] {plugins_manager.py:351} DEBUG - Plugins are already loaded. Skipping.
[2025-02-19T10:26:28.305+0000] {logging_mixin.py:190} INFO - [2025-02-19T10:26:28.305+0000] {plugins_manager.py:429} DEBUG - Initialize custom taskinstance deps plugins
[2025-02-19T10:26:28.310+0000] {logging_mixin.py:190} INFO - [2025-02-19T10:26:28.310+0000] {serialized_dag.py:179} DEBUG - Serialized DAG (example_time_delta_sensor_async) is unchanged. Skipping writing to DB
[2025-02-19T10:26:28.310+0000] {logging_mixin.py:190} INFO - [2025-02-19T10:26:28.310+0000] {dag.py:3229} INFO - Sync 1 DAGs
[2025-02-19T10:26:28.321+0000] {logging_mixin.py:190} INFO - [2025-02-19T10:26:28.321+0000] {dag.py:4156} INFO - Setting next_dagrun for example_time_delta_sensor_async to None, run_after=None
[2025-02-19T10:26:28.337+0000] {processor.py:208} INFO - Processing /home/airflow/.local/lib/python3.12/site-packages/airflow/example_dags/example_time_delta_sensor_async.py took 0.058 seconds
