[2025-02-19T09:38:25.730+0000] {processor.py:186} INFO - Started process (PID=72) to work on /home/airflow/.local/lib/python3.12/site-packages/airflow/example_dags/example_dynamic_task_mapping.py
[2025-02-19T09:38:25.731+0000] {processor.py:914} INFO - Processing file /home/airflow/.local/lib/python3.12/site-packages/airflow/example_dags/example_dynamic_task_mapping.py for tasks to queue
[2025-02-19T09:38:25.733+0000] {logging_mixin.py:190} INFO - [2025-02-19T09:38:25.732+0000] {dagbag.py:587} INFO - Filling up the DagBag from /home/airflow/.local/lib/python3.12/site-packages/airflow/example_dags/example_dynamic_task_mapping.py
[2025-02-19T09:38:25.741+0000] {processor.py:925} INFO - DAG(s) 'example_dynamic_task_mapping' retrieved from /home/airflow/.local/lib/python3.12/site-packages/airflow/example_dags/example_dynamic_task_mapping.py
[2025-02-19T09:38:25.766+0000] {logging_mixin.py:190} INFO - [2025-02-19T09:38:25.765+0000] {dag.py:3229} INFO - Sync 1 DAGs
[2025-02-19T09:38:25.780+0000] {logging_mixin.py:190} INFO - [2025-02-19T09:38:25.779+0000] {dag.py:4156} INFO - Setting next_dagrun for example_dynamic_task_mapping to None, run_after=None
[2025-02-19T09:38:25.799+0000] {processor.py:208} INFO - Processing /home/airflow/.local/lib/python3.12/site-packages/airflow/example_dags/example_dynamic_task_mapping.py took 0.074 seconds
[2025-02-19T09:38:56.464+0000] {processor.py:186} INFO - Started process (PID=141) to work on /home/airflow/.local/lib/python3.12/site-packages/airflow/example_dags/example_dynamic_task_mapping.py
[2025-02-19T09:38:56.465+0000] {processor.py:914} INFO - Processing file /home/airflow/.local/lib/python3.12/site-packages/airflow/example_dags/example_dynamic_task_mapping.py for tasks to queue
[2025-02-19T09:38:56.468+0000] {logging_mixin.py:190} INFO - [2025-02-19T09:38:56.467+0000] {dagbag.py:587} INFO - Filling up the DagBag from /home/airflow/.local/lib/python3.12/site-packages/airflow/example_dags/example_dynamic_task_mapping.py
[2025-02-19T09:38:56.477+0000] {processor.py:925} INFO - DAG(s) 'example_dynamic_task_mapping' retrieved from /home/airflow/.local/lib/python3.12/site-packages/airflow/example_dags/example_dynamic_task_mapping.py
[2025-02-19T09:38:56.497+0000] {logging_mixin.py:190} INFO - [2025-02-19T09:38:56.497+0000] {dag.py:3229} INFO - Sync 1 DAGs
[2025-02-19T09:38:56.511+0000] {logging_mixin.py:190} INFO - [2025-02-19T09:38:56.510+0000] {dag.py:4156} INFO - Setting next_dagrun for example_dynamic_task_mapping to None, run_after=None
[2025-02-19T09:38:56.530+0000] {processor.py:208} INFO - Processing /home/airflow/.local/lib/python3.12/site-packages/airflow/example_dags/example_dynamic_task_mapping.py took 0.071 seconds
[2025-02-19T09:39:27.201+0000] {processor.py:186} INFO - Started process (PID=205) to work on /home/airflow/.local/lib/python3.12/site-packages/airflow/example_dags/example_dynamic_task_mapping.py
[2025-02-19T09:39:27.215+0000] {processor.py:914} INFO - Processing file /home/airflow/.local/lib/python3.12/site-packages/airflow/example_dags/example_dynamic_task_mapping.py for tasks to queue
[2025-02-19T09:39:27.218+0000] {logging_mixin.py:190} INFO - [2025-02-19T09:39:27.217+0000] {dagbag.py:587} INFO - Filling up the DagBag from /home/airflow/.local/lib/python3.12/site-packages/airflow/example_dags/example_dynamic_task_mapping.py
[2025-02-19T09:39:27.225+0000] {processor.py:925} INFO - DAG(s) 'example_dynamic_task_mapping' retrieved from /home/airflow/.local/lib/python3.12/site-packages/airflow/example_dags/example_dynamic_task_mapping.py
[2025-02-19T09:39:27.242+0000] {logging_mixin.py:190} INFO - [2025-02-19T09:39:27.241+0000] {dag.py:3229} INFO - Sync 1 DAGs
[2025-02-19T09:39:27.254+0000] {logging_mixin.py:190} INFO - [2025-02-19T09:39:27.253+0000] {dag.py:4156} INFO - Setting next_dagrun for example_dynamic_task_mapping to None, run_after=None
[2025-02-19T09:39:27.272+0000] {processor.py:208} INFO - Processing /home/airflow/.local/lib/python3.12/site-packages/airflow/example_dags/example_dynamic_task_mapping.py took 0.077 seconds
[2025-02-19T09:39:57.389+0000] {processor.py:186} INFO - Started process (PID=269) to work on /home/airflow/.local/lib/python3.12/site-packages/airflow/example_dags/example_dynamic_task_mapping.py
[2025-02-19T09:39:57.390+0000] {processor.py:914} INFO - Processing file /home/airflow/.local/lib/python3.12/site-packages/airflow/example_dags/example_dynamic_task_mapping.py for tasks to queue
[2025-02-19T09:39:57.391+0000] {logging_mixin.py:190} INFO - [2025-02-19T09:39:57.391+0000] {dagbag.py:587} INFO - Filling up the DagBag from /home/airflow/.local/lib/python3.12/site-packages/airflow/example_dags/example_dynamic_task_mapping.py
[2025-02-19T09:39:57.398+0000] {processor.py:925} INFO - DAG(s) 'example_dynamic_task_mapping' retrieved from /home/airflow/.local/lib/python3.12/site-packages/airflow/example_dags/example_dynamic_task_mapping.py
[2025-02-19T09:39:57.416+0000] {logging_mixin.py:190} INFO - [2025-02-19T09:39:57.415+0000] {dag.py:3229} INFO - Sync 1 DAGs
[2025-02-19T09:39:57.427+0000] {logging_mixin.py:190} INFO - [2025-02-19T09:39:57.427+0000] {dag.py:4156} INFO - Setting next_dagrun for example_dynamic_task_mapping to None, run_after=None
[2025-02-19T09:39:57.445+0000] {processor.py:208} INFO - Processing /home/airflow/.local/lib/python3.12/site-packages/airflow/example_dags/example_dynamic_task_mapping.py took 0.061 seconds
[2025-02-19T09:40:27.674+0000] {processor.py:186} INFO - Started process (PID=333) to work on /home/airflow/.local/lib/python3.12/site-packages/airflow/example_dags/example_dynamic_task_mapping.py
[2025-02-19T09:40:27.675+0000] {processor.py:914} INFO - Processing file /home/airflow/.local/lib/python3.12/site-packages/airflow/example_dags/example_dynamic_task_mapping.py for tasks to queue
[2025-02-19T09:40:27.677+0000] {logging_mixin.py:190} INFO - [2025-02-19T09:40:27.677+0000] {dagbag.py:587} INFO - Filling up the DagBag from /home/airflow/.local/lib/python3.12/site-packages/airflow/example_dags/example_dynamic_task_mapping.py
[2025-02-19T09:40:27.685+0000] {processor.py:925} INFO - DAG(s) 'example_dynamic_task_mapping' retrieved from /home/airflow/.local/lib/python3.12/site-packages/airflow/example_dags/example_dynamic_task_mapping.py
[2025-02-19T09:40:27.706+0000] {logging_mixin.py:190} INFO - [2025-02-19T09:40:27.705+0000] {dag.py:3229} INFO - Sync 1 DAGs
[2025-02-19T09:40:27.719+0000] {logging_mixin.py:190} INFO - [2025-02-19T09:40:27.719+0000] {dag.py:4156} INFO - Setting next_dagrun for example_dynamic_task_mapping to None, run_after=None
[2025-02-19T09:40:27.739+0000] {processor.py:208} INFO - Processing /home/airflow/.local/lib/python3.12/site-packages/airflow/example_dags/example_dynamic_task_mapping.py took 0.070 seconds
[2025-02-19T09:40:57.986+0000] {processor.py:186} INFO - Started process (PID=397) to work on /home/airflow/.local/lib/python3.12/site-packages/airflow/example_dags/example_dynamic_task_mapping.py
[2025-02-19T09:40:57.987+0000] {processor.py:914} INFO - Processing file /home/airflow/.local/lib/python3.12/site-packages/airflow/example_dags/example_dynamic_task_mapping.py for tasks to queue
[2025-02-19T09:40:57.989+0000] {logging_mixin.py:190} INFO - [2025-02-19T09:40:57.989+0000] {dagbag.py:587} INFO - Filling up the DagBag from /home/airflow/.local/lib/python3.12/site-packages/airflow/example_dags/example_dynamic_task_mapping.py
[2025-02-19T09:40:57.995+0000] {processor.py:925} INFO - DAG(s) 'example_dynamic_task_mapping' retrieved from /home/airflow/.local/lib/python3.12/site-packages/airflow/example_dags/example_dynamic_task_mapping.py
[2025-02-19T09:40:58.012+0000] {logging_mixin.py:190} INFO - [2025-02-19T09:40:58.012+0000] {dag.py:3229} INFO - Sync 1 DAGs
[2025-02-19T09:40:58.023+0000] {logging_mixin.py:190} INFO - [2025-02-19T09:40:58.023+0000] {dag.py:4156} INFO - Setting next_dagrun for example_dynamic_task_mapping to None, run_after=None
[2025-02-19T09:40:58.039+0000] {processor.py:208} INFO - Processing /home/airflow/.local/lib/python3.12/site-packages/airflow/example_dags/example_dynamic_task_mapping.py took 0.057 seconds
[2025-02-19T09:41:28.181+0000] {processor.py:186} INFO - Started process (PID=461) to work on /home/airflow/.local/lib/python3.12/site-packages/airflow/example_dags/example_dynamic_task_mapping.py
[2025-02-19T09:41:28.182+0000] {processor.py:914} INFO - Processing file /home/airflow/.local/lib/python3.12/site-packages/airflow/example_dags/example_dynamic_task_mapping.py for tasks to queue
[2025-02-19T09:41:28.185+0000] {logging_mixin.py:190} INFO - [2025-02-19T09:41:28.185+0000] {dagbag.py:587} INFO - Filling up the DagBag from /home/airflow/.local/lib/python3.12/site-packages/airflow/example_dags/example_dynamic_task_mapping.py
[2025-02-19T09:41:28.201+0000] {processor.py:925} INFO - DAG(s) 'example_dynamic_task_mapping' retrieved from /home/airflow/.local/lib/python3.12/site-packages/airflow/example_dags/example_dynamic_task_mapping.py
[2025-02-19T09:41:28.229+0000] {logging_mixin.py:190} INFO - [2025-02-19T09:41:28.228+0000] {dag.py:3229} INFO - Sync 1 DAGs
[2025-02-19T09:41:28.243+0000] {logging_mixin.py:190} INFO - [2025-02-19T09:41:28.243+0000] {dag.py:4156} INFO - Setting next_dagrun for example_dynamic_task_mapping to None, run_after=None
[2025-02-19T09:41:28.261+0000] {processor.py:208} INFO - Processing /home/airflow/.local/lib/python3.12/site-packages/airflow/example_dags/example_dynamic_task_mapping.py took 0.089 seconds
[2025-02-19T09:41:58.384+0000] {processor.py:186} INFO - Started process (PID=525) to work on /home/airflow/.local/lib/python3.12/site-packages/airflow/example_dags/example_dynamic_task_mapping.py
[2025-02-19T09:41:58.399+0000] {processor.py:914} INFO - Processing file /home/airflow/.local/lib/python3.12/site-packages/airflow/example_dags/example_dynamic_task_mapping.py for tasks to queue
[2025-02-19T09:41:58.401+0000] {logging_mixin.py:190} INFO - [2025-02-19T09:41:58.401+0000] {dagbag.py:587} INFO - Filling up the DagBag from /home/airflow/.local/lib/python3.12/site-packages/airflow/example_dags/example_dynamic_task_mapping.py
[2025-02-19T09:41:58.407+0000] {processor.py:925} INFO - DAG(s) 'example_dynamic_task_mapping' retrieved from /home/airflow/.local/lib/python3.12/site-packages/airflow/example_dags/example_dynamic_task_mapping.py
[2025-02-19T09:41:58.426+0000] {logging_mixin.py:190} INFO - [2025-02-19T09:41:58.426+0000] {dag.py:3229} INFO - Sync 1 DAGs
[2025-02-19T09:41:58.438+0000] {logging_mixin.py:190} INFO - [2025-02-19T09:41:58.438+0000] {dag.py:4156} INFO - Setting next_dagrun for example_dynamic_task_mapping to None, run_after=None
[2025-02-19T09:41:58.455+0000] {processor.py:208} INFO - Processing /home/airflow/.local/lib/python3.12/site-packages/airflow/example_dags/example_dynamic_task_mapping.py took 0.075 seconds
[2025-02-19T09:42:28.525+0000] {processor.py:186} INFO - Started process (PID=589) to work on /home/airflow/.local/lib/python3.12/site-packages/airflow/example_dags/example_dynamic_task_mapping.py
[2025-02-19T09:42:28.539+0000] {processor.py:914} INFO - Processing file /home/airflow/.local/lib/python3.12/site-packages/airflow/example_dags/example_dynamic_task_mapping.py for tasks to queue
[2025-02-19T09:42:28.541+0000] {logging_mixin.py:190} INFO - [2025-02-19T09:42:28.540+0000] {dagbag.py:587} INFO - Filling up the DagBag from /home/airflow/.local/lib/python3.12/site-packages/airflow/example_dags/example_dynamic_task_mapping.py
[2025-02-19T09:42:28.547+0000] {processor.py:925} INFO - DAG(s) 'example_dynamic_task_mapping' retrieved from /home/airflow/.local/lib/python3.12/site-packages/airflow/example_dags/example_dynamic_task_mapping.py
[2025-02-19T09:42:28.566+0000] {logging_mixin.py:190} INFO - [2025-02-19T09:42:28.566+0000] {dag.py:3229} INFO - Sync 1 DAGs
[2025-02-19T09:42:28.579+0000] {logging_mixin.py:190} INFO - [2025-02-19T09:42:28.579+0000] {dag.py:4156} INFO - Setting next_dagrun for example_dynamic_task_mapping to None, run_after=None
[2025-02-19T09:42:28.596+0000] {processor.py:208} INFO - Processing /home/airflow/.local/lib/python3.12/site-packages/airflow/example_dags/example_dynamic_task_mapping.py took 0.075 seconds
[2025-02-19T09:42:58.691+0000] {processor.py:186} INFO - Started process (PID=653) to work on /home/airflow/.local/lib/python3.12/site-packages/airflow/example_dags/example_dynamic_task_mapping.py
[2025-02-19T09:42:58.706+0000] {processor.py:914} INFO - Processing file /home/airflow/.local/lib/python3.12/site-packages/airflow/example_dags/example_dynamic_task_mapping.py for tasks to queue
[2025-02-19T09:42:58.708+0000] {logging_mixin.py:190} INFO - [2025-02-19T09:42:58.708+0000] {dagbag.py:587} INFO - Filling up the DagBag from /home/airflow/.local/lib/python3.12/site-packages/airflow/example_dags/example_dynamic_task_mapping.py
[2025-02-19T09:42:58.715+0000] {processor.py:925} INFO - DAG(s) 'example_dynamic_task_mapping' retrieved from /home/airflow/.local/lib/python3.12/site-packages/airflow/example_dags/example_dynamic_task_mapping.py
[2025-02-19T09:42:58.735+0000] {logging_mixin.py:190} INFO - [2025-02-19T09:42:58.734+0000] {dag.py:3229} INFO - Sync 1 DAGs
[2025-02-19T09:42:58.749+0000] {logging_mixin.py:190} INFO - [2025-02-19T09:42:58.748+0000] {dag.py:4156} INFO - Setting next_dagrun for example_dynamic_task_mapping to None, run_after=None
[2025-02-19T09:42:58.768+0000] {processor.py:208} INFO - Processing /home/airflow/.local/lib/python3.12/site-packages/airflow/example_dags/example_dynamic_task_mapping.py took 0.081 seconds
[2025-02-19T09:43:28.953+0000] {processor.py:186} INFO - Started process (PID=717) to work on /home/airflow/.local/lib/python3.12/site-packages/airflow/example_dags/example_dynamic_task_mapping.py
[2025-02-19T09:43:28.954+0000] {processor.py:914} INFO - Processing file /home/airflow/.local/lib/python3.12/site-packages/airflow/example_dags/example_dynamic_task_mapping.py for tasks to queue
[2025-02-19T09:43:28.956+0000] {logging_mixin.py:190} INFO - [2025-02-19T09:43:28.955+0000] {dagbag.py:587} INFO - Filling up the DagBag from /home/airflow/.local/lib/python3.12/site-packages/airflow/example_dags/example_dynamic_task_mapping.py
[2025-02-19T09:43:28.965+0000] {processor.py:925} INFO - DAG(s) 'example_dynamic_task_mapping' retrieved from /home/airflow/.local/lib/python3.12/site-packages/airflow/example_dags/example_dynamic_task_mapping.py
[2025-02-19T09:43:28.984+0000] {logging_mixin.py:190} INFO - [2025-02-19T09:43:28.983+0000] {dag.py:3229} INFO - Sync 1 DAGs
[2025-02-19T09:43:28.998+0000] {logging_mixin.py:190} INFO - [2025-02-19T09:43:28.997+0000] {dag.py:4156} INFO - Setting next_dagrun for example_dynamic_task_mapping to None, run_after=None
[2025-02-19T09:43:29.023+0000] {processor.py:208} INFO - Processing /home/airflow/.local/lib/python3.12/site-packages/airflow/example_dags/example_dynamic_task_mapping.py took 0.076 seconds
[2025-02-19T09:43:59.232+0000] {processor.py:186} INFO - Started process (PID=781) to work on /home/airflow/.local/lib/python3.12/site-packages/airflow/example_dags/example_dynamic_task_mapping.py
[2025-02-19T09:43:59.247+0000] {processor.py:914} INFO - Processing file /home/airflow/.local/lib/python3.12/site-packages/airflow/example_dags/example_dynamic_task_mapping.py for tasks to queue
[2025-02-19T09:43:59.249+0000] {logging_mixin.py:190} INFO - [2025-02-19T09:43:59.249+0000] {dagbag.py:587} INFO - Filling up the DagBag from /home/airflow/.local/lib/python3.12/site-packages/airflow/example_dags/example_dynamic_task_mapping.py
[2025-02-19T09:43:59.257+0000] {processor.py:925} INFO - DAG(s) 'example_dynamic_task_mapping' retrieved from /home/airflow/.local/lib/python3.12/site-packages/airflow/example_dags/example_dynamic_task_mapping.py
[2025-02-19T09:43:59.275+0000] {logging_mixin.py:190} INFO - [2025-02-19T09:43:59.274+0000] {dag.py:3229} INFO - Sync 1 DAGs
[2025-02-19T09:43:59.288+0000] {logging_mixin.py:190} INFO - [2025-02-19T09:43:59.288+0000] {dag.py:4156} INFO - Setting next_dagrun for example_dynamic_task_mapping to None, run_after=None
[2025-02-19T09:43:59.304+0000] {processor.py:208} INFO - Processing /home/airflow/.local/lib/python3.12/site-packages/airflow/example_dags/example_dynamic_task_mapping.py took 0.076 seconds
[2025-02-19T09:44:29.426+0000] {processor.py:186} INFO - Started process (PID=845) to work on /home/airflow/.local/lib/python3.12/site-packages/airflow/example_dags/example_dynamic_task_mapping.py
[2025-02-19T09:44:29.428+0000] {processor.py:914} INFO - Processing file /home/airflow/.local/lib/python3.12/site-packages/airflow/example_dags/example_dynamic_task_mapping.py for tasks to queue
[2025-02-19T09:44:29.429+0000] {logging_mixin.py:190} INFO - [2025-02-19T09:44:29.429+0000] {dagbag.py:587} INFO - Filling up the DagBag from /home/airflow/.local/lib/python3.12/site-packages/airflow/example_dags/example_dynamic_task_mapping.py
[2025-02-19T09:44:29.436+0000] {processor.py:925} INFO - DAG(s) 'example_dynamic_task_mapping' retrieved from /home/airflow/.local/lib/python3.12/site-packages/airflow/example_dags/example_dynamic_task_mapping.py
[2025-02-19T09:44:29.455+0000] {logging_mixin.py:190} INFO - [2025-02-19T09:44:29.454+0000] {dag.py:3229} INFO - Sync 1 DAGs
[2025-02-19T09:44:29.466+0000] {logging_mixin.py:190} INFO - [2025-02-19T09:44:29.466+0000] {dag.py:4156} INFO - Setting next_dagrun for example_dynamic_task_mapping to None, run_after=None
[2025-02-19T09:44:29.484+0000] {processor.py:208} INFO - Processing /home/airflow/.local/lib/python3.12/site-packages/airflow/example_dags/example_dynamic_task_mapping.py took 0.062 seconds
[2025-02-19T09:44:59.625+0000] {processor.py:186} INFO - Started process (PID=909) to work on /home/airflow/.local/lib/python3.12/site-packages/airflow/example_dags/example_dynamic_task_mapping.py
[2025-02-19T09:44:59.638+0000] {processor.py:914} INFO - Processing file /home/airflow/.local/lib/python3.12/site-packages/airflow/example_dags/example_dynamic_task_mapping.py for tasks to queue
[2025-02-19T09:44:59.640+0000] {logging_mixin.py:190} INFO - [2025-02-19T09:44:59.640+0000] {dagbag.py:587} INFO - Filling up the DagBag from /home/airflow/.local/lib/python3.12/site-packages/airflow/example_dags/example_dynamic_task_mapping.py
[2025-02-19T09:44:59.647+0000] {processor.py:925} INFO - DAG(s) 'example_dynamic_task_mapping' retrieved from /home/airflow/.local/lib/python3.12/site-packages/airflow/example_dags/example_dynamic_task_mapping.py
[2025-02-19T09:44:59.667+0000] {logging_mixin.py:190} INFO - [2025-02-19T09:44:59.666+0000] {dag.py:3229} INFO - Sync 1 DAGs
[2025-02-19T09:44:59.679+0000] {logging_mixin.py:190} INFO - [2025-02-19T09:44:59.679+0000] {dag.py:4156} INFO - Setting next_dagrun for example_dynamic_task_mapping to None, run_after=None
[2025-02-19T09:44:59.698+0000] {processor.py:208} INFO - Processing /home/airflow/.local/lib/python3.12/site-packages/airflow/example_dags/example_dynamic_task_mapping.py took 0.077 seconds
[2025-02-19T09:45:29.867+0000] {processor.py:186} INFO - Started process (PID=973) to work on /home/airflow/.local/lib/python3.12/site-packages/airflow/example_dags/example_dynamic_task_mapping.py
[2025-02-19T09:45:29.868+0000] {processor.py:914} INFO - Processing file /home/airflow/.local/lib/python3.12/site-packages/airflow/example_dags/example_dynamic_task_mapping.py for tasks to queue
[2025-02-19T09:45:29.870+0000] {logging_mixin.py:190} INFO - [2025-02-19T09:45:29.870+0000] {dagbag.py:587} INFO - Filling up the DagBag from /home/airflow/.local/lib/python3.12/site-packages/airflow/example_dags/example_dynamic_task_mapping.py
[2025-02-19T09:45:29.878+0000] {processor.py:925} INFO - DAG(s) 'example_dynamic_task_mapping' retrieved from /home/airflow/.local/lib/python3.12/site-packages/airflow/example_dags/example_dynamic_task_mapping.py
[2025-02-19T09:45:29.895+0000] {logging_mixin.py:190} INFO - [2025-02-19T09:45:29.895+0000] {dag.py:3229} INFO - Sync 1 DAGs
[2025-02-19T09:45:29.907+0000] {logging_mixin.py:190} INFO - [2025-02-19T09:45:29.906+0000] {dag.py:4156} INFO - Setting next_dagrun for example_dynamic_task_mapping to None, run_after=None
[2025-02-19T09:45:29.923+0000] {processor.py:208} INFO - Processing /home/airflow/.local/lib/python3.12/site-packages/airflow/example_dags/example_dynamic_task_mapping.py took 0.061 seconds
[2025-02-19T09:46:00.097+0000] {processor.py:186} INFO - Started process (PID=1037) to work on /home/airflow/.local/lib/python3.12/site-packages/airflow/example_dags/example_dynamic_task_mapping.py
[2025-02-19T09:46:00.098+0000] {processor.py:914} INFO - Processing file /home/airflow/.local/lib/python3.12/site-packages/airflow/example_dags/example_dynamic_task_mapping.py for tasks to queue
[2025-02-19T09:46:00.100+0000] {logging_mixin.py:190} INFO - [2025-02-19T09:46:00.100+0000] {dagbag.py:587} INFO - Filling up the DagBag from /home/airflow/.local/lib/python3.12/site-packages/airflow/example_dags/example_dynamic_task_mapping.py
[2025-02-19T09:46:00.107+0000] {processor.py:925} INFO - DAG(s) 'example_dynamic_task_mapping' retrieved from /home/airflow/.local/lib/python3.12/site-packages/airflow/example_dags/example_dynamic_task_mapping.py
[2025-02-19T09:46:00.124+0000] {logging_mixin.py:190} INFO - [2025-02-19T09:46:00.123+0000] {dag.py:3229} INFO - Sync 1 DAGs
[2025-02-19T09:46:00.134+0000] {logging_mixin.py:190} INFO - [2025-02-19T09:46:00.134+0000] {dag.py:4156} INFO - Setting next_dagrun for example_dynamic_task_mapping to None, run_after=None
[2025-02-19T09:46:00.151+0000] {processor.py:208} INFO - Processing /home/airflow/.local/lib/python3.12/site-packages/airflow/example_dags/example_dynamic_task_mapping.py took 0.059 seconds
[2025-02-19T09:46:31.009+0000] {processor.py:186} INFO - Started process (PID=1101) to work on /home/airflow/.local/lib/python3.12/site-packages/airflow/example_dags/example_dynamic_task_mapping.py
[2025-02-19T09:46:31.010+0000] {processor.py:914} INFO - Processing file /home/airflow/.local/lib/python3.12/site-packages/airflow/example_dags/example_dynamic_task_mapping.py for tasks to queue
[2025-02-19T09:46:31.012+0000] {logging_mixin.py:190} INFO - [2025-02-19T09:46:31.012+0000] {dagbag.py:587} INFO - Filling up the DagBag from /home/airflow/.local/lib/python3.12/site-packages/airflow/example_dags/example_dynamic_task_mapping.py
[2025-02-19T09:46:31.018+0000] {processor.py:925} INFO - DAG(s) 'example_dynamic_task_mapping' retrieved from /home/airflow/.local/lib/python3.12/site-packages/airflow/example_dags/example_dynamic_task_mapping.py
[2025-02-19T09:46:31.034+0000] {logging_mixin.py:190} INFO - [2025-02-19T09:46:31.034+0000] {dag.py:3229} INFO - Sync 1 DAGs
[2025-02-19T09:46:31.046+0000] {logging_mixin.py:190} INFO - [2025-02-19T09:46:31.046+0000] {dag.py:4156} INFO - Setting next_dagrun for example_dynamic_task_mapping to None, run_after=None
[2025-02-19T09:46:31.062+0000] {processor.py:208} INFO - Processing /home/airflow/.local/lib/python3.12/site-packages/airflow/example_dags/example_dynamic_task_mapping.py took 0.058 seconds
[2025-02-19T09:47:01.905+0000] {processor.py:186} INFO - Started process (PID=1165) to work on /home/airflow/.local/lib/python3.12/site-packages/airflow/example_dags/example_dynamic_task_mapping.py
[2025-02-19T09:47:01.905+0000] {processor.py:914} INFO - Processing file /home/airflow/.local/lib/python3.12/site-packages/airflow/example_dags/example_dynamic_task_mapping.py for tasks to queue
[2025-02-19T09:47:01.908+0000] {logging_mixin.py:190} INFO - [2025-02-19T09:47:01.907+0000] {dagbag.py:587} INFO - Filling up the DagBag from /home/airflow/.local/lib/python3.12/site-packages/airflow/example_dags/example_dynamic_task_mapping.py
[2025-02-19T09:47:01.914+0000] {processor.py:925} INFO - DAG(s) 'example_dynamic_task_mapping' retrieved from /home/airflow/.local/lib/python3.12/site-packages/airflow/example_dags/example_dynamic_task_mapping.py
[2025-02-19T09:47:01.932+0000] {logging_mixin.py:190} INFO - [2025-02-19T09:47:01.932+0000] {dag.py:3229} INFO - Sync 1 DAGs
[2025-02-19T09:47:01.944+0000] {logging_mixin.py:190} INFO - [2025-02-19T09:47:01.944+0000] {dag.py:4156} INFO - Setting next_dagrun for example_dynamic_task_mapping to None, run_after=None
[2025-02-19T09:47:01.961+0000] {processor.py:208} INFO - Processing /home/airflow/.local/lib/python3.12/site-packages/airflow/example_dags/example_dynamic_task_mapping.py took 0.060 seconds
[2025-02-19T09:47:32.196+0000] {processor.py:186} INFO - Started process (PID=1229) to work on /home/airflow/.local/lib/python3.12/site-packages/airflow/example_dags/example_dynamic_task_mapping.py
[2025-02-19T09:47:32.197+0000] {processor.py:914} INFO - Processing file /home/airflow/.local/lib/python3.12/site-packages/airflow/example_dags/example_dynamic_task_mapping.py for tasks to queue
[2025-02-19T09:47:32.199+0000] {logging_mixin.py:190} INFO - [2025-02-19T09:47:32.199+0000] {dagbag.py:587} INFO - Filling up the DagBag from /home/airflow/.local/lib/python3.12/site-packages/airflow/example_dags/example_dynamic_task_mapping.py
[2025-02-19T09:47:32.206+0000] {processor.py:925} INFO - DAG(s) 'example_dynamic_task_mapping' retrieved from /home/airflow/.local/lib/python3.12/site-packages/airflow/example_dags/example_dynamic_task_mapping.py
[2025-02-19T09:47:32.227+0000] {logging_mixin.py:190} INFO - [2025-02-19T09:47:32.227+0000] {dag.py:3229} INFO - Sync 1 DAGs
[2025-02-19T09:47:32.241+0000] {logging_mixin.py:190} INFO - [2025-02-19T09:47:32.241+0000] {dag.py:4156} INFO - Setting next_dagrun for example_dynamic_task_mapping to None, run_after=None
[2025-02-19T09:47:32.260+0000] {processor.py:208} INFO - Processing /home/airflow/.local/lib/python3.12/site-packages/airflow/example_dags/example_dynamic_task_mapping.py took 0.068 seconds
[2025-02-19T09:48:02.616+0000] {processor.py:186} INFO - Started process (PID=1294) to work on /home/airflow/.local/lib/python3.12/site-packages/airflow/example_dags/example_dynamic_task_mapping.py
[2025-02-19T09:48:02.625+0000] {processor.py:914} INFO - Processing file /home/airflow/.local/lib/python3.12/site-packages/airflow/example_dags/example_dynamic_task_mapping.py for tasks to queue
[2025-02-19T09:48:02.627+0000] {logging_mixin.py:190} INFO - [2025-02-19T09:48:02.627+0000] {dagbag.py:587} INFO - Filling up the DagBag from /home/airflow/.local/lib/python3.12/site-packages/airflow/example_dags/example_dynamic_task_mapping.py
[2025-02-19T09:48:02.634+0000] {processor.py:925} INFO - DAG(s) 'example_dynamic_task_mapping' retrieved from /home/airflow/.local/lib/python3.12/site-packages/airflow/example_dags/example_dynamic_task_mapping.py
[2025-02-19T09:48:02.652+0000] {logging_mixin.py:190} INFO - [2025-02-19T09:48:02.651+0000] {dag.py:3229} INFO - Sync 1 DAGs
[2025-02-19T09:48:02.664+0000] {logging_mixin.py:190} INFO - [2025-02-19T09:48:02.664+0000] {dag.py:4156} INFO - Setting next_dagrun for example_dynamic_task_mapping to None, run_after=None
[2025-02-19T09:48:02.681+0000] {processor.py:208} INFO - Processing /home/airflow/.local/lib/python3.12/site-packages/airflow/example_dags/example_dynamic_task_mapping.py took 0.072 seconds
[2025-02-19T09:48:32.755+0000] {processor.py:186} INFO - Started process (PID=1358) to work on /home/airflow/.local/lib/python3.12/site-packages/airflow/example_dags/example_dynamic_task_mapping.py
[2025-02-19T09:48:32.756+0000] {processor.py:914} INFO - Processing file /home/airflow/.local/lib/python3.12/site-packages/airflow/example_dags/example_dynamic_task_mapping.py for tasks to queue
[2025-02-19T09:48:32.758+0000] {logging_mixin.py:190} INFO - [2025-02-19T09:48:32.758+0000] {dagbag.py:587} INFO - Filling up the DagBag from /home/airflow/.local/lib/python3.12/site-packages/airflow/example_dags/example_dynamic_task_mapping.py
[2025-02-19T09:48:32.765+0000] {processor.py:925} INFO - DAG(s) 'example_dynamic_task_mapping' retrieved from /home/airflow/.local/lib/python3.12/site-packages/airflow/example_dags/example_dynamic_task_mapping.py
[2025-02-19T09:48:32.783+0000] {logging_mixin.py:190} INFO - [2025-02-19T09:48:32.782+0000] {dag.py:3229} INFO - Sync 1 DAGs
[2025-02-19T09:48:32.795+0000] {logging_mixin.py:190} INFO - [2025-02-19T09:48:32.795+0000] {dag.py:4156} INFO - Setting next_dagrun for example_dynamic_task_mapping to None, run_after=None
[2025-02-19T09:48:32.810+0000] {processor.py:208} INFO - Processing /home/airflow/.local/lib/python3.12/site-packages/airflow/example_dags/example_dynamic_task_mapping.py took 0.059 seconds
[2025-02-19T09:49:02.846+0000] {processor.py:186} INFO - Started process (PID=1422) to work on /home/airflow/.local/lib/python3.12/site-packages/airflow/example_dags/example_dynamic_task_mapping.py
[2025-02-19T09:49:02.847+0000] {processor.py:914} INFO - Processing file /home/airflow/.local/lib/python3.12/site-packages/airflow/example_dags/example_dynamic_task_mapping.py for tasks to queue
[2025-02-19T09:49:02.849+0000] {logging_mixin.py:190} INFO - [2025-02-19T09:49:02.849+0000] {dagbag.py:587} INFO - Filling up the DagBag from /home/airflow/.local/lib/python3.12/site-packages/airflow/example_dags/example_dynamic_task_mapping.py
[2025-02-19T09:49:02.856+0000] {processor.py:925} INFO - DAG(s) 'example_dynamic_task_mapping' retrieved from /home/airflow/.local/lib/python3.12/site-packages/airflow/example_dags/example_dynamic_task_mapping.py
[2025-02-19T09:49:02.875+0000] {logging_mixin.py:190} INFO - [2025-02-19T09:49:02.874+0000] {dag.py:3229} INFO - Sync 1 DAGs
[2025-02-19T09:49:02.887+0000] {logging_mixin.py:190} INFO - [2025-02-19T09:49:02.886+0000] {dag.py:4156} INFO - Setting next_dagrun for example_dynamic_task_mapping to None, run_after=None
[2025-02-19T09:49:02.904+0000] {processor.py:208} INFO - Processing /home/airflow/.local/lib/python3.12/site-packages/airflow/example_dags/example_dynamic_task_mapping.py took 0.062 seconds
[2025-02-19T09:49:33.671+0000] {processor.py:186} INFO - Started process (PID=1486) to work on /home/airflow/.local/lib/python3.12/site-packages/airflow/example_dags/example_dynamic_task_mapping.py
[2025-02-19T09:49:33.672+0000] {processor.py:914} INFO - Processing file /home/airflow/.local/lib/python3.12/site-packages/airflow/example_dags/example_dynamic_task_mapping.py for tasks to queue
[2025-02-19T09:49:33.674+0000] {logging_mixin.py:190} INFO - [2025-02-19T09:49:33.674+0000] {dagbag.py:587} INFO - Filling up the DagBag from /home/airflow/.local/lib/python3.12/site-packages/airflow/example_dags/example_dynamic_task_mapping.py
[2025-02-19T09:49:33.681+0000] {processor.py:925} INFO - DAG(s) 'example_dynamic_task_mapping' retrieved from /home/airflow/.local/lib/python3.12/site-packages/airflow/example_dags/example_dynamic_task_mapping.py
[2025-02-19T09:49:33.705+0000] {logging_mixin.py:190} INFO - [2025-02-19T09:49:33.704+0000] {dag.py:3229} INFO - Sync 1 DAGs
[2025-02-19T09:49:33.723+0000] {logging_mixin.py:190} INFO - [2025-02-19T09:49:33.723+0000] {dag.py:4156} INFO - Setting next_dagrun for example_dynamic_task_mapping to None, run_after=None
[2025-02-19T09:49:33.740+0000] {processor.py:208} INFO - Processing /home/airflow/.local/lib/python3.12/site-packages/airflow/example_dags/example_dynamic_task_mapping.py took 0.074 seconds
[2025-02-19T09:50:03.843+0000] {processor.py:186} INFO - Started process (PID=1550) to work on /home/airflow/.local/lib/python3.12/site-packages/airflow/example_dags/example_dynamic_task_mapping.py
[2025-02-19T09:50:03.856+0000] {processor.py:914} INFO - Processing file /home/airflow/.local/lib/python3.12/site-packages/airflow/example_dags/example_dynamic_task_mapping.py for tasks to queue
[2025-02-19T09:50:03.858+0000] {logging_mixin.py:190} INFO - [2025-02-19T09:50:03.858+0000] {dagbag.py:587} INFO - Filling up the DagBag from /home/airflow/.local/lib/python3.12/site-packages/airflow/example_dags/example_dynamic_task_mapping.py
[2025-02-19T09:50:03.864+0000] {processor.py:925} INFO - DAG(s) 'example_dynamic_task_mapping' retrieved from /home/airflow/.local/lib/python3.12/site-packages/airflow/example_dags/example_dynamic_task_mapping.py
[2025-02-19T09:50:03.881+0000] {logging_mixin.py:190} INFO - [2025-02-19T09:50:03.880+0000] {dag.py:3229} INFO - Sync 1 DAGs
[2025-02-19T09:50:03.892+0000] {logging_mixin.py:190} INFO - [2025-02-19T09:50:03.891+0000] {dag.py:4156} INFO - Setting next_dagrun for example_dynamic_task_mapping to None, run_after=None
[2025-02-19T09:50:03.907+0000] {processor.py:208} INFO - Processing /home/airflow/.local/lib/python3.12/site-packages/airflow/example_dags/example_dynamic_task_mapping.py took 0.069 seconds
[2025-02-19T09:50:34.156+0000] {processor.py:186} INFO - Started process (PID=1614) to work on /home/airflow/.local/lib/python3.12/site-packages/airflow/example_dags/example_dynamic_task_mapping.py
[2025-02-19T09:50:34.169+0000] {processor.py:914} INFO - Processing file /home/airflow/.local/lib/python3.12/site-packages/airflow/example_dags/example_dynamic_task_mapping.py for tasks to queue
[2025-02-19T09:50:34.172+0000] {logging_mixin.py:190} INFO - [2025-02-19T09:50:34.171+0000] {dagbag.py:587} INFO - Filling up the DagBag from /home/airflow/.local/lib/python3.12/site-packages/airflow/example_dags/example_dynamic_task_mapping.py
[2025-02-19T09:50:34.179+0000] {processor.py:925} INFO - DAG(s) 'example_dynamic_task_mapping' retrieved from /home/airflow/.local/lib/python3.12/site-packages/airflow/example_dags/example_dynamic_task_mapping.py
[2025-02-19T09:50:34.198+0000] {logging_mixin.py:190} INFO - [2025-02-19T09:50:34.197+0000] {dag.py:3229} INFO - Sync 1 DAGs
[2025-02-19T09:50:34.210+0000] {logging_mixin.py:190} INFO - [2025-02-19T09:50:34.210+0000] {dag.py:4156} INFO - Setting next_dagrun for example_dynamic_task_mapping to None, run_after=None
[2025-02-19T09:50:34.228+0000] {processor.py:208} INFO - Processing /home/airflow/.local/lib/python3.12/site-packages/airflow/example_dags/example_dynamic_task_mapping.py took 0.076 seconds
[2025-02-19T09:51:04.729+0000] {processor.py:186} INFO - Started process (PID=1678) to work on /home/airflow/.local/lib/python3.12/site-packages/airflow/example_dags/example_dynamic_task_mapping.py
[2025-02-19T09:51:04.730+0000] {processor.py:914} INFO - Processing file /home/airflow/.local/lib/python3.12/site-packages/airflow/example_dags/example_dynamic_task_mapping.py for tasks to queue
[2025-02-19T09:51:04.732+0000] {logging_mixin.py:190} INFO - [2025-02-19T09:51:04.732+0000] {dagbag.py:587} INFO - Filling up the DagBag from /home/airflow/.local/lib/python3.12/site-packages/airflow/example_dags/example_dynamic_task_mapping.py
[2025-02-19T09:51:04.739+0000] {processor.py:925} INFO - DAG(s) 'example_dynamic_task_mapping' retrieved from /home/airflow/.local/lib/python3.12/site-packages/airflow/example_dags/example_dynamic_task_mapping.py
[2025-02-19T09:51:04.757+0000] {logging_mixin.py:190} INFO - [2025-02-19T09:51:04.756+0000] {dag.py:3229} INFO - Sync 1 DAGs
[2025-02-19T09:51:04.769+0000] {logging_mixin.py:190} INFO - [2025-02-19T09:51:04.769+0000] {dag.py:4156} INFO - Setting next_dagrun for example_dynamic_task_mapping to None, run_after=None
[2025-02-19T09:51:04.785+0000] {processor.py:208} INFO - Processing /home/airflow/.local/lib/python3.12/site-packages/airflow/example_dags/example_dynamic_task_mapping.py took 0.061 seconds
[2025-02-19T09:51:34.956+0000] {processor.py:186} INFO - Started process (PID=1742) to work on /home/airflow/.local/lib/python3.12/site-packages/airflow/example_dags/example_dynamic_task_mapping.py
[2025-02-19T09:51:34.957+0000] {processor.py:914} INFO - Processing file /home/airflow/.local/lib/python3.12/site-packages/airflow/example_dags/example_dynamic_task_mapping.py for tasks to queue
[2025-02-19T09:51:34.959+0000] {logging_mixin.py:190} INFO - [2025-02-19T09:51:34.959+0000] {dagbag.py:587} INFO - Filling up the DagBag from /home/airflow/.local/lib/python3.12/site-packages/airflow/example_dags/example_dynamic_task_mapping.py
[2025-02-19T09:51:34.966+0000] {processor.py:925} INFO - DAG(s) 'example_dynamic_task_mapping' retrieved from /home/airflow/.local/lib/python3.12/site-packages/airflow/example_dags/example_dynamic_task_mapping.py
[2025-02-19T09:51:34.985+0000] {logging_mixin.py:190} INFO - [2025-02-19T09:51:34.984+0000] {dag.py:3229} INFO - Sync 1 DAGs
[2025-02-19T09:51:34.996+0000] {logging_mixin.py:190} INFO - [2025-02-19T09:51:34.996+0000] {dag.py:4156} INFO - Setting next_dagrun for example_dynamic_task_mapping to None, run_after=None
[2025-02-19T09:51:35.013+0000] {processor.py:208} INFO - Processing /home/airflow/.local/lib/python3.12/site-packages/airflow/example_dags/example_dynamic_task_mapping.py took 0.062 seconds
[2025-02-19T09:52:05.147+0000] {processor.py:186} INFO - Started process (PID=1806) to work on /home/airflow/.local/lib/python3.12/site-packages/airflow/example_dags/example_dynamic_task_mapping.py
[2025-02-19T09:52:05.162+0000] {processor.py:914} INFO - Processing file /home/airflow/.local/lib/python3.12/site-packages/airflow/example_dags/example_dynamic_task_mapping.py for tasks to queue
[2025-02-19T09:52:05.164+0000] {logging_mixin.py:190} INFO - [2025-02-19T09:52:05.164+0000] {dagbag.py:587} INFO - Filling up the DagBag from /home/airflow/.local/lib/python3.12/site-packages/airflow/example_dags/example_dynamic_task_mapping.py
[2025-02-19T09:52:05.171+0000] {processor.py:925} INFO - DAG(s) 'example_dynamic_task_mapping' retrieved from /home/airflow/.local/lib/python3.12/site-packages/airflow/example_dags/example_dynamic_task_mapping.py
[2025-02-19T09:52:05.190+0000] {logging_mixin.py:190} INFO - [2025-02-19T09:52:05.189+0000] {dag.py:3229} INFO - Sync 1 DAGs
[2025-02-19T09:52:05.201+0000] {logging_mixin.py:190} INFO - [2025-02-19T09:52:05.201+0000] {dag.py:4156} INFO - Setting next_dagrun for example_dynamic_task_mapping to None, run_after=None
[2025-02-19T09:52:05.215+0000] {processor.py:208} INFO - Processing /home/airflow/.local/lib/python3.12/site-packages/airflow/example_dags/example_dynamic_task_mapping.py took 0.072 seconds
[2025-02-19T09:52:35.453+0000] {processor.py:186} INFO - Started process (PID=1870) to work on /home/airflow/.local/lib/python3.12/site-packages/airflow/example_dags/example_dynamic_task_mapping.py
[2025-02-19T09:52:35.454+0000] {processor.py:914} INFO - Processing file /home/airflow/.local/lib/python3.12/site-packages/airflow/example_dags/example_dynamic_task_mapping.py for tasks to queue
[2025-02-19T09:52:35.456+0000] {logging_mixin.py:190} INFO - [2025-02-19T09:52:35.455+0000] {dagbag.py:587} INFO - Filling up the DagBag from /home/airflow/.local/lib/python3.12/site-packages/airflow/example_dags/example_dynamic_task_mapping.py
[2025-02-19T09:52:35.463+0000] {processor.py:925} INFO - DAG(s) 'example_dynamic_task_mapping' retrieved from /home/airflow/.local/lib/python3.12/site-packages/airflow/example_dags/example_dynamic_task_mapping.py
[2025-02-19T09:52:35.481+0000] {logging_mixin.py:190} INFO - [2025-02-19T09:52:35.480+0000] {dag.py:3229} INFO - Sync 1 DAGs
[2025-02-19T09:52:35.493+0000] {logging_mixin.py:190} INFO - [2025-02-19T09:52:35.492+0000] {dag.py:4156} INFO - Setting next_dagrun for example_dynamic_task_mapping to None, run_after=None
[2025-02-19T09:52:35.508+0000] {processor.py:208} INFO - Processing /home/airflow/.local/lib/python3.12/site-packages/airflow/example_dags/example_dynamic_task_mapping.py took 0.060 seconds
[2025-02-19T09:53:05.778+0000] {processor.py:186} INFO - Started process (PID=1934) to work on /home/airflow/.local/lib/python3.12/site-packages/airflow/example_dags/example_dynamic_task_mapping.py
[2025-02-19T09:53:05.779+0000] {processor.py:914} INFO - Processing file /home/airflow/.local/lib/python3.12/site-packages/airflow/example_dags/example_dynamic_task_mapping.py for tasks to queue
[2025-02-19T09:53:05.781+0000] {logging_mixin.py:190} INFO - [2025-02-19T09:53:05.781+0000] {dagbag.py:587} INFO - Filling up the DagBag from /home/airflow/.local/lib/python3.12/site-packages/airflow/example_dags/example_dynamic_task_mapping.py
[2025-02-19T09:53:05.790+0000] {processor.py:925} INFO - DAG(s) 'example_dynamic_task_mapping' retrieved from /home/airflow/.local/lib/python3.12/site-packages/airflow/example_dags/example_dynamic_task_mapping.py
[2025-02-19T09:53:05.809+0000] {logging_mixin.py:190} INFO - [2025-02-19T09:53:05.808+0000] {dag.py:3229} INFO - Sync 1 DAGs
[2025-02-19T09:53:05.821+0000] {logging_mixin.py:190} INFO - [2025-02-19T09:53:05.821+0000] {dag.py:4156} INFO - Setting next_dagrun for example_dynamic_task_mapping to None, run_after=None
[2025-02-19T09:53:05.838+0000] {processor.py:208} INFO - Processing /home/airflow/.local/lib/python3.12/site-packages/airflow/example_dags/example_dynamic_task_mapping.py took 0.064 seconds
[2025-02-19T09:53:36.276+0000] {processor.py:186} INFO - Started process (PID=1998) to work on /home/airflow/.local/lib/python3.12/site-packages/airflow/example_dags/example_dynamic_task_mapping.py
[2025-02-19T09:53:36.277+0000] {processor.py:914} INFO - Processing file /home/airflow/.local/lib/python3.12/site-packages/airflow/example_dags/example_dynamic_task_mapping.py for tasks to queue
[2025-02-19T09:53:36.279+0000] {logging_mixin.py:190} INFO - [2025-02-19T09:53:36.279+0000] {dagbag.py:587} INFO - Filling up the DagBag from /home/airflow/.local/lib/python3.12/site-packages/airflow/example_dags/example_dynamic_task_mapping.py
[2025-02-19T09:53:36.286+0000] {processor.py:925} INFO - DAG(s) 'example_dynamic_task_mapping' retrieved from /home/airflow/.local/lib/python3.12/site-packages/airflow/example_dags/example_dynamic_task_mapping.py
[2025-02-19T09:53:36.305+0000] {logging_mixin.py:190} INFO - [2025-02-19T09:53:36.304+0000] {dag.py:3229} INFO - Sync 1 DAGs
[2025-02-19T09:53:36.318+0000] {logging_mixin.py:190} INFO - [2025-02-19T09:53:36.318+0000] {dag.py:4156} INFO - Setting next_dagrun for example_dynamic_task_mapping to None, run_after=None
[2025-02-19T09:53:36.335+0000] {processor.py:208} INFO - Processing /home/airflow/.local/lib/python3.12/site-packages/airflow/example_dags/example_dynamic_task_mapping.py took 0.064 seconds
[2025-02-19T09:54:06.453+0000] {processor.py:186} INFO - Started process (PID=2062) to work on /home/airflow/.local/lib/python3.12/site-packages/airflow/example_dags/example_dynamic_task_mapping.py
[2025-02-19T09:54:06.466+0000] {processor.py:914} INFO - Processing file /home/airflow/.local/lib/python3.12/site-packages/airflow/example_dags/example_dynamic_task_mapping.py for tasks to queue
[2025-02-19T09:54:06.469+0000] {logging_mixin.py:190} INFO - [2025-02-19T09:54:06.469+0000] {dagbag.py:587} INFO - Filling up the DagBag from /home/airflow/.local/lib/python3.12/site-packages/airflow/example_dags/example_dynamic_task_mapping.py
[2025-02-19T09:54:06.477+0000] {processor.py:925} INFO - DAG(s) 'example_dynamic_task_mapping' retrieved from /home/airflow/.local/lib/python3.12/site-packages/airflow/example_dags/example_dynamic_task_mapping.py
[2025-02-19T09:54:06.494+0000] {logging_mixin.py:190} INFO - [2025-02-19T09:54:06.494+0000] {dag.py:3229} INFO - Sync 1 DAGs
[2025-02-19T09:54:06.506+0000] {logging_mixin.py:190} INFO - [2025-02-19T09:54:06.506+0000] {dag.py:4156} INFO - Setting next_dagrun for example_dynamic_task_mapping to None, run_after=None
[2025-02-19T09:54:06.522+0000] {processor.py:208} INFO - Processing /home/airflow/.local/lib/python3.12/site-packages/airflow/example_dags/example_dynamic_task_mapping.py took 0.074 seconds
[2025-02-19T09:54:36.855+0000] {processor.py:186} INFO - Started process (PID=2126) to work on /home/airflow/.local/lib/python3.12/site-packages/airflow/example_dags/example_dynamic_task_mapping.py
[2025-02-19T09:54:36.869+0000] {processor.py:914} INFO - Processing file /home/airflow/.local/lib/python3.12/site-packages/airflow/example_dags/example_dynamic_task_mapping.py for tasks to queue
[2025-02-19T09:54:36.871+0000] {logging_mixin.py:190} INFO - [2025-02-19T09:54:36.871+0000] {dagbag.py:587} INFO - Filling up the DagBag from /home/airflow/.local/lib/python3.12/site-packages/airflow/example_dags/example_dynamic_task_mapping.py
[2025-02-19T09:54:36.879+0000] {processor.py:925} INFO - DAG(s) 'example_dynamic_task_mapping' retrieved from /home/airflow/.local/lib/python3.12/site-packages/airflow/example_dags/example_dynamic_task_mapping.py
[2025-02-19T09:54:36.900+0000] {logging_mixin.py:190} INFO - [2025-02-19T09:54:36.899+0000] {dag.py:3229} INFO - Sync 1 DAGs
[2025-02-19T09:54:36.912+0000] {logging_mixin.py:190} INFO - [2025-02-19T09:54:36.912+0000] {dag.py:4156} INFO - Setting next_dagrun for example_dynamic_task_mapping to None, run_after=None
[2025-02-19T09:54:36.929+0000] {processor.py:208} INFO - Processing /home/airflow/.local/lib/python3.12/site-packages/airflow/example_dags/example_dynamic_task_mapping.py took 0.079 seconds
[2025-02-19T09:55:07.064+0000] {processor.py:186} INFO - Started process (PID=2190) to work on /home/airflow/.local/lib/python3.12/site-packages/airflow/example_dags/example_dynamic_task_mapping.py
[2025-02-19T09:55:07.076+0000] {processor.py:914} INFO - Processing file /home/airflow/.local/lib/python3.12/site-packages/airflow/example_dags/example_dynamic_task_mapping.py for tasks to queue
[2025-02-19T09:55:07.078+0000] {logging_mixin.py:190} INFO - [2025-02-19T09:55:07.078+0000] {dagbag.py:587} INFO - Filling up the DagBag from /home/airflow/.local/lib/python3.12/site-packages/airflow/example_dags/example_dynamic_task_mapping.py
[2025-02-19T09:55:07.085+0000] {processor.py:925} INFO - DAG(s) 'example_dynamic_task_mapping' retrieved from /home/airflow/.local/lib/python3.12/site-packages/airflow/example_dags/example_dynamic_task_mapping.py
[2025-02-19T09:55:07.104+0000] {logging_mixin.py:190} INFO - [2025-02-19T09:55:07.103+0000] {dag.py:3229} INFO - Sync 1 DAGs
[2025-02-19T09:55:07.116+0000] {logging_mixin.py:190} INFO - [2025-02-19T09:55:07.116+0000] {dag.py:4156} INFO - Setting next_dagrun for example_dynamic_task_mapping to None, run_after=None
[2025-02-19T09:55:07.132+0000] {processor.py:208} INFO - Processing /home/airflow/.local/lib/python3.12/site-packages/airflow/example_dags/example_dynamic_task_mapping.py took 0.074 seconds
[2025-02-19T09:55:37.403+0000] {processor.py:186} INFO - Started process (PID=2254) to work on /home/airflow/.local/lib/python3.12/site-packages/airflow/example_dags/example_dynamic_task_mapping.py
[2025-02-19T09:55:37.416+0000] {processor.py:914} INFO - Processing file /home/airflow/.local/lib/python3.12/site-packages/airflow/example_dags/example_dynamic_task_mapping.py for tasks to queue
[2025-02-19T09:55:37.419+0000] {logging_mixin.py:190} INFO - [2025-02-19T09:55:37.419+0000] {dagbag.py:587} INFO - Filling up the DagBag from /home/airflow/.local/lib/python3.12/site-packages/airflow/example_dags/example_dynamic_task_mapping.py
[2025-02-19T09:55:37.427+0000] {processor.py:925} INFO - DAG(s) 'example_dynamic_task_mapping' retrieved from /home/airflow/.local/lib/python3.12/site-packages/airflow/example_dags/example_dynamic_task_mapping.py
[2025-02-19T09:55:37.447+0000] {logging_mixin.py:190} INFO - [2025-02-19T09:55:37.446+0000] {dag.py:3229} INFO - Sync 1 DAGs
[2025-02-19T09:55:37.459+0000] {logging_mixin.py:190} INFO - [2025-02-19T09:55:37.458+0000] {dag.py:4156} INFO - Setting next_dagrun for example_dynamic_task_mapping to None, run_after=None
[2025-02-19T09:55:37.476+0000] {processor.py:208} INFO - Processing /home/airflow/.local/lib/python3.12/site-packages/airflow/example_dags/example_dynamic_task_mapping.py took 0.078 seconds
[2025-02-19T09:56:07.910+0000] {processor.py:186} INFO - Started process (PID=2318) to work on /home/airflow/.local/lib/python3.12/site-packages/airflow/example_dags/example_dynamic_task_mapping.py
[2025-02-19T09:56:07.923+0000] {processor.py:914} INFO - Processing file /home/airflow/.local/lib/python3.12/site-packages/airflow/example_dags/example_dynamic_task_mapping.py for tasks to queue
[2025-02-19T09:56:07.926+0000] {logging_mixin.py:190} INFO - [2025-02-19T09:56:07.926+0000] {dagbag.py:587} INFO - Filling up the DagBag from /home/airflow/.local/lib/python3.12/site-packages/airflow/example_dags/example_dynamic_task_mapping.py
[2025-02-19T09:56:07.934+0000] {processor.py:925} INFO - DAG(s) 'example_dynamic_task_mapping' retrieved from /home/airflow/.local/lib/python3.12/site-packages/airflow/example_dags/example_dynamic_task_mapping.py
[2025-02-19T09:56:07.954+0000] {logging_mixin.py:190} INFO - [2025-02-19T09:56:07.954+0000] {dag.py:3229} INFO - Sync 1 DAGs
[2025-02-19T09:56:07.967+0000] {logging_mixin.py:190} INFO - [2025-02-19T09:56:07.967+0000] {dag.py:4156} INFO - Setting next_dagrun for example_dynamic_task_mapping to None, run_after=None
[2025-02-19T09:56:07.984+0000] {processor.py:208} INFO - Processing /home/airflow/.local/lib/python3.12/site-packages/airflow/example_dags/example_dynamic_task_mapping.py took 0.080 seconds
[2025-02-19T09:56:38.119+0000] {processor.py:186} INFO - Started process (PID=2382) to work on /home/airflow/.local/lib/python3.12/site-packages/airflow/example_dags/example_dynamic_task_mapping.py
[2025-02-19T09:56:38.120+0000] {processor.py:914} INFO - Processing file /home/airflow/.local/lib/python3.12/site-packages/airflow/example_dags/example_dynamic_task_mapping.py for tasks to queue
[2025-02-19T09:56:38.122+0000] {logging_mixin.py:190} INFO - [2025-02-19T09:56:38.121+0000] {dagbag.py:587} INFO - Filling up the DagBag from /home/airflow/.local/lib/python3.12/site-packages/airflow/example_dags/example_dynamic_task_mapping.py
[2025-02-19T09:56:38.129+0000] {processor.py:925} INFO - DAG(s) 'example_dynamic_task_mapping' retrieved from /home/airflow/.local/lib/python3.12/site-packages/airflow/example_dags/example_dynamic_task_mapping.py
[2025-02-19T09:56:38.149+0000] {logging_mixin.py:190} INFO - [2025-02-19T09:56:38.148+0000] {dag.py:3229} INFO - Sync 1 DAGs
[2025-02-19T09:56:38.161+0000] {logging_mixin.py:190} INFO - [2025-02-19T09:56:38.161+0000] {dag.py:4156} INFO - Setting next_dagrun for example_dynamic_task_mapping to None, run_after=None
[2025-02-19T09:56:38.178+0000] {processor.py:208} INFO - Processing /home/airflow/.local/lib/python3.12/site-packages/airflow/example_dags/example_dynamic_task_mapping.py took 0.064 seconds
[2025-02-19T09:57:08.430+0000] {processor.py:186} INFO - Started process (PID=2447) to work on /home/airflow/.local/lib/python3.12/site-packages/airflow/example_dags/example_dynamic_task_mapping.py
[2025-02-19T09:57:08.443+0000] {processor.py:914} INFO - Processing file /home/airflow/.local/lib/python3.12/site-packages/airflow/example_dags/example_dynamic_task_mapping.py for tasks to queue
[2025-02-19T09:57:08.446+0000] {logging_mixin.py:190} INFO - [2025-02-19T09:57:08.446+0000] {dagbag.py:587} INFO - Filling up the DagBag from /home/airflow/.local/lib/python3.12/site-packages/airflow/example_dags/example_dynamic_task_mapping.py
[2025-02-19T09:57:08.453+0000] {processor.py:925} INFO - DAG(s) 'example_dynamic_task_mapping' retrieved from /home/airflow/.local/lib/python3.12/site-packages/airflow/example_dags/example_dynamic_task_mapping.py
[2025-02-19T09:57:08.470+0000] {logging_mixin.py:190} INFO - [2025-02-19T09:57:08.470+0000] {dag.py:3229} INFO - Sync 1 DAGs
[2025-02-19T09:57:08.482+0000] {logging_mixin.py:190} INFO - [2025-02-19T09:57:08.482+0000] {dag.py:4156} INFO - Setting next_dagrun for example_dynamic_task_mapping to None, run_after=None
[2025-02-19T09:57:08.500+0000] {processor.py:208} INFO - Processing /home/airflow/.local/lib/python3.12/site-packages/airflow/example_dags/example_dynamic_task_mapping.py took 0.074 seconds
[2025-02-19T09:57:38.951+0000] {processor.py:186} INFO - Started process (PID=2512) to work on /home/airflow/.local/lib/python3.12/site-packages/airflow/example_dags/example_dynamic_task_mapping.py
[2025-02-19T09:57:38.952+0000] {processor.py:914} INFO - Processing file /home/airflow/.local/lib/python3.12/site-packages/airflow/example_dags/example_dynamic_task_mapping.py for tasks to queue
[2025-02-19T09:57:38.955+0000] {logging_mixin.py:190} INFO - [2025-02-19T09:57:38.954+0000] {dagbag.py:587} INFO - Filling up the DagBag from /home/airflow/.local/lib/python3.12/site-packages/airflow/example_dags/example_dynamic_task_mapping.py
[2025-02-19T09:57:38.962+0000] {processor.py:925} INFO - DAG(s) 'example_dynamic_task_mapping' retrieved from /home/airflow/.local/lib/python3.12/site-packages/airflow/example_dags/example_dynamic_task_mapping.py
[2025-02-19T09:57:38.983+0000] {logging_mixin.py:190} INFO - [2025-02-19T09:57:38.982+0000] {dag.py:3229} INFO - Sync 1 DAGs
[2025-02-19T09:57:38.997+0000] {logging_mixin.py:190} INFO - [2025-02-19T09:57:38.996+0000] {dag.py:4156} INFO - Setting next_dagrun for example_dynamic_task_mapping to None, run_after=None
[2025-02-19T09:57:39.013+0000] {processor.py:208} INFO - Processing /home/airflow/.local/lib/python3.12/site-packages/airflow/example_dags/example_dynamic_task_mapping.py took 0.068 seconds
[2025-02-19T09:58:09.306+0000] {processor.py:186} INFO - Started process (PID=2577) to work on /home/airflow/.local/lib/python3.12/site-packages/airflow/example_dags/example_dynamic_task_mapping.py
[2025-02-19T09:58:09.307+0000] {processor.py:914} INFO - Processing file /home/airflow/.local/lib/python3.12/site-packages/airflow/example_dags/example_dynamic_task_mapping.py for tasks to queue
[2025-02-19T09:58:09.310+0000] {logging_mixin.py:190} INFO - [2025-02-19T09:58:09.310+0000] {dagbag.py:587} INFO - Filling up the DagBag from /home/airflow/.local/lib/python3.12/site-packages/airflow/example_dags/example_dynamic_task_mapping.py
[2025-02-19T09:58:09.317+0000] {processor.py:925} INFO - DAG(s) 'example_dynamic_task_mapping' retrieved from /home/airflow/.local/lib/python3.12/site-packages/airflow/example_dags/example_dynamic_task_mapping.py
[2025-02-19T09:58:09.338+0000] {logging_mixin.py:190} INFO - [2025-02-19T09:58:09.337+0000] {dag.py:3229} INFO - Sync 1 DAGs
[2025-02-19T09:58:09.353+0000] {logging_mixin.py:190} INFO - [2025-02-19T09:58:09.353+0000] {dag.py:4156} INFO - Setting next_dagrun for example_dynamic_task_mapping to None, run_after=None
[2025-02-19T09:58:09.373+0000] {processor.py:208} INFO - Processing /home/airflow/.local/lib/python3.12/site-packages/airflow/example_dags/example_dynamic_task_mapping.py took 0.073 seconds
[2025-02-19T09:58:39.696+0000] {processor.py:186} INFO - Started process (PID=2646) to work on /home/airflow/.local/lib/python3.12/site-packages/airflow/example_dags/example_dynamic_task_mapping.py
[2025-02-19T09:58:39.697+0000] {processor.py:914} INFO - Processing file /home/airflow/.local/lib/python3.12/site-packages/airflow/example_dags/example_dynamic_task_mapping.py for tasks to queue
[2025-02-19T09:58:39.699+0000] {logging_mixin.py:190} INFO - [2025-02-19T09:58:39.699+0000] {dagbag.py:587} INFO - Filling up the DagBag from /home/airflow/.local/lib/python3.12/site-packages/airflow/example_dags/example_dynamic_task_mapping.py
[2025-02-19T09:58:39.708+0000] {processor.py:925} INFO - DAG(s) 'example_dynamic_task_mapping' retrieved from /home/airflow/.local/lib/python3.12/site-packages/airflow/example_dags/example_dynamic_task_mapping.py
[2025-02-19T09:58:39.729+0000] {logging_mixin.py:190} INFO - [2025-02-19T09:58:39.729+0000] {dag.py:3229} INFO - Sync 1 DAGs
[2025-02-19T09:58:39.744+0000] {logging_mixin.py:190} INFO - [2025-02-19T09:58:39.744+0000] {dag.py:4156} INFO - Setting next_dagrun for example_dynamic_task_mapping to None, run_after=None
[2025-02-19T09:58:39.762+0000] {processor.py:208} INFO - Processing /home/airflow/.local/lib/python3.12/site-packages/airflow/example_dags/example_dynamic_task_mapping.py took 0.072 seconds
[2025-02-19T09:59:09.967+0000] {processor.py:186} INFO - Started process (PID=2710) to work on /home/airflow/.local/lib/python3.12/site-packages/airflow/example_dags/example_dynamic_task_mapping.py
[2025-02-19T09:59:09.982+0000] {processor.py:914} INFO - Processing file /home/airflow/.local/lib/python3.12/site-packages/airflow/example_dags/example_dynamic_task_mapping.py for tasks to queue
[2025-02-19T09:59:09.985+0000] {logging_mixin.py:190} INFO - [2025-02-19T09:59:09.985+0000] {dagbag.py:587} INFO - Filling up the DagBag from /home/airflow/.local/lib/python3.12/site-packages/airflow/example_dags/example_dynamic_task_mapping.py
[2025-02-19T09:59:09.992+0000] {processor.py:925} INFO - DAG(s) 'example_dynamic_task_mapping' retrieved from /home/airflow/.local/lib/python3.12/site-packages/airflow/example_dags/example_dynamic_task_mapping.py
[2025-02-19T09:59:10.011+0000] {logging_mixin.py:190} INFO - [2025-02-19T09:59:10.010+0000] {dag.py:3229} INFO - Sync 1 DAGs
[2025-02-19T09:59:10.021+0000] {logging_mixin.py:190} INFO - [2025-02-19T09:59:10.021+0000] {dag.py:4156} INFO - Setting next_dagrun for example_dynamic_task_mapping to None, run_after=None
[2025-02-19T09:59:10.039+0000] {processor.py:208} INFO - Processing /home/airflow/.local/lib/python3.12/site-packages/airflow/example_dags/example_dynamic_task_mapping.py took 0.076 seconds
[2025-02-19T10:23:11.200+0000] {logging_mixin.py:190} INFO - [2025-02-19T10:23:11.200+0000] {settings.py:475} DEBUG - Setting up DB connection pool (PID 53)
[2025-02-19T10:23:11.203+0000] {logging_mixin.py:190} INFO - [2025-02-19T10:23:11.203+0000] {settings.py:579} DEBUG - settings.prepare_engine_args(): Using pool settings. pool_size=5, max_overflow=10, pool_recycle=1800, pid=53
[2025-02-19T10:23:11.208+0000] {processor.py:186} INFO - Started process (PID=53) to work on /home/airflow/.local/lib/python3.12/site-packages/airflow/example_dags/example_dynamic_task_mapping.py
[2025-02-19T10:23:11.208+0000] {processor.py:914} INFO - Processing file /home/airflow/.local/lib/python3.12/site-packages/airflow/example_dags/example_dynamic_task_mapping.py for tasks to queue
[2025-02-19T10:23:11.209+0000] {logging_mixin.py:190} INFO - [2025-02-19T10:23:11.209+0000] {dagbag.py:587} INFO - Filling up the DagBag from /home/airflow/.local/lib/python3.12/site-packages/airflow/example_dags/example_dynamic_task_mapping.py
[2025-02-19T10:23:11.210+0000] {logging_mixin.py:190} INFO - [2025-02-19T10:23:11.209+0000] {dagbag.py:368} DEBUG - Importing /home/airflow/.local/lib/python3.12/site-packages/airflow/example_dags/example_dynamic_task_mapping.py
[2025-02-19T10:23:11.218+0000] {logging_mixin.py:190} INFO - [2025-02-19T10:23:11.218+0000] {dagbag.py:553} DEBUG - Loaded DAG <DAG: example_dynamic_task_mapping>
[2025-02-19T10:23:11.218+0000] {processor.py:925} INFO - DAG(s) 'example_dynamic_task_mapping' retrieved from /home/airflow/.local/lib/python3.12/site-packages/airflow/example_dags/example_dynamic_task_mapping.py
[2025-02-19T10:23:11.219+0000] {logging_mixin.py:190} INFO - [2025-02-19T10:23:11.219+0000] {dagbag.py:710} DEBUG - Running dagbag.sync_to_db with retries. Try 1 of 3
[2025-02-19T10:23:11.219+0000] {logging_mixin.py:190} INFO - [2025-02-19T10:23:11.219+0000] {dagbag.py:715} DEBUG - Calling the DAG.bulk_sync_to_db method
[2025-02-19T10:23:11.231+0000] {logging_mixin.py:190} INFO - [2025-02-19T10:23:11.231+0000] {serialized_dag.py:168} DEBUG - Checking if DAG (example_dynamic_task_mapping) changed
[2025-02-19T10:23:11.244+0000] {logging_mixin.py:190} INFO - [2025-02-19T10:23:11.244+0000] {serialized_dag.py:179} DEBUG - Serialized DAG (example_dynamic_task_mapping) is unchanged. Skipping writing to DB
[2025-02-19T10:23:11.245+0000] {logging_mixin.py:190} INFO - [2025-02-19T10:23:11.245+0000] {dag.py:3229} INFO - Sync 1 DAGs
[2025-02-19T10:23:11.258+0000] {logging_mixin.py:190} INFO - [2025-02-19T10:23:11.258+0000] {dag.py:4156} INFO - Setting next_dagrun for example_dynamic_task_mapping to None, run_after=None
[2025-02-19T10:23:11.278+0000] {processor.py:208} INFO - Processing /home/airflow/.local/lib/python3.12/site-packages/airflow/example_dags/example_dynamic_task_mapping.py took 0.078 seconds
[2025-02-19T10:23:47.934+0000] {logging_mixin.py:190} INFO - [2025-02-19T10:23:47.933+0000] {settings.py:475} DEBUG - Setting up DB connection pool (PID 117)
[2025-02-19T10:23:47.961+0000] {logging_mixin.py:190} INFO - [2025-02-19T10:23:47.961+0000] {settings.py:579} DEBUG - settings.prepare_engine_args(): Using pool settings. pool_size=5, max_overflow=10, pool_recycle=1800, pid=117
[2025-02-19T10:23:47.967+0000] {processor.py:186} INFO - Started process (PID=117) to work on /home/airflow/.local/lib/python3.12/site-packages/airflow/example_dags/example_dynamic_task_mapping.py
[2025-02-19T10:23:47.967+0000] {processor.py:914} INFO - Processing file /home/airflow/.local/lib/python3.12/site-packages/airflow/example_dags/example_dynamic_task_mapping.py for tasks to queue
[2025-02-19T10:23:47.968+0000] {logging_mixin.py:190} INFO - [2025-02-19T10:23:47.968+0000] {dagbag.py:587} INFO - Filling up the DagBag from /home/airflow/.local/lib/python3.12/site-packages/airflow/example_dags/example_dynamic_task_mapping.py
[2025-02-19T10:23:47.969+0000] {logging_mixin.py:190} INFO - [2025-02-19T10:23:47.969+0000] {dagbag.py:368} DEBUG - Importing /home/airflow/.local/lib/python3.12/site-packages/airflow/example_dags/example_dynamic_task_mapping.py
[2025-02-19T10:23:48.020+0000] {logging_mixin.py:190} INFO - [2025-02-19T10:23:48.020+0000] {dagbag.py:553} DEBUG - Loaded DAG <DAG: example_dynamic_task_mapping>
[2025-02-19T10:23:48.021+0000] {processor.py:925} INFO - DAG(s) 'example_dynamic_task_mapping' retrieved from /home/airflow/.local/lib/python3.12/site-packages/airflow/example_dags/example_dynamic_task_mapping.py
[2025-02-19T10:23:48.021+0000] {logging_mixin.py:190} INFO - [2025-02-19T10:23:48.021+0000] {dagbag.py:710} DEBUG - Running dagbag.sync_to_db with retries. Try 1 of 3
[2025-02-19T10:23:48.022+0000] {logging_mixin.py:190} INFO - [2025-02-19T10:23:48.021+0000] {dagbag.py:715} DEBUG - Calling the DAG.bulk_sync_to_db method
[2025-02-19T10:23:48.032+0000] {logging_mixin.py:190} INFO - [2025-02-19T10:23:48.032+0000] {serialized_dag.py:168} DEBUG - Checking if DAG (example_dynamic_task_mapping) changed
[2025-02-19T10:23:48.041+0000] {logging_mixin.py:190} INFO - [2025-02-19T10:23:48.040+0000] {serialized_dag.py:179} DEBUG - Serialized DAG (example_dynamic_task_mapping) is unchanged. Skipping writing to DB
[2025-02-19T10:23:48.041+0000] {logging_mixin.py:190} INFO - [2025-02-19T10:23:48.041+0000] {dag.py:3229} INFO - Sync 1 DAGs
[2025-02-19T10:23:48.055+0000] {logging_mixin.py:190} INFO - [2025-02-19T10:23:48.055+0000] {dag.py:4156} INFO - Setting next_dagrun for example_dynamic_task_mapping to None, run_after=None
[2025-02-19T10:23:48.504+0000] {processor.py:208} INFO - Processing /home/airflow/.local/lib/python3.12/site-packages/airflow/example_dags/example_dynamic_task_mapping.py took 0.571 seconds
[2025-02-19T10:24:18.626+0000] {logging_mixin.py:190} INFO - [2025-02-19T10:24:18.626+0000] {settings.py:475} DEBUG - Setting up DB connection pool (PID 181)
[2025-02-19T10:24:18.627+0000] {logging_mixin.py:190} INFO - [2025-02-19T10:24:18.627+0000] {settings.py:579} DEBUG - settings.prepare_engine_args(): Using pool settings. pool_size=5, max_overflow=10, pool_recycle=1800, pid=181
[2025-02-19T10:24:18.631+0000] {processor.py:186} INFO - Started process (PID=181) to work on /home/airflow/.local/lib/python3.12/site-packages/airflow/example_dags/example_dynamic_task_mapping.py
[2025-02-19T10:24:18.631+0000] {processor.py:914} INFO - Processing file /home/airflow/.local/lib/python3.12/site-packages/airflow/example_dags/example_dynamic_task_mapping.py for tasks to queue
[2025-02-19T10:24:18.632+0000] {logging_mixin.py:190} INFO - [2025-02-19T10:24:18.632+0000] {dagbag.py:587} INFO - Filling up the DagBag from /home/airflow/.local/lib/python3.12/site-packages/airflow/example_dags/example_dynamic_task_mapping.py
[2025-02-19T10:24:18.633+0000] {logging_mixin.py:190} INFO - [2025-02-19T10:24:18.633+0000] {dagbag.py:368} DEBUG - Importing /home/airflow/.local/lib/python3.12/site-packages/airflow/example_dags/example_dynamic_task_mapping.py
[2025-02-19T10:24:18.640+0000] {logging_mixin.py:190} INFO - [2025-02-19T10:24:18.640+0000] {dagbag.py:553} DEBUG - Loaded DAG <DAG: example_dynamic_task_mapping>
[2025-02-19T10:24:18.640+0000] {processor.py:925} INFO - DAG(s) 'example_dynamic_task_mapping' retrieved from /home/airflow/.local/lib/python3.12/site-packages/airflow/example_dags/example_dynamic_task_mapping.py
[2025-02-19T10:24:18.641+0000] {logging_mixin.py:190} INFO - [2025-02-19T10:24:18.641+0000] {dagbag.py:710} DEBUG - Running dagbag.sync_to_db with retries. Try 1 of 3
[2025-02-19T10:24:18.641+0000] {logging_mixin.py:190} INFO - [2025-02-19T10:24:18.641+0000] {dagbag.py:715} DEBUG - Calling the DAG.bulk_sync_to_db method
[2025-02-19T10:24:18.652+0000] {logging_mixin.py:190} INFO - [2025-02-19T10:24:18.652+0000] {serialized_dag.py:168} DEBUG - Checking if DAG (example_dynamic_task_mapping) changed
[2025-02-19T10:24:18.660+0000] {logging_mixin.py:190} INFO - [2025-02-19T10:24:18.659+0000] {serialized_dag.py:179} DEBUG - Serialized DAG (example_dynamic_task_mapping) is unchanged. Skipping writing to DB
[2025-02-19T10:24:18.660+0000] {logging_mixin.py:190} INFO - [2025-02-19T10:24:18.660+0000] {dag.py:3229} INFO - Sync 1 DAGs
[2025-02-19T10:24:18.671+0000] {logging_mixin.py:190} INFO - [2025-02-19T10:24:18.671+0000] {dag.py:4156} INFO - Setting next_dagrun for example_dynamic_task_mapping to None, run_after=None
[2025-02-19T10:24:18.684+0000] {processor.py:208} INFO - Processing /home/airflow/.local/lib/python3.12/site-packages/airflow/example_dags/example_dynamic_task_mapping.py took 0.058 seconds
[2025-02-19T10:24:49.495+0000] {logging_mixin.py:190} INFO - [2025-02-19T10:24:49.494+0000] {settings.py:475} DEBUG - Setting up DB connection pool (PID 250)
[2025-02-19T10:24:49.497+0000] {logging_mixin.py:190} INFO - [2025-02-19T10:24:49.496+0000] {settings.py:579} DEBUG - settings.prepare_engine_args(): Using pool settings. pool_size=5, max_overflow=10, pool_recycle=1800, pid=250
[2025-02-19T10:24:49.503+0000] {processor.py:186} INFO - Started process (PID=250) to work on /home/airflow/.local/lib/python3.12/site-packages/airflow/example_dags/example_dynamic_task_mapping.py
[2025-02-19T10:24:49.504+0000] {processor.py:914} INFO - Processing file /home/airflow/.local/lib/python3.12/site-packages/airflow/example_dags/example_dynamic_task_mapping.py for tasks to queue
[2025-02-19T10:24:49.505+0000] {logging_mixin.py:190} INFO - [2025-02-19T10:24:49.504+0000] {dagbag.py:587} INFO - Filling up the DagBag from /home/airflow/.local/lib/python3.12/site-packages/airflow/example_dags/example_dynamic_task_mapping.py
[2025-02-19T10:24:49.506+0000] {logging_mixin.py:190} INFO - [2025-02-19T10:24:49.506+0000] {dagbag.py:368} DEBUG - Importing /home/airflow/.local/lib/python3.12/site-packages/airflow/example_dags/example_dynamic_task_mapping.py
[2025-02-19T10:24:49.517+0000] {logging_mixin.py:190} INFO - [2025-02-19T10:24:49.516+0000] {dagbag.py:553} DEBUG - Loaded DAG <DAG: example_dynamic_task_mapping>
[2025-02-19T10:24:49.517+0000] {processor.py:925} INFO - DAG(s) 'example_dynamic_task_mapping' retrieved from /home/airflow/.local/lib/python3.12/site-packages/airflow/example_dags/example_dynamic_task_mapping.py
[2025-02-19T10:24:49.518+0000] {logging_mixin.py:190} INFO - [2025-02-19T10:24:49.518+0000] {dagbag.py:710} DEBUG - Running dagbag.sync_to_db with retries. Try 1 of 3
[2025-02-19T10:24:49.518+0000] {logging_mixin.py:190} INFO - [2025-02-19T10:24:49.518+0000] {dagbag.py:715} DEBUG - Calling the DAG.bulk_sync_to_db method
[2025-02-19T10:24:49.532+0000] {logging_mixin.py:190} INFO - [2025-02-19T10:24:49.532+0000] {serialized_dag.py:168} DEBUG - Checking if DAG (example_dynamic_task_mapping) changed
[2025-02-19T10:24:49.542+0000] {logging_mixin.py:190} INFO - [2025-02-19T10:24:49.541+0000] {serialized_dag.py:179} DEBUG - Serialized DAG (example_dynamic_task_mapping) is unchanged. Skipping writing to DB
[2025-02-19T10:24:49.542+0000] {logging_mixin.py:190} INFO - [2025-02-19T10:24:49.542+0000] {dag.py:3229} INFO - Sync 1 DAGs
[2025-02-19T10:24:49.558+0000] {logging_mixin.py:190} INFO - [2025-02-19T10:24:49.557+0000] {dag.py:4156} INFO - Setting next_dagrun for example_dynamic_task_mapping to None, run_after=None
[2025-02-19T10:24:49.578+0000] {processor.py:208} INFO - Processing /home/airflow/.local/lib/python3.12/site-packages/airflow/example_dags/example_dynamic_task_mapping.py took 0.083 seconds
[2025-02-19T10:25:19.613+0000] {logging_mixin.py:190} INFO - [2025-02-19T10:25:19.613+0000] {settings.py:475} DEBUG - Setting up DB connection pool (PID 313)
[2025-02-19T10:25:19.615+0000] {logging_mixin.py:190} INFO - [2025-02-19T10:25:19.615+0000] {settings.py:579} DEBUG - settings.prepare_engine_args(): Using pool settings. pool_size=5, max_overflow=10, pool_recycle=1800, pid=313
[2025-02-19T10:25:19.620+0000] {processor.py:186} INFO - Started process (PID=313) to work on /home/airflow/.local/lib/python3.12/site-packages/airflow/example_dags/example_dynamic_task_mapping.py
[2025-02-19T10:25:19.621+0000] {processor.py:914} INFO - Processing file /home/airflow/.local/lib/python3.12/site-packages/airflow/example_dags/example_dynamic_task_mapping.py for tasks to queue
[2025-02-19T10:25:19.622+0000] {logging_mixin.py:190} INFO - [2025-02-19T10:25:19.622+0000] {dagbag.py:587} INFO - Filling up the DagBag from /home/airflow/.local/lib/python3.12/site-packages/airflow/example_dags/example_dynamic_task_mapping.py
[2025-02-19T10:25:19.623+0000] {logging_mixin.py:190} INFO - [2025-02-19T10:25:19.623+0000] {dagbag.py:368} DEBUG - Importing /home/airflow/.local/lib/python3.12/site-packages/airflow/example_dags/example_dynamic_task_mapping.py
[2025-02-19T10:25:19.632+0000] {logging_mixin.py:190} INFO - [2025-02-19T10:25:19.632+0000] {dagbag.py:553} DEBUG - Loaded DAG <DAG: example_dynamic_task_mapping>
[2025-02-19T10:25:19.633+0000] {processor.py:925} INFO - DAG(s) 'example_dynamic_task_mapping' retrieved from /home/airflow/.local/lib/python3.12/site-packages/airflow/example_dags/example_dynamic_task_mapping.py
[2025-02-19T10:25:19.633+0000] {logging_mixin.py:190} INFO - [2025-02-19T10:25:19.633+0000] {dagbag.py:710} DEBUG - Running dagbag.sync_to_db with retries. Try 1 of 3
[2025-02-19T10:25:19.634+0000] {logging_mixin.py:190} INFO - [2025-02-19T10:25:19.634+0000] {dagbag.py:715} DEBUG - Calling the DAG.bulk_sync_to_db method
[2025-02-19T10:25:19.649+0000] {logging_mixin.py:190} INFO - [2025-02-19T10:25:19.649+0000] {serialized_dag.py:168} DEBUG - Checking if DAG (example_dynamic_task_mapping) changed
[2025-02-19T10:25:19.658+0000] {logging_mixin.py:190} INFO - [2025-02-19T10:25:19.658+0000] {serialized_dag.py:179} DEBUG - Serialized DAG (example_dynamic_task_mapping) is unchanged. Skipping writing to DB
[2025-02-19T10:25:19.659+0000] {logging_mixin.py:190} INFO - [2025-02-19T10:25:19.658+0000] {dag.py:3229} INFO - Sync 1 DAGs
[2025-02-19T10:25:19.674+0000] {logging_mixin.py:190} INFO - [2025-02-19T10:25:19.673+0000] {dag.py:4156} INFO - Setting next_dagrun for example_dynamic_task_mapping to None, run_after=None
[2025-02-19T10:25:19.694+0000] {processor.py:208} INFO - Processing /home/airflow/.local/lib/python3.12/site-packages/airflow/example_dags/example_dynamic_task_mapping.py took 0.081 seconds
[2025-02-19T10:25:50.389+0000] {logging_mixin.py:190} INFO - [2025-02-19T10:25:50.388+0000] {settings.py:475} DEBUG - Setting up DB connection pool (PID 378)
[2025-02-19T10:25:50.390+0000] {logging_mixin.py:190} INFO - [2025-02-19T10:25:50.390+0000] {settings.py:579} DEBUG - settings.prepare_engine_args(): Using pool settings. pool_size=5, max_overflow=10, pool_recycle=1800, pid=378
[2025-02-19T10:25:50.394+0000] {processor.py:186} INFO - Started process (PID=378) to work on /home/airflow/.local/lib/python3.12/site-packages/airflow/example_dags/example_dynamic_task_mapping.py
[2025-02-19T10:25:50.395+0000] {processor.py:914} INFO - Processing file /home/airflow/.local/lib/python3.12/site-packages/airflow/example_dags/example_dynamic_task_mapping.py for tasks to queue
[2025-02-19T10:25:50.396+0000] {logging_mixin.py:190} INFO - [2025-02-19T10:25:50.396+0000] {dagbag.py:587} INFO - Filling up the DagBag from /home/airflow/.local/lib/python3.12/site-packages/airflow/example_dags/example_dynamic_task_mapping.py
[2025-02-19T10:25:50.397+0000] {logging_mixin.py:190} INFO - [2025-02-19T10:25:50.397+0000] {dagbag.py:368} DEBUG - Importing /home/airflow/.local/lib/python3.12/site-packages/airflow/example_dags/example_dynamic_task_mapping.py
[2025-02-19T10:25:50.404+0000] {logging_mixin.py:190} INFO - [2025-02-19T10:25:50.404+0000] {dagbag.py:553} DEBUG - Loaded DAG <DAG: example_dynamic_task_mapping>
[2025-02-19T10:25:50.405+0000] {processor.py:925} INFO - DAG(s) 'example_dynamic_task_mapping' retrieved from /home/airflow/.local/lib/python3.12/site-packages/airflow/example_dags/example_dynamic_task_mapping.py
[2025-02-19T10:25:50.405+0000] {logging_mixin.py:190} INFO - [2025-02-19T10:25:50.405+0000] {dagbag.py:710} DEBUG - Running dagbag.sync_to_db with retries. Try 1 of 3
[2025-02-19T10:25:50.406+0000] {logging_mixin.py:190} INFO - [2025-02-19T10:25:50.405+0000] {dagbag.py:715} DEBUG - Calling the DAG.bulk_sync_to_db method
[2025-02-19T10:25:50.416+0000] {logging_mixin.py:190} INFO - [2025-02-19T10:25:50.416+0000] {serialized_dag.py:168} DEBUG - Checking if DAG (example_dynamic_task_mapping) changed
[2025-02-19T10:25:50.425+0000] {logging_mixin.py:190} INFO - [2025-02-19T10:25:50.424+0000] {serialized_dag.py:179} DEBUG - Serialized DAG (example_dynamic_task_mapping) is unchanged. Skipping writing to DB
[2025-02-19T10:25:50.425+0000] {logging_mixin.py:190} INFO - [2025-02-19T10:25:50.425+0000] {dag.py:3229} INFO - Sync 1 DAGs
[2025-02-19T10:25:50.439+0000] {logging_mixin.py:190} INFO - [2025-02-19T10:25:50.439+0000] {dag.py:4156} INFO - Setting next_dagrun for example_dynamic_task_mapping to None, run_after=None
[2025-02-19T10:25:50.458+0000] {processor.py:208} INFO - Processing /home/airflow/.local/lib/python3.12/site-packages/airflow/example_dags/example_dynamic_task_mapping.py took 0.070 seconds
[2025-02-19T10:26:21.104+0000] {logging_mixin.py:190} INFO - [2025-02-19T10:26:21.103+0000] {settings.py:475} DEBUG - Setting up DB connection pool (PID 442)
[2025-02-19T10:26:21.105+0000] {logging_mixin.py:190} INFO - [2025-02-19T10:26:21.105+0000] {settings.py:579} DEBUG - settings.prepare_engine_args(): Using pool settings. pool_size=5, max_overflow=10, pool_recycle=1800, pid=442
[2025-02-19T10:26:21.111+0000] {processor.py:186} INFO - Started process (PID=442) to work on /home/airflow/.local/lib/python3.12/site-packages/airflow/example_dags/example_dynamic_task_mapping.py
[2025-02-19T10:26:21.111+0000] {processor.py:914} INFO - Processing file /home/airflow/.local/lib/python3.12/site-packages/airflow/example_dags/example_dynamic_task_mapping.py for tasks to queue
[2025-02-19T10:26:21.112+0000] {logging_mixin.py:190} INFO - [2025-02-19T10:26:21.112+0000] {dagbag.py:587} INFO - Filling up the DagBag from /home/airflow/.local/lib/python3.12/site-packages/airflow/example_dags/example_dynamic_task_mapping.py
[2025-02-19T10:26:21.113+0000] {logging_mixin.py:190} INFO - [2025-02-19T10:26:21.113+0000] {dagbag.py:368} DEBUG - Importing /home/airflow/.local/lib/python3.12/site-packages/airflow/example_dags/example_dynamic_task_mapping.py
[2025-02-19T10:26:21.121+0000] {logging_mixin.py:190} INFO - [2025-02-19T10:26:21.120+0000] {dagbag.py:553} DEBUG - Loaded DAG <DAG: example_dynamic_task_mapping>
[2025-02-19T10:26:21.121+0000] {processor.py:925} INFO - DAG(s) 'example_dynamic_task_mapping' retrieved from /home/airflow/.local/lib/python3.12/site-packages/airflow/example_dags/example_dynamic_task_mapping.py
[2025-02-19T10:26:21.122+0000] {logging_mixin.py:190} INFO - [2025-02-19T10:26:21.122+0000] {dagbag.py:710} DEBUG - Running dagbag.sync_to_db with retries. Try 1 of 3
[2025-02-19T10:26:21.122+0000] {logging_mixin.py:190} INFO - [2025-02-19T10:26:21.122+0000] {dagbag.py:715} DEBUG - Calling the DAG.bulk_sync_to_db method
[2025-02-19T10:26:21.133+0000] {logging_mixin.py:190} INFO - [2025-02-19T10:26:21.133+0000] {serialized_dag.py:168} DEBUG - Checking if DAG (example_dynamic_task_mapping) changed
[2025-02-19T10:26:21.142+0000] {logging_mixin.py:190} INFO - [2025-02-19T10:26:21.142+0000] {serialized_dag.py:179} DEBUG - Serialized DAG (example_dynamic_task_mapping) is unchanged. Skipping writing to DB
[2025-02-19T10:26:21.142+0000] {logging_mixin.py:190} INFO - [2025-02-19T10:26:21.142+0000] {dag.py:3229} INFO - Sync 1 DAGs
[2025-02-19T10:26:21.155+0000] {logging_mixin.py:190} INFO - [2025-02-19T10:26:21.155+0000] {dag.py:4156} INFO - Setting next_dagrun for example_dynamic_task_mapping to None, run_after=None
[2025-02-19T10:26:21.172+0000] {processor.py:208} INFO - Processing /home/airflow/.local/lib/python3.12/site-packages/airflow/example_dags/example_dynamic_task_mapping.py took 0.069 seconds
