[2025-02-19T09:38:27.341+0000] {processor.py:186} INFO - Started process (PID=87) to work on /home/airflow/.local/lib/python3.12/site-packages/airflow/example_dags/example_short_circuit_operator.py
[2025-02-19T09:38:27.342+0000] {processor.py:914} INFO - Processing file /home/airflow/.local/lib/python3.12/site-packages/airflow/example_dags/example_short_circuit_operator.py for tasks to queue
[2025-02-19T09:38:27.344+0000] {logging_mixin.py:190} INFO - [2025-02-19T09:38:27.344+0000] {dagbag.py:587} INFO - Filling up the DagBag from /home/airflow/.local/lib/python3.12/site-packages/airflow/example_dags/example_short_circuit_operator.py
[2025-02-19T09:38:27.353+0000] {processor.py:925} INFO - DAG(s) 'example_short_circuit_operator' retrieved from /home/airflow/.local/lib/python3.12/site-packages/airflow/example_dags/example_short_circuit_operator.py
[2025-02-19T09:38:27.378+0000] {logging_mixin.py:190} INFO - [2025-02-19T09:38:27.377+0000] {dag.py:3229} INFO - Sync 1 DAGs
[2025-02-19T09:38:27.398+0000] {logging_mixin.py:190} INFO - [2025-02-19T09:38:27.398+0000] {dag.py:4156} INFO - Setting next_dagrun for example_short_circuit_operator to None, run_after=None
[2025-02-19T09:38:27.422+0000] {processor.py:208} INFO - Processing /home/airflow/.local/lib/python3.12/site-packages/airflow/example_dags/example_short_circuit_operator.py took 0.087 seconds
[2025-02-19T09:38:57.534+0000] {processor.py:186} INFO - Started process (PID=156) to work on /home/airflow/.local/lib/python3.12/site-packages/airflow/example_dags/example_short_circuit_operator.py
[2025-02-19T09:38:57.535+0000] {processor.py:914} INFO - Processing file /home/airflow/.local/lib/python3.12/site-packages/airflow/example_dags/example_short_circuit_operator.py for tasks to queue
[2025-02-19T09:38:57.537+0000] {logging_mixin.py:190} INFO - [2025-02-19T09:38:57.537+0000] {dagbag.py:587} INFO - Filling up the DagBag from /home/airflow/.local/lib/python3.12/site-packages/airflow/example_dags/example_short_circuit_operator.py
[2025-02-19T09:38:57.546+0000] {processor.py:925} INFO - DAG(s) 'example_short_circuit_operator' retrieved from /home/airflow/.local/lib/python3.12/site-packages/airflow/example_dags/example_short_circuit_operator.py
[2025-02-19T09:38:57.569+0000] {logging_mixin.py:190} INFO - [2025-02-19T09:38:57.568+0000] {dag.py:3229} INFO - Sync 1 DAGs
[2025-02-19T09:38:57.583+0000] {logging_mixin.py:190} INFO - [2025-02-19T09:38:57.583+0000] {dag.py:4156} INFO - Setting next_dagrun for example_short_circuit_operator to None, run_after=None
[2025-02-19T09:38:57.608+0000] {processor.py:208} INFO - Processing /home/airflow/.local/lib/python3.12/site-packages/airflow/example_dags/example_short_circuit_operator.py took 0.079 seconds
[2025-02-19T09:39:28.102+0000] {processor.py:186} INFO - Started process (PID=220) to work on /home/airflow/.local/lib/python3.12/site-packages/airflow/example_dags/example_short_circuit_operator.py
[2025-02-19T09:39:28.104+0000] {processor.py:914} INFO - Processing file /home/airflow/.local/lib/python3.12/site-packages/airflow/example_dags/example_short_circuit_operator.py for tasks to queue
[2025-02-19T09:39:28.106+0000] {logging_mixin.py:190} INFO - [2025-02-19T09:39:28.106+0000] {dagbag.py:587} INFO - Filling up the DagBag from /home/airflow/.local/lib/python3.12/site-packages/airflow/example_dags/example_short_circuit_operator.py
[2025-02-19T09:39:28.114+0000] {processor.py:925} INFO - DAG(s) 'example_short_circuit_operator' retrieved from /home/airflow/.local/lib/python3.12/site-packages/airflow/example_dags/example_short_circuit_operator.py
[2025-02-19T09:39:28.135+0000] {logging_mixin.py:190} INFO - [2025-02-19T09:39:28.135+0000] {dag.py:3229} INFO - Sync 1 DAGs
[2025-02-19T09:39:28.148+0000] {logging_mixin.py:190} INFO - [2025-02-19T09:39:28.148+0000] {dag.py:4156} INFO - Setting next_dagrun for example_short_circuit_operator to None, run_after=None
[2025-02-19T09:39:28.167+0000] {processor.py:208} INFO - Processing /home/airflow/.local/lib/python3.12/site-packages/airflow/example_dags/example_short_circuit_operator.py took 0.072 seconds
[2025-02-19T09:39:58.286+0000] {processor.py:186} INFO - Started process (PID=284) to work on /home/airflow/.local/lib/python3.12/site-packages/airflow/example_dags/example_short_circuit_operator.py
[2025-02-19T09:39:58.287+0000] {processor.py:914} INFO - Processing file /home/airflow/.local/lib/python3.12/site-packages/airflow/example_dags/example_short_circuit_operator.py for tasks to queue
[2025-02-19T09:39:58.289+0000] {logging_mixin.py:190} INFO - [2025-02-19T09:39:58.289+0000] {dagbag.py:587} INFO - Filling up the DagBag from /home/airflow/.local/lib/python3.12/site-packages/airflow/example_dags/example_short_circuit_operator.py
[2025-02-19T09:39:58.295+0000] {processor.py:925} INFO - DAG(s) 'example_short_circuit_operator' retrieved from /home/airflow/.local/lib/python3.12/site-packages/airflow/example_dags/example_short_circuit_operator.py
[2025-02-19T09:39:58.317+0000] {logging_mixin.py:190} INFO - [2025-02-19T09:39:58.316+0000] {dag.py:3229} INFO - Sync 1 DAGs
[2025-02-19T09:39:58.328+0000] {logging_mixin.py:190} INFO - [2025-02-19T09:39:58.328+0000] {dag.py:4156} INFO - Setting next_dagrun for example_short_circuit_operator to None, run_after=None
[2025-02-19T09:39:58.342+0000] {processor.py:208} INFO - Processing /home/airflow/.local/lib/python3.12/site-packages/airflow/example_dags/example_short_circuit_operator.py took 0.060 seconds
[2025-02-19T09:40:28.429+0000] {processor.py:186} INFO - Started process (PID=348) to work on /home/airflow/.local/lib/python3.12/site-packages/airflow/example_dags/example_short_circuit_operator.py
[2025-02-19T09:40:28.430+0000] {processor.py:914} INFO - Processing file /home/airflow/.local/lib/python3.12/site-packages/airflow/example_dags/example_short_circuit_operator.py for tasks to queue
[2025-02-19T09:40:28.433+0000] {logging_mixin.py:190} INFO - [2025-02-19T09:40:28.432+0000] {dagbag.py:587} INFO - Filling up the DagBag from /home/airflow/.local/lib/python3.12/site-packages/airflow/example_dags/example_short_circuit_operator.py
[2025-02-19T09:40:28.439+0000] {processor.py:925} INFO - DAG(s) 'example_short_circuit_operator' retrieved from /home/airflow/.local/lib/python3.12/site-packages/airflow/example_dags/example_short_circuit_operator.py
[2025-02-19T09:40:28.461+0000] {logging_mixin.py:190} INFO - [2025-02-19T09:40:28.461+0000] {dag.py:3229} INFO - Sync 1 DAGs
[2025-02-19T09:40:28.473+0000] {logging_mixin.py:190} INFO - [2025-02-19T09:40:28.473+0000] {dag.py:4156} INFO - Setting next_dagrun for example_short_circuit_operator to None, run_after=None
[2025-02-19T09:40:28.492+0000] {processor.py:208} INFO - Processing /home/airflow/.local/lib/python3.12/site-packages/airflow/example_dags/example_short_circuit_operator.py took 0.067 seconds
[2025-02-19T09:40:58.723+0000] {processor.py:186} INFO - Started process (PID=412) to work on /home/airflow/.local/lib/python3.12/site-packages/airflow/example_dags/example_short_circuit_operator.py
[2025-02-19T09:40:58.725+0000] {processor.py:914} INFO - Processing file /home/airflow/.local/lib/python3.12/site-packages/airflow/example_dags/example_short_circuit_operator.py for tasks to queue
[2025-02-19T09:40:58.726+0000] {logging_mixin.py:190} INFO - [2025-02-19T09:40:58.726+0000] {dagbag.py:587} INFO - Filling up the DagBag from /home/airflow/.local/lib/python3.12/site-packages/airflow/example_dags/example_short_circuit_operator.py
[2025-02-19T09:40:58.733+0000] {processor.py:925} INFO - DAG(s) 'example_short_circuit_operator' retrieved from /home/airflow/.local/lib/python3.12/site-packages/airflow/example_dags/example_short_circuit_operator.py
[2025-02-19T09:40:58.753+0000] {logging_mixin.py:190} INFO - [2025-02-19T09:40:58.752+0000] {dag.py:3229} INFO - Sync 1 DAGs
[2025-02-19T09:40:58.764+0000] {logging_mixin.py:190} INFO - [2025-02-19T09:40:58.764+0000] {dag.py:4156} INFO - Setting next_dagrun for example_short_circuit_operator to None, run_after=None
[2025-02-19T09:40:58.779+0000] {processor.py:208} INFO - Processing /home/airflow/.local/lib/python3.12/site-packages/airflow/example_dags/example_short_circuit_operator.py took 0.059 seconds
[2025-02-19T09:41:29.080+0000] {processor.py:186} INFO - Started process (PID=476) to work on /home/airflow/.local/lib/python3.12/site-packages/airflow/example_dags/example_short_circuit_operator.py
[2025-02-19T09:41:29.081+0000] {processor.py:914} INFO - Processing file /home/airflow/.local/lib/python3.12/site-packages/airflow/example_dags/example_short_circuit_operator.py for tasks to queue
[2025-02-19T09:41:29.083+0000] {logging_mixin.py:190} INFO - [2025-02-19T09:41:29.083+0000] {dagbag.py:587} INFO - Filling up the DagBag from /home/airflow/.local/lib/python3.12/site-packages/airflow/example_dags/example_short_circuit_operator.py
[2025-02-19T09:41:29.091+0000] {processor.py:925} INFO - DAG(s) 'example_short_circuit_operator' retrieved from /home/airflow/.local/lib/python3.12/site-packages/airflow/example_dags/example_short_circuit_operator.py
[2025-02-19T09:41:29.113+0000] {logging_mixin.py:190} INFO - [2025-02-19T09:41:29.113+0000] {dag.py:3229} INFO - Sync 1 DAGs
[2025-02-19T09:41:29.127+0000] {logging_mixin.py:190} INFO - [2025-02-19T09:41:29.127+0000] {dag.py:4156} INFO - Setting next_dagrun for example_short_circuit_operator to None, run_after=None
[2025-02-19T09:41:29.146+0000] {processor.py:208} INFO - Processing /home/airflow/.local/lib/python3.12/site-packages/airflow/example_dags/example_short_circuit_operator.py took 0.071 seconds
[2025-02-19T09:41:59.185+0000] {processor.py:186} INFO - Started process (PID=540) to work on /home/airflow/.local/lib/python3.12/site-packages/airflow/example_dags/example_short_circuit_operator.py
[2025-02-19T09:41:59.186+0000] {processor.py:914} INFO - Processing file /home/airflow/.local/lib/python3.12/site-packages/airflow/example_dags/example_short_circuit_operator.py for tasks to queue
[2025-02-19T09:41:59.187+0000] {logging_mixin.py:190} INFO - [2025-02-19T09:41:59.187+0000] {dagbag.py:587} INFO - Filling up the DagBag from /home/airflow/.local/lib/python3.12/site-packages/airflow/example_dags/example_short_circuit_operator.py
[2025-02-19T09:41:59.193+0000] {processor.py:925} INFO - DAG(s) 'example_short_circuit_operator' retrieved from /home/airflow/.local/lib/python3.12/site-packages/airflow/example_dags/example_short_circuit_operator.py
[2025-02-19T09:41:59.211+0000] {logging_mixin.py:190} INFO - [2025-02-19T09:41:59.210+0000] {dag.py:3229} INFO - Sync 1 DAGs
[2025-02-19T09:41:59.221+0000] {logging_mixin.py:190} INFO - [2025-02-19T09:41:59.221+0000] {dag.py:4156} INFO - Setting next_dagrun for example_short_circuit_operator to None, run_after=None
[2025-02-19T09:41:59.233+0000] {processor.py:208} INFO - Processing /home/airflow/.local/lib/python3.12/site-packages/airflow/example_dags/example_short_circuit_operator.py took 0.053 seconds
[2025-02-19T09:42:29.331+0000] {processor.py:186} INFO - Started process (PID=604) to work on /home/airflow/.local/lib/python3.12/site-packages/airflow/example_dags/example_short_circuit_operator.py
[2025-02-19T09:42:29.332+0000] {processor.py:914} INFO - Processing file /home/airflow/.local/lib/python3.12/site-packages/airflow/example_dags/example_short_circuit_operator.py for tasks to queue
[2025-02-19T09:42:29.334+0000] {logging_mixin.py:190} INFO - [2025-02-19T09:42:29.334+0000] {dagbag.py:587} INFO - Filling up the DagBag from /home/airflow/.local/lib/python3.12/site-packages/airflow/example_dags/example_short_circuit_operator.py
[2025-02-19T09:42:29.341+0000] {processor.py:925} INFO - DAG(s) 'example_short_circuit_operator' retrieved from /home/airflow/.local/lib/python3.12/site-packages/airflow/example_dags/example_short_circuit_operator.py
[2025-02-19T09:42:29.361+0000] {logging_mixin.py:190} INFO - [2025-02-19T09:42:29.360+0000] {dag.py:3229} INFO - Sync 1 DAGs
[2025-02-19T09:42:29.373+0000] {logging_mixin.py:190} INFO - [2025-02-19T09:42:29.373+0000] {dag.py:4156} INFO - Setting next_dagrun for example_short_circuit_operator to None, run_after=None
[2025-02-19T09:42:29.390+0000] {processor.py:208} INFO - Processing /home/airflow/.local/lib/python3.12/site-packages/airflow/example_dags/example_short_circuit_operator.py took 0.063 seconds
[2025-02-19T09:42:59.527+0000] {processor.py:186} INFO - Started process (PID=668) to work on /home/airflow/.local/lib/python3.12/site-packages/airflow/example_dags/example_short_circuit_operator.py
[2025-02-19T09:42:59.528+0000] {processor.py:914} INFO - Processing file /home/airflow/.local/lib/python3.12/site-packages/airflow/example_dags/example_short_circuit_operator.py for tasks to queue
[2025-02-19T09:42:59.530+0000] {logging_mixin.py:190} INFO - [2025-02-19T09:42:59.530+0000] {dagbag.py:587} INFO - Filling up the DagBag from /home/airflow/.local/lib/python3.12/site-packages/airflow/example_dags/example_short_circuit_operator.py
[2025-02-19T09:42:59.536+0000] {processor.py:925} INFO - DAG(s) 'example_short_circuit_operator' retrieved from /home/airflow/.local/lib/python3.12/site-packages/airflow/example_dags/example_short_circuit_operator.py
[2025-02-19T09:42:59.555+0000] {logging_mixin.py:190} INFO - [2025-02-19T09:42:59.555+0000] {dag.py:3229} INFO - Sync 1 DAGs
[2025-02-19T09:42:59.566+0000] {logging_mixin.py:190} INFO - [2025-02-19T09:42:59.566+0000] {dag.py:4156} INFO - Setting next_dagrun for example_short_circuit_operator to None, run_after=None
[2025-02-19T09:42:59.580+0000] {processor.py:208} INFO - Processing /home/airflow/.local/lib/python3.12/site-packages/airflow/example_dags/example_short_circuit_operator.py took 0.057 seconds
[2025-02-19T09:43:30.722+0000] {processor.py:186} INFO - Started process (PID=732) to work on /home/airflow/.local/lib/python3.12/site-packages/airflow/example_dags/example_short_circuit_operator.py
[2025-02-19T09:43:30.723+0000] {processor.py:914} INFO - Processing file /home/airflow/.local/lib/python3.12/site-packages/airflow/example_dags/example_short_circuit_operator.py for tasks to queue
[2025-02-19T09:43:30.725+0000] {logging_mixin.py:190} INFO - [2025-02-19T09:43:30.725+0000] {dagbag.py:587} INFO - Filling up the DagBag from /home/airflow/.local/lib/python3.12/site-packages/airflow/example_dags/example_short_circuit_operator.py
[2025-02-19T09:43:30.731+0000] {processor.py:925} INFO - DAG(s) 'example_short_circuit_operator' retrieved from /home/airflow/.local/lib/python3.12/site-packages/airflow/example_dags/example_short_circuit_operator.py
[2025-02-19T09:43:30.750+0000] {logging_mixin.py:190} INFO - [2025-02-19T09:43:30.750+0000] {dag.py:3229} INFO - Sync 1 DAGs
[2025-02-19T09:43:30.761+0000] {logging_mixin.py:190} INFO - [2025-02-19T09:43:30.761+0000] {dag.py:4156} INFO - Setting next_dagrun for example_short_circuit_operator to None, run_after=None
[2025-02-19T09:43:30.776+0000] {processor.py:208} INFO - Processing /home/airflow/.local/lib/python3.12/site-packages/airflow/example_dags/example_short_circuit_operator.py took 0.058 seconds
[2025-02-19T09:44:01.014+0000] {processor.py:186} INFO - Started process (PID=796) to work on /home/airflow/.local/lib/python3.12/site-packages/airflow/example_dags/example_short_circuit_operator.py
[2025-02-19T09:44:01.015+0000] {processor.py:914} INFO - Processing file /home/airflow/.local/lib/python3.12/site-packages/airflow/example_dags/example_short_circuit_operator.py for tasks to queue
[2025-02-19T09:44:01.018+0000] {logging_mixin.py:190} INFO - [2025-02-19T09:44:01.018+0000] {dagbag.py:587} INFO - Filling up the DagBag from /home/airflow/.local/lib/python3.12/site-packages/airflow/example_dags/example_short_circuit_operator.py
[2025-02-19T09:44:01.025+0000] {processor.py:925} INFO - DAG(s) 'example_short_circuit_operator' retrieved from /home/airflow/.local/lib/python3.12/site-packages/airflow/example_dags/example_short_circuit_operator.py
[2025-02-19T09:44:01.046+0000] {logging_mixin.py:190} INFO - [2025-02-19T09:44:01.045+0000] {dag.py:3229} INFO - Sync 1 DAGs
[2025-02-19T09:44:01.056+0000] {logging_mixin.py:190} INFO - [2025-02-19T09:44:01.056+0000] {dag.py:4156} INFO - Setting next_dagrun for example_short_circuit_operator to None, run_after=None
[2025-02-19T09:44:01.072+0000] {processor.py:208} INFO - Processing /home/airflow/.local/lib/python3.12/site-packages/airflow/example_dags/example_short_circuit_operator.py took 0.062 seconds
[2025-02-19T09:44:31.179+0000] {processor.py:186} INFO - Started process (PID=860) to work on /home/airflow/.local/lib/python3.12/site-packages/airflow/example_dags/example_short_circuit_operator.py
[2025-02-19T09:44:31.180+0000] {processor.py:914} INFO - Processing file /home/airflow/.local/lib/python3.12/site-packages/airflow/example_dags/example_short_circuit_operator.py for tasks to queue
[2025-02-19T09:44:31.181+0000] {logging_mixin.py:190} INFO - [2025-02-19T09:44:31.181+0000] {dagbag.py:587} INFO - Filling up the DagBag from /home/airflow/.local/lib/python3.12/site-packages/airflow/example_dags/example_short_circuit_operator.py
[2025-02-19T09:44:31.189+0000] {processor.py:925} INFO - DAG(s) 'example_short_circuit_operator' retrieved from /home/airflow/.local/lib/python3.12/site-packages/airflow/example_dags/example_short_circuit_operator.py
[2025-02-19T09:44:31.209+0000] {logging_mixin.py:190} INFO - [2025-02-19T09:44:31.209+0000] {dag.py:3229} INFO - Sync 1 DAGs
[2025-02-19T09:44:31.220+0000] {logging_mixin.py:190} INFO - [2025-02-19T09:44:31.219+0000] {dag.py:4156} INFO - Setting next_dagrun for example_short_circuit_operator to None, run_after=None
[2025-02-19T09:44:31.235+0000] {processor.py:208} INFO - Processing /home/airflow/.local/lib/python3.12/site-packages/airflow/example_dags/example_short_circuit_operator.py took 0.061 seconds
[2025-02-19T09:45:01.443+0000] {processor.py:186} INFO - Started process (PID=924) to work on /home/airflow/.local/lib/python3.12/site-packages/airflow/example_dags/example_short_circuit_operator.py
[2025-02-19T09:45:01.444+0000] {processor.py:914} INFO - Processing file /home/airflow/.local/lib/python3.12/site-packages/airflow/example_dags/example_short_circuit_operator.py for tasks to queue
[2025-02-19T09:45:01.447+0000] {logging_mixin.py:190} INFO - [2025-02-19T09:45:01.447+0000] {dagbag.py:587} INFO - Filling up the DagBag from /home/airflow/.local/lib/python3.12/site-packages/airflow/example_dags/example_short_circuit_operator.py
[2025-02-19T09:45:01.454+0000] {processor.py:925} INFO - DAG(s) 'example_short_circuit_operator' retrieved from /home/airflow/.local/lib/python3.12/site-packages/airflow/example_dags/example_short_circuit_operator.py
[2025-02-19T09:45:01.475+0000] {logging_mixin.py:190} INFO - [2025-02-19T09:45:01.474+0000] {dag.py:3229} INFO - Sync 1 DAGs
[2025-02-19T09:45:01.486+0000] {logging_mixin.py:190} INFO - [2025-02-19T09:45:01.486+0000] {dag.py:4156} INFO - Setting next_dagrun for example_short_circuit_operator to None, run_after=None
[2025-02-19T09:45:01.504+0000] {processor.py:208} INFO - Processing /home/airflow/.local/lib/python3.12/site-packages/airflow/example_dags/example_short_circuit_operator.py took 0.065 seconds
[2025-02-19T09:45:31.589+0000] {processor.py:186} INFO - Started process (PID=988) to work on /home/airflow/.local/lib/python3.12/site-packages/airflow/example_dags/example_short_circuit_operator.py
[2025-02-19T09:45:31.590+0000] {processor.py:914} INFO - Processing file /home/airflow/.local/lib/python3.12/site-packages/airflow/example_dags/example_short_circuit_operator.py for tasks to queue
[2025-02-19T09:45:31.591+0000] {logging_mixin.py:190} INFO - [2025-02-19T09:45:31.591+0000] {dagbag.py:587} INFO - Filling up the DagBag from /home/airflow/.local/lib/python3.12/site-packages/airflow/example_dags/example_short_circuit_operator.py
[2025-02-19T09:45:31.598+0000] {processor.py:925} INFO - DAG(s) 'example_short_circuit_operator' retrieved from /home/airflow/.local/lib/python3.12/site-packages/airflow/example_dags/example_short_circuit_operator.py
[2025-02-19T09:45:31.618+0000] {logging_mixin.py:190} INFO - [2025-02-19T09:45:31.618+0000] {dag.py:3229} INFO - Sync 1 DAGs
[2025-02-19T09:45:31.629+0000] {logging_mixin.py:190} INFO - [2025-02-19T09:45:31.629+0000] {dag.py:4156} INFO - Setting next_dagrun for example_short_circuit_operator to None, run_after=None
[2025-02-19T09:45:31.642+0000] {processor.py:208} INFO - Processing /home/airflow/.local/lib/python3.12/site-packages/airflow/example_dags/example_short_circuit_operator.py took 0.057 seconds
[2025-02-19T09:46:01.787+0000] {processor.py:186} INFO - Started process (PID=1052) to work on /home/airflow/.local/lib/python3.12/site-packages/airflow/example_dags/example_short_circuit_operator.py
[2025-02-19T09:46:01.788+0000] {processor.py:914} INFO - Processing file /home/airflow/.local/lib/python3.12/site-packages/airflow/example_dags/example_short_circuit_operator.py for tasks to queue
[2025-02-19T09:46:01.789+0000] {logging_mixin.py:190} INFO - [2025-02-19T09:46:01.789+0000] {dagbag.py:587} INFO - Filling up the DagBag from /home/airflow/.local/lib/python3.12/site-packages/airflow/example_dags/example_short_circuit_operator.py
[2025-02-19T09:46:01.796+0000] {processor.py:925} INFO - DAG(s) 'example_short_circuit_operator' retrieved from /home/airflow/.local/lib/python3.12/site-packages/airflow/example_dags/example_short_circuit_operator.py
[2025-02-19T09:46:01.814+0000] {logging_mixin.py:190} INFO - [2025-02-19T09:46:01.813+0000] {dag.py:3229} INFO - Sync 1 DAGs
[2025-02-19T09:46:01.825+0000] {logging_mixin.py:190} INFO - [2025-02-19T09:46:01.824+0000] {dag.py:4156} INFO - Setting next_dagrun for example_short_circuit_operator to None, run_after=None
[2025-02-19T09:46:01.837+0000] {processor.py:208} INFO - Processing /home/airflow/.local/lib/python3.12/site-packages/airflow/example_dags/example_short_circuit_operator.py took 0.054 seconds
[2025-02-19T09:46:32.703+0000] {processor.py:186} INFO - Started process (PID=1116) to work on /home/airflow/.local/lib/python3.12/site-packages/airflow/example_dags/example_short_circuit_operator.py
[2025-02-19T09:46:32.704+0000] {processor.py:914} INFO - Processing file /home/airflow/.local/lib/python3.12/site-packages/airflow/example_dags/example_short_circuit_operator.py for tasks to queue
[2025-02-19T09:46:32.706+0000] {logging_mixin.py:190} INFO - [2025-02-19T09:46:32.706+0000] {dagbag.py:587} INFO - Filling up the DagBag from /home/airflow/.local/lib/python3.12/site-packages/airflow/example_dags/example_short_circuit_operator.py
[2025-02-19T09:46:32.713+0000] {processor.py:925} INFO - DAG(s) 'example_short_circuit_operator' retrieved from /home/airflow/.local/lib/python3.12/site-packages/airflow/example_dags/example_short_circuit_operator.py
[2025-02-19T09:46:32.733+0000] {logging_mixin.py:190} INFO - [2025-02-19T09:46:32.732+0000] {dag.py:3229} INFO - Sync 1 DAGs
[2025-02-19T09:46:32.744+0000] {logging_mixin.py:190} INFO - [2025-02-19T09:46:32.744+0000] {dag.py:4156} INFO - Setting next_dagrun for example_short_circuit_operator to None, run_after=None
[2025-02-19T09:46:32.757+0000] {processor.py:208} INFO - Processing /home/airflow/.local/lib/python3.12/site-packages/airflow/example_dags/example_short_circuit_operator.py took 0.059 seconds
[2025-02-19T09:47:03.631+0000] {processor.py:186} INFO - Started process (PID=1180) to work on /home/airflow/.local/lib/python3.12/site-packages/airflow/example_dags/example_short_circuit_operator.py
[2025-02-19T09:47:03.632+0000] {processor.py:914} INFO - Processing file /home/airflow/.local/lib/python3.12/site-packages/airflow/example_dags/example_short_circuit_operator.py for tasks to queue
[2025-02-19T09:47:03.634+0000] {logging_mixin.py:190} INFO - [2025-02-19T09:47:03.634+0000] {dagbag.py:587} INFO - Filling up the DagBag from /home/airflow/.local/lib/python3.12/site-packages/airflow/example_dags/example_short_circuit_operator.py
[2025-02-19T09:47:03.642+0000] {processor.py:925} INFO - DAG(s) 'example_short_circuit_operator' retrieved from /home/airflow/.local/lib/python3.12/site-packages/airflow/example_dags/example_short_circuit_operator.py
[2025-02-19T09:47:03.664+0000] {logging_mixin.py:190} INFO - [2025-02-19T09:47:03.663+0000] {dag.py:3229} INFO - Sync 1 DAGs
[2025-02-19T09:47:03.678+0000] {logging_mixin.py:190} INFO - [2025-02-19T09:47:03.678+0000] {dag.py:4156} INFO - Setting next_dagrun for example_short_circuit_operator to None, run_after=None
[2025-02-19T09:47:03.697+0000] {processor.py:208} INFO - Processing /home/airflow/.local/lib/python3.12/site-packages/airflow/example_dags/example_short_circuit_operator.py took 0.071 seconds
[2025-02-19T09:47:34.024+0000] {processor.py:186} INFO - Started process (PID=1244) to work on /home/airflow/.local/lib/python3.12/site-packages/airflow/example_dags/example_short_circuit_operator.py
[2025-02-19T09:47:34.025+0000] {processor.py:914} INFO - Processing file /home/airflow/.local/lib/python3.12/site-packages/airflow/example_dags/example_short_circuit_operator.py for tasks to queue
[2025-02-19T09:47:34.027+0000] {logging_mixin.py:190} INFO - [2025-02-19T09:47:34.027+0000] {dagbag.py:587} INFO - Filling up the DagBag from /home/airflow/.local/lib/python3.12/site-packages/airflow/example_dags/example_short_circuit_operator.py
[2025-02-19T09:47:34.035+0000] {processor.py:925} INFO - DAG(s) 'example_short_circuit_operator' retrieved from /home/airflow/.local/lib/python3.12/site-packages/airflow/example_dags/example_short_circuit_operator.py
[2025-02-19T09:47:34.057+0000] {logging_mixin.py:190} INFO - [2025-02-19T09:47:34.056+0000] {dag.py:3229} INFO - Sync 1 DAGs
[2025-02-19T09:47:34.070+0000] {logging_mixin.py:190} INFO - [2025-02-19T09:47:34.070+0000] {dag.py:4156} INFO - Setting next_dagrun for example_short_circuit_operator to None, run_after=None
[2025-02-19T09:47:34.087+0000] {processor.py:208} INFO - Processing /home/airflow/.local/lib/python3.12/site-packages/airflow/example_dags/example_short_circuit_operator.py took 0.067 seconds
[2025-02-19T09:48:04.439+0000] {processor.py:186} INFO - Started process (PID=1309) to work on /home/airflow/.local/lib/python3.12/site-packages/airflow/example_dags/example_short_circuit_operator.py
[2025-02-19T09:48:04.440+0000] {processor.py:914} INFO - Processing file /home/airflow/.local/lib/python3.12/site-packages/airflow/example_dags/example_short_circuit_operator.py for tasks to queue
[2025-02-19T09:48:04.442+0000] {logging_mixin.py:190} INFO - [2025-02-19T09:48:04.442+0000] {dagbag.py:587} INFO - Filling up the DagBag from /home/airflow/.local/lib/python3.12/site-packages/airflow/example_dags/example_short_circuit_operator.py
[2025-02-19T09:48:04.449+0000] {processor.py:925} INFO - DAG(s) 'example_short_circuit_operator' retrieved from /home/airflow/.local/lib/python3.12/site-packages/airflow/example_dags/example_short_circuit_operator.py
[2025-02-19T09:48:04.470+0000] {logging_mixin.py:190} INFO - [2025-02-19T09:48:04.469+0000] {dag.py:3229} INFO - Sync 1 DAGs
[2025-02-19T09:48:04.482+0000] {logging_mixin.py:190} INFO - [2025-02-19T09:48:04.482+0000] {dag.py:4156} INFO - Setting next_dagrun for example_short_circuit_operator to None, run_after=None
[2025-02-19T09:48:04.500+0000] {processor.py:208} INFO - Processing /home/airflow/.local/lib/python3.12/site-packages/airflow/example_dags/example_short_circuit_operator.py took 0.066 seconds
[2025-02-19T09:48:34.609+0000] {processor.py:186} INFO - Started process (PID=1373) to work on /home/airflow/.local/lib/python3.12/site-packages/airflow/example_dags/example_short_circuit_operator.py
[2025-02-19T09:48:34.610+0000] {processor.py:914} INFO - Processing file /home/airflow/.local/lib/python3.12/site-packages/airflow/example_dags/example_short_circuit_operator.py for tasks to queue
[2025-02-19T09:48:34.612+0000] {logging_mixin.py:190} INFO - [2025-02-19T09:48:34.611+0000] {dagbag.py:587} INFO - Filling up the DagBag from /home/airflow/.local/lib/python3.12/site-packages/airflow/example_dags/example_short_circuit_operator.py
[2025-02-19T09:48:34.618+0000] {processor.py:925} INFO - DAG(s) 'example_short_circuit_operator' retrieved from /home/airflow/.local/lib/python3.12/site-packages/airflow/example_dags/example_short_circuit_operator.py
[2025-02-19T09:48:34.637+0000] {logging_mixin.py:190} INFO - [2025-02-19T09:48:34.637+0000] {dag.py:3229} INFO - Sync 1 DAGs
[2025-02-19T09:48:34.649+0000] {logging_mixin.py:190} INFO - [2025-02-19T09:48:34.649+0000] {dag.py:4156} INFO - Setting next_dagrun for example_short_circuit_operator to None, run_after=None
[2025-02-19T09:48:34.663+0000] {processor.py:208} INFO - Processing /home/airflow/.local/lib/python3.12/site-packages/airflow/example_dags/example_short_circuit_operator.py took 0.059 seconds
[2025-02-19T09:49:05.488+0000] {processor.py:186} INFO - Started process (PID=1437) to work on /home/airflow/.local/lib/python3.12/site-packages/airflow/example_dags/example_short_circuit_operator.py
[2025-02-19T09:49:05.489+0000] {processor.py:914} INFO - Processing file /home/airflow/.local/lib/python3.12/site-packages/airflow/example_dags/example_short_circuit_operator.py for tasks to queue
[2025-02-19T09:49:05.491+0000] {logging_mixin.py:190} INFO - [2025-02-19T09:49:05.491+0000] {dagbag.py:587} INFO - Filling up the DagBag from /home/airflow/.local/lib/python3.12/site-packages/airflow/example_dags/example_short_circuit_operator.py
[2025-02-19T09:49:05.498+0000] {processor.py:925} INFO - DAG(s) 'example_short_circuit_operator' retrieved from /home/airflow/.local/lib/python3.12/site-packages/airflow/example_dags/example_short_circuit_operator.py
[2025-02-19T09:49:05.517+0000] {logging_mixin.py:190} INFO - [2025-02-19T09:49:05.516+0000] {dag.py:3229} INFO - Sync 1 DAGs
[2025-02-19T09:49:05.528+0000] {logging_mixin.py:190} INFO - [2025-02-19T09:49:05.527+0000] {dag.py:4156} INFO - Setting next_dagrun for example_short_circuit_operator to None, run_after=None
[2025-02-19T09:49:05.542+0000] {processor.py:208} INFO - Processing /home/airflow/.local/lib/python3.12/site-packages/airflow/example_dags/example_short_circuit_operator.py took 0.058 seconds
[2025-02-19T09:49:36.421+0000] {processor.py:186} INFO - Started process (PID=1501) to work on /home/airflow/.local/lib/python3.12/site-packages/airflow/example_dags/example_short_circuit_operator.py
[2025-02-19T09:49:36.422+0000] {processor.py:914} INFO - Processing file /home/airflow/.local/lib/python3.12/site-packages/airflow/example_dags/example_short_circuit_operator.py for tasks to queue
[2025-02-19T09:49:36.423+0000] {logging_mixin.py:190} INFO - [2025-02-19T09:49:36.423+0000] {dagbag.py:587} INFO - Filling up the DagBag from /home/airflow/.local/lib/python3.12/site-packages/airflow/example_dags/example_short_circuit_operator.py
[2025-02-19T09:49:36.430+0000] {processor.py:925} INFO - DAG(s) 'example_short_circuit_operator' retrieved from /home/airflow/.local/lib/python3.12/site-packages/airflow/example_dags/example_short_circuit_operator.py
[2025-02-19T09:49:36.451+0000] {logging_mixin.py:190} INFO - [2025-02-19T09:49:36.450+0000] {dag.py:3229} INFO - Sync 1 DAGs
[2025-02-19T09:49:36.462+0000] {logging_mixin.py:190} INFO - [2025-02-19T09:49:36.462+0000] {dag.py:4156} INFO - Setting next_dagrun for example_short_circuit_operator to None, run_after=None
[2025-02-19T09:49:36.476+0000] {processor.py:208} INFO - Processing /home/airflow/.local/lib/python3.12/site-packages/airflow/example_dags/example_short_circuit_operator.py took 0.059 seconds
[2025-02-19T09:50:06.695+0000] {processor.py:186} INFO - Started process (PID=1565) to work on /home/airflow/.local/lib/python3.12/site-packages/airflow/example_dags/example_short_circuit_operator.py
[2025-02-19T09:50:06.696+0000] {processor.py:914} INFO - Processing file /home/airflow/.local/lib/python3.12/site-packages/airflow/example_dags/example_short_circuit_operator.py for tasks to queue
[2025-02-19T09:50:06.698+0000] {logging_mixin.py:190} INFO - [2025-02-19T09:50:06.698+0000] {dagbag.py:587} INFO - Filling up the DagBag from /home/airflow/.local/lib/python3.12/site-packages/airflow/example_dags/example_short_circuit_operator.py
[2025-02-19T09:50:06.705+0000] {processor.py:925} INFO - DAG(s) 'example_short_circuit_operator' retrieved from /home/airflow/.local/lib/python3.12/site-packages/airflow/example_dags/example_short_circuit_operator.py
[2025-02-19T09:50:06.727+0000] {logging_mixin.py:190} INFO - [2025-02-19T09:50:06.726+0000] {dag.py:3229} INFO - Sync 1 DAGs
[2025-02-19T09:50:06.738+0000] {logging_mixin.py:190} INFO - [2025-02-19T09:50:06.738+0000] {dag.py:4156} INFO - Setting next_dagrun for example_short_circuit_operator to None, run_after=None
[2025-02-19T09:50:06.754+0000] {processor.py:208} INFO - Processing /home/airflow/.local/lib/python3.12/site-packages/airflow/example_dags/example_short_circuit_operator.py took 0.063 seconds
[2025-02-19T09:50:37.073+0000] {processor.py:186} INFO - Started process (PID=1629) to work on /home/airflow/.local/lib/python3.12/site-packages/airflow/example_dags/example_short_circuit_operator.py
[2025-02-19T09:50:37.075+0000] {processor.py:914} INFO - Processing file /home/airflow/.local/lib/python3.12/site-packages/airflow/example_dags/example_short_circuit_operator.py for tasks to queue
[2025-02-19T09:50:37.077+0000] {logging_mixin.py:190} INFO - [2025-02-19T09:50:37.077+0000] {dagbag.py:587} INFO - Filling up the DagBag from /home/airflow/.local/lib/python3.12/site-packages/airflow/example_dags/example_short_circuit_operator.py
[2025-02-19T09:50:37.084+0000] {processor.py:925} INFO - DAG(s) 'example_short_circuit_operator' retrieved from /home/airflow/.local/lib/python3.12/site-packages/airflow/example_dags/example_short_circuit_operator.py
[2025-02-19T09:50:37.108+0000] {logging_mixin.py:190} INFO - [2025-02-19T09:50:37.107+0000] {dag.py:3229} INFO - Sync 1 DAGs
[2025-02-19T09:50:37.125+0000] {logging_mixin.py:190} INFO - [2025-02-19T09:50:37.125+0000] {dag.py:4156} INFO - Setting next_dagrun for example_short_circuit_operator to None, run_after=None
[2025-02-19T09:50:37.145+0000] {processor.py:208} INFO - Processing /home/airflow/.local/lib/python3.12/site-packages/airflow/example_dags/example_short_circuit_operator.py took 0.078 seconds
[2025-02-19T09:51:07.468+0000] {processor.py:186} INFO - Started process (PID=1693) to work on /home/airflow/.local/lib/python3.12/site-packages/airflow/example_dags/example_short_circuit_operator.py
[2025-02-19T09:51:07.470+0000] {processor.py:914} INFO - Processing file /home/airflow/.local/lib/python3.12/site-packages/airflow/example_dags/example_short_circuit_operator.py for tasks to queue
[2025-02-19T09:51:07.471+0000] {logging_mixin.py:190} INFO - [2025-02-19T09:51:07.471+0000] {dagbag.py:587} INFO - Filling up the DagBag from /home/airflow/.local/lib/python3.12/site-packages/airflow/example_dags/example_short_circuit_operator.py
[2025-02-19T09:51:07.478+0000] {processor.py:925} INFO - DAG(s) 'example_short_circuit_operator' retrieved from /home/airflow/.local/lib/python3.12/site-packages/airflow/example_dags/example_short_circuit_operator.py
[2025-02-19T09:51:07.496+0000] {logging_mixin.py:190} INFO - [2025-02-19T09:51:07.496+0000] {dag.py:3229} INFO - Sync 1 DAGs
[2025-02-19T09:51:07.507+0000] {logging_mixin.py:190} INFO - [2025-02-19T09:51:07.507+0000] {dag.py:4156} INFO - Setting next_dagrun for example_short_circuit_operator to None, run_after=None
[2025-02-19T09:51:07.520+0000] {processor.py:208} INFO - Processing /home/airflow/.local/lib/python3.12/site-packages/airflow/example_dags/example_short_circuit_operator.py took 0.056 seconds
[2025-02-19T09:51:37.678+0000] {processor.py:186} INFO - Started process (PID=1757) to work on /home/airflow/.local/lib/python3.12/site-packages/airflow/example_dags/example_short_circuit_operator.py
[2025-02-19T09:51:37.680+0000] {processor.py:914} INFO - Processing file /home/airflow/.local/lib/python3.12/site-packages/airflow/example_dags/example_short_circuit_operator.py for tasks to queue
[2025-02-19T09:51:37.681+0000] {logging_mixin.py:190} INFO - [2025-02-19T09:51:37.681+0000] {dagbag.py:587} INFO - Filling up the DagBag from /home/airflow/.local/lib/python3.12/site-packages/airflow/example_dags/example_short_circuit_operator.py
[2025-02-19T09:51:37.688+0000] {processor.py:925} INFO - DAG(s) 'example_short_circuit_operator' retrieved from /home/airflow/.local/lib/python3.12/site-packages/airflow/example_dags/example_short_circuit_operator.py
[2025-02-19T09:51:37.708+0000] {logging_mixin.py:190} INFO - [2025-02-19T09:51:37.708+0000] {dag.py:3229} INFO - Sync 1 DAGs
[2025-02-19T09:51:37.718+0000] {logging_mixin.py:190} INFO - [2025-02-19T09:51:37.718+0000] {dag.py:4156} INFO - Setting next_dagrun for example_short_circuit_operator to None, run_after=None
[2025-02-19T09:51:37.734+0000] {processor.py:208} INFO - Processing /home/airflow/.local/lib/python3.12/site-packages/airflow/example_dags/example_short_circuit_operator.py took 0.060 seconds
[2025-02-19T09:52:08.012+0000] {processor.py:186} INFO - Started process (PID=1821) to work on /home/airflow/.local/lib/python3.12/site-packages/airflow/example_dags/example_short_circuit_operator.py
[2025-02-19T09:52:08.013+0000] {processor.py:914} INFO - Processing file /home/airflow/.local/lib/python3.12/site-packages/airflow/example_dags/example_short_circuit_operator.py for tasks to queue
[2025-02-19T09:52:08.015+0000] {logging_mixin.py:190} INFO - [2025-02-19T09:52:08.015+0000] {dagbag.py:587} INFO - Filling up the DagBag from /home/airflow/.local/lib/python3.12/site-packages/airflow/example_dags/example_short_circuit_operator.py
[2025-02-19T09:52:08.022+0000] {processor.py:925} INFO - DAG(s) 'example_short_circuit_operator' retrieved from /home/airflow/.local/lib/python3.12/site-packages/airflow/example_dags/example_short_circuit_operator.py
[2025-02-19T09:52:08.042+0000] {logging_mixin.py:190} INFO - [2025-02-19T09:52:08.041+0000] {dag.py:3229} INFO - Sync 1 DAGs
[2025-02-19T09:52:08.053+0000] {logging_mixin.py:190} INFO - [2025-02-19T09:52:08.053+0000] {dag.py:4156} INFO - Setting next_dagrun for example_short_circuit_operator to None, run_after=None
[2025-02-19T09:52:08.071+0000] {processor.py:208} INFO - Processing /home/airflow/.local/lib/python3.12/site-packages/airflow/example_dags/example_short_circuit_operator.py took 0.064 seconds
[2025-02-19T09:52:38.170+0000] {processor.py:186} INFO - Started process (PID=1885) to work on /home/airflow/.local/lib/python3.12/site-packages/airflow/example_dags/example_short_circuit_operator.py
[2025-02-19T09:52:38.171+0000] {processor.py:914} INFO - Processing file /home/airflow/.local/lib/python3.12/site-packages/airflow/example_dags/example_short_circuit_operator.py for tasks to queue
[2025-02-19T09:52:38.173+0000] {logging_mixin.py:190} INFO - [2025-02-19T09:52:38.172+0000] {dagbag.py:587} INFO - Filling up the DagBag from /home/airflow/.local/lib/python3.12/site-packages/airflow/example_dags/example_short_circuit_operator.py
[2025-02-19T09:52:38.180+0000] {processor.py:925} INFO - DAG(s) 'example_short_circuit_operator' retrieved from /home/airflow/.local/lib/python3.12/site-packages/airflow/example_dags/example_short_circuit_operator.py
[2025-02-19T09:52:38.200+0000] {logging_mixin.py:190} INFO - [2025-02-19T09:52:38.199+0000] {dag.py:3229} INFO - Sync 1 DAGs
[2025-02-19T09:52:38.212+0000] {logging_mixin.py:190} INFO - [2025-02-19T09:52:38.212+0000] {dag.py:4156} INFO - Setting next_dagrun for example_short_circuit_operator to None, run_after=None
[2025-02-19T09:52:38.228+0000] {processor.py:208} INFO - Processing /home/airflow/.local/lib/python3.12/site-packages/airflow/example_dags/example_short_circuit_operator.py took 0.062 seconds
[2025-02-19T09:53:08.630+0000] {processor.py:186} INFO - Started process (PID=1949) to work on /home/airflow/.local/lib/python3.12/site-packages/airflow/example_dags/example_short_circuit_operator.py
[2025-02-19T09:53:08.631+0000] {processor.py:914} INFO - Processing file /home/airflow/.local/lib/python3.12/site-packages/airflow/example_dags/example_short_circuit_operator.py for tasks to queue
[2025-02-19T09:53:08.633+0000] {logging_mixin.py:190} INFO - [2025-02-19T09:53:08.633+0000] {dagbag.py:587} INFO - Filling up the DagBag from /home/airflow/.local/lib/python3.12/site-packages/airflow/example_dags/example_short_circuit_operator.py
[2025-02-19T09:53:08.641+0000] {processor.py:925} INFO - DAG(s) 'example_short_circuit_operator' retrieved from /home/airflow/.local/lib/python3.12/site-packages/airflow/example_dags/example_short_circuit_operator.py
[2025-02-19T09:53:08.663+0000] {logging_mixin.py:190} INFO - [2025-02-19T09:53:08.662+0000] {dag.py:3229} INFO - Sync 1 DAGs
[2025-02-19T09:53:08.674+0000] {logging_mixin.py:190} INFO - [2025-02-19T09:53:08.674+0000] {dag.py:4156} INFO - Setting next_dagrun for example_short_circuit_operator to None, run_after=None
[2025-02-19T09:53:08.693+0000] {processor.py:208} INFO - Processing /home/airflow/.local/lib/python3.12/site-packages/airflow/example_dags/example_short_circuit_operator.py took 0.068 seconds
[2025-02-19T09:53:39.037+0000] {processor.py:186} INFO - Started process (PID=2013) to work on /home/airflow/.local/lib/python3.12/site-packages/airflow/example_dags/example_short_circuit_operator.py
[2025-02-19T09:53:39.039+0000] {processor.py:914} INFO - Processing file /home/airflow/.local/lib/python3.12/site-packages/airflow/example_dags/example_short_circuit_operator.py for tasks to queue
[2025-02-19T09:53:39.040+0000] {logging_mixin.py:190} INFO - [2025-02-19T09:53:39.040+0000] {dagbag.py:587} INFO - Filling up the DagBag from /home/airflow/.local/lib/python3.12/site-packages/airflow/example_dags/example_short_circuit_operator.py
[2025-02-19T09:53:39.047+0000] {processor.py:925} INFO - DAG(s) 'example_short_circuit_operator' retrieved from /home/airflow/.local/lib/python3.12/site-packages/airflow/example_dags/example_short_circuit_operator.py
[2025-02-19T09:53:39.068+0000] {logging_mixin.py:190} INFO - [2025-02-19T09:53:39.067+0000] {dag.py:3229} INFO - Sync 1 DAGs
[2025-02-19T09:53:39.080+0000] {logging_mixin.py:190} INFO - [2025-02-19T09:53:39.079+0000] {dag.py:4156} INFO - Setting next_dagrun for example_short_circuit_operator to None, run_after=None
[2025-02-19T09:53:39.098+0000] {processor.py:208} INFO - Processing /home/airflow/.local/lib/python3.12/site-packages/airflow/example_dags/example_short_circuit_operator.py took 0.064 seconds
[2025-02-19T09:54:09.395+0000] {processor.py:186} INFO - Started process (PID=2077) to work on /home/airflow/.local/lib/python3.12/site-packages/airflow/example_dags/example_short_circuit_operator.py
[2025-02-19T09:54:09.396+0000] {processor.py:914} INFO - Processing file /home/airflow/.local/lib/python3.12/site-packages/airflow/example_dags/example_short_circuit_operator.py for tasks to queue
[2025-02-19T09:54:09.398+0000] {logging_mixin.py:190} INFO - [2025-02-19T09:54:09.398+0000] {dagbag.py:587} INFO - Filling up the DagBag from /home/airflow/.local/lib/python3.12/site-packages/airflow/example_dags/example_short_circuit_operator.py
[2025-02-19T09:54:09.405+0000] {processor.py:925} INFO - DAG(s) 'example_short_circuit_operator' retrieved from /home/airflow/.local/lib/python3.12/site-packages/airflow/example_dags/example_short_circuit_operator.py
[2025-02-19T09:54:09.424+0000] {logging_mixin.py:190} INFO - [2025-02-19T09:54:09.423+0000] {dag.py:3229} INFO - Sync 1 DAGs
[2025-02-19T09:54:09.435+0000] {logging_mixin.py:190} INFO - [2025-02-19T09:54:09.435+0000] {dag.py:4156} INFO - Setting next_dagrun for example_short_circuit_operator to None, run_after=None
[2025-02-19T09:54:09.451+0000] {processor.py:208} INFO - Processing /home/airflow/.local/lib/python3.12/site-packages/airflow/example_dags/example_short_circuit_operator.py took 0.061 seconds
[2025-02-19T09:54:39.613+0000] {processor.py:186} INFO - Started process (PID=2141) to work on /home/airflow/.local/lib/python3.12/site-packages/airflow/example_dags/example_short_circuit_operator.py
[2025-02-19T09:54:39.614+0000] {processor.py:914} INFO - Processing file /home/airflow/.local/lib/python3.12/site-packages/airflow/example_dags/example_short_circuit_operator.py for tasks to queue
[2025-02-19T09:54:39.616+0000] {logging_mixin.py:190} INFO - [2025-02-19T09:54:39.616+0000] {dagbag.py:587} INFO - Filling up the DagBag from /home/airflow/.local/lib/python3.12/site-packages/airflow/example_dags/example_short_circuit_operator.py
[2025-02-19T09:54:39.623+0000] {processor.py:925} INFO - DAG(s) 'example_short_circuit_operator' retrieved from /home/airflow/.local/lib/python3.12/site-packages/airflow/example_dags/example_short_circuit_operator.py
[2025-02-19T09:54:39.642+0000] {logging_mixin.py:190} INFO - [2025-02-19T09:54:39.642+0000] {dag.py:3229} INFO - Sync 1 DAGs
[2025-02-19T09:54:39.654+0000] {logging_mixin.py:190} INFO - [2025-02-19T09:54:39.653+0000] {dag.py:4156} INFO - Setting next_dagrun for example_short_circuit_operator to None, run_after=None
[2025-02-19T09:54:39.670+0000] {processor.py:208} INFO - Processing /home/airflow/.local/lib/python3.12/site-packages/airflow/example_dags/example_short_circuit_operator.py took 0.061 seconds
[2025-02-19T09:55:09.924+0000] {processor.py:186} INFO - Started process (PID=2205) to work on /home/airflow/.local/lib/python3.12/site-packages/airflow/example_dags/example_short_circuit_operator.py
[2025-02-19T09:55:09.925+0000] {processor.py:914} INFO - Processing file /home/airflow/.local/lib/python3.12/site-packages/airflow/example_dags/example_short_circuit_operator.py for tasks to queue
[2025-02-19T09:55:09.927+0000] {logging_mixin.py:190} INFO - [2025-02-19T09:55:09.927+0000] {dagbag.py:587} INFO - Filling up the DagBag from /home/airflow/.local/lib/python3.12/site-packages/airflow/example_dags/example_short_circuit_operator.py
[2025-02-19T09:55:09.934+0000] {processor.py:925} INFO - DAG(s) 'example_short_circuit_operator' retrieved from /home/airflow/.local/lib/python3.12/site-packages/airflow/example_dags/example_short_circuit_operator.py
[2025-02-19T09:55:09.955+0000] {logging_mixin.py:190} INFO - [2025-02-19T09:55:09.954+0000] {dag.py:3229} INFO - Sync 1 DAGs
[2025-02-19T09:55:09.966+0000] {logging_mixin.py:190} INFO - [2025-02-19T09:55:09.965+0000] {dag.py:4156} INFO - Setting next_dagrun for example_short_circuit_operator to None, run_after=None
[2025-02-19T09:55:09.981+0000] {processor.py:208} INFO - Processing /home/airflow/.local/lib/python3.12/site-packages/airflow/example_dags/example_short_circuit_operator.py took 0.061 seconds
[2025-02-19T09:55:40.327+0000] {processor.py:186} INFO - Started process (PID=2269) to work on /home/airflow/.local/lib/python3.12/site-packages/airflow/example_dags/example_short_circuit_operator.py
[2025-02-19T09:55:40.328+0000] {processor.py:914} INFO - Processing file /home/airflow/.local/lib/python3.12/site-packages/airflow/example_dags/example_short_circuit_operator.py for tasks to queue
[2025-02-19T09:55:40.330+0000] {logging_mixin.py:190} INFO - [2025-02-19T09:55:40.330+0000] {dagbag.py:587} INFO - Filling up the DagBag from /home/airflow/.local/lib/python3.12/site-packages/airflow/example_dags/example_short_circuit_operator.py
[2025-02-19T09:55:40.337+0000] {processor.py:925} INFO - DAG(s) 'example_short_circuit_operator' retrieved from /home/airflow/.local/lib/python3.12/site-packages/airflow/example_dags/example_short_circuit_operator.py
[2025-02-19T09:55:40.359+0000] {logging_mixin.py:190} INFO - [2025-02-19T09:55:40.358+0000] {dag.py:3229} INFO - Sync 1 DAGs
[2025-02-19T09:55:40.370+0000] {logging_mixin.py:190} INFO - [2025-02-19T09:55:40.370+0000] {dag.py:4156} INFO - Setting next_dagrun for example_short_circuit_operator to None, run_after=None
[2025-02-19T09:55:40.387+0000] {processor.py:208} INFO - Processing /home/airflow/.local/lib/python3.12/site-packages/airflow/example_dags/example_short_circuit_operator.py took 0.064 seconds
[2025-02-19T09:56:10.755+0000] {processor.py:186} INFO - Started process (PID=2334) to work on /home/airflow/.local/lib/python3.12/site-packages/airflow/example_dags/example_short_circuit_operator.py
[2025-02-19T09:56:10.757+0000] {processor.py:914} INFO - Processing file /home/airflow/.local/lib/python3.12/site-packages/airflow/example_dags/example_short_circuit_operator.py for tasks to queue
[2025-02-19T09:56:10.759+0000] {logging_mixin.py:190} INFO - [2025-02-19T09:56:10.758+0000] {dagbag.py:587} INFO - Filling up the DagBag from /home/airflow/.local/lib/python3.12/site-packages/airflow/example_dags/example_short_circuit_operator.py
[2025-02-19T09:56:10.766+0000] {processor.py:925} INFO - DAG(s) 'example_short_circuit_operator' retrieved from /home/airflow/.local/lib/python3.12/site-packages/airflow/example_dags/example_short_circuit_operator.py
[2025-02-19T09:56:10.787+0000] {logging_mixin.py:190} INFO - [2025-02-19T09:56:10.786+0000] {dag.py:3229} INFO - Sync 1 DAGs
[2025-02-19T09:56:10.799+0000] {logging_mixin.py:190} INFO - [2025-02-19T09:56:10.799+0000] {dag.py:4156} INFO - Setting next_dagrun for example_short_circuit_operator to None, run_after=None
[2025-02-19T09:56:10.818+0000] {processor.py:208} INFO - Processing /home/airflow/.local/lib/python3.12/site-packages/airflow/example_dags/example_short_circuit_operator.py took 0.067 seconds
[2025-02-19T09:56:41.072+0000] {processor.py:186} INFO - Started process (PID=2398) to work on /home/airflow/.local/lib/python3.12/site-packages/airflow/example_dags/example_short_circuit_operator.py
[2025-02-19T09:56:41.074+0000] {processor.py:914} INFO - Processing file /home/airflow/.local/lib/python3.12/site-packages/airflow/example_dags/example_short_circuit_operator.py for tasks to queue
[2025-02-19T09:56:41.076+0000] {logging_mixin.py:190} INFO - [2025-02-19T09:56:41.076+0000] {dagbag.py:587} INFO - Filling up the DagBag from /home/airflow/.local/lib/python3.12/site-packages/airflow/example_dags/example_short_circuit_operator.py
[2025-02-19T09:56:41.083+0000] {processor.py:925} INFO - DAG(s) 'example_short_circuit_operator' retrieved from /home/airflow/.local/lib/python3.12/site-packages/airflow/example_dags/example_short_circuit_operator.py
[2025-02-19T09:56:41.108+0000] {logging_mixin.py:190} INFO - [2025-02-19T09:56:41.108+0000] {dag.py:3229} INFO - Sync 1 DAGs
[2025-02-19T09:56:41.121+0000] {logging_mixin.py:190} INFO - [2025-02-19T09:56:41.121+0000] {dag.py:4156} INFO - Setting next_dagrun for example_short_circuit_operator to None, run_after=None
[2025-02-19T09:56:41.141+0000] {processor.py:208} INFO - Processing /home/airflow/.local/lib/python3.12/site-packages/airflow/example_dags/example_short_circuit_operator.py took 0.073 seconds
[2025-02-19T09:57:11.179+0000] {processor.py:186} INFO - Started process (PID=2462) to work on /home/airflow/.local/lib/python3.12/site-packages/airflow/example_dags/example_short_circuit_operator.py
[2025-02-19T09:57:11.181+0000] {processor.py:914} INFO - Processing file /home/airflow/.local/lib/python3.12/site-packages/airflow/example_dags/example_short_circuit_operator.py for tasks to queue
[2025-02-19T09:57:11.183+0000] {logging_mixin.py:190} INFO - [2025-02-19T09:57:11.182+0000] {dagbag.py:587} INFO - Filling up the DagBag from /home/airflow/.local/lib/python3.12/site-packages/airflow/example_dags/example_short_circuit_operator.py
[2025-02-19T09:57:11.190+0000] {processor.py:925} INFO - DAG(s) 'example_short_circuit_operator' retrieved from /home/airflow/.local/lib/python3.12/site-packages/airflow/example_dags/example_short_circuit_operator.py
[2025-02-19T09:57:11.212+0000] {logging_mixin.py:190} INFO - [2025-02-19T09:57:11.212+0000] {dag.py:3229} INFO - Sync 1 DAGs
[2025-02-19T09:57:11.225+0000] {logging_mixin.py:190} INFO - [2025-02-19T09:57:11.225+0000] {dag.py:4156} INFO - Setting next_dagrun for example_short_circuit_operator to None, run_after=None
[2025-02-19T09:57:11.240+0000] {processor.py:208} INFO - Processing /home/airflow/.local/lib/python3.12/site-packages/airflow/example_dags/example_short_circuit_operator.py took 0.065 seconds
[2025-02-19T09:57:41.668+0000] {processor.py:186} INFO - Started process (PID=2527) to work on /home/airflow/.local/lib/python3.12/site-packages/airflow/example_dags/example_short_circuit_operator.py
[2025-02-19T09:57:41.669+0000] {processor.py:914} INFO - Processing file /home/airflow/.local/lib/python3.12/site-packages/airflow/example_dags/example_short_circuit_operator.py for tasks to queue
[2025-02-19T09:57:41.671+0000] {logging_mixin.py:190} INFO - [2025-02-19T09:57:41.671+0000] {dagbag.py:587} INFO - Filling up the DagBag from /home/airflow/.local/lib/python3.12/site-packages/airflow/example_dags/example_short_circuit_operator.py
[2025-02-19T09:57:41.677+0000] {processor.py:925} INFO - DAG(s) 'example_short_circuit_operator' retrieved from /home/airflow/.local/lib/python3.12/site-packages/airflow/example_dags/example_short_circuit_operator.py
[2025-02-19T09:57:41.697+0000] {logging_mixin.py:190} INFO - [2025-02-19T09:57:41.696+0000] {dag.py:3229} INFO - Sync 1 DAGs
[2025-02-19T09:57:41.709+0000] {logging_mixin.py:190} INFO - [2025-02-19T09:57:41.709+0000] {dag.py:4156} INFO - Setting next_dagrun for example_short_circuit_operator to None, run_after=None
[2025-02-19T09:57:41.725+0000] {processor.py:208} INFO - Processing /home/airflow/.local/lib/python3.12/site-packages/airflow/example_dags/example_short_circuit_operator.py took 0.061 seconds
[2025-02-19T09:58:12.334+0000] {processor.py:186} INFO - Started process (PID=2592) to work on /home/airflow/.local/lib/python3.12/site-packages/airflow/example_dags/example_short_circuit_operator.py
[2025-02-19T09:58:12.335+0000] {processor.py:914} INFO - Processing file /home/airflow/.local/lib/python3.12/site-packages/airflow/example_dags/example_short_circuit_operator.py for tasks to queue
[2025-02-19T09:58:12.337+0000] {logging_mixin.py:190} INFO - [2025-02-19T09:58:12.337+0000] {dagbag.py:587} INFO - Filling up the DagBag from /home/airflow/.local/lib/python3.12/site-packages/airflow/example_dags/example_short_circuit_operator.py
[2025-02-19T09:58:12.347+0000] {processor.py:925} INFO - DAG(s) 'example_short_circuit_operator' retrieved from /home/airflow/.local/lib/python3.12/site-packages/airflow/example_dags/example_short_circuit_operator.py
[2025-02-19T09:58:12.370+0000] {logging_mixin.py:190} INFO - [2025-02-19T09:58:12.369+0000] {dag.py:3229} INFO - Sync 1 DAGs
[2025-02-19T09:58:12.383+0000] {logging_mixin.py:190} INFO - [2025-02-19T09:58:12.382+0000] {dag.py:4156} INFO - Setting next_dagrun for example_short_circuit_operator to None, run_after=None
[2025-02-19T09:58:12.402+0000] {processor.py:208} INFO - Processing /home/airflow/.local/lib/python3.12/site-packages/airflow/example_dags/example_short_circuit_operator.py took 0.073 seconds
[2025-02-19T09:58:42.515+0000] {processor.py:186} INFO - Started process (PID=2661) to work on /home/airflow/.local/lib/python3.12/site-packages/airflow/example_dags/example_short_circuit_operator.py
[2025-02-19T09:58:42.516+0000] {processor.py:914} INFO - Processing file /home/airflow/.local/lib/python3.12/site-packages/airflow/example_dags/example_short_circuit_operator.py for tasks to queue
[2025-02-19T09:58:42.518+0000] {logging_mixin.py:190} INFO - [2025-02-19T09:58:42.518+0000] {dagbag.py:587} INFO - Filling up the DagBag from /home/airflow/.local/lib/python3.12/site-packages/airflow/example_dags/example_short_circuit_operator.py
[2025-02-19T09:58:42.527+0000] {processor.py:925} INFO - DAG(s) 'example_short_circuit_operator' retrieved from /home/airflow/.local/lib/python3.12/site-packages/airflow/example_dags/example_short_circuit_operator.py
[2025-02-19T09:58:42.551+0000] {logging_mixin.py:190} INFO - [2025-02-19T09:58:42.550+0000] {dag.py:3229} INFO - Sync 1 DAGs
[2025-02-19T09:58:42.563+0000] {logging_mixin.py:190} INFO - [2025-02-19T09:58:42.563+0000] {dag.py:4156} INFO - Setting next_dagrun for example_short_circuit_operator to None, run_after=None
[2025-02-19T09:58:42.583+0000] {processor.py:208} INFO - Processing /home/airflow/.local/lib/python3.12/site-packages/airflow/example_dags/example_short_circuit_operator.py took 0.074 seconds
[2025-02-19T09:59:12.787+0000] {processor.py:186} INFO - Started process (PID=2725) to work on /home/airflow/.local/lib/python3.12/site-packages/airflow/example_dags/example_short_circuit_operator.py
[2025-02-19T09:59:12.788+0000] {processor.py:914} INFO - Processing file /home/airflow/.local/lib/python3.12/site-packages/airflow/example_dags/example_short_circuit_operator.py for tasks to queue
[2025-02-19T09:59:12.790+0000] {logging_mixin.py:190} INFO - [2025-02-19T09:59:12.790+0000] {dagbag.py:587} INFO - Filling up the DagBag from /home/airflow/.local/lib/python3.12/site-packages/airflow/example_dags/example_short_circuit_operator.py
[2025-02-19T09:59:12.797+0000] {processor.py:925} INFO - DAG(s) 'example_short_circuit_operator' retrieved from /home/airflow/.local/lib/python3.12/site-packages/airflow/example_dags/example_short_circuit_operator.py
[2025-02-19T09:59:12.819+0000] {logging_mixin.py:190} INFO - [2025-02-19T09:59:12.818+0000] {dag.py:3229} INFO - Sync 1 DAGs
[2025-02-19T09:59:12.831+0000] {logging_mixin.py:190} INFO - [2025-02-19T09:59:12.830+0000] {dag.py:4156} INFO - Setting next_dagrun for example_short_circuit_operator to None, run_after=None
[2025-02-19T09:59:12.845+0000] {processor.py:208} INFO - Processing /home/airflow/.local/lib/python3.12/site-packages/airflow/example_dags/example_short_circuit_operator.py took 0.063 seconds
[2025-02-19T10:23:12.159+0000] {logging_mixin.py:190} INFO - [2025-02-19T10:23:12.158+0000] {settings.py:475} DEBUG - Setting up DB connection pool (PID 68)
[2025-02-19T10:23:12.160+0000] {logging_mixin.py:190} INFO - [2025-02-19T10:23:12.160+0000] {settings.py:579} DEBUG - settings.prepare_engine_args(): Using pool settings. pool_size=5, max_overflow=10, pool_recycle=1800, pid=68
[2025-02-19T10:23:12.165+0000] {processor.py:186} INFO - Started process (PID=68) to work on /home/airflow/.local/lib/python3.12/site-packages/airflow/example_dags/example_short_circuit_operator.py
[2025-02-19T10:23:12.165+0000] {processor.py:914} INFO - Processing file /home/airflow/.local/lib/python3.12/site-packages/airflow/example_dags/example_short_circuit_operator.py for tasks to queue
[2025-02-19T10:23:12.166+0000] {logging_mixin.py:190} INFO - [2025-02-19T10:23:12.166+0000] {dagbag.py:587} INFO - Filling up the DagBag from /home/airflow/.local/lib/python3.12/site-packages/airflow/example_dags/example_short_circuit_operator.py
[2025-02-19T10:23:12.167+0000] {logging_mixin.py:190} INFO - [2025-02-19T10:23:12.167+0000] {dagbag.py:368} DEBUG - Importing /home/airflow/.local/lib/python3.12/site-packages/airflow/example_dags/example_short_circuit_operator.py
[2025-02-19T10:23:12.175+0000] {logging_mixin.py:190} INFO - [2025-02-19T10:23:12.174+0000] {dagbag.py:553} DEBUG - Loaded DAG <DAG: example_short_circuit_operator>
[2025-02-19T10:23:12.176+0000] {processor.py:925} INFO - DAG(s) 'example_short_circuit_operator' retrieved from /home/airflow/.local/lib/python3.12/site-packages/airflow/example_dags/example_short_circuit_operator.py
[2025-02-19T10:23:12.176+0000] {logging_mixin.py:190} INFO - [2025-02-19T10:23:12.176+0000] {dagbag.py:710} DEBUG - Running dagbag.sync_to_db with retries. Try 1 of 3
[2025-02-19T10:23:12.177+0000] {logging_mixin.py:190} INFO - [2025-02-19T10:23:12.177+0000] {dagbag.py:715} DEBUG - Calling the DAG.bulk_sync_to_db method
[2025-02-19T10:23:12.187+0000] {logging_mixin.py:190} INFO - [2025-02-19T10:23:12.186+0000] {serialized_dag.py:168} DEBUG - Checking if DAG (example_short_circuit_operator) changed
[2025-02-19T10:23:12.197+0000] {logging_mixin.py:190} INFO - [2025-02-19T10:23:12.197+0000] {serialized_dag.py:179} DEBUG - Serialized DAG (example_short_circuit_operator) is unchanged. Skipping writing to DB
[2025-02-19T10:23:12.197+0000] {logging_mixin.py:190} INFO - [2025-02-19T10:23:12.197+0000] {dag.py:3229} INFO - Sync 1 DAGs
[2025-02-19T10:23:12.212+0000] {logging_mixin.py:190} INFO - [2025-02-19T10:23:12.212+0000] {dag.py:4156} INFO - Setting next_dagrun for example_short_circuit_operator to None, run_after=None
[2025-02-19T10:23:12.230+0000] {processor.py:208} INFO - Processing /home/airflow/.local/lib/python3.12/site-packages/airflow/example_dags/example_short_circuit_operator.py took 0.072 seconds
[2025-02-19T10:23:54.580+0000] {logging_mixin.py:190} INFO - [2025-02-19T10:23:54.579+0000] {settings.py:475} DEBUG - Setting up DB connection pool (PID 138)
[2025-02-19T10:23:54.581+0000] {logging_mixin.py:190} INFO - [2025-02-19T10:23:54.581+0000] {settings.py:579} DEBUG - settings.prepare_engine_args(): Using pool settings. pool_size=5, max_overflow=10, pool_recycle=1800, pid=138
[2025-02-19T10:23:54.586+0000] {processor.py:186} INFO - Started process (PID=138) to work on /home/airflow/.local/lib/python3.12/site-packages/airflow/example_dags/example_short_circuit_operator.py
[2025-02-19T10:23:54.586+0000] {processor.py:914} INFO - Processing file /home/airflow/.local/lib/python3.12/site-packages/airflow/example_dags/example_short_circuit_operator.py for tasks to queue
[2025-02-19T10:23:54.587+0000] {logging_mixin.py:190} INFO - [2025-02-19T10:23:54.587+0000] {dagbag.py:587} INFO - Filling up the DagBag from /home/airflow/.local/lib/python3.12/site-packages/airflow/example_dags/example_short_circuit_operator.py
[2025-02-19T10:23:54.588+0000] {logging_mixin.py:190} INFO - [2025-02-19T10:23:54.588+0000] {dagbag.py:368} DEBUG - Importing /home/airflow/.local/lib/python3.12/site-packages/airflow/example_dags/example_short_circuit_operator.py
[2025-02-19T10:23:54.596+0000] {logging_mixin.py:190} INFO - [2025-02-19T10:23:54.595+0000] {dagbag.py:553} DEBUG - Loaded DAG <DAG: example_short_circuit_operator>
[2025-02-19T10:23:54.596+0000] {processor.py:925} INFO - DAG(s) 'example_short_circuit_operator' retrieved from /home/airflow/.local/lib/python3.12/site-packages/airflow/example_dags/example_short_circuit_operator.py
[2025-02-19T10:23:54.597+0000] {logging_mixin.py:190} INFO - [2025-02-19T10:23:54.597+0000] {dagbag.py:710} DEBUG - Running dagbag.sync_to_db with retries. Try 1 of 3
[2025-02-19T10:23:54.598+0000] {logging_mixin.py:190} INFO - [2025-02-19T10:23:54.598+0000] {dagbag.py:715} DEBUG - Calling the DAG.bulk_sync_to_db method
[2025-02-19T10:23:54.611+0000] {logging_mixin.py:190} INFO - [2025-02-19T10:23:54.611+0000] {serialized_dag.py:168} DEBUG - Checking if DAG (example_short_circuit_operator) changed
[2025-02-19T10:23:54.627+0000] {logging_mixin.py:190} INFO - [2025-02-19T10:23:54.627+0000] {serialized_dag.py:179} DEBUG - Serialized DAG (example_short_circuit_operator) is unchanged. Skipping writing to DB
[2025-02-19T10:23:54.628+0000] {logging_mixin.py:190} INFO - [2025-02-19T10:23:54.628+0000] {dag.py:3229} INFO - Sync 1 DAGs
[2025-02-19T10:23:54.643+0000] {logging_mixin.py:190} INFO - [2025-02-19T10:23:54.643+0000] {dag.py:4156} INFO - Setting next_dagrun for example_short_circuit_operator to None, run_after=None
[2025-02-19T10:23:54.667+0000] {processor.py:208} INFO - Processing /home/airflow/.local/lib/python3.12/site-packages/airflow/example_dags/example_short_circuit_operator.py took 0.088 seconds
[2025-02-19T10:24:25.524+0000] {logging_mixin.py:190} INFO - [2025-02-19T10:24:25.524+0000] {settings.py:475} DEBUG - Setting up DB connection pool (PID 202)
[2025-02-19T10:24:25.525+0000] {logging_mixin.py:190} INFO - [2025-02-19T10:24:25.525+0000] {settings.py:579} DEBUG - settings.prepare_engine_args(): Using pool settings. pool_size=5, max_overflow=10, pool_recycle=1800, pid=202
[2025-02-19T10:24:25.529+0000] {processor.py:186} INFO - Started process (PID=202) to work on /home/airflow/.local/lib/python3.12/site-packages/airflow/example_dags/example_short_circuit_operator.py
[2025-02-19T10:24:25.530+0000] {processor.py:914} INFO - Processing file /home/airflow/.local/lib/python3.12/site-packages/airflow/example_dags/example_short_circuit_operator.py for tasks to queue
[2025-02-19T10:24:25.531+0000] {logging_mixin.py:190} INFO - [2025-02-19T10:24:25.530+0000] {dagbag.py:587} INFO - Filling up the DagBag from /home/airflow/.local/lib/python3.12/site-packages/airflow/example_dags/example_short_circuit_operator.py
[2025-02-19T10:24:25.531+0000] {logging_mixin.py:190} INFO - [2025-02-19T10:24:25.531+0000] {dagbag.py:368} DEBUG - Importing /home/airflow/.local/lib/python3.12/site-packages/airflow/example_dags/example_short_circuit_operator.py
[2025-02-19T10:24:25.539+0000] {logging_mixin.py:190} INFO - [2025-02-19T10:24:25.538+0000] {dagbag.py:553} DEBUG - Loaded DAG <DAG: example_short_circuit_operator>
[2025-02-19T10:24:25.540+0000] {processor.py:925} INFO - DAG(s) 'example_short_circuit_operator' retrieved from /home/airflow/.local/lib/python3.12/site-packages/airflow/example_dags/example_short_circuit_operator.py
[2025-02-19T10:24:25.540+0000] {logging_mixin.py:190} INFO - [2025-02-19T10:24:25.540+0000] {dagbag.py:710} DEBUG - Running dagbag.sync_to_db with retries. Try 1 of 3
[2025-02-19T10:24:25.541+0000] {logging_mixin.py:190} INFO - [2025-02-19T10:24:25.540+0000] {dagbag.py:715} DEBUG - Calling the DAG.bulk_sync_to_db method
[2025-02-19T10:24:25.551+0000] {logging_mixin.py:190} INFO - [2025-02-19T10:24:25.551+0000] {serialized_dag.py:168} DEBUG - Checking if DAG (example_short_circuit_operator) changed
[2025-02-19T10:24:25.562+0000] {logging_mixin.py:190} INFO - [2025-02-19T10:24:25.561+0000] {serialized_dag.py:179} DEBUG - Serialized DAG (example_short_circuit_operator) is unchanged. Skipping writing to DB
[2025-02-19T10:24:25.562+0000] {logging_mixin.py:190} INFO - [2025-02-19T10:24:25.562+0000] {dag.py:3229} INFO - Sync 1 DAGs
[2025-02-19T10:24:25.579+0000] {logging_mixin.py:190} INFO - [2025-02-19T10:24:25.579+0000] {dag.py:4156} INFO - Setting next_dagrun for example_short_circuit_operator to None, run_after=None
[2025-02-19T10:24:25.598+0000] {processor.py:208} INFO - Processing /home/airflow/.local/lib/python3.12/site-packages/airflow/example_dags/example_short_circuit_operator.py took 0.075 seconds
[2025-02-19T10:24:56.340+0000] {logging_mixin.py:190} INFO - [2025-02-19T10:24:56.340+0000] {settings.py:475} DEBUG - Setting up DB connection pool (PID 271)
[2025-02-19T10:24:56.341+0000] {logging_mixin.py:190} INFO - [2025-02-19T10:24:56.341+0000] {settings.py:579} DEBUG - settings.prepare_engine_args(): Using pool settings. pool_size=5, max_overflow=10, pool_recycle=1800, pid=271
[2025-02-19T10:24:56.345+0000] {processor.py:186} INFO - Started process (PID=271) to work on /home/airflow/.local/lib/python3.12/site-packages/airflow/example_dags/example_short_circuit_operator.py
[2025-02-19T10:24:56.345+0000] {processor.py:914} INFO - Processing file /home/airflow/.local/lib/python3.12/site-packages/airflow/example_dags/example_short_circuit_operator.py for tasks to queue
[2025-02-19T10:24:56.346+0000] {logging_mixin.py:190} INFO - [2025-02-19T10:24:56.346+0000] {dagbag.py:587} INFO - Filling up the DagBag from /home/airflow/.local/lib/python3.12/site-packages/airflow/example_dags/example_short_circuit_operator.py
[2025-02-19T10:24:56.347+0000] {logging_mixin.py:190} INFO - [2025-02-19T10:24:56.347+0000] {dagbag.py:368} DEBUG - Importing /home/airflow/.local/lib/python3.12/site-packages/airflow/example_dags/example_short_circuit_operator.py
[2025-02-19T10:24:56.354+0000] {logging_mixin.py:190} INFO - [2025-02-19T10:24:56.353+0000] {dagbag.py:553} DEBUG - Loaded DAG <DAG: example_short_circuit_operator>
[2025-02-19T10:24:56.355+0000] {processor.py:925} INFO - DAG(s) 'example_short_circuit_operator' retrieved from /home/airflow/.local/lib/python3.12/site-packages/airflow/example_dags/example_short_circuit_operator.py
[2025-02-19T10:24:56.355+0000] {logging_mixin.py:190} INFO - [2025-02-19T10:24:56.355+0000] {dagbag.py:710} DEBUG - Running dagbag.sync_to_db with retries. Try 1 of 3
[2025-02-19T10:24:56.355+0000] {logging_mixin.py:190} INFO - [2025-02-19T10:24:56.355+0000] {dagbag.py:715} DEBUG - Calling the DAG.bulk_sync_to_db method
[2025-02-19T10:24:56.365+0000] {logging_mixin.py:190} INFO - [2025-02-19T10:24:56.365+0000] {serialized_dag.py:168} DEBUG - Checking if DAG (example_short_circuit_operator) changed
[2025-02-19T10:24:56.376+0000] {logging_mixin.py:190} INFO - [2025-02-19T10:24:56.375+0000] {serialized_dag.py:179} DEBUG - Serialized DAG (example_short_circuit_operator) is unchanged. Skipping writing to DB
[2025-02-19T10:24:56.376+0000] {logging_mixin.py:190} INFO - [2025-02-19T10:24:56.376+0000] {dag.py:3229} INFO - Sync 1 DAGs
[2025-02-19T10:24:56.389+0000] {logging_mixin.py:190} INFO - [2025-02-19T10:24:56.389+0000] {dag.py:4156} INFO - Setting next_dagrun for example_short_circuit_operator to None, run_after=None
[2025-02-19T10:24:56.407+0000] {processor.py:208} INFO - Processing /home/airflow/.local/lib/python3.12/site-packages/airflow/example_dags/example_short_circuit_operator.py took 0.067 seconds
[2025-02-19T10:25:26.569+0000] {logging_mixin.py:190} INFO - [2025-02-19T10:25:26.568+0000] {settings.py:475} DEBUG - Setting up DB connection pool (PID 335)
[2025-02-19T10:25:26.570+0000] {logging_mixin.py:190} INFO - [2025-02-19T10:25:26.570+0000] {settings.py:579} DEBUG - settings.prepare_engine_args(): Using pool settings. pool_size=5, max_overflow=10, pool_recycle=1800, pid=335
[2025-02-19T10:25:26.575+0000] {processor.py:186} INFO - Started process (PID=335) to work on /home/airflow/.local/lib/python3.12/site-packages/airflow/example_dags/example_short_circuit_operator.py
[2025-02-19T10:25:26.576+0000] {processor.py:914} INFO - Processing file /home/airflow/.local/lib/python3.12/site-packages/airflow/example_dags/example_short_circuit_operator.py for tasks to queue
[2025-02-19T10:25:26.576+0000] {logging_mixin.py:190} INFO - [2025-02-19T10:25:26.576+0000] {dagbag.py:587} INFO - Filling up the DagBag from /home/airflow/.local/lib/python3.12/site-packages/airflow/example_dags/example_short_circuit_operator.py
[2025-02-19T10:25:26.577+0000] {logging_mixin.py:190} INFO - [2025-02-19T10:25:26.577+0000] {dagbag.py:368} DEBUG - Importing /home/airflow/.local/lib/python3.12/site-packages/airflow/example_dags/example_short_circuit_operator.py
[2025-02-19T10:25:26.585+0000] {logging_mixin.py:190} INFO - [2025-02-19T10:25:26.584+0000] {dagbag.py:553} DEBUG - Loaded DAG <DAG: example_short_circuit_operator>
[2025-02-19T10:25:26.585+0000] {processor.py:925} INFO - DAG(s) 'example_short_circuit_operator' retrieved from /home/airflow/.local/lib/python3.12/site-packages/airflow/example_dags/example_short_circuit_operator.py
[2025-02-19T10:25:26.586+0000] {logging_mixin.py:190} INFO - [2025-02-19T10:25:26.586+0000] {dagbag.py:710} DEBUG - Running dagbag.sync_to_db with retries. Try 1 of 3
[2025-02-19T10:25:26.586+0000] {logging_mixin.py:190} INFO - [2025-02-19T10:25:26.586+0000] {dagbag.py:715} DEBUG - Calling the DAG.bulk_sync_to_db method
[2025-02-19T10:25:26.597+0000] {logging_mixin.py:190} INFO - [2025-02-19T10:25:26.596+0000] {serialized_dag.py:168} DEBUG - Checking if DAG (example_short_circuit_operator) changed
[2025-02-19T10:25:26.608+0000] {logging_mixin.py:190} INFO - [2025-02-19T10:25:26.608+0000] {serialized_dag.py:179} DEBUG - Serialized DAG (example_short_circuit_operator) is unchanged. Skipping writing to DB
[2025-02-19T10:25:26.609+0000] {logging_mixin.py:190} INFO - [2025-02-19T10:25:26.608+0000] {dag.py:3229} INFO - Sync 1 DAGs
[2025-02-19T10:25:26.621+0000] {logging_mixin.py:190} INFO - [2025-02-19T10:25:26.621+0000] {dag.py:4156} INFO - Setting next_dagrun for example_short_circuit_operator to None, run_after=None
[2025-02-19T10:25:26.644+0000] {processor.py:208} INFO - Processing /home/airflow/.local/lib/python3.12/site-packages/airflow/example_dags/example_short_circuit_operator.py took 0.076 seconds
[2025-02-19T10:25:57.327+0000] {logging_mixin.py:190} INFO - [2025-02-19T10:25:57.326+0000] {settings.py:475} DEBUG - Setting up DB connection pool (PID 399)
[2025-02-19T10:25:57.328+0000] {logging_mixin.py:190} INFO - [2025-02-19T10:25:57.328+0000] {settings.py:579} DEBUG - settings.prepare_engine_args(): Using pool settings. pool_size=5, max_overflow=10, pool_recycle=1800, pid=399
[2025-02-19T10:25:57.333+0000] {processor.py:186} INFO - Started process (PID=399) to work on /home/airflow/.local/lib/python3.12/site-packages/airflow/example_dags/example_short_circuit_operator.py
[2025-02-19T10:25:57.333+0000] {processor.py:914} INFO - Processing file /home/airflow/.local/lib/python3.12/site-packages/airflow/example_dags/example_short_circuit_operator.py for tasks to queue
[2025-02-19T10:25:57.334+0000] {logging_mixin.py:190} INFO - [2025-02-19T10:25:57.333+0000] {dagbag.py:587} INFO - Filling up the DagBag from /home/airflow/.local/lib/python3.12/site-packages/airflow/example_dags/example_short_circuit_operator.py
[2025-02-19T10:25:57.335+0000] {logging_mixin.py:190} INFO - [2025-02-19T10:25:57.335+0000] {dagbag.py:368} DEBUG - Importing /home/airflow/.local/lib/python3.12/site-packages/airflow/example_dags/example_short_circuit_operator.py
[2025-02-19T10:25:57.343+0000] {logging_mixin.py:190} INFO - [2025-02-19T10:25:57.342+0000] {dagbag.py:553} DEBUG - Loaded DAG <DAG: example_short_circuit_operator>
[2025-02-19T10:25:57.343+0000] {processor.py:925} INFO - DAG(s) 'example_short_circuit_operator' retrieved from /home/airflow/.local/lib/python3.12/site-packages/airflow/example_dags/example_short_circuit_operator.py
[2025-02-19T10:25:57.344+0000] {logging_mixin.py:190} INFO - [2025-02-19T10:25:57.343+0000] {dagbag.py:710} DEBUG - Running dagbag.sync_to_db with retries. Try 1 of 3
[2025-02-19T10:25:57.344+0000] {logging_mixin.py:190} INFO - [2025-02-19T10:25:57.344+0000] {dagbag.py:715} DEBUG - Calling the DAG.bulk_sync_to_db method
[2025-02-19T10:25:57.354+0000] {logging_mixin.py:190} INFO - [2025-02-19T10:25:57.354+0000] {serialized_dag.py:168} DEBUG - Checking if DAG (example_short_circuit_operator) changed
[2025-02-19T10:25:57.364+0000] {logging_mixin.py:190} INFO - [2025-02-19T10:25:57.364+0000] {serialized_dag.py:179} DEBUG - Serialized DAG (example_short_circuit_operator) is unchanged. Skipping writing to DB
[2025-02-19T10:25:57.365+0000] {logging_mixin.py:190} INFO - [2025-02-19T10:25:57.365+0000] {dag.py:3229} INFO - Sync 1 DAGs
[2025-02-19T10:25:57.377+0000] {logging_mixin.py:190} INFO - [2025-02-19T10:25:57.377+0000] {dag.py:4156} INFO - Setting next_dagrun for example_short_circuit_operator to None, run_after=None
[2025-02-19T10:25:57.394+0000] {processor.py:208} INFO - Processing /home/airflow/.local/lib/python3.12/site-packages/airflow/example_dags/example_short_circuit_operator.py took 0.068 seconds
[2025-02-19T10:26:28.067+0000] {logging_mixin.py:190} INFO - [2025-02-19T10:26:28.067+0000] {settings.py:475} DEBUG - Setting up DB connection pool (PID 463)
[2025-02-19T10:26:28.069+0000] {logging_mixin.py:190} INFO - [2025-02-19T10:26:28.069+0000] {settings.py:579} DEBUG - settings.prepare_engine_args(): Using pool settings. pool_size=5, max_overflow=10, pool_recycle=1800, pid=463
[2025-02-19T10:26:28.073+0000] {processor.py:186} INFO - Started process (PID=463) to work on /home/airflow/.local/lib/python3.12/site-packages/airflow/example_dags/example_short_circuit_operator.py
[2025-02-19T10:26:28.073+0000] {processor.py:914} INFO - Processing file /home/airflow/.local/lib/python3.12/site-packages/airflow/example_dags/example_short_circuit_operator.py for tasks to queue
[2025-02-19T10:26:28.074+0000] {logging_mixin.py:190} INFO - [2025-02-19T10:26:28.074+0000] {dagbag.py:587} INFO - Filling up the DagBag from /home/airflow/.local/lib/python3.12/site-packages/airflow/example_dags/example_short_circuit_operator.py
[2025-02-19T10:26:28.075+0000] {logging_mixin.py:190} INFO - [2025-02-19T10:26:28.075+0000] {dagbag.py:368} DEBUG - Importing /home/airflow/.local/lib/python3.12/site-packages/airflow/example_dags/example_short_circuit_operator.py
[2025-02-19T10:26:28.082+0000] {logging_mixin.py:190} INFO - [2025-02-19T10:26:28.081+0000] {dagbag.py:553} DEBUG - Loaded DAG <DAG: example_short_circuit_operator>
[2025-02-19T10:26:28.082+0000] {processor.py:925} INFO - DAG(s) 'example_short_circuit_operator' retrieved from /home/airflow/.local/lib/python3.12/site-packages/airflow/example_dags/example_short_circuit_operator.py
[2025-02-19T10:26:28.082+0000] {logging_mixin.py:190} INFO - [2025-02-19T10:26:28.082+0000] {dagbag.py:710} DEBUG - Running dagbag.sync_to_db with retries. Try 1 of 3
[2025-02-19T10:26:28.083+0000] {logging_mixin.py:190} INFO - [2025-02-19T10:26:28.083+0000] {dagbag.py:715} DEBUG - Calling the DAG.bulk_sync_to_db method
[2025-02-19T10:26:28.093+0000] {logging_mixin.py:190} INFO - [2025-02-19T10:26:28.093+0000] {serialized_dag.py:168} DEBUG - Checking if DAG (example_short_circuit_operator) changed
[2025-02-19T10:26:28.103+0000] {logging_mixin.py:190} INFO - [2025-02-19T10:26:28.103+0000] {serialized_dag.py:179} DEBUG - Serialized DAG (example_short_circuit_operator) is unchanged. Skipping writing to DB
[2025-02-19T10:26:28.104+0000] {logging_mixin.py:190} INFO - [2025-02-19T10:26:28.104+0000] {dag.py:3229} INFO - Sync 1 DAGs
[2025-02-19T10:26:28.117+0000] {logging_mixin.py:190} INFO - [2025-02-19T10:26:28.116+0000] {dag.py:4156} INFO - Setting next_dagrun for example_short_circuit_operator to None, run_after=None
[2025-02-19T10:26:28.133+0000] {processor.py:208} INFO - Processing /home/airflow/.local/lib/python3.12/site-packages/airflow/example_dags/example_short_circuit_operator.py took 0.066 seconds
