[2025-02-19T09:38:31.100+0000] {processor.py:186} INFO - Started process (PID=108) to work on /home/airflow/.local/lib/python3.12/site-packages/airflow/example_dags/example_branch_day_of_week_operator.py
[2025-02-19T09:38:31.101+0000] {processor.py:914} INFO - Processing file /home/airflow/.local/lib/python3.12/site-packages/airflow/example_dags/example_branch_day_of_week_operator.py for tasks to queue
[2025-02-19T09:38:31.102+0000] {logging_mixin.py:190} INFO - [2025-02-19T09:38:31.102+0000] {dagbag.py:587} INFO - Filling up the DagBag from /home/airflow/.local/lib/python3.12/site-packages/airflow/example_dags/example_branch_day_of_week_operator.py
[2025-02-19T09:38:31.113+0000] {processor.py:925} INFO - DAG(s) 'example_weekday_branch_operator' retrieved from /home/airflow/.local/lib/python3.12/site-packages/airflow/example_dags/example_branch_day_of_week_operator.py
[2025-02-19T09:38:31.139+0000] {logging_mixin.py:190} INFO - [2025-02-19T09:38:31.139+0000] {dag.py:3229} INFO - Sync 1 DAGs
[2025-02-19T09:38:31.169+0000] {logging_mixin.py:190} INFO - [2025-02-19T09:38:31.169+0000] {dag.py:4156} INFO - Setting next_dagrun for example_weekday_branch_operator to 2025-02-18 00:00:00+00:00, run_after=2025-02-19 00:00:00+00:00
[2025-02-19T09:38:31.188+0000] {processor.py:208} INFO - Processing /home/airflow/.local/lib/python3.12/site-packages/airflow/example_dags/example_branch_day_of_week_operator.py took 0.094 seconds
[2025-02-19T09:39:01.913+0000] {processor.py:186} INFO - Started process (PID=177) to work on /home/airflow/.local/lib/python3.12/site-packages/airflow/example_dags/example_branch_day_of_week_operator.py
[2025-02-19T09:39:01.914+0000] {processor.py:914} INFO - Processing file /home/airflow/.local/lib/python3.12/site-packages/airflow/example_dags/example_branch_day_of_week_operator.py for tasks to queue
[2025-02-19T09:39:01.916+0000] {logging_mixin.py:190} INFO - [2025-02-19T09:39:01.916+0000] {dagbag.py:587} INFO - Filling up the DagBag from /home/airflow/.local/lib/python3.12/site-packages/airflow/example_dags/example_branch_day_of_week_operator.py
[2025-02-19T09:39:01.924+0000] {processor.py:925} INFO - DAG(s) 'example_weekday_branch_operator' retrieved from /home/airflow/.local/lib/python3.12/site-packages/airflow/example_dags/example_branch_day_of_week_operator.py
[2025-02-19T09:39:01.944+0000] {logging_mixin.py:190} INFO - [2025-02-19T09:39:01.943+0000] {dag.py:3229} INFO - Sync 1 DAGs
[2025-02-19T09:39:01.967+0000] {logging_mixin.py:190} INFO - [2025-02-19T09:39:01.967+0000] {dag.py:4156} INFO - Setting next_dagrun for example_weekday_branch_operator to 2025-02-18 00:00:00+00:00, run_after=2025-02-19 00:00:00+00:00
[2025-02-19T09:39:01.990+0000] {processor.py:208} INFO - Processing /home/airflow/.local/lib/python3.12/site-packages/airflow/example_dags/example_branch_day_of_week_operator.py took 0.082 seconds
[2025-02-19T09:39:32.276+0000] {processor.py:186} INFO - Started process (PID=241) to work on /home/airflow/.local/lib/python3.12/site-packages/airflow/example_dags/example_branch_day_of_week_operator.py
[2025-02-19T09:39:32.277+0000] {processor.py:914} INFO - Processing file /home/airflow/.local/lib/python3.12/site-packages/airflow/example_dags/example_branch_day_of_week_operator.py for tasks to queue
[2025-02-19T09:39:32.279+0000] {logging_mixin.py:190} INFO - [2025-02-19T09:39:32.279+0000] {dagbag.py:587} INFO - Filling up the DagBag from /home/airflow/.local/lib/python3.12/site-packages/airflow/example_dags/example_branch_day_of_week_operator.py
[2025-02-19T09:39:32.286+0000] {processor.py:925} INFO - DAG(s) 'example_weekday_branch_operator' retrieved from /home/airflow/.local/lib/python3.12/site-packages/airflow/example_dags/example_branch_day_of_week_operator.py
[2025-02-19T09:39:32.303+0000] {logging_mixin.py:190} INFO - [2025-02-19T09:39:32.303+0000] {dag.py:3229} INFO - Sync 1 DAGs
[2025-02-19T09:39:32.323+0000] {logging_mixin.py:190} INFO - [2025-02-19T09:39:32.323+0000] {dag.py:4156} INFO - Setting next_dagrun for example_weekday_branch_operator to 2025-02-18 00:00:00+00:00, run_after=2025-02-19 00:00:00+00:00
[2025-02-19T09:39:32.339+0000] {processor.py:208} INFO - Processing /home/airflow/.local/lib/python3.12/site-packages/airflow/example_dags/example_branch_day_of_week_operator.py took 0.067 seconds
[2025-02-19T09:40:02.554+0000] {processor.py:186} INFO - Started process (PID=305) to work on /home/airflow/.local/lib/python3.12/site-packages/airflow/example_dags/example_branch_day_of_week_operator.py
[2025-02-19T09:40:02.555+0000] {processor.py:914} INFO - Processing file /home/airflow/.local/lib/python3.12/site-packages/airflow/example_dags/example_branch_day_of_week_operator.py for tasks to queue
[2025-02-19T09:40:02.557+0000] {logging_mixin.py:190} INFO - [2025-02-19T09:40:02.557+0000] {dagbag.py:587} INFO - Filling up the DagBag from /home/airflow/.local/lib/python3.12/site-packages/airflow/example_dags/example_branch_day_of_week_operator.py
[2025-02-19T09:40:02.564+0000] {processor.py:925} INFO - DAG(s) 'example_weekday_branch_operator' retrieved from /home/airflow/.local/lib/python3.12/site-packages/airflow/example_dags/example_branch_day_of_week_operator.py
[2025-02-19T09:40:02.583+0000] {logging_mixin.py:190} INFO - [2025-02-19T09:40:02.582+0000] {dag.py:3229} INFO - Sync 1 DAGs
[2025-02-19T09:40:02.602+0000] {logging_mixin.py:190} INFO - [2025-02-19T09:40:02.602+0000] {dag.py:4156} INFO - Setting next_dagrun for example_weekday_branch_operator to 2025-02-18 00:00:00+00:00, run_after=2025-02-19 00:00:00+00:00
[2025-02-19T09:40:02.619+0000] {processor.py:208} INFO - Processing /home/airflow/.local/lib/python3.12/site-packages/airflow/example_dags/example_branch_day_of_week_operator.py took 0.069 seconds
[2025-02-19T09:40:32.712+0000] {processor.py:186} INFO - Started process (PID=369) to work on /home/airflow/.local/lib/python3.12/site-packages/airflow/example_dags/example_branch_day_of_week_operator.py
[2025-02-19T09:40:32.713+0000] {processor.py:914} INFO - Processing file /home/airflow/.local/lib/python3.12/site-packages/airflow/example_dags/example_branch_day_of_week_operator.py for tasks to queue
[2025-02-19T09:40:32.715+0000] {logging_mixin.py:190} INFO - [2025-02-19T09:40:32.714+0000] {dagbag.py:587} INFO - Filling up the DagBag from /home/airflow/.local/lib/python3.12/site-packages/airflow/example_dags/example_branch_day_of_week_operator.py
[2025-02-19T09:40:32.722+0000] {processor.py:925} INFO - DAG(s) 'example_weekday_branch_operator' retrieved from /home/airflow/.local/lib/python3.12/site-packages/airflow/example_dags/example_branch_day_of_week_operator.py
[2025-02-19T09:40:32.743+0000] {logging_mixin.py:190} INFO - [2025-02-19T09:40:32.742+0000] {dag.py:3229} INFO - Sync 1 DAGs
[2025-02-19T09:40:32.764+0000] {logging_mixin.py:190} INFO - [2025-02-19T09:40:32.763+0000] {dag.py:4156} INFO - Setting next_dagrun for example_weekday_branch_operator to 2025-02-18 00:00:00+00:00, run_after=2025-02-19 00:00:00+00:00
[2025-02-19T09:40:32.781+0000] {processor.py:208} INFO - Processing /home/airflow/.local/lib/python3.12/site-packages/airflow/example_dags/example_branch_day_of_week_operator.py took 0.074 seconds
[2025-02-19T09:41:02.837+0000] {processor.py:186} INFO - Started process (PID=432) to work on /home/airflow/.local/lib/python3.12/site-packages/airflow/example_dags/example_branch_day_of_week_operator.py
[2025-02-19T09:41:02.839+0000] {processor.py:914} INFO - Processing file /home/airflow/.local/lib/python3.12/site-packages/airflow/example_dags/example_branch_day_of_week_operator.py for tasks to queue
[2025-02-19T09:41:02.840+0000] {logging_mixin.py:190} INFO - [2025-02-19T09:41:02.840+0000] {dagbag.py:587} INFO - Filling up the DagBag from /home/airflow/.local/lib/python3.12/site-packages/airflow/example_dags/example_branch_day_of_week_operator.py
[2025-02-19T09:41:02.847+0000] {processor.py:925} INFO - DAG(s) 'example_weekday_branch_operator' retrieved from /home/airflow/.local/lib/python3.12/site-packages/airflow/example_dags/example_branch_day_of_week_operator.py
[2025-02-19T09:41:02.863+0000] {logging_mixin.py:190} INFO - [2025-02-19T09:41:02.862+0000] {dag.py:3229} INFO - Sync 1 DAGs
[2025-02-19T09:41:02.882+0000] {logging_mixin.py:190} INFO - [2025-02-19T09:41:02.882+0000] {dag.py:4156} INFO - Setting next_dagrun for example_weekday_branch_operator to 2025-02-18 00:00:00+00:00, run_after=2025-02-19 00:00:00+00:00
[2025-02-19T09:41:02.896+0000] {processor.py:208} INFO - Processing /home/airflow/.local/lib/python3.12/site-packages/airflow/example_dags/example_branch_day_of_week_operator.py took 0.062 seconds
[2025-02-19T09:41:33.150+0000] {processor.py:186} INFO - Started process (PID=496) to work on /home/airflow/.local/lib/python3.12/site-packages/airflow/example_dags/example_branch_day_of_week_operator.py
[2025-02-19T09:41:33.151+0000] {processor.py:914} INFO - Processing file /home/airflow/.local/lib/python3.12/site-packages/airflow/example_dags/example_branch_day_of_week_operator.py for tasks to queue
[2025-02-19T09:41:33.152+0000] {logging_mixin.py:190} INFO - [2025-02-19T09:41:33.152+0000] {dagbag.py:587} INFO - Filling up the DagBag from /home/airflow/.local/lib/python3.12/site-packages/airflow/example_dags/example_branch_day_of_week_operator.py
[2025-02-19T09:41:33.159+0000] {processor.py:925} INFO - DAG(s) 'example_weekday_branch_operator' retrieved from /home/airflow/.local/lib/python3.12/site-packages/airflow/example_dags/example_branch_day_of_week_operator.py
[2025-02-19T09:41:33.176+0000] {logging_mixin.py:190} INFO - [2025-02-19T09:41:33.175+0000] {dag.py:3229} INFO - Sync 1 DAGs
[2025-02-19T09:41:33.195+0000] {logging_mixin.py:190} INFO - [2025-02-19T09:41:33.195+0000] {dag.py:4156} INFO - Setting next_dagrun for example_weekday_branch_operator to 2025-02-18 00:00:00+00:00, run_after=2025-02-19 00:00:00+00:00
[2025-02-19T09:41:33.212+0000] {processor.py:208} INFO - Processing /home/airflow/.local/lib/python3.12/site-packages/airflow/example_dags/example_branch_day_of_week_operator.py took 0.068 seconds
[2025-02-19T09:42:04.359+0000] {processor.py:186} INFO - Started process (PID=561) to work on /home/airflow/.local/lib/python3.12/site-packages/airflow/example_dags/example_branch_day_of_week_operator.py
[2025-02-19T09:42:04.360+0000] {processor.py:914} INFO - Processing file /home/airflow/.local/lib/python3.12/site-packages/airflow/example_dags/example_branch_day_of_week_operator.py for tasks to queue
[2025-02-19T09:42:04.361+0000] {logging_mixin.py:190} INFO - [2025-02-19T09:42:04.361+0000] {dagbag.py:587} INFO - Filling up the DagBag from /home/airflow/.local/lib/python3.12/site-packages/airflow/example_dags/example_branch_day_of_week_operator.py
[2025-02-19T09:42:04.368+0000] {processor.py:925} INFO - DAG(s) 'example_weekday_branch_operator' retrieved from /home/airflow/.local/lib/python3.12/site-packages/airflow/example_dags/example_branch_day_of_week_operator.py
[2025-02-19T09:42:04.384+0000] {logging_mixin.py:190} INFO - [2025-02-19T09:42:04.384+0000] {dag.py:3229} INFO - Sync 1 DAGs
[2025-02-19T09:42:04.402+0000] {logging_mixin.py:190} INFO - [2025-02-19T09:42:04.402+0000] {dag.py:4156} INFO - Setting next_dagrun for example_weekday_branch_operator to 2025-02-18 00:00:00+00:00, run_after=2025-02-19 00:00:00+00:00
[2025-02-19T09:42:04.416+0000] {processor.py:208} INFO - Processing /home/airflow/.local/lib/python3.12/site-packages/airflow/example_dags/example_branch_day_of_week_operator.py took 0.062 seconds
[2025-02-19T09:42:34.702+0000] {processor.py:186} INFO - Started process (PID=625) to work on /home/airflow/.local/lib/python3.12/site-packages/airflow/example_dags/example_branch_day_of_week_operator.py
[2025-02-19T09:42:34.703+0000] {processor.py:914} INFO - Processing file /home/airflow/.local/lib/python3.12/site-packages/airflow/example_dags/example_branch_day_of_week_operator.py for tasks to queue
[2025-02-19T09:42:34.704+0000] {logging_mixin.py:190} INFO - [2025-02-19T09:42:34.704+0000] {dagbag.py:587} INFO - Filling up the DagBag from /home/airflow/.local/lib/python3.12/site-packages/airflow/example_dags/example_branch_day_of_week_operator.py
[2025-02-19T09:42:34.711+0000] {processor.py:925} INFO - DAG(s) 'example_weekday_branch_operator' retrieved from /home/airflow/.local/lib/python3.12/site-packages/airflow/example_dags/example_branch_day_of_week_operator.py
[2025-02-19T09:42:34.728+0000] {logging_mixin.py:190} INFO - [2025-02-19T09:42:34.727+0000] {dag.py:3229} INFO - Sync 1 DAGs
[2025-02-19T09:42:34.748+0000] {logging_mixin.py:190} INFO - [2025-02-19T09:42:34.747+0000] {dag.py:4156} INFO - Setting next_dagrun for example_weekday_branch_operator to 2025-02-18 00:00:00+00:00, run_after=2025-02-19 00:00:00+00:00
[2025-02-19T09:42:34.764+0000] {processor.py:208} INFO - Processing /home/airflow/.local/lib/python3.12/site-packages/airflow/example_dags/example_branch_day_of_week_operator.py took 0.067 seconds
[2025-02-19T09:43:05.859+0000] {processor.py:186} INFO - Started process (PID=689) to work on /home/airflow/.local/lib/python3.12/site-packages/airflow/example_dags/example_branch_day_of_week_operator.py
[2025-02-19T09:43:05.860+0000] {processor.py:914} INFO - Processing file /home/airflow/.local/lib/python3.12/site-packages/airflow/example_dags/example_branch_day_of_week_operator.py for tasks to queue
[2025-02-19T09:43:05.862+0000] {logging_mixin.py:190} INFO - [2025-02-19T09:43:05.861+0000] {dagbag.py:587} INFO - Filling up the DagBag from /home/airflow/.local/lib/python3.12/site-packages/airflow/example_dags/example_branch_day_of_week_operator.py
[2025-02-19T09:43:05.870+0000] {processor.py:925} INFO - DAG(s) 'example_weekday_branch_operator' retrieved from /home/airflow/.local/lib/python3.12/site-packages/airflow/example_dags/example_branch_day_of_week_operator.py
[2025-02-19T09:43:05.889+0000] {logging_mixin.py:190} INFO - [2025-02-19T09:43:05.889+0000] {dag.py:3229} INFO - Sync 1 DAGs
[2025-02-19T09:43:05.912+0000] {logging_mixin.py:190} INFO - [2025-02-19T09:43:05.912+0000] {dag.py:4156} INFO - Setting next_dagrun for example_weekday_branch_operator to 2025-02-18 00:00:00+00:00, run_after=2025-02-19 00:00:00+00:00
[2025-02-19T09:43:05.932+0000] {processor.py:208} INFO - Processing /home/airflow/.local/lib/python3.12/site-packages/airflow/example_dags/example_branch_day_of_week_operator.py took 0.078 seconds
[2025-02-19T09:43:36.149+0000] {processor.py:186} INFO - Started process (PID=753) to work on /home/airflow/.local/lib/python3.12/site-packages/airflow/example_dags/example_branch_day_of_week_operator.py
[2025-02-19T09:43:36.150+0000] {processor.py:914} INFO - Processing file /home/airflow/.local/lib/python3.12/site-packages/airflow/example_dags/example_branch_day_of_week_operator.py for tasks to queue
[2025-02-19T09:43:36.152+0000] {logging_mixin.py:190} INFO - [2025-02-19T09:43:36.151+0000] {dagbag.py:587} INFO - Filling up the DagBag from /home/airflow/.local/lib/python3.12/site-packages/airflow/example_dags/example_branch_day_of_week_operator.py
[2025-02-19T09:43:36.159+0000] {processor.py:925} INFO - DAG(s) 'example_weekday_branch_operator' retrieved from /home/airflow/.local/lib/python3.12/site-packages/airflow/example_dags/example_branch_day_of_week_operator.py
[2025-02-19T09:43:36.178+0000] {logging_mixin.py:190} INFO - [2025-02-19T09:43:36.177+0000] {dag.py:3229} INFO - Sync 1 DAGs
[2025-02-19T09:43:36.197+0000] {logging_mixin.py:190} INFO - [2025-02-19T09:43:36.196+0000] {dag.py:4156} INFO - Setting next_dagrun for example_weekday_branch_operator to 2025-02-18 00:00:00+00:00, run_after=2025-02-19 00:00:00+00:00
[2025-02-19T09:43:36.212+0000] {processor.py:208} INFO - Processing /home/airflow/.local/lib/python3.12/site-packages/airflow/example_dags/example_branch_day_of_week_operator.py took 0.067 seconds
[2025-02-19T09:44:06.414+0000] {processor.py:186} INFO - Started process (PID=817) to work on /home/airflow/.local/lib/python3.12/site-packages/airflow/example_dags/example_branch_day_of_week_operator.py
[2025-02-19T09:44:06.415+0000] {processor.py:914} INFO - Processing file /home/airflow/.local/lib/python3.12/site-packages/airflow/example_dags/example_branch_day_of_week_operator.py for tasks to queue
[2025-02-19T09:44:06.417+0000] {logging_mixin.py:190} INFO - [2025-02-19T09:44:06.417+0000] {dagbag.py:587} INFO - Filling up the DagBag from /home/airflow/.local/lib/python3.12/site-packages/airflow/example_dags/example_branch_day_of_week_operator.py
[2025-02-19T09:44:06.424+0000] {processor.py:925} INFO - DAG(s) 'example_weekday_branch_operator' retrieved from /home/airflow/.local/lib/python3.12/site-packages/airflow/example_dags/example_branch_day_of_week_operator.py
[2025-02-19T09:44:06.441+0000] {logging_mixin.py:190} INFO - [2025-02-19T09:44:06.440+0000] {dag.py:3229} INFO - Sync 1 DAGs
[2025-02-19T09:44:06.461+0000] {logging_mixin.py:190} INFO - [2025-02-19T09:44:06.460+0000] {dag.py:4156} INFO - Setting next_dagrun for example_weekday_branch_operator to 2025-02-18 00:00:00+00:00, run_after=2025-02-19 00:00:00+00:00
[2025-02-19T09:44:06.475+0000] {processor.py:208} INFO - Processing /home/airflow/.local/lib/python3.12/site-packages/airflow/example_dags/example_branch_day_of_week_operator.py took 0.065 seconds
[2025-02-19T09:44:37.363+0000] {processor.py:186} INFO - Started process (PID=881) to work on /home/airflow/.local/lib/python3.12/site-packages/airflow/example_dags/example_branch_day_of_week_operator.py
[2025-02-19T09:44:37.364+0000] {processor.py:914} INFO - Processing file /home/airflow/.local/lib/python3.12/site-packages/airflow/example_dags/example_branch_day_of_week_operator.py for tasks to queue
[2025-02-19T09:44:37.366+0000] {logging_mixin.py:190} INFO - [2025-02-19T09:44:37.366+0000] {dagbag.py:587} INFO - Filling up the DagBag from /home/airflow/.local/lib/python3.12/site-packages/airflow/example_dags/example_branch_day_of_week_operator.py
[2025-02-19T09:44:37.373+0000] {processor.py:925} INFO - DAG(s) 'example_weekday_branch_operator' retrieved from /home/airflow/.local/lib/python3.12/site-packages/airflow/example_dags/example_branch_day_of_week_operator.py
[2025-02-19T09:44:37.390+0000] {logging_mixin.py:190} INFO - [2025-02-19T09:44:37.389+0000] {dag.py:3229} INFO - Sync 1 DAGs
[2025-02-19T09:44:37.408+0000] {logging_mixin.py:190} INFO - [2025-02-19T09:44:37.408+0000] {dag.py:4156} INFO - Setting next_dagrun for example_weekday_branch_operator to 2025-02-18 00:00:00+00:00, run_after=2025-02-19 00:00:00+00:00
[2025-02-19T09:44:37.426+0000] {processor.py:208} INFO - Processing /home/airflow/.local/lib/python3.12/site-packages/airflow/example_dags/example_branch_day_of_week_operator.py took 0.067 seconds
[2025-02-19T09:45:07.728+0000] {processor.py:186} INFO - Started process (PID=945) to work on /home/airflow/.local/lib/python3.12/site-packages/airflow/example_dags/example_branch_day_of_week_operator.py
[2025-02-19T09:45:07.730+0000] {processor.py:914} INFO - Processing file /home/airflow/.local/lib/python3.12/site-packages/airflow/example_dags/example_branch_day_of_week_operator.py for tasks to queue
[2025-02-19T09:45:07.731+0000] {logging_mixin.py:190} INFO - [2025-02-19T09:45:07.731+0000] {dagbag.py:587} INFO - Filling up the DagBag from /home/airflow/.local/lib/python3.12/site-packages/airflow/example_dags/example_branch_day_of_week_operator.py
[2025-02-19T09:45:07.739+0000] {processor.py:925} INFO - DAG(s) 'example_weekday_branch_operator' retrieved from /home/airflow/.local/lib/python3.12/site-packages/airflow/example_dags/example_branch_day_of_week_operator.py
[2025-02-19T09:45:07.757+0000] {logging_mixin.py:190} INFO - [2025-02-19T09:45:07.756+0000] {dag.py:3229} INFO - Sync 1 DAGs
[2025-02-19T09:45:07.778+0000] {logging_mixin.py:190} INFO - [2025-02-19T09:45:07.778+0000] {dag.py:4156} INFO - Setting next_dagrun for example_weekday_branch_operator to 2025-02-18 00:00:00+00:00, run_after=2025-02-19 00:00:00+00:00
[2025-02-19T09:45:07.795+0000] {processor.py:208} INFO - Processing /home/airflow/.local/lib/python3.12/site-packages/airflow/example_dags/example_branch_day_of_week_operator.py took 0.072 seconds
[2025-02-19T09:45:38.973+0000] {processor.py:186} INFO - Started process (PID=1009) to work on /home/airflow/.local/lib/python3.12/site-packages/airflow/example_dags/example_branch_day_of_week_operator.py
[2025-02-19T09:45:38.974+0000] {processor.py:914} INFO - Processing file /home/airflow/.local/lib/python3.12/site-packages/airflow/example_dags/example_branch_day_of_week_operator.py for tasks to queue
[2025-02-19T09:45:38.977+0000] {logging_mixin.py:190} INFO - [2025-02-19T09:45:38.977+0000] {dagbag.py:587} INFO - Filling up the DagBag from /home/airflow/.local/lib/python3.12/site-packages/airflow/example_dags/example_branch_day_of_week_operator.py
[2025-02-19T09:45:38.984+0000] {processor.py:925} INFO - DAG(s) 'example_weekday_branch_operator' retrieved from /home/airflow/.local/lib/python3.12/site-packages/airflow/example_dags/example_branch_day_of_week_operator.py
[2025-02-19T09:45:39.003+0000] {logging_mixin.py:190} INFO - [2025-02-19T09:45:39.002+0000] {dag.py:3229} INFO - Sync 1 DAGs
[2025-02-19T09:45:39.024+0000] {logging_mixin.py:190} INFO - [2025-02-19T09:45:39.024+0000] {dag.py:4156} INFO - Setting next_dagrun for example_weekday_branch_operator to 2025-02-18 00:00:00+00:00, run_after=2025-02-19 00:00:00+00:00
[2025-02-19T09:45:39.040+0000] {processor.py:208} INFO - Processing /home/airflow/.local/lib/python3.12/site-packages/airflow/example_dags/example_branch_day_of_week_operator.py took 0.071 seconds
[2025-02-19T09:46:09.979+0000] {processor.py:186} INFO - Started process (PID=1073) to work on /home/airflow/.local/lib/python3.12/site-packages/airflow/example_dags/example_branch_day_of_week_operator.py
[2025-02-19T09:46:09.981+0000] {processor.py:914} INFO - Processing file /home/airflow/.local/lib/python3.12/site-packages/airflow/example_dags/example_branch_day_of_week_operator.py for tasks to queue
[2025-02-19T09:46:09.982+0000] {logging_mixin.py:190} INFO - [2025-02-19T09:46:09.982+0000] {dagbag.py:587} INFO - Filling up the DagBag from /home/airflow/.local/lib/python3.12/site-packages/airflow/example_dags/example_branch_day_of_week_operator.py
[2025-02-19T09:46:09.989+0000] {processor.py:925} INFO - DAG(s) 'example_weekday_branch_operator' retrieved from /home/airflow/.local/lib/python3.12/site-packages/airflow/example_dags/example_branch_day_of_week_operator.py
[2025-02-19T09:46:10.007+0000] {logging_mixin.py:190} INFO - [2025-02-19T09:46:10.006+0000] {dag.py:3229} INFO - Sync 1 DAGs
[2025-02-19T09:46:10.025+0000] {logging_mixin.py:190} INFO - [2025-02-19T09:46:10.025+0000] {dag.py:4156} INFO - Setting next_dagrun for example_weekday_branch_operator to 2025-02-18 00:00:00+00:00, run_after=2025-02-19 00:00:00+00:00
[2025-02-19T09:46:10.038+0000] {processor.py:208} INFO - Processing /home/airflow/.local/lib/python3.12/site-packages/airflow/example_dags/example_branch_day_of_week_operator.py took 0.063 seconds
[2025-02-19T09:46:40.864+0000] {processor.py:186} INFO - Started process (PID=1137) to work on /home/airflow/.local/lib/python3.12/site-packages/airflow/example_dags/example_branch_day_of_week_operator.py
[2025-02-19T09:46:40.865+0000] {processor.py:914} INFO - Processing file /home/airflow/.local/lib/python3.12/site-packages/airflow/example_dags/example_branch_day_of_week_operator.py for tasks to queue
[2025-02-19T09:46:40.867+0000] {logging_mixin.py:190} INFO - [2025-02-19T09:46:40.866+0000] {dagbag.py:587} INFO - Filling up the DagBag from /home/airflow/.local/lib/python3.12/site-packages/airflow/example_dags/example_branch_day_of_week_operator.py
[2025-02-19T09:46:40.873+0000] {processor.py:925} INFO - DAG(s) 'example_weekday_branch_operator' retrieved from /home/airflow/.local/lib/python3.12/site-packages/airflow/example_dags/example_branch_day_of_week_operator.py
[2025-02-19T09:46:40.891+0000] {logging_mixin.py:190} INFO - [2025-02-19T09:46:40.891+0000] {dag.py:3229} INFO - Sync 1 DAGs
[2025-02-19T09:46:40.910+0000] {logging_mixin.py:190} INFO - [2025-02-19T09:46:40.910+0000] {dag.py:4156} INFO - Setting next_dagrun for example_weekday_branch_operator to 2025-02-18 00:00:00+00:00, run_after=2025-02-19 00:00:00+00:00
[2025-02-19T09:46:40.924+0000] {processor.py:208} INFO - Processing /home/airflow/.local/lib/python3.12/site-packages/airflow/example_dags/example_branch_day_of_week_operator.py took 0.064 seconds
[2025-02-19T09:47:12.044+0000] {processor.py:186} INFO - Started process (PID=1201) to work on /home/airflow/.local/lib/python3.12/site-packages/airflow/example_dags/example_branch_day_of_week_operator.py
[2025-02-19T09:47:12.045+0000] {processor.py:914} INFO - Processing file /home/airflow/.local/lib/python3.12/site-packages/airflow/example_dags/example_branch_day_of_week_operator.py for tasks to queue
[2025-02-19T09:47:12.047+0000] {logging_mixin.py:190} INFO - [2025-02-19T09:47:12.047+0000] {dagbag.py:587} INFO - Filling up the DagBag from /home/airflow/.local/lib/python3.12/site-packages/airflow/example_dags/example_branch_day_of_week_operator.py
[2025-02-19T09:47:12.055+0000] {processor.py:925} INFO - DAG(s) 'example_weekday_branch_operator' retrieved from /home/airflow/.local/lib/python3.12/site-packages/airflow/example_dags/example_branch_day_of_week_operator.py
[2025-02-19T09:47:12.076+0000] {logging_mixin.py:190} INFO - [2025-02-19T09:47:12.075+0000] {dag.py:3229} INFO - Sync 1 DAGs
[2025-02-19T09:47:12.098+0000] {logging_mixin.py:190} INFO - [2025-02-19T09:47:12.097+0000] {dag.py:4156} INFO - Setting next_dagrun for example_weekday_branch_operator to 2025-02-18 00:00:00+00:00, run_after=2025-02-19 00:00:00+00:00
[2025-02-19T09:47:12.113+0000] {processor.py:208} INFO - Processing /home/airflow/.local/lib/python3.12/site-packages/airflow/example_dags/example_branch_day_of_week_operator.py took 0.074 seconds
[2025-02-19T09:47:42.455+0000] {processor.py:186} INFO - Started process (PID=1265) to work on /home/airflow/.local/lib/python3.12/site-packages/airflow/example_dags/example_branch_day_of_week_operator.py
[2025-02-19T09:47:42.457+0000] {processor.py:914} INFO - Processing file /home/airflow/.local/lib/python3.12/site-packages/airflow/example_dags/example_branch_day_of_week_operator.py for tasks to queue
[2025-02-19T09:47:42.459+0000] {logging_mixin.py:190} INFO - [2025-02-19T09:47:42.459+0000] {dagbag.py:587} INFO - Filling up the DagBag from /home/airflow/.local/lib/python3.12/site-packages/airflow/example_dags/example_branch_day_of_week_operator.py
[2025-02-19T09:47:42.467+0000] {processor.py:925} INFO - DAG(s) 'example_weekday_branch_operator' retrieved from /home/airflow/.local/lib/python3.12/site-packages/airflow/example_dags/example_branch_day_of_week_operator.py
[2025-02-19T09:47:42.488+0000] {logging_mixin.py:190} INFO - [2025-02-19T09:47:42.487+0000] {dag.py:3229} INFO - Sync 1 DAGs
[2025-02-19T09:47:42.509+0000] {logging_mixin.py:190} INFO - [2025-02-19T09:47:42.509+0000] {dag.py:4156} INFO - Setting next_dagrun for example_weekday_branch_operator to 2025-02-18 00:00:00+00:00, run_after=2025-02-19 00:00:00+00:00
[2025-02-19T09:47:42.527+0000] {processor.py:208} INFO - Processing /home/airflow/.local/lib/python3.12/site-packages/airflow/example_dags/example_branch_day_of_week_operator.py took 0.076 seconds
[2025-02-19T09:48:12.671+0000] {processor.py:186} INFO - Started process (PID=1330) to work on /home/airflow/.local/lib/python3.12/site-packages/airflow/example_dags/example_branch_day_of_week_operator.py
[2025-02-19T09:48:12.672+0000] {processor.py:914} INFO - Processing file /home/airflow/.local/lib/python3.12/site-packages/airflow/example_dags/example_branch_day_of_week_operator.py for tasks to queue
[2025-02-19T09:48:12.673+0000] {logging_mixin.py:190} INFO - [2025-02-19T09:48:12.673+0000] {dagbag.py:587} INFO - Filling up the DagBag from /home/airflow/.local/lib/python3.12/site-packages/airflow/example_dags/example_branch_day_of_week_operator.py
[2025-02-19T09:48:12.681+0000] {processor.py:925} INFO - DAG(s) 'example_weekday_branch_operator' retrieved from /home/airflow/.local/lib/python3.12/site-packages/airflow/example_dags/example_branch_day_of_week_operator.py
[2025-02-19T09:48:12.700+0000] {logging_mixin.py:190} INFO - [2025-02-19T09:48:12.699+0000] {dag.py:3229} INFO - Sync 1 DAGs
[2025-02-19T09:48:12.721+0000] {logging_mixin.py:190} INFO - [2025-02-19T09:48:12.721+0000] {dag.py:4156} INFO - Setting next_dagrun for example_weekday_branch_operator to 2025-02-18 00:00:00+00:00, run_after=2025-02-19 00:00:00+00:00
[2025-02-19T09:48:12.738+0000] {processor.py:208} INFO - Processing /home/airflow/.local/lib/python3.12/site-packages/airflow/example_dags/example_branch_day_of_week_operator.py took 0.071 seconds
[2025-02-19T09:48:43.778+0000] {processor.py:186} INFO - Started process (PID=1394) to work on /home/airflow/.local/lib/python3.12/site-packages/airflow/example_dags/example_branch_day_of_week_operator.py
[2025-02-19T09:48:43.779+0000] {processor.py:914} INFO - Processing file /home/airflow/.local/lib/python3.12/site-packages/airflow/example_dags/example_branch_day_of_week_operator.py for tasks to queue
[2025-02-19T09:48:43.780+0000] {logging_mixin.py:190} INFO - [2025-02-19T09:48:43.780+0000] {dagbag.py:587} INFO - Filling up the DagBag from /home/airflow/.local/lib/python3.12/site-packages/airflow/example_dags/example_branch_day_of_week_operator.py
[2025-02-19T09:48:43.788+0000] {processor.py:925} INFO - DAG(s) 'example_weekday_branch_operator' retrieved from /home/airflow/.local/lib/python3.12/site-packages/airflow/example_dags/example_branch_day_of_week_operator.py
[2025-02-19T09:48:43.805+0000] {logging_mixin.py:190} INFO - [2025-02-19T09:48:43.805+0000] {dag.py:3229} INFO - Sync 1 DAGs
[2025-02-19T09:48:43.823+0000] {logging_mixin.py:190} INFO - [2025-02-19T09:48:43.823+0000] {dag.py:4156} INFO - Setting next_dagrun for example_weekday_branch_operator to 2025-02-18 00:00:00+00:00, run_after=2025-02-19 00:00:00+00:00
[2025-02-19T09:48:43.840+0000] {processor.py:208} INFO - Processing /home/airflow/.local/lib/python3.12/site-packages/airflow/example_dags/example_branch_day_of_week_operator.py took 0.066 seconds
[2025-02-19T09:49:14.741+0000] {processor.py:186} INFO - Started process (PID=1458) to work on /home/airflow/.local/lib/python3.12/site-packages/airflow/example_dags/example_branch_day_of_week_operator.py
[2025-02-19T09:49:14.742+0000] {processor.py:914} INFO - Processing file /home/airflow/.local/lib/python3.12/site-packages/airflow/example_dags/example_branch_day_of_week_operator.py for tasks to queue
[2025-02-19T09:49:14.744+0000] {logging_mixin.py:190} INFO - [2025-02-19T09:49:14.744+0000] {dagbag.py:587} INFO - Filling up the DagBag from /home/airflow/.local/lib/python3.12/site-packages/airflow/example_dags/example_branch_day_of_week_operator.py
[2025-02-19T09:49:14.752+0000] {processor.py:925} INFO - DAG(s) 'example_weekday_branch_operator' retrieved from /home/airflow/.local/lib/python3.12/site-packages/airflow/example_dags/example_branch_day_of_week_operator.py
[2025-02-19T09:49:14.769+0000] {logging_mixin.py:190} INFO - [2025-02-19T09:49:14.768+0000] {dag.py:3229} INFO - Sync 1 DAGs
[2025-02-19T09:49:14.788+0000] {logging_mixin.py:190} INFO - [2025-02-19T09:49:14.787+0000] {dag.py:4156} INFO - Setting next_dagrun for example_weekday_branch_operator to 2025-02-18 00:00:00+00:00, run_after=2025-02-19 00:00:00+00:00
[2025-02-19T09:49:14.801+0000] {processor.py:208} INFO - Processing /home/airflow/.local/lib/python3.12/site-packages/airflow/example_dags/example_branch_day_of_week_operator.py took 0.064 seconds
[2025-02-19T09:49:45.712+0000] {processor.py:186} INFO - Started process (PID=1522) to work on /home/airflow/.local/lib/python3.12/site-packages/airflow/example_dags/example_branch_day_of_week_operator.py
[2025-02-19T09:49:45.713+0000] {processor.py:914} INFO - Processing file /home/airflow/.local/lib/python3.12/site-packages/airflow/example_dags/example_branch_day_of_week_operator.py for tasks to queue
[2025-02-19T09:49:45.715+0000] {logging_mixin.py:190} INFO - [2025-02-19T09:49:45.715+0000] {dagbag.py:587} INFO - Filling up the DagBag from /home/airflow/.local/lib/python3.12/site-packages/airflow/example_dags/example_branch_day_of_week_operator.py
[2025-02-19T09:49:45.722+0000] {processor.py:925} INFO - DAG(s) 'example_weekday_branch_operator' retrieved from /home/airflow/.local/lib/python3.12/site-packages/airflow/example_dags/example_branch_day_of_week_operator.py
[2025-02-19T09:49:45.739+0000] {logging_mixin.py:190} INFO - [2025-02-19T09:49:45.739+0000] {dag.py:3229} INFO - Sync 1 DAGs
[2025-02-19T09:49:45.757+0000] {logging_mixin.py:190} INFO - [2025-02-19T09:49:45.757+0000] {dag.py:4156} INFO - Setting next_dagrun for example_weekday_branch_operator to 2025-02-18 00:00:00+00:00, run_after=2025-02-19 00:00:00+00:00
[2025-02-19T09:49:45.773+0000] {processor.py:208} INFO - Processing /home/airflow/.local/lib/python3.12/site-packages/airflow/example_dags/example_branch_day_of_week_operator.py took 0.065 seconds
[2025-02-19T09:50:16.063+0000] {processor.py:186} INFO - Started process (PID=1586) to work on /home/airflow/.local/lib/python3.12/site-packages/airflow/example_dags/example_branch_day_of_week_operator.py
[2025-02-19T09:50:16.064+0000] {processor.py:914} INFO - Processing file /home/airflow/.local/lib/python3.12/site-packages/airflow/example_dags/example_branch_day_of_week_operator.py for tasks to queue
[2025-02-19T09:50:16.066+0000] {logging_mixin.py:190} INFO - [2025-02-19T09:50:16.066+0000] {dagbag.py:587} INFO - Filling up the DagBag from /home/airflow/.local/lib/python3.12/site-packages/airflow/example_dags/example_branch_day_of_week_operator.py
[2025-02-19T09:50:16.073+0000] {processor.py:925} INFO - DAG(s) 'example_weekday_branch_operator' retrieved from /home/airflow/.local/lib/python3.12/site-packages/airflow/example_dags/example_branch_day_of_week_operator.py
[2025-02-19T09:50:16.091+0000] {logging_mixin.py:190} INFO - [2025-02-19T09:50:16.091+0000] {dag.py:3229} INFO - Sync 1 DAGs
[2025-02-19T09:50:16.111+0000] {logging_mixin.py:190} INFO - [2025-02-19T09:50:16.111+0000] {dag.py:4156} INFO - Setting next_dagrun for example_weekday_branch_operator to 2025-02-18 00:00:00+00:00, run_after=2025-02-19 00:00:00+00:00
[2025-02-19T09:50:16.126+0000] {processor.py:208} INFO - Processing /home/airflow/.local/lib/python3.12/site-packages/airflow/example_dags/example_branch_day_of_week_operator.py took 0.067 seconds
[2025-02-19T09:50:46.578+0000] {processor.py:186} INFO - Started process (PID=1650) to work on /home/airflow/.local/lib/python3.12/site-packages/airflow/example_dags/example_branch_day_of_week_operator.py
[2025-02-19T09:50:46.579+0000] {processor.py:914} INFO - Processing file /home/airflow/.local/lib/python3.12/site-packages/airflow/example_dags/example_branch_day_of_week_operator.py for tasks to queue
[2025-02-19T09:50:46.581+0000] {logging_mixin.py:190} INFO - [2025-02-19T09:50:46.581+0000] {dagbag.py:587} INFO - Filling up the DagBag from /home/airflow/.local/lib/python3.12/site-packages/airflow/example_dags/example_branch_day_of_week_operator.py
[2025-02-19T09:50:46.588+0000] {processor.py:925} INFO - DAG(s) 'example_weekday_branch_operator' retrieved from /home/airflow/.local/lib/python3.12/site-packages/airflow/example_dags/example_branch_day_of_week_operator.py
[2025-02-19T09:50:46.606+0000] {logging_mixin.py:190} INFO - [2025-02-19T09:50:46.606+0000] {dag.py:3229} INFO - Sync 1 DAGs
[2025-02-19T09:50:46.626+0000] {logging_mixin.py:190} INFO - [2025-02-19T09:50:46.626+0000] {dag.py:4156} INFO - Setting next_dagrun for example_weekday_branch_operator to 2025-02-18 00:00:00+00:00, run_after=2025-02-19 00:00:00+00:00
[2025-02-19T09:50:46.641+0000] {processor.py:208} INFO - Processing /home/airflow/.local/lib/python3.12/site-packages/airflow/example_dags/example_branch_day_of_week_operator.py took 0.067 seconds
[2025-02-19T09:51:16.785+0000] {processor.py:186} INFO - Started process (PID=1714) to work on /home/airflow/.local/lib/python3.12/site-packages/airflow/example_dags/example_branch_day_of_week_operator.py
[2025-02-19T09:51:16.786+0000] {processor.py:914} INFO - Processing file /home/airflow/.local/lib/python3.12/site-packages/airflow/example_dags/example_branch_day_of_week_operator.py for tasks to queue
[2025-02-19T09:51:16.789+0000] {logging_mixin.py:190} INFO - [2025-02-19T09:51:16.789+0000] {dagbag.py:587} INFO - Filling up the DagBag from /home/airflow/.local/lib/python3.12/site-packages/airflow/example_dags/example_branch_day_of_week_operator.py
[2025-02-19T09:51:16.802+0000] {processor.py:925} INFO - DAG(s) 'example_weekday_branch_operator' retrieved from /home/airflow/.local/lib/python3.12/site-packages/airflow/example_dags/example_branch_day_of_week_operator.py
[2025-02-19T09:51:16.828+0000] {logging_mixin.py:190} INFO - [2025-02-19T09:51:16.827+0000] {dag.py:3229} INFO - Sync 1 DAGs
[2025-02-19T09:51:16.853+0000] {logging_mixin.py:190} INFO - [2025-02-19T09:51:16.853+0000] {dag.py:4156} INFO - Setting next_dagrun for example_weekday_branch_operator to 2025-02-18 00:00:00+00:00, run_after=2025-02-19 00:00:00+00:00
[2025-02-19T09:51:16.872+0000] {processor.py:208} INFO - Processing /home/airflow/.local/lib/python3.12/site-packages/airflow/example_dags/example_branch_day_of_week_operator.py took 0.095 seconds
[2025-02-19T09:51:47.090+0000] {processor.py:186} INFO - Started process (PID=1778) to work on /home/airflow/.local/lib/python3.12/site-packages/airflow/example_dags/example_branch_day_of_week_operator.py
[2025-02-19T09:51:47.091+0000] {processor.py:914} INFO - Processing file /home/airflow/.local/lib/python3.12/site-packages/airflow/example_dags/example_branch_day_of_week_operator.py for tasks to queue
[2025-02-19T09:51:47.093+0000] {logging_mixin.py:190} INFO - [2025-02-19T09:51:47.093+0000] {dagbag.py:587} INFO - Filling up the DagBag from /home/airflow/.local/lib/python3.12/site-packages/airflow/example_dags/example_branch_day_of_week_operator.py
[2025-02-19T09:51:47.101+0000] {processor.py:925} INFO - DAG(s) 'example_weekday_branch_operator' retrieved from /home/airflow/.local/lib/python3.12/site-packages/airflow/example_dags/example_branch_day_of_week_operator.py
[2025-02-19T09:51:47.120+0000] {logging_mixin.py:190} INFO - [2025-02-19T09:51:47.120+0000] {dag.py:3229} INFO - Sync 1 DAGs
[2025-02-19T09:51:47.141+0000] {logging_mixin.py:190} INFO - [2025-02-19T09:51:47.141+0000] {dag.py:4156} INFO - Setting next_dagrun for example_weekday_branch_operator to 2025-02-18 00:00:00+00:00, run_after=2025-02-19 00:00:00+00:00
[2025-02-19T09:51:47.156+0000] {processor.py:208} INFO - Processing /home/airflow/.local/lib/python3.12/site-packages/airflow/example_dags/example_branch_day_of_week_operator.py took 0.071 seconds
[2025-02-19T09:52:17.460+0000] {processor.py:186} INFO - Started process (PID=1842) to work on /home/airflow/.local/lib/python3.12/site-packages/airflow/example_dags/example_branch_day_of_week_operator.py
[2025-02-19T09:52:17.461+0000] {processor.py:914} INFO - Processing file /home/airflow/.local/lib/python3.12/site-packages/airflow/example_dags/example_branch_day_of_week_operator.py for tasks to queue
[2025-02-19T09:52:17.462+0000] {logging_mixin.py:190} INFO - [2025-02-19T09:52:17.462+0000] {dagbag.py:587} INFO - Filling up the DagBag from /home/airflow/.local/lib/python3.12/site-packages/airflow/example_dags/example_branch_day_of_week_operator.py
[2025-02-19T09:52:17.470+0000] {processor.py:925} INFO - DAG(s) 'example_weekday_branch_operator' retrieved from /home/airflow/.local/lib/python3.12/site-packages/airflow/example_dags/example_branch_day_of_week_operator.py
[2025-02-19T09:52:17.487+0000] {logging_mixin.py:190} INFO - [2025-02-19T09:52:17.486+0000] {dag.py:3229} INFO - Sync 1 DAGs
[2025-02-19T09:52:17.504+0000] {logging_mixin.py:190} INFO - [2025-02-19T09:52:17.504+0000] {dag.py:4156} INFO - Setting next_dagrun for example_weekday_branch_operator to 2025-02-18 00:00:00+00:00, run_after=2025-02-19 00:00:00+00:00
[2025-02-19T09:52:17.517+0000] {processor.py:208} INFO - Processing /home/airflow/.local/lib/python3.12/site-packages/airflow/example_dags/example_branch_day_of_week_operator.py took 0.062 seconds
[2025-02-19T09:52:47.790+0000] {processor.py:186} INFO - Started process (PID=1906) to work on /home/airflow/.local/lib/python3.12/site-packages/airflow/example_dags/example_branch_day_of_week_operator.py
[2025-02-19T09:52:47.791+0000] {processor.py:914} INFO - Processing file /home/airflow/.local/lib/python3.12/site-packages/airflow/example_dags/example_branch_day_of_week_operator.py for tasks to queue
[2025-02-19T09:52:47.793+0000] {logging_mixin.py:190} INFO - [2025-02-19T09:52:47.793+0000] {dagbag.py:587} INFO - Filling up the DagBag from /home/airflow/.local/lib/python3.12/site-packages/airflow/example_dags/example_branch_day_of_week_operator.py
[2025-02-19T09:52:47.801+0000] {processor.py:925} INFO - DAG(s) 'example_weekday_branch_operator' retrieved from /home/airflow/.local/lib/python3.12/site-packages/airflow/example_dags/example_branch_day_of_week_operator.py
[2025-02-19T09:52:47.821+0000] {logging_mixin.py:190} INFO - [2025-02-19T09:52:47.820+0000] {dag.py:3229} INFO - Sync 1 DAGs
[2025-02-19T09:52:47.842+0000] {logging_mixin.py:190} INFO - [2025-02-19T09:52:47.842+0000] {dag.py:4156} INFO - Setting next_dagrun for example_weekday_branch_operator to 2025-02-18 00:00:00+00:00, run_after=2025-02-19 00:00:00+00:00
[2025-02-19T09:52:47.859+0000] {processor.py:208} INFO - Processing /home/airflow/.local/lib/python3.12/site-packages/airflow/example_dags/example_branch_day_of_week_operator.py took 0.073 seconds
[2025-02-19T09:53:18.043+0000] {processor.py:186} INFO - Started process (PID=1970) to work on /home/airflow/.local/lib/python3.12/site-packages/airflow/example_dags/example_branch_day_of_week_operator.py
[2025-02-19T09:53:18.044+0000] {processor.py:914} INFO - Processing file /home/airflow/.local/lib/python3.12/site-packages/airflow/example_dags/example_branch_day_of_week_operator.py for tasks to queue
[2025-02-19T09:53:18.047+0000] {logging_mixin.py:190} INFO - [2025-02-19T09:53:18.046+0000] {dagbag.py:587} INFO - Filling up the DagBag from /home/airflow/.local/lib/python3.12/site-packages/airflow/example_dags/example_branch_day_of_week_operator.py
[2025-02-19T09:53:18.055+0000] {processor.py:925} INFO - DAG(s) 'example_weekday_branch_operator' retrieved from /home/airflow/.local/lib/python3.12/site-packages/airflow/example_dags/example_branch_day_of_week_operator.py
[2025-02-19T09:53:18.076+0000] {logging_mixin.py:190} INFO - [2025-02-19T09:53:18.075+0000] {dag.py:3229} INFO - Sync 1 DAGs
[2025-02-19T09:53:18.098+0000] {logging_mixin.py:190} INFO - [2025-02-19T09:53:18.098+0000] {dag.py:4156} INFO - Setting next_dagrun for example_weekday_branch_operator to 2025-02-18 00:00:00+00:00, run_after=2025-02-19 00:00:00+00:00
[2025-02-19T09:53:18.116+0000] {processor.py:208} INFO - Processing /home/airflow/.local/lib/python3.12/site-packages/airflow/example_dags/example_branch_day_of_week_operator.py took 0.078 seconds
[2025-02-19T09:53:48.309+0000] {processor.py:186} INFO - Started process (PID=2034) to work on /home/airflow/.local/lib/python3.12/site-packages/airflow/example_dags/example_branch_day_of_week_operator.py
[2025-02-19T09:53:48.310+0000] {processor.py:914} INFO - Processing file /home/airflow/.local/lib/python3.12/site-packages/airflow/example_dags/example_branch_day_of_week_operator.py for tasks to queue
[2025-02-19T09:53:48.311+0000] {logging_mixin.py:190} INFO - [2025-02-19T09:53:48.311+0000] {dagbag.py:587} INFO - Filling up the DagBag from /home/airflow/.local/lib/python3.12/site-packages/airflow/example_dags/example_branch_day_of_week_operator.py
[2025-02-19T09:53:48.318+0000] {processor.py:925} INFO - DAG(s) 'example_weekday_branch_operator' retrieved from /home/airflow/.local/lib/python3.12/site-packages/airflow/example_dags/example_branch_day_of_week_operator.py
[2025-02-19T09:53:48.336+0000] {logging_mixin.py:190} INFO - [2025-02-19T09:53:48.336+0000] {dag.py:3229} INFO - Sync 1 DAGs
[2025-02-19T09:53:48.353+0000] {logging_mixin.py:190} INFO - [2025-02-19T09:53:48.353+0000] {dag.py:4156} INFO - Setting next_dagrun for example_weekday_branch_operator to 2025-02-18 00:00:00+00:00, run_after=2025-02-19 00:00:00+00:00
[2025-02-19T09:53:48.367+0000] {processor.py:208} INFO - Processing /home/airflow/.local/lib/python3.12/site-packages/airflow/example_dags/example_branch_day_of_week_operator.py took 0.062 seconds
[2025-02-19T09:54:18.803+0000] {processor.py:186} INFO - Started process (PID=2098) to work on /home/airflow/.local/lib/python3.12/site-packages/airflow/example_dags/example_branch_day_of_week_operator.py
[2025-02-19T09:54:18.804+0000] {processor.py:914} INFO - Processing file /home/airflow/.local/lib/python3.12/site-packages/airflow/example_dags/example_branch_day_of_week_operator.py for tasks to queue
[2025-02-19T09:54:18.806+0000] {logging_mixin.py:190} INFO - [2025-02-19T09:54:18.806+0000] {dagbag.py:587} INFO - Filling up the DagBag from /home/airflow/.local/lib/python3.12/site-packages/airflow/example_dags/example_branch_day_of_week_operator.py
[2025-02-19T09:54:18.815+0000] {processor.py:925} INFO - DAG(s) 'example_weekday_branch_operator' retrieved from /home/airflow/.local/lib/python3.12/site-packages/airflow/example_dags/example_branch_day_of_week_operator.py
[2025-02-19T09:54:18.834+0000] {logging_mixin.py:190} INFO - [2025-02-19T09:54:18.833+0000] {dag.py:3229} INFO - Sync 1 DAGs
[2025-02-19T09:54:18.856+0000] {logging_mixin.py:190} INFO - [2025-02-19T09:54:18.856+0000] {dag.py:4156} INFO - Setting next_dagrun for example_weekday_branch_operator to 2025-02-18 00:00:00+00:00, run_after=2025-02-19 00:00:00+00:00
[2025-02-19T09:54:18.875+0000] {processor.py:208} INFO - Processing /home/airflow/.local/lib/python3.12/site-packages/airflow/example_dags/example_branch_day_of_week_operator.py took 0.078 seconds
[2025-02-19T09:54:49.025+0000] {processor.py:186} INFO - Started process (PID=2162) to work on /home/airflow/.local/lib/python3.12/site-packages/airflow/example_dags/example_branch_day_of_week_operator.py
[2025-02-19T09:54:49.026+0000] {processor.py:914} INFO - Processing file /home/airflow/.local/lib/python3.12/site-packages/airflow/example_dags/example_branch_day_of_week_operator.py for tasks to queue
[2025-02-19T09:54:49.028+0000] {logging_mixin.py:190} INFO - [2025-02-19T09:54:49.028+0000] {dagbag.py:587} INFO - Filling up the DagBag from /home/airflow/.local/lib/python3.12/site-packages/airflow/example_dags/example_branch_day_of_week_operator.py
[2025-02-19T09:54:49.035+0000] {processor.py:925} INFO - DAG(s) 'example_weekday_branch_operator' retrieved from /home/airflow/.local/lib/python3.12/site-packages/airflow/example_dags/example_branch_day_of_week_operator.py
[2025-02-19T09:54:49.053+0000] {logging_mixin.py:190} INFO - [2025-02-19T09:54:49.052+0000] {dag.py:3229} INFO - Sync 1 DAGs
[2025-02-19T09:54:49.072+0000] {logging_mixin.py:190} INFO - [2025-02-19T09:54:49.071+0000] {dag.py:4156} INFO - Setting next_dagrun for example_weekday_branch_operator to 2025-02-18 00:00:00+00:00, run_after=2025-02-19 00:00:00+00:00
[2025-02-19T09:54:49.084+0000] {processor.py:208} INFO - Processing /home/airflow/.local/lib/python3.12/site-packages/airflow/example_dags/example_branch_day_of_week_operator.py took 0.063 seconds
[2025-02-19T09:55:19.420+0000] {processor.py:186} INFO - Started process (PID=2227) to work on /home/airflow/.local/lib/python3.12/site-packages/airflow/example_dags/example_branch_day_of_week_operator.py
[2025-02-19T09:55:19.421+0000] {processor.py:914} INFO - Processing file /home/airflow/.local/lib/python3.12/site-packages/airflow/example_dags/example_branch_day_of_week_operator.py for tasks to queue
[2025-02-19T09:55:19.423+0000] {logging_mixin.py:190} INFO - [2025-02-19T09:55:19.422+0000] {dagbag.py:587} INFO - Filling up the DagBag from /home/airflow/.local/lib/python3.12/site-packages/airflow/example_dags/example_branch_day_of_week_operator.py
[2025-02-19T09:55:19.431+0000] {processor.py:925} INFO - DAG(s) 'example_weekday_branch_operator' retrieved from /home/airflow/.local/lib/python3.12/site-packages/airflow/example_dags/example_branch_day_of_week_operator.py
[2025-02-19T09:55:19.450+0000] {logging_mixin.py:190} INFO - [2025-02-19T09:55:19.449+0000] {dag.py:3229} INFO - Sync 1 DAGs
[2025-02-19T09:55:19.470+0000] {logging_mixin.py:190} INFO - [2025-02-19T09:55:19.469+0000] {dag.py:4156} INFO - Setting next_dagrun for example_weekday_branch_operator to 2025-02-18 00:00:00+00:00, run_after=2025-02-19 00:00:00+00:00
[2025-02-19T09:55:19.485+0000] {processor.py:208} INFO - Processing /home/airflow/.local/lib/python3.12/site-packages/airflow/example_dags/example_branch_day_of_week_operator.py took 0.070 seconds
[2025-02-19T09:55:49.761+0000] {processor.py:186} INFO - Started process (PID=2291) to work on /home/airflow/.local/lib/python3.12/site-packages/airflow/example_dags/example_branch_day_of_week_operator.py
[2025-02-19T09:55:49.762+0000] {processor.py:914} INFO - Processing file /home/airflow/.local/lib/python3.12/site-packages/airflow/example_dags/example_branch_day_of_week_operator.py for tasks to queue
[2025-02-19T09:55:49.764+0000] {logging_mixin.py:190} INFO - [2025-02-19T09:55:49.763+0000] {dagbag.py:587} INFO - Filling up the DagBag from /home/airflow/.local/lib/python3.12/site-packages/airflow/example_dags/example_branch_day_of_week_operator.py
[2025-02-19T09:55:49.771+0000] {processor.py:925} INFO - DAG(s) 'example_weekday_branch_operator' retrieved from /home/airflow/.local/lib/python3.12/site-packages/airflow/example_dags/example_branch_day_of_week_operator.py
[2025-02-19T09:55:49.789+0000] {logging_mixin.py:190} INFO - [2025-02-19T09:55:49.788+0000] {dag.py:3229} INFO - Sync 1 DAGs
[2025-02-19T09:55:49.809+0000] {logging_mixin.py:190} INFO - [2025-02-19T09:55:49.809+0000] {dag.py:4156} INFO - Setting next_dagrun for example_weekday_branch_operator to 2025-02-18 00:00:00+00:00, run_after=2025-02-19 00:00:00+00:00
[2025-02-19T09:55:49.823+0000] {processor.py:208} INFO - Processing /home/airflow/.local/lib/python3.12/site-packages/airflow/example_dags/example_branch_day_of_week_operator.py took 0.066 seconds
[2025-02-19T09:56:20.127+0000] {processor.py:186} INFO - Started process (PID=2355) to work on /home/airflow/.local/lib/python3.12/site-packages/airflow/example_dags/example_branch_day_of_week_operator.py
[2025-02-19T09:56:20.128+0000] {processor.py:914} INFO - Processing file /home/airflow/.local/lib/python3.12/site-packages/airflow/example_dags/example_branch_day_of_week_operator.py for tasks to queue
[2025-02-19T09:56:20.130+0000] {logging_mixin.py:190} INFO - [2025-02-19T09:56:20.129+0000] {dagbag.py:587} INFO - Filling up the DagBag from /home/airflow/.local/lib/python3.12/site-packages/airflow/example_dags/example_branch_day_of_week_operator.py
[2025-02-19T09:56:20.137+0000] {processor.py:925} INFO - DAG(s) 'example_weekday_branch_operator' retrieved from /home/airflow/.local/lib/python3.12/site-packages/airflow/example_dags/example_branch_day_of_week_operator.py
[2025-02-19T09:56:20.155+0000] {logging_mixin.py:190} INFO - [2025-02-19T09:56:20.155+0000] {dag.py:3229} INFO - Sync 1 DAGs
[2025-02-19T09:56:20.174+0000] {logging_mixin.py:190} INFO - [2025-02-19T09:56:20.173+0000] {dag.py:4156} INFO - Setting next_dagrun for example_weekday_branch_operator to 2025-02-18 00:00:00+00:00, run_after=2025-02-19 00:00:00+00:00
[2025-02-19T09:56:20.189+0000] {processor.py:208} INFO - Processing /home/airflow/.local/lib/python3.12/site-packages/airflow/example_dags/example_branch_day_of_week_operator.py took 0.066 seconds
[2025-02-19T09:56:50.596+0000] {processor.py:186} INFO - Started process (PID=2420) to work on /home/airflow/.local/lib/python3.12/site-packages/airflow/example_dags/example_branch_day_of_week_operator.py
[2025-02-19T09:56:50.597+0000] {processor.py:914} INFO - Processing file /home/airflow/.local/lib/python3.12/site-packages/airflow/example_dags/example_branch_day_of_week_operator.py for tasks to queue
[2025-02-19T09:56:50.599+0000] {logging_mixin.py:190} INFO - [2025-02-19T09:56:50.599+0000] {dagbag.py:587} INFO - Filling up the DagBag from /home/airflow/.local/lib/python3.12/site-packages/airflow/example_dags/example_branch_day_of_week_operator.py
[2025-02-19T09:56:50.606+0000] {processor.py:925} INFO - DAG(s) 'example_weekday_branch_operator' retrieved from /home/airflow/.local/lib/python3.12/site-packages/airflow/example_dags/example_branch_day_of_week_operator.py
[2025-02-19T09:56:50.624+0000] {logging_mixin.py:190} INFO - [2025-02-19T09:56:50.623+0000] {dag.py:3229} INFO - Sync 1 DAGs
[2025-02-19T09:56:50.644+0000] {logging_mixin.py:190} INFO - [2025-02-19T09:56:50.644+0000] {dag.py:4156} INFO - Setting next_dagrun for example_weekday_branch_operator to 2025-02-18 00:00:00+00:00, run_after=2025-02-19 00:00:00+00:00
[2025-02-19T09:56:50.660+0000] {processor.py:208} INFO - Processing /home/airflow/.local/lib/python3.12/site-packages/airflow/example_dags/example_branch_day_of_week_operator.py took 0.068 seconds
[2025-02-19T09:57:21.704+0000] {processor.py:186} INFO - Started process (PID=2484) to work on /home/airflow/.local/lib/python3.12/site-packages/airflow/example_dags/example_branch_day_of_week_operator.py
[2025-02-19T09:57:21.705+0000] {processor.py:914} INFO - Processing file /home/airflow/.local/lib/python3.12/site-packages/airflow/example_dags/example_branch_day_of_week_operator.py for tasks to queue
[2025-02-19T09:57:21.708+0000] {logging_mixin.py:190} INFO - [2025-02-19T09:57:21.707+0000] {dagbag.py:587} INFO - Filling up the DagBag from /home/airflow/.local/lib/python3.12/site-packages/airflow/example_dags/example_branch_day_of_week_operator.py
[2025-02-19T09:57:21.717+0000] {processor.py:925} INFO - DAG(s) 'example_weekday_branch_operator' retrieved from /home/airflow/.local/lib/python3.12/site-packages/airflow/example_dags/example_branch_day_of_week_operator.py
[2025-02-19T09:57:21.738+0000] {logging_mixin.py:190} INFO - [2025-02-19T09:57:21.737+0000] {dag.py:3229} INFO - Sync 1 DAGs
[2025-02-19T09:57:21.759+0000] {logging_mixin.py:190} INFO - [2025-02-19T09:57:21.759+0000] {dag.py:4156} INFO - Setting next_dagrun for example_weekday_branch_operator to 2025-02-18 00:00:00+00:00, run_after=2025-02-19 00:00:00+00:00
[2025-02-19T09:57:21.779+0000] {processor.py:208} INFO - Processing /home/airflow/.local/lib/python3.12/site-packages/airflow/example_dags/example_branch_day_of_week_operator.py took 0.080 seconds
[2025-02-19T09:57:52.024+0000] {processor.py:186} INFO - Started process (PID=2548) to work on /home/airflow/.local/lib/python3.12/site-packages/airflow/example_dags/example_branch_day_of_week_operator.py
[2025-02-19T09:57:52.025+0000] {processor.py:914} INFO - Processing file /home/airflow/.local/lib/python3.12/site-packages/airflow/example_dags/example_branch_day_of_week_operator.py for tasks to queue
[2025-02-19T09:57:52.027+0000] {logging_mixin.py:190} INFO - [2025-02-19T09:57:52.026+0000] {dagbag.py:587} INFO - Filling up the DagBag from /home/airflow/.local/lib/python3.12/site-packages/airflow/example_dags/example_branch_day_of_week_operator.py
[2025-02-19T09:57:52.034+0000] {processor.py:925} INFO - DAG(s) 'example_weekday_branch_operator' retrieved from /home/airflow/.local/lib/python3.12/site-packages/airflow/example_dags/example_branch_day_of_week_operator.py
[2025-02-19T09:57:52.051+0000] {logging_mixin.py:190} INFO - [2025-02-19T09:57:52.050+0000] {dag.py:3229} INFO - Sync 1 DAGs
[2025-02-19T09:57:52.069+0000] {logging_mixin.py:190} INFO - [2025-02-19T09:57:52.069+0000] {dag.py:4156} INFO - Setting next_dagrun for example_weekday_branch_operator to 2025-02-18 00:00:00+00:00, run_after=2025-02-19 00:00:00+00:00
[2025-02-19T09:57:52.085+0000] {processor.py:208} INFO - Processing /home/airflow/.local/lib/python3.12/site-packages/airflow/example_dags/example_branch_day_of_week_operator.py took 0.065 seconds
[2025-02-19T09:58:22.779+0000] {processor.py:186} INFO - Started process (PID=2613) to work on /home/airflow/.local/lib/python3.12/site-packages/airflow/example_dags/example_branch_day_of_week_operator.py
[2025-02-19T09:58:22.780+0000] {processor.py:914} INFO - Processing file /home/airflow/.local/lib/python3.12/site-packages/airflow/example_dags/example_branch_day_of_week_operator.py for tasks to queue
[2025-02-19T09:58:22.782+0000] {logging_mixin.py:190} INFO - [2025-02-19T09:58:22.782+0000] {dagbag.py:587} INFO - Filling up the DagBag from /home/airflow/.local/lib/python3.12/site-packages/airflow/example_dags/example_branch_day_of_week_operator.py
[2025-02-19T09:58:22.789+0000] {processor.py:925} INFO - DAG(s) 'example_weekday_branch_operator' retrieved from /home/airflow/.local/lib/python3.12/site-packages/airflow/example_dags/example_branch_day_of_week_operator.py
[2025-02-19T09:58:22.808+0000] {logging_mixin.py:190} INFO - [2025-02-19T09:58:22.807+0000] {dag.py:3229} INFO - Sync 1 DAGs
[2025-02-19T09:58:22.826+0000] {logging_mixin.py:190} INFO - [2025-02-19T09:58:22.826+0000] {dag.py:4156} INFO - Setting next_dagrun for example_weekday_branch_operator to 2025-02-18 00:00:00+00:00, run_after=2025-02-19 00:00:00+00:00
[2025-02-19T09:58:22.840+0000] {processor.py:208} INFO - Processing /home/airflow/.local/lib/python3.12/site-packages/airflow/example_dags/example_branch_day_of_week_operator.py took 0.066 seconds
[2025-02-19T09:58:53.941+0000] {processor.py:186} INFO - Started process (PID=2682) to work on /home/airflow/.local/lib/python3.12/site-packages/airflow/example_dags/example_branch_day_of_week_operator.py
[2025-02-19T09:58:53.943+0000] {processor.py:914} INFO - Processing file /home/airflow/.local/lib/python3.12/site-packages/airflow/example_dags/example_branch_day_of_week_operator.py for tasks to queue
[2025-02-19T09:58:53.945+0000] {logging_mixin.py:190} INFO - [2025-02-19T09:58:53.945+0000] {dagbag.py:587} INFO - Filling up the DagBag from /home/airflow/.local/lib/python3.12/site-packages/airflow/example_dags/example_branch_day_of_week_operator.py
[2025-02-19T09:58:53.954+0000] {processor.py:925} INFO - DAG(s) 'example_weekday_branch_operator' retrieved from /home/airflow/.local/lib/python3.12/site-packages/airflow/example_dags/example_branch_day_of_week_operator.py
[2025-02-19T09:58:53.973+0000] {logging_mixin.py:190} INFO - [2025-02-19T09:58:53.972+0000] {dag.py:3229} INFO - Sync 1 DAGs
[2025-02-19T09:58:53.994+0000] {logging_mixin.py:190} INFO - [2025-02-19T09:58:53.994+0000] {dag.py:4156} INFO - Setting next_dagrun for example_weekday_branch_operator to 2025-02-18 00:00:00+00:00, run_after=2025-02-19 00:00:00+00:00
[2025-02-19T09:58:54.012+0000] {processor.py:208} INFO - Processing /home/airflow/.local/lib/python3.12/site-packages/airflow/example_dags/example_branch_day_of_week_operator.py took 0.076 seconds
[2025-02-19T09:59:25.005+0000] {processor.py:186} INFO - Started process (PID=2746) to work on /home/airflow/.local/lib/python3.12/site-packages/airflow/example_dags/example_branch_day_of_week_operator.py
[2025-02-19T09:59:25.006+0000] {processor.py:914} INFO - Processing file /home/airflow/.local/lib/python3.12/site-packages/airflow/example_dags/example_branch_day_of_week_operator.py for tasks to queue
[2025-02-19T09:59:25.008+0000] {logging_mixin.py:190} INFO - [2025-02-19T09:59:25.007+0000] {dagbag.py:587} INFO - Filling up the DagBag from /home/airflow/.local/lib/python3.12/site-packages/airflow/example_dags/example_branch_day_of_week_operator.py
[2025-02-19T09:59:25.015+0000] {processor.py:925} INFO - DAG(s) 'example_weekday_branch_operator' retrieved from /home/airflow/.local/lib/python3.12/site-packages/airflow/example_dags/example_branch_day_of_week_operator.py
[2025-02-19T09:59:25.034+0000] {logging_mixin.py:190} INFO - [2025-02-19T09:59:25.034+0000] {dag.py:3229} INFO - Sync 1 DAGs
[2025-02-19T09:59:25.054+0000] {logging_mixin.py:190} INFO - [2025-02-19T09:59:25.054+0000] {dag.py:4156} INFO - Setting next_dagrun for example_weekday_branch_operator to 2025-02-18 00:00:00+00:00, run_after=2025-02-19 00:00:00+00:00
[2025-02-19T09:59:25.070+0000] {processor.py:208} INFO - Processing /home/airflow/.local/lib/python3.12/site-packages/airflow/example_dags/example_branch_day_of_week_operator.py took 0.070 seconds
[2025-02-19T10:23:14.237+0000] {logging_mixin.py:190} INFO - [2025-02-19T10:23:14.236+0000] {settings.py:475} DEBUG - Setting up DB connection pool (PID 95)
[2025-02-19T10:23:14.238+0000] {logging_mixin.py:190} INFO - [2025-02-19T10:23:14.238+0000] {settings.py:579} DEBUG - settings.prepare_engine_args(): Using pool settings. pool_size=5, max_overflow=10, pool_recycle=1800, pid=95
[2025-02-19T10:23:14.243+0000] {processor.py:186} INFO - Started process (PID=95) to work on /home/airflow/.local/lib/python3.12/site-packages/airflow/example_dags/example_branch_day_of_week_operator.py
[2025-02-19T10:23:14.244+0000] {processor.py:914} INFO - Processing file /home/airflow/.local/lib/python3.12/site-packages/airflow/example_dags/example_branch_day_of_week_operator.py for tasks to queue
[2025-02-19T10:23:14.245+0000] {logging_mixin.py:190} INFO - [2025-02-19T10:23:14.245+0000] {dagbag.py:587} INFO - Filling up the DagBag from /home/airflow/.local/lib/python3.12/site-packages/airflow/example_dags/example_branch_day_of_week_operator.py
[2025-02-19T10:23:14.246+0000] {logging_mixin.py:190} INFO - [2025-02-19T10:23:14.246+0000] {dagbag.py:368} DEBUG - Importing /home/airflow/.local/lib/python3.12/site-packages/airflow/example_dags/example_branch_day_of_week_operator.py
[2025-02-19T10:23:14.249+0000] {logging_mixin.py:190} INFO - [2025-02-19T10:23:14.249+0000] {GetText.py:50} DEBUG - Failed to find locale C
[2025-02-19T10:23:14.249+0000] {logging_mixin.py:190} INFO - [2025-02-19T10:23:14.249+0000] {GetText.py:51} DEBUG - Attempting to load en_US as fallback
[2025-02-19T10:23:14.249+0000] {logging_mixin.py:190} INFO - [2025-02-19T10:23:14.249+0000] {GetText.py:65} DEBUG - /home/airflow/.local/lib/python3.12/site-packages/cron_descriptor/locale/en_US.mo Loaded
[2025-02-19T10:23:14.253+0000] {logging_mixin.py:190} INFO - [2025-02-19T10:23:14.253+0000] {GetText.py:50} DEBUG - Failed to find locale C
[2025-02-19T10:23:14.253+0000] {logging_mixin.py:190} INFO - [2025-02-19T10:23:14.253+0000] {GetText.py:51} DEBUG - Attempting to load en_US as fallback
[2025-02-19T10:23:14.254+0000] {logging_mixin.py:190} INFO - [2025-02-19T10:23:14.254+0000] {GetText.py:65} DEBUG - /home/airflow/.local/lib/python3.12/site-packages/cron_descriptor/locale/en_US.mo Loaded
[2025-02-19T10:23:14.258+0000] {logging_mixin.py:190} INFO - [2025-02-19T10:23:14.256+0000] {dagbag.py:553} DEBUG - Loaded DAG <DAG: example_weekday_branch_operator>
[2025-02-19T10:23:14.258+0000] {processor.py:925} INFO - DAG(s) 'example_weekday_branch_operator' retrieved from /home/airflow/.local/lib/python3.12/site-packages/airflow/example_dags/example_branch_day_of_week_operator.py
[2025-02-19T10:23:14.259+0000] {logging_mixin.py:190} INFO - [2025-02-19T10:23:14.259+0000] {dagbag.py:710} DEBUG - Running dagbag.sync_to_db with retries. Try 1 of 3
[2025-02-19T10:23:14.259+0000] {logging_mixin.py:190} INFO - [2025-02-19T10:23:14.259+0000] {dagbag.py:715} DEBUG - Calling the DAG.bulk_sync_to_db method
[2025-02-19T10:23:14.272+0000] {logging_mixin.py:190} INFO - [2025-02-19T10:23:14.272+0000] {serialized_dag.py:168} DEBUG - Checking if DAG (example_weekday_branch_operator) changed
[2025-02-19T10:23:14.284+0000] {logging_mixin.py:190} INFO - [2025-02-19T10:23:14.284+0000] {serialized_dag.py:179} DEBUG - Serialized DAG (example_weekday_branch_operator) is unchanged. Skipping writing to DB
[2025-02-19T10:23:14.285+0000] {logging_mixin.py:190} INFO - [2025-02-19T10:23:14.284+0000] {dag.py:3229} INFO - Sync 1 DAGs
[2025-02-19T10:23:14.309+0000] {logging_mixin.py:190} INFO - [2025-02-19T10:23:14.309+0000] {dag.py:4156} INFO - Setting next_dagrun for example_weekday_branch_operator to 2025-02-18 00:00:00+00:00, run_after=2025-02-19 00:00:00+00:00
[2025-02-19T10:23:14.329+0000] {processor.py:208} INFO - Processing /home/airflow/.local/lib/python3.12/site-packages/airflow/example_dags/example_branch_day_of_week_operator.py took 0.092 seconds
[2025-02-19T10:23:56.798+0000] {logging_mixin.py:190} INFO - [2025-02-19T10:23:56.797+0000] {settings.py:475} DEBUG - Setting up DB connection pool (PID 159)
[2025-02-19T10:23:56.799+0000] {logging_mixin.py:190} INFO - [2025-02-19T10:23:56.799+0000] {settings.py:579} DEBUG - settings.prepare_engine_args(): Using pool settings. pool_size=5, max_overflow=10, pool_recycle=1800, pid=159
[2025-02-19T10:23:56.803+0000] {processor.py:186} INFO - Started process (PID=159) to work on /home/airflow/.local/lib/python3.12/site-packages/airflow/example_dags/example_branch_day_of_week_operator.py
[2025-02-19T10:23:56.804+0000] {processor.py:914} INFO - Processing file /home/airflow/.local/lib/python3.12/site-packages/airflow/example_dags/example_branch_day_of_week_operator.py for tasks to queue
[2025-02-19T10:23:56.805+0000] {logging_mixin.py:190} INFO - [2025-02-19T10:23:56.805+0000] {dagbag.py:587} INFO - Filling up the DagBag from /home/airflow/.local/lib/python3.12/site-packages/airflow/example_dags/example_branch_day_of_week_operator.py
[2025-02-19T10:23:56.806+0000] {logging_mixin.py:190} INFO - [2025-02-19T10:23:56.806+0000] {dagbag.py:368} DEBUG - Importing /home/airflow/.local/lib/python3.12/site-packages/airflow/example_dags/example_branch_day_of_week_operator.py
[2025-02-19T10:23:56.808+0000] {logging_mixin.py:190} INFO - [2025-02-19T10:23:56.808+0000] {GetText.py:50} DEBUG - Failed to find locale C
[2025-02-19T10:23:56.809+0000] {logging_mixin.py:190} INFO - [2025-02-19T10:23:56.808+0000] {GetText.py:51} DEBUG - Attempting to load en_US as fallback
[2025-02-19T10:23:56.809+0000] {logging_mixin.py:190} INFO - [2025-02-19T10:23:56.809+0000] {GetText.py:65} DEBUG - /home/airflow/.local/lib/python3.12/site-packages/cron_descriptor/locale/en_US.mo Loaded
[2025-02-19T10:23:56.812+0000] {logging_mixin.py:190} INFO - [2025-02-19T10:23:56.812+0000] {GetText.py:50} DEBUG - Failed to find locale C
[2025-02-19T10:23:56.813+0000] {logging_mixin.py:190} INFO - [2025-02-19T10:23:56.812+0000] {GetText.py:51} DEBUG - Attempting to load en_US as fallback
[2025-02-19T10:23:56.813+0000] {logging_mixin.py:190} INFO - [2025-02-19T10:23:56.813+0000] {GetText.py:65} DEBUG - /home/airflow/.local/lib/python3.12/site-packages/cron_descriptor/locale/en_US.mo Loaded
[2025-02-19T10:23:56.817+0000] {logging_mixin.py:190} INFO - [2025-02-19T10:23:56.815+0000] {dagbag.py:553} DEBUG - Loaded DAG <DAG: example_weekday_branch_operator>
[2025-02-19T10:23:56.817+0000] {processor.py:925} INFO - DAG(s) 'example_weekday_branch_operator' retrieved from /home/airflow/.local/lib/python3.12/site-packages/airflow/example_dags/example_branch_day_of_week_operator.py
[2025-02-19T10:23:56.817+0000] {logging_mixin.py:190} INFO - [2025-02-19T10:23:56.817+0000] {dagbag.py:710} DEBUG - Running dagbag.sync_to_db with retries. Try 1 of 3
[2025-02-19T10:23:56.818+0000] {logging_mixin.py:190} INFO - [2025-02-19T10:23:56.818+0000] {dagbag.py:715} DEBUG - Calling the DAG.bulk_sync_to_db method
[2025-02-19T10:23:56.829+0000] {logging_mixin.py:190} INFO - [2025-02-19T10:23:56.828+0000] {serialized_dag.py:168} DEBUG - Checking if DAG (example_weekday_branch_operator) changed
[2025-02-19T10:23:56.837+0000] {logging_mixin.py:190} INFO - [2025-02-19T10:23:56.837+0000] {serialized_dag.py:179} DEBUG - Serialized DAG (example_weekday_branch_operator) is unchanged. Skipping writing to DB
[2025-02-19T10:23:56.837+0000] {logging_mixin.py:190} INFO - [2025-02-19T10:23:56.837+0000] {dag.py:3229} INFO - Sync 1 DAGs
[2025-02-19T10:23:56.861+0000] {logging_mixin.py:190} INFO - [2025-02-19T10:23:56.861+0000] {dag.py:4156} INFO - Setting next_dagrun for example_weekday_branch_operator to 2025-02-18 00:00:00+00:00, run_after=2025-02-19 00:00:00+00:00
[2025-02-19T10:23:56.879+0000] {processor.py:208} INFO - Processing /home/airflow/.local/lib/python3.12/site-packages/airflow/example_dags/example_branch_day_of_week_operator.py took 0.082 seconds
[2025-02-19T10:24:27.080+0000] {logging_mixin.py:190} INFO - [2025-02-19T10:24:27.079+0000] {settings.py:475} DEBUG - Setting up DB connection pool (PID 223)
[2025-02-19T10:24:27.081+0000] {logging_mixin.py:190} INFO - [2025-02-19T10:24:27.081+0000] {settings.py:579} DEBUG - settings.prepare_engine_args(): Using pool settings. pool_size=5, max_overflow=10, pool_recycle=1800, pid=223
[2025-02-19T10:24:27.085+0000] {processor.py:186} INFO - Started process (PID=223) to work on /home/airflow/.local/lib/python3.12/site-packages/airflow/example_dags/example_branch_day_of_week_operator.py
[2025-02-19T10:24:27.085+0000] {processor.py:914} INFO - Processing file /home/airflow/.local/lib/python3.12/site-packages/airflow/example_dags/example_branch_day_of_week_operator.py for tasks to queue
[2025-02-19T10:24:27.086+0000] {logging_mixin.py:190} INFO - [2025-02-19T10:24:27.085+0000] {dagbag.py:587} INFO - Filling up the DagBag from /home/airflow/.local/lib/python3.12/site-packages/airflow/example_dags/example_branch_day_of_week_operator.py
[2025-02-19T10:24:27.087+0000] {logging_mixin.py:190} INFO - [2025-02-19T10:24:27.086+0000] {dagbag.py:368} DEBUG - Importing /home/airflow/.local/lib/python3.12/site-packages/airflow/example_dags/example_branch_day_of_week_operator.py
[2025-02-19T10:24:27.088+0000] {logging_mixin.py:190} INFO - [2025-02-19T10:24:27.088+0000] {GetText.py:50} DEBUG - Failed to find locale C
[2025-02-19T10:24:27.088+0000] {logging_mixin.py:190} INFO - [2025-02-19T10:24:27.088+0000] {GetText.py:51} DEBUG - Attempting to load en_US as fallback
[2025-02-19T10:24:27.089+0000] {logging_mixin.py:190} INFO - [2025-02-19T10:24:27.089+0000] {GetText.py:65} DEBUG - /home/airflow/.local/lib/python3.12/site-packages/cron_descriptor/locale/en_US.mo Loaded
[2025-02-19T10:24:27.092+0000] {logging_mixin.py:190} INFO - [2025-02-19T10:24:27.092+0000] {GetText.py:50} DEBUG - Failed to find locale C
[2025-02-19T10:24:27.092+0000] {logging_mixin.py:190} INFO - [2025-02-19T10:24:27.092+0000] {GetText.py:51} DEBUG - Attempting to load en_US as fallback
[2025-02-19T10:24:27.092+0000] {logging_mixin.py:190} INFO - [2025-02-19T10:24:27.092+0000] {GetText.py:65} DEBUG - /home/airflow/.local/lib/python3.12/site-packages/cron_descriptor/locale/en_US.mo Loaded
[2025-02-19T10:24:27.096+0000] {logging_mixin.py:190} INFO - [2025-02-19T10:24:27.094+0000] {dagbag.py:553} DEBUG - Loaded DAG <DAG: example_weekday_branch_operator>
[2025-02-19T10:24:27.096+0000] {processor.py:925} INFO - DAG(s) 'example_weekday_branch_operator' retrieved from /home/airflow/.local/lib/python3.12/site-packages/airflow/example_dags/example_branch_day_of_week_operator.py
[2025-02-19T10:24:27.097+0000] {logging_mixin.py:190} INFO - [2025-02-19T10:24:27.097+0000] {dagbag.py:710} DEBUG - Running dagbag.sync_to_db with retries. Try 1 of 3
[2025-02-19T10:24:27.097+0000] {logging_mixin.py:190} INFO - [2025-02-19T10:24:27.097+0000] {dagbag.py:715} DEBUG - Calling the DAG.bulk_sync_to_db method
[2025-02-19T10:24:27.109+0000] {logging_mixin.py:190} INFO - [2025-02-19T10:24:27.109+0000] {serialized_dag.py:168} DEBUG - Checking if DAG (example_weekday_branch_operator) changed
[2025-02-19T10:24:27.117+0000] {logging_mixin.py:190} INFO - [2025-02-19T10:24:27.117+0000] {serialized_dag.py:179} DEBUG - Serialized DAG (example_weekday_branch_operator) is unchanged. Skipping writing to DB
[2025-02-19T10:24:27.117+0000] {logging_mixin.py:190} INFO - [2025-02-19T10:24:27.117+0000] {dag.py:3229} INFO - Sync 1 DAGs
[2025-02-19T10:24:27.139+0000] {logging_mixin.py:190} INFO - [2025-02-19T10:24:27.138+0000] {dag.py:4156} INFO - Setting next_dagrun for example_weekday_branch_operator to 2025-02-18 00:00:00+00:00, run_after=2025-02-19 00:00:00+00:00
[2025-02-19T10:24:27.155+0000] {processor.py:208} INFO - Processing /home/airflow/.local/lib/python3.12/site-packages/airflow/example_dags/example_branch_day_of_week_operator.py took 0.076 seconds
[2025-02-19T10:24:57.834+0000] {logging_mixin.py:190} INFO - [2025-02-19T10:24:57.833+0000] {settings.py:475} DEBUG - Setting up DB connection pool (PID 292)
[2025-02-19T10:24:57.835+0000] {logging_mixin.py:190} INFO - [2025-02-19T10:24:57.835+0000] {settings.py:579} DEBUG - settings.prepare_engine_args(): Using pool settings. pool_size=5, max_overflow=10, pool_recycle=1800, pid=292
[2025-02-19T10:24:57.840+0000] {processor.py:186} INFO - Started process (PID=292) to work on /home/airflow/.local/lib/python3.12/site-packages/airflow/example_dags/example_branch_day_of_week_operator.py
[2025-02-19T10:24:57.840+0000] {processor.py:914} INFO - Processing file /home/airflow/.local/lib/python3.12/site-packages/airflow/example_dags/example_branch_day_of_week_operator.py for tasks to queue
[2025-02-19T10:24:57.841+0000] {logging_mixin.py:190} INFO - [2025-02-19T10:24:57.841+0000] {dagbag.py:587} INFO - Filling up the DagBag from /home/airflow/.local/lib/python3.12/site-packages/airflow/example_dags/example_branch_day_of_week_operator.py
[2025-02-19T10:24:57.842+0000] {logging_mixin.py:190} INFO - [2025-02-19T10:24:57.842+0000] {dagbag.py:368} DEBUG - Importing /home/airflow/.local/lib/python3.12/site-packages/airflow/example_dags/example_branch_day_of_week_operator.py
[2025-02-19T10:24:57.844+0000] {logging_mixin.py:190} INFO - [2025-02-19T10:24:57.843+0000] {GetText.py:50} DEBUG - Failed to find locale C
[2025-02-19T10:24:57.844+0000] {logging_mixin.py:190} INFO - [2025-02-19T10:24:57.844+0000] {GetText.py:51} DEBUG - Attempting to load en_US as fallback
[2025-02-19T10:24:57.844+0000] {logging_mixin.py:190} INFO - [2025-02-19T10:24:57.844+0000] {GetText.py:65} DEBUG - /home/airflow/.local/lib/python3.12/site-packages/cron_descriptor/locale/en_US.mo Loaded
[2025-02-19T10:24:57.847+0000] {logging_mixin.py:190} INFO - [2025-02-19T10:24:57.847+0000] {GetText.py:50} DEBUG - Failed to find locale C
[2025-02-19T10:24:57.848+0000] {logging_mixin.py:190} INFO - [2025-02-19T10:24:57.847+0000] {GetText.py:51} DEBUG - Attempting to load en_US as fallback
[2025-02-19T10:24:57.848+0000] {logging_mixin.py:190} INFO - [2025-02-19T10:24:57.848+0000] {GetText.py:65} DEBUG - /home/airflow/.local/lib/python3.12/site-packages/cron_descriptor/locale/en_US.mo Loaded
[2025-02-19T10:24:57.851+0000] {logging_mixin.py:190} INFO - [2025-02-19T10:24:57.850+0000] {dagbag.py:553} DEBUG - Loaded DAG <DAG: example_weekday_branch_operator>
[2025-02-19T10:24:57.851+0000] {processor.py:925} INFO - DAG(s) 'example_weekday_branch_operator' retrieved from /home/airflow/.local/lib/python3.12/site-packages/airflow/example_dags/example_branch_day_of_week_operator.py
[2025-02-19T10:24:57.852+0000] {logging_mixin.py:190} INFO - [2025-02-19T10:24:57.852+0000] {dagbag.py:710} DEBUG - Running dagbag.sync_to_db with retries. Try 1 of 3
[2025-02-19T10:24:57.852+0000] {logging_mixin.py:190} INFO - [2025-02-19T10:24:57.852+0000] {dagbag.py:715} DEBUG - Calling the DAG.bulk_sync_to_db method
[2025-02-19T10:24:57.863+0000] {logging_mixin.py:190} INFO - [2025-02-19T10:24:57.863+0000] {serialized_dag.py:168} DEBUG - Checking if DAG (example_weekday_branch_operator) changed
[2025-02-19T10:24:57.872+0000] {logging_mixin.py:190} INFO - [2025-02-19T10:24:57.872+0000] {serialized_dag.py:179} DEBUG - Serialized DAG (example_weekday_branch_operator) is unchanged. Skipping writing to DB
[2025-02-19T10:24:57.873+0000] {logging_mixin.py:190} INFO - [2025-02-19T10:24:57.873+0000] {dag.py:3229} INFO - Sync 1 DAGs
[2025-02-19T10:24:57.895+0000] {logging_mixin.py:190} INFO - [2025-02-19T10:24:57.895+0000] {dag.py:4156} INFO - Setting next_dagrun for example_weekday_branch_operator to 2025-02-18 00:00:00+00:00, run_after=2025-02-19 00:00:00+00:00
[2025-02-19T10:24:57.912+0000] {processor.py:208} INFO - Processing /home/airflow/.local/lib/python3.12/site-packages/airflow/example_dags/example_branch_day_of_week_operator.py took 0.079 seconds
[2025-02-19T10:25:28.178+0000] {logging_mixin.py:190} INFO - [2025-02-19T10:25:28.177+0000] {settings.py:475} DEBUG - Setting up DB connection pool (PID 356)
[2025-02-19T10:25:28.179+0000] {logging_mixin.py:190} INFO - [2025-02-19T10:25:28.178+0000] {settings.py:579} DEBUG - settings.prepare_engine_args(): Using pool settings. pool_size=5, max_overflow=10, pool_recycle=1800, pid=356
[2025-02-19T10:25:28.183+0000] {processor.py:186} INFO - Started process (PID=356) to work on /home/airflow/.local/lib/python3.12/site-packages/airflow/example_dags/example_branch_day_of_week_operator.py
[2025-02-19T10:25:28.183+0000] {processor.py:914} INFO - Processing file /home/airflow/.local/lib/python3.12/site-packages/airflow/example_dags/example_branch_day_of_week_operator.py for tasks to queue
[2025-02-19T10:25:28.183+0000] {logging_mixin.py:190} INFO - [2025-02-19T10:25:28.183+0000] {dagbag.py:587} INFO - Filling up the DagBag from /home/airflow/.local/lib/python3.12/site-packages/airflow/example_dags/example_branch_day_of_week_operator.py
[2025-02-19T10:25:28.184+0000] {logging_mixin.py:190} INFO - [2025-02-19T10:25:28.184+0000] {dagbag.py:368} DEBUG - Importing /home/airflow/.local/lib/python3.12/site-packages/airflow/example_dags/example_branch_day_of_week_operator.py
[2025-02-19T10:25:28.186+0000] {logging_mixin.py:190} INFO - [2025-02-19T10:25:28.186+0000] {GetText.py:50} DEBUG - Failed to find locale C
[2025-02-19T10:25:28.186+0000] {logging_mixin.py:190} INFO - [2025-02-19T10:25:28.186+0000] {GetText.py:51} DEBUG - Attempting to load en_US as fallback
[2025-02-19T10:25:28.187+0000] {logging_mixin.py:190} INFO - [2025-02-19T10:25:28.187+0000] {GetText.py:65} DEBUG - /home/airflow/.local/lib/python3.12/site-packages/cron_descriptor/locale/en_US.mo Loaded
[2025-02-19T10:25:28.190+0000] {logging_mixin.py:190} INFO - [2025-02-19T10:25:28.190+0000] {GetText.py:50} DEBUG - Failed to find locale C
[2025-02-19T10:25:28.190+0000] {logging_mixin.py:190} INFO - [2025-02-19T10:25:28.190+0000] {GetText.py:51} DEBUG - Attempting to load en_US as fallback
[2025-02-19T10:25:28.190+0000] {logging_mixin.py:190} INFO - [2025-02-19T10:25:28.190+0000] {GetText.py:65} DEBUG - /home/airflow/.local/lib/python3.12/site-packages/cron_descriptor/locale/en_US.mo Loaded
[2025-02-19T10:25:28.194+0000] {logging_mixin.py:190} INFO - [2025-02-19T10:25:28.192+0000] {dagbag.py:553} DEBUG - Loaded DAG <DAG: example_weekday_branch_operator>
[2025-02-19T10:25:28.194+0000] {processor.py:925} INFO - DAG(s) 'example_weekday_branch_operator' retrieved from /home/airflow/.local/lib/python3.12/site-packages/airflow/example_dags/example_branch_day_of_week_operator.py
[2025-02-19T10:25:28.194+0000] {logging_mixin.py:190} INFO - [2025-02-19T10:25:28.194+0000] {dagbag.py:710} DEBUG - Running dagbag.sync_to_db with retries. Try 1 of 3
[2025-02-19T10:25:28.195+0000] {logging_mixin.py:190} INFO - [2025-02-19T10:25:28.195+0000] {dagbag.py:715} DEBUG - Calling the DAG.bulk_sync_to_db method
[2025-02-19T10:25:28.205+0000] {logging_mixin.py:190} INFO - [2025-02-19T10:25:28.205+0000] {serialized_dag.py:168} DEBUG - Checking if DAG (example_weekday_branch_operator) changed
[2025-02-19T10:25:28.213+0000] {logging_mixin.py:190} INFO - [2025-02-19T10:25:28.213+0000] {serialized_dag.py:179} DEBUG - Serialized DAG (example_weekday_branch_operator) is unchanged. Skipping writing to DB
[2025-02-19T10:25:28.214+0000] {logging_mixin.py:190} INFO - [2025-02-19T10:25:28.214+0000] {dag.py:3229} INFO - Sync 1 DAGs
[2025-02-19T10:25:28.237+0000] {logging_mixin.py:190} INFO - [2025-02-19T10:25:28.237+0000] {dag.py:4156} INFO - Setting next_dagrun for example_weekday_branch_operator to 2025-02-18 00:00:00+00:00, run_after=2025-02-19 00:00:00+00:00
[2025-02-19T10:25:28.253+0000] {processor.py:208} INFO - Processing /home/airflow/.local/lib/python3.12/site-packages/airflow/example_dags/example_branch_day_of_week_operator.py took 0.076 seconds
[2025-02-19T10:25:58.904+0000] {logging_mixin.py:190} INFO - [2025-02-19T10:25:58.903+0000] {settings.py:475} DEBUG - Setting up DB connection pool (PID 420)
[2025-02-19T10:25:58.905+0000] {logging_mixin.py:190} INFO - [2025-02-19T10:25:58.905+0000] {settings.py:579} DEBUG - settings.prepare_engine_args(): Using pool settings. pool_size=5, max_overflow=10, pool_recycle=1800, pid=420
[2025-02-19T10:25:58.909+0000] {processor.py:186} INFO - Started process (PID=420) to work on /home/airflow/.local/lib/python3.12/site-packages/airflow/example_dags/example_branch_day_of_week_operator.py
[2025-02-19T10:25:58.910+0000] {processor.py:914} INFO - Processing file /home/airflow/.local/lib/python3.12/site-packages/airflow/example_dags/example_branch_day_of_week_operator.py for tasks to queue
[2025-02-19T10:25:58.910+0000] {logging_mixin.py:190} INFO - [2025-02-19T10:25:58.910+0000] {dagbag.py:587} INFO - Filling up the DagBag from /home/airflow/.local/lib/python3.12/site-packages/airflow/example_dags/example_branch_day_of_week_operator.py
[2025-02-19T10:25:58.911+0000] {logging_mixin.py:190} INFO - [2025-02-19T10:25:58.911+0000] {dagbag.py:368} DEBUG - Importing /home/airflow/.local/lib/python3.12/site-packages/airflow/example_dags/example_branch_day_of_week_operator.py
[2025-02-19T10:25:58.913+0000] {logging_mixin.py:190} INFO - [2025-02-19T10:25:58.913+0000] {GetText.py:50} DEBUG - Failed to find locale C
[2025-02-19T10:25:58.913+0000] {logging_mixin.py:190} INFO - [2025-02-19T10:25:58.913+0000] {GetText.py:51} DEBUG - Attempting to load en_US as fallback
[2025-02-19T10:25:58.914+0000] {logging_mixin.py:190} INFO - [2025-02-19T10:25:58.914+0000] {GetText.py:65} DEBUG - /home/airflow/.local/lib/python3.12/site-packages/cron_descriptor/locale/en_US.mo Loaded
[2025-02-19T10:25:58.917+0000] {logging_mixin.py:190} INFO - [2025-02-19T10:25:58.917+0000] {GetText.py:50} DEBUG - Failed to find locale C
[2025-02-19T10:25:58.917+0000] {logging_mixin.py:190} INFO - [2025-02-19T10:25:58.917+0000] {GetText.py:51} DEBUG - Attempting to load en_US as fallback
[2025-02-19T10:25:58.917+0000] {logging_mixin.py:190} INFO - [2025-02-19T10:25:58.917+0000] {GetText.py:65} DEBUG - /home/airflow/.local/lib/python3.12/site-packages/cron_descriptor/locale/en_US.mo Loaded
[2025-02-19T10:25:58.920+0000] {logging_mixin.py:190} INFO - [2025-02-19T10:25:58.919+0000] {dagbag.py:553} DEBUG - Loaded DAG <DAG: example_weekday_branch_operator>
[2025-02-19T10:25:58.921+0000] {processor.py:925} INFO - DAG(s) 'example_weekday_branch_operator' retrieved from /home/airflow/.local/lib/python3.12/site-packages/airflow/example_dags/example_branch_day_of_week_operator.py
[2025-02-19T10:25:58.921+0000] {logging_mixin.py:190} INFO - [2025-02-19T10:25:58.921+0000] {dagbag.py:710} DEBUG - Running dagbag.sync_to_db with retries. Try 1 of 3
[2025-02-19T10:25:58.922+0000] {logging_mixin.py:190} INFO - [2025-02-19T10:25:58.921+0000] {dagbag.py:715} DEBUG - Calling the DAG.bulk_sync_to_db method
[2025-02-19T10:25:58.933+0000] {logging_mixin.py:190} INFO - [2025-02-19T10:25:58.932+0000] {serialized_dag.py:168} DEBUG - Checking if DAG (example_weekday_branch_operator) changed
[2025-02-19T10:25:58.940+0000] {logging_mixin.py:190} INFO - [2025-02-19T10:25:58.940+0000] {serialized_dag.py:179} DEBUG - Serialized DAG (example_weekday_branch_operator) is unchanged. Skipping writing to DB
[2025-02-19T10:25:58.941+0000] {logging_mixin.py:190} INFO - [2025-02-19T10:25:58.941+0000] {dag.py:3229} INFO - Sync 1 DAGs
[2025-02-19T10:25:58.961+0000] {logging_mixin.py:190} INFO - [2025-02-19T10:25:58.961+0000] {dag.py:4156} INFO - Setting next_dagrun for example_weekday_branch_operator to 2025-02-18 00:00:00+00:00, run_after=2025-02-19 00:00:00+00:00
[2025-02-19T10:25:58.977+0000] {processor.py:208} INFO - Processing /home/airflow/.local/lib/python3.12/site-packages/airflow/example_dags/example_branch_day_of_week_operator.py took 0.073 seconds
[2025-02-19T10:26:29.565+0000] {logging_mixin.py:190} INFO - [2025-02-19T10:26:29.565+0000] {settings.py:475} DEBUG - Setting up DB connection pool (PID 484)
[2025-02-19T10:26:29.566+0000] {logging_mixin.py:190} INFO - [2025-02-19T10:26:29.566+0000] {settings.py:579} DEBUG - settings.prepare_engine_args(): Using pool settings. pool_size=5, max_overflow=10, pool_recycle=1800, pid=484
[2025-02-19T10:26:29.571+0000] {processor.py:186} INFO - Started process (PID=484) to work on /home/airflow/.local/lib/python3.12/site-packages/airflow/example_dags/example_branch_day_of_week_operator.py
[2025-02-19T10:26:29.571+0000] {processor.py:914} INFO - Processing file /home/airflow/.local/lib/python3.12/site-packages/airflow/example_dags/example_branch_day_of_week_operator.py for tasks to queue
[2025-02-19T10:26:29.572+0000] {logging_mixin.py:190} INFO - [2025-02-19T10:26:29.572+0000] {dagbag.py:587} INFO - Filling up the DagBag from /home/airflow/.local/lib/python3.12/site-packages/airflow/example_dags/example_branch_day_of_week_operator.py
[2025-02-19T10:26:29.573+0000] {logging_mixin.py:190} INFO - [2025-02-19T10:26:29.572+0000] {dagbag.py:368} DEBUG - Importing /home/airflow/.local/lib/python3.12/site-packages/airflow/example_dags/example_branch_day_of_week_operator.py
[2025-02-19T10:26:29.574+0000] {logging_mixin.py:190} INFO - [2025-02-19T10:26:29.574+0000] {GetText.py:50} DEBUG - Failed to find locale C
[2025-02-19T10:26:29.575+0000] {logging_mixin.py:190} INFO - [2025-02-19T10:26:29.574+0000] {GetText.py:51} DEBUG - Attempting to load en_US as fallback
[2025-02-19T10:26:29.575+0000] {logging_mixin.py:190} INFO - [2025-02-19T10:26:29.575+0000] {GetText.py:65} DEBUG - /home/airflow/.local/lib/python3.12/site-packages/cron_descriptor/locale/en_US.mo Loaded
[2025-02-19T10:26:29.578+0000] {logging_mixin.py:190} INFO - [2025-02-19T10:26:29.578+0000] {GetText.py:50} DEBUG - Failed to find locale C
[2025-02-19T10:26:29.579+0000] {logging_mixin.py:190} INFO - [2025-02-19T10:26:29.579+0000] {GetText.py:51} DEBUG - Attempting to load en_US as fallback
[2025-02-19T10:26:29.579+0000] {logging_mixin.py:190} INFO - [2025-02-19T10:26:29.579+0000] {GetText.py:65} DEBUG - /home/airflow/.local/lib/python3.12/site-packages/cron_descriptor/locale/en_US.mo Loaded
[2025-02-19T10:26:29.582+0000] {logging_mixin.py:190} INFO - [2025-02-19T10:26:29.581+0000] {dagbag.py:553} DEBUG - Loaded DAG <DAG: example_weekday_branch_operator>
[2025-02-19T10:26:29.582+0000] {processor.py:925} INFO - DAG(s) 'example_weekday_branch_operator' retrieved from /home/airflow/.local/lib/python3.12/site-packages/airflow/example_dags/example_branch_day_of_week_operator.py
[2025-02-19T10:26:29.583+0000] {logging_mixin.py:190} INFO - [2025-02-19T10:26:29.583+0000] {dagbag.py:710} DEBUG - Running dagbag.sync_to_db with retries. Try 1 of 3
[2025-02-19T10:26:29.583+0000] {logging_mixin.py:190} INFO - [2025-02-19T10:26:29.583+0000] {dagbag.py:715} DEBUG - Calling the DAG.bulk_sync_to_db method
[2025-02-19T10:26:29.593+0000] {logging_mixin.py:190} INFO - [2025-02-19T10:26:29.592+0000] {serialized_dag.py:168} DEBUG - Checking if DAG (example_weekday_branch_operator) changed
[2025-02-19T10:26:29.601+0000] {logging_mixin.py:190} INFO - [2025-02-19T10:26:29.601+0000] {serialized_dag.py:179} DEBUG - Serialized DAG (example_weekday_branch_operator) is unchanged. Skipping writing to DB
[2025-02-19T10:26:29.602+0000] {logging_mixin.py:190} INFO - [2025-02-19T10:26:29.602+0000] {dag.py:3229} INFO - Sync 1 DAGs
[2025-02-19T10:26:29.622+0000] {logging_mixin.py:190} INFO - [2025-02-19T10:26:29.622+0000] {dag.py:4156} INFO - Setting next_dagrun for example_weekday_branch_operator to 2025-02-18 00:00:00+00:00, run_after=2025-02-19 00:00:00+00:00
[2025-02-19T10:26:29.640+0000] {processor.py:208} INFO - Processing /home/airflow/.local/lib/python3.12/site-packages/airflow/example_dags/example_branch_day_of_week_operator.py took 0.075 seconds
