[2025-02-19T09:38:30.391+0000] {processor.py:186} INFO - Started process (PID=102) to work on /home/airflow/.local/lib/python3.12/site-packages/airflow/example_dags/example_dynamic_task_mapping_with_no_taskflow_operators.py
[2025-02-19T09:38:30.391+0000] {processor.py:914} INFO - Processing file /home/airflow/.local/lib/python3.12/site-packages/airflow/example_dags/example_dynamic_task_mapping_with_no_taskflow_operators.py for tasks to queue
[2025-02-19T09:38:30.393+0000] {logging_mixin.py:190} INFO - [2025-02-19T09:38:30.393+0000] {dagbag.py:587} INFO - Filling up the DagBag from /home/airflow/.local/lib/python3.12/site-packages/airflow/example_dags/example_dynamic_task_mapping_with_no_taskflow_operators.py
[2025-02-19T09:38:30.400+0000] {processor.py:925} INFO - DAG(s) 'example_dynamic_task_mapping_with_no_taskflow_operators' retrieved from /home/airflow/.local/lib/python3.12/site-packages/airflow/example_dags/example_dynamic_task_mapping_with_no_taskflow_operators.py
[2025-02-19T09:38:30.417+0000] {logging_mixin.py:190} INFO - [2025-02-19T09:38:30.416+0000] {dag.py:3229} INFO - Sync 1 DAGs
[2025-02-19T09:38:30.430+0000] {logging_mixin.py:190} INFO - [2025-02-19T09:38:30.430+0000] {dag.py:4156} INFO - Setting next_dagrun for example_dynamic_task_mapping_with_no_taskflow_operators to None, run_after=None
[2025-02-19T09:38:30.668+0000] {processor.py:208} INFO - Processing /home/airflow/.local/lib/python3.12/site-packages/airflow/example_dags/example_dynamic_task_mapping_with_no_taskflow_operators.py took 0.281 seconds
[2025-02-19T09:39:01.563+0000] {processor.py:186} INFO - Started process (PID=171) to work on /home/airflow/.local/lib/python3.12/site-packages/airflow/example_dags/example_dynamic_task_mapping_with_no_taskflow_operators.py
[2025-02-19T09:39:01.565+0000] {processor.py:914} INFO - Processing file /home/airflow/.local/lib/python3.12/site-packages/airflow/example_dags/example_dynamic_task_mapping_with_no_taskflow_operators.py for tasks to queue
[2025-02-19T09:39:01.567+0000] {logging_mixin.py:190} INFO - [2025-02-19T09:39:01.567+0000] {dagbag.py:587} INFO - Filling up the DagBag from /home/airflow/.local/lib/python3.12/site-packages/airflow/example_dags/example_dynamic_task_mapping_with_no_taskflow_operators.py
[2025-02-19T09:39:01.575+0000] {processor.py:925} INFO - DAG(s) 'example_dynamic_task_mapping_with_no_taskflow_operators' retrieved from /home/airflow/.local/lib/python3.12/site-packages/airflow/example_dags/example_dynamic_task_mapping_with_no_taskflow_operators.py
[2025-02-19T09:39:01.595+0000] {logging_mixin.py:190} INFO - [2025-02-19T09:39:01.594+0000] {dag.py:3229} INFO - Sync 1 DAGs
[2025-02-19T09:39:01.609+0000] {logging_mixin.py:190} INFO - [2025-02-19T09:39:01.609+0000] {dag.py:4156} INFO - Setting next_dagrun for example_dynamic_task_mapping_with_no_taskflow_operators to None, run_after=None
[2025-02-19T09:39:01.628+0000] {processor.py:208} INFO - Processing /home/airflow/.local/lib/python3.12/site-packages/airflow/example_dags/example_dynamic_task_mapping_with_no_taskflow_operators.py took 0.070 seconds
[2025-02-19T09:39:31.950+0000] {processor.py:186} INFO - Started process (PID=235) to work on /home/airflow/.local/lib/python3.12/site-packages/airflow/example_dags/example_dynamic_task_mapping_with_no_taskflow_operators.py
[2025-02-19T09:39:31.952+0000] {processor.py:914} INFO - Processing file /home/airflow/.local/lib/python3.12/site-packages/airflow/example_dags/example_dynamic_task_mapping_with_no_taskflow_operators.py for tasks to queue
[2025-02-19T09:39:31.954+0000] {logging_mixin.py:190} INFO - [2025-02-19T09:39:31.954+0000] {dagbag.py:587} INFO - Filling up the DagBag from /home/airflow/.local/lib/python3.12/site-packages/airflow/example_dags/example_dynamic_task_mapping_with_no_taskflow_operators.py
[2025-02-19T09:39:31.961+0000] {processor.py:925} INFO - DAG(s) 'example_dynamic_task_mapping_with_no_taskflow_operators' retrieved from /home/airflow/.local/lib/python3.12/site-packages/airflow/example_dags/example_dynamic_task_mapping_with_no_taskflow_operators.py
[2025-02-19T09:39:31.979+0000] {logging_mixin.py:190} INFO - [2025-02-19T09:39:31.978+0000] {dag.py:3229} INFO - Sync 1 DAGs
[2025-02-19T09:39:31.991+0000] {logging_mixin.py:190} INFO - [2025-02-19T09:39:31.991+0000] {dag.py:4156} INFO - Setting next_dagrun for example_dynamic_task_mapping_with_no_taskflow_operators to None, run_after=None
[2025-02-19T09:39:32.009+0000] {processor.py:208} INFO - Processing /home/airflow/.local/lib/python3.12/site-packages/airflow/example_dags/example_dynamic_task_mapping_with_no_taskflow_operators.py took 0.063 seconds
[2025-02-19T09:40:02.234+0000] {processor.py:186} INFO - Started process (PID=299) to work on /home/airflow/.local/lib/python3.12/site-packages/airflow/example_dags/example_dynamic_task_mapping_with_no_taskflow_operators.py
[2025-02-19T09:40:02.235+0000] {processor.py:914} INFO - Processing file /home/airflow/.local/lib/python3.12/site-packages/airflow/example_dags/example_dynamic_task_mapping_with_no_taskflow_operators.py for tasks to queue
[2025-02-19T09:40:02.237+0000] {logging_mixin.py:190} INFO - [2025-02-19T09:40:02.237+0000] {dagbag.py:587} INFO - Filling up the DagBag from /home/airflow/.local/lib/python3.12/site-packages/airflow/example_dags/example_dynamic_task_mapping_with_no_taskflow_operators.py
[2025-02-19T09:40:02.243+0000] {processor.py:925} INFO - DAG(s) 'example_dynamic_task_mapping_with_no_taskflow_operators' retrieved from /home/airflow/.local/lib/python3.12/site-packages/airflow/example_dags/example_dynamic_task_mapping_with_no_taskflow_operators.py
[2025-02-19T09:40:02.261+0000] {logging_mixin.py:190} INFO - [2025-02-19T09:40:02.260+0000] {dag.py:3229} INFO - Sync 1 DAGs
[2025-02-19T09:40:02.272+0000] {logging_mixin.py:190} INFO - [2025-02-19T09:40:02.272+0000] {dag.py:4156} INFO - Setting next_dagrun for example_dynamic_task_mapping_with_no_taskflow_operators to None, run_after=None
[2025-02-19T09:40:02.289+0000] {processor.py:208} INFO - Processing /home/airflow/.local/lib/python3.12/site-packages/airflow/example_dags/example_dynamic_task_mapping_with_no_taskflow_operators.py took 0.059 seconds
[2025-02-19T09:40:32.329+0000] {processor.py:186} INFO - Started process (PID=363) to work on /home/airflow/.local/lib/python3.12/site-packages/airflow/example_dags/example_dynamic_task_mapping_with_no_taskflow_operators.py
[2025-02-19T09:40:32.330+0000] {processor.py:914} INFO - Processing file /home/airflow/.local/lib/python3.12/site-packages/airflow/example_dags/example_dynamic_task_mapping_with_no_taskflow_operators.py for tasks to queue
[2025-02-19T09:40:32.332+0000] {logging_mixin.py:190} INFO - [2025-02-19T09:40:32.332+0000] {dagbag.py:587} INFO - Filling up the DagBag from /home/airflow/.local/lib/python3.12/site-packages/airflow/example_dags/example_dynamic_task_mapping_with_no_taskflow_operators.py
[2025-02-19T09:40:32.339+0000] {processor.py:925} INFO - DAG(s) 'example_dynamic_task_mapping_with_no_taskflow_operators' retrieved from /home/airflow/.local/lib/python3.12/site-packages/airflow/example_dags/example_dynamic_task_mapping_with_no_taskflow_operators.py
[2025-02-19T09:40:32.357+0000] {logging_mixin.py:190} INFO - [2025-02-19T09:40:32.357+0000] {dag.py:3229} INFO - Sync 1 DAGs
[2025-02-19T09:40:32.369+0000] {logging_mixin.py:190} INFO - [2025-02-19T09:40:32.369+0000] {dag.py:4156} INFO - Setting next_dagrun for example_dynamic_task_mapping_with_no_taskflow_operators to None, run_after=None
[2025-02-19T09:40:32.389+0000] {processor.py:208} INFO - Processing /home/airflow/.local/lib/python3.12/site-packages/airflow/example_dags/example_dynamic_task_mapping_with_no_taskflow_operators.py took 0.065 seconds
[2025-02-19T09:41:02.600+0000] {processor.py:186} INFO - Started process (PID=427) to work on /home/airflow/.local/lib/python3.12/site-packages/airflow/example_dags/example_dynamic_task_mapping_with_no_taskflow_operators.py
[2025-02-19T09:41:02.601+0000] {processor.py:914} INFO - Processing file /home/airflow/.local/lib/python3.12/site-packages/airflow/example_dags/example_dynamic_task_mapping_with_no_taskflow_operators.py for tasks to queue
[2025-02-19T09:41:02.603+0000] {logging_mixin.py:190} INFO - [2025-02-19T09:41:02.602+0000] {dagbag.py:587} INFO - Filling up the DagBag from /home/airflow/.local/lib/python3.12/site-packages/airflow/example_dags/example_dynamic_task_mapping_with_no_taskflow_operators.py
[2025-02-19T09:41:02.609+0000] {processor.py:925} INFO - DAG(s) 'example_dynamic_task_mapping_with_no_taskflow_operators' retrieved from /home/airflow/.local/lib/python3.12/site-packages/airflow/example_dags/example_dynamic_task_mapping_with_no_taskflow_operators.py
[2025-02-19T09:41:02.626+0000] {logging_mixin.py:190} INFO - [2025-02-19T09:41:02.626+0000] {dag.py:3229} INFO - Sync 1 DAGs
[2025-02-19T09:41:02.637+0000] {logging_mixin.py:190} INFO - [2025-02-19T09:41:02.637+0000] {dag.py:4156} INFO - Setting next_dagrun for example_dynamic_task_mapping_with_no_taskflow_operators to None, run_after=None
[2025-02-19T09:41:02.652+0000] {processor.py:208} INFO - Processing /home/airflow/.local/lib/python3.12/site-packages/airflow/example_dags/example_dynamic_task_mapping_with_no_taskflow_operators.py took 0.056 seconds
[2025-02-19T09:41:32.959+0000] {processor.py:186} INFO - Started process (PID=491) to work on /home/airflow/.local/lib/python3.12/site-packages/airflow/example_dags/example_dynamic_task_mapping_with_no_taskflow_operators.py
[2025-02-19T09:41:32.960+0000] {processor.py:914} INFO - Processing file /home/airflow/.local/lib/python3.12/site-packages/airflow/example_dags/example_dynamic_task_mapping_with_no_taskflow_operators.py for tasks to queue
[2025-02-19T09:41:32.962+0000] {logging_mixin.py:190} INFO - [2025-02-19T09:41:32.962+0000] {dagbag.py:587} INFO - Filling up the DagBag from /home/airflow/.local/lib/python3.12/site-packages/airflow/example_dags/example_dynamic_task_mapping_with_no_taskflow_operators.py
[2025-02-19T09:41:32.968+0000] {processor.py:925} INFO - DAG(s) 'example_dynamic_task_mapping_with_no_taskflow_operators' retrieved from /home/airflow/.local/lib/python3.12/site-packages/airflow/example_dags/example_dynamic_task_mapping_with_no_taskflow_operators.py
[2025-02-19T09:41:32.987+0000] {logging_mixin.py:190} INFO - [2025-02-19T09:41:32.986+0000] {dag.py:3229} INFO - Sync 1 DAGs
[2025-02-19T09:41:32.998+0000] {logging_mixin.py:190} INFO - [2025-02-19T09:41:32.998+0000] {dag.py:4156} INFO - Setting next_dagrun for example_dynamic_task_mapping_with_no_taskflow_operators to None, run_after=None
[2025-02-19T09:41:33.014+0000] {processor.py:208} INFO - Processing /home/airflow/.local/lib/python3.12/site-packages/airflow/example_dags/example_dynamic_task_mapping_with_no_taskflow_operators.py took 0.059 seconds
[2025-02-19T09:42:04.079+0000] {processor.py:186} INFO - Started process (PID=555) to work on /home/airflow/.local/lib/python3.12/site-packages/airflow/example_dags/example_dynamic_task_mapping_with_no_taskflow_operators.py
[2025-02-19T09:42:04.080+0000] {processor.py:914} INFO - Processing file /home/airflow/.local/lib/python3.12/site-packages/airflow/example_dags/example_dynamic_task_mapping_with_no_taskflow_operators.py for tasks to queue
[2025-02-19T09:42:04.081+0000] {logging_mixin.py:190} INFO - [2025-02-19T09:42:04.081+0000] {dagbag.py:587} INFO - Filling up the DagBag from /home/airflow/.local/lib/python3.12/site-packages/airflow/example_dags/example_dynamic_task_mapping_with_no_taskflow_operators.py
[2025-02-19T09:42:04.087+0000] {processor.py:925} INFO - DAG(s) 'example_dynamic_task_mapping_with_no_taskflow_operators' retrieved from /home/airflow/.local/lib/python3.12/site-packages/airflow/example_dags/example_dynamic_task_mapping_with_no_taskflow_operators.py
[2025-02-19T09:42:04.103+0000] {logging_mixin.py:190} INFO - [2025-02-19T09:42:04.102+0000] {dag.py:3229} INFO - Sync 1 DAGs
[2025-02-19T09:42:04.114+0000] {logging_mixin.py:190} INFO - [2025-02-19T09:42:04.114+0000] {dag.py:4156} INFO - Setting next_dagrun for example_dynamic_task_mapping_with_no_taskflow_operators to None, run_after=None
[2025-02-19T09:42:04.127+0000] {processor.py:208} INFO - Processing /home/airflow/.local/lib/python3.12/site-packages/airflow/example_dags/example_dynamic_task_mapping_with_no_taskflow_operators.py took 0.053 seconds
[2025-02-19T09:42:34.368+0000] {processor.py:186} INFO - Started process (PID=619) to work on /home/airflow/.local/lib/python3.12/site-packages/airflow/example_dags/example_dynamic_task_mapping_with_no_taskflow_operators.py
[2025-02-19T09:42:34.369+0000] {processor.py:914} INFO - Processing file /home/airflow/.local/lib/python3.12/site-packages/airflow/example_dags/example_dynamic_task_mapping_with_no_taskflow_operators.py for tasks to queue
[2025-02-19T09:42:34.371+0000] {logging_mixin.py:190} INFO - [2025-02-19T09:42:34.371+0000] {dagbag.py:587} INFO - Filling up the DagBag from /home/airflow/.local/lib/python3.12/site-packages/airflow/example_dags/example_dynamic_task_mapping_with_no_taskflow_operators.py
[2025-02-19T09:42:34.377+0000] {processor.py:925} INFO - DAG(s) 'example_dynamic_task_mapping_with_no_taskflow_operators' retrieved from /home/airflow/.local/lib/python3.12/site-packages/airflow/example_dags/example_dynamic_task_mapping_with_no_taskflow_operators.py
[2025-02-19T09:42:34.397+0000] {logging_mixin.py:190} INFO - [2025-02-19T09:42:34.396+0000] {dag.py:3229} INFO - Sync 1 DAGs
[2025-02-19T09:42:34.409+0000] {logging_mixin.py:190} INFO - [2025-02-19T09:42:34.409+0000] {dag.py:4156} INFO - Setting next_dagrun for example_dynamic_task_mapping_with_no_taskflow_operators to None, run_after=None
[2025-02-19T09:42:34.423+0000] {processor.py:208} INFO - Processing /home/airflow/.local/lib/python3.12/site-packages/airflow/example_dags/example_dynamic_task_mapping_with_no_taskflow_operators.py took 0.060 seconds
[2025-02-19T09:43:05.451+0000] {processor.py:186} INFO - Started process (PID=683) to work on /home/airflow/.local/lib/python3.12/site-packages/airflow/example_dags/example_dynamic_task_mapping_with_no_taskflow_operators.py
[2025-02-19T09:43:05.452+0000] {processor.py:914} INFO - Processing file /home/airflow/.local/lib/python3.12/site-packages/airflow/example_dags/example_dynamic_task_mapping_with_no_taskflow_operators.py for tasks to queue
[2025-02-19T09:43:05.454+0000] {logging_mixin.py:190} INFO - [2025-02-19T09:43:05.454+0000] {dagbag.py:587} INFO - Filling up the DagBag from /home/airflow/.local/lib/python3.12/site-packages/airflow/example_dags/example_dynamic_task_mapping_with_no_taskflow_operators.py
[2025-02-19T09:43:05.461+0000] {processor.py:925} INFO - DAG(s) 'example_dynamic_task_mapping_with_no_taskflow_operators' retrieved from /home/airflow/.local/lib/python3.12/site-packages/airflow/example_dags/example_dynamic_task_mapping_with_no_taskflow_operators.py
[2025-02-19T09:43:05.478+0000] {logging_mixin.py:190} INFO - [2025-02-19T09:43:05.478+0000] {dag.py:3229} INFO - Sync 1 DAGs
[2025-02-19T09:43:05.491+0000] {logging_mixin.py:190} INFO - [2025-02-19T09:43:05.491+0000] {dag.py:4156} INFO - Setting next_dagrun for example_dynamic_task_mapping_with_no_taskflow_operators to None, run_after=None
[2025-02-19T09:43:05.505+0000] {processor.py:208} INFO - Processing /home/airflow/.local/lib/python3.12/site-packages/airflow/example_dags/example_dynamic_task_mapping_with_no_taskflow_operators.py took 0.059 seconds
[2025-02-19T09:43:35.790+0000] {processor.py:186} INFO - Started process (PID=747) to work on /home/airflow/.local/lib/python3.12/site-packages/airflow/example_dags/example_dynamic_task_mapping_with_no_taskflow_operators.py
[2025-02-19T09:43:35.791+0000] {processor.py:914} INFO - Processing file /home/airflow/.local/lib/python3.12/site-packages/airflow/example_dags/example_dynamic_task_mapping_with_no_taskflow_operators.py for tasks to queue
[2025-02-19T09:43:35.793+0000] {logging_mixin.py:190} INFO - [2025-02-19T09:43:35.792+0000] {dagbag.py:587} INFO - Filling up the DagBag from /home/airflow/.local/lib/python3.12/site-packages/airflow/example_dags/example_dynamic_task_mapping_with_no_taskflow_operators.py
[2025-02-19T09:43:35.799+0000] {processor.py:925} INFO - DAG(s) 'example_dynamic_task_mapping_with_no_taskflow_operators' retrieved from /home/airflow/.local/lib/python3.12/site-packages/airflow/example_dags/example_dynamic_task_mapping_with_no_taskflow_operators.py
[2025-02-19T09:43:35.816+0000] {logging_mixin.py:190} INFO - [2025-02-19T09:43:35.815+0000] {dag.py:3229} INFO - Sync 1 DAGs
[2025-02-19T09:43:35.828+0000] {logging_mixin.py:190} INFO - [2025-02-19T09:43:35.828+0000] {dag.py:4156} INFO - Setting next_dagrun for example_dynamic_task_mapping_with_no_taskflow_operators to None, run_after=None
[2025-02-19T09:43:35.843+0000] {processor.py:208} INFO - Processing /home/airflow/.local/lib/python3.12/site-packages/airflow/example_dags/example_dynamic_task_mapping_with_no_taskflow_operators.py took 0.057 seconds
[2025-02-19T09:44:06.100+0000] {processor.py:186} INFO - Started process (PID=811) to work on /home/airflow/.local/lib/python3.12/site-packages/airflow/example_dags/example_dynamic_task_mapping_with_no_taskflow_operators.py
[2025-02-19T09:44:06.101+0000] {processor.py:914} INFO - Processing file /home/airflow/.local/lib/python3.12/site-packages/airflow/example_dags/example_dynamic_task_mapping_with_no_taskflow_operators.py for tasks to queue
[2025-02-19T09:44:06.102+0000] {logging_mixin.py:190} INFO - [2025-02-19T09:44:06.102+0000] {dagbag.py:587} INFO - Filling up the DagBag from /home/airflow/.local/lib/python3.12/site-packages/airflow/example_dags/example_dynamic_task_mapping_with_no_taskflow_operators.py
[2025-02-19T09:44:06.108+0000] {processor.py:925} INFO - DAG(s) 'example_dynamic_task_mapping_with_no_taskflow_operators' retrieved from /home/airflow/.local/lib/python3.12/site-packages/airflow/example_dags/example_dynamic_task_mapping_with_no_taskflow_operators.py
[2025-02-19T09:44:06.125+0000] {logging_mixin.py:190} INFO - [2025-02-19T09:44:06.124+0000] {dag.py:3229} INFO - Sync 1 DAGs
[2025-02-19T09:44:06.135+0000] {logging_mixin.py:190} INFO - [2025-02-19T09:44:06.135+0000] {dag.py:4156} INFO - Setting next_dagrun for example_dynamic_task_mapping_with_no_taskflow_operators to None, run_after=None
[2025-02-19T09:44:06.150+0000] {processor.py:208} INFO - Processing /home/airflow/.local/lib/python3.12/site-packages/airflow/example_dags/example_dynamic_task_mapping_with_no_taskflow_operators.py took 0.055 seconds
[2025-02-19T09:44:37.048+0000] {processor.py:186} INFO - Started process (PID=875) to work on /home/airflow/.local/lib/python3.12/site-packages/airflow/example_dags/example_dynamic_task_mapping_with_no_taskflow_operators.py
[2025-02-19T09:44:37.049+0000] {processor.py:914} INFO - Processing file /home/airflow/.local/lib/python3.12/site-packages/airflow/example_dags/example_dynamic_task_mapping_with_no_taskflow_operators.py for tasks to queue
[2025-02-19T09:44:37.051+0000] {logging_mixin.py:190} INFO - [2025-02-19T09:44:37.051+0000] {dagbag.py:587} INFO - Filling up the DagBag from /home/airflow/.local/lib/python3.12/site-packages/airflow/example_dags/example_dynamic_task_mapping_with_no_taskflow_operators.py
[2025-02-19T09:44:37.060+0000] {processor.py:925} INFO - DAG(s) 'example_dynamic_task_mapping_with_no_taskflow_operators' retrieved from /home/airflow/.local/lib/python3.12/site-packages/airflow/example_dags/example_dynamic_task_mapping_with_no_taskflow_operators.py
[2025-02-19T09:44:37.081+0000] {logging_mixin.py:190} INFO - [2025-02-19T09:44:37.080+0000] {dag.py:3229} INFO - Sync 1 DAGs
[2025-02-19T09:44:37.098+0000] {logging_mixin.py:190} INFO - [2025-02-19T09:44:37.098+0000] {dag.py:4156} INFO - Setting next_dagrun for example_dynamic_task_mapping_with_no_taskflow_operators to None, run_after=None
[2025-02-19T09:44:37.115+0000] {processor.py:208} INFO - Processing /home/airflow/.local/lib/python3.12/site-packages/airflow/example_dags/example_dynamic_task_mapping_with_no_taskflow_operators.py took 0.071 seconds
[2025-02-19T09:45:07.405+0000] {processor.py:186} INFO - Started process (PID=939) to work on /home/airflow/.local/lib/python3.12/site-packages/airflow/example_dags/example_dynamic_task_mapping_with_no_taskflow_operators.py
[2025-02-19T09:45:07.406+0000] {processor.py:914} INFO - Processing file /home/airflow/.local/lib/python3.12/site-packages/airflow/example_dags/example_dynamic_task_mapping_with_no_taskflow_operators.py for tasks to queue
[2025-02-19T09:45:07.408+0000] {logging_mixin.py:190} INFO - [2025-02-19T09:45:07.408+0000] {dagbag.py:587} INFO - Filling up the DagBag from /home/airflow/.local/lib/python3.12/site-packages/airflow/example_dags/example_dynamic_task_mapping_with_no_taskflow_operators.py
[2025-02-19T09:45:07.414+0000] {processor.py:925} INFO - DAG(s) 'example_dynamic_task_mapping_with_no_taskflow_operators' retrieved from /home/airflow/.local/lib/python3.12/site-packages/airflow/example_dags/example_dynamic_task_mapping_with_no_taskflow_operators.py
[2025-02-19T09:45:07.431+0000] {logging_mixin.py:190} INFO - [2025-02-19T09:45:07.431+0000] {dag.py:3229} INFO - Sync 1 DAGs
[2025-02-19T09:45:07.443+0000] {logging_mixin.py:190} INFO - [2025-02-19T09:45:07.443+0000] {dag.py:4156} INFO - Setting next_dagrun for example_dynamic_task_mapping_with_no_taskflow_operators to None, run_after=None
[2025-02-19T09:45:07.461+0000] {processor.py:208} INFO - Processing /home/airflow/.local/lib/python3.12/site-packages/airflow/example_dags/example_dynamic_task_mapping_with_no_taskflow_operators.py took 0.060 seconds
[2025-02-19T09:45:38.559+0000] {processor.py:186} INFO - Started process (PID=1003) to work on /home/airflow/.local/lib/python3.12/site-packages/airflow/example_dags/example_dynamic_task_mapping_with_no_taskflow_operators.py
[2025-02-19T09:45:38.560+0000] {processor.py:914} INFO - Processing file /home/airflow/.local/lib/python3.12/site-packages/airflow/example_dags/example_dynamic_task_mapping_with_no_taskflow_operators.py for tasks to queue
[2025-02-19T09:45:38.562+0000] {logging_mixin.py:190} INFO - [2025-02-19T09:45:38.561+0000] {dagbag.py:587} INFO - Filling up the DagBag from /home/airflow/.local/lib/python3.12/site-packages/airflow/example_dags/example_dynamic_task_mapping_with_no_taskflow_operators.py
[2025-02-19T09:45:38.568+0000] {processor.py:925} INFO - DAG(s) 'example_dynamic_task_mapping_with_no_taskflow_operators' retrieved from /home/airflow/.local/lib/python3.12/site-packages/airflow/example_dags/example_dynamic_task_mapping_with_no_taskflow_operators.py
[2025-02-19T09:45:38.586+0000] {logging_mixin.py:190} INFO - [2025-02-19T09:45:38.585+0000] {dag.py:3229} INFO - Sync 1 DAGs
[2025-02-19T09:45:38.598+0000] {logging_mixin.py:190} INFO - [2025-02-19T09:45:38.598+0000] {dag.py:4156} INFO - Setting next_dagrun for example_dynamic_task_mapping_with_no_taskflow_operators to None, run_after=None
[2025-02-19T09:45:38.614+0000] {processor.py:208} INFO - Processing /home/airflow/.local/lib/python3.12/site-packages/airflow/example_dags/example_dynamic_task_mapping_with_no_taskflow_operators.py took 0.060 seconds
[2025-02-19T09:46:09.627+0000] {processor.py:186} INFO - Started process (PID=1067) to work on /home/airflow/.local/lib/python3.12/site-packages/airflow/example_dags/example_dynamic_task_mapping_with_no_taskflow_operators.py
[2025-02-19T09:46:09.628+0000] {processor.py:914} INFO - Processing file /home/airflow/.local/lib/python3.12/site-packages/airflow/example_dags/example_dynamic_task_mapping_with_no_taskflow_operators.py for tasks to queue
[2025-02-19T09:46:09.630+0000] {logging_mixin.py:190} INFO - [2025-02-19T09:46:09.630+0000] {dagbag.py:587} INFO - Filling up the DagBag from /home/airflow/.local/lib/python3.12/site-packages/airflow/example_dags/example_dynamic_task_mapping_with_no_taskflow_operators.py
[2025-02-19T09:46:09.636+0000] {processor.py:925} INFO - DAG(s) 'example_dynamic_task_mapping_with_no_taskflow_operators' retrieved from /home/airflow/.local/lib/python3.12/site-packages/airflow/example_dags/example_dynamic_task_mapping_with_no_taskflow_operators.py
[2025-02-19T09:46:09.652+0000] {logging_mixin.py:190} INFO - [2025-02-19T09:46:09.652+0000] {dag.py:3229} INFO - Sync 1 DAGs
[2025-02-19T09:46:09.664+0000] {logging_mixin.py:190} INFO - [2025-02-19T09:46:09.664+0000] {dag.py:4156} INFO - Setting next_dagrun for example_dynamic_task_mapping_with_no_taskflow_operators to None, run_after=None
[2025-02-19T09:46:09.679+0000] {processor.py:208} INFO - Processing /home/airflow/.local/lib/python3.12/site-packages/airflow/example_dags/example_dynamic_task_mapping_with_no_taskflow_operators.py took 0.056 seconds
[2025-02-19T09:46:40.568+0000] {processor.py:186} INFO - Started process (PID=1131) to work on /home/airflow/.local/lib/python3.12/site-packages/airflow/example_dags/example_dynamic_task_mapping_with_no_taskflow_operators.py
[2025-02-19T09:46:40.569+0000] {processor.py:914} INFO - Processing file /home/airflow/.local/lib/python3.12/site-packages/airflow/example_dags/example_dynamic_task_mapping_with_no_taskflow_operators.py for tasks to queue
[2025-02-19T09:46:40.571+0000] {logging_mixin.py:190} INFO - [2025-02-19T09:46:40.571+0000] {dagbag.py:587} INFO - Filling up the DagBag from /home/airflow/.local/lib/python3.12/site-packages/airflow/example_dags/example_dynamic_task_mapping_with_no_taskflow_operators.py
[2025-02-19T09:46:40.577+0000] {processor.py:925} INFO - DAG(s) 'example_dynamic_task_mapping_with_no_taskflow_operators' retrieved from /home/airflow/.local/lib/python3.12/site-packages/airflow/example_dags/example_dynamic_task_mapping_with_no_taskflow_operators.py
[2025-02-19T09:46:40.593+0000] {logging_mixin.py:190} INFO - [2025-02-19T09:46:40.592+0000] {dag.py:3229} INFO - Sync 1 DAGs
[2025-02-19T09:46:40.604+0000] {logging_mixin.py:190} INFO - [2025-02-19T09:46:40.604+0000] {dag.py:4156} INFO - Setting next_dagrun for example_dynamic_task_mapping_with_no_taskflow_operators to None, run_after=None
[2025-02-19T09:46:40.618+0000] {processor.py:208} INFO - Processing /home/airflow/.local/lib/python3.12/site-packages/airflow/example_dags/example_dynamic_task_mapping_with_no_taskflow_operators.py took 0.054 seconds
[2025-02-19T09:47:11.640+0000] {processor.py:186} INFO - Started process (PID=1195) to work on /home/airflow/.local/lib/python3.12/site-packages/airflow/example_dags/example_dynamic_task_mapping_with_no_taskflow_operators.py
[2025-02-19T09:47:11.641+0000] {processor.py:914} INFO - Processing file /home/airflow/.local/lib/python3.12/site-packages/airflow/example_dags/example_dynamic_task_mapping_with_no_taskflow_operators.py for tasks to queue
[2025-02-19T09:47:11.643+0000] {logging_mixin.py:190} INFO - [2025-02-19T09:47:11.643+0000] {dagbag.py:587} INFO - Filling up the DagBag from /home/airflow/.local/lib/python3.12/site-packages/airflow/example_dags/example_dynamic_task_mapping_with_no_taskflow_operators.py
[2025-02-19T09:47:11.650+0000] {processor.py:925} INFO - DAG(s) 'example_dynamic_task_mapping_with_no_taskflow_operators' retrieved from /home/airflow/.local/lib/python3.12/site-packages/airflow/example_dags/example_dynamic_task_mapping_with_no_taskflow_operators.py
[2025-02-19T09:47:11.668+0000] {logging_mixin.py:190} INFO - [2025-02-19T09:47:11.667+0000] {dag.py:3229} INFO - Sync 1 DAGs
[2025-02-19T09:47:11.680+0000] {logging_mixin.py:190} INFO - [2025-02-19T09:47:11.679+0000] {dag.py:4156} INFO - Setting next_dagrun for example_dynamic_task_mapping_with_no_taskflow_operators to None, run_after=None
[2025-02-19T09:47:11.698+0000] {processor.py:208} INFO - Processing /home/airflow/.local/lib/python3.12/site-packages/airflow/example_dags/example_dynamic_task_mapping_with_no_taskflow_operators.py took 0.063 seconds
[2025-02-19T09:47:42.033+0000] {processor.py:186} INFO - Started process (PID=1259) to work on /home/airflow/.local/lib/python3.12/site-packages/airflow/example_dags/example_dynamic_task_mapping_with_no_taskflow_operators.py
[2025-02-19T09:47:42.035+0000] {processor.py:914} INFO - Processing file /home/airflow/.local/lib/python3.12/site-packages/airflow/example_dags/example_dynamic_task_mapping_with_no_taskflow_operators.py for tasks to queue
[2025-02-19T09:47:42.037+0000] {logging_mixin.py:190} INFO - [2025-02-19T09:47:42.036+0000] {dagbag.py:587} INFO - Filling up the DagBag from /home/airflow/.local/lib/python3.12/site-packages/airflow/example_dags/example_dynamic_task_mapping_with_no_taskflow_operators.py
[2025-02-19T09:47:42.044+0000] {processor.py:925} INFO - DAG(s) 'example_dynamic_task_mapping_with_no_taskflow_operators' retrieved from /home/airflow/.local/lib/python3.12/site-packages/airflow/example_dags/example_dynamic_task_mapping_with_no_taskflow_operators.py
[2025-02-19T09:47:42.063+0000] {logging_mixin.py:190} INFO - [2025-02-19T09:47:42.063+0000] {dag.py:3229} INFO - Sync 1 DAGs
[2025-02-19T09:47:42.077+0000] {logging_mixin.py:190} INFO - [2025-02-19T09:47:42.077+0000] {dag.py:4156} INFO - Setting next_dagrun for example_dynamic_task_mapping_with_no_taskflow_operators to None, run_after=None
[2025-02-19T09:47:42.096+0000] {processor.py:208} INFO - Processing /home/airflow/.local/lib/python3.12/site-packages/airflow/example_dags/example_dynamic_task_mapping_with_no_taskflow_operators.py took 0.068 seconds
[2025-02-19T09:48:12.368+0000] {processor.py:186} INFO - Started process (PID=1324) to work on /home/airflow/.local/lib/python3.12/site-packages/airflow/example_dags/example_dynamic_task_mapping_with_no_taskflow_operators.py
[2025-02-19T09:48:12.369+0000] {processor.py:914} INFO - Processing file /home/airflow/.local/lib/python3.12/site-packages/airflow/example_dags/example_dynamic_task_mapping_with_no_taskflow_operators.py for tasks to queue
[2025-02-19T09:48:12.371+0000] {logging_mixin.py:190} INFO - [2025-02-19T09:48:12.371+0000] {dagbag.py:587} INFO - Filling up the DagBag from /home/airflow/.local/lib/python3.12/site-packages/airflow/example_dags/example_dynamic_task_mapping_with_no_taskflow_operators.py
[2025-02-19T09:48:12.377+0000] {processor.py:925} INFO - DAG(s) 'example_dynamic_task_mapping_with_no_taskflow_operators' retrieved from /home/airflow/.local/lib/python3.12/site-packages/airflow/example_dags/example_dynamic_task_mapping_with_no_taskflow_operators.py
[2025-02-19T09:48:12.395+0000] {logging_mixin.py:190} INFO - [2025-02-19T09:48:12.394+0000] {dag.py:3229} INFO - Sync 1 DAGs
[2025-02-19T09:48:12.406+0000] {logging_mixin.py:190} INFO - [2025-02-19T09:48:12.406+0000] {dag.py:4156} INFO - Setting next_dagrun for example_dynamic_task_mapping_with_no_taskflow_operators to None, run_after=None
[2025-02-19T09:48:12.423+0000] {processor.py:208} INFO - Processing /home/airflow/.local/lib/python3.12/site-packages/airflow/example_dags/example_dynamic_task_mapping_with_no_taskflow_operators.py took 0.059 seconds
[2025-02-19T09:48:43.490+0000] {processor.py:186} INFO - Started process (PID=1388) to work on /home/airflow/.local/lib/python3.12/site-packages/airflow/example_dags/example_dynamic_task_mapping_with_no_taskflow_operators.py
[2025-02-19T09:48:43.491+0000] {processor.py:914} INFO - Processing file /home/airflow/.local/lib/python3.12/site-packages/airflow/example_dags/example_dynamic_task_mapping_with_no_taskflow_operators.py for tasks to queue
[2025-02-19T09:48:43.493+0000] {logging_mixin.py:190} INFO - [2025-02-19T09:48:43.493+0000] {dagbag.py:587} INFO - Filling up the DagBag from /home/airflow/.local/lib/python3.12/site-packages/airflow/example_dags/example_dynamic_task_mapping_with_no_taskflow_operators.py
[2025-02-19T09:48:43.499+0000] {processor.py:925} INFO - DAG(s) 'example_dynamic_task_mapping_with_no_taskflow_operators' retrieved from /home/airflow/.local/lib/python3.12/site-packages/airflow/example_dags/example_dynamic_task_mapping_with_no_taskflow_operators.py
[2025-02-19T09:48:43.515+0000] {logging_mixin.py:190} INFO - [2025-02-19T09:48:43.515+0000] {dag.py:3229} INFO - Sync 1 DAGs
[2025-02-19T09:48:43.526+0000] {logging_mixin.py:190} INFO - [2025-02-19T09:48:43.526+0000] {dag.py:4156} INFO - Setting next_dagrun for example_dynamic_task_mapping_with_no_taskflow_operators to None, run_after=None
[2025-02-19T09:48:43.540+0000] {processor.py:208} INFO - Processing /home/airflow/.local/lib/python3.12/site-packages/airflow/example_dags/example_dynamic_task_mapping_with_no_taskflow_operators.py took 0.055 seconds
[2025-02-19T09:49:14.391+0000] {processor.py:186} INFO - Started process (PID=1452) to work on /home/airflow/.local/lib/python3.12/site-packages/airflow/example_dags/example_dynamic_task_mapping_with_no_taskflow_operators.py
[2025-02-19T09:49:14.392+0000] {processor.py:914} INFO - Processing file /home/airflow/.local/lib/python3.12/site-packages/airflow/example_dags/example_dynamic_task_mapping_with_no_taskflow_operators.py for tasks to queue
[2025-02-19T09:49:14.394+0000] {logging_mixin.py:190} INFO - [2025-02-19T09:49:14.393+0000] {dagbag.py:587} INFO - Filling up the DagBag from /home/airflow/.local/lib/python3.12/site-packages/airflow/example_dags/example_dynamic_task_mapping_with_no_taskflow_operators.py
[2025-02-19T09:49:14.400+0000] {processor.py:925} INFO - DAG(s) 'example_dynamic_task_mapping_with_no_taskflow_operators' retrieved from /home/airflow/.local/lib/python3.12/site-packages/airflow/example_dags/example_dynamic_task_mapping_with_no_taskflow_operators.py
[2025-02-19T09:49:14.417+0000] {logging_mixin.py:190} INFO - [2025-02-19T09:49:14.416+0000] {dag.py:3229} INFO - Sync 1 DAGs
[2025-02-19T09:49:14.428+0000] {logging_mixin.py:190} INFO - [2025-02-19T09:49:14.427+0000] {dag.py:4156} INFO - Setting next_dagrun for example_dynamic_task_mapping_with_no_taskflow_operators to None, run_after=None
[2025-02-19T09:49:14.442+0000] {processor.py:208} INFO - Processing /home/airflow/.local/lib/python3.12/site-packages/airflow/example_dags/example_dynamic_task_mapping_with_no_taskflow_operators.py took 0.055 seconds
[2025-02-19T09:49:45.347+0000] {processor.py:186} INFO - Started process (PID=1516) to work on /home/airflow/.local/lib/python3.12/site-packages/airflow/example_dags/example_dynamic_task_mapping_with_no_taskflow_operators.py
[2025-02-19T09:49:45.348+0000] {processor.py:914} INFO - Processing file /home/airflow/.local/lib/python3.12/site-packages/airflow/example_dags/example_dynamic_task_mapping_with_no_taskflow_operators.py for tasks to queue
[2025-02-19T09:49:45.350+0000] {logging_mixin.py:190} INFO - [2025-02-19T09:49:45.350+0000] {dagbag.py:587} INFO - Filling up the DagBag from /home/airflow/.local/lib/python3.12/site-packages/airflow/example_dags/example_dynamic_task_mapping_with_no_taskflow_operators.py
[2025-02-19T09:49:45.359+0000] {processor.py:925} INFO - DAG(s) 'example_dynamic_task_mapping_with_no_taskflow_operators' retrieved from /home/airflow/.local/lib/python3.12/site-packages/airflow/example_dags/example_dynamic_task_mapping_with_no_taskflow_operators.py
[2025-02-19T09:49:45.378+0000] {logging_mixin.py:190} INFO - [2025-02-19T09:49:45.377+0000] {dag.py:3229} INFO - Sync 1 DAGs
[2025-02-19T09:49:45.390+0000] {logging_mixin.py:190} INFO - [2025-02-19T09:49:45.390+0000] {dag.py:4156} INFO - Setting next_dagrun for example_dynamic_task_mapping_with_no_taskflow_operators to None, run_after=None
[2025-02-19T09:49:45.406+0000] {processor.py:208} INFO - Processing /home/airflow/.local/lib/python3.12/site-packages/airflow/example_dags/example_dynamic_task_mapping_with_no_taskflow_operators.py took 0.063 seconds
[2025-02-19T09:50:15.708+0000] {processor.py:186} INFO - Started process (PID=1580) to work on /home/airflow/.local/lib/python3.12/site-packages/airflow/example_dags/example_dynamic_task_mapping_with_no_taskflow_operators.py
[2025-02-19T09:50:15.709+0000] {processor.py:914} INFO - Processing file /home/airflow/.local/lib/python3.12/site-packages/airflow/example_dags/example_dynamic_task_mapping_with_no_taskflow_operators.py for tasks to queue
[2025-02-19T09:50:15.712+0000] {logging_mixin.py:190} INFO - [2025-02-19T09:50:15.711+0000] {dagbag.py:587} INFO - Filling up the DagBag from /home/airflow/.local/lib/python3.12/site-packages/airflow/example_dags/example_dynamic_task_mapping_with_no_taskflow_operators.py
[2025-02-19T09:50:15.719+0000] {processor.py:925} INFO - DAG(s) 'example_dynamic_task_mapping_with_no_taskflow_operators' retrieved from /home/airflow/.local/lib/python3.12/site-packages/airflow/example_dags/example_dynamic_task_mapping_with_no_taskflow_operators.py
[2025-02-19T09:50:15.739+0000] {logging_mixin.py:190} INFO - [2025-02-19T09:50:15.738+0000] {dag.py:3229} INFO - Sync 1 DAGs
[2025-02-19T09:50:15.754+0000] {logging_mixin.py:190} INFO - [2025-02-19T09:50:15.754+0000] {dag.py:4156} INFO - Setting next_dagrun for example_dynamic_task_mapping_with_no_taskflow_operators to None, run_after=None
[2025-02-19T09:50:15.773+0000] {processor.py:208} INFO - Processing /home/airflow/.local/lib/python3.12/site-packages/airflow/example_dags/example_dynamic_task_mapping_with_no_taskflow_operators.py took 0.071 seconds
[2025-02-19T09:50:46.165+0000] {processor.py:186} INFO - Started process (PID=1644) to work on /home/airflow/.local/lib/python3.12/site-packages/airflow/example_dags/example_dynamic_task_mapping_with_no_taskflow_operators.py
[2025-02-19T09:50:46.166+0000] {processor.py:914} INFO - Processing file /home/airflow/.local/lib/python3.12/site-packages/airflow/example_dags/example_dynamic_task_mapping_with_no_taskflow_operators.py for tasks to queue
[2025-02-19T09:50:46.168+0000] {logging_mixin.py:190} INFO - [2025-02-19T09:50:46.168+0000] {dagbag.py:587} INFO - Filling up the DagBag from /home/airflow/.local/lib/python3.12/site-packages/airflow/example_dags/example_dynamic_task_mapping_with_no_taskflow_operators.py
[2025-02-19T09:50:46.175+0000] {processor.py:925} INFO - DAG(s) 'example_dynamic_task_mapping_with_no_taskflow_operators' retrieved from /home/airflow/.local/lib/python3.12/site-packages/airflow/example_dags/example_dynamic_task_mapping_with_no_taskflow_operators.py
[2025-02-19T09:50:46.193+0000] {logging_mixin.py:190} INFO - [2025-02-19T09:50:46.193+0000] {dag.py:3229} INFO - Sync 1 DAGs
[2025-02-19T09:50:46.206+0000] {logging_mixin.py:190} INFO - [2025-02-19T09:50:46.205+0000] {dag.py:4156} INFO - Setting next_dagrun for example_dynamic_task_mapping_with_no_taskflow_operators to None, run_after=None
[2025-02-19T09:50:46.221+0000] {processor.py:208} INFO - Processing /home/airflow/.local/lib/python3.12/site-packages/airflow/example_dags/example_dynamic_task_mapping_with_no_taskflow_operators.py took 0.061 seconds
[2025-02-19T09:51:16.330+0000] {processor.py:186} INFO - Started process (PID=1708) to work on /home/airflow/.local/lib/python3.12/site-packages/airflow/example_dags/example_dynamic_task_mapping_with_no_taskflow_operators.py
[2025-02-19T09:51:16.331+0000] {processor.py:914} INFO - Processing file /home/airflow/.local/lib/python3.12/site-packages/airflow/example_dags/example_dynamic_task_mapping_with_no_taskflow_operators.py for tasks to queue
[2025-02-19T09:51:16.333+0000] {logging_mixin.py:190} INFO - [2025-02-19T09:51:16.333+0000] {dagbag.py:587} INFO - Filling up the DagBag from /home/airflow/.local/lib/python3.12/site-packages/airflow/example_dags/example_dynamic_task_mapping_with_no_taskflow_operators.py
[2025-02-19T09:51:16.339+0000] {processor.py:925} INFO - DAG(s) 'example_dynamic_task_mapping_with_no_taskflow_operators' retrieved from /home/airflow/.local/lib/python3.12/site-packages/airflow/example_dags/example_dynamic_task_mapping_with_no_taskflow_operators.py
[2025-02-19T09:51:16.356+0000] {logging_mixin.py:190} INFO - [2025-02-19T09:51:16.355+0000] {dag.py:3229} INFO - Sync 1 DAGs
[2025-02-19T09:51:16.367+0000] {logging_mixin.py:190} INFO - [2025-02-19T09:51:16.366+0000] {dag.py:4156} INFO - Setting next_dagrun for example_dynamic_task_mapping_with_no_taskflow_operators to None, run_after=None
[2025-02-19T09:51:16.380+0000] {processor.py:208} INFO - Processing /home/airflow/.local/lib/python3.12/site-packages/airflow/example_dags/example_dynamic_task_mapping_with_no_taskflow_operators.py took 0.054 seconds
[2025-02-19T09:51:46.701+0000] {processor.py:186} INFO - Started process (PID=1772) to work on /home/airflow/.local/lib/python3.12/site-packages/airflow/example_dags/example_dynamic_task_mapping_with_no_taskflow_operators.py
[2025-02-19T09:51:46.702+0000] {processor.py:914} INFO - Processing file /home/airflow/.local/lib/python3.12/site-packages/airflow/example_dags/example_dynamic_task_mapping_with_no_taskflow_operators.py for tasks to queue
[2025-02-19T09:51:46.703+0000] {logging_mixin.py:190} INFO - [2025-02-19T09:51:46.703+0000] {dagbag.py:587} INFO - Filling up the DagBag from /home/airflow/.local/lib/python3.12/site-packages/airflow/example_dags/example_dynamic_task_mapping_with_no_taskflow_operators.py
[2025-02-19T09:51:46.710+0000] {processor.py:925} INFO - DAG(s) 'example_dynamic_task_mapping_with_no_taskflow_operators' retrieved from /home/airflow/.local/lib/python3.12/site-packages/airflow/example_dags/example_dynamic_task_mapping_with_no_taskflow_operators.py
[2025-02-19T09:51:46.727+0000] {logging_mixin.py:190} INFO - [2025-02-19T09:51:46.726+0000] {dag.py:3229} INFO - Sync 1 DAGs
[2025-02-19T09:51:46.739+0000] {logging_mixin.py:190} INFO - [2025-02-19T09:51:46.739+0000] {dag.py:4156} INFO - Setting next_dagrun for example_dynamic_task_mapping_with_no_taskflow_operators to None, run_after=None
[2025-02-19T09:51:46.752+0000] {processor.py:208} INFO - Processing /home/airflow/.local/lib/python3.12/site-packages/airflow/example_dags/example_dynamic_task_mapping_with_no_taskflow_operators.py took 0.056 seconds
[2025-02-19T09:52:17.133+0000] {processor.py:186} INFO - Started process (PID=1836) to work on /home/airflow/.local/lib/python3.12/site-packages/airflow/example_dags/example_dynamic_task_mapping_with_no_taskflow_operators.py
[2025-02-19T09:52:17.134+0000] {processor.py:914} INFO - Processing file /home/airflow/.local/lib/python3.12/site-packages/airflow/example_dags/example_dynamic_task_mapping_with_no_taskflow_operators.py for tasks to queue
[2025-02-19T09:52:17.136+0000] {logging_mixin.py:190} INFO - [2025-02-19T09:52:17.136+0000] {dagbag.py:587} INFO - Filling up the DagBag from /home/airflow/.local/lib/python3.12/site-packages/airflow/example_dags/example_dynamic_task_mapping_with_no_taskflow_operators.py
[2025-02-19T09:52:17.142+0000] {processor.py:925} INFO - DAG(s) 'example_dynamic_task_mapping_with_no_taskflow_operators' retrieved from /home/airflow/.local/lib/python3.12/site-packages/airflow/example_dags/example_dynamic_task_mapping_with_no_taskflow_operators.py
[2025-02-19T09:52:17.161+0000] {logging_mixin.py:190} INFO - [2025-02-19T09:52:17.160+0000] {dag.py:3229} INFO - Sync 1 DAGs
[2025-02-19T09:52:17.173+0000] {logging_mixin.py:190} INFO - [2025-02-19T09:52:17.173+0000] {dag.py:4156} INFO - Setting next_dagrun for example_dynamic_task_mapping_with_no_taskflow_operators to None, run_after=None
[2025-02-19T09:52:17.187+0000] {processor.py:208} INFO - Processing /home/airflow/.local/lib/python3.12/site-packages/airflow/example_dags/example_dynamic_task_mapping_with_no_taskflow_operators.py took 0.058 seconds
[2025-02-19T09:52:47.329+0000] {processor.py:186} INFO - Started process (PID=1900) to work on /home/airflow/.local/lib/python3.12/site-packages/airflow/example_dags/example_dynamic_task_mapping_with_no_taskflow_operators.py
[2025-02-19T09:52:47.330+0000] {processor.py:914} INFO - Processing file /home/airflow/.local/lib/python3.12/site-packages/airflow/example_dags/example_dynamic_task_mapping_with_no_taskflow_operators.py for tasks to queue
[2025-02-19T09:52:47.332+0000] {logging_mixin.py:190} INFO - [2025-02-19T09:52:47.331+0000] {dagbag.py:587} INFO - Filling up the DagBag from /home/airflow/.local/lib/python3.12/site-packages/airflow/example_dags/example_dynamic_task_mapping_with_no_taskflow_operators.py
[2025-02-19T09:52:47.338+0000] {processor.py:925} INFO - DAG(s) 'example_dynamic_task_mapping_with_no_taskflow_operators' retrieved from /home/airflow/.local/lib/python3.12/site-packages/airflow/example_dags/example_dynamic_task_mapping_with_no_taskflow_operators.py
[2025-02-19T09:52:47.358+0000] {logging_mixin.py:190} INFO - [2025-02-19T09:52:47.357+0000] {dag.py:3229} INFO - Sync 1 DAGs
[2025-02-19T09:52:47.370+0000] {logging_mixin.py:190} INFO - [2025-02-19T09:52:47.370+0000] {dag.py:4156} INFO - Setting next_dagrun for example_dynamic_task_mapping_with_no_taskflow_operators to None, run_after=None
[2025-02-19T09:52:47.387+0000] {processor.py:208} INFO - Processing /home/airflow/.local/lib/python3.12/site-packages/airflow/example_dags/example_dynamic_task_mapping_with_no_taskflow_operators.py took 0.063 seconds
[2025-02-19T09:53:17.561+0000] {processor.py:186} INFO - Started process (PID=1963) to work on /home/airflow/.local/lib/python3.12/site-packages/airflow/example_dags/example_dynamic_task_mapping_with_no_taskflow_operators.py
[2025-02-19T09:53:17.562+0000] {processor.py:914} INFO - Processing file /home/airflow/.local/lib/python3.12/site-packages/airflow/example_dags/example_dynamic_task_mapping_with_no_taskflow_operators.py for tasks to queue
[2025-02-19T09:53:17.565+0000] {logging_mixin.py:190} INFO - [2025-02-19T09:53:17.564+0000] {dagbag.py:587} INFO - Filling up the DagBag from /home/airflow/.local/lib/python3.12/site-packages/airflow/example_dags/example_dynamic_task_mapping_with_no_taskflow_operators.py
[2025-02-19T09:53:17.572+0000] {processor.py:925} INFO - DAG(s) 'example_dynamic_task_mapping_with_no_taskflow_operators' retrieved from /home/airflow/.local/lib/python3.12/site-packages/airflow/example_dags/example_dynamic_task_mapping_with_no_taskflow_operators.py
[2025-02-19T09:53:17.591+0000] {logging_mixin.py:190} INFO - [2025-02-19T09:53:17.590+0000] {dag.py:3229} INFO - Sync 1 DAGs
[2025-02-19T09:53:17.604+0000] {logging_mixin.py:190} INFO - [2025-02-19T09:53:17.604+0000] {dag.py:4156} INFO - Setting next_dagrun for example_dynamic_task_mapping_with_no_taskflow_operators to None, run_after=None
[2025-02-19T09:53:17.622+0000] {processor.py:208} INFO - Processing /home/airflow/.local/lib/python3.12/site-packages/airflow/example_dags/example_dynamic_task_mapping_with_no_taskflow_operators.py took 0.065 seconds
[2025-02-19T09:53:47.909+0000] {processor.py:186} INFO - Started process (PID=2027) to work on /home/airflow/.local/lib/python3.12/site-packages/airflow/example_dags/example_dynamic_task_mapping_with_no_taskflow_operators.py
[2025-02-19T09:53:47.910+0000] {processor.py:914} INFO - Processing file /home/airflow/.local/lib/python3.12/site-packages/airflow/example_dags/example_dynamic_task_mapping_with_no_taskflow_operators.py for tasks to queue
[2025-02-19T09:53:47.911+0000] {logging_mixin.py:190} INFO - [2025-02-19T09:53:47.911+0000] {dagbag.py:587} INFO - Filling up the DagBag from /home/airflow/.local/lib/python3.12/site-packages/airflow/example_dags/example_dynamic_task_mapping_with_no_taskflow_operators.py
[2025-02-19T09:53:47.917+0000] {processor.py:925} INFO - DAG(s) 'example_dynamic_task_mapping_with_no_taskflow_operators' retrieved from /home/airflow/.local/lib/python3.12/site-packages/airflow/example_dags/example_dynamic_task_mapping_with_no_taskflow_operators.py
[2025-02-19T09:53:47.933+0000] {logging_mixin.py:190} INFO - [2025-02-19T09:53:47.932+0000] {dag.py:3229} INFO - Sync 1 DAGs
[2025-02-19T09:53:47.943+0000] {logging_mixin.py:190} INFO - [2025-02-19T09:53:47.943+0000] {dag.py:4156} INFO - Setting next_dagrun for example_dynamic_task_mapping_with_no_taskflow_operators to None, run_after=None
[2025-02-19T09:53:47.957+0000] {processor.py:208} INFO - Processing /home/airflow/.local/lib/python3.12/site-packages/airflow/example_dags/example_dynamic_task_mapping_with_no_taskflow_operators.py took 0.053 seconds
[2025-02-19T09:54:18.329+0000] {processor.py:186} INFO - Started process (PID=2091) to work on /home/airflow/.local/lib/python3.12/site-packages/airflow/example_dags/example_dynamic_task_mapping_with_no_taskflow_operators.py
[2025-02-19T09:54:18.330+0000] {processor.py:914} INFO - Processing file /home/airflow/.local/lib/python3.12/site-packages/airflow/example_dags/example_dynamic_task_mapping_with_no_taskflow_operators.py for tasks to queue
[2025-02-19T09:54:18.332+0000] {logging_mixin.py:190} INFO - [2025-02-19T09:54:18.332+0000] {dagbag.py:587} INFO - Filling up the DagBag from /home/airflow/.local/lib/python3.12/site-packages/airflow/example_dags/example_dynamic_task_mapping_with_no_taskflow_operators.py
[2025-02-19T09:54:18.338+0000] {processor.py:925} INFO - DAG(s) 'example_dynamic_task_mapping_with_no_taskflow_operators' retrieved from /home/airflow/.local/lib/python3.12/site-packages/airflow/example_dags/example_dynamic_task_mapping_with_no_taskflow_operators.py
[2025-02-19T09:54:18.356+0000] {logging_mixin.py:190} INFO - [2025-02-19T09:54:18.355+0000] {dag.py:3229} INFO - Sync 1 DAGs
[2025-02-19T09:54:18.367+0000] {logging_mixin.py:190} INFO - [2025-02-19T09:54:18.367+0000] {dag.py:4156} INFO - Setting next_dagrun for example_dynamic_task_mapping_with_no_taskflow_operators to None, run_after=None
[2025-02-19T09:54:18.385+0000] {processor.py:208} INFO - Processing /home/airflow/.local/lib/python3.12/site-packages/airflow/example_dags/example_dynamic_task_mapping_with_no_taskflow_operators.py took 0.060 seconds
[2025-02-19T09:54:48.481+0000] {processor.py:186} INFO - Started process (PID=2155) to work on /home/airflow/.local/lib/python3.12/site-packages/airflow/example_dags/example_dynamic_task_mapping_with_no_taskflow_operators.py
[2025-02-19T09:54:48.482+0000] {processor.py:914} INFO - Processing file /home/airflow/.local/lib/python3.12/site-packages/airflow/example_dags/example_dynamic_task_mapping_with_no_taskflow_operators.py for tasks to queue
[2025-02-19T09:54:48.484+0000] {logging_mixin.py:190} INFO - [2025-02-19T09:54:48.483+0000] {dagbag.py:587} INFO - Filling up the DagBag from /home/airflow/.local/lib/python3.12/site-packages/airflow/example_dags/example_dynamic_task_mapping_with_no_taskflow_operators.py
[2025-02-19T09:54:48.490+0000] {processor.py:925} INFO - DAG(s) 'example_dynamic_task_mapping_with_no_taskflow_operators' retrieved from /home/airflow/.local/lib/python3.12/site-packages/airflow/example_dags/example_dynamic_task_mapping_with_no_taskflow_operators.py
[2025-02-19T09:54:48.510+0000] {logging_mixin.py:190} INFO - [2025-02-19T09:54:48.510+0000] {dag.py:3229} INFO - Sync 1 DAGs
[2025-02-19T09:54:48.524+0000] {logging_mixin.py:190} INFO - [2025-02-19T09:54:48.523+0000] {dag.py:4156} INFO - Setting next_dagrun for example_dynamic_task_mapping_with_no_taskflow_operators to None, run_after=None
[2025-02-19T09:54:48.541+0000] {processor.py:208} INFO - Processing /home/airflow/.local/lib/python3.12/site-packages/airflow/example_dags/example_dynamic_task_mapping_with_no_taskflow_operators.py took 0.065 seconds
[2025-02-19T09:55:18.747+0000] {processor.py:186} INFO - Started process (PID=2219) to work on /home/airflow/.local/lib/python3.12/site-packages/airflow/example_dags/example_dynamic_task_mapping_with_no_taskflow_operators.py
[2025-02-19T09:55:18.748+0000] {processor.py:914} INFO - Processing file /home/airflow/.local/lib/python3.12/site-packages/airflow/example_dags/example_dynamic_task_mapping_with_no_taskflow_operators.py for tasks to queue
[2025-02-19T09:55:18.750+0000] {logging_mixin.py:190} INFO - [2025-02-19T09:55:18.750+0000] {dagbag.py:587} INFO - Filling up the DagBag from /home/airflow/.local/lib/python3.12/site-packages/airflow/example_dags/example_dynamic_task_mapping_with_no_taskflow_operators.py
[2025-02-19T09:55:18.756+0000] {processor.py:925} INFO - DAG(s) 'example_dynamic_task_mapping_with_no_taskflow_operators' retrieved from /home/airflow/.local/lib/python3.12/site-packages/airflow/example_dags/example_dynamic_task_mapping_with_no_taskflow_operators.py
[2025-02-19T09:55:18.774+0000] {logging_mixin.py:190} INFO - [2025-02-19T09:55:18.774+0000] {dag.py:3229} INFO - Sync 1 DAGs
[2025-02-19T09:55:18.787+0000] {logging_mixin.py:190} INFO - [2025-02-19T09:55:18.787+0000] {dag.py:4156} INFO - Setting next_dagrun for example_dynamic_task_mapping_with_no_taskflow_operators to None, run_after=None
[2025-02-19T09:55:18.803+0000] {processor.py:208} INFO - Processing /home/airflow/.local/lib/python3.12/site-packages/airflow/example_dags/example_dynamic_task_mapping_with_no_taskflow_operators.py took 0.060 seconds
[2025-02-19T09:55:49.130+0000] {processor.py:186} INFO - Started process (PID=2283) to work on /home/airflow/.local/lib/python3.12/site-packages/airflow/example_dags/example_dynamic_task_mapping_with_no_taskflow_operators.py
[2025-02-19T09:55:49.131+0000] {processor.py:914} INFO - Processing file /home/airflow/.local/lib/python3.12/site-packages/airflow/example_dags/example_dynamic_task_mapping_with_no_taskflow_operators.py for tasks to queue
[2025-02-19T09:55:49.133+0000] {logging_mixin.py:190} INFO - [2025-02-19T09:55:49.132+0000] {dagbag.py:587} INFO - Filling up the DagBag from /home/airflow/.local/lib/python3.12/site-packages/airflow/example_dags/example_dynamic_task_mapping_with_no_taskflow_operators.py
[2025-02-19T09:55:49.139+0000] {processor.py:925} INFO - DAG(s) 'example_dynamic_task_mapping_with_no_taskflow_operators' retrieved from /home/airflow/.local/lib/python3.12/site-packages/airflow/example_dags/example_dynamic_task_mapping_with_no_taskflow_operators.py
[2025-02-19T09:55:49.154+0000] {logging_mixin.py:190} INFO - [2025-02-19T09:55:49.154+0000] {dag.py:3229} INFO - Sync 1 DAGs
[2025-02-19T09:55:49.165+0000] {logging_mixin.py:190} INFO - [2025-02-19T09:55:49.165+0000] {dag.py:4156} INFO - Setting next_dagrun for example_dynamic_task_mapping_with_no_taskflow_operators to None, run_after=None
[2025-02-19T09:55:49.180+0000] {processor.py:208} INFO - Processing /home/airflow/.local/lib/python3.12/site-packages/airflow/example_dags/example_dynamic_task_mapping_with_no_taskflow_operators.py took 0.054 seconds
[2025-02-19T09:56:19.517+0000] {processor.py:186} INFO - Started process (PID=2347) to work on /home/airflow/.local/lib/python3.12/site-packages/airflow/example_dags/example_dynamic_task_mapping_with_no_taskflow_operators.py
[2025-02-19T09:56:19.518+0000] {processor.py:914} INFO - Processing file /home/airflow/.local/lib/python3.12/site-packages/airflow/example_dags/example_dynamic_task_mapping_with_no_taskflow_operators.py for tasks to queue
[2025-02-19T09:56:19.520+0000] {logging_mixin.py:190} INFO - [2025-02-19T09:56:19.520+0000] {dagbag.py:587} INFO - Filling up the DagBag from /home/airflow/.local/lib/python3.12/site-packages/airflow/example_dags/example_dynamic_task_mapping_with_no_taskflow_operators.py
[2025-02-19T09:56:19.526+0000] {processor.py:925} INFO - DAG(s) 'example_dynamic_task_mapping_with_no_taskflow_operators' retrieved from /home/airflow/.local/lib/python3.12/site-packages/airflow/example_dags/example_dynamic_task_mapping_with_no_taskflow_operators.py
[2025-02-19T09:56:19.543+0000] {logging_mixin.py:190} INFO - [2025-02-19T09:56:19.543+0000] {dag.py:3229} INFO - Sync 1 DAGs
[2025-02-19T09:56:19.554+0000] {logging_mixin.py:190} INFO - [2025-02-19T09:56:19.554+0000] {dag.py:4156} INFO - Setting next_dagrun for example_dynamic_task_mapping_with_no_taskflow_operators to None, run_after=None
[2025-02-19T09:56:19.567+0000] {processor.py:208} INFO - Processing /home/airflow/.local/lib/python3.12/site-packages/airflow/example_dags/example_dynamic_task_mapping_with_no_taskflow_operators.py took 0.054 seconds
[2025-02-19T09:56:50.189+0000] {processor.py:186} INFO - Started process (PID=2414) to work on /home/airflow/.local/lib/python3.12/site-packages/airflow/example_dags/example_dynamic_task_mapping_with_no_taskflow_operators.py
[2025-02-19T09:56:50.190+0000] {processor.py:914} INFO - Processing file /home/airflow/.local/lib/python3.12/site-packages/airflow/example_dags/example_dynamic_task_mapping_with_no_taskflow_operators.py for tasks to queue
[2025-02-19T09:56:50.191+0000] {logging_mixin.py:190} INFO - [2025-02-19T09:56:50.191+0000] {dagbag.py:587} INFO - Filling up the DagBag from /home/airflow/.local/lib/python3.12/site-packages/airflow/example_dags/example_dynamic_task_mapping_with_no_taskflow_operators.py
[2025-02-19T09:56:50.197+0000] {processor.py:925} INFO - DAG(s) 'example_dynamic_task_mapping_with_no_taskflow_operators' retrieved from /home/airflow/.local/lib/python3.12/site-packages/airflow/example_dags/example_dynamic_task_mapping_with_no_taskflow_operators.py
[2025-02-19T09:56:50.216+0000] {logging_mixin.py:190} INFO - [2025-02-19T09:56:50.215+0000] {dag.py:3229} INFO - Sync 1 DAGs
[2025-02-19T09:56:50.227+0000] {logging_mixin.py:190} INFO - [2025-02-19T09:56:50.227+0000] {dag.py:4156} INFO - Setting next_dagrun for example_dynamic_task_mapping_with_no_taskflow_operators to None, run_after=None
[2025-02-19T09:56:50.242+0000] {processor.py:208} INFO - Processing /home/airflow/.local/lib/python3.12/site-packages/airflow/example_dags/example_dynamic_task_mapping_with_no_taskflow_operators.py took 0.056 seconds
[2025-02-19T09:57:21.284+0000] {processor.py:186} INFO - Started process (PID=2478) to work on /home/airflow/.local/lib/python3.12/site-packages/airflow/example_dags/example_dynamic_task_mapping_with_no_taskflow_operators.py
[2025-02-19T09:57:21.285+0000] {processor.py:914} INFO - Processing file /home/airflow/.local/lib/python3.12/site-packages/airflow/example_dags/example_dynamic_task_mapping_with_no_taskflow_operators.py for tasks to queue
[2025-02-19T09:57:21.287+0000] {logging_mixin.py:190} INFO - [2025-02-19T09:57:21.287+0000] {dagbag.py:587} INFO - Filling up the DagBag from /home/airflow/.local/lib/python3.12/site-packages/airflow/example_dags/example_dynamic_task_mapping_with_no_taskflow_operators.py
[2025-02-19T09:57:21.295+0000] {processor.py:925} INFO - DAG(s) 'example_dynamic_task_mapping_with_no_taskflow_operators' retrieved from /home/airflow/.local/lib/python3.12/site-packages/airflow/example_dags/example_dynamic_task_mapping_with_no_taskflow_operators.py
[2025-02-19T09:57:21.314+0000] {logging_mixin.py:190} INFO - [2025-02-19T09:57:21.314+0000] {dag.py:3229} INFO - Sync 1 DAGs
[2025-02-19T09:57:21.327+0000] {logging_mixin.py:190} INFO - [2025-02-19T09:57:21.327+0000] {dag.py:4156} INFO - Setting next_dagrun for example_dynamic_task_mapping_with_no_taskflow_operators to None, run_after=None
[2025-02-19T09:57:21.346+0000] {processor.py:208} INFO - Processing /home/airflow/.local/lib/python3.12/site-packages/airflow/example_dags/example_dynamic_task_mapping_with_no_taskflow_operators.py took 0.067 seconds
[2025-02-19T09:57:51.667+0000] {processor.py:186} INFO - Started process (PID=2542) to work on /home/airflow/.local/lib/python3.12/site-packages/airflow/example_dags/example_dynamic_task_mapping_with_no_taskflow_operators.py
[2025-02-19T09:57:51.668+0000] {processor.py:914} INFO - Processing file /home/airflow/.local/lib/python3.12/site-packages/airflow/example_dags/example_dynamic_task_mapping_with_no_taskflow_operators.py for tasks to queue
[2025-02-19T09:57:51.670+0000] {logging_mixin.py:190} INFO - [2025-02-19T09:57:51.670+0000] {dagbag.py:587} INFO - Filling up the DagBag from /home/airflow/.local/lib/python3.12/site-packages/airflow/example_dags/example_dynamic_task_mapping_with_no_taskflow_operators.py
[2025-02-19T09:57:51.677+0000] {processor.py:925} INFO - DAG(s) 'example_dynamic_task_mapping_with_no_taskflow_operators' retrieved from /home/airflow/.local/lib/python3.12/site-packages/airflow/example_dags/example_dynamic_task_mapping_with_no_taskflow_operators.py
[2025-02-19T09:57:51.694+0000] {logging_mixin.py:190} INFO - [2025-02-19T09:57:51.694+0000] {dag.py:3229} INFO - Sync 1 DAGs
[2025-02-19T09:57:51.705+0000] {logging_mixin.py:190} INFO - [2025-02-19T09:57:51.704+0000] {dag.py:4156} INFO - Setting next_dagrun for example_dynamic_task_mapping_with_no_taskflow_operators to None, run_after=None
[2025-02-19T09:57:51.719+0000] {processor.py:208} INFO - Processing /home/airflow/.local/lib/python3.12/site-packages/airflow/example_dags/example_dynamic_task_mapping_with_no_taskflow_operators.py took 0.056 seconds
[2025-02-19T09:58:22.418+0000] {processor.py:186} INFO - Started process (PID=2607) to work on /home/airflow/.local/lib/python3.12/site-packages/airflow/example_dags/example_dynamic_task_mapping_with_no_taskflow_operators.py
[2025-02-19T09:58:22.420+0000] {processor.py:914} INFO - Processing file /home/airflow/.local/lib/python3.12/site-packages/airflow/example_dags/example_dynamic_task_mapping_with_no_taskflow_operators.py for tasks to queue
[2025-02-19T09:58:22.421+0000] {logging_mixin.py:190} INFO - [2025-02-19T09:58:22.421+0000] {dagbag.py:587} INFO - Filling up the DagBag from /home/airflow/.local/lib/python3.12/site-packages/airflow/example_dags/example_dynamic_task_mapping_with_no_taskflow_operators.py
[2025-02-19T09:58:22.428+0000] {processor.py:925} INFO - DAG(s) 'example_dynamic_task_mapping_with_no_taskflow_operators' retrieved from /home/airflow/.local/lib/python3.12/site-packages/airflow/example_dags/example_dynamic_task_mapping_with_no_taskflow_operators.py
[2025-02-19T09:58:22.444+0000] {logging_mixin.py:190} INFO - [2025-02-19T09:58:22.444+0000] {dag.py:3229} INFO - Sync 1 DAGs
[2025-02-19T09:58:22.456+0000] {logging_mixin.py:190} INFO - [2025-02-19T09:58:22.456+0000] {dag.py:4156} INFO - Setting next_dagrun for example_dynamic_task_mapping_with_no_taskflow_operators to None, run_after=None
[2025-02-19T09:58:22.472+0000] {processor.py:208} INFO - Processing /home/airflow/.local/lib/python3.12/site-packages/airflow/example_dags/example_dynamic_task_mapping_with_no_taskflow_operators.py took 0.057 seconds
[2025-02-19T09:58:53.511+0000] {processor.py:186} INFO - Started process (PID=2676) to work on /home/airflow/.local/lib/python3.12/site-packages/airflow/example_dags/example_dynamic_task_mapping_with_no_taskflow_operators.py
[2025-02-19T09:58:53.512+0000] {processor.py:914} INFO - Processing file /home/airflow/.local/lib/python3.12/site-packages/airflow/example_dags/example_dynamic_task_mapping_with_no_taskflow_operators.py for tasks to queue
[2025-02-19T09:58:53.514+0000] {logging_mixin.py:190} INFO - [2025-02-19T09:58:53.514+0000] {dagbag.py:587} INFO - Filling up the DagBag from /home/airflow/.local/lib/python3.12/site-packages/airflow/example_dags/example_dynamic_task_mapping_with_no_taskflow_operators.py
[2025-02-19T09:58:53.521+0000] {processor.py:925} INFO - DAG(s) 'example_dynamic_task_mapping_with_no_taskflow_operators' retrieved from /home/airflow/.local/lib/python3.12/site-packages/airflow/example_dags/example_dynamic_task_mapping_with_no_taskflow_operators.py
[2025-02-19T09:58:53.538+0000] {logging_mixin.py:190} INFO - [2025-02-19T09:58:53.537+0000] {dag.py:3229} INFO - Sync 1 DAGs
[2025-02-19T09:58:53.550+0000] {logging_mixin.py:190} INFO - [2025-02-19T09:58:53.549+0000] {dag.py:4156} INFO - Setting next_dagrun for example_dynamic_task_mapping_with_no_taskflow_operators to None, run_after=None
[2025-02-19T09:58:53.568+0000] {processor.py:208} INFO - Processing /home/airflow/.local/lib/python3.12/site-packages/airflow/example_dags/example_dynamic_task_mapping_with_no_taskflow_operators.py took 0.061 seconds
[2025-02-19T09:59:24.702+0000] {processor.py:186} INFO - Started process (PID=2740) to work on /home/airflow/.local/lib/python3.12/site-packages/airflow/example_dags/example_dynamic_task_mapping_with_no_taskflow_operators.py
[2025-02-19T09:59:24.703+0000] {processor.py:914} INFO - Processing file /home/airflow/.local/lib/python3.12/site-packages/airflow/example_dags/example_dynamic_task_mapping_with_no_taskflow_operators.py for tasks to queue
[2025-02-19T09:59:24.705+0000] {logging_mixin.py:190} INFO - [2025-02-19T09:59:24.704+0000] {dagbag.py:587} INFO - Filling up the DagBag from /home/airflow/.local/lib/python3.12/site-packages/airflow/example_dags/example_dynamic_task_mapping_with_no_taskflow_operators.py
[2025-02-19T09:59:24.711+0000] {processor.py:925} INFO - DAG(s) 'example_dynamic_task_mapping_with_no_taskflow_operators' retrieved from /home/airflow/.local/lib/python3.12/site-packages/airflow/example_dags/example_dynamic_task_mapping_with_no_taskflow_operators.py
[2025-02-19T09:59:24.728+0000] {logging_mixin.py:190} INFO - [2025-02-19T09:59:24.728+0000] {dag.py:3229} INFO - Sync 1 DAGs
[2025-02-19T09:59:24.739+0000] {logging_mixin.py:190} INFO - [2025-02-19T09:59:24.739+0000] {dag.py:4156} INFO - Setting next_dagrun for example_dynamic_task_mapping_with_no_taskflow_operators to None, run_after=None
[2025-02-19T09:59:24.756+0000] {processor.py:208} INFO - Processing /home/airflow/.local/lib/python3.12/site-packages/airflow/example_dags/example_dynamic_task_mapping_with_no_taskflow_operators.py took 0.058 seconds
[2025-02-19T10:23:13.780+0000] {logging_mixin.py:190} INFO - [2025-02-19T10:23:13.779+0000] {settings.py:475} DEBUG - Setting up DB connection pool (PID 89)
[2025-02-19T10:23:13.781+0000] {logging_mixin.py:190} INFO - [2025-02-19T10:23:13.781+0000] {settings.py:579} DEBUG - settings.prepare_engine_args(): Using pool settings. pool_size=5, max_overflow=10, pool_recycle=1800, pid=89
[2025-02-19T10:23:13.786+0000] {processor.py:186} INFO - Started process (PID=89) to work on /home/airflow/.local/lib/python3.12/site-packages/airflow/example_dags/example_dynamic_task_mapping_with_no_taskflow_operators.py
[2025-02-19T10:23:13.787+0000] {processor.py:914} INFO - Processing file /home/airflow/.local/lib/python3.12/site-packages/airflow/example_dags/example_dynamic_task_mapping_with_no_taskflow_operators.py for tasks to queue
[2025-02-19T10:23:13.788+0000] {logging_mixin.py:190} INFO - [2025-02-19T10:23:13.787+0000] {dagbag.py:587} INFO - Filling up the DagBag from /home/airflow/.local/lib/python3.12/site-packages/airflow/example_dags/example_dynamic_task_mapping_with_no_taskflow_operators.py
[2025-02-19T10:23:13.789+0000] {logging_mixin.py:190} INFO - [2025-02-19T10:23:13.788+0000] {dagbag.py:368} DEBUG - Importing /home/airflow/.local/lib/python3.12/site-packages/airflow/example_dags/example_dynamic_task_mapping_with_no_taskflow_operators.py
[2025-02-19T10:23:13.797+0000] {logging_mixin.py:190} INFO - [2025-02-19T10:23:13.796+0000] {dagbag.py:553} DEBUG - Loaded DAG <DAG: example_dynamic_task_mapping_with_no_taskflow_operators>
[2025-02-19T10:23:13.797+0000] {processor.py:925} INFO - DAG(s) 'example_dynamic_task_mapping_with_no_taskflow_operators' retrieved from /home/airflow/.local/lib/python3.12/site-packages/airflow/example_dags/example_dynamic_task_mapping_with_no_taskflow_operators.py
[2025-02-19T10:23:13.798+0000] {logging_mixin.py:190} INFO - [2025-02-19T10:23:13.797+0000] {dagbag.py:710} DEBUG - Running dagbag.sync_to_db with retries. Try 1 of 3
[2025-02-19T10:23:13.798+0000] {logging_mixin.py:190} INFO - [2025-02-19T10:23:13.798+0000] {dagbag.py:715} DEBUG - Calling the DAG.bulk_sync_to_db method
[2025-02-19T10:23:13.809+0000] {logging_mixin.py:190} INFO - [2025-02-19T10:23:13.808+0000] {serialized_dag.py:168} DEBUG - Checking if DAG (example_dynamic_task_mapping_with_no_taskflow_operators) changed
[2025-02-19T10:23:13.818+0000] {logging_mixin.py:190} INFO - [2025-02-19T10:23:13.818+0000] {serialized_dag.py:179} DEBUG - Serialized DAG (example_dynamic_task_mapping_with_no_taskflow_operators) is unchanged. Skipping writing to DB
[2025-02-19T10:23:13.818+0000] {logging_mixin.py:190} INFO - [2025-02-19T10:23:13.818+0000] {dag.py:3229} INFO - Sync 1 DAGs
[2025-02-19T10:23:13.832+0000] {logging_mixin.py:190} INFO - [2025-02-19T10:23:13.831+0000] {dag.py:4156} INFO - Setting next_dagrun for example_dynamic_task_mapping_with_no_taskflow_operators to None, run_after=None
[2025-02-19T10:23:13.852+0000] {processor.py:208} INFO - Processing /home/airflow/.local/lib/python3.12/site-packages/airflow/example_dags/example_dynamic_task_mapping_with_no_taskflow_operators.py took 0.072 seconds
[2025-02-19T10:23:56.330+0000] {logging_mixin.py:190} INFO - [2025-02-19T10:23:56.329+0000] {settings.py:475} DEBUG - Setting up DB connection pool (PID 153)
[2025-02-19T10:23:56.331+0000] {logging_mixin.py:190} INFO - [2025-02-19T10:23:56.331+0000] {settings.py:579} DEBUG - settings.prepare_engine_args(): Using pool settings. pool_size=5, max_overflow=10, pool_recycle=1800, pid=153
[2025-02-19T10:23:56.337+0000] {processor.py:186} INFO - Started process (PID=153) to work on /home/airflow/.local/lib/python3.12/site-packages/airflow/example_dags/example_dynamic_task_mapping_with_no_taskflow_operators.py
[2025-02-19T10:23:56.337+0000] {processor.py:914} INFO - Processing file /home/airflow/.local/lib/python3.12/site-packages/airflow/example_dags/example_dynamic_task_mapping_with_no_taskflow_operators.py for tasks to queue
[2025-02-19T10:23:56.338+0000] {logging_mixin.py:190} INFO - [2025-02-19T10:23:56.338+0000] {dagbag.py:587} INFO - Filling up the DagBag from /home/airflow/.local/lib/python3.12/site-packages/airflow/example_dags/example_dynamic_task_mapping_with_no_taskflow_operators.py
[2025-02-19T10:23:56.339+0000] {logging_mixin.py:190} INFO - [2025-02-19T10:23:56.339+0000] {dagbag.py:368} DEBUG - Importing /home/airflow/.local/lib/python3.12/site-packages/airflow/example_dags/example_dynamic_task_mapping_with_no_taskflow_operators.py
[2025-02-19T10:23:56.349+0000] {logging_mixin.py:190} INFO - [2025-02-19T10:23:56.348+0000] {dagbag.py:553} DEBUG - Loaded DAG <DAG: example_dynamic_task_mapping_with_no_taskflow_operators>
[2025-02-19T10:23:56.350+0000] {processor.py:925} INFO - DAG(s) 'example_dynamic_task_mapping_with_no_taskflow_operators' retrieved from /home/airflow/.local/lib/python3.12/site-packages/airflow/example_dags/example_dynamic_task_mapping_with_no_taskflow_operators.py
[2025-02-19T10:23:56.351+0000] {logging_mixin.py:190} INFO - [2025-02-19T10:23:56.350+0000] {dagbag.py:710} DEBUG - Running dagbag.sync_to_db with retries. Try 1 of 3
[2025-02-19T10:23:56.351+0000] {logging_mixin.py:190} INFO - [2025-02-19T10:23:56.351+0000] {dagbag.py:715} DEBUG - Calling the DAG.bulk_sync_to_db method
[2025-02-19T10:23:56.364+0000] {logging_mixin.py:190} INFO - [2025-02-19T10:23:56.363+0000] {serialized_dag.py:168} DEBUG - Checking if DAG (example_dynamic_task_mapping_with_no_taskflow_operators) changed
[2025-02-19T10:23:56.373+0000] {logging_mixin.py:190} INFO - [2025-02-19T10:23:56.372+0000] {serialized_dag.py:179} DEBUG - Serialized DAG (example_dynamic_task_mapping_with_no_taskflow_operators) is unchanged. Skipping writing to DB
[2025-02-19T10:23:56.373+0000] {logging_mixin.py:190} INFO - [2025-02-19T10:23:56.373+0000] {dag.py:3229} INFO - Sync 1 DAGs
[2025-02-19T10:23:56.390+0000] {logging_mixin.py:190} INFO - [2025-02-19T10:23:56.389+0000] {dag.py:4156} INFO - Setting next_dagrun for example_dynamic_task_mapping_with_no_taskflow_operators to None, run_after=None
[2025-02-19T10:23:56.409+0000] {processor.py:208} INFO - Processing /home/airflow/.local/lib/python3.12/site-packages/airflow/example_dags/example_dynamic_task_mapping_with_no_taskflow_operators.py took 0.080 seconds
[2025-02-19T10:24:26.675+0000] {logging_mixin.py:190} INFO - [2025-02-19T10:24:26.675+0000] {settings.py:475} DEBUG - Setting up DB connection pool (PID 217)
[2025-02-19T10:24:26.676+0000] {logging_mixin.py:190} INFO - [2025-02-19T10:24:26.676+0000] {settings.py:579} DEBUG - settings.prepare_engine_args(): Using pool settings. pool_size=5, max_overflow=10, pool_recycle=1800, pid=217
[2025-02-19T10:24:26.681+0000] {processor.py:186} INFO - Started process (PID=217) to work on /home/airflow/.local/lib/python3.12/site-packages/airflow/example_dags/example_dynamic_task_mapping_with_no_taskflow_operators.py
[2025-02-19T10:24:26.681+0000] {processor.py:914} INFO - Processing file /home/airflow/.local/lib/python3.12/site-packages/airflow/example_dags/example_dynamic_task_mapping_with_no_taskflow_operators.py for tasks to queue
[2025-02-19T10:24:26.682+0000] {logging_mixin.py:190} INFO - [2025-02-19T10:24:26.682+0000] {dagbag.py:587} INFO - Filling up the DagBag from /home/airflow/.local/lib/python3.12/site-packages/airflow/example_dags/example_dynamic_task_mapping_with_no_taskflow_operators.py
[2025-02-19T10:24:26.683+0000] {logging_mixin.py:190} INFO - [2025-02-19T10:24:26.683+0000] {dagbag.py:368} DEBUG - Importing /home/airflow/.local/lib/python3.12/site-packages/airflow/example_dags/example_dynamic_task_mapping_with_no_taskflow_operators.py
[2025-02-19T10:24:26.690+0000] {logging_mixin.py:190} INFO - [2025-02-19T10:24:26.690+0000] {dagbag.py:553} DEBUG - Loaded DAG <DAG: example_dynamic_task_mapping_with_no_taskflow_operators>
[2025-02-19T10:24:26.691+0000] {processor.py:925} INFO - DAG(s) 'example_dynamic_task_mapping_with_no_taskflow_operators' retrieved from /home/airflow/.local/lib/python3.12/site-packages/airflow/example_dags/example_dynamic_task_mapping_with_no_taskflow_operators.py
[2025-02-19T10:24:26.691+0000] {logging_mixin.py:190} INFO - [2025-02-19T10:24:26.691+0000] {dagbag.py:710} DEBUG - Running dagbag.sync_to_db with retries. Try 1 of 3
[2025-02-19T10:24:26.691+0000] {logging_mixin.py:190} INFO - [2025-02-19T10:24:26.691+0000] {dagbag.py:715} DEBUG - Calling the DAG.bulk_sync_to_db method
[2025-02-19T10:24:26.702+0000] {logging_mixin.py:190} INFO - [2025-02-19T10:24:26.702+0000] {serialized_dag.py:168} DEBUG - Checking if DAG (example_dynamic_task_mapping_with_no_taskflow_operators) changed
[2025-02-19T10:24:26.710+0000] {logging_mixin.py:190} INFO - [2025-02-19T10:24:26.710+0000] {serialized_dag.py:179} DEBUG - Serialized DAG (example_dynamic_task_mapping_with_no_taskflow_operators) is unchanged. Skipping writing to DB
[2025-02-19T10:24:26.710+0000] {logging_mixin.py:190} INFO - [2025-02-19T10:24:26.710+0000] {dag.py:3229} INFO - Sync 1 DAGs
[2025-02-19T10:24:26.724+0000] {logging_mixin.py:190} INFO - [2025-02-19T10:24:26.724+0000] {dag.py:4156} INFO - Setting next_dagrun for example_dynamic_task_mapping_with_no_taskflow_operators to None, run_after=None
[2025-02-19T10:24:26.742+0000] {processor.py:208} INFO - Processing /home/airflow/.local/lib/python3.12/site-packages/airflow/example_dags/example_dynamic_task_mapping_with_no_taskflow_operators.py took 0.068 seconds
[2025-02-19T10:24:57.395+0000] {logging_mixin.py:190} INFO - [2025-02-19T10:24:57.394+0000] {settings.py:475} DEBUG - Setting up DB connection pool (PID 286)
[2025-02-19T10:24:57.396+0000] {logging_mixin.py:190} INFO - [2025-02-19T10:24:57.396+0000] {settings.py:579} DEBUG - settings.prepare_engine_args(): Using pool settings. pool_size=5, max_overflow=10, pool_recycle=1800, pid=286
[2025-02-19T10:24:57.401+0000] {processor.py:186} INFO - Started process (PID=286) to work on /home/airflow/.local/lib/python3.12/site-packages/airflow/example_dags/example_dynamic_task_mapping_with_no_taskflow_operators.py
[2025-02-19T10:24:57.401+0000] {processor.py:914} INFO - Processing file /home/airflow/.local/lib/python3.12/site-packages/airflow/example_dags/example_dynamic_task_mapping_with_no_taskflow_operators.py for tasks to queue
[2025-02-19T10:24:57.402+0000] {logging_mixin.py:190} INFO - [2025-02-19T10:24:57.402+0000] {dagbag.py:587} INFO - Filling up the DagBag from /home/airflow/.local/lib/python3.12/site-packages/airflow/example_dags/example_dynamic_task_mapping_with_no_taskflow_operators.py
[2025-02-19T10:24:57.403+0000] {logging_mixin.py:190} INFO - [2025-02-19T10:24:57.403+0000] {dagbag.py:368} DEBUG - Importing /home/airflow/.local/lib/python3.12/site-packages/airflow/example_dags/example_dynamic_task_mapping_with_no_taskflow_operators.py
[2025-02-19T10:24:57.411+0000] {logging_mixin.py:190} INFO - [2025-02-19T10:24:57.411+0000] {dagbag.py:553} DEBUG - Loaded DAG <DAG: example_dynamic_task_mapping_with_no_taskflow_operators>
[2025-02-19T10:24:57.411+0000] {processor.py:925} INFO - DAG(s) 'example_dynamic_task_mapping_with_no_taskflow_operators' retrieved from /home/airflow/.local/lib/python3.12/site-packages/airflow/example_dags/example_dynamic_task_mapping_with_no_taskflow_operators.py
[2025-02-19T10:24:57.412+0000] {logging_mixin.py:190} INFO - [2025-02-19T10:24:57.412+0000] {dagbag.py:710} DEBUG - Running dagbag.sync_to_db with retries. Try 1 of 3
[2025-02-19T10:24:57.412+0000] {logging_mixin.py:190} INFO - [2025-02-19T10:24:57.412+0000] {dagbag.py:715} DEBUG - Calling the DAG.bulk_sync_to_db method
[2025-02-19T10:24:57.423+0000] {logging_mixin.py:190} INFO - [2025-02-19T10:24:57.423+0000] {serialized_dag.py:168} DEBUG - Checking if DAG (example_dynamic_task_mapping_with_no_taskflow_operators) changed
[2025-02-19T10:24:57.431+0000] {logging_mixin.py:190} INFO - [2025-02-19T10:24:57.431+0000] {serialized_dag.py:179} DEBUG - Serialized DAG (example_dynamic_task_mapping_with_no_taskflow_operators) is unchanged. Skipping writing to DB
[2025-02-19T10:24:57.432+0000] {logging_mixin.py:190} INFO - [2025-02-19T10:24:57.431+0000] {dag.py:3229} INFO - Sync 1 DAGs
[2025-02-19T10:24:57.446+0000] {logging_mixin.py:190} INFO - [2025-02-19T10:24:57.446+0000] {dag.py:4156} INFO - Setting next_dagrun for example_dynamic_task_mapping_with_no_taskflow_operators to None, run_after=None
[2025-02-19T10:24:57.466+0000] {processor.py:208} INFO - Processing /home/airflow/.local/lib/python3.12/site-packages/airflow/example_dags/example_dynamic_task_mapping_with_no_taskflow_operators.py took 0.072 seconds
[2025-02-19T10:25:27.703+0000] {logging_mixin.py:190} INFO - [2025-02-19T10:25:27.703+0000] {settings.py:475} DEBUG - Setting up DB connection pool (PID 350)
[2025-02-19T10:25:27.704+0000] {logging_mixin.py:190} INFO - [2025-02-19T10:25:27.704+0000] {settings.py:579} DEBUG - settings.prepare_engine_args(): Using pool settings. pool_size=5, max_overflow=10, pool_recycle=1800, pid=350
[2025-02-19T10:25:27.709+0000] {processor.py:186} INFO - Started process (PID=350) to work on /home/airflow/.local/lib/python3.12/site-packages/airflow/example_dags/example_dynamic_task_mapping_with_no_taskflow_operators.py
[2025-02-19T10:25:27.709+0000] {processor.py:914} INFO - Processing file /home/airflow/.local/lib/python3.12/site-packages/airflow/example_dags/example_dynamic_task_mapping_with_no_taskflow_operators.py for tasks to queue
[2025-02-19T10:25:27.710+0000] {logging_mixin.py:190} INFO - [2025-02-19T10:25:27.710+0000] {dagbag.py:587} INFO - Filling up the DagBag from /home/airflow/.local/lib/python3.12/site-packages/airflow/example_dags/example_dynamic_task_mapping_with_no_taskflow_operators.py
[2025-02-19T10:25:27.711+0000] {logging_mixin.py:190} INFO - [2025-02-19T10:25:27.711+0000] {dagbag.py:368} DEBUG - Importing /home/airflow/.local/lib/python3.12/site-packages/airflow/example_dags/example_dynamic_task_mapping_with_no_taskflow_operators.py
[2025-02-19T10:25:27.718+0000] {logging_mixin.py:190} INFO - [2025-02-19T10:25:27.717+0000] {dagbag.py:553} DEBUG - Loaded DAG <DAG: example_dynamic_task_mapping_with_no_taskflow_operators>
[2025-02-19T10:25:27.718+0000] {processor.py:925} INFO - DAG(s) 'example_dynamic_task_mapping_with_no_taskflow_operators' retrieved from /home/airflow/.local/lib/python3.12/site-packages/airflow/example_dags/example_dynamic_task_mapping_with_no_taskflow_operators.py
[2025-02-19T10:25:27.719+0000] {logging_mixin.py:190} INFO - [2025-02-19T10:25:27.719+0000] {dagbag.py:710} DEBUG - Running dagbag.sync_to_db with retries. Try 1 of 3
[2025-02-19T10:25:27.719+0000] {logging_mixin.py:190} INFO - [2025-02-19T10:25:27.719+0000] {dagbag.py:715} DEBUG - Calling the DAG.bulk_sync_to_db method
[2025-02-19T10:25:27.729+0000] {logging_mixin.py:190} INFO - [2025-02-19T10:25:27.729+0000] {serialized_dag.py:168} DEBUG - Checking if DAG (example_dynamic_task_mapping_with_no_taskflow_operators) changed
[2025-02-19T10:25:27.737+0000] {logging_mixin.py:190} INFO - [2025-02-19T10:25:27.736+0000] {serialized_dag.py:179} DEBUG - Serialized DAG (example_dynamic_task_mapping_with_no_taskflow_operators) is unchanged. Skipping writing to DB
[2025-02-19T10:25:27.737+0000] {logging_mixin.py:190} INFO - [2025-02-19T10:25:27.737+0000] {dag.py:3229} INFO - Sync 1 DAGs
[2025-02-19T10:25:27.749+0000] {logging_mixin.py:190} INFO - [2025-02-19T10:25:27.749+0000] {dag.py:4156} INFO - Setting next_dagrun for example_dynamic_task_mapping_with_no_taskflow_operators to None, run_after=None
[2025-02-19T10:25:27.765+0000] {processor.py:208} INFO - Processing /home/airflow/.local/lib/python3.12/site-packages/airflow/example_dags/example_dynamic_task_mapping_with_no_taskflow_operators.py took 0.063 seconds
[2025-02-19T10:25:58.535+0000] {logging_mixin.py:190} INFO - [2025-02-19T10:25:58.534+0000] {settings.py:475} DEBUG - Setting up DB connection pool (PID 414)
[2025-02-19T10:25:58.536+0000] {logging_mixin.py:190} INFO - [2025-02-19T10:25:58.536+0000] {settings.py:579} DEBUG - settings.prepare_engine_args(): Using pool settings. pool_size=5, max_overflow=10, pool_recycle=1800, pid=414
[2025-02-19T10:25:58.541+0000] {processor.py:186} INFO - Started process (PID=414) to work on /home/airflow/.local/lib/python3.12/site-packages/airflow/example_dags/example_dynamic_task_mapping_with_no_taskflow_operators.py
[2025-02-19T10:25:58.541+0000] {processor.py:914} INFO - Processing file /home/airflow/.local/lib/python3.12/site-packages/airflow/example_dags/example_dynamic_task_mapping_with_no_taskflow_operators.py for tasks to queue
[2025-02-19T10:25:58.542+0000] {logging_mixin.py:190} INFO - [2025-02-19T10:25:58.542+0000] {dagbag.py:587} INFO - Filling up the DagBag from /home/airflow/.local/lib/python3.12/site-packages/airflow/example_dags/example_dynamic_task_mapping_with_no_taskflow_operators.py
[2025-02-19T10:25:58.543+0000] {logging_mixin.py:190} INFO - [2025-02-19T10:25:58.543+0000] {dagbag.py:368} DEBUG - Importing /home/airflow/.local/lib/python3.12/site-packages/airflow/example_dags/example_dynamic_task_mapping_with_no_taskflow_operators.py
[2025-02-19T10:25:58.550+0000] {logging_mixin.py:190} INFO - [2025-02-19T10:25:58.550+0000] {dagbag.py:553} DEBUG - Loaded DAG <DAG: example_dynamic_task_mapping_with_no_taskflow_operators>
[2025-02-19T10:25:58.551+0000] {processor.py:925} INFO - DAG(s) 'example_dynamic_task_mapping_with_no_taskflow_operators' retrieved from /home/airflow/.local/lib/python3.12/site-packages/airflow/example_dags/example_dynamic_task_mapping_with_no_taskflow_operators.py
[2025-02-19T10:25:58.551+0000] {logging_mixin.py:190} INFO - [2025-02-19T10:25:58.551+0000] {dagbag.py:710} DEBUG - Running dagbag.sync_to_db with retries. Try 1 of 3
[2025-02-19T10:25:58.551+0000] {logging_mixin.py:190} INFO - [2025-02-19T10:25:58.551+0000] {dagbag.py:715} DEBUG - Calling the DAG.bulk_sync_to_db method
[2025-02-19T10:25:58.562+0000] {logging_mixin.py:190} INFO - [2025-02-19T10:25:58.562+0000] {serialized_dag.py:168} DEBUG - Checking if DAG (example_dynamic_task_mapping_with_no_taskflow_operators) changed
[2025-02-19T10:25:58.569+0000] {logging_mixin.py:190} INFO - [2025-02-19T10:25:58.569+0000] {serialized_dag.py:179} DEBUG - Serialized DAG (example_dynamic_task_mapping_with_no_taskflow_operators) is unchanged. Skipping writing to DB
[2025-02-19T10:25:58.570+0000] {logging_mixin.py:190} INFO - [2025-02-19T10:25:58.570+0000] {dag.py:3229} INFO - Sync 1 DAGs
[2025-02-19T10:25:58.582+0000] {logging_mixin.py:190} INFO - [2025-02-19T10:25:58.582+0000] {dag.py:4156} INFO - Setting next_dagrun for example_dynamic_task_mapping_with_no_taskflow_operators to None, run_after=None
[2025-02-19T10:25:58.601+0000] {processor.py:208} INFO - Processing /home/airflow/.local/lib/python3.12/site-packages/airflow/example_dags/example_dynamic_task_mapping_with_no_taskflow_operators.py took 0.067 seconds
[2025-02-19T10:26:29.223+0000] {logging_mixin.py:190} INFO - [2025-02-19T10:26:29.223+0000] {settings.py:475} DEBUG - Setting up DB connection pool (PID 478)
[2025-02-19T10:26:29.225+0000] {logging_mixin.py:190} INFO - [2025-02-19T10:26:29.225+0000] {settings.py:579} DEBUG - settings.prepare_engine_args(): Using pool settings. pool_size=5, max_overflow=10, pool_recycle=1800, pid=478
[2025-02-19T10:26:29.229+0000] {processor.py:186} INFO - Started process (PID=478) to work on /home/airflow/.local/lib/python3.12/site-packages/airflow/example_dags/example_dynamic_task_mapping_with_no_taskflow_operators.py
[2025-02-19T10:26:29.229+0000] {processor.py:914} INFO - Processing file /home/airflow/.local/lib/python3.12/site-packages/airflow/example_dags/example_dynamic_task_mapping_with_no_taskflow_operators.py for tasks to queue
[2025-02-19T10:26:29.230+0000] {logging_mixin.py:190} INFO - [2025-02-19T10:26:29.230+0000] {dagbag.py:587} INFO - Filling up the DagBag from /home/airflow/.local/lib/python3.12/site-packages/airflow/example_dags/example_dynamic_task_mapping_with_no_taskflow_operators.py
[2025-02-19T10:26:29.231+0000] {logging_mixin.py:190} INFO - [2025-02-19T10:26:29.231+0000] {dagbag.py:368} DEBUG - Importing /home/airflow/.local/lib/python3.12/site-packages/airflow/example_dags/example_dynamic_task_mapping_with_no_taskflow_operators.py
[2025-02-19T10:26:29.238+0000] {logging_mixin.py:190} INFO - [2025-02-19T10:26:29.237+0000] {dagbag.py:553} DEBUG - Loaded DAG <DAG: example_dynamic_task_mapping_with_no_taskflow_operators>
[2025-02-19T10:26:29.238+0000] {processor.py:925} INFO - DAG(s) 'example_dynamic_task_mapping_with_no_taskflow_operators' retrieved from /home/airflow/.local/lib/python3.12/site-packages/airflow/example_dags/example_dynamic_task_mapping_with_no_taskflow_operators.py
[2025-02-19T10:26:29.239+0000] {logging_mixin.py:190} INFO - [2025-02-19T10:26:29.238+0000] {dagbag.py:710} DEBUG - Running dagbag.sync_to_db with retries. Try 1 of 3
[2025-02-19T10:26:29.239+0000] {logging_mixin.py:190} INFO - [2025-02-19T10:26:29.239+0000] {dagbag.py:715} DEBUG - Calling the DAG.bulk_sync_to_db method
[2025-02-19T10:26:29.249+0000] {logging_mixin.py:190} INFO - [2025-02-19T10:26:29.248+0000] {serialized_dag.py:168} DEBUG - Checking if DAG (example_dynamic_task_mapping_with_no_taskflow_operators) changed
[2025-02-19T10:26:29.257+0000] {logging_mixin.py:190} INFO - [2025-02-19T10:26:29.257+0000] {serialized_dag.py:179} DEBUG - Serialized DAG (example_dynamic_task_mapping_with_no_taskflow_operators) is unchanged. Skipping writing to DB
[2025-02-19T10:26:29.257+0000] {logging_mixin.py:190} INFO - [2025-02-19T10:26:29.257+0000] {dag.py:3229} INFO - Sync 1 DAGs
[2025-02-19T10:26:29.269+0000] {logging_mixin.py:190} INFO - [2025-02-19T10:26:29.269+0000] {dag.py:4156} INFO - Setting next_dagrun for example_dynamic_task_mapping_with_no_taskflow_operators to None, run_after=None
[2025-02-19T10:26:29.284+0000] {processor.py:208} INFO - Processing /home/airflow/.local/lib/python3.12/site-packages/airflow/example_dags/example_dynamic_task_mapping_with_no_taskflow_operators.py took 0.061 seconds
