[2025-02-19T09:38:27.225+0000] {processor.py:186} INFO - Started process (PID=85) to work on /home/airflow/.local/lib/python3.12/site-packages/airflow/example_dags/example_branch_labels.py
[2025-02-19T09:38:27.225+0000] {processor.py:914} INFO - Processing file /home/airflow/.local/lib/python3.12/site-packages/airflow/example_dags/example_branch_labels.py for tasks to queue
[2025-02-19T09:38:27.227+0000] {logging_mixin.py:190} INFO - [2025-02-19T09:38:27.227+0000] {dagbag.py:587} INFO - Filling up the DagBag from /home/airflow/.local/lib/python3.12/site-packages/airflow/example_dags/example_branch_labels.py
[2025-02-19T09:38:27.237+0000] {processor.py:925} INFO - DAG(s) 'example_branch_labels' retrieved from /home/airflow/.local/lib/python3.12/site-packages/airflow/example_dags/example_branch_labels.py
[2025-02-19T09:38:27.259+0000] {logging_mixin.py:190} INFO - [2025-02-19T09:38:27.259+0000] {dag.py:3229} INFO - Sync 1 DAGs
[2025-02-19T09:38:27.289+0000] {logging_mixin.py:190} INFO - [2025-02-19T09:38:27.288+0000] {dag.py:4156} INFO - Setting next_dagrun for example_branch_labels to 2025-02-18 00:00:00+00:00, run_after=2025-02-19 00:00:00+00:00
[2025-02-19T09:38:27.310+0000] {processor.py:208} INFO - Processing /home/airflow/.local/lib/python3.12/site-packages/airflow/example_dags/example_branch_labels.py took 0.090 seconds
[2025-02-19T09:38:57.407+0000] {processor.py:186} INFO - Started process (PID=154) to work on /home/airflow/.local/lib/python3.12/site-packages/airflow/example_dags/example_branch_labels.py
[2025-02-19T09:38:57.409+0000] {processor.py:914} INFO - Processing file /home/airflow/.local/lib/python3.12/site-packages/airflow/example_dags/example_branch_labels.py for tasks to queue
[2025-02-19T09:38:57.411+0000] {logging_mixin.py:190} INFO - [2025-02-19T09:38:57.411+0000] {dagbag.py:587} INFO - Filling up the DagBag from /home/airflow/.local/lib/python3.12/site-packages/airflow/example_dags/example_branch_labels.py
[2025-02-19T09:38:57.424+0000] {processor.py:925} INFO - DAG(s) 'example_branch_labels' retrieved from /home/airflow/.local/lib/python3.12/site-packages/airflow/example_dags/example_branch_labels.py
[2025-02-19T09:38:57.447+0000] {logging_mixin.py:190} INFO - [2025-02-19T09:38:57.446+0000] {dag.py:3229} INFO - Sync 1 DAGs
[2025-02-19T09:38:57.473+0000] {logging_mixin.py:190} INFO - [2025-02-19T09:38:57.473+0000] {dag.py:4156} INFO - Setting next_dagrun for example_branch_labels to 2025-02-18 00:00:00+00:00, run_after=2025-02-19 00:00:00+00:00
[2025-02-19T09:38:57.503+0000] {processor.py:208} INFO - Processing /home/airflow/.local/lib/python3.12/site-packages/airflow/example_dags/example_branch_labels.py took 0.103 seconds
[2025-02-19T09:39:27.918+0000] {processor.py:186} INFO - Started process (PID=218) to work on /home/airflow/.local/lib/python3.12/site-packages/airflow/example_dags/example_branch_labels.py
[2025-02-19T09:39:27.919+0000] {processor.py:914} INFO - Processing file /home/airflow/.local/lib/python3.12/site-packages/airflow/example_dags/example_branch_labels.py for tasks to queue
[2025-02-19T09:39:27.921+0000] {logging_mixin.py:190} INFO - [2025-02-19T09:39:27.920+0000] {dagbag.py:587} INFO - Filling up the DagBag from /home/airflow/.local/lib/python3.12/site-packages/airflow/example_dags/example_branch_labels.py
[2025-02-19T09:39:27.928+0000] {processor.py:925} INFO - DAG(s) 'example_branch_labels' retrieved from /home/airflow/.local/lib/python3.12/site-packages/airflow/example_dags/example_branch_labels.py
[2025-02-19T09:39:27.946+0000] {logging_mixin.py:190} INFO - [2025-02-19T09:39:27.945+0000] {dag.py:3229} INFO - Sync 1 DAGs
[2025-02-19T09:39:27.967+0000] {logging_mixin.py:190} INFO - [2025-02-19T09:39:27.967+0000] {dag.py:4156} INFO - Setting next_dagrun for example_branch_labels to 2025-02-18 00:00:00+00:00, run_after=2025-02-19 00:00:00+00:00
[2025-02-19T09:39:27.988+0000] {processor.py:208} INFO - Processing /home/airflow/.local/lib/python3.12/site-packages/airflow/example_dags/example_branch_labels.py took 0.075 seconds
[2025-02-19T09:39:58.137+0000] {processor.py:186} INFO - Started process (PID=282) to work on /home/airflow/.local/lib/python3.12/site-packages/airflow/example_dags/example_branch_labels.py
[2025-02-19T09:39:58.138+0000] {processor.py:914} INFO - Processing file /home/airflow/.local/lib/python3.12/site-packages/airflow/example_dags/example_branch_labels.py for tasks to queue
[2025-02-19T09:39:58.140+0000] {logging_mixin.py:190} INFO - [2025-02-19T09:39:58.139+0000] {dagbag.py:587} INFO - Filling up the DagBag from /home/airflow/.local/lib/python3.12/site-packages/airflow/example_dags/example_branch_labels.py
[2025-02-19T09:39:58.147+0000] {processor.py:925} INFO - DAG(s) 'example_branch_labels' retrieved from /home/airflow/.local/lib/python3.12/site-packages/airflow/example_dags/example_branch_labels.py
[2025-02-19T09:39:58.164+0000] {logging_mixin.py:190} INFO - [2025-02-19T09:39:58.163+0000] {dag.py:3229} INFO - Sync 1 DAGs
[2025-02-19T09:39:58.181+0000] {logging_mixin.py:190} INFO - [2025-02-19T09:39:58.181+0000] {dag.py:4156} INFO - Setting next_dagrun for example_branch_labels to 2025-02-18 00:00:00+00:00, run_after=2025-02-19 00:00:00+00:00
[2025-02-19T09:39:58.195+0000] {processor.py:208} INFO - Processing /home/airflow/.local/lib/python3.12/site-packages/airflow/example_dags/example_branch_labels.py took 0.063 seconds
[2025-02-19T09:40:28.334+0000] {processor.py:186} INFO - Started process (PID=346) to work on /home/airflow/.local/lib/python3.12/site-packages/airflow/example_dags/example_branch_labels.py
[2025-02-19T09:40:28.335+0000] {processor.py:914} INFO - Processing file /home/airflow/.local/lib/python3.12/site-packages/airflow/example_dags/example_branch_labels.py for tasks to queue
[2025-02-19T09:40:28.337+0000] {logging_mixin.py:190} INFO - [2025-02-19T09:40:28.336+0000] {dagbag.py:587} INFO - Filling up the DagBag from /home/airflow/.local/lib/python3.12/site-packages/airflow/example_dags/example_branch_labels.py
[2025-02-19T09:40:28.345+0000] {processor.py:925} INFO - DAG(s) 'example_branch_labels' retrieved from /home/airflow/.local/lib/python3.12/site-packages/airflow/example_dags/example_branch_labels.py
[2025-02-19T09:40:28.366+0000] {logging_mixin.py:190} INFO - [2025-02-19T09:40:28.365+0000] {dag.py:3229} INFO - Sync 1 DAGs
[2025-02-19T09:40:28.385+0000] {logging_mixin.py:190} INFO - [2025-02-19T09:40:28.385+0000] {dag.py:4156} INFO - Setting next_dagrun for example_branch_labels to 2025-02-18 00:00:00+00:00, run_after=2025-02-19 00:00:00+00:00
[2025-02-19T09:40:28.402+0000] {processor.py:208} INFO - Processing /home/airflow/.local/lib/python3.12/site-packages/airflow/example_dags/example_branch_labels.py took 0.073 seconds
[2025-02-19T09:40:58.641+0000] {processor.py:186} INFO - Started process (PID=410) to work on /home/airflow/.local/lib/python3.12/site-packages/airflow/example_dags/example_branch_labels.py
[2025-02-19T09:40:58.642+0000] {processor.py:914} INFO - Processing file /home/airflow/.local/lib/python3.12/site-packages/airflow/example_dags/example_branch_labels.py for tasks to queue
[2025-02-19T09:40:58.644+0000] {logging_mixin.py:190} INFO - [2025-02-19T09:40:58.643+0000] {dagbag.py:587} INFO - Filling up the DagBag from /home/airflow/.local/lib/python3.12/site-packages/airflow/example_dags/example_branch_labels.py
[2025-02-19T09:40:58.651+0000] {processor.py:925} INFO - DAG(s) 'example_branch_labels' retrieved from /home/airflow/.local/lib/python3.12/site-packages/airflow/example_dags/example_branch_labels.py
[2025-02-19T09:40:58.667+0000] {logging_mixin.py:190} INFO - [2025-02-19T09:40:58.667+0000] {dag.py:3229} INFO - Sync 1 DAGs
[2025-02-19T09:40:58.686+0000] {logging_mixin.py:190} INFO - [2025-02-19T09:40:58.686+0000] {dag.py:4156} INFO - Setting next_dagrun for example_branch_labels to 2025-02-18 00:00:00+00:00, run_after=2025-02-19 00:00:00+00:00
[2025-02-19T09:40:58.700+0000] {processor.py:208} INFO - Processing /home/airflow/.local/lib/python3.12/site-packages/airflow/example_dags/example_branch_labels.py took 0.063 seconds
[2025-02-19T09:41:28.976+0000] {processor.py:186} INFO - Started process (PID=474) to work on /home/airflow/.local/lib/python3.12/site-packages/airflow/example_dags/example_branch_labels.py
[2025-02-19T09:41:28.979+0000] {processor.py:914} INFO - Processing file /home/airflow/.local/lib/python3.12/site-packages/airflow/example_dags/example_branch_labels.py for tasks to queue
[2025-02-19T09:41:28.981+0000] {logging_mixin.py:190} INFO - [2025-02-19T09:41:28.981+0000] {dagbag.py:587} INFO - Filling up the DagBag from /home/airflow/.local/lib/python3.12/site-packages/airflow/example_dags/example_branch_labels.py
[2025-02-19T09:41:28.990+0000] {processor.py:925} INFO - DAG(s) 'example_branch_labels' retrieved from /home/airflow/.local/lib/python3.12/site-packages/airflow/example_dags/example_branch_labels.py
[2025-02-19T09:41:29.011+0000] {logging_mixin.py:190} INFO - [2025-02-19T09:41:29.010+0000] {dag.py:3229} INFO - Sync 1 DAGs
[2025-02-19T09:41:29.033+0000] {logging_mixin.py:190} INFO - [2025-02-19T09:41:29.033+0000] {dag.py:4156} INFO - Setting next_dagrun for example_branch_labels to 2025-02-18 00:00:00+00:00, run_after=2025-02-19 00:00:00+00:00
[2025-02-19T09:41:29.051+0000] {processor.py:208} INFO - Processing /home/airflow/.local/lib/python3.12/site-packages/airflow/example_dags/example_branch_labels.py took 0.080 seconds
[2025-02-19T09:41:59.103+0000] {processor.py:186} INFO - Started process (PID=538) to work on /home/airflow/.local/lib/python3.12/site-packages/airflow/example_dags/example_branch_labels.py
[2025-02-19T09:41:59.104+0000] {processor.py:914} INFO - Processing file /home/airflow/.local/lib/python3.12/site-packages/airflow/example_dags/example_branch_labels.py for tasks to queue
[2025-02-19T09:41:59.106+0000] {logging_mixin.py:190} INFO - [2025-02-19T09:41:59.105+0000] {dagbag.py:587} INFO - Filling up the DagBag from /home/airflow/.local/lib/python3.12/site-packages/airflow/example_dags/example_branch_labels.py
[2025-02-19T09:41:59.113+0000] {processor.py:925} INFO - DAG(s) 'example_branch_labels' retrieved from /home/airflow/.local/lib/python3.12/site-packages/airflow/example_dags/example_branch_labels.py
[2025-02-19T09:41:59.130+0000] {logging_mixin.py:190} INFO - [2025-02-19T09:41:59.130+0000] {dag.py:3229} INFO - Sync 1 DAGs
[2025-02-19T09:41:59.148+0000] {logging_mixin.py:190} INFO - [2025-02-19T09:41:59.148+0000] {dag.py:4156} INFO - Setting next_dagrun for example_branch_labels to 2025-02-18 00:00:00+00:00, run_after=2025-02-19 00:00:00+00:00
[2025-02-19T09:41:59.162+0000] {processor.py:208} INFO - Processing /home/airflow/.local/lib/python3.12/site-packages/airflow/example_dags/example_branch_labels.py took 0.064 seconds
[2025-02-19T09:42:29.241+0000] {processor.py:186} INFO - Started process (PID=602) to work on /home/airflow/.local/lib/python3.12/site-packages/airflow/example_dags/example_branch_labels.py
[2025-02-19T09:42:29.242+0000] {processor.py:914} INFO - Processing file /home/airflow/.local/lib/python3.12/site-packages/airflow/example_dags/example_branch_labels.py for tasks to queue
[2025-02-19T09:42:29.244+0000] {logging_mixin.py:190} INFO - [2025-02-19T09:42:29.244+0000] {dagbag.py:587} INFO - Filling up the DagBag from /home/airflow/.local/lib/python3.12/site-packages/airflow/example_dags/example_branch_labels.py
[2025-02-19T09:42:29.251+0000] {processor.py:925} INFO - DAG(s) 'example_branch_labels' retrieved from /home/airflow/.local/lib/python3.12/site-packages/airflow/example_dags/example_branch_labels.py
[2025-02-19T09:42:29.269+0000] {logging_mixin.py:190} INFO - [2025-02-19T09:42:29.269+0000] {dag.py:3229} INFO - Sync 1 DAGs
[2025-02-19T09:42:29.288+0000] {logging_mixin.py:190} INFO - [2025-02-19T09:42:29.288+0000] {dag.py:4156} INFO - Setting next_dagrun for example_branch_labels to 2025-02-18 00:00:00+00:00, run_after=2025-02-19 00:00:00+00:00
[2025-02-19T09:42:29.305+0000] {processor.py:208} INFO - Processing /home/airflow/.local/lib/python3.12/site-packages/airflow/example_dags/example_branch_labels.py took 0.068 seconds
[2025-02-19T09:42:59.447+0000] {processor.py:186} INFO - Started process (PID=666) to work on /home/airflow/.local/lib/python3.12/site-packages/airflow/example_dags/example_branch_labels.py
[2025-02-19T09:42:59.448+0000] {processor.py:914} INFO - Processing file /home/airflow/.local/lib/python3.12/site-packages/airflow/example_dags/example_branch_labels.py for tasks to queue
[2025-02-19T09:42:59.450+0000] {logging_mixin.py:190} INFO - [2025-02-19T09:42:59.450+0000] {dagbag.py:587} INFO - Filling up the DagBag from /home/airflow/.local/lib/python3.12/site-packages/airflow/example_dags/example_branch_labels.py
[2025-02-19T09:42:59.457+0000] {processor.py:925} INFO - DAG(s) 'example_branch_labels' retrieved from /home/airflow/.local/lib/python3.12/site-packages/airflow/example_dags/example_branch_labels.py
[2025-02-19T09:42:59.474+0000] {logging_mixin.py:190} INFO - [2025-02-19T09:42:59.473+0000] {dag.py:3229} INFO - Sync 1 DAGs
[2025-02-19T09:42:59.492+0000] {logging_mixin.py:190} INFO - [2025-02-19T09:42:59.492+0000] {dag.py:4156} INFO - Setting next_dagrun for example_branch_labels to 2025-02-18 00:00:00+00:00, run_after=2025-02-19 00:00:00+00:00
[2025-02-19T09:42:59.505+0000] {processor.py:208} INFO - Processing /home/airflow/.local/lib/python3.12/site-packages/airflow/example_dags/example_branch_labels.py took 0.062 seconds
[2025-02-19T09:43:30.571+0000] {processor.py:186} INFO - Started process (PID=730) to work on /home/airflow/.local/lib/python3.12/site-packages/airflow/example_dags/example_branch_labels.py
[2025-02-19T09:43:30.572+0000] {processor.py:914} INFO - Processing file /home/airflow/.local/lib/python3.12/site-packages/airflow/example_dags/example_branch_labels.py for tasks to queue
[2025-02-19T09:43:30.574+0000] {logging_mixin.py:190} INFO - [2025-02-19T09:43:30.574+0000] {dagbag.py:587} INFO - Filling up the DagBag from /home/airflow/.local/lib/python3.12/site-packages/airflow/example_dags/example_branch_labels.py
[2025-02-19T09:43:30.581+0000] {processor.py:925} INFO - DAG(s) 'example_branch_labels' retrieved from /home/airflow/.local/lib/python3.12/site-packages/airflow/example_dags/example_branch_labels.py
[2025-02-19T09:43:30.598+0000] {logging_mixin.py:190} INFO - [2025-02-19T09:43:30.597+0000] {dag.py:3229} INFO - Sync 1 DAGs
[2025-02-19T09:43:30.616+0000] {logging_mixin.py:190} INFO - [2025-02-19T09:43:30.616+0000] {dag.py:4156} INFO - Setting next_dagrun for example_branch_labels to 2025-02-18 00:00:00+00:00, run_after=2025-02-19 00:00:00+00:00
[2025-02-19T09:43:30.633+0000] {processor.py:208} INFO - Processing /home/airflow/.local/lib/python3.12/site-packages/airflow/example_dags/example_branch_labels.py took 0.066 seconds
[2025-02-19T09:44:00.923+0000] {processor.py:186} INFO - Started process (PID=794) to work on /home/airflow/.local/lib/python3.12/site-packages/airflow/example_dags/example_branch_labels.py
[2025-02-19T09:44:00.924+0000] {processor.py:914} INFO - Processing file /home/airflow/.local/lib/python3.12/site-packages/airflow/example_dags/example_branch_labels.py for tasks to queue
[2025-02-19T09:44:00.926+0000] {logging_mixin.py:190} INFO - [2025-02-19T09:44:00.925+0000] {dagbag.py:587} INFO - Filling up the DagBag from /home/airflow/.local/lib/python3.12/site-packages/airflow/example_dags/example_branch_labels.py
[2025-02-19T09:44:00.934+0000] {processor.py:925} INFO - DAG(s) 'example_branch_labels' retrieved from /home/airflow/.local/lib/python3.12/site-packages/airflow/example_dags/example_branch_labels.py
[2025-02-19T09:44:00.954+0000] {logging_mixin.py:190} INFO - [2025-02-19T09:44:00.953+0000] {dag.py:3229} INFO - Sync 1 DAGs
[2025-02-19T09:44:00.974+0000] {logging_mixin.py:190} INFO - [2025-02-19T09:44:00.974+0000] {dag.py:4156} INFO - Setting next_dagrun for example_branch_labels to 2025-02-18 00:00:00+00:00, run_after=2025-02-19 00:00:00+00:00
[2025-02-19T09:44:00.990+0000] {processor.py:208} INFO - Processing /home/airflow/.local/lib/python3.12/site-packages/airflow/example_dags/example_branch_labels.py took 0.073 seconds
[2025-02-19T09:44:31.092+0000] {processor.py:186} INFO - Started process (PID=858) to work on /home/airflow/.local/lib/python3.12/site-packages/airflow/example_dags/example_branch_labels.py
[2025-02-19T09:44:31.093+0000] {processor.py:914} INFO - Processing file /home/airflow/.local/lib/python3.12/site-packages/airflow/example_dags/example_branch_labels.py for tasks to queue
[2025-02-19T09:44:31.096+0000] {logging_mixin.py:190} INFO - [2025-02-19T09:44:31.095+0000] {dagbag.py:587} INFO - Filling up the DagBag from /home/airflow/.local/lib/python3.12/site-packages/airflow/example_dags/example_branch_labels.py
[2025-02-19T09:44:31.103+0000] {processor.py:925} INFO - DAG(s) 'example_branch_labels' retrieved from /home/airflow/.local/lib/python3.12/site-packages/airflow/example_dags/example_branch_labels.py
[2025-02-19T09:44:31.121+0000] {logging_mixin.py:190} INFO - [2025-02-19T09:44:31.120+0000] {dag.py:3229} INFO - Sync 1 DAGs
[2025-02-19T09:44:31.140+0000] {logging_mixin.py:190} INFO - [2025-02-19T09:44:31.140+0000] {dag.py:4156} INFO - Setting next_dagrun for example_branch_labels to 2025-02-18 00:00:00+00:00, run_after=2025-02-19 00:00:00+00:00
[2025-02-19T09:44:31.154+0000] {processor.py:208} INFO - Processing /home/airflow/.local/lib/python3.12/site-packages/airflow/example_dags/example_branch_labels.py took 0.066 seconds
[2025-02-19T09:45:01.351+0000] {processor.py:186} INFO - Started process (PID=922) to work on /home/airflow/.local/lib/python3.12/site-packages/airflow/example_dags/example_branch_labels.py
[2025-02-19T09:45:01.353+0000] {processor.py:914} INFO - Processing file /home/airflow/.local/lib/python3.12/site-packages/airflow/example_dags/example_branch_labels.py for tasks to queue
[2025-02-19T09:45:01.355+0000] {logging_mixin.py:190} INFO - [2025-02-19T09:45:01.354+0000] {dagbag.py:587} INFO - Filling up the DagBag from /home/airflow/.local/lib/python3.12/site-packages/airflow/example_dags/example_branch_labels.py
[2025-02-19T09:45:01.363+0000] {processor.py:925} INFO - DAG(s) 'example_branch_labels' retrieved from /home/airflow/.local/lib/python3.12/site-packages/airflow/example_dags/example_branch_labels.py
[2025-02-19T09:45:01.382+0000] {logging_mixin.py:190} INFO - [2025-02-19T09:45:01.382+0000] {dag.py:3229} INFO - Sync 1 DAGs
[2025-02-19T09:45:01.402+0000] {logging_mixin.py:190} INFO - [2025-02-19T09:45:01.402+0000] {dag.py:4156} INFO - Setting next_dagrun for example_branch_labels to 2025-02-18 00:00:00+00:00, run_after=2025-02-19 00:00:00+00:00
[2025-02-19T09:45:01.418+0000] {processor.py:208} INFO - Processing /home/airflow/.local/lib/python3.12/site-packages/airflow/example_dags/example_branch_labels.py took 0.071 seconds
[2025-02-19T09:45:31.505+0000] {processor.py:186} INFO - Started process (PID=986) to work on /home/airflow/.local/lib/python3.12/site-packages/airflow/example_dags/example_branch_labels.py
[2025-02-19T09:45:31.506+0000] {processor.py:914} INFO - Processing file /home/airflow/.local/lib/python3.12/site-packages/airflow/example_dags/example_branch_labels.py for tasks to queue
[2025-02-19T09:45:31.508+0000] {logging_mixin.py:190} INFO - [2025-02-19T09:45:31.507+0000] {dagbag.py:587} INFO - Filling up the DagBag from /home/airflow/.local/lib/python3.12/site-packages/airflow/example_dags/example_branch_labels.py
[2025-02-19T09:45:31.515+0000] {processor.py:925} INFO - DAG(s) 'example_branch_labels' retrieved from /home/airflow/.local/lib/python3.12/site-packages/airflow/example_dags/example_branch_labels.py
[2025-02-19T09:45:31.532+0000] {logging_mixin.py:190} INFO - [2025-02-19T09:45:31.531+0000] {dag.py:3229} INFO - Sync 1 DAGs
[2025-02-19T09:45:31.551+0000] {logging_mixin.py:190} INFO - [2025-02-19T09:45:31.551+0000] {dag.py:4156} INFO - Setting next_dagrun for example_branch_labels to 2025-02-18 00:00:00+00:00, run_after=2025-02-19 00:00:00+00:00
[2025-02-19T09:45:31.565+0000] {processor.py:208} INFO - Processing /home/airflow/.local/lib/python3.12/site-packages/airflow/example_dags/example_branch_labels.py took 0.064 seconds
[2025-02-19T09:46:01.703+0000] {processor.py:186} INFO - Started process (PID=1050) to work on /home/airflow/.local/lib/python3.12/site-packages/airflow/example_dags/example_branch_labels.py
[2025-02-19T09:46:01.704+0000] {processor.py:914} INFO - Processing file /home/airflow/.local/lib/python3.12/site-packages/airflow/example_dags/example_branch_labels.py for tasks to queue
[2025-02-19T09:46:01.705+0000] {logging_mixin.py:190} INFO - [2025-02-19T09:46:01.705+0000] {dagbag.py:587} INFO - Filling up the DagBag from /home/airflow/.local/lib/python3.12/site-packages/airflow/example_dags/example_branch_labels.py
[2025-02-19T09:46:01.713+0000] {processor.py:925} INFO - DAG(s) 'example_branch_labels' retrieved from /home/airflow/.local/lib/python3.12/site-packages/airflow/example_dags/example_branch_labels.py
[2025-02-19T09:46:01.731+0000] {logging_mixin.py:190} INFO - [2025-02-19T09:46:01.730+0000] {dag.py:3229} INFO - Sync 1 DAGs
[2025-02-19T09:46:01.749+0000] {logging_mixin.py:190} INFO - [2025-02-19T09:46:01.749+0000] {dag.py:4156} INFO - Setting next_dagrun for example_branch_labels to 2025-02-18 00:00:00+00:00, run_after=2025-02-19 00:00:00+00:00
[2025-02-19T09:46:01.763+0000] {processor.py:208} INFO - Processing /home/airflow/.local/lib/python3.12/site-packages/airflow/example_dags/example_branch_labels.py took 0.065 seconds
[2025-02-19T09:46:32.619+0000] {processor.py:186} INFO - Started process (PID=1114) to work on /home/airflow/.local/lib/python3.12/site-packages/airflow/example_dags/example_branch_labels.py
[2025-02-19T09:46:32.620+0000] {processor.py:914} INFO - Processing file /home/airflow/.local/lib/python3.12/site-packages/airflow/example_dags/example_branch_labels.py for tasks to queue
[2025-02-19T09:46:32.622+0000] {logging_mixin.py:190} INFO - [2025-02-19T09:46:32.622+0000] {dagbag.py:587} INFO - Filling up the DagBag from /home/airflow/.local/lib/python3.12/site-packages/airflow/example_dags/example_branch_labels.py
[2025-02-19T09:46:32.629+0000] {processor.py:925} INFO - DAG(s) 'example_branch_labels' retrieved from /home/airflow/.local/lib/python3.12/site-packages/airflow/example_dags/example_branch_labels.py
[2025-02-19T09:46:32.647+0000] {logging_mixin.py:190} INFO - [2025-02-19T09:46:32.646+0000] {dag.py:3229} INFO - Sync 1 DAGs
[2025-02-19T09:46:32.666+0000] {logging_mixin.py:190} INFO - [2025-02-19T09:46:32.666+0000] {dag.py:4156} INFO - Setting next_dagrun for example_branch_labels to 2025-02-18 00:00:00+00:00, run_after=2025-02-19 00:00:00+00:00
[2025-02-19T09:46:32.680+0000] {processor.py:208} INFO - Processing /home/airflow/.local/lib/python3.12/site-packages/airflow/example_dags/example_branch_labels.py took 0.065 seconds
[2025-02-19T09:47:03.531+0000] {processor.py:186} INFO - Started process (PID=1178) to work on /home/airflow/.local/lib/python3.12/site-packages/airflow/example_dags/example_branch_labels.py
[2025-02-19T09:47:03.532+0000] {processor.py:914} INFO - Processing file /home/airflow/.local/lib/python3.12/site-packages/airflow/example_dags/example_branch_labels.py for tasks to queue
[2025-02-19T09:47:03.534+0000] {logging_mixin.py:190} INFO - [2025-02-19T09:47:03.534+0000] {dagbag.py:587} INFO - Filling up the DagBag from /home/airflow/.local/lib/python3.12/site-packages/airflow/example_dags/example_branch_labels.py
[2025-02-19T09:47:03.545+0000] {processor.py:925} INFO - DAG(s) 'example_branch_labels' retrieved from /home/airflow/.local/lib/python3.12/site-packages/airflow/example_dags/example_branch_labels.py
[2025-02-19T09:47:03.564+0000] {logging_mixin.py:190} INFO - [2025-02-19T09:47:03.563+0000] {dag.py:3229} INFO - Sync 1 DAGs
[2025-02-19T09:47:03.586+0000] {logging_mixin.py:190} INFO - [2025-02-19T09:47:03.585+0000] {dag.py:4156} INFO - Setting next_dagrun for example_branch_labels to 2025-02-18 00:00:00+00:00, run_after=2025-02-19 00:00:00+00:00
[2025-02-19T09:47:03.605+0000] {processor.py:208} INFO - Processing /home/airflow/.local/lib/python3.12/site-packages/airflow/example_dags/example_branch_labels.py took 0.079 seconds
[2025-02-19T09:47:33.918+0000] {processor.py:186} INFO - Started process (PID=1242) to work on /home/airflow/.local/lib/python3.12/site-packages/airflow/example_dags/example_branch_labels.py
[2025-02-19T09:47:33.920+0000] {processor.py:914} INFO - Processing file /home/airflow/.local/lib/python3.12/site-packages/airflow/example_dags/example_branch_labels.py for tasks to queue
[2025-02-19T09:47:33.922+0000] {logging_mixin.py:190} INFO - [2025-02-19T09:47:33.921+0000] {dagbag.py:587} INFO - Filling up the DagBag from /home/airflow/.local/lib/python3.12/site-packages/airflow/example_dags/example_branch_labels.py
[2025-02-19T09:47:33.930+0000] {processor.py:925} INFO - DAG(s) 'example_branch_labels' retrieved from /home/airflow/.local/lib/python3.12/site-packages/airflow/example_dags/example_branch_labels.py
[2025-02-19T09:47:33.952+0000] {logging_mixin.py:190} INFO - [2025-02-19T09:47:33.951+0000] {dag.py:3229} INFO - Sync 1 DAGs
[2025-02-19T09:47:33.975+0000] {logging_mixin.py:190} INFO - [2025-02-19T09:47:33.975+0000] {dag.py:4156} INFO - Setting next_dagrun for example_branch_labels to 2025-02-18 00:00:00+00:00, run_after=2025-02-19 00:00:00+00:00
[2025-02-19T09:47:33.997+0000] {processor.py:208} INFO - Processing /home/airflow/.local/lib/python3.12/site-packages/airflow/example_dags/example_branch_labels.py took 0.083 seconds
[2025-02-19T09:48:04.348+0000] {processor.py:186} INFO - Started process (PID=1307) to work on /home/airflow/.local/lib/python3.12/site-packages/airflow/example_dags/example_branch_labels.py
[2025-02-19T09:48:04.349+0000] {processor.py:914} INFO - Processing file /home/airflow/.local/lib/python3.12/site-packages/airflow/example_dags/example_branch_labels.py for tasks to queue
[2025-02-19T09:48:04.351+0000] {logging_mixin.py:190} INFO - [2025-02-19T09:48:04.350+0000] {dagbag.py:587} INFO - Filling up the DagBag from /home/airflow/.local/lib/python3.12/site-packages/airflow/example_dags/example_branch_labels.py
[2025-02-19T09:48:04.358+0000] {processor.py:925} INFO - DAG(s) 'example_branch_labels' retrieved from /home/airflow/.local/lib/python3.12/site-packages/airflow/example_dags/example_branch_labels.py
[2025-02-19T09:48:04.376+0000] {logging_mixin.py:190} INFO - [2025-02-19T09:48:04.375+0000] {dag.py:3229} INFO - Sync 1 DAGs
[2025-02-19T09:48:04.397+0000] {logging_mixin.py:190} INFO - [2025-02-19T09:48:04.396+0000] {dag.py:4156} INFO - Setting next_dagrun for example_branch_labels to 2025-02-18 00:00:00+00:00, run_after=2025-02-19 00:00:00+00:00
[2025-02-19T09:48:04.412+0000] {processor.py:208} INFO - Processing /home/airflow/.local/lib/python3.12/site-packages/airflow/example_dags/example_branch_labels.py took 0.069 seconds
[2025-02-19T09:48:34.456+0000] {processor.py:186} INFO - Started process (PID=1371) to work on /home/airflow/.local/lib/python3.12/site-packages/airflow/example_dags/example_branch_labels.py
[2025-02-19T09:48:34.457+0000] {processor.py:914} INFO - Processing file /home/airflow/.local/lib/python3.12/site-packages/airflow/example_dags/example_branch_labels.py for tasks to queue
[2025-02-19T09:48:34.459+0000] {logging_mixin.py:190} INFO - [2025-02-19T09:48:34.459+0000] {dagbag.py:587} INFO - Filling up the DagBag from /home/airflow/.local/lib/python3.12/site-packages/airflow/example_dags/example_branch_labels.py
[2025-02-19T09:48:34.466+0000] {processor.py:925} INFO - DAG(s) 'example_branch_labels' retrieved from /home/airflow/.local/lib/python3.12/site-packages/airflow/example_dags/example_branch_labels.py
[2025-02-19T09:48:34.483+0000] {logging_mixin.py:190} INFO - [2025-02-19T09:48:34.483+0000] {dag.py:3229} INFO - Sync 1 DAGs
[2025-02-19T09:48:34.501+0000] {logging_mixin.py:190} INFO - [2025-02-19T09:48:34.501+0000] {dag.py:4156} INFO - Setting next_dagrun for example_branch_labels to 2025-02-18 00:00:00+00:00, run_after=2025-02-19 00:00:00+00:00
[2025-02-19T09:48:34.514+0000] {processor.py:208} INFO - Processing /home/airflow/.local/lib/python3.12/site-packages/airflow/example_dags/example_branch_labels.py took 0.062 seconds
[2025-02-19T09:49:05.399+0000] {processor.py:186} INFO - Started process (PID=1435) to work on /home/airflow/.local/lib/python3.12/site-packages/airflow/example_dags/example_branch_labels.py
[2025-02-19T09:49:05.401+0000] {processor.py:914} INFO - Processing file /home/airflow/.local/lib/python3.12/site-packages/airflow/example_dags/example_branch_labels.py for tasks to queue
[2025-02-19T09:49:05.403+0000] {logging_mixin.py:190} INFO - [2025-02-19T09:49:05.402+0000] {dagbag.py:587} INFO - Filling up the DagBag from /home/airflow/.local/lib/python3.12/site-packages/airflow/example_dags/example_branch_labels.py
[2025-02-19T09:49:05.410+0000] {processor.py:925} INFO - DAG(s) 'example_branch_labels' retrieved from /home/airflow/.local/lib/python3.12/site-packages/airflow/example_dags/example_branch_labels.py
[2025-02-19T09:49:05.427+0000] {logging_mixin.py:190} INFO - [2025-02-19T09:49:05.427+0000] {dag.py:3229} INFO - Sync 1 DAGs
[2025-02-19T09:49:05.447+0000] {logging_mixin.py:190} INFO - [2025-02-19T09:49:05.447+0000] {dag.py:4156} INFO - Setting next_dagrun for example_branch_labels to 2025-02-18 00:00:00+00:00, run_after=2025-02-19 00:00:00+00:00
[2025-02-19T09:49:05.464+0000] {processor.py:208} INFO - Processing /home/airflow/.local/lib/python3.12/site-packages/airflow/example_dags/example_branch_labels.py took 0.069 seconds
[2025-02-19T09:49:36.330+0000] {processor.py:186} INFO - Started process (PID=1499) to work on /home/airflow/.local/lib/python3.12/site-packages/airflow/example_dags/example_branch_labels.py
[2025-02-19T09:49:36.331+0000] {processor.py:914} INFO - Processing file /home/airflow/.local/lib/python3.12/site-packages/airflow/example_dags/example_branch_labels.py for tasks to queue
[2025-02-19T09:49:36.333+0000] {logging_mixin.py:190} INFO - [2025-02-19T09:49:36.333+0000] {dagbag.py:587} INFO - Filling up the DagBag from /home/airflow/.local/lib/python3.12/site-packages/airflow/example_dags/example_branch_labels.py
[2025-02-19T09:49:36.341+0000] {processor.py:925} INFO - DAG(s) 'example_branch_labels' retrieved from /home/airflow/.local/lib/python3.12/site-packages/airflow/example_dags/example_branch_labels.py
[2025-02-19T09:49:36.361+0000] {logging_mixin.py:190} INFO - [2025-02-19T09:49:36.360+0000] {dag.py:3229} INFO - Sync 1 DAGs
[2025-02-19T09:49:36.381+0000] {logging_mixin.py:190} INFO - [2025-02-19T09:49:36.381+0000] {dag.py:4156} INFO - Setting next_dagrun for example_branch_labels to 2025-02-18 00:00:00+00:00, run_after=2025-02-19 00:00:00+00:00
[2025-02-19T09:49:36.398+0000] {processor.py:208} INFO - Processing /home/airflow/.local/lib/python3.12/site-packages/airflow/example_dags/example_branch_labels.py took 0.072 seconds
[2025-02-19T09:50:06.609+0000] {processor.py:186} INFO - Started process (PID=1563) to work on /home/airflow/.local/lib/python3.12/site-packages/airflow/example_dags/example_branch_labels.py
[2025-02-19T09:50:06.610+0000] {processor.py:914} INFO - Processing file /home/airflow/.local/lib/python3.12/site-packages/airflow/example_dags/example_branch_labels.py for tasks to queue
[2025-02-19T09:50:06.611+0000] {logging_mixin.py:190} INFO - [2025-02-19T09:50:06.611+0000] {dagbag.py:587} INFO - Filling up the DagBag from /home/airflow/.local/lib/python3.12/site-packages/airflow/example_dags/example_branch_labels.py
[2025-02-19T09:50:06.618+0000] {processor.py:925} INFO - DAG(s) 'example_branch_labels' retrieved from /home/airflow/.local/lib/python3.12/site-packages/airflow/example_dags/example_branch_labels.py
[2025-02-19T09:50:06.635+0000] {logging_mixin.py:190} INFO - [2025-02-19T09:50:06.634+0000] {dag.py:3229} INFO - Sync 1 DAGs
[2025-02-19T09:50:06.655+0000] {logging_mixin.py:190} INFO - [2025-02-19T09:50:06.654+0000] {dag.py:4156} INFO - Setting next_dagrun for example_branch_labels to 2025-02-18 00:00:00+00:00, run_after=2025-02-19 00:00:00+00:00
[2025-02-19T09:50:06.670+0000] {processor.py:208} INFO - Processing /home/airflow/.local/lib/python3.12/site-packages/airflow/example_dags/example_branch_labels.py took 0.066 seconds
[2025-02-19T09:50:36.906+0000] {processor.py:186} INFO - Started process (PID=1627) to work on /home/airflow/.local/lib/python3.12/site-packages/airflow/example_dags/example_branch_labels.py
[2025-02-19T09:50:36.907+0000] {processor.py:914} INFO - Processing file /home/airflow/.local/lib/python3.12/site-packages/airflow/example_dags/example_branch_labels.py for tasks to queue
[2025-02-19T09:50:36.908+0000] {logging_mixin.py:190} INFO - [2025-02-19T09:50:36.908+0000] {dagbag.py:587} INFO - Filling up the DagBag from /home/airflow/.local/lib/python3.12/site-packages/airflow/example_dags/example_branch_labels.py
[2025-02-19T09:50:36.916+0000] {processor.py:925} INFO - DAG(s) 'example_branch_labels' retrieved from /home/airflow/.local/lib/python3.12/site-packages/airflow/example_dags/example_branch_labels.py
[2025-02-19T09:50:36.936+0000] {logging_mixin.py:190} INFO - [2025-02-19T09:50:36.936+0000] {dag.py:3229} INFO - Sync 1 DAGs
[2025-02-19T09:50:36.957+0000] {logging_mixin.py:190} INFO - [2025-02-19T09:50:36.956+0000] {dag.py:4156} INFO - Setting next_dagrun for example_branch_labels to 2025-02-18 00:00:00+00:00, run_after=2025-02-19 00:00:00+00:00
[2025-02-19T09:50:36.972+0000] {processor.py:208} INFO - Processing /home/airflow/.local/lib/python3.12/site-packages/airflow/example_dags/example_branch_labels.py took 0.071 seconds
[2025-02-19T09:51:07.384+0000] {processor.py:186} INFO - Started process (PID=1691) to work on /home/airflow/.local/lib/python3.12/site-packages/airflow/example_dags/example_branch_labels.py
[2025-02-19T09:51:07.385+0000] {processor.py:914} INFO - Processing file /home/airflow/.local/lib/python3.12/site-packages/airflow/example_dags/example_branch_labels.py for tasks to queue
[2025-02-19T09:51:07.387+0000] {logging_mixin.py:190} INFO - [2025-02-19T09:51:07.387+0000] {dagbag.py:587} INFO - Filling up the DagBag from /home/airflow/.local/lib/python3.12/site-packages/airflow/example_dags/example_branch_labels.py
[2025-02-19T09:51:07.394+0000] {processor.py:925} INFO - DAG(s) 'example_branch_labels' retrieved from /home/airflow/.local/lib/python3.12/site-packages/airflow/example_dags/example_branch_labels.py
[2025-02-19T09:51:07.412+0000] {logging_mixin.py:190} INFO - [2025-02-19T09:51:07.411+0000] {dag.py:3229} INFO - Sync 1 DAGs
[2025-02-19T09:51:07.431+0000] {logging_mixin.py:190} INFO - [2025-02-19T09:51:07.431+0000] {dag.py:4156} INFO - Setting next_dagrun for example_branch_labels to 2025-02-18 00:00:00+00:00, run_after=2025-02-19 00:00:00+00:00
[2025-02-19T09:51:07.444+0000] {processor.py:208} INFO - Processing /home/airflow/.local/lib/python3.12/site-packages/airflow/example_dags/example_branch_labels.py took 0.064 seconds
[2025-02-19T09:51:37.595+0000] {processor.py:186} INFO - Started process (PID=1755) to work on /home/airflow/.local/lib/python3.12/site-packages/airflow/example_dags/example_branch_labels.py
[2025-02-19T09:51:37.596+0000] {processor.py:914} INFO - Processing file /home/airflow/.local/lib/python3.12/site-packages/airflow/example_dags/example_branch_labels.py for tasks to queue
[2025-02-19T09:51:37.597+0000] {logging_mixin.py:190} INFO - [2025-02-19T09:51:37.597+0000] {dagbag.py:587} INFO - Filling up the DagBag from /home/airflow/.local/lib/python3.12/site-packages/airflow/example_dags/example_branch_labels.py
[2025-02-19T09:51:37.604+0000] {processor.py:925} INFO - DAG(s) 'example_branch_labels' retrieved from /home/airflow/.local/lib/python3.12/site-packages/airflow/example_dags/example_branch_labels.py
[2025-02-19T09:51:37.621+0000] {logging_mixin.py:190} INFO - [2025-02-19T09:51:37.620+0000] {dag.py:3229} INFO - Sync 1 DAGs
[2025-02-19T09:51:37.639+0000] {logging_mixin.py:190} INFO - [2025-02-19T09:51:37.639+0000] {dag.py:4156} INFO - Setting next_dagrun for example_branch_labels to 2025-02-18 00:00:00+00:00, run_after=2025-02-19 00:00:00+00:00
[2025-02-19T09:51:37.654+0000] {processor.py:208} INFO - Processing /home/airflow/.local/lib/python3.12/site-packages/airflow/example_dags/example_branch_labels.py took 0.064 seconds
[2025-02-19T09:52:07.917+0000] {processor.py:186} INFO - Started process (PID=1819) to work on /home/airflow/.local/lib/python3.12/site-packages/airflow/example_dags/example_branch_labels.py
[2025-02-19T09:52:07.918+0000] {processor.py:914} INFO - Processing file /home/airflow/.local/lib/python3.12/site-packages/airflow/example_dags/example_branch_labels.py for tasks to queue
[2025-02-19T09:52:07.920+0000] {logging_mixin.py:190} INFO - [2025-02-19T09:52:07.920+0000] {dagbag.py:587} INFO - Filling up the DagBag from /home/airflow/.local/lib/python3.12/site-packages/airflow/example_dags/example_branch_labels.py
[2025-02-19T09:52:07.928+0000] {processor.py:925} INFO - DAG(s) 'example_branch_labels' retrieved from /home/airflow/.local/lib/python3.12/site-packages/airflow/example_dags/example_branch_labels.py
[2025-02-19T09:52:07.947+0000] {logging_mixin.py:190} INFO - [2025-02-19T09:52:07.946+0000] {dag.py:3229} INFO - Sync 1 DAGs
[2025-02-19T09:52:07.966+0000] {logging_mixin.py:190} INFO - [2025-02-19T09:52:07.966+0000] {dag.py:4156} INFO - Setting next_dagrun for example_branch_labels to 2025-02-18 00:00:00+00:00, run_after=2025-02-19 00:00:00+00:00
[2025-02-19T09:52:07.982+0000] {processor.py:208} INFO - Processing /home/airflow/.local/lib/python3.12/site-packages/airflow/example_dags/example_branch_labels.py took 0.069 seconds
[2025-02-19T09:52:38.080+0000] {processor.py:186} INFO - Started process (PID=1883) to work on /home/airflow/.local/lib/python3.12/site-packages/airflow/example_dags/example_branch_labels.py
[2025-02-19T09:52:38.081+0000] {processor.py:914} INFO - Processing file /home/airflow/.local/lib/python3.12/site-packages/airflow/example_dags/example_branch_labels.py for tasks to queue
[2025-02-19T09:52:38.083+0000] {logging_mixin.py:190} INFO - [2025-02-19T09:52:38.083+0000] {dagbag.py:587} INFO - Filling up the DagBag from /home/airflow/.local/lib/python3.12/site-packages/airflow/example_dags/example_branch_labels.py
[2025-02-19T09:52:38.090+0000] {processor.py:925} INFO - DAG(s) 'example_branch_labels' retrieved from /home/airflow/.local/lib/python3.12/site-packages/airflow/example_dags/example_branch_labels.py
[2025-02-19T09:52:38.110+0000] {logging_mixin.py:190} INFO - [2025-02-19T09:52:38.109+0000] {dag.py:3229} INFO - Sync 1 DAGs
[2025-02-19T09:52:38.130+0000] {logging_mixin.py:190} INFO - [2025-02-19T09:52:38.130+0000] {dag.py:4156} INFO - Setting next_dagrun for example_branch_labels to 2025-02-18 00:00:00+00:00, run_after=2025-02-19 00:00:00+00:00
[2025-02-19T09:52:38.145+0000] {processor.py:208} INFO - Processing /home/airflow/.local/lib/python3.12/site-packages/airflow/example_dags/example_branch_labels.py took 0.070 seconds
[2025-02-19T09:53:08.525+0000] {processor.py:186} INFO - Started process (PID=1947) to work on /home/airflow/.local/lib/python3.12/site-packages/airflow/example_dags/example_branch_labels.py
[2025-02-19T09:53:08.526+0000] {processor.py:914} INFO - Processing file /home/airflow/.local/lib/python3.12/site-packages/airflow/example_dags/example_branch_labels.py for tasks to queue
[2025-02-19T09:53:08.528+0000] {logging_mixin.py:190} INFO - [2025-02-19T09:53:08.527+0000] {dagbag.py:587} INFO - Filling up the DagBag from /home/airflow/.local/lib/python3.12/site-packages/airflow/example_dags/example_branch_labels.py
[2025-02-19T09:53:08.535+0000] {processor.py:925} INFO - DAG(s) 'example_branch_labels' retrieved from /home/airflow/.local/lib/python3.12/site-packages/airflow/example_dags/example_branch_labels.py
[2025-02-19T09:53:08.554+0000] {logging_mixin.py:190} INFO - [2025-02-19T09:53:08.553+0000] {dag.py:3229} INFO - Sync 1 DAGs
[2025-02-19T09:53:08.577+0000] {logging_mixin.py:190} INFO - [2025-02-19T09:53:08.577+0000] {dag.py:4156} INFO - Setting next_dagrun for example_branch_labels to 2025-02-18 00:00:00+00:00, run_after=2025-02-19 00:00:00+00:00
[2025-02-19T09:53:08.598+0000] {processor.py:208} INFO - Processing /home/airflow/.local/lib/python3.12/site-packages/airflow/example_dags/example_branch_labels.py took 0.078 seconds
[2025-02-19T09:53:38.947+0000] {processor.py:186} INFO - Started process (PID=2011) to work on /home/airflow/.local/lib/python3.12/site-packages/airflow/example_dags/example_branch_labels.py
[2025-02-19T09:53:38.948+0000] {processor.py:914} INFO - Processing file /home/airflow/.local/lib/python3.12/site-packages/airflow/example_dags/example_branch_labels.py for tasks to queue
[2025-02-19T09:53:38.949+0000] {logging_mixin.py:190} INFO - [2025-02-19T09:53:38.949+0000] {dagbag.py:587} INFO - Filling up the DagBag from /home/airflow/.local/lib/python3.12/site-packages/airflow/example_dags/example_branch_labels.py
[2025-02-19T09:53:38.957+0000] {processor.py:925} INFO - DAG(s) 'example_branch_labels' retrieved from /home/airflow/.local/lib/python3.12/site-packages/airflow/example_dags/example_branch_labels.py
[2025-02-19T09:53:38.975+0000] {logging_mixin.py:190} INFO - [2025-02-19T09:53:38.974+0000] {dag.py:3229} INFO - Sync 1 DAGs
[2025-02-19T09:53:38.995+0000] {logging_mixin.py:190} INFO - [2025-02-19T09:53:38.995+0000] {dag.py:4156} INFO - Setting next_dagrun for example_branch_labels to 2025-02-18 00:00:00+00:00, run_after=2025-02-19 00:00:00+00:00
[2025-02-19T09:53:39.012+0000] {processor.py:208} INFO - Processing /home/airflow/.local/lib/python3.12/site-packages/airflow/example_dags/example_branch_labels.py took 0.069 seconds
[2025-02-19T09:54:09.316+0000] {processor.py:186} INFO - Started process (PID=2075) to work on /home/airflow/.local/lib/python3.12/site-packages/airflow/example_dags/example_branch_labels.py
[2025-02-19T09:54:09.317+0000] {processor.py:914} INFO - Processing file /home/airflow/.local/lib/python3.12/site-packages/airflow/example_dags/example_branch_labels.py for tasks to queue
[2025-02-19T09:54:09.319+0000] {logging_mixin.py:190} INFO - [2025-02-19T09:54:09.319+0000] {dagbag.py:587} INFO - Filling up the DagBag from /home/airflow/.local/lib/python3.12/site-packages/airflow/example_dags/example_branch_labels.py
[2025-02-19T09:54:09.326+0000] {processor.py:925} INFO - DAG(s) 'example_branch_labels' retrieved from /home/airflow/.local/lib/python3.12/site-packages/airflow/example_dags/example_branch_labels.py
[2025-02-19T09:54:09.345+0000] {logging_mixin.py:190} INFO - [2025-02-19T09:54:09.344+0000] {dag.py:3229} INFO - Sync 1 DAGs
[2025-02-19T09:54:09.366+0000] {logging_mixin.py:190} INFO - [2025-02-19T09:54:09.365+0000] {dag.py:4156} INFO - Setting next_dagrun for example_branch_labels to 2025-02-18 00:00:00+00:00, run_after=2025-02-19 00:00:00+00:00
[2025-02-19T09:54:09.382+0000] {processor.py:208} INFO - Processing /home/airflow/.local/lib/python3.12/site-packages/airflow/example_dags/example_branch_labels.py took 0.070 seconds
[2025-02-19T09:54:39.522+0000] {processor.py:186} INFO - Started process (PID=2139) to work on /home/airflow/.local/lib/python3.12/site-packages/airflow/example_dags/example_branch_labels.py
[2025-02-19T09:54:39.524+0000] {processor.py:914} INFO - Processing file /home/airflow/.local/lib/python3.12/site-packages/airflow/example_dags/example_branch_labels.py for tasks to queue
[2025-02-19T09:54:39.526+0000] {logging_mixin.py:190} INFO - [2025-02-19T09:54:39.525+0000] {dagbag.py:587} INFO - Filling up the DagBag from /home/airflow/.local/lib/python3.12/site-packages/airflow/example_dags/example_branch_labels.py
[2025-02-19T09:54:39.533+0000] {processor.py:925} INFO - DAG(s) 'example_branch_labels' retrieved from /home/airflow/.local/lib/python3.12/site-packages/airflow/example_dags/example_branch_labels.py
[2025-02-19T09:54:39.552+0000] {logging_mixin.py:190} INFO - [2025-02-19T09:54:39.551+0000] {dag.py:3229} INFO - Sync 1 DAGs
[2025-02-19T09:54:39.572+0000] {logging_mixin.py:190} INFO - [2025-02-19T09:54:39.572+0000] {dag.py:4156} INFO - Setting next_dagrun for example_branch_labels to 2025-02-18 00:00:00+00:00, run_after=2025-02-19 00:00:00+00:00
[2025-02-19T09:54:39.588+0000] {processor.py:208} INFO - Processing /home/airflow/.local/lib/python3.12/site-packages/airflow/example_dags/example_branch_labels.py took 0.070 seconds
[2025-02-19T09:55:09.838+0000] {processor.py:186} INFO - Started process (PID=2203) to work on /home/airflow/.local/lib/python3.12/site-packages/airflow/example_dags/example_branch_labels.py
[2025-02-19T09:55:09.839+0000] {processor.py:914} INFO - Processing file /home/airflow/.local/lib/python3.12/site-packages/airflow/example_dags/example_branch_labels.py for tasks to queue
[2025-02-19T09:55:09.841+0000] {logging_mixin.py:190} INFO - [2025-02-19T09:55:09.841+0000] {dagbag.py:587} INFO - Filling up the DagBag from /home/airflow/.local/lib/python3.12/site-packages/airflow/example_dags/example_branch_labels.py
[2025-02-19T09:55:09.848+0000] {processor.py:925} INFO - DAG(s) 'example_branch_labels' retrieved from /home/airflow/.local/lib/python3.12/site-packages/airflow/example_dags/example_branch_labels.py
[2025-02-19T09:55:09.865+0000] {logging_mixin.py:190} INFO - [2025-02-19T09:55:09.865+0000] {dag.py:3229} INFO - Sync 1 DAGs
[2025-02-19T09:55:09.885+0000] {logging_mixin.py:190} INFO - [2025-02-19T09:55:09.885+0000] {dag.py:4156} INFO - Setting next_dagrun for example_branch_labels to 2025-02-18 00:00:00+00:00, run_after=2025-02-19 00:00:00+00:00
[2025-02-19T09:55:09.899+0000] {processor.py:208} INFO - Processing /home/airflow/.local/lib/python3.12/site-packages/airflow/example_dags/example_branch_labels.py took 0.066 seconds
[2025-02-19T09:55:40.163+0000] {processor.py:186} INFO - Started process (PID=2267) to work on /home/airflow/.local/lib/python3.12/site-packages/airflow/example_dags/example_branch_labels.py
[2025-02-19T09:55:40.164+0000] {processor.py:914} INFO - Processing file /home/airflow/.local/lib/python3.12/site-packages/airflow/example_dags/example_branch_labels.py for tasks to queue
[2025-02-19T09:55:40.167+0000] {logging_mixin.py:190} INFO - [2025-02-19T09:55:40.166+0000] {dagbag.py:587} INFO - Filling up the DagBag from /home/airflow/.local/lib/python3.12/site-packages/airflow/example_dags/example_branch_labels.py
[2025-02-19T09:55:40.174+0000] {processor.py:925} INFO - DAG(s) 'example_branch_labels' retrieved from /home/airflow/.local/lib/python3.12/site-packages/airflow/example_dags/example_branch_labels.py
[2025-02-19T09:55:40.193+0000] {logging_mixin.py:190} INFO - [2025-02-19T09:55:40.192+0000] {dag.py:3229} INFO - Sync 1 DAGs
[2025-02-19T09:55:40.213+0000] {logging_mixin.py:190} INFO - [2025-02-19T09:55:40.213+0000] {dag.py:4156} INFO - Setting next_dagrun for example_branch_labels to 2025-02-18 00:00:00+00:00, run_after=2025-02-19 00:00:00+00:00
[2025-02-19T09:55:40.229+0000] {processor.py:208} INFO - Processing /home/airflow/.local/lib/python3.12/site-packages/airflow/example_dags/example_branch_labels.py took 0.071 seconds
[2025-02-19T09:56:10.664+0000] {processor.py:186} INFO - Started process (PID=2332) to work on /home/airflow/.local/lib/python3.12/site-packages/airflow/example_dags/example_branch_labels.py
[2025-02-19T09:56:10.665+0000] {processor.py:914} INFO - Processing file /home/airflow/.local/lib/python3.12/site-packages/airflow/example_dags/example_branch_labels.py for tasks to queue
[2025-02-19T09:56:10.667+0000] {logging_mixin.py:190} INFO - [2025-02-19T09:56:10.667+0000] {dagbag.py:587} INFO - Filling up the DagBag from /home/airflow/.local/lib/python3.12/site-packages/airflow/example_dags/example_branch_labels.py
[2025-02-19T09:56:10.674+0000] {processor.py:925} INFO - DAG(s) 'example_branch_labels' retrieved from /home/airflow/.local/lib/python3.12/site-packages/airflow/example_dags/example_branch_labels.py
[2025-02-19T09:56:10.692+0000] {logging_mixin.py:190} INFO - [2025-02-19T09:56:10.692+0000] {dag.py:3229} INFO - Sync 1 DAGs
[2025-02-19T09:56:10.713+0000] {logging_mixin.py:190} INFO - [2025-02-19T09:56:10.712+0000] {dag.py:4156} INFO - Setting next_dagrun for example_branch_labels to 2025-02-18 00:00:00+00:00, run_after=2025-02-19 00:00:00+00:00
[2025-02-19T09:56:10.730+0000] {processor.py:208} INFO - Processing /home/airflow/.local/lib/python3.12/site-packages/airflow/example_dags/example_branch_labels.py took 0.070 seconds
[2025-02-19T09:56:40.969+0000] {processor.py:186} INFO - Started process (PID=2396) to work on /home/airflow/.local/lib/python3.12/site-packages/airflow/example_dags/example_branch_labels.py
[2025-02-19T09:56:40.970+0000] {processor.py:914} INFO - Processing file /home/airflow/.local/lib/python3.12/site-packages/airflow/example_dags/example_branch_labels.py for tasks to queue
[2025-02-19T09:56:40.972+0000] {logging_mixin.py:190} INFO - [2025-02-19T09:56:40.972+0000] {dagbag.py:587} INFO - Filling up the DagBag from /home/airflow/.local/lib/python3.12/site-packages/airflow/example_dags/example_branch_labels.py
[2025-02-19T09:56:40.981+0000] {processor.py:925} INFO - DAG(s) 'example_branch_labels' retrieved from /home/airflow/.local/lib/python3.12/site-packages/airflow/example_dags/example_branch_labels.py
[2025-02-19T09:56:41.001+0000] {logging_mixin.py:190} INFO - [2025-02-19T09:56:41.001+0000] {dag.py:3229} INFO - Sync 1 DAGs
[2025-02-19T09:56:41.027+0000] {logging_mixin.py:190} INFO - [2025-02-19T09:56:41.026+0000] {dag.py:4156} INFO - Setting next_dagrun for example_branch_labels to 2025-02-18 00:00:00+00:00, run_after=2025-02-19 00:00:00+00:00
[2025-02-19T09:56:41.045+0000] {processor.py:208} INFO - Processing /home/airflow/.local/lib/python3.12/site-packages/airflow/example_dags/example_branch_labels.py took 0.081 seconds
[2025-02-19T09:57:11.086+0000] {processor.py:186} INFO - Started process (PID=2460) to work on /home/airflow/.local/lib/python3.12/site-packages/airflow/example_dags/example_branch_labels.py
[2025-02-19T09:57:11.087+0000] {processor.py:914} INFO - Processing file /home/airflow/.local/lib/python3.12/site-packages/airflow/example_dags/example_branch_labels.py for tasks to queue
[2025-02-19T09:57:11.089+0000] {logging_mixin.py:190} INFO - [2025-02-19T09:57:11.089+0000] {dagbag.py:587} INFO - Filling up the DagBag from /home/airflow/.local/lib/python3.12/site-packages/airflow/example_dags/example_branch_labels.py
[2025-02-19T09:57:11.096+0000] {processor.py:925} INFO - DAG(s) 'example_branch_labels' retrieved from /home/airflow/.local/lib/python3.12/site-packages/airflow/example_dags/example_branch_labels.py
[2025-02-19T09:57:11.116+0000] {logging_mixin.py:190} INFO - [2025-02-19T09:57:11.116+0000] {dag.py:3229} INFO - Sync 1 DAGs
[2025-02-19T09:57:11.136+0000] {logging_mixin.py:190} INFO - [2025-02-19T09:57:11.136+0000] {dag.py:4156} INFO - Setting next_dagrun for example_branch_labels to 2025-02-18 00:00:00+00:00, run_after=2025-02-19 00:00:00+00:00
[2025-02-19T09:57:11.154+0000] {processor.py:208} INFO - Processing /home/airflow/.local/lib/python3.12/site-packages/airflow/example_dags/example_branch_labels.py took 0.072 seconds
[2025-02-19T09:57:41.573+0000] {processor.py:186} INFO - Started process (PID=2525) to work on /home/airflow/.local/lib/python3.12/site-packages/airflow/example_dags/example_branch_labels.py
[2025-02-19T09:57:41.575+0000] {processor.py:914} INFO - Processing file /home/airflow/.local/lib/python3.12/site-packages/airflow/example_dags/example_branch_labels.py for tasks to queue
[2025-02-19T09:57:41.577+0000] {logging_mixin.py:190} INFO - [2025-02-19T09:57:41.576+0000] {dagbag.py:587} INFO - Filling up the DagBag from /home/airflow/.local/lib/python3.12/site-packages/airflow/example_dags/example_branch_labels.py
[2025-02-19T09:57:41.584+0000] {processor.py:925} INFO - DAG(s) 'example_branch_labels' retrieved from /home/airflow/.local/lib/python3.12/site-packages/airflow/example_dags/example_branch_labels.py
[2025-02-19T09:57:41.602+0000] {logging_mixin.py:190} INFO - [2025-02-19T09:57:41.602+0000] {dag.py:3229} INFO - Sync 1 DAGs
[2025-02-19T09:57:41.622+0000] {logging_mixin.py:190} INFO - [2025-02-19T09:57:41.621+0000] {dag.py:4156} INFO - Setting next_dagrun for example_branch_labels to 2025-02-18 00:00:00+00:00, run_after=2025-02-19 00:00:00+00:00
[2025-02-19T09:57:41.641+0000] {processor.py:208} INFO - Processing /home/airflow/.local/lib/python3.12/site-packages/airflow/example_dags/example_branch_labels.py took 0.072 seconds
[2025-02-19T09:58:12.218+0000] {processor.py:186} INFO - Started process (PID=2590) to work on /home/airflow/.local/lib/python3.12/site-packages/airflow/example_dags/example_branch_labels.py
[2025-02-19T09:58:12.219+0000] {processor.py:914} INFO - Processing file /home/airflow/.local/lib/python3.12/site-packages/airflow/example_dags/example_branch_labels.py for tasks to queue
[2025-02-19T09:58:12.221+0000] {logging_mixin.py:190} INFO - [2025-02-19T09:58:12.221+0000] {dagbag.py:587} INFO - Filling up the DagBag from /home/airflow/.local/lib/python3.12/site-packages/airflow/example_dags/example_branch_labels.py
[2025-02-19T09:58:12.230+0000] {processor.py:925} INFO - DAG(s) 'example_branch_labels' retrieved from /home/airflow/.local/lib/python3.12/site-packages/airflow/example_dags/example_branch_labels.py
[2025-02-19T09:58:12.254+0000] {logging_mixin.py:190} INFO - [2025-02-19T09:58:12.252+0000] {dag.py:3229} INFO - Sync 1 DAGs
[2025-02-19T09:58:12.278+0000] {logging_mixin.py:190} INFO - [2025-02-19T09:58:12.277+0000] {dag.py:4156} INFO - Setting next_dagrun for example_branch_labels to 2025-02-18 00:00:00+00:00, run_after=2025-02-19 00:00:00+00:00
[2025-02-19T09:58:12.298+0000] {processor.py:208} INFO - Processing /home/airflow/.local/lib/python3.12/site-packages/airflow/example_dags/example_branch_labels.py took 0.085 seconds
[2025-02-19T09:58:42.407+0000] {processor.py:186} INFO - Started process (PID=2659) to work on /home/airflow/.local/lib/python3.12/site-packages/airflow/example_dags/example_branch_labels.py
[2025-02-19T09:58:42.409+0000] {processor.py:914} INFO - Processing file /home/airflow/.local/lib/python3.12/site-packages/airflow/example_dags/example_branch_labels.py for tasks to queue
[2025-02-19T09:58:42.411+0000] {logging_mixin.py:190} INFO - [2025-02-19T09:58:42.410+0000] {dagbag.py:587} INFO - Filling up the DagBag from /home/airflow/.local/lib/python3.12/site-packages/airflow/example_dags/example_branch_labels.py
[2025-02-19T09:58:42.420+0000] {processor.py:925} INFO - DAG(s) 'example_branch_labels' retrieved from /home/airflow/.local/lib/python3.12/site-packages/airflow/example_dags/example_branch_labels.py
[2025-02-19T09:58:42.444+0000] {logging_mixin.py:190} INFO - [2025-02-19T09:58:42.444+0000] {dag.py:3229} INFO - Sync 1 DAGs
[2025-02-19T09:58:42.468+0000] {logging_mixin.py:190} INFO - [2025-02-19T09:58:42.468+0000] {dag.py:4156} INFO - Setting next_dagrun for example_branch_labels to 2025-02-18 00:00:00+00:00, run_after=2025-02-19 00:00:00+00:00
[2025-02-19T09:58:42.485+0000] {processor.py:208} INFO - Processing /home/airflow/.local/lib/python3.12/site-packages/airflow/example_dags/example_branch_labels.py took 0.085 seconds
[2025-02-19T09:59:12.688+0000] {processor.py:186} INFO - Started process (PID=2723) to work on /home/airflow/.local/lib/python3.12/site-packages/airflow/example_dags/example_branch_labels.py
[2025-02-19T09:59:12.690+0000] {processor.py:914} INFO - Processing file /home/airflow/.local/lib/python3.12/site-packages/airflow/example_dags/example_branch_labels.py for tasks to queue
[2025-02-19T09:59:12.692+0000] {logging_mixin.py:190} INFO - [2025-02-19T09:59:12.692+0000] {dagbag.py:587} INFO - Filling up the DagBag from /home/airflow/.local/lib/python3.12/site-packages/airflow/example_dags/example_branch_labels.py
[2025-02-19T09:59:12.701+0000] {processor.py:925} INFO - DAG(s) 'example_branch_labels' retrieved from /home/airflow/.local/lib/python3.12/site-packages/airflow/example_dags/example_branch_labels.py
[2025-02-19T09:59:12.720+0000] {logging_mixin.py:190} INFO - [2025-02-19T09:59:12.719+0000] {dag.py:3229} INFO - Sync 1 DAGs
[2025-02-19T09:59:12.742+0000] {logging_mixin.py:190} INFO - [2025-02-19T09:59:12.741+0000] {dag.py:4156} INFO - Setting next_dagrun for example_branch_labels to 2025-02-18 00:00:00+00:00, run_after=2025-02-19 00:00:00+00:00
[2025-02-19T09:59:12.760+0000] {processor.py:208} INFO - Processing /home/airflow/.local/lib/python3.12/site-packages/airflow/example_dags/example_branch_labels.py took 0.077 seconds
[2025-02-19T10:23:12.054+0000] {logging_mixin.py:190} INFO - [2025-02-19T10:23:12.054+0000] {settings.py:475} DEBUG - Setting up DB connection pool (PID 66)
[2025-02-19T10:23:12.055+0000] {logging_mixin.py:190} INFO - [2025-02-19T10:23:12.055+0000] {settings.py:579} DEBUG - settings.prepare_engine_args(): Using pool settings. pool_size=5, max_overflow=10, pool_recycle=1800, pid=66
[2025-02-19T10:23:12.060+0000] {processor.py:186} INFO - Started process (PID=66) to work on /home/airflow/.local/lib/python3.12/site-packages/airflow/example_dags/example_branch_labels.py
[2025-02-19T10:23:12.061+0000] {processor.py:914} INFO - Processing file /home/airflow/.local/lib/python3.12/site-packages/airflow/example_dags/example_branch_labels.py for tasks to queue
[2025-02-19T10:23:12.061+0000] {logging_mixin.py:190} INFO - [2025-02-19T10:23:12.061+0000] {dagbag.py:587} INFO - Filling up the DagBag from /home/airflow/.local/lib/python3.12/site-packages/airflow/example_dags/example_branch_labels.py
[2025-02-19T10:23:12.062+0000] {logging_mixin.py:190} INFO - [2025-02-19T10:23:12.062+0000] {dagbag.py:368} DEBUG - Importing /home/airflow/.local/lib/python3.12/site-packages/airflow/example_dags/example_branch_labels.py
[2025-02-19T10:23:12.064+0000] {logging_mixin.py:190} INFO - [2025-02-19T10:23:12.064+0000] {GetText.py:50} DEBUG - Failed to find locale C
[2025-02-19T10:23:12.064+0000] {logging_mixin.py:190} INFO - [2025-02-19T10:23:12.064+0000] {GetText.py:51} DEBUG - Attempting to load en_US as fallback
[2025-02-19T10:23:12.065+0000] {logging_mixin.py:190} INFO - [2025-02-19T10:23:12.065+0000] {GetText.py:65} DEBUG - /home/airflow/.local/lib/python3.12/site-packages/cron_descriptor/locale/en_US.mo Loaded
[2025-02-19T10:23:12.069+0000] {logging_mixin.py:190} INFO - [2025-02-19T10:23:12.068+0000] {GetText.py:50} DEBUG - Failed to find locale C
[2025-02-19T10:23:12.069+0000] {logging_mixin.py:190} INFO - [2025-02-19T10:23:12.069+0000] {GetText.py:51} DEBUG - Attempting to load en_US as fallback
[2025-02-19T10:23:12.070+0000] {logging_mixin.py:190} INFO - [2025-02-19T10:23:12.070+0000] {GetText.py:65} DEBUG - /home/airflow/.local/lib/python3.12/site-packages/cron_descriptor/locale/en_US.mo Loaded
[2025-02-19T10:23:12.073+0000] {logging_mixin.py:190} INFO - [2025-02-19T10:23:12.072+0000] {dagbag.py:553} DEBUG - Loaded DAG <DAG: example_branch_labels>
[2025-02-19T10:23:12.073+0000] {processor.py:925} INFO - DAG(s) 'example_branch_labels' retrieved from /home/airflow/.local/lib/python3.12/site-packages/airflow/example_dags/example_branch_labels.py
[2025-02-19T10:23:12.074+0000] {logging_mixin.py:190} INFO - [2025-02-19T10:23:12.074+0000] {dagbag.py:710} DEBUG - Running dagbag.sync_to_db with retries. Try 1 of 3
[2025-02-19T10:23:12.075+0000] {logging_mixin.py:190} INFO - [2025-02-19T10:23:12.074+0000] {dagbag.py:715} DEBUG - Calling the DAG.bulk_sync_to_db method
[2025-02-19T10:23:12.086+0000] {logging_mixin.py:190} INFO - [2025-02-19T10:23:12.086+0000] {serialized_dag.py:168} DEBUG - Checking if DAG (example_branch_labels) changed
[2025-02-19T10:23:12.095+0000] {logging_mixin.py:190} INFO - [2025-02-19T10:23:12.094+0000] {serialized_dag.py:179} DEBUG - Serialized DAG (example_branch_labels) is unchanged. Skipping writing to DB
[2025-02-19T10:23:12.095+0000] {logging_mixin.py:190} INFO - [2025-02-19T10:23:12.095+0000] {dag.py:3229} INFO - Sync 1 DAGs
[2025-02-19T10:23:12.119+0000] {logging_mixin.py:190} INFO - [2025-02-19T10:23:12.119+0000] {dag.py:4156} INFO - Setting next_dagrun for example_branch_labels to 2025-02-18 00:00:00+00:00, run_after=2025-02-19 00:00:00+00:00
[2025-02-19T10:23:12.137+0000] {processor.py:208} INFO - Processing /home/airflow/.local/lib/python3.12/site-packages/airflow/example_dags/example_branch_labels.py took 0.083 seconds
[2025-02-19T10:23:54.376+0000] {logging_mixin.py:190} INFO - [2025-02-19T10:23:54.376+0000] {settings.py:475} DEBUG - Setting up DB connection pool (PID 136)
[2025-02-19T10:23:54.377+0000] {logging_mixin.py:190} INFO - [2025-02-19T10:23:54.377+0000] {settings.py:579} DEBUG - settings.prepare_engine_args(): Using pool settings. pool_size=5, max_overflow=10, pool_recycle=1800, pid=136
[2025-02-19T10:23:54.383+0000] {processor.py:186} INFO - Started process (PID=136) to work on /home/airflow/.local/lib/python3.12/site-packages/airflow/example_dags/example_branch_labels.py
[2025-02-19T10:23:54.383+0000] {processor.py:914} INFO - Processing file /home/airflow/.local/lib/python3.12/site-packages/airflow/example_dags/example_branch_labels.py for tasks to queue
[2025-02-19T10:23:54.384+0000] {logging_mixin.py:190} INFO - [2025-02-19T10:23:54.384+0000] {dagbag.py:587} INFO - Filling up the DagBag from /home/airflow/.local/lib/python3.12/site-packages/airflow/example_dags/example_branch_labels.py
[2025-02-19T10:23:54.385+0000] {logging_mixin.py:190} INFO - [2025-02-19T10:23:54.385+0000] {dagbag.py:368} DEBUG - Importing /home/airflow/.local/lib/python3.12/site-packages/airflow/example_dags/example_branch_labels.py
[2025-02-19T10:23:54.388+0000] {logging_mixin.py:190} INFO - [2025-02-19T10:23:54.388+0000] {GetText.py:50} DEBUG - Failed to find locale C
[2025-02-19T10:23:54.388+0000] {logging_mixin.py:190} INFO - [2025-02-19T10:23:54.388+0000] {GetText.py:51} DEBUG - Attempting to load en_US as fallback
[2025-02-19T10:23:54.389+0000] {logging_mixin.py:190} INFO - [2025-02-19T10:23:54.389+0000] {GetText.py:65} DEBUG - /home/airflow/.local/lib/python3.12/site-packages/cron_descriptor/locale/en_US.mo Loaded
[2025-02-19T10:23:54.393+0000] {logging_mixin.py:190} INFO - [2025-02-19T10:23:54.392+0000] {GetText.py:50} DEBUG - Failed to find locale C
[2025-02-19T10:23:54.393+0000] {logging_mixin.py:190} INFO - [2025-02-19T10:23:54.393+0000] {GetText.py:51} DEBUG - Attempting to load en_US as fallback
[2025-02-19T10:23:54.393+0000] {logging_mixin.py:190} INFO - [2025-02-19T10:23:54.393+0000] {GetText.py:65} DEBUG - /home/airflow/.local/lib/python3.12/site-packages/cron_descriptor/locale/en_US.mo Loaded
[2025-02-19T10:23:54.398+0000] {logging_mixin.py:190} INFO - [2025-02-19T10:23:54.396+0000] {dagbag.py:553} DEBUG - Loaded DAG <DAG: example_branch_labels>
[2025-02-19T10:23:54.398+0000] {processor.py:925} INFO - DAG(s) 'example_branch_labels' retrieved from /home/airflow/.local/lib/python3.12/site-packages/airflow/example_dags/example_branch_labels.py
[2025-02-19T10:23:54.399+0000] {logging_mixin.py:190} INFO - [2025-02-19T10:23:54.399+0000] {dagbag.py:710} DEBUG - Running dagbag.sync_to_db with retries. Try 1 of 3
[2025-02-19T10:23:54.399+0000] {logging_mixin.py:190} INFO - [2025-02-19T10:23:54.399+0000] {dagbag.py:715} DEBUG - Calling the DAG.bulk_sync_to_db method
[2025-02-19T10:23:54.411+0000] {logging_mixin.py:190} INFO - [2025-02-19T10:23:54.411+0000] {serialized_dag.py:168} DEBUG - Checking if DAG (example_branch_labels) changed
[2025-02-19T10:23:54.422+0000] {logging_mixin.py:190} INFO - [2025-02-19T10:23:54.421+0000] {serialized_dag.py:179} DEBUG - Serialized DAG (example_branch_labels) is unchanged. Skipping writing to DB
[2025-02-19T10:23:54.422+0000] {logging_mixin.py:190} INFO - [2025-02-19T10:23:54.422+0000] {dag.py:3229} INFO - Sync 1 DAGs
[2025-02-19T10:23:54.452+0000] {logging_mixin.py:190} INFO - [2025-02-19T10:23:54.451+0000] {dag.py:4156} INFO - Setting next_dagrun for example_branch_labels to 2025-02-18 00:00:00+00:00, run_after=2025-02-19 00:00:00+00:00
[2025-02-19T10:23:54.473+0000] {processor.py:208} INFO - Processing /home/airflow/.local/lib/python3.12/site-packages/airflow/example_dags/example_branch_labels.py took 0.097 seconds
[2025-02-19T10:24:25.354+0000] {logging_mixin.py:190} INFO - [2025-02-19T10:24:25.354+0000] {settings.py:475} DEBUG - Setting up DB connection pool (PID 200)
[2025-02-19T10:24:25.355+0000] {logging_mixin.py:190} INFO - [2025-02-19T10:24:25.355+0000] {settings.py:579} DEBUG - settings.prepare_engine_args(): Using pool settings. pool_size=5, max_overflow=10, pool_recycle=1800, pid=200
[2025-02-19T10:24:25.359+0000] {processor.py:186} INFO - Started process (PID=200) to work on /home/airflow/.local/lib/python3.12/site-packages/airflow/example_dags/example_branch_labels.py
[2025-02-19T10:24:25.360+0000] {processor.py:914} INFO - Processing file /home/airflow/.local/lib/python3.12/site-packages/airflow/example_dags/example_branch_labels.py for tasks to queue
[2025-02-19T10:24:25.361+0000] {logging_mixin.py:190} INFO - [2025-02-19T10:24:25.360+0000] {dagbag.py:587} INFO - Filling up the DagBag from /home/airflow/.local/lib/python3.12/site-packages/airflow/example_dags/example_branch_labels.py
[2025-02-19T10:24:25.361+0000] {logging_mixin.py:190} INFO - [2025-02-19T10:24:25.361+0000] {dagbag.py:368} DEBUG - Importing /home/airflow/.local/lib/python3.12/site-packages/airflow/example_dags/example_branch_labels.py
[2025-02-19T10:24:25.363+0000] {logging_mixin.py:190} INFO - [2025-02-19T10:24:25.363+0000] {GetText.py:50} DEBUG - Failed to find locale C
[2025-02-19T10:24:25.363+0000] {logging_mixin.py:190} INFO - [2025-02-19T10:24:25.363+0000] {GetText.py:51} DEBUG - Attempting to load en_US as fallback
[2025-02-19T10:24:25.364+0000] {logging_mixin.py:190} INFO - [2025-02-19T10:24:25.364+0000] {GetText.py:65} DEBUG - /home/airflow/.local/lib/python3.12/site-packages/cron_descriptor/locale/en_US.mo Loaded
[2025-02-19T10:24:25.367+0000] {logging_mixin.py:190} INFO - [2025-02-19T10:24:25.367+0000] {GetText.py:50} DEBUG - Failed to find locale C
[2025-02-19T10:24:25.367+0000] {logging_mixin.py:190} INFO - [2025-02-19T10:24:25.367+0000] {GetText.py:51} DEBUG - Attempting to load en_US as fallback
[2025-02-19T10:24:25.368+0000] {logging_mixin.py:190} INFO - [2025-02-19T10:24:25.368+0000] {GetText.py:65} DEBUG - /home/airflow/.local/lib/python3.12/site-packages/cron_descriptor/locale/en_US.mo Loaded
[2025-02-19T10:24:25.371+0000] {logging_mixin.py:190} INFO - [2025-02-19T10:24:25.370+0000] {dagbag.py:553} DEBUG - Loaded DAG <DAG: example_branch_labels>
[2025-02-19T10:24:25.371+0000] {processor.py:925} INFO - DAG(s) 'example_branch_labels' retrieved from /home/airflow/.local/lib/python3.12/site-packages/airflow/example_dags/example_branch_labels.py
[2025-02-19T10:24:25.371+0000] {logging_mixin.py:190} INFO - [2025-02-19T10:24:25.371+0000] {dagbag.py:710} DEBUG - Running dagbag.sync_to_db with retries. Try 1 of 3
[2025-02-19T10:24:25.371+0000] {logging_mixin.py:190} INFO - [2025-02-19T10:24:25.371+0000] {dagbag.py:715} DEBUG - Calling the DAG.bulk_sync_to_db method
[2025-02-19T10:24:25.383+0000] {logging_mixin.py:190} INFO - [2025-02-19T10:24:25.382+0000] {serialized_dag.py:168} DEBUG - Checking if DAG (example_branch_labels) changed
[2025-02-19T10:24:25.391+0000] {logging_mixin.py:190} INFO - [2025-02-19T10:24:25.390+0000] {serialized_dag.py:179} DEBUG - Serialized DAG (example_branch_labels) is unchanged. Skipping writing to DB
[2025-02-19T10:24:25.391+0000] {logging_mixin.py:190} INFO - [2025-02-19T10:24:25.391+0000] {dag.py:3229} INFO - Sync 1 DAGs
[2025-02-19T10:24:25.411+0000] {logging_mixin.py:190} INFO - [2025-02-19T10:24:25.411+0000] {dag.py:4156} INFO - Setting next_dagrun for example_branch_labels to 2025-02-18 00:00:00+00:00, run_after=2025-02-19 00:00:00+00:00
[2025-02-19T10:24:25.429+0000] {processor.py:208} INFO - Processing /home/airflow/.local/lib/python3.12/site-packages/airflow/example_dags/example_branch_labels.py took 0.075 seconds
[2025-02-19T10:24:56.235+0000] {logging_mixin.py:190} INFO - [2025-02-19T10:24:56.234+0000] {settings.py:475} DEBUG - Setting up DB connection pool (PID 269)
[2025-02-19T10:24:56.236+0000] {logging_mixin.py:190} INFO - [2025-02-19T10:24:56.236+0000] {settings.py:579} DEBUG - settings.prepare_engine_args(): Using pool settings. pool_size=5, max_overflow=10, pool_recycle=1800, pid=269
[2025-02-19T10:24:56.240+0000] {processor.py:186} INFO - Started process (PID=269) to work on /home/airflow/.local/lib/python3.12/site-packages/airflow/example_dags/example_branch_labels.py
[2025-02-19T10:24:56.241+0000] {processor.py:914} INFO - Processing file /home/airflow/.local/lib/python3.12/site-packages/airflow/example_dags/example_branch_labels.py for tasks to queue
[2025-02-19T10:24:56.242+0000] {logging_mixin.py:190} INFO - [2025-02-19T10:24:56.241+0000] {dagbag.py:587} INFO - Filling up the DagBag from /home/airflow/.local/lib/python3.12/site-packages/airflow/example_dags/example_branch_labels.py
[2025-02-19T10:24:56.242+0000] {logging_mixin.py:190} INFO - [2025-02-19T10:24:56.242+0000] {dagbag.py:368} DEBUG - Importing /home/airflow/.local/lib/python3.12/site-packages/airflow/example_dags/example_branch_labels.py
[2025-02-19T10:24:56.244+0000] {logging_mixin.py:190} INFO - [2025-02-19T10:24:56.244+0000] {GetText.py:50} DEBUG - Failed to find locale C
[2025-02-19T10:24:56.245+0000] {logging_mixin.py:190} INFO - [2025-02-19T10:24:56.245+0000] {GetText.py:51} DEBUG - Attempting to load en_US as fallback
[2025-02-19T10:24:56.246+0000] {logging_mixin.py:190} INFO - [2025-02-19T10:24:56.246+0000] {GetText.py:65} DEBUG - /home/airflow/.local/lib/python3.12/site-packages/cron_descriptor/locale/en_US.mo Loaded
[2025-02-19T10:24:56.250+0000] {logging_mixin.py:190} INFO - [2025-02-19T10:24:56.250+0000] {GetText.py:50} DEBUG - Failed to find locale C
[2025-02-19T10:24:56.250+0000] {logging_mixin.py:190} INFO - [2025-02-19T10:24:56.250+0000] {GetText.py:51} DEBUG - Attempting to load en_US as fallback
[2025-02-19T10:24:56.250+0000] {logging_mixin.py:190} INFO - [2025-02-19T10:24:56.250+0000] {GetText.py:65} DEBUG - /home/airflow/.local/lib/python3.12/site-packages/cron_descriptor/locale/en_US.mo Loaded
[2025-02-19T10:24:56.254+0000] {logging_mixin.py:190} INFO - [2025-02-19T10:24:56.253+0000] {dagbag.py:553} DEBUG - Loaded DAG <DAG: example_branch_labels>
[2025-02-19T10:24:56.254+0000] {processor.py:925} INFO - DAG(s) 'example_branch_labels' retrieved from /home/airflow/.local/lib/python3.12/site-packages/airflow/example_dags/example_branch_labels.py
[2025-02-19T10:24:56.255+0000] {logging_mixin.py:190} INFO - [2025-02-19T10:24:56.255+0000] {dagbag.py:710} DEBUG - Running dagbag.sync_to_db with retries. Try 1 of 3
[2025-02-19T10:24:56.255+0000] {logging_mixin.py:190} INFO - [2025-02-19T10:24:56.255+0000] {dagbag.py:715} DEBUG - Calling the DAG.bulk_sync_to_db method
[2025-02-19T10:24:56.267+0000] {logging_mixin.py:190} INFO - [2025-02-19T10:24:56.267+0000] {serialized_dag.py:168} DEBUG - Checking if DAG (example_branch_labels) changed
[2025-02-19T10:24:56.275+0000] {logging_mixin.py:190} INFO - [2025-02-19T10:24:56.275+0000] {serialized_dag.py:179} DEBUG - Serialized DAG (example_branch_labels) is unchanged. Skipping writing to DB
[2025-02-19T10:24:56.276+0000] {logging_mixin.py:190} INFO - [2025-02-19T10:24:56.276+0000] {dag.py:3229} INFO - Sync 1 DAGs
[2025-02-19T10:24:56.299+0000] {logging_mixin.py:190} INFO - [2025-02-19T10:24:56.298+0000] {dag.py:4156} INFO - Setting next_dagrun for example_branch_labels to 2025-02-18 00:00:00+00:00, run_after=2025-02-19 00:00:00+00:00
[2025-02-19T10:24:56.317+0000] {processor.py:208} INFO - Processing /home/airflow/.local/lib/python3.12/site-packages/airflow/example_dags/example_branch_labels.py took 0.083 seconds
[2025-02-19T10:25:26.459+0000] {logging_mixin.py:190} INFO - [2025-02-19T10:25:26.459+0000] {settings.py:475} DEBUG - Setting up DB connection pool (PID 333)
[2025-02-19T10:25:26.460+0000] {logging_mixin.py:190} INFO - [2025-02-19T10:25:26.460+0000] {settings.py:579} DEBUG - settings.prepare_engine_args(): Using pool settings. pool_size=5, max_overflow=10, pool_recycle=1800, pid=333
[2025-02-19T10:25:26.464+0000] {processor.py:186} INFO - Started process (PID=333) to work on /home/airflow/.local/lib/python3.12/site-packages/airflow/example_dags/example_branch_labels.py
[2025-02-19T10:25:26.465+0000] {processor.py:914} INFO - Processing file /home/airflow/.local/lib/python3.12/site-packages/airflow/example_dags/example_branch_labels.py for tasks to queue
[2025-02-19T10:25:26.466+0000] {logging_mixin.py:190} INFO - [2025-02-19T10:25:26.466+0000] {dagbag.py:587} INFO - Filling up the DagBag from /home/airflow/.local/lib/python3.12/site-packages/airflow/example_dags/example_branch_labels.py
[2025-02-19T10:25:26.467+0000] {logging_mixin.py:190} INFO - [2025-02-19T10:25:26.467+0000] {dagbag.py:368} DEBUG - Importing /home/airflow/.local/lib/python3.12/site-packages/airflow/example_dags/example_branch_labels.py
[2025-02-19T10:25:26.468+0000] {logging_mixin.py:190} INFO - [2025-02-19T10:25:26.468+0000] {GetText.py:50} DEBUG - Failed to find locale C
[2025-02-19T10:25:26.469+0000] {logging_mixin.py:190} INFO - [2025-02-19T10:25:26.469+0000] {GetText.py:51} DEBUG - Attempting to load en_US as fallback
[2025-02-19T10:25:26.469+0000] {logging_mixin.py:190} INFO - [2025-02-19T10:25:26.469+0000] {GetText.py:65} DEBUG - /home/airflow/.local/lib/python3.12/site-packages/cron_descriptor/locale/en_US.mo Loaded
[2025-02-19T10:25:26.472+0000] {logging_mixin.py:190} INFO - [2025-02-19T10:25:26.472+0000] {GetText.py:50} DEBUG - Failed to find locale C
[2025-02-19T10:25:26.472+0000] {logging_mixin.py:190} INFO - [2025-02-19T10:25:26.472+0000] {GetText.py:51} DEBUG - Attempting to load en_US as fallback
[2025-02-19T10:25:26.473+0000] {logging_mixin.py:190} INFO - [2025-02-19T10:25:26.473+0000] {GetText.py:65} DEBUG - /home/airflow/.local/lib/python3.12/site-packages/cron_descriptor/locale/en_US.mo Loaded
[2025-02-19T10:25:26.476+0000] {logging_mixin.py:190} INFO - [2025-02-19T10:25:26.475+0000] {dagbag.py:553} DEBUG - Loaded DAG <DAG: example_branch_labels>
[2025-02-19T10:25:26.476+0000] {processor.py:925} INFO - DAG(s) 'example_branch_labels' retrieved from /home/airflow/.local/lib/python3.12/site-packages/airflow/example_dags/example_branch_labels.py
[2025-02-19T10:25:26.477+0000] {logging_mixin.py:190} INFO - [2025-02-19T10:25:26.477+0000] {dagbag.py:710} DEBUG - Running dagbag.sync_to_db with retries. Try 1 of 3
[2025-02-19T10:25:26.477+0000] {logging_mixin.py:190} INFO - [2025-02-19T10:25:26.477+0000] {dagbag.py:715} DEBUG - Calling the DAG.bulk_sync_to_db method
[2025-02-19T10:25:26.489+0000] {logging_mixin.py:190} INFO - [2025-02-19T10:25:26.488+0000] {serialized_dag.py:168} DEBUG - Checking if DAG (example_branch_labels) changed
[2025-02-19T10:25:26.497+0000] {logging_mixin.py:190} INFO - [2025-02-19T10:25:26.497+0000] {serialized_dag.py:179} DEBUG - Serialized DAG (example_branch_labels) is unchanged. Skipping writing to DB
[2025-02-19T10:25:26.497+0000] {logging_mixin.py:190} INFO - [2025-02-19T10:25:26.497+0000] {dag.py:3229} INFO - Sync 1 DAGs
[2025-02-19T10:25:26.521+0000] {logging_mixin.py:190} INFO - [2025-02-19T10:25:26.521+0000] {dag.py:4156} INFO - Setting next_dagrun for example_branch_labels to 2025-02-18 00:00:00+00:00, run_after=2025-02-19 00:00:00+00:00
[2025-02-19T10:25:26.542+0000] {processor.py:208} INFO - Processing /home/airflow/.local/lib/python3.12/site-packages/airflow/example_dags/example_branch_labels.py took 0.084 seconds
[2025-02-19T10:25:57.151+0000] {logging_mixin.py:190} INFO - [2025-02-19T10:25:57.150+0000] {settings.py:475} DEBUG - Setting up DB connection pool (PID 397)
[2025-02-19T10:25:57.152+0000] {logging_mixin.py:190} INFO - [2025-02-19T10:25:57.152+0000] {settings.py:579} DEBUG - settings.prepare_engine_args(): Using pool settings. pool_size=5, max_overflow=10, pool_recycle=1800, pid=397
[2025-02-19T10:25:57.157+0000] {processor.py:186} INFO - Started process (PID=397) to work on /home/airflow/.local/lib/python3.12/site-packages/airflow/example_dags/example_branch_labels.py
[2025-02-19T10:25:57.157+0000] {processor.py:914} INFO - Processing file /home/airflow/.local/lib/python3.12/site-packages/airflow/example_dags/example_branch_labels.py for tasks to queue
[2025-02-19T10:25:57.158+0000] {logging_mixin.py:190} INFO - [2025-02-19T10:25:57.158+0000] {dagbag.py:587} INFO - Filling up the DagBag from /home/airflow/.local/lib/python3.12/site-packages/airflow/example_dags/example_branch_labels.py
[2025-02-19T10:25:57.159+0000] {logging_mixin.py:190} INFO - [2025-02-19T10:25:57.159+0000] {dagbag.py:368} DEBUG - Importing /home/airflow/.local/lib/python3.12/site-packages/airflow/example_dags/example_branch_labels.py
[2025-02-19T10:25:57.162+0000] {logging_mixin.py:190} INFO - [2025-02-19T10:25:57.161+0000] {GetText.py:50} DEBUG - Failed to find locale C
[2025-02-19T10:25:57.162+0000] {logging_mixin.py:190} INFO - [2025-02-19T10:25:57.162+0000] {GetText.py:51} DEBUG - Attempting to load en_US as fallback
[2025-02-19T10:25:57.163+0000] {logging_mixin.py:190} INFO - [2025-02-19T10:25:57.162+0000] {GetText.py:65} DEBUG - /home/airflow/.local/lib/python3.12/site-packages/cron_descriptor/locale/en_US.mo Loaded
[2025-02-19T10:25:57.166+0000] {logging_mixin.py:190} INFO - [2025-02-19T10:25:57.166+0000] {GetText.py:50} DEBUG - Failed to find locale C
[2025-02-19T10:25:57.167+0000] {logging_mixin.py:190} INFO - [2025-02-19T10:25:57.167+0000] {GetText.py:51} DEBUG - Attempting to load en_US as fallback
[2025-02-19T10:25:57.167+0000] {logging_mixin.py:190} INFO - [2025-02-19T10:25:57.167+0000] {GetText.py:65} DEBUG - /home/airflow/.local/lib/python3.12/site-packages/cron_descriptor/locale/en_US.mo Loaded
[2025-02-19T10:25:57.170+0000] {logging_mixin.py:190} INFO - [2025-02-19T10:25:57.169+0000] {dagbag.py:553} DEBUG - Loaded DAG <DAG: example_branch_labels>
[2025-02-19T10:25:57.171+0000] {processor.py:925} INFO - DAG(s) 'example_branch_labels' retrieved from /home/airflow/.local/lib/python3.12/site-packages/airflow/example_dags/example_branch_labels.py
[2025-02-19T10:25:57.171+0000] {logging_mixin.py:190} INFO - [2025-02-19T10:25:57.171+0000] {dagbag.py:710} DEBUG - Running dagbag.sync_to_db with retries. Try 1 of 3
[2025-02-19T10:25:57.171+0000] {logging_mixin.py:190} INFO - [2025-02-19T10:25:57.171+0000] {dagbag.py:715} DEBUG - Calling the DAG.bulk_sync_to_db method
[2025-02-19T10:25:57.182+0000] {logging_mixin.py:190} INFO - [2025-02-19T10:25:57.182+0000] {serialized_dag.py:168} DEBUG - Checking if DAG (example_branch_labels) changed
[2025-02-19T10:25:57.191+0000] {logging_mixin.py:190} INFO - [2025-02-19T10:25:57.190+0000] {serialized_dag.py:179} DEBUG - Serialized DAG (example_branch_labels) is unchanged. Skipping writing to DB
[2025-02-19T10:25:57.191+0000] {logging_mixin.py:190} INFO - [2025-02-19T10:25:57.191+0000] {dag.py:3229} INFO - Sync 1 DAGs
[2025-02-19T10:25:57.212+0000] {logging_mixin.py:190} INFO - [2025-02-19T10:25:57.212+0000] {dag.py:4156} INFO - Setting next_dagrun for example_branch_labels to 2025-02-18 00:00:00+00:00, run_after=2025-02-19 00:00:00+00:00
[2025-02-19T10:25:57.229+0000] {processor.py:208} INFO - Processing /home/airflow/.local/lib/python3.12/site-packages/airflow/example_dags/example_branch_labels.py took 0.079 seconds
[2025-02-19T10:26:27.891+0000] {logging_mixin.py:190} INFO - [2025-02-19T10:26:27.890+0000] {settings.py:475} DEBUG - Setting up DB connection pool (PID 461)
[2025-02-19T10:26:27.892+0000] {logging_mixin.py:190} INFO - [2025-02-19T10:26:27.892+0000] {settings.py:579} DEBUG - settings.prepare_engine_args(): Using pool settings. pool_size=5, max_overflow=10, pool_recycle=1800, pid=461
[2025-02-19T10:26:27.896+0000] {processor.py:186} INFO - Started process (PID=461) to work on /home/airflow/.local/lib/python3.12/site-packages/airflow/example_dags/example_branch_labels.py
[2025-02-19T10:26:27.896+0000] {processor.py:914} INFO - Processing file /home/airflow/.local/lib/python3.12/site-packages/airflow/example_dags/example_branch_labels.py for tasks to queue
[2025-02-19T10:26:27.897+0000] {logging_mixin.py:190} INFO - [2025-02-19T10:26:27.897+0000] {dagbag.py:587} INFO - Filling up the DagBag from /home/airflow/.local/lib/python3.12/site-packages/airflow/example_dags/example_branch_labels.py
[2025-02-19T10:26:27.898+0000] {logging_mixin.py:190} INFO - [2025-02-19T10:26:27.898+0000] {dagbag.py:368} DEBUG - Importing /home/airflow/.local/lib/python3.12/site-packages/airflow/example_dags/example_branch_labels.py
[2025-02-19T10:26:27.900+0000] {logging_mixin.py:190} INFO - [2025-02-19T10:26:27.900+0000] {GetText.py:50} DEBUG - Failed to find locale C
[2025-02-19T10:26:27.901+0000] {logging_mixin.py:190} INFO - [2025-02-19T10:26:27.900+0000] {GetText.py:51} DEBUG - Attempting to load en_US as fallback
[2025-02-19T10:26:27.901+0000] {logging_mixin.py:190} INFO - [2025-02-19T10:26:27.901+0000] {GetText.py:65} DEBUG - /home/airflow/.local/lib/python3.12/site-packages/cron_descriptor/locale/en_US.mo Loaded
[2025-02-19T10:26:27.904+0000] {logging_mixin.py:190} INFO - [2025-02-19T10:26:27.904+0000] {GetText.py:50} DEBUG - Failed to find locale C
[2025-02-19T10:26:27.904+0000] {logging_mixin.py:190} INFO - [2025-02-19T10:26:27.904+0000] {GetText.py:51} DEBUG - Attempting to load en_US as fallback
[2025-02-19T10:26:27.905+0000] {logging_mixin.py:190} INFO - [2025-02-19T10:26:27.904+0000] {GetText.py:65} DEBUG - /home/airflow/.local/lib/python3.12/site-packages/cron_descriptor/locale/en_US.mo Loaded
[2025-02-19T10:26:27.908+0000] {logging_mixin.py:190} INFO - [2025-02-19T10:26:27.907+0000] {dagbag.py:553} DEBUG - Loaded DAG <DAG: example_branch_labels>
[2025-02-19T10:26:27.908+0000] {processor.py:925} INFO - DAG(s) 'example_branch_labels' retrieved from /home/airflow/.local/lib/python3.12/site-packages/airflow/example_dags/example_branch_labels.py
[2025-02-19T10:26:27.909+0000] {logging_mixin.py:190} INFO - [2025-02-19T10:26:27.909+0000] {dagbag.py:710} DEBUG - Running dagbag.sync_to_db with retries. Try 1 of 3
[2025-02-19T10:26:27.909+0000] {logging_mixin.py:190} INFO - [2025-02-19T10:26:27.909+0000] {dagbag.py:715} DEBUG - Calling the DAG.bulk_sync_to_db method
[2025-02-19T10:26:27.920+0000] {logging_mixin.py:190} INFO - [2025-02-19T10:26:27.920+0000] {serialized_dag.py:168} DEBUG - Checking if DAG (example_branch_labels) changed
[2025-02-19T10:26:27.928+0000] {logging_mixin.py:190} INFO - [2025-02-19T10:26:27.928+0000] {serialized_dag.py:179} DEBUG - Serialized DAG (example_branch_labels) is unchanged. Skipping writing to DB
[2025-02-19T10:26:27.929+0000] {logging_mixin.py:190} INFO - [2025-02-19T10:26:27.928+0000] {dag.py:3229} INFO - Sync 1 DAGs
[2025-02-19T10:26:27.949+0000] {logging_mixin.py:190} INFO - [2025-02-19T10:26:27.949+0000] {dag.py:4156} INFO - Setting next_dagrun for example_branch_labels to 2025-02-18 00:00:00+00:00, run_after=2025-02-19 00:00:00+00:00
[2025-02-19T10:26:27.968+0000] {processor.py:208} INFO - Processing /home/airflow/.local/lib/python3.12/site-packages/airflow/example_dags/example_branch_labels.py took 0.078 seconds
