[2025-02-19T09:38:25.942+0000] {processor.py:186} INFO - Started process (PID=76) to work on /home/airflow/.local/lib/python3.12/site-packages/airflow/example_dags/example_display_name.py
[2025-02-19T09:38:25.943+0000] {processor.py:914} INFO - Processing file /home/airflow/.local/lib/python3.12/site-packages/airflow/example_dags/example_display_name.py for tasks to queue
[2025-02-19T09:38:25.945+0000] {logging_mixin.py:190} INFO - [2025-02-19T09:38:25.944+0000] {dagbag.py:587} INFO - Filling up the DagBag from /home/airflow/.local/lib/python3.12/site-packages/airflow/example_dags/example_display_name.py
[2025-02-19T09:38:25.952+0000] {processor.py:925} INFO - DAG(s) 'example_display_name' retrieved from /home/airflow/.local/lib/python3.12/site-packages/airflow/example_dags/example_display_name.py
[2025-02-19T09:38:25.975+0000] {logging_mixin.py:190} INFO - [2025-02-19T09:38:25.974+0000] {dag.py:3229} INFO - Sync 1 DAGs
[2025-02-19T09:38:25.988+0000] {logging_mixin.py:190} INFO - [2025-02-19T09:38:25.988+0000] {dag.py:4156} INFO - Setting next_dagrun for example_display_name to None, run_after=None
[2025-02-19T09:38:26.012+0000] {processor.py:208} INFO - Processing /home/airflow/.local/lib/python3.12/site-packages/airflow/example_dags/example_display_name.py took 0.074 seconds
[2025-02-19T09:38:56.649+0000] {processor.py:186} INFO - Started process (PID=144) to work on /home/airflow/.local/lib/python3.12/site-packages/airflow/example_dags/example_display_name.py
[2025-02-19T09:38:56.650+0000] {processor.py:914} INFO - Processing file /home/airflow/.local/lib/python3.12/site-packages/airflow/example_dags/example_display_name.py for tasks to queue
[2025-02-19T09:38:56.652+0000] {logging_mixin.py:190} INFO - [2025-02-19T09:38:56.651+0000] {dagbag.py:587} INFO - Filling up the DagBag from /home/airflow/.local/lib/python3.12/site-packages/airflow/example_dags/example_display_name.py
[2025-02-19T09:38:56.659+0000] {processor.py:925} INFO - DAG(s) 'example_display_name' retrieved from /home/airflow/.local/lib/python3.12/site-packages/airflow/example_dags/example_display_name.py
[2025-02-19T09:38:56.676+0000] {logging_mixin.py:190} INFO - [2025-02-19T09:38:56.676+0000] {dag.py:3229} INFO - Sync 1 DAGs
[2025-02-19T09:38:56.687+0000] {logging_mixin.py:190} INFO - [2025-02-19T09:38:56.687+0000] {dag.py:4156} INFO - Setting next_dagrun for example_display_name to None, run_after=None
[2025-02-19T09:38:56.702+0000] {processor.py:208} INFO - Processing /home/airflow/.local/lib/python3.12/site-packages/airflow/example_dags/example_display_name.py took 0.058 seconds
[2025-02-19T09:39:27.481+0000] {processor.py:186} INFO - Started process (PID=209) to work on /home/airflow/.local/lib/python3.12/site-packages/airflow/example_dags/example_display_name.py
[2025-02-19T09:39:27.482+0000] {processor.py:914} INFO - Processing file /home/airflow/.local/lib/python3.12/site-packages/airflow/example_dags/example_display_name.py for tasks to queue
[2025-02-19T09:39:27.483+0000] {logging_mixin.py:190} INFO - [2025-02-19T09:39:27.483+0000] {dagbag.py:587} INFO - Filling up the DagBag from /home/airflow/.local/lib/python3.12/site-packages/airflow/example_dags/example_display_name.py
[2025-02-19T09:39:27.489+0000] {processor.py:925} INFO - DAG(s) 'example_display_name' retrieved from /home/airflow/.local/lib/python3.12/site-packages/airflow/example_dags/example_display_name.py
[2025-02-19T09:39:27.507+0000] {logging_mixin.py:190} INFO - [2025-02-19T09:39:27.506+0000] {dag.py:3229} INFO - Sync 1 DAGs
[2025-02-19T09:39:27.518+0000] {logging_mixin.py:190} INFO - [2025-02-19T09:39:27.517+0000] {dag.py:4156} INFO - Setting next_dagrun for example_display_name to None, run_after=None
[2025-02-19T09:39:27.532+0000] {processor.py:208} INFO - Processing /home/airflow/.local/lib/python3.12/site-packages/airflow/example_dags/example_display_name.py took 0.055 seconds
[2025-02-19T09:39:57.640+0000] {processor.py:186} INFO - Started process (PID=273) to work on /home/airflow/.local/lib/python3.12/site-packages/airflow/example_dags/example_display_name.py
[2025-02-19T09:39:57.641+0000] {processor.py:914} INFO - Processing file /home/airflow/.local/lib/python3.12/site-packages/airflow/example_dags/example_display_name.py for tasks to queue
[2025-02-19T09:39:57.643+0000] {logging_mixin.py:190} INFO - [2025-02-19T09:39:57.642+0000] {dagbag.py:587} INFO - Filling up the DagBag from /home/airflow/.local/lib/python3.12/site-packages/airflow/example_dags/example_display_name.py
[2025-02-19T09:39:57.648+0000] {processor.py:925} INFO - DAG(s) 'example_display_name' retrieved from /home/airflow/.local/lib/python3.12/site-packages/airflow/example_dags/example_display_name.py
[2025-02-19T09:39:57.665+0000] {logging_mixin.py:190} INFO - [2025-02-19T09:39:57.665+0000] {dag.py:3229} INFO - Sync 1 DAGs
[2025-02-19T09:39:57.676+0000] {logging_mixin.py:190} INFO - [2025-02-19T09:39:57.676+0000] {dag.py:4156} INFO - Setting next_dagrun for example_display_name to None, run_after=None
[2025-02-19T09:39:57.688+0000] {processor.py:208} INFO - Processing /home/airflow/.local/lib/python3.12/site-packages/airflow/example_dags/example_display_name.py took 0.052 seconds
[2025-02-19T09:40:27.942+0000] {processor.py:186} INFO - Started process (PID=337) to work on /home/airflow/.local/lib/python3.12/site-packages/airflow/example_dags/example_display_name.py
[2025-02-19T09:40:27.944+0000] {processor.py:914} INFO - Processing file /home/airflow/.local/lib/python3.12/site-packages/airflow/example_dags/example_display_name.py for tasks to queue
[2025-02-19T09:40:27.946+0000] {logging_mixin.py:190} INFO - [2025-02-19T09:40:27.945+0000] {dagbag.py:587} INFO - Filling up the DagBag from /home/airflow/.local/lib/python3.12/site-packages/airflow/example_dags/example_display_name.py
[2025-02-19T09:40:27.952+0000] {processor.py:925} INFO - DAG(s) 'example_display_name' retrieved from /home/airflow/.local/lib/python3.12/site-packages/airflow/example_dags/example_display_name.py
[2025-02-19T09:40:27.969+0000] {logging_mixin.py:190} INFO - [2025-02-19T09:40:27.969+0000] {dag.py:3229} INFO - Sync 1 DAGs
[2025-02-19T09:40:27.981+0000] {logging_mixin.py:190} INFO - [2025-02-19T09:40:27.981+0000] {dag.py:4156} INFO - Setting next_dagrun for example_display_name to None, run_after=None
[2025-02-19T09:40:27.995+0000] {processor.py:208} INFO - Processing /home/airflow/.local/lib/python3.12/site-packages/airflow/example_dags/example_display_name.py took 0.058 seconds
[2025-02-19T09:40:58.229+0000] {processor.py:186} INFO - Started process (PID=401) to work on /home/airflow/.local/lib/python3.12/site-packages/airflow/example_dags/example_display_name.py
[2025-02-19T09:40:58.230+0000] {processor.py:914} INFO - Processing file /home/airflow/.local/lib/python3.12/site-packages/airflow/example_dags/example_display_name.py for tasks to queue
[2025-02-19T09:40:58.232+0000] {logging_mixin.py:190} INFO - [2025-02-19T09:40:58.232+0000] {dagbag.py:587} INFO - Filling up the DagBag from /home/airflow/.local/lib/python3.12/site-packages/airflow/example_dags/example_display_name.py
[2025-02-19T09:40:58.238+0000] {processor.py:925} INFO - DAG(s) 'example_display_name' retrieved from /home/airflow/.local/lib/python3.12/site-packages/airflow/example_dags/example_display_name.py
[2025-02-19T09:40:58.253+0000] {logging_mixin.py:190} INFO - [2025-02-19T09:40:58.253+0000] {dag.py:3229} INFO - Sync 1 DAGs
[2025-02-19T09:40:58.265+0000] {logging_mixin.py:190} INFO - [2025-02-19T09:40:58.265+0000] {dag.py:4156} INFO - Setting next_dagrun for example_display_name to None, run_after=None
[2025-02-19T09:40:58.278+0000] {processor.py:208} INFO - Processing /home/airflow/.local/lib/python3.12/site-packages/airflow/example_dags/example_display_name.py took 0.053 seconds
[2025-02-19T09:41:28.477+0000] {processor.py:186} INFO - Started process (PID=465) to work on /home/airflow/.local/lib/python3.12/site-packages/airflow/example_dags/example_display_name.py
[2025-02-19T09:41:28.478+0000] {processor.py:914} INFO - Processing file /home/airflow/.local/lib/python3.12/site-packages/airflow/example_dags/example_display_name.py for tasks to queue
[2025-02-19T09:41:28.480+0000] {logging_mixin.py:190} INFO - [2025-02-19T09:41:28.480+0000] {dagbag.py:587} INFO - Filling up the DagBag from /home/airflow/.local/lib/python3.12/site-packages/airflow/example_dags/example_display_name.py
[2025-02-19T09:41:28.487+0000] {processor.py:925} INFO - DAG(s) 'example_display_name' retrieved from /home/airflow/.local/lib/python3.12/site-packages/airflow/example_dags/example_display_name.py
[2025-02-19T09:41:28.506+0000] {logging_mixin.py:190} INFO - [2025-02-19T09:41:28.505+0000] {dag.py:3229} INFO - Sync 1 DAGs
[2025-02-19T09:41:28.519+0000] {logging_mixin.py:190} INFO - [2025-02-19T09:41:28.518+0000] {dag.py:4156} INFO - Setting next_dagrun for example_display_name to None, run_after=None
[2025-02-19T09:41:28.534+0000] {processor.py:208} INFO - Processing /home/airflow/.local/lib/python3.12/site-packages/airflow/example_dags/example_display_name.py took 0.062 seconds
[2025-02-19T09:41:58.644+0000] {processor.py:186} INFO - Started process (PID=529) to work on /home/airflow/.local/lib/python3.12/site-packages/airflow/example_dags/example_display_name.py
[2025-02-19T09:41:58.645+0000] {processor.py:914} INFO - Processing file /home/airflow/.local/lib/python3.12/site-packages/airflow/example_dags/example_display_name.py for tasks to queue
[2025-02-19T09:41:58.646+0000] {logging_mixin.py:190} INFO - [2025-02-19T09:41:58.646+0000] {dagbag.py:587} INFO - Filling up the DagBag from /home/airflow/.local/lib/python3.12/site-packages/airflow/example_dags/example_display_name.py
[2025-02-19T09:41:58.652+0000] {processor.py:925} INFO - DAG(s) 'example_display_name' retrieved from /home/airflow/.local/lib/python3.12/site-packages/airflow/example_dags/example_display_name.py
[2025-02-19T09:41:58.669+0000] {logging_mixin.py:190} INFO - [2025-02-19T09:41:58.669+0000] {dag.py:3229} INFO - Sync 1 DAGs
[2025-02-19T09:41:58.680+0000] {logging_mixin.py:190} INFO - [2025-02-19T09:41:58.680+0000] {dag.py:4156} INFO - Setting next_dagrun for example_display_name to None, run_after=None
[2025-02-19T09:41:58.694+0000] {processor.py:208} INFO - Processing /home/airflow/.local/lib/python3.12/site-packages/airflow/example_dags/example_display_name.py took 0.054 seconds
[2025-02-19T09:42:28.803+0000] {processor.py:186} INFO - Started process (PID=593) to work on /home/airflow/.local/lib/python3.12/site-packages/airflow/example_dags/example_display_name.py
[2025-02-19T09:42:28.804+0000] {processor.py:914} INFO - Processing file /home/airflow/.local/lib/python3.12/site-packages/airflow/example_dags/example_display_name.py for tasks to queue
[2025-02-19T09:42:28.806+0000] {logging_mixin.py:190} INFO - [2025-02-19T09:42:28.806+0000] {dagbag.py:587} INFO - Filling up the DagBag from /home/airflow/.local/lib/python3.12/site-packages/airflow/example_dags/example_display_name.py
[2025-02-19T09:42:28.812+0000] {processor.py:925} INFO - DAG(s) 'example_display_name' retrieved from /home/airflow/.local/lib/python3.12/site-packages/airflow/example_dags/example_display_name.py
[2025-02-19T09:42:28.831+0000] {logging_mixin.py:190} INFO - [2025-02-19T09:42:28.830+0000] {dag.py:3229} INFO - Sync 1 DAGs
[2025-02-19T09:42:28.844+0000] {logging_mixin.py:190} INFO - [2025-02-19T09:42:28.844+0000] {dag.py:4156} INFO - Setting next_dagrun for example_display_name to None, run_after=None
[2025-02-19T09:42:28.859+0000] {processor.py:208} INFO - Processing /home/airflow/.local/lib/python3.12/site-packages/airflow/example_dags/example_display_name.py took 0.060 seconds
[2025-02-19T09:42:58.970+0000] {processor.py:186} INFO - Started process (PID=657) to work on /home/airflow/.local/lib/python3.12/site-packages/airflow/example_dags/example_display_name.py
[2025-02-19T09:42:58.972+0000] {processor.py:914} INFO - Processing file /home/airflow/.local/lib/python3.12/site-packages/airflow/example_dags/example_display_name.py for tasks to queue
[2025-02-19T09:42:58.973+0000] {logging_mixin.py:190} INFO - [2025-02-19T09:42:58.973+0000] {dagbag.py:587} INFO - Filling up the DagBag from /home/airflow/.local/lib/python3.12/site-packages/airflow/example_dags/example_display_name.py
[2025-02-19T09:42:58.980+0000] {processor.py:925} INFO - DAG(s) 'example_display_name' retrieved from /home/airflow/.local/lib/python3.12/site-packages/airflow/example_dags/example_display_name.py
[2025-02-19T09:42:58.996+0000] {logging_mixin.py:190} INFO - [2025-02-19T09:42:58.995+0000] {dag.py:3229} INFO - Sync 1 DAGs
[2025-02-19T09:42:59.007+0000] {logging_mixin.py:190} INFO - [2025-02-19T09:42:59.007+0000] {dag.py:4156} INFO - Setting next_dagrun for example_display_name to None, run_after=None
[2025-02-19T09:42:59.023+0000] {processor.py:208} INFO - Processing /home/airflow/.local/lib/python3.12/site-packages/airflow/example_dags/example_display_name.py took 0.057 seconds
[2025-02-19T09:43:30.147+0000] {processor.py:186} INFO - Started process (PID=721) to work on /home/airflow/.local/lib/python3.12/site-packages/airflow/example_dags/example_display_name.py
[2025-02-19T09:43:30.148+0000] {processor.py:914} INFO - Processing file /home/airflow/.local/lib/python3.12/site-packages/airflow/example_dags/example_display_name.py for tasks to queue
[2025-02-19T09:43:30.150+0000] {logging_mixin.py:190} INFO - [2025-02-19T09:43:30.150+0000] {dagbag.py:587} INFO - Filling up the DagBag from /home/airflow/.local/lib/python3.12/site-packages/airflow/example_dags/example_display_name.py
[2025-02-19T09:43:30.156+0000] {processor.py:925} INFO - DAG(s) 'example_display_name' retrieved from /home/airflow/.local/lib/python3.12/site-packages/airflow/example_dags/example_display_name.py
[2025-02-19T09:43:30.173+0000] {logging_mixin.py:190} INFO - [2025-02-19T09:43:30.172+0000] {dag.py:3229} INFO - Sync 1 DAGs
[2025-02-19T09:43:30.185+0000] {logging_mixin.py:190} INFO - [2025-02-19T09:43:30.185+0000] {dag.py:4156} INFO - Setting next_dagrun for example_display_name to None, run_after=None
[2025-02-19T09:43:30.202+0000] {processor.py:208} INFO - Processing /home/airflow/.local/lib/python3.12/site-packages/airflow/example_dags/example_display_name.py took 0.059 seconds
[2025-02-19T09:44:00.522+0000] {processor.py:186} INFO - Started process (PID=785) to work on /home/airflow/.local/lib/python3.12/site-packages/airflow/example_dags/example_display_name.py
[2025-02-19T09:44:00.523+0000] {processor.py:914} INFO - Processing file /home/airflow/.local/lib/python3.12/site-packages/airflow/example_dags/example_display_name.py for tasks to queue
[2025-02-19T09:44:00.525+0000] {logging_mixin.py:190} INFO - [2025-02-19T09:44:00.525+0000] {dagbag.py:587} INFO - Filling up the DagBag from /home/airflow/.local/lib/python3.12/site-packages/airflow/example_dags/example_display_name.py
[2025-02-19T09:44:00.532+0000] {processor.py:925} INFO - DAG(s) 'example_display_name' retrieved from /home/airflow/.local/lib/python3.12/site-packages/airflow/example_dags/example_display_name.py
[2025-02-19T09:44:00.549+0000] {logging_mixin.py:190} INFO - [2025-02-19T09:44:00.549+0000] {dag.py:3229} INFO - Sync 1 DAGs
[2025-02-19T09:44:00.562+0000] {logging_mixin.py:190} INFO - [2025-02-19T09:44:00.561+0000] {dag.py:4156} INFO - Setting next_dagrun for example_display_name to None, run_after=None
[2025-02-19T09:44:00.581+0000] {processor.py:208} INFO - Processing /home/airflow/.local/lib/python3.12/site-packages/airflow/example_dags/example_display_name.py took 0.063 seconds
[2025-02-19T09:44:30.713+0000] {processor.py:186} INFO - Started process (PID=849) to work on /home/airflow/.local/lib/python3.12/site-packages/airflow/example_dags/example_display_name.py
[2025-02-19T09:44:30.714+0000] {processor.py:914} INFO - Processing file /home/airflow/.local/lib/python3.12/site-packages/airflow/example_dags/example_display_name.py for tasks to queue
[2025-02-19T09:44:30.716+0000] {logging_mixin.py:190} INFO - [2025-02-19T09:44:30.716+0000] {dagbag.py:587} INFO - Filling up the DagBag from /home/airflow/.local/lib/python3.12/site-packages/airflow/example_dags/example_display_name.py
[2025-02-19T09:44:30.722+0000] {processor.py:925} INFO - DAG(s) 'example_display_name' retrieved from /home/airflow/.local/lib/python3.12/site-packages/airflow/example_dags/example_display_name.py
[2025-02-19T09:44:30.741+0000] {logging_mixin.py:190} INFO - [2025-02-19T09:44:30.740+0000] {dag.py:3229} INFO - Sync 1 DAGs
[2025-02-19T09:44:30.752+0000] {logging_mixin.py:190} INFO - [2025-02-19T09:44:30.752+0000] {dag.py:4156} INFO - Setting next_dagrun for example_display_name to None, run_after=None
[2025-02-19T09:44:30.770+0000] {processor.py:208} INFO - Processing /home/airflow/.local/lib/python3.12/site-packages/airflow/example_dags/example_display_name.py took 0.062 seconds
[2025-02-19T09:45:00.934+0000] {processor.py:186} INFO - Started process (PID=913) to work on /home/airflow/.local/lib/python3.12/site-packages/airflow/example_dags/example_display_name.py
[2025-02-19T09:45:00.935+0000] {processor.py:914} INFO - Processing file /home/airflow/.local/lib/python3.12/site-packages/airflow/example_dags/example_display_name.py for tasks to queue
[2025-02-19T09:45:00.938+0000] {logging_mixin.py:190} INFO - [2025-02-19T09:45:00.937+0000] {dagbag.py:587} INFO - Filling up the DagBag from /home/airflow/.local/lib/python3.12/site-packages/airflow/example_dags/example_display_name.py
[2025-02-19T09:45:00.944+0000] {processor.py:925} INFO - DAG(s) 'example_display_name' retrieved from /home/airflow/.local/lib/python3.12/site-packages/airflow/example_dags/example_display_name.py
[2025-02-19T09:45:00.962+0000] {logging_mixin.py:190} INFO - [2025-02-19T09:45:00.962+0000] {dag.py:3229} INFO - Sync 1 DAGs
[2025-02-19T09:45:00.975+0000] {logging_mixin.py:190} INFO - [2025-02-19T09:45:00.975+0000] {dag.py:4156} INFO - Setting next_dagrun for example_display_name to None, run_after=None
[2025-02-19T09:45:00.994+0000] {processor.py:208} INFO - Processing /home/airflow/.local/lib/python3.12/site-packages/airflow/example_dags/example_display_name.py took 0.064 seconds
[2025-02-19T09:45:31.129+0000] {processor.py:186} INFO - Started process (PID=977) to work on /home/airflow/.local/lib/python3.12/site-packages/airflow/example_dags/example_display_name.py
[2025-02-19T09:45:31.130+0000] {processor.py:914} INFO - Processing file /home/airflow/.local/lib/python3.12/site-packages/airflow/example_dags/example_display_name.py for tasks to queue
[2025-02-19T09:45:31.132+0000] {logging_mixin.py:190} INFO - [2025-02-19T09:45:31.132+0000] {dagbag.py:587} INFO - Filling up the DagBag from /home/airflow/.local/lib/python3.12/site-packages/airflow/example_dags/example_display_name.py
[2025-02-19T09:45:31.139+0000] {processor.py:925} INFO - DAG(s) 'example_display_name' retrieved from /home/airflow/.local/lib/python3.12/site-packages/airflow/example_dags/example_display_name.py
[2025-02-19T09:45:31.156+0000] {logging_mixin.py:190} INFO - [2025-02-19T09:45:31.155+0000] {dag.py:3229} INFO - Sync 1 DAGs
[2025-02-19T09:45:31.169+0000] {logging_mixin.py:190} INFO - [2025-02-19T09:45:31.168+0000] {dag.py:4156} INFO - Setting next_dagrun for example_display_name to None, run_after=None
[2025-02-19T09:45:31.188+0000] {processor.py:208} INFO - Processing /home/airflow/.local/lib/python3.12/site-packages/airflow/example_dags/example_display_name.py took 0.063 seconds
[2025-02-19T09:46:01.355+0000] {processor.py:186} INFO - Started process (PID=1041) to work on /home/airflow/.local/lib/python3.12/site-packages/airflow/example_dags/example_display_name.py
[2025-02-19T09:46:01.356+0000] {processor.py:914} INFO - Processing file /home/airflow/.local/lib/python3.12/site-packages/airflow/example_dags/example_display_name.py for tasks to queue
[2025-02-19T09:46:01.358+0000] {logging_mixin.py:190} INFO - [2025-02-19T09:46:01.357+0000] {dagbag.py:587} INFO - Filling up the DagBag from /home/airflow/.local/lib/python3.12/site-packages/airflow/example_dags/example_display_name.py
[2025-02-19T09:46:01.363+0000] {processor.py:925} INFO - DAG(s) 'example_display_name' retrieved from /home/airflow/.local/lib/python3.12/site-packages/airflow/example_dags/example_display_name.py
[2025-02-19T09:46:01.379+0000] {logging_mixin.py:190} INFO - [2025-02-19T09:46:01.378+0000] {dag.py:3229} INFO - Sync 1 DAGs
[2025-02-19T09:46:01.388+0000] {logging_mixin.py:190} INFO - [2025-02-19T09:46:01.388+0000] {dag.py:4156} INFO - Setting next_dagrun for example_display_name to None, run_after=None
[2025-02-19T09:46:01.402+0000] {processor.py:208} INFO - Processing /home/airflow/.local/lib/python3.12/site-packages/airflow/example_dags/example_display_name.py took 0.051 seconds
[2025-02-19T09:46:32.203+0000] {processor.py:186} INFO - Started process (PID=1105) to work on /home/airflow/.local/lib/python3.12/site-packages/airflow/example_dags/example_display_name.py
[2025-02-19T09:46:32.204+0000] {processor.py:914} INFO - Processing file /home/airflow/.local/lib/python3.12/site-packages/airflow/example_dags/example_display_name.py for tasks to queue
[2025-02-19T09:46:32.206+0000] {logging_mixin.py:190} INFO - [2025-02-19T09:46:32.205+0000] {dagbag.py:587} INFO - Filling up the DagBag from /home/airflow/.local/lib/python3.12/site-packages/airflow/example_dags/example_display_name.py
[2025-02-19T09:46:32.211+0000] {processor.py:925} INFO - DAG(s) 'example_display_name' retrieved from /home/airflow/.local/lib/python3.12/site-packages/airflow/example_dags/example_display_name.py
[2025-02-19T09:46:32.228+0000] {logging_mixin.py:190} INFO - [2025-02-19T09:46:32.228+0000] {dag.py:3229} INFO - Sync 1 DAGs
[2025-02-19T09:46:32.240+0000] {logging_mixin.py:190} INFO - [2025-02-19T09:46:32.240+0000] {dag.py:4156} INFO - Setting next_dagrun for example_display_name to None, run_after=None
[2025-02-19T09:46:32.255+0000] {processor.py:208} INFO - Processing /home/airflow/.local/lib/python3.12/site-packages/airflow/example_dags/example_display_name.py took 0.057 seconds
[2025-02-19T09:47:03.035+0000] {processor.py:186} INFO - Started process (PID=1169) to work on /home/airflow/.local/lib/python3.12/site-packages/airflow/example_dags/example_display_name.py
[2025-02-19T09:47:03.036+0000] {processor.py:914} INFO - Processing file /home/airflow/.local/lib/python3.12/site-packages/airflow/example_dags/example_display_name.py for tasks to queue
[2025-02-19T09:47:03.038+0000] {logging_mixin.py:190} INFO - [2025-02-19T09:47:03.038+0000] {dagbag.py:587} INFO - Filling up the DagBag from /home/airflow/.local/lib/python3.12/site-packages/airflow/example_dags/example_display_name.py
[2025-02-19T09:47:03.045+0000] {processor.py:925} INFO - DAG(s) 'example_display_name' retrieved from /home/airflow/.local/lib/python3.12/site-packages/airflow/example_dags/example_display_name.py
[2025-02-19T09:47:03.061+0000] {logging_mixin.py:190} INFO - [2025-02-19T09:47:03.060+0000] {dag.py:3229} INFO - Sync 1 DAGs
[2025-02-19T09:47:03.073+0000] {logging_mixin.py:190} INFO - [2025-02-19T09:47:03.073+0000] {dag.py:4156} INFO - Setting next_dagrun for example_display_name to None, run_after=None
[2025-02-19T09:47:03.091+0000] {processor.py:208} INFO - Processing /home/airflow/.local/lib/python3.12/site-packages/airflow/example_dags/example_display_name.py took 0.060 seconds
[2025-02-19T09:47:33.484+0000] {processor.py:186} INFO - Started process (PID=1233) to work on /home/airflow/.local/lib/python3.12/site-packages/airflow/example_dags/example_display_name.py
[2025-02-19T09:47:33.485+0000] {processor.py:914} INFO - Processing file /home/airflow/.local/lib/python3.12/site-packages/airflow/example_dags/example_display_name.py for tasks to queue
[2025-02-19T09:47:33.487+0000] {logging_mixin.py:190} INFO - [2025-02-19T09:47:33.487+0000] {dagbag.py:587} INFO - Filling up the DagBag from /home/airflow/.local/lib/python3.12/site-packages/airflow/example_dags/example_display_name.py
[2025-02-19T09:47:33.494+0000] {processor.py:925} INFO - DAG(s) 'example_display_name' retrieved from /home/airflow/.local/lib/python3.12/site-packages/airflow/example_dags/example_display_name.py
[2025-02-19T09:47:33.514+0000] {logging_mixin.py:190} INFO - [2025-02-19T09:47:33.513+0000] {dag.py:3229} INFO - Sync 1 DAGs
[2025-02-19T09:47:33.528+0000] {logging_mixin.py:190} INFO - [2025-02-19T09:47:33.528+0000] {dag.py:4156} INFO - Setting next_dagrun for example_display_name to None, run_after=None
[2025-02-19T09:47:33.544+0000] {processor.py:208} INFO - Processing /home/airflow/.local/lib/python3.12/site-packages/airflow/example_dags/example_display_name.py took 0.065 seconds
[2025-02-19T09:48:03.905+0000] {processor.py:186} INFO - Started process (PID=1298) to work on /home/airflow/.local/lib/python3.12/site-packages/airflow/example_dags/example_display_name.py
[2025-02-19T09:48:03.907+0000] {processor.py:914} INFO - Processing file /home/airflow/.local/lib/python3.12/site-packages/airflow/example_dags/example_display_name.py for tasks to queue
[2025-02-19T09:48:03.909+0000] {logging_mixin.py:190} INFO - [2025-02-19T09:48:03.908+0000] {dagbag.py:587} INFO - Filling up the DagBag from /home/airflow/.local/lib/python3.12/site-packages/airflow/example_dags/example_display_name.py
[2025-02-19T09:48:03.916+0000] {processor.py:925} INFO - DAG(s) 'example_display_name' retrieved from /home/airflow/.local/lib/python3.12/site-packages/airflow/example_dags/example_display_name.py
[2025-02-19T09:48:03.935+0000] {logging_mixin.py:190} INFO - [2025-02-19T09:48:03.935+0000] {dag.py:3229} INFO - Sync 1 DAGs
[2025-02-19T09:48:03.948+0000] {logging_mixin.py:190} INFO - [2025-02-19T09:48:03.947+0000] {dag.py:4156} INFO - Setting next_dagrun for example_display_name to None, run_after=None
[2025-02-19T09:48:03.963+0000] {processor.py:208} INFO - Processing /home/airflow/.local/lib/python3.12/site-packages/airflow/example_dags/example_display_name.py took 0.062 seconds
[2025-02-19T09:48:34.035+0000] {processor.py:186} INFO - Started process (PID=1362) to work on /home/airflow/.local/lib/python3.12/site-packages/airflow/example_dags/example_display_name.py
[2025-02-19T09:48:34.036+0000] {processor.py:914} INFO - Processing file /home/airflow/.local/lib/python3.12/site-packages/airflow/example_dags/example_display_name.py for tasks to queue
[2025-02-19T09:48:34.038+0000] {logging_mixin.py:190} INFO - [2025-02-19T09:48:34.038+0000] {dagbag.py:587} INFO - Filling up the DagBag from /home/airflow/.local/lib/python3.12/site-packages/airflow/example_dags/example_display_name.py
[2025-02-19T09:48:34.044+0000] {processor.py:925} INFO - DAG(s) 'example_display_name' retrieved from /home/airflow/.local/lib/python3.12/site-packages/airflow/example_dags/example_display_name.py
[2025-02-19T09:48:34.064+0000] {logging_mixin.py:190} INFO - [2025-02-19T09:48:34.064+0000] {dag.py:3229} INFO - Sync 1 DAGs
[2025-02-19T09:48:34.077+0000] {logging_mixin.py:190} INFO - [2025-02-19T09:48:34.077+0000] {dag.py:4156} INFO - Setting next_dagrun for example_display_name to None, run_after=None
[2025-02-19T09:48:34.092+0000] {processor.py:208} INFO - Processing /home/airflow/.local/lib/python3.12/site-packages/airflow/example_dags/example_display_name.py took 0.063 seconds
[2025-02-19T09:49:04.960+0000] {processor.py:186} INFO - Started process (PID=1426) to work on /home/airflow/.local/lib/python3.12/site-packages/airflow/example_dags/example_display_name.py
[2025-02-19T09:49:04.961+0000] {processor.py:914} INFO - Processing file /home/airflow/.local/lib/python3.12/site-packages/airflow/example_dags/example_display_name.py for tasks to queue
[2025-02-19T09:49:04.963+0000] {logging_mixin.py:190} INFO - [2025-02-19T09:49:04.963+0000] {dagbag.py:587} INFO - Filling up the DagBag from /home/airflow/.local/lib/python3.12/site-packages/airflow/example_dags/example_display_name.py
[2025-02-19T09:49:04.969+0000] {processor.py:925} INFO - DAG(s) 'example_display_name' retrieved from /home/airflow/.local/lib/python3.12/site-packages/airflow/example_dags/example_display_name.py
[2025-02-19T09:49:04.985+0000] {logging_mixin.py:190} INFO - [2025-02-19T09:49:04.985+0000] {dag.py:3229} INFO - Sync 1 DAGs
[2025-02-19T09:49:04.997+0000] {logging_mixin.py:190} INFO - [2025-02-19T09:49:04.997+0000] {dag.py:4156} INFO - Setting next_dagrun for example_display_name to None, run_after=None
[2025-02-19T09:49:05.015+0000] {processor.py:208} INFO - Processing /home/airflow/.local/lib/python3.12/site-packages/airflow/example_dags/example_display_name.py took 0.060 seconds
[2025-02-19T09:49:35.887+0000] {processor.py:186} INFO - Started process (PID=1490) to work on /home/airflow/.local/lib/python3.12/site-packages/airflow/example_dags/example_display_name.py
[2025-02-19T09:49:35.888+0000] {processor.py:914} INFO - Processing file /home/airflow/.local/lib/python3.12/site-packages/airflow/example_dags/example_display_name.py for tasks to queue
[2025-02-19T09:49:35.890+0000] {logging_mixin.py:190} INFO - [2025-02-19T09:49:35.889+0000] {dagbag.py:587} INFO - Filling up the DagBag from /home/airflow/.local/lib/python3.12/site-packages/airflow/example_dags/example_display_name.py
[2025-02-19T09:49:35.895+0000] {processor.py:925} INFO - DAG(s) 'example_display_name' retrieved from /home/airflow/.local/lib/python3.12/site-packages/airflow/example_dags/example_display_name.py
[2025-02-19T09:49:35.913+0000] {logging_mixin.py:190} INFO - [2025-02-19T09:49:35.913+0000] {dag.py:3229} INFO - Sync 1 DAGs
[2025-02-19T09:49:35.926+0000] {logging_mixin.py:190} INFO - [2025-02-19T09:49:35.925+0000] {dag.py:4156} INFO - Setting next_dagrun for example_display_name to None, run_after=None
[2025-02-19T09:49:35.943+0000] {processor.py:208} INFO - Processing /home/airflow/.local/lib/python3.12/site-packages/airflow/example_dags/example_display_name.py took 0.061 seconds
[2025-02-19T09:50:06.143+0000] {processor.py:186} INFO - Started process (PID=1554) to work on /home/airflow/.local/lib/python3.12/site-packages/airflow/example_dags/example_display_name.py
[2025-02-19T09:50:06.144+0000] {processor.py:914} INFO - Processing file /home/airflow/.local/lib/python3.12/site-packages/airflow/example_dags/example_display_name.py for tasks to queue
[2025-02-19T09:50:06.147+0000] {logging_mixin.py:190} INFO - [2025-02-19T09:50:06.146+0000] {dagbag.py:587} INFO - Filling up the DagBag from /home/airflow/.local/lib/python3.12/site-packages/airflow/example_dags/example_display_name.py
[2025-02-19T09:50:06.153+0000] {processor.py:925} INFO - DAG(s) 'example_display_name' retrieved from /home/airflow/.local/lib/python3.12/site-packages/airflow/example_dags/example_display_name.py
[2025-02-19T09:50:06.173+0000] {logging_mixin.py:190} INFO - [2025-02-19T09:50:06.173+0000] {dag.py:3229} INFO - Sync 1 DAGs
[2025-02-19T09:50:06.187+0000] {logging_mixin.py:190} INFO - [2025-02-19T09:50:06.187+0000] {dag.py:4156} INFO - Setting next_dagrun for example_display_name to None, run_after=None
[2025-02-19T09:50:06.205+0000] {processor.py:208} INFO - Processing /home/airflow/.local/lib/python3.12/site-packages/airflow/example_dags/example_display_name.py took 0.066 seconds
[2025-02-19T09:50:36.367+0000] {processor.py:186} INFO - Started process (PID=1618) to work on /home/airflow/.local/lib/python3.12/site-packages/airflow/example_dags/example_display_name.py
[2025-02-19T09:50:36.368+0000] {processor.py:914} INFO - Processing file /home/airflow/.local/lib/python3.12/site-packages/airflow/example_dags/example_display_name.py for tasks to queue
[2025-02-19T09:50:36.370+0000] {logging_mixin.py:190} INFO - [2025-02-19T09:50:36.369+0000] {dagbag.py:587} INFO - Filling up the DagBag from /home/airflow/.local/lib/python3.12/site-packages/airflow/example_dags/example_display_name.py
[2025-02-19T09:50:36.375+0000] {processor.py:925} INFO - DAG(s) 'example_display_name' retrieved from /home/airflow/.local/lib/python3.12/site-packages/airflow/example_dags/example_display_name.py
[2025-02-19T09:50:36.393+0000] {logging_mixin.py:190} INFO - [2025-02-19T09:50:36.393+0000] {dag.py:3229} INFO - Sync 1 DAGs
[2025-02-19T09:50:36.406+0000] {logging_mixin.py:190} INFO - [2025-02-19T09:50:36.405+0000] {dag.py:4156} INFO - Setting next_dagrun for example_display_name to None, run_after=None
[2025-02-19T09:50:36.424+0000] {processor.py:208} INFO - Processing /home/airflow/.local/lib/python3.12/site-packages/airflow/example_dags/example_display_name.py took 0.061 seconds
[2025-02-19T09:51:07.016+0000] {processor.py:186} INFO - Started process (PID=1682) to work on /home/airflow/.local/lib/python3.12/site-packages/airflow/example_dags/example_display_name.py
[2025-02-19T09:51:07.017+0000] {processor.py:914} INFO - Processing file /home/airflow/.local/lib/python3.12/site-packages/airflow/example_dags/example_display_name.py for tasks to queue
[2025-02-19T09:51:07.019+0000] {logging_mixin.py:190} INFO - [2025-02-19T09:51:07.019+0000] {dagbag.py:587} INFO - Filling up the DagBag from /home/airflow/.local/lib/python3.12/site-packages/airflow/example_dags/example_display_name.py
[2025-02-19T09:51:07.027+0000] {processor.py:925} INFO - DAG(s) 'example_display_name' retrieved from /home/airflow/.local/lib/python3.12/site-packages/airflow/example_dags/example_display_name.py
[2025-02-19T09:51:07.044+0000] {logging_mixin.py:190} INFO - [2025-02-19T09:51:07.044+0000] {dag.py:3229} INFO - Sync 1 DAGs
[2025-02-19T09:51:07.057+0000] {logging_mixin.py:190} INFO - [2025-02-19T09:51:07.057+0000] {dag.py:4156} INFO - Setting next_dagrun for example_display_name to None, run_after=None
[2025-02-19T09:51:07.073+0000] {processor.py:208} INFO - Processing /home/airflow/.local/lib/python3.12/site-packages/airflow/example_dags/example_display_name.py took 0.062 seconds
[2025-02-19T09:51:37.167+0000] {processor.py:186} INFO - Started process (PID=1746) to work on /home/airflow/.local/lib/python3.12/site-packages/airflow/example_dags/example_display_name.py
[2025-02-19T09:51:37.169+0000] {processor.py:914} INFO - Processing file /home/airflow/.local/lib/python3.12/site-packages/airflow/example_dags/example_display_name.py for tasks to queue
[2025-02-19T09:51:37.171+0000] {logging_mixin.py:190} INFO - [2025-02-19T09:51:37.170+0000] {dagbag.py:587} INFO - Filling up the DagBag from /home/airflow/.local/lib/python3.12/site-packages/airflow/example_dags/example_display_name.py
[2025-02-19T09:51:37.177+0000] {processor.py:925} INFO - DAG(s) 'example_display_name' retrieved from /home/airflow/.local/lib/python3.12/site-packages/airflow/example_dags/example_display_name.py
[2025-02-19T09:51:37.197+0000] {logging_mixin.py:190} INFO - [2025-02-19T09:51:37.196+0000] {dag.py:3229} INFO - Sync 1 DAGs
[2025-02-19T09:51:37.209+0000] {logging_mixin.py:190} INFO - [2025-02-19T09:51:37.209+0000] {dag.py:4156} INFO - Setting next_dagrun for example_display_name to None, run_after=None
[2025-02-19T09:51:37.225+0000] {processor.py:208} INFO - Processing /home/airflow/.local/lib/python3.12/site-packages/airflow/example_dags/example_display_name.py took 0.063 seconds
[2025-02-19T09:52:07.364+0000] {processor.py:186} INFO - Started process (PID=1810) to work on /home/airflow/.local/lib/python3.12/site-packages/airflow/example_dags/example_display_name.py
[2025-02-19T09:52:07.365+0000] {processor.py:914} INFO - Processing file /home/airflow/.local/lib/python3.12/site-packages/airflow/example_dags/example_display_name.py for tasks to queue
[2025-02-19T09:52:07.368+0000] {logging_mixin.py:190} INFO - [2025-02-19T09:52:07.367+0000] {dagbag.py:587} INFO - Filling up the DagBag from /home/airflow/.local/lib/python3.12/site-packages/airflow/example_dags/example_display_name.py
[2025-02-19T09:52:07.374+0000] {processor.py:925} INFO - DAG(s) 'example_display_name' retrieved from /home/airflow/.local/lib/python3.12/site-packages/airflow/example_dags/example_display_name.py
[2025-02-19T09:52:07.391+0000] {logging_mixin.py:190} INFO - [2025-02-19T09:52:07.390+0000] {dag.py:3229} INFO - Sync 1 DAGs
[2025-02-19T09:52:07.403+0000] {logging_mixin.py:190} INFO - [2025-02-19T09:52:07.403+0000] {dag.py:4156} INFO - Setting next_dagrun for example_display_name to None, run_after=None
[2025-02-19T09:52:07.420+0000] {processor.py:208} INFO - Processing /home/airflow/.local/lib/python3.12/site-packages/airflow/example_dags/example_display_name.py took 0.060 seconds
[2025-02-19T09:52:37.645+0000] {processor.py:186} INFO - Started process (PID=1874) to work on /home/airflow/.local/lib/python3.12/site-packages/airflow/example_dags/example_display_name.py
[2025-02-19T09:52:37.646+0000] {processor.py:914} INFO - Processing file /home/airflow/.local/lib/python3.12/site-packages/airflow/example_dags/example_display_name.py for tasks to queue
[2025-02-19T09:52:37.648+0000] {logging_mixin.py:190} INFO - [2025-02-19T09:52:37.648+0000] {dagbag.py:587} INFO - Filling up the DagBag from /home/airflow/.local/lib/python3.12/site-packages/airflow/example_dags/example_display_name.py
[2025-02-19T09:52:37.654+0000] {processor.py:925} INFO - DAG(s) 'example_display_name' retrieved from /home/airflow/.local/lib/python3.12/site-packages/airflow/example_dags/example_display_name.py
[2025-02-19T09:52:37.671+0000] {logging_mixin.py:190} INFO - [2025-02-19T09:52:37.670+0000] {dag.py:3229} INFO - Sync 1 DAGs
[2025-02-19T09:52:37.684+0000] {logging_mixin.py:190} INFO - [2025-02-19T09:52:37.683+0000] {dag.py:4156} INFO - Setting next_dagrun for example_display_name to None, run_after=None
[2025-02-19T09:52:37.698+0000] {processor.py:208} INFO - Processing /home/airflow/.local/lib/python3.12/site-packages/airflow/example_dags/example_display_name.py took 0.058 seconds
[2025-02-19T09:53:07.975+0000] {processor.py:186} INFO - Started process (PID=1938) to work on /home/airflow/.local/lib/python3.12/site-packages/airflow/example_dags/example_display_name.py
[2025-02-19T09:53:07.976+0000] {processor.py:914} INFO - Processing file /home/airflow/.local/lib/python3.12/site-packages/airflow/example_dags/example_display_name.py for tasks to queue
[2025-02-19T09:53:07.978+0000] {logging_mixin.py:190} INFO - [2025-02-19T09:53:07.978+0000] {dagbag.py:587} INFO - Filling up the DagBag from /home/airflow/.local/lib/python3.12/site-packages/airflow/example_dags/example_display_name.py
[2025-02-19T09:53:07.985+0000] {processor.py:925} INFO - DAG(s) 'example_display_name' retrieved from /home/airflow/.local/lib/python3.12/site-packages/airflow/example_dags/example_display_name.py
[2025-02-19T09:53:08.001+0000] {logging_mixin.py:190} INFO - [2025-02-19T09:53:08.000+0000] {dag.py:3229} INFO - Sync 1 DAGs
[2025-02-19T09:53:08.013+0000] {logging_mixin.py:190} INFO - [2025-02-19T09:53:08.013+0000] {dag.py:4156} INFO - Setting next_dagrun for example_display_name to None, run_after=None
[2025-02-19T09:53:08.031+0000] {processor.py:208} INFO - Processing /home/airflow/.local/lib/python3.12/site-packages/airflow/example_dags/example_display_name.py took 0.061 seconds
[2025-02-19T09:53:38.471+0000] {processor.py:186} INFO - Started process (PID=2002) to work on /home/airflow/.local/lib/python3.12/site-packages/airflow/example_dags/example_display_name.py
[2025-02-19T09:53:38.472+0000] {processor.py:914} INFO - Processing file /home/airflow/.local/lib/python3.12/site-packages/airflow/example_dags/example_display_name.py for tasks to queue
[2025-02-19T09:53:38.474+0000] {logging_mixin.py:190} INFO - [2025-02-19T09:53:38.474+0000] {dagbag.py:587} INFO - Filling up the DagBag from /home/airflow/.local/lib/python3.12/site-packages/airflow/example_dags/example_display_name.py
[2025-02-19T09:53:38.480+0000] {processor.py:925} INFO - DAG(s) 'example_display_name' retrieved from /home/airflow/.local/lib/python3.12/site-packages/airflow/example_dags/example_display_name.py
[2025-02-19T09:53:38.496+0000] {logging_mixin.py:190} INFO - [2025-02-19T09:53:38.495+0000] {dag.py:3229} INFO - Sync 1 DAGs
[2025-02-19T09:53:38.508+0000] {logging_mixin.py:190} INFO - [2025-02-19T09:53:38.508+0000] {dag.py:4156} INFO - Setting next_dagrun for example_display_name to None, run_after=None
[2025-02-19T09:53:38.524+0000] {processor.py:208} INFO - Processing /home/airflow/.local/lib/python3.12/site-packages/airflow/example_dags/example_display_name.py took 0.057 seconds
[2025-02-19T09:54:08.667+0000] {processor.py:186} INFO - Started process (PID=2066) to work on /home/airflow/.local/lib/python3.12/site-packages/airflow/example_dags/example_display_name.py
[2025-02-19T09:54:08.668+0000] {processor.py:914} INFO - Processing file /home/airflow/.local/lib/python3.12/site-packages/airflow/example_dags/example_display_name.py for tasks to queue
[2025-02-19T09:54:08.670+0000] {logging_mixin.py:190} INFO - [2025-02-19T09:54:08.669+0000] {dagbag.py:587} INFO - Filling up the DagBag from /home/airflow/.local/lib/python3.12/site-packages/airflow/example_dags/example_display_name.py
[2025-02-19T09:54:08.676+0000] {processor.py:925} INFO - DAG(s) 'example_display_name' retrieved from /home/airflow/.local/lib/python3.12/site-packages/airflow/example_dags/example_display_name.py
[2025-02-19T09:54:08.693+0000] {logging_mixin.py:190} INFO - [2025-02-19T09:54:08.693+0000] {dag.py:3229} INFO - Sync 1 DAGs
[2025-02-19T09:54:08.706+0000] {logging_mixin.py:190} INFO - [2025-02-19T09:54:08.706+0000] {dag.py:4156} INFO - Setting next_dagrun for example_display_name to None, run_after=None
[2025-02-19T09:54:08.724+0000] {processor.py:208} INFO - Processing /home/airflow/.local/lib/python3.12/site-packages/airflow/example_dags/example_display_name.py took 0.062 seconds
[2025-02-19T09:54:39.063+0000] {processor.py:186} INFO - Started process (PID=2130) to work on /home/airflow/.local/lib/python3.12/site-packages/airflow/example_dags/example_display_name.py
[2025-02-19T09:54:39.064+0000] {processor.py:914} INFO - Processing file /home/airflow/.local/lib/python3.12/site-packages/airflow/example_dags/example_display_name.py for tasks to queue
[2025-02-19T09:54:39.066+0000] {logging_mixin.py:190} INFO - [2025-02-19T09:54:39.066+0000] {dagbag.py:587} INFO - Filling up the DagBag from /home/airflow/.local/lib/python3.12/site-packages/airflow/example_dags/example_display_name.py
[2025-02-19T09:54:39.072+0000] {processor.py:925} INFO - DAG(s) 'example_display_name' retrieved from /home/airflow/.local/lib/python3.12/site-packages/airflow/example_dags/example_display_name.py
[2025-02-19T09:54:39.090+0000] {logging_mixin.py:190} INFO - [2025-02-19T09:54:39.089+0000] {dag.py:3229} INFO - Sync 1 DAGs
[2025-02-19T09:54:39.102+0000] {logging_mixin.py:190} INFO - [2025-02-19T09:54:39.102+0000] {dag.py:4156} INFO - Setting next_dagrun for example_display_name to None, run_after=None
[2025-02-19T09:54:39.120+0000] {processor.py:208} INFO - Processing /home/airflow/.local/lib/python3.12/site-packages/airflow/example_dags/example_display_name.py took 0.061 seconds
[2025-02-19T09:55:09.385+0000] {processor.py:186} INFO - Started process (PID=2194) to work on /home/airflow/.local/lib/python3.12/site-packages/airflow/example_dags/example_display_name.py
[2025-02-19T09:55:09.387+0000] {processor.py:914} INFO - Processing file /home/airflow/.local/lib/python3.12/site-packages/airflow/example_dags/example_display_name.py for tasks to queue
[2025-02-19T09:55:09.388+0000] {logging_mixin.py:190} INFO - [2025-02-19T09:55:09.388+0000] {dagbag.py:587} INFO - Filling up the DagBag from /home/airflow/.local/lib/python3.12/site-packages/airflow/example_dags/example_display_name.py
[2025-02-19T09:55:09.394+0000] {processor.py:925} INFO - DAG(s) 'example_display_name' retrieved from /home/airflow/.local/lib/python3.12/site-packages/airflow/example_dags/example_display_name.py
[2025-02-19T09:55:09.413+0000] {logging_mixin.py:190} INFO - [2025-02-19T09:55:09.413+0000] {dag.py:3229} INFO - Sync 1 DAGs
[2025-02-19T09:55:09.424+0000] {logging_mixin.py:190} INFO - [2025-02-19T09:55:09.424+0000] {dag.py:4156} INFO - Setting next_dagrun for example_display_name to None, run_after=None
[2025-02-19T09:55:09.440+0000] {processor.py:208} INFO - Processing /home/airflow/.local/lib/python3.12/site-packages/airflow/example_dags/example_display_name.py took 0.059 seconds
[2025-02-19T09:55:39.625+0000] {processor.py:186} INFO - Started process (PID=2258) to work on /home/airflow/.local/lib/python3.12/site-packages/airflow/example_dags/example_display_name.py
[2025-02-19T09:55:39.625+0000] {processor.py:914} INFO - Processing file /home/airflow/.local/lib/python3.12/site-packages/airflow/example_dags/example_display_name.py for tasks to queue
[2025-02-19T09:55:39.627+0000] {logging_mixin.py:190} INFO - [2025-02-19T09:55:39.627+0000] {dagbag.py:587} INFO - Filling up the DagBag from /home/airflow/.local/lib/python3.12/site-packages/airflow/example_dags/example_display_name.py
[2025-02-19T09:55:39.634+0000] {processor.py:925} INFO - DAG(s) 'example_display_name' retrieved from /home/airflow/.local/lib/python3.12/site-packages/airflow/example_dags/example_display_name.py
[2025-02-19T09:55:39.652+0000] {logging_mixin.py:190} INFO - [2025-02-19T09:55:39.651+0000] {dag.py:3229} INFO - Sync 1 DAGs
[2025-02-19T09:55:39.664+0000] {logging_mixin.py:190} INFO - [2025-02-19T09:55:39.663+0000] {dag.py:4156} INFO - Setting next_dagrun for example_display_name to None, run_after=None
[2025-02-19T09:55:39.688+0000] {processor.py:208} INFO - Processing /home/airflow/.local/lib/python3.12/site-packages/airflow/example_dags/example_display_name.py took 0.069 seconds
[2025-02-19T09:56:10.137+0000] {processor.py:186} INFO - Started process (PID=2322) to work on /home/airflow/.local/lib/python3.12/site-packages/airflow/example_dags/example_display_name.py
[2025-02-19T09:56:10.138+0000] {processor.py:914} INFO - Processing file /home/airflow/.local/lib/python3.12/site-packages/airflow/example_dags/example_display_name.py for tasks to queue
[2025-02-19T09:56:10.140+0000] {logging_mixin.py:190} INFO - [2025-02-19T09:56:10.140+0000] {dagbag.py:587} INFO - Filling up the DagBag from /home/airflow/.local/lib/python3.12/site-packages/airflow/example_dags/example_display_name.py
[2025-02-19T09:56:10.146+0000] {processor.py:925} INFO - DAG(s) 'example_display_name' retrieved from /home/airflow/.local/lib/python3.12/site-packages/airflow/example_dags/example_display_name.py
[2025-02-19T09:56:10.162+0000] {logging_mixin.py:190} INFO - [2025-02-19T09:56:10.162+0000] {dag.py:3229} INFO - Sync 1 DAGs
[2025-02-19T09:56:10.174+0000] {logging_mixin.py:190} INFO - [2025-02-19T09:56:10.174+0000] {dag.py:4156} INFO - Setting next_dagrun for example_display_name to None, run_after=None
[2025-02-19T09:56:10.189+0000] {processor.py:208} INFO - Processing /home/airflow/.local/lib/python3.12/site-packages/airflow/example_dags/example_display_name.py took 0.057 seconds
[2025-02-19T09:56:40.241+0000] {processor.py:186} INFO - Started process (PID=2385) to work on /home/airflow/.local/lib/python3.12/site-packages/airflow/example_dags/example_display_name.py
[2025-02-19T09:56:40.242+0000] {processor.py:914} INFO - Processing file /home/airflow/.local/lib/python3.12/site-packages/airflow/example_dags/example_display_name.py for tasks to queue
[2025-02-19T09:56:40.244+0000] {logging_mixin.py:190} INFO - [2025-02-19T09:56:40.244+0000] {dagbag.py:587} INFO - Filling up the DagBag from /home/airflow/.local/lib/python3.12/site-packages/airflow/example_dags/example_display_name.py
[2025-02-19T09:56:40.250+0000] {processor.py:925} INFO - DAG(s) 'example_display_name' retrieved from /home/airflow/.local/lib/python3.12/site-packages/airflow/example_dags/example_display_name.py
[2025-02-19T09:56:40.270+0000] {logging_mixin.py:190} INFO - [2025-02-19T09:56:40.269+0000] {dag.py:3229} INFO - Sync 1 DAGs
[2025-02-19T09:56:40.283+0000] {logging_mixin.py:190} INFO - [2025-02-19T09:56:40.283+0000] {dag.py:4156} INFO - Setting next_dagrun for example_display_name to None, run_after=None
[2025-02-19T09:56:40.301+0000] {processor.py:208} INFO - Processing /home/airflow/.local/lib/python3.12/site-packages/airflow/example_dags/example_display_name.py took 0.066 seconds
[2025-02-19T09:57:10.730+0000] {processor.py:186} INFO - Started process (PID=2451) to work on /home/airflow/.local/lib/python3.12/site-packages/airflow/example_dags/example_display_name.py
[2025-02-19T09:57:10.731+0000] {processor.py:914} INFO - Processing file /home/airflow/.local/lib/python3.12/site-packages/airflow/example_dags/example_display_name.py for tasks to queue
[2025-02-19T09:57:10.733+0000] {logging_mixin.py:190} INFO - [2025-02-19T09:57:10.733+0000] {dagbag.py:587} INFO - Filling up the DagBag from /home/airflow/.local/lib/python3.12/site-packages/airflow/example_dags/example_display_name.py
[2025-02-19T09:57:10.740+0000] {processor.py:925} INFO - DAG(s) 'example_display_name' retrieved from /home/airflow/.local/lib/python3.12/site-packages/airflow/example_dags/example_display_name.py
[2025-02-19T09:57:10.758+0000] {logging_mixin.py:190} INFO - [2025-02-19T09:57:10.757+0000] {dag.py:3229} INFO - Sync 1 DAGs
[2025-02-19T09:57:10.772+0000] {logging_mixin.py:190} INFO - [2025-02-19T09:57:10.771+0000] {dag.py:4156} INFO - Setting next_dagrun for example_display_name to None, run_after=None
[2025-02-19T09:57:10.788+0000] {processor.py:208} INFO - Processing /home/airflow/.local/lib/python3.12/site-packages/airflow/example_dags/example_display_name.py took 0.063 seconds
[2025-02-19T09:57:41.149+0000] {processor.py:186} INFO - Started process (PID=2516) to work on /home/airflow/.local/lib/python3.12/site-packages/airflow/example_dags/example_display_name.py
[2025-02-19T09:57:41.150+0000] {processor.py:914} INFO - Processing file /home/airflow/.local/lib/python3.12/site-packages/airflow/example_dags/example_display_name.py for tasks to queue
[2025-02-19T09:57:41.152+0000] {logging_mixin.py:190} INFO - [2025-02-19T09:57:41.152+0000] {dagbag.py:587} INFO - Filling up the DagBag from /home/airflow/.local/lib/python3.12/site-packages/airflow/example_dags/example_display_name.py
[2025-02-19T09:57:41.159+0000] {processor.py:925} INFO - DAG(s) 'example_display_name' retrieved from /home/airflow/.local/lib/python3.12/site-packages/airflow/example_dags/example_display_name.py
[2025-02-19T09:57:41.176+0000] {logging_mixin.py:190} INFO - [2025-02-19T09:57:41.175+0000] {dag.py:3229} INFO - Sync 1 DAGs
[2025-02-19T09:57:41.188+0000] {logging_mixin.py:190} INFO - [2025-02-19T09:57:41.188+0000] {dag.py:4156} INFO - Setting next_dagrun for example_display_name to None, run_after=None
[2025-02-19T09:57:41.206+0000] {processor.py:208} INFO - Processing /home/airflow/.local/lib/python3.12/site-packages/airflow/example_dags/example_display_name.py took 0.062 seconds
[2025-02-19T09:58:11.498+0000] {processor.py:186} INFO - Started process (PID=2581) to work on /home/airflow/.local/lib/python3.12/site-packages/airflow/example_dags/example_display_name.py
[2025-02-19T09:58:11.499+0000] {processor.py:914} INFO - Processing file /home/airflow/.local/lib/python3.12/site-packages/airflow/example_dags/example_display_name.py for tasks to queue
[2025-02-19T09:58:11.502+0000] {logging_mixin.py:190} INFO - [2025-02-19T09:58:11.501+0000] {dagbag.py:587} INFO - Filling up the DagBag from /home/airflow/.local/lib/python3.12/site-packages/airflow/example_dags/example_display_name.py
[2025-02-19T09:58:11.508+0000] {processor.py:925} INFO - DAG(s) 'example_display_name' retrieved from /home/airflow/.local/lib/python3.12/site-packages/airflow/example_dags/example_display_name.py
[2025-02-19T09:58:11.528+0000] {logging_mixin.py:190} INFO - [2025-02-19T09:58:11.527+0000] {dag.py:3229} INFO - Sync 1 DAGs
[2025-02-19T09:58:11.543+0000] {logging_mixin.py:190} INFO - [2025-02-19T09:58:11.543+0000] {dag.py:4156} INFO - Setting next_dagrun for example_display_name to None, run_after=None
[2025-02-19T09:58:11.564+0000] {processor.py:208} INFO - Processing /home/airflow/.local/lib/python3.12/site-packages/airflow/example_dags/example_display_name.py took 0.070 seconds
[2025-02-19T09:58:41.884+0000] {processor.py:186} INFO - Started process (PID=2650) to work on /home/airflow/.local/lib/python3.12/site-packages/airflow/example_dags/example_display_name.py
[2025-02-19T09:58:41.886+0000] {processor.py:914} INFO - Processing file /home/airflow/.local/lib/python3.12/site-packages/airflow/example_dags/example_display_name.py for tasks to queue
[2025-02-19T09:58:41.888+0000] {logging_mixin.py:190} INFO - [2025-02-19T09:58:41.888+0000] {dagbag.py:587} INFO - Filling up the DagBag from /home/airflow/.local/lib/python3.12/site-packages/airflow/example_dags/example_display_name.py
[2025-02-19T09:58:41.894+0000] {processor.py:925} INFO - DAG(s) 'example_display_name' retrieved from /home/airflow/.local/lib/python3.12/site-packages/airflow/example_dags/example_display_name.py
[2025-02-19T09:58:41.911+0000] {logging_mixin.py:190} INFO - [2025-02-19T09:58:41.911+0000] {dag.py:3229} INFO - Sync 1 DAGs
[2025-02-19T09:58:41.924+0000] {logging_mixin.py:190} INFO - [2025-02-19T09:58:41.923+0000] {dag.py:4156} INFO - Setting next_dagrun for example_display_name to None, run_after=None
[2025-02-19T09:58:41.941+0000] {processor.py:208} INFO - Processing /home/airflow/.local/lib/python3.12/site-packages/airflow/example_dags/example_display_name.py took 0.061 seconds
[2025-02-19T09:59:12.190+0000] {processor.py:186} INFO - Started process (PID=2714) to work on /home/airflow/.local/lib/python3.12/site-packages/airflow/example_dags/example_display_name.py
[2025-02-19T09:59:12.191+0000] {processor.py:914} INFO - Processing file /home/airflow/.local/lib/python3.12/site-packages/airflow/example_dags/example_display_name.py for tasks to queue
[2025-02-19T09:59:12.193+0000] {logging_mixin.py:190} INFO - [2025-02-19T09:59:12.193+0000] {dagbag.py:587} INFO - Filling up the DagBag from /home/airflow/.local/lib/python3.12/site-packages/airflow/example_dags/example_display_name.py
[2025-02-19T09:59:12.199+0000] {processor.py:925} INFO - DAG(s) 'example_display_name' retrieved from /home/airflow/.local/lib/python3.12/site-packages/airflow/example_dags/example_display_name.py
[2025-02-19T09:59:12.217+0000] {logging_mixin.py:190} INFO - [2025-02-19T09:59:12.216+0000] {dag.py:3229} INFO - Sync 1 DAGs
[2025-02-19T09:59:12.230+0000] {logging_mixin.py:190} INFO - [2025-02-19T09:59:12.229+0000] {dag.py:4156} INFO - Setting next_dagrun for example_display_name to None, run_after=None
[2025-02-19T09:59:12.248+0000] {processor.py:208} INFO - Processing /home/airflow/.local/lib/python3.12/site-packages/airflow/example_dags/example_display_name.py took 0.063 seconds
[2025-02-19T10:23:11.418+0000] {logging_mixin.py:190} INFO - [2025-02-19T10:23:11.418+0000] {settings.py:475} DEBUG - Setting up DB connection pool (PID 57)
[2025-02-19T10:23:11.420+0000] {logging_mixin.py:190} INFO - [2025-02-19T10:23:11.420+0000] {settings.py:579} DEBUG - settings.prepare_engine_args(): Using pool settings. pool_size=5, max_overflow=10, pool_recycle=1800, pid=57
[2025-02-19T10:23:11.426+0000] {processor.py:186} INFO - Started process (PID=57) to work on /home/airflow/.local/lib/python3.12/site-packages/airflow/example_dags/example_display_name.py
[2025-02-19T10:23:11.426+0000] {processor.py:914} INFO - Processing file /home/airflow/.local/lib/python3.12/site-packages/airflow/example_dags/example_display_name.py for tasks to queue
[2025-02-19T10:23:11.427+0000] {logging_mixin.py:190} INFO - [2025-02-19T10:23:11.427+0000] {dagbag.py:587} INFO - Filling up the DagBag from /home/airflow/.local/lib/python3.12/site-packages/airflow/example_dags/example_display_name.py
[2025-02-19T10:23:11.428+0000] {logging_mixin.py:190} INFO - [2025-02-19T10:23:11.428+0000] {dagbag.py:368} DEBUG - Importing /home/airflow/.local/lib/python3.12/site-packages/airflow/example_dags/example_display_name.py
[2025-02-19T10:23:11.435+0000] {logging_mixin.py:190} INFO - [2025-02-19T10:23:11.434+0000] {dagbag.py:553} DEBUG - Loaded DAG <DAG: example_display_name>
[2025-02-19T10:23:11.436+0000] {processor.py:925} INFO - DAG(s) 'example_display_name' retrieved from /home/airflow/.local/lib/python3.12/site-packages/airflow/example_dags/example_display_name.py
[2025-02-19T10:23:11.437+0000] {logging_mixin.py:190} INFO - [2025-02-19T10:23:11.436+0000] {dagbag.py:710} DEBUG - Running dagbag.sync_to_db with retries. Try 1 of 3
[2025-02-19T10:23:11.437+0000] {logging_mixin.py:190} INFO - [2025-02-19T10:23:11.437+0000] {dagbag.py:715} DEBUG - Calling the DAG.bulk_sync_to_db method
[2025-02-19T10:23:11.449+0000] {logging_mixin.py:190} INFO - [2025-02-19T10:23:11.448+0000] {serialized_dag.py:168} DEBUG - Checking if DAG (example_display_name) changed
[2025-02-19T10:23:11.460+0000] {logging_mixin.py:190} INFO - [2025-02-19T10:23:11.459+0000] {serialized_dag.py:179} DEBUG - Serialized DAG (example_display_name) is unchanged. Skipping writing to DB
[2025-02-19T10:23:11.460+0000] {logging_mixin.py:190} INFO - [2025-02-19T10:23:11.460+0000] {dag.py:3229} INFO - Sync 1 DAGs
[2025-02-19T10:23:11.478+0000] {logging_mixin.py:190} INFO - [2025-02-19T10:23:11.477+0000] {dag.py:4156} INFO - Setting next_dagrun for example_display_name to None, run_after=None
[2025-02-19T10:23:11.509+0000] {processor.py:208} INFO - Processing /home/airflow/.local/lib/python3.12/site-packages/airflow/example_dags/example_display_name.py took 0.091 seconds
[2025-02-19T10:23:48.958+0000] {logging_mixin.py:190} INFO - [2025-02-19T10:23:48.957+0000] {settings.py:475} DEBUG - Setting up DB connection pool (PID 127)
[2025-02-19T10:23:49.128+0000] {logging_mixin.py:190} INFO - [2025-02-19T10:23:49.127+0000] {settings.py:579} DEBUG - settings.prepare_engine_args(): Using pool settings. pool_size=5, max_overflow=10, pool_recycle=1800, pid=127
[2025-02-19T10:23:49.134+0000] {processor.py:186} INFO - Started process (PID=127) to work on /home/airflow/.local/lib/python3.12/site-packages/airflow/example_dags/example_display_name.py
[2025-02-19T10:23:49.134+0000] {processor.py:914} INFO - Processing file /home/airflow/.local/lib/python3.12/site-packages/airflow/example_dags/example_display_name.py for tasks to queue
[2025-02-19T10:23:49.135+0000] {logging_mixin.py:190} INFO - [2025-02-19T10:23:49.135+0000] {dagbag.py:587} INFO - Filling up the DagBag from /home/airflow/.local/lib/python3.12/site-packages/airflow/example_dags/example_display_name.py
[2025-02-19T10:23:49.137+0000] {logging_mixin.py:190} INFO - [2025-02-19T10:23:49.137+0000] {dagbag.py:368} DEBUG - Importing /home/airflow/.local/lib/python3.12/site-packages/airflow/example_dags/example_display_name.py
[2025-02-19T10:23:49.156+0000] {logging_mixin.py:190} INFO - [2025-02-19T10:23:49.155+0000] {dagbag.py:553} DEBUG - Loaded DAG <DAG: example_display_name>
[2025-02-19T10:23:49.156+0000] {processor.py:925} INFO - DAG(s) 'example_display_name' retrieved from /home/airflow/.local/lib/python3.12/site-packages/airflow/example_dags/example_display_name.py
[2025-02-19T10:23:49.157+0000] {logging_mixin.py:190} INFO - [2025-02-19T10:23:49.157+0000] {dagbag.py:710} DEBUG - Running dagbag.sync_to_db with retries. Try 1 of 3
[2025-02-19T10:23:49.157+0000] {logging_mixin.py:190} INFO - [2025-02-19T10:23:49.157+0000] {dagbag.py:715} DEBUG - Calling the DAG.bulk_sync_to_db method
[2025-02-19T10:23:49.168+0000] {logging_mixin.py:190} INFO - [2025-02-19T10:23:49.167+0000] {serialized_dag.py:168} DEBUG - Checking if DAG (example_display_name) changed
[2025-02-19T10:23:49.175+0000] {logging_mixin.py:190} INFO - [2025-02-19T10:23:49.174+0000] {serialized_dag.py:179} DEBUG - Serialized DAG (example_display_name) is unchanged. Skipping writing to DB
[2025-02-19T10:23:49.175+0000] {logging_mixin.py:190} INFO - [2025-02-19T10:23:49.175+0000] {dag.py:3229} INFO - Sync 1 DAGs
[2025-02-19T10:23:49.189+0000] {logging_mixin.py:190} INFO - [2025-02-19T10:23:49.188+0000] {dag.py:4156} INFO - Setting next_dagrun for example_display_name to None, run_after=None
[2025-02-19T10:23:53.035+0000] {processor.py:208} INFO - Processing /home/airflow/.local/lib/python3.12/site-packages/airflow/example_dags/example_display_name.py took 4.078 seconds
[2025-02-19T10:24:23.846+0000] {logging_mixin.py:190} INFO - [2025-02-19T10:24:23.845+0000] {settings.py:475} DEBUG - Setting up DB connection pool (PID 191)
[2025-02-19T10:24:23.865+0000] {logging_mixin.py:190} INFO - [2025-02-19T10:24:23.865+0000] {settings.py:579} DEBUG - settings.prepare_engine_args(): Using pool settings. pool_size=5, max_overflow=10, pool_recycle=1800, pid=191
[2025-02-19T10:24:23.870+0000] {processor.py:186} INFO - Started process (PID=191) to work on /home/airflow/.local/lib/python3.12/site-packages/airflow/example_dags/example_display_name.py
[2025-02-19T10:24:23.871+0000] {processor.py:914} INFO - Processing file /home/airflow/.local/lib/python3.12/site-packages/airflow/example_dags/example_display_name.py for tasks to queue
[2025-02-19T10:24:23.872+0000] {logging_mixin.py:190} INFO - [2025-02-19T10:24:23.872+0000] {dagbag.py:587} INFO - Filling up the DagBag from /home/airflow/.local/lib/python3.12/site-packages/airflow/example_dags/example_display_name.py
[2025-02-19T10:24:23.873+0000] {logging_mixin.py:190} INFO - [2025-02-19T10:24:23.873+0000] {dagbag.py:368} DEBUG - Importing /home/airflow/.local/lib/python3.12/site-packages/airflow/example_dags/example_display_name.py
[2025-02-19T10:24:23.881+0000] {logging_mixin.py:190} INFO - [2025-02-19T10:24:23.880+0000] {dagbag.py:553} DEBUG - Loaded DAG <DAG: example_display_name>
[2025-02-19T10:24:23.881+0000] {processor.py:925} INFO - DAG(s) 'example_display_name' retrieved from /home/airflow/.local/lib/python3.12/site-packages/airflow/example_dags/example_display_name.py
[2025-02-19T10:24:23.882+0000] {logging_mixin.py:190} INFO - [2025-02-19T10:24:23.882+0000] {dagbag.py:710} DEBUG - Running dagbag.sync_to_db with retries. Try 1 of 3
[2025-02-19T10:24:23.882+0000] {logging_mixin.py:190} INFO - [2025-02-19T10:24:23.882+0000] {dagbag.py:715} DEBUG - Calling the DAG.bulk_sync_to_db method
[2025-02-19T10:24:23.894+0000] {logging_mixin.py:190} INFO - [2025-02-19T10:24:23.894+0000] {serialized_dag.py:168} DEBUG - Checking if DAG (example_display_name) changed
[2025-02-19T10:24:23.903+0000] {logging_mixin.py:190} INFO - [2025-02-19T10:24:23.902+0000] {serialized_dag.py:179} DEBUG - Serialized DAG (example_display_name) is unchanged. Skipping writing to DB
[2025-02-19T10:24:23.903+0000] {logging_mixin.py:190} INFO - [2025-02-19T10:24:23.903+0000] {dag.py:3229} INFO - Sync 1 DAGs
[2025-02-19T10:24:23.917+0000] {logging_mixin.py:190} INFO - [2025-02-19T10:24:23.917+0000] {dag.py:4156} INFO - Setting next_dagrun for example_display_name to None, run_after=None
[2025-02-19T10:24:23.936+0000] {processor.py:208} INFO - Processing /home/airflow/.local/lib/python3.12/site-packages/airflow/example_dags/example_display_name.py took 0.091 seconds
[2025-02-19T10:24:54.750+0000] {logging_mixin.py:190} INFO - [2025-02-19T10:24:54.749+0000] {settings.py:475} DEBUG - Setting up DB connection pool (PID 260)
[2025-02-19T10:24:54.769+0000] {logging_mixin.py:190} INFO - [2025-02-19T10:24:54.769+0000] {settings.py:579} DEBUG - settings.prepare_engine_args(): Using pool settings. pool_size=5, max_overflow=10, pool_recycle=1800, pid=260
[2025-02-19T10:24:54.774+0000] {processor.py:186} INFO - Started process (PID=260) to work on /home/airflow/.local/lib/python3.12/site-packages/airflow/example_dags/example_display_name.py
[2025-02-19T10:24:54.774+0000] {processor.py:914} INFO - Processing file /home/airflow/.local/lib/python3.12/site-packages/airflow/example_dags/example_display_name.py for tasks to queue
[2025-02-19T10:24:54.775+0000] {logging_mixin.py:190} INFO - [2025-02-19T10:24:54.775+0000] {dagbag.py:587} INFO - Filling up the DagBag from /home/airflow/.local/lib/python3.12/site-packages/airflow/example_dags/example_display_name.py
[2025-02-19T10:24:54.776+0000] {logging_mixin.py:190} INFO - [2025-02-19T10:24:54.775+0000] {dagbag.py:368} DEBUG - Importing /home/airflow/.local/lib/python3.12/site-packages/airflow/example_dags/example_display_name.py
[2025-02-19T10:24:54.783+0000] {logging_mixin.py:190} INFO - [2025-02-19T10:24:54.782+0000] {dagbag.py:553} DEBUG - Loaded DAG <DAG: example_display_name>
[2025-02-19T10:24:54.783+0000] {processor.py:925} INFO - DAG(s) 'example_display_name' retrieved from /home/airflow/.local/lib/python3.12/site-packages/airflow/example_dags/example_display_name.py
[2025-02-19T10:24:54.784+0000] {logging_mixin.py:190} INFO - [2025-02-19T10:24:54.784+0000] {dagbag.py:710} DEBUG - Running dagbag.sync_to_db with retries. Try 1 of 3
[2025-02-19T10:24:54.784+0000] {logging_mixin.py:190} INFO - [2025-02-19T10:24:54.784+0000] {dagbag.py:715} DEBUG - Calling the DAG.bulk_sync_to_db method
[2025-02-19T10:24:54.796+0000] {logging_mixin.py:190} INFO - [2025-02-19T10:24:54.795+0000] {serialized_dag.py:168} DEBUG - Checking if DAG (example_display_name) changed
[2025-02-19T10:24:54.804+0000] {logging_mixin.py:190} INFO - [2025-02-19T10:24:54.803+0000] {serialized_dag.py:179} DEBUG - Serialized DAG (example_display_name) is unchanged. Skipping writing to DB
[2025-02-19T10:24:54.804+0000] {logging_mixin.py:190} INFO - [2025-02-19T10:24:54.804+0000] {dag.py:3229} INFO - Sync 1 DAGs
[2025-02-19T10:24:54.816+0000] {logging_mixin.py:190} INFO - [2025-02-19T10:24:54.816+0000] {dag.py:4156} INFO - Setting next_dagrun for example_display_name to None, run_after=None
[2025-02-19T10:24:54.835+0000] {processor.py:208} INFO - Processing /home/airflow/.local/lib/python3.12/site-packages/airflow/example_dags/example_display_name.py took 0.086 seconds
[2025-02-19T10:25:24.925+0000] {logging_mixin.py:190} INFO - [2025-02-19T10:25:24.924+0000] {settings.py:475} DEBUG - Setting up DB connection pool (PID 324)
[2025-02-19T10:25:24.926+0000] {logging_mixin.py:190} INFO - [2025-02-19T10:25:24.926+0000] {settings.py:579} DEBUG - settings.prepare_engine_args(): Using pool settings. pool_size=5, max_overflow=10, pool_recycle=1800, pid=324
[2025-02-19T10:25:24.931+0000] {processor.py:186} INFO - Started process (PID=324) to work on /home/airflow/.local/lib/python3.12/site-packages/airflow/example_dags/example_display_name.py
[2025-02-19T10:25:24.932+0000] {processor.py:914} INFO - Processing file /home/airflow/.local/lib/python3.12/site-packages/airflow/example_dags/example_display_name.py for tasks to queue
[2025-02-19T10:25:24.933+0000] {logging_mixin.py:190} INFO - [2025-02-19T10:25:24.932+0000] {dagbag.py:587} INFO - Filling up the DagBag from /home/airflow/.local/lib/python3.12/site-packages/airflow/example_dags/example_display_name.py
[2025-02-19T10:25:24.934+0000] {logging_mixin.py:190} INFO - [2025-02-19T10:25:24.934+0000] {dagbag.py:368} DEBUG - Importing /home/airflow/.local/lib/python3.12/site-packages/airflow/example_dags/example_display_name.py
[2025-02-19T10:25:24.942+0000] {logging_mixin.py:190} INFO - [2025-02-19T10:25:24.941+0000] {dagbag.py:553} DEBUG - Loaded DAG <DAG: example_display_name>
[2025-02-19T10:25:24.942+0000] {processor.py:925} INFO - DAG(s) 'example_display_name' retrieved from /home/airflow/.local/lib/python3.12/site-packages/airflow/example_dags/example_display_name.py
[2025-02-19T10:25:24.943+0000] {logging_mixin.py:190} INFO - [2025-02-19T10:25:24.943+0000] {dagbag.py:710} DEBUG - Running dagbag.sync_to_db with retries. Try 1 of 3
[2025-02-19T10:25:24.943+0000] {logging_mixin.py:190} INFO - [2025-02-19T10:25:24.943+0000] {dagbag.py:715} DEBUG - Calling the DAG.bulk_sync_to_db method
[2025-02-19T10:25:24.955+0000] {logging_mixin.py:190} INFO - [2025-02-19T10:25:24.954+0000] {serialized_dag.py:168} DEBUG - Checking if DAG (example_display_name) changed
[2025-02-19T10:25:24.963+0000] {logging_mixin.py:190} INFO - [2025-02-19T10:25:24.962+0000] {serialized_dag.py:179} DEBUG - Serialized DAG (example_display_name) is unchanged. Skipping writing to DB
[2025-02-19T10:25:24.963+0000] {logging_mixin.py:190} INFO - [2025-02-19T10:25:24.963+0000] {dag.py:3229} INFO - Sync 1 DAGs
[2025-02-19T10:25:24.976+0000] {logging_mixin.py:190} INFO - [2025-02-19T10:25:24.976+0000] {dag.py:4156} INFO - Setting next_dagrun for example_display_name to None, run_after=None
[2025-02-19T10:25:24.995+0000] {processor.py:208} INFO - Processing /home/airflow/.local/lib/python3.12/site-packages/airflow/example_dags/example_display_name.py took 0.071 seconds
[2025-02-19T10:25:55.624+0000] {logging_mixin.py:190} INFO - [2025-02-19T10:25:55.623+0000] {settings.py:475} DEBUG - Setting up DB connection pool (PID 388)
[2025-02-19T10:25:55.626+0000] {logging_mixin.py:190} INFO - [2025-02-19T10:25:55.626+0000] {settings.py:579} DEBUG - settings.prepare_engine_args(): Using pool settings. pool_size=5, max_overflow=10, pool_recycle=1800, pid=388
[2025-02-19T10:25:55.631+0000] {processor.py:186} INFO - Started process (PID=388) to work on /home/airflow/.local/lib/python3.12/site-packages/airflow/example_dags/example_display_name.py
[2025-02-19T10:25:55.631+0000] {processor.py:914} INFO - Processing file /home/airflow/.local/lib/python3.12/site-packages/airflow/example_dags/example_display_name.py for tasks to queue
[2025-02-19T10:25:55.632+0000] {logging_mixin.py:190} INFO - [2025-02-19T10:25:55.632+0000] {dagbag.py:587} INFO - Filling up the DagBag from /home/airflow/.local/lib/python3.12/site-packages/airflow/example_dags/example_display_name.py
[2025-02-19T10:25:55.633+0000] {logging_mixin.py:190} INFO - [2025-02-19T10:25:55.633+0000] {dagbag.py:368} DEBUG - Importing /home/airflow/.local/lib/python3.12/site-packages/airflow/example_dags/example_display_name.py
[2025-02-19T10:25:55.641+0000] {logging_mixin.py:190} INFO - [2025-02-19T10:25:55.640+0000] {dagbag.py:553} DEBUG - Loaded DAG <DAG: example_display_name>
[2025-02-19T10:25:55.641+0000] {processor.py:925} INFO - DAG(s) 'example_display_name' retrieved from /home/airflow/.local/lib/python3.12/site-packages/airflow/example_dags/example_display_name.py
[2025-02-19T10:25:55.642+0000] {logging_mixin.py:190} INFO - [2025-02-19T10:25:55.642+0000] {dagbag.py:710} DEBUG - Running dagbag.sync_to_db with retries. Try 1 of 3
[2025-02-19T10:25:55.642+0000] {logging_mixin.py:190} INFO - [2025-02-19T10:25:55.642+0000] {dagbag.py:715} DEBUG - Calling the DAG.bulk_sync_to_db method
[2025-02-19T10:25:55.654+0000] {logging_mixin.py:190} INFO - [2025-02-19T10:25:55.654+0000] {serialized_dag.py:168} DEBUG - Checking if DAG (example_display_name) changed
[2025-02-19T10:25:55.663+0000] {logging_mixin.py:190} INFO - [2025-02-19T10:25:55.662+0000] {serialized_dag.py:179} DEBUG - Serialized DAG (example_display_name) is unchanged. Skipping writing to DB
[2025-02-19T10:25:55.663+0000] {logging_mixin.py:190} INFO - [2025-02-19T10:25:55.663+0000] {dag.py:3229} INFO - Sync 1 DAGs
[2025-02-19T10:25:55.679+0000] {logging_mixin.py:190} INFO - [2025-02-19T10:25:55.678+0000] {dag.py:4156} INFO - Setting next_dagrun for example_display_name to None, run_after=None
[2025-02-19T10:25:55.698+0000] {processor.py:208} INFO - Processing /home/airflow/.local/lib/python3.12/site-packages/airflow/example_dags/example_display_name.py took 0.075 seconds
[2025-02-19T10:26:26.339+0000] {logging_mixin.py:190} INFO - [2025-02-19T10:26:26.338+0000] {settings.py:475} DEBUG - Setting up DB connection pool (PID 452)
[2025-02-19T10:26:26.341+0000] {logging_mixin.py:190} INFO - [2025-02-19T10:26:26.340+0000] {settings.py:579} DEBUG - settings.prepare_engine_args(): Using pool settings. pool_size=5, max_overflow=10, pool_recycle=1800, pid=452
[2025-02-19T10:26:26.345+0000] {processor.py:186} INFO - Started process (PID=452) to work on /home/airflow/.local/lib/python3.12/site-packages/airflow/example_dags/example_display_name.py
[2025-02-19T10:26:26.346+0000] {processor.py:914} INFO - Processing file /home/airflow/.local/lib/python3.12/site-packages/airflow/example_dags/example_display_name.py for tasks to queue
[2025-02-19T10:26:26.346+0000] {logging_mixin.py:190} INFO - [2025-02-19T10:26:26.346+0000] {dagbag.py:587} INFO - Filling up the DagBag from /home/airflow/.local/lib/python3.12/site-packages/airflow/example_dags/example_display_name.py
[2025-02-19T10:26:26.347+0000] {logging_mixin.py:190} INFO - [2025-02-19T10:26:26.347+0000] {dagbag.py:368} DEBUG - Importing /home/airflow/.local/lib/python3.12/site-packages/airflow/example_dags/example_display_name.py
[2025-02-19T10:26:26.354+0000] {logging_mixin.py:190} INFO - [2025-02-19T10:26:26.353+0000] {dagbag.py:553} DEBUG - Loaded DAG <DAG: example_display_name>
[2025-02-19T10:26:26.354+0000] {processor.py:925} INFO - DAG(s) 'example_display_name' retrieved from /home/airflow/.local/lib/python3.12/site-packages/airflow/example_dags/example_display_name.py
[2025-02-19T10:26:26.355+0000] {logging_mixin.py:190} INFO - [2025-02-19T10:26:26.355+0000] {dagbag.py:710} DEBUG - Running dagbag.sync_to_db with retries. Try 1 of 3
[2025-02-19T10:26:26.355+0000] {logging_mixin.py:190} INFO - [2025-02-19T10:26:26.355+0000] {dagbag.py:715} DEBUG - Calling the DAG.bulk_sync_to_db method
[2025-02-19T10:26:26.366+0000] {logging_mixin.py:190} INFO - [2025-02-19T10:26:26.366+0000] {serialized_dag.py:168} DEBUG - Checking if DAG (example_display_name) changed
[2025-02-19T10:26:26.372+0000] {logging_mixin.py:190} INFO - [2025-02-19T10:26:26.372+0000] {serialized_dag.py:179} DEBUG - Serialized DAG (example_display_name) is unchanged. Skipping writing to DB
[2025-02-19T10:26:26.373+0000] {logging_mixin.py:190} INFO - [2025-02-19T10:26:26.373+0000] {dag.py:3229} INFO - Sync 1 DAGs
[2025-02-19T10:26:26.384+0000] {logging_mixin.py:190} INFO - [2025-02-19T10:26:26.384+0000] {dag.py:4156} INFO - Setting next_dagrun for example_display_name to None, run_after=None
[2025-02-19T10:26:26.400+0000] {processor.py:208} INFO - Processing /home/airflow/.local/lib/python3.12/site-packages/airflow/example_dags/example_display_name.py took 0.062 seconds
