[2025-02-19T09:38:31.587+0000] {processor.py:186} INFO - Started process (PID=116) to work on /home/airflow/.local/lib/python3.12/site-packages/airflow/example_dags/example_params_trigger_ui.py
[2025-02-19T09:38:31.587+0000] {processor.py:914} INFO - Processing file /home/airflow/.local/lib/python3.12/site-packages/airflow/example_dags/example_params_trigger_ui.py for tasks to queue
[2025-02-19T09:38:31.589+0000] {logging_mixin.py:190} INFO - [2025-02-19T09:38:31.589+0000] {dagbag.py:587} INFO - Filling up the DagBag from /home/airflow/.local/lib/python3.12/site-packages/airflow/example_dags/example_params_trigger_ui.py
[2025-02-19T09:38:31.602+0000] {processor.py:925} INFO - DAG(s) 'example_params_trigger_ui' retrieved from /home/airflow/.local/lib/python3.12/site-packages/airflow/example_dags/example_params_trigger_ui.py
[2025-02-19T09:38:31.644+0000] {logging_mixin.py:190} INFO - [2025-02-19T09:38:31.644+0000] {dag.py:3229} INFO - Sync 1 DAGs
[2025-02-19T09:38:31.658+0000] {logging_mixin.py:190} INFO - [2025-02-19T09:38:31.658+0000] {dag.py:4156} INFO - Setting next_dagrun for example_params_trigger_ui to None, run_after=None
[2025-02-19T09:38:31.681+0000] {processor.py:208} INFO - Processing /home/airflow/.local/lib/python3.12/site-packages/airflow/example_dags/example_params_trigger_ui.py took 0.099 seconds
[2025-02-19T09:39:02.368+0000] {processor.py:186} INFO - Started process (PID=185) to work on /home/airflow/.local/lib/python3.12/site-packages/airflow/example_dags/example_params_trigger_ui.py
[2025-02-19T09:39:02.369+0000] {processor.py:914} INFO - Processing file /home/airflow/.local/lib/python3.12/site-packages/airflow/example_dags/example_params_trigger_ui.py for tasks to queue
[2025-02-19T09:39:02.372+0000] {logging_mixin.py:190} INFO - [2025-02-19T09:39:02.371+0000] {dagbag.py:587} INFO - Filling up the DagBag from /home/airflow/.local/lib/python3.12/site-packages/airflow/example_dags/example_params_trigger_ui.py
[2025-02-19T09:39:02.381+0000] {processor.py:925} INFO - DAG(s) 'example_params_trigger_ui' retrieved from /home/airflow/.local/lib/python3.12/site-packages/airflow/example_dags/example_params_trigger_ui.py
[2025-02-19T09:39:02.419+0000] {logging_mixin.py:190} INFO - [2025-02-19T09:39:02.418+0000] {dag.py:3229} INFO - Sync 1 DAGs
[2025-02-19T09:39:02.431+0000] {logging_mixin.py:190} INFO - [2025-02-19T09:39:02.430+0000] {dag.py:4156} INFO - Setting next_dagrun for example_params_trigger_ui to None, run_after=None
[2025-02-19T09:39:02.450+0000] {processor.py:208} INFO - Processing /home/airflow/.local/lib/python3.12/site-packages/airflow/example_dags/example_params_trigger_ui.py took 0.087 seconds
[2025-02-19T09:39:32.642+0000] {processor.py:186} INFO - Started process (PID=249) to work on /home/airflow/.local/lib/python3.12/site-packages/airflow/example_dags/example_params_trigger_ui.py
[2025-02-19T09:39:32.644+0000] {processor.py:914} INFO - Processing file /home/airflow/.local/lib/python3.12/site-packages/airflow/example_dags/example_params_trigger_ui.py for tasks to queue
[2025-02-19T09:39:32.645+0000] {logging_mixin.py:190} INFO - [2025-02-19T09:39:32.645+0000] {dagbag.py:587} INFO - Filling up the DagBag from /home/airflow/.local/lib/python3.12/site-packages/airflow/example_dags/example_params_trigger_ui.py
[2025-02-19T09:39:32.653+0000] {processor.py:925} INFO - DAG(s) 'example_params_trigger_ui' retrieved from /home/airflow/.local/lib/python3.12/site-packages/airflow/example_dags/example_params_trigger_ui.py
[2025-02-19T09:39:32.689+0000] {logging_mixin.py:190} INFO - [2025-02-19T09:39:32.688+0000] {dag.py:3229} INFO - Sync 1 DAGs
[2025-02-19T09:39:32.700+0000] {logging_mixin.py:190} INFO - [2025-02-19T09:39:32.700+0000] {dag.py:4156} INFO - Setting next_dagrun for example_params_trigger_ui to None, run_after=None
[2025-02-19T09:39:32.715+0000] {processor.py:208} INFO - Processing /home/airflow/.local/lib/python3.12/site-packages/airflow/example_dags/example_params_trigger_ui.py took 0.077 seconds
[2025-02-19T09:40:02.924+0000] {processor.py:186} INFO - Started process (PID=313) to work on /home/airflow/.local/lib/python3.12/site-packages/airflow/example_dags/example_params_trigger_ui.py
[2025-02-19T09:40:02.925+0000] {processor.py:914} INFO - Processing file /home/airflow/.local/lib/python3.12/site-packages/airflow/example_dags/example_params_trigger_ui.py for tasks to queue
[2025-02-19T09:40:02.927+0000] {logging_mixin.py:190} INFO - [2025-02-19T09:40:02.927+0000] {dagbag.py:587} INFO - Filling up the DagBag from /home/airflow/.local/lib/python3.12/site-packages/airflow/example_dags/example_params_trigger_ui.py
[2025-02-19T09:40:02.936+0000] {processor.py:925} INFO - DAG(s) 'example_params_trigger_ui' retrieved from /home/airflow/.local/lib/python3.12/site-packages/airflow/example_dags/example_params_trigger_ui.py
[2025-02-19T09:40:02.970+0000] {logging_mixin.py:190} INFO - [2025-02-19T09:40:02.969+0000] {dag.py:3229} INFO - Sync 1 DAGs
[2025-02-19T09:40:02.983+0000] {logging_mixin.py:190} INFO - [2025-02-19T09:40:02.983+0000] {dag.py:4156} INFO - Setting next_dagrun for example_params_trigger_ui to None, run_after=None
[2025-02-19T09:40:03.001+0000] {processor.py:208} INFO - Processing /home/airflow/.local/lib/python3.12/site-packages/airflow/example_dags/example_params_trigger_ui.py took 0.082 seconds
[2025-02-19T09:40:33.163+0000] {processor.py:186} INFO - Started process (PID=377) to work on /home/airflow/.local/lib/python3.12/site-packages/airflow/example_dags/example_params_trigger_ui.py
[2025-02-19T09:40:33.164+0000] {processor.py:914} INFO - Processing file /home/airflow/.local/lib/python3.12/site-packages/airflow/example_dags/example_params_trigger_ui.py for tasks to queue
[2025-02-19T09:40:33.167+0000] {logging_mixin.py:190} INFO - [2025-02-19T09:40:33.166+0000] {dagbag.py:587} INFO - Filling up the DagBag from /home/airflow/.local/lib/python3.12/site-packages/airflow/example_dags/example_params_trigger_ui.py
[2025-02-19T09:40:33.176+0000] {processor.py:925} INFO - DAG(s) 'example_params_trigger_ui' retrieved from /home/airflow/.local/lib/python3.12/site-packages/airflow/example_dags/example_params_trigger_ui.py
[2025-02-19T09:40:33.213+0000] {logging_mixin.py:190} INFO - [2025-02-19T09:40:33.212+0000] {dag.py:3229} INFO - Sync 1 DAGs
[2025-02-19T09:40:33.225+0000] {logging_mixin.py:190} INFO - [2025-02-19T09:40:33.225+0000] {dag.py:4156} INFO - Setting next_dagrun for example_params_trigger_ui to None, run_after=None
[2025-02-19T09:40:33.242+0000] {processor.py:208} INFO - Processing /home/airflow/.local/lib/python3.12/site-packages/airflow/example_dags/example_params_trigger_ui.py took 0.084 seconds
[2025-02-19T09:41:03.314+0000] {processor.py:186} INFO - Started process (PID=441) to work on /home/airflow/.local/lib/python3.12/site-packages/airflow/example_dags/example_params_trigger_ui.py
[2025-02-19T09:41:03.315+0000] {processor.py:914} INFO - Processing file /home/airflow/.local/lib/python3.12/site-packages/airflow/example_dags/example_params_trigger_ui.py for tasks to queue
[2025-02-19T09:41:03.317+0000] {logging_mixin.py:190} INFO - [2025-02-19T09:41:03.316+0000] {dagbag.py:587} INFO - Filling up the DagBag from /home/airflow/.local/lib/python3.12/site-packages/airflow/example_dags/example_params_trigger_ui.py
[2025-02-19T09:41:03.324+0000] {processor.py:925} INFO - DAG(s) 'example_params_trigger_ui' retrieved from /home/airflow/.local/lib/python3.12/site-packages/airflow/example_dags/example_params_trigger_ui.py
[2025-02-19T09:41:03.355+0000] {logging_mixin.py:190} INFO - [2025-02-19T09:41:03.354+0000] {dag.py:3229} INFO - Sync 1 DAGs
[2025-02-19T09:41:03.365+0000] {logging_mixin.py:190} INFO - [2025-02-19T09:41:03.365+0000] {dag.py:4156} INFO - Setting next_dagrun for example_params_trigger_ui to None, run_after=None
[2025-02-19T09:41:03.378+0000] {processor.py:208} INFO - Processing /home/airflow/.local/lib/python3.12/site-packages/airflow/example_dags/example_params_trigger_ui.py took 0.068 seconds
[2025-02-19T09:41:33.674+0000] {processor.py:186} INFO - Started process (PID=505) to work on /home/airflow/.local/lib/python3.12/site-packages/airflow/example_dags/example_params_trigger_ui.py
[2025-02-19T09:41:33.676+0000] {processor.py:914} INFO - Processing file /home/airflow/.local/lib/python3.12/site-packages/airflow/example_dags/example_params_trigger_ui.py for tasks to queue
[2025-02-19T09:41:33.678+0000] {logging_mixin.py:190} INFO - [2025-02-19T09:41:33.678+0000] {dagbag.py:587} INFO - Filling up the DagBag from /home/airflow/.local/lib/python3.12/site-packages/airflow/example_dags/example_params_trigger_ui.py
[2025-02-19T09:41:33.686+0000] {processor.py:925} INFO - DAG(s) 'example_params_trigger_ui' retrieved from /home/airflow/.local/lib/python3.12/site-packages/airflow/example_dags/example_params_trigger_ui.py
[2025-02-19T09:41:33.717+0000] {logging_mixin.py:190} INFO - [2025-02-19T09:41:33.716+0000] {dag.py:3229} INFO - Sync 1 DAGs
[2025-02-19T09:41:33.730+0000] {logging_mixin.py:190} INFO - [2025-02-19T09:41:33.730+0000] {dag.py:4156} INFO - Setting next_dagrun for example_params_trigger_ui to None, run_after=None
[2025-02-19T09:41:33.744+0000] {processor.py:208} INFO - Processing /home/airflow/.local/lib/python3.12/site-packages/airflow/example_dags/example_params_trigger_ui.py took 0.073 seconds
[2025-02-19T09:42:04.750+0000] {processor.py:186} INFO - Started process (PID=569) to work on /home/airflow/.local/lib/python3.12/site-packages/airflow/example_dags/example_params_trigger_ui.py
[2025-02-19T09:42:04.751+0000] {processor.py:914} INFO - Processing file /home/airflow/.local/lib/python3.12/site-packages/airflow/example_dags/example_params_trigger_ui.py for tasks to queue
[2025-02-19T09:42:04.753+0000] {logging_mixin.py:190} INFO - [2025-02-19T09:42:04.753+0000] {dagbag.py:587} INFO - Filling up the DagBag from /home/airflow/.local/lib/python3.12/site-packages/airflow/example_dags/example_params_trigger_ui.py
[2025-02-19T09:42:04.761+0000] {processor.py:925} INFO - DAG(s) 'example_params_trigger_ui' retrieved from /home/airflow/.local/lib/python3.12/site-packages/airflow/example_dags/example_params_trigger_ui.py
[2025-02-19T09:42:04.794+0000] {logging_mixin.py:190} INFO - [2025-02-19T09:42:04.793+0000] {dag.py:3229} INFO - Sync 1 DAGs
[2025-02-19T09:42:04.805+0000] {logging_mixin.py:190} INFO - [2025-02-19T09:42:04.804+0000] {dag.py:4156} INFO - Setting next_dagrun for example_params_trigger_ui to None, run_after=None
[2025-02-19T09:42:04.820+0000] {processor.py:208} INFO - Processing /home/airflow/.local/lib/python3.12/site-packages/airflow/example_dags/example_params_trigger_ui.py took 0.074 seconds
[2025-02-19T09:42:35.067+0000] {processor.py:186} INFO - Started process (PID=633) to work on /home/airflow/.local/lib/python3.12/site-packages/airflow/example_dags/example_params_trigger_ui.py
[2025-02-19T09:42:35.069+0000] {processor.py:914} INFO - Processing file /home/airflow/.local/lib/python3.12/site-packages/airflow/example_dags/example_params_trigger_ui.py for tasks to queue
[2025-02-19T09:42:35.070+0000] {logging_mixin.py:190} INFO - [2025-02-19T09:42:35.070+0000] {dagbag.py:587} INFO - Filling up the DagBag from /home/airflow/.local/lib/python3.12/site-packages/airflow/example_dags/example_params_trigger_ui.py
[2025-02-19T09:42:35.078+0000] {processor.py:925} INFO - DAG(s) 'example_params_trigger_ui' retrieved from /home/airflow/.local/lib/python3.12/site-packages/airflow/example_dags/example_params_trigger_ui.py
[2025-02-19T09:42:35.110+0000] {logging_mixin.py:190} INFO - [2025-02-19T09:42:35.110+0000] {dag.py:3229} INFO - Sync 1 DAGs
[2025-02-19T09:42:35.122+0000] {logging_mixin.py:190} INFO - [2025-02-19T09:42:35.122+0000] {dag.py:4156} INFO - Setting next_dagrun for example_params_trigger_ui to None, run_after=None
[2025-02-19T09:42:35.136+0000] {processor.py:208} INFO - Processing /home/airflow/.local/lib/python3.12/site-packages/airflow/example_dags/example_params_trigger_ui.py took 0.073 seconds
[2025-02-19T09:43:06.295+0000] {processor.py:186} INFO - Started process (PID=697) to work on /home/airflow/.local/lib/python3.12/site-packages/airflow/example_dags/example_params_trigger_ui.py
[2025-02-19T09:43:06.296+0000] {processor.py:914} INFO - Processing file /home/airflow/.local/lib/python3.12/site-packages/airflow/example_dags/example_params_trigger_ui.py for tasks to queue
[2025-02-19T09:43:06.298+0000] {logging_mixin.py:190} INFO - [2025-02-19T09:43:06.298+0000] {dagbag.py:587} INFO - Filling up the DagBag from /home/airflow/.local/lib/python3.12/site-packages/airflow/example_dags/example_params_trigger_ui.py
[2025-02-19T09:43:06.308+0000] {processor.py:925} INFO - DAG(s) 'example_params_trigger_ui' retrieved from /home/airflow/.local/lib/python3.12/site-packages/airflow/example_dags/example_params_trigger_ui.py
[2025-02-19T09:43:06.347+0000] {logging_mixin.py:190} INFO - [2025-02-19T09:43:06.347+0000] {dag.py:3229} INFO - Sync 1 DAGs
[2025-02-19T09:43:06.362+0000] {logging_mixin.py:190} INFO - [2025-02-19T09:43:06.361+0000] {dag.py:4156} INFO - Setting next_dagrun for example_params_trigger_ui to None, run_after=None
[2025-02-19T09:43:06.381+0000] {processor.py:208} INFO - Processing /home/airflow/.local/lib/python3.12/site-packages/airflow/example_dags/example_params_trigger_ui.py took 0.091 seconds
[2025-02-19T09:43:36.519+0000] {processor.py:186} INFO - Started process (PID=761) to work on /home/airflow/.local/lib/python3.12/site-packages/airflow/example_dags/example_params_trigger_ui.py
[2025-02-19T09:43:36.520+0000] {processor.py:914} INFO - Processing file /home/airflow/.local/lib/python3.12/site-packages/airflow/example_dags/example_params_trigger_ui.py for tasks to queue
[2025-02-19T09:43:36.522+0000] {logging_mixin.py:190} INFO - [2025-02-19T09:43:36.522+0000] {dagbag.py:587} INFO - Filling up the DagBag from /home/airflow/.local/lib/python3.12/site-packages/airflow/example_dags/example_params_trigger_ui.py
[2025-02-19T09:43:36.531+0000] {processor.py:925} INFO - DAG(s) 'example_params_trigger_ui' retrieved from /home/airflow/.local/lib/python3.12/site-packages/airflow/example_dags/example_params_trigger_ui.py
[2025-02-19T09:43:36.564+0000] {logging_mixin.py:190} INFO - [2025-02-19T09:43:36.564+0000] {dag.py:3229} INFO - Sync 1 DAGs
[2025-02-19T09:43:36.576+0000] {logging_mixin.py:190} INFO - [2025-02-19T09:43:36.576+0000] {dag.py:4156} INFO - Setting next_dagrun for example_params_trigger_ui to None, run_after=None
[2025-02-19T09:43:36.591+0000] {processor.py:208} INFO - Processing /home/airflow/.local/lib/python3.12/site-packages/airflow/example_dags/example_params_trigger_ui.py took 0.076 seconds
[2025-02-19T09:44:06.776+0000] {processor.py:186} INFO - Started process (PID=825) to work on /home/airflow/.local/lib/python3.12/site-packages/airflow/example_dags/example_params_trigger_ui.py
[2025-02-19T09:44:06.777+0000] {processor.py:914} INFO - Processing file /home/airflow/.local/lib/python3.12/site-packages/airflow/example_dags/example_params_trigger_ui.py for tasks to queue
[2025-02-19T09:44:06.779+0000] {logging_mixin.py:190} INFO - [2025-02-19T09:44:06.778+0000] {dagbag.py:587} INFO - Filling up the DagBag from /home/airflow/.local/lib/python3.12/site-packages/airflow/example_dags/example_params_trigger_ui.py
[2025-02-19T09:44:06.787+0000] {processor.py:925} INFO - DAG(s) 'example_params_trigger_ui' retrieved from /home/airflow/.local/lib/python3.12/site-packages/airflow/example_dags/example_params_trigger_ui.py
[2025-02-19T09:44:06.821+0000] {logging_mixin.py:190} INFO - [2025-02-19T09:44:06.820+0000] {dag.py:3229} INFO - Sync 1 DAGs
[2025-02-19T09:44:06.831+0000] {logging_mixin.py:190} INFO - [2025-02-19T09:44:06.831+0000] {dag.py:4156} INFO - Setting next_dagrun for example_params_trigger_ui to None, run_after=None
[2025-02-19T09:44:06.845+0000] {processor.py:208} INFO - Processing /home/airflow/.local/lib/python3.12/site-packages/airflow/example_dags/example_params_trigger_ui.py took 0.074 seconds
[2025-02-19T09:44:37.725+0000] {processor.py:186} INFO - Started process (PID=889) to work on /home/airflow/.local/lib/python3.12/site-packages/airflow/example_dags/example_params_trigger_ui.py
[2025-02-19T09:44:37.727+0000] {processor.py:914} INFO - Processing file /home/airflow/.local/lib/python3.12/site-packages/airflow/example_dags/example_params_trigger_ui.py for tasks to queue
[2025-02-19T09:44:37.729+0000] {logging_mixin.py:190} INFO - [2025-02-19T09:44:37.728+0000] {dagbag.py:587} INFO - Filling up the DagBag from /home/airflow/.local/lib/python3.12/site-packages/airflow/example_dags/example_params_trigger_ui.py
[2025-02-19T09:44:37.737+0000] {processor.py:925} INFO - DAG(s) 'example_params_trigger_ui' retrieved from /home/airflow/.local/lib/python3.12/site-packages/airflow/example_dags/example_params_trigger_ui.py
[2025-02-19T09:44:37.778+0000] {logging_mixin.py:190} INFO - [2025-02-19T09:44:37.778+0000] {dag.py:3229} INFO - Sync 1 DAGs
[2025-02-19T09:44:37.788+0000] {logging_mixin.py:190} INFO - [2025-02-19T09:44:37.788+0000] {dag.py:4156} INFO - Setting next_dagrun for example_params_trigger_ui to None, run_after=None
[2025-02-19T09:44:37.801+0000] {processor.py:208} INFO - Processing /home/airflow/.local/lib/python3.12/site-packages/airflow/example_dags/example_params_trigger_ui.py took 0.080 seconds
[2025-02-19T09:45:08.120+0000] {processor.py:186} INFO - Started process (PID=953) to work on /home/airflow/.local/lib/python3.12/site-packages/airflow/example_dags/example_params_trigger_ui.py
[2025-02-19T09:45:08.121+0000] {processor.py:914} INFO - Processing file /home/airflow/.local/lib/python3.12/site-packages/airflow/example_dags/example_params_trigger_ui.py for tasks to queue
[2025-02-19T09:45:08.124+0000] {logging_mixin.py:190} INFO - [2025-02-19T09:45:08.123+0000] {dagbag.py:587} INFO - Filling up the DagBag from /home/airflow/.local/lib/python3.12/site-packages/airflow/example_dags/example_params_trigger_ui.py
[2025-02-19T09:45:08.133+0000] {processor.py:925} INFO - DAG(s) 'example_params_trigger_ui' retrieved from /home/airflow/.local/lib/python3.12/site-packages/airflow/example_dags/example_params_trigger_ui.py
[2025-02-19T09:45:08.169+0000] {logging_mixin.py:190} INFO - [2025-02-19T09:45:08.169+0000] {dag.py:3229} INFO - Sync 1 DAGs
[2025-02-19T09:45:08.181+0000] {logging_mixin.py:190} INFO - [2025-02-19T09:45:08.181+0000] {dag.py:4156} INFO - Setting next_dagrun for example_params_trigger_ui to None, run_after=None
[2025-02-19T09:45:08.198+0000] {processor.py:208} INFO - Processing /home/airflow/.local/lib/python3.12/site-packages/airflow/example_dags/example_params_trigger_ui.py took 0.082 seconds
[2025-02-19T09:45:39.388+0000] {processor.py:186} INFO - Started process (PID=1017) to work on /home/airflow/.local/lib/python3.12/site-packages/airflow/example_dags/example_params_trigger_ui.py
[2025-02-19T09:45:39.389+0000] {processor.py:914} INFO - Processing file /home/airflow/.local/lib/python3.12/site-packages/airflow/example_dags/example_params_trigger_ui.py for tasks to queue
[2025-02-19T09:45:39.391+0000] {logging_mixin.py:190} INFO - [2025-02-19T09:45:39.390+0000] {dagbag.py:587} INFO - Filling up the DagBag from /home/airflow/.local/lib/python3.12/site-packages/airflow/example_dags/example_params_trigger_ui.py
[2025-02-19T09:45:39.400+0000] {processor.py:925} INFO - DAG(s) 'example_params_trigger_ui' retrieved from /home/airflow/.local/lib/python3.12/site-packages/airflow/example_dags/example_params_trigger_ui.py
[2025-02-19T09:45:39.440+0000] {logging_mixin.py:190} INFO - [2025-02-19T09:45:39.439+0000] {dag.py:3229} INFO - Sync 1 DAGs
[2025-02-19T09:45:39.452+0000] {logging_mixin.py:190} INFO - [2025-02-19T09:45:39.452+0000] {dag.py:4156} INFO - Setting next_dagrun for example_params_trigger_ui to None, run_after=None
[2025-02-19T09:45:39.469+0000] {processor.py:208} INFO - Processing /home/airflow/.local/lib/python3.12/site-packages/airflow/example_dags/example_params_trigger_ui.py took 0.088 seconds
[2025-02-19T09:46:10.334+0000] {processor.py:186} INFO - Started process (PID=1081) to work on /home/airflow/.local/lib/python3.12/site-packages/airflow/example_dags/example_params_trigger_ui.py
[2025-02-19T09:46:10.336+0000] {processor.py:914} INFO - Processing file /home/airflow/.local/lib/python3.12/site-packages/airflow/example_dags/example_params_trigger_ui.py for tasks to queue
[2025-02-19T09:46:10.337+0000] {logging_mixin.py:190} INFO - [2025-02-19T09:46:10.337+0000] {dagbag.py:587} INFO - Filling up the DagBag from /home/airflow/.local/lib/python3.12/site-packages/airflow/example_dags/example_params_trigger_ui.py
[2025-02-19T09:46:10.345+0000] {processor.py:925} INFO - DAG(s) 'example_params_trigger_ui' retrieved from /home/airflow/.local/lib/python3.12/site-packages/airflow/example_dags/example_params_trigger_ui.py
[2025-02-19T09:46:10.378+0000] {logging_mixin.py:190} INFO - [2025-02-19T09:46:10.378+0000] {dag.py:3229} INFO - Sync 1 DAGs
[2025-02-19T09:46:10.389+0000] {logging_mixin.py:190} INFO - [2025-02-19T09:46:10.389+0000] {dag.py:4156} INFO - Setting next_dagrun for example_params_trigger_ui to None, run_after=None
[2025-02-19T09:46:10.404+0000] {processor.py:208} INFO - Processing /home/airflow/.local/lib/python3.12/site-packages/airflow/example_dags/example_params_trigger_ui.py took 0.074 seconds
[2025-02-19T09:46:41.226+0000] {processor.py:186} INFO - Started process (PID=1145) to work on /home/airflow/.local/lib/python3.12/site-packages/airflow/example_dags/example_params_trigger_ui.py
[2025-02-19T09:46:41.228+0000] {processor.py:914} INFO - Processing file /home/airflow/.local/lib/python3.12/site-packages/airflow/example_dags/example_params_trigger_ui.py for tasks to queue
[2025-02-19T09:46:41.230+0000] {logging_mixin.py:190} INFO - [2025-02-19T09:46:41.230+0000] {dagbag.py:587} INFO - Filling up the DagBag from /home/airflow/.local/lib/python3.12/site-packages/airflow/example_dags/example_params_trigger_ui.py
[2025-02-19T09:46:41.238+0000] {processor.py:925} INFO - DAG(s) 'example_params_trigger_ui' retrieved from /home/airflow/.local/lib/python3.12/site-packages/airflow/example_dags/example_params_trigger_ui.py
[2025-02-19T09:46:41.270+0000] {logging_mixin.py:190} INFO - [2025-02-19T09:46:41.269+0000] {dag.py:3229} INFO - Sync 1 DAGs
[2025-02-19T09:46:41.280+0000] {logging_mixin.py:190} INFO - [2025-02-19T09:46:41.280+0000] {dag.py:4156} INFO - Setting next_dagrun for example_params_trigger_ui to None, run_after=None
[2025-02-19T09:46:41.294+0000] {processor.py:208} INFO - Processing /home/airflow/.local/lib/python3.12/site-packages/airflow/example_dags/example_params_trigger_ui.py took 0.072 seconds
[2025-02-19T09:47:12.471+0000] {processor.py:186} INFO - Started process (PID=1209) to work on /home/airflow/.local/lib/python3.12/site-packages/airflow/example_dags/example_params_trigger_ui.py
[2025-02-19T09:47:12.472+0000] {processor.py:914} INFO - Processing file /home/airflow/.local/lib/python3.12/site-packages/airflow/example_dags/example_params_trigger_ui.py for tasks to queue
[2025-02-19T09:47:12.474+0000] {logging_mixin.py:190} INFO - [2025-02-19T09:47:12.473+0000] {dagbag.py:587} INFO - Filling up the DagBag from /home/airflow/.local/lib/python3.12/site-packages/airflow/example_dags/example_params_trigger_ui.py
[2025-02-19T09:47:12.482+0000] {processor.py:925} INFO - DAG(s) 'example_params_trigger_ui' retrieved from /home/airflow/.local/lib/python3.12/site-packages/airflow/example_dags/example_params_trigger_ui.py
[2025-02-19T09:47:12.521+0000] {logging_mixin.py:190} INFO - [2025-02-19T09:47:12.521+0000] {dag.py:3229} INFO - Sync 1 DAGs
[2025-02-19T09:47:12.533+0000] {logging_mixin.py:190} INFO - [2025-02-19T09:47:12.533+0000] {dag.py:4156} INFO - Setting next_dagrun for example_params_trigger_ui to None, run_after=None
[2025-02-19T09:47:12.548+0000] {processor.py:208} INFO - Processing /home/airflow/.local/lib/python3.12/site-packages/airflow/example_dags/example_params_trigger_ui.py took 0.082 seconds
[2025-02-19T09:47:42.874+0000] {processor.py:186} INFO - Started process (PID=1273) to work on /home/airflow/.local/lib/python3.12/site-packages/airflow/example_dags/example_params_trigger_ui.py
[2025-02-19T09:47:42.876+0000] {processor.py:914} INFO - Processing file /home/airflow/.local/lib/python3.12/site-packages/airflow/example_dags/example_params_trigger_ui.py for tasks to queue
[2025-02-19T09:47:42.878+0000] {logging_mixin.py:190} INFO - [2025-02-19T09:47:42.877+0000] {dagbag.py:587} INFO - Filling up the DagBag from /home/airflow/.local/lib/python3.12/site-packages/airflow/example_dags/example_params_trigger_ui.py
[2025-02-19T09:47:42.887+0000] {processor.py:925} INFO - DAG(s) 'example_params_trigger_ui' retrieved from /home/airflow/.local/lib/python3.12/site-packages/airflow/example_dags/example_params_trigger_ui.py
[2025-02-19T09:47:42.924+0000] {logging_mixin.py:190} INFO - [2025-02-19T09:47:42.923+0000] {dag.py:3229} INFO - Sync 1 DAGs
[2025-02-19T09:47:42.939+0000] {logging_mixin.py:190} INFO - [2025-02-19T09:47:42.939+0000] {dag.py:4156} INFO - Setting next_dagrun for example_params_trigger_ui to None, run_after=None
[2025-02-19T09:47:42.958+0000] {processor.py:208} INFO - Processing /home/airflow/.local/lib/python3.12/site-packages/airflow/example_dags/example_params_trigger_ui.py took 0.088 seconds
[2025-02-19T09:48:13.071+0000] {processor.py:186} INFO - Started process (PID=1338) to work on /home/airflow/.local/lib/python3.12/site-packages/airflow/example_dags/example_params_trigger_ui.py
[2025-02-19T09:48:13.072+0000] {processor.py:914} INFO - Processing file /home/airflow/.local/lib/python3.12/site-packages/airflow/example_dags/example_params_trigger_ui.py for tasks to queue
[2025-02-19T09:48:13.074+0000] {logging_mixin.py:190} INFO - [2025-02-19T09:48:13.074+0000] {dagbag.py:587} INFO - Filling up the DagBag from /home/airflow/.local/lib/python3.12/site-packages/airflow/example_dags/example_params_trigger_ui.py
[2025-02-19T09:48:13.083+0000] {processor.py:925} INFO - DAG(s) 'example_params_trigger_ui' retrieved from /home/airflow/.local/lib/python3.12/site-packages/airflow/example_dags/example_params_trigger_ui.py
[2025-02-19T09:48:13.119+0000] {logging_mixin.py:190} INFO - [2025-02-19T09:48:13.118+0000] {dag.py:3229} INFO - Sync 1 DAGs
[2025-02-19T09:48:13.130+0000] {logging_mixin.py:190} INFO - [2025-02-19T09:48:13.130+0000] {dag.py:4156} INFO - Setting next_dagrun for example_params_trigger_ui to None, run_after=None
[2025-02-19T09:48:13.149+0000] {processor.py:208} INFO - Processing /home/airflow/.local/lib/python3.12/site-packages/airflow/example_dags/example_params_trigger_ui.py took 0.082 seconds
[2025-02-19T09:48:44.142+0000] {processor.py:186} INFO - Started process (PID=1402) to work on /home/airflow/.local/lib/python3.12/site-packages/airflow/example_dags/example_params_trigger_ui.py
[2025-02-19T09:48:44.143+0000] {processor.py:914} INFO - Processing file /home/airflow/.local/lib/python3.12/site-packages/airflow/example_dags/example_params_trigger_ui.py for tasks to queue
[2025-02-19T09:48:44.144+0000] {logging_mixin.py:190} INFO - [2025-02-19T09:48:44.144+0000] {dagbag.py:587} INFO - Filling up the DagBag from /home/airflow/.local/lib/python3.12/site-packages/airflow/example_dags/example_params_trigger_ui.py
[2025-02-19T09:48:44.153+0000] {processor.py:925} INFO - DAG(s) 'example_params_trigger_ui' retrieved from /home/airflow/.local/lib/python3.12/site-packages/airflow/example_dags/example_params_trigger_ui.py
[2025-02-19T09:48:44.186+0000] {logging_mixin.py:190} INFO - [2025-02-19T09:48:44.185+0000] {dag.py:3229} INFO - Sync 1 DAGs
[2025-02-19T09:48:44.197+0000] {logging_mixin.py:190} INFO - [2025-02-19T09:48:44.196+0000] {dag.py:4156} INFO - Setting next_dagrun for example_params_trigger_ui to None, run_after=None
[2025-02-19T09:48:44.210+0000] {processor.py:208} INFO - Processing /home/airflow/.local/lib/python3.12/site-packages/airflow/example_dags/example_params_trigger_ui.py took 0.073 seconds
[2025-02-19T09:49:15.095+0000] {processor.py:186} INFO - Started process (PID=1466) to work on /home/airflow/.local/lib/python3.12/site-packages/airflow/example_dags/example_params_trigger_ui.py
[2025-02-19T09:49:15.096+0000] {processor.py:914} INFO - Processing file /home/airflow/.local/lib/python3.12/site-packages/airflow/example_dags/example_params_trigger_ui.py for tasks to queue
[2025-02-19T09:49:15.098+0000] {logging_mixin.py:190} INFO - [2025-02-19T09:49:15.098+0000] {dagbag.py:587} INFO - Filling up the DagBag from /home/airflow/.local/lib/python3.12/site-packages/airflow/example_dags/example_params_trigger_ui.py
[2025-02-19T09:49:15.106+0000] {processor.py:925} INFO - DAG(s) 'example_params_trigger_ui' retrieved from /home/airflow/.local/lib/python3.12/site-packages/airflow/example_dags/example_params_trigger_ui.py
[2025-02-19T09:49:15.140+0000] {logging_mixin.py:190} INFO - [2025-02-19T09:49:15.139+0000] {dag.py:3229} INFO - Sync 1 DAGs
[2025-02-19T09:49:15.152+0000] {logging_mixin.py:190} INFO - [2025-02-19T09:49:15.152+0000] {dag.py:4156} INFO - Setting next_dagrun for example_params_trigger_ui to None, run_after=None
[2025-02-19T09:49:15.167+0000] {processor.py:208} INFO - Processing /home/airflow/.local/lib/python3.12/site-packages/airflow/example_dags/example_params_trigger_ui.py took 0.076 seconds
[2025-02-19T09:49:46.071+0000] {processor.py:186} INFO - Started process (PID=1530) to work on /home/airflow/.local/lib/python3.12/site-packages/airflow/example_dags/example_params_trigger_ui.py
[2025-02-19T09:49:46.072+0000] {processor.py:914} INFO - Processing file /home/airflow/.local/lib/python3.12/site-packages/airflow/example_dags/example_params_trigger_ui.py for tasks to queue
[2025-02-19T09:49:46.074+0000] {logging_mixin.py:190} INFO - [2025-02-19T09:49:46.074+0000] {dagbag.py:587} INFO - Filling up the DagBag from /home/airflow/.local/lib/python3.12/site-packages/airflow/example_dags/example_params_trigger_ui.py
[2025-02-19T09:49:46.083+0000] {processor.py:925} INFO - DAG(s) 'example_params_trigger_ui' retrieved from /home/airflow/.local/lib/python3.12/site-packages/airflow/example_dags/example_params_trigger_ui.py
[2025-02-19T09:49:46.116+0000] {logging_mixin.py:190} INFO - [2025-02-19T09:49:46.115+0000] {dag.py:3229} INFO - Sync 1 DAGs
[2025-02-19T09:49:46.127+0000] {logging_mixin.py:190} INFO - [2025-02-19T09:49:46.127+0000] {dag.py:4156} INFO - Setting next_dagrun for example_params_trigger_ui to None, run_after=None
[2025-02-19T09:49:46.142+0000] {processor.py:208} INFO - Processing /home/airflow/.local/lib/python3.12/site-packages/airflow/example_dags/example_params_trigger_ui.py took 0.075 seconds
[2025-02-19T09:50:16.531+0000] {processor.py:186} INFO - Started process (PID=1594) to work on /home/airflow/.local/lib/python3.12/site-packages/airflow/example_dags/example_params_trigger_ui.py
[2025-02-19T09:50:16.532+0000] {processor.py:914} INFO - Processing file /home/airflow/.local/lib/python3.12/site-packages/airflow/example_dags/example_params_trigger_ui.py for tasks to queue
[2025-02-19T09:50:16.534+0000] {logging_mixin.py:190} INFO - [2025-02-19T09:50:16.534+0000] {dagbag.py:587} INFO - Filling up the DagBag from /home/airflow/.local/lib/python3.12/site-packages/airflow/example_dags/example_params_trigger_ui.py
[2025-02-19T09:50:16.542+0000] {processor.py:925} INFO - DAG(s) 'example_params_trigger_ui' retrieved from /home/airflow/.local/lib/python3.12/site-packages/airflow/example_dags/example_params_trigger_ui.py
[2025-02-19T09:50:16.576+0000] {logging_mixin.py:190} INFO - [2025-02-19T09:50:16.576+0000] {dag.py:3229} INFO - Sync 1 DAGs
[2025-02-19T09:50:16.588+0000] {logging_mixin.py:190} INFO - [2025-02-19T09:50:16.588+0000] {dag.py:4156} INFO - Setting next_dagrun for example_params_trigger_ui to None, run_after=None
[2025-02-19T09:50:16.604+0000] {processor.py:208} INFO - Processing /home/airflow/.local/lib/python3.12/site-packages/airflow/example_dags/example_params_trigger_ui.py took 0.076 seconds
[2025-02-19T09:50:47.037+0000] {processor.py:186} INFO - Started process (PID=1658) to work on /home/airflow/.local/lib/python3.12/site-packages/airflow/example_dags/example_params_trigger_ui.py
[2025-02-19T09:50:47.038+0000] {processor.py:914} INFO - Processing file /home/airflow/.local/lib/python3.12/site-packages/airflow/example_dags/example_params_trigger_ui.py for tasks to queue
[2025-02-19T09:50:47.039+0000] {logging_mixin.py:190} INFO - [2025-02-19T09:50:47.039+0000] {dagbag.py:587} INFO - Filling up the DagBag from /home/airflow/.local/lib/python3.12/site-packages/airflow/example_dags/example_params_trigger_ui.py
[2025-02-19T09:50:47.049+0000] {processor.py:925} INFO - DAG(s) 'example_params_trigger_ui' retrieved from /home/airflow/.local/lib/python3.12/site-packages/airflow/example_dags/example_params_trigger_ui.py
[2025-02-19T09:50:47.083+0000] {logging_mixin.py:190} INFO - [2025-02-19T09:50:47.082+0000] {dag.py:3229} INFO - Sync 1 DAGs
[2025-02-19T09:50:47.093+0000] {logging_mixin.py:190} INFO - [2025-02-19T09:50:47.093+0000] {dag.py:4156} INFO - Setting next_dagrun for example_params_trigger_ui to None, run_after=None
[2025-02-19T09:50:47.108+0000] {processor.py:208} INFO - Processing /home/airflow/.local/lib/python3.12/site-packages/airflow/example_dags/example_params_trigger_ui.py took 0.075 seconds
[2025-02-19T09:51:17.264+0000] {processor.py:186} INFO - Started process (PID=1722) to work on /home/airflow/.local/lib/python3.12/site-packages/airflow/example_dags/example_params_trigger_ui.py
[2025-02-19T09:51:17.266+0000] {processor.py:914} INFO - Processing file /home/airflow/.local/lib/python3.12/site-packages/airflow/example_dags/example_params_trigger_ui.py for tasks to queue
[2025-02-19T09:51:17.268+0000] {logging_mixin.py:190} INFO - [2025-02-19T09:51:17.267+0000] {dagbag.py:587} INFO - Filling up the DagBag from /home/airflow/.local/lib/python3.12/site-packages/airflow/example_dags/example_params_trigger_ui.py
[2025-02-19T09:51:17.277+0000] {processor.py:925} INFO - DAG(s) 'example_params_trigger_ui' retrieved from /home/airflow/.local/lib/python3.12/site-packages/airflow/example_dags/example_params_trigger_ui.py
[2025-02-19T09:51:17.315+0000] {logging_mixin.py:190} INFO - [2025-02-19T09:51:17.315+0000] {dag.py:3229} INFO - Sync 1 DAGs
[2025-02-19T09:51:17.328+0000] {logging_mixin.py:190} INFO - [2025-02-19T09:51:17.328+0000] {dag.py:4156} INFO - Setting next_dagrun for example_params_trigger_ui to None, run_after=None
[2025-02-19T09:51:17.347+0000] {processor.py:208} INFO - Processing /home/airflow/.local/lib/python3.12/site-packages/airflow/example_dags/example_params_trigger_ui.py took 0.088 seconds
[2025-02-19T09:51:47.497+0000] {processor.py:186} INFO - Started process (PID=1786) to work on /home/airflow/.local/lib/python3.12/site-packages/airflow/example_dags/example_params_trigger_ui.py
[2025-02-19T09:51:47.499+0000] {processor.py:914} INFO - Processing file /home/airflow/.local/lib/python3.12/site-packages/airflow/example_dags/example_params_trigger_ui.py for tasks to queue
[2025-02-19T09:51:47.501+0000] {logging_mixin.py:190} INFO - [2025-02-19T09:51:47.501+0000] {dagbag.py:587} INFO - Filling up the DagBag from /home/airflow/.local/lib/python3.12/site-packages/airflow/example_dags/example_params_trigger_ui.py
[2025-02-19T09:51:47.510+0000] {processor.py:925} INFO - DAG(s) 'example_params_trigger_ui' retrieved from /home/airflow/.local/lib/python3.12/site-packages/airflow/example_dags/example_params_trigger_ui.py
[2025-02-19T09:51:47.545+0000] {logging_mixin.py:190} INFO - [2025-02-19T09:51:47.544+0000] {dag.py:3229} INFO - Sync 1 DAGs
[2025-02-19T09:51:47.558+0000] {logging_mixin.py:190} INFO - [2025-02-19T09:51:47.557+0000] {dag.py:4156} INFO - Setting next_dagrun for example_params_trigger_ui to None, run_after=None
[2025-02-19T09:51:47.575+0000] {processor.py:208} INFO - Processing /home/airflow/.local/lib/python3.12/site-packages/airflow/example_dags/example_params_trigger_ui.py took 0.083 seconds
[2025-02-19T09:52:17.875+0000] {processor.py:186} INFO - Started process (PID=1850) to work on /home/airflow/.local/lib/python3.12/site-packages/airflow/example_dags/example_params_trigger_ui.py
[2025-02-19T09:52:17.876+0000] {processor.py:914} INFO - Processing file /home/airflow/.local/lib/python3.12/site-packages/airflow/example_dags/example_params_trigger_ui.py for tasks to queue
[2025-02-19T09:52:17.878+0000] {logging_mixin.py:190} INFO - [2025-02-19T09:52:17.877+0000] {dagbag.py:587} INFO - Filling up the DagBag from /home/airflow/.local/lib/python3.12/site-packages/airflow/example_dags/example_params_trigger_ui.py
[2025-02-19T09:52:17.886+0000] {processor.py:925} INFO - DAG(s) 'example_params_trigger_ui' retrieved from /home/airflow/.local/lib/python3.12/site-packages/airflow/example_dags/example_params_trigger_ui.py
[2025-02-19T09:52:17.918+0000] {logging_mixin.py:190} INFO - [2025-02-19T09:52:17.918+0000] {dag.py:3229} INFO - Sync 1 DAGs
[2025-02-19T09:52:17.928+0000] {logging_mixin.py:190} INFO - [2025-02-19T09:52:17.928+0000] {dag.py:4156} INFO - Setting next_dagrun for example_params_trigger_ui to None, run_after=None
[2025-02-19T09:52:17.944+0000] {processor.py:208} INFO - Processing /home/airflow/.local/lib/python3.12/site-packages/airflow/example_dags/example_params_trigger_ui.py took 0.073 seconds
[2025-02-19T09:52:48.192+0000] {processor.py:186} INFO - Started process (PID=1914) to work on /home/airflow/.local/lib/python3.12/site-packages/airflow/example_dags/example_params_trigger_ui.py
[2025-02-19T09:52:48.193+0000] {processor.py:914} INFO - Processing file /home/airflow/.local/lib/python3.12/site-packages/airflow/example_dags/example_params_trigger_ui.py for tasks to queue
[2025-02-19T09:52:48.196+0000] {logging_mixin.py:190} INFO - [2025-02-19T09:52:48.195+0000] {dagbag.py:587} INFO - Filling up the DagBag from /home/airflow/.local/lib/python3.12/site-packages/airflow/example_dags/example_params_trigger_ui.py
[2025-02-19T09:52:48.205+0000] {processor.py:925} INFO - DAG(s) 'example_params_trigger_ui' retrieved from /home/airflow/.local/lib/python3.12/site-packages/airflow/example_dags/example_params_trigger_ui.py
[2025-02-19T09:52:48.241+0000] {logging_mixin.py:190} INFO - [2025-02-19T09:52:48.241+0000] {dag.py:3229} INFO - Sync 1 DAGs
[2025-02-19T09:52:48.253+0000] {logging_mixin.py:190} INFO - [2025-02-19T09:52:48.253+0000] {dag.py:4156} INFO - Setting next_dagrun for example_params_trigger_ui to None, run_after=None
[2025-02-19T09:52:48.270+0000] {processor.py:208} INFO - Processing /home/airflow/.local/lib/python3.12/site-packages/airflow/example_dags/example_params_trigger_ui.py took 0.082 seconds
[2025-02-19T09:53:18.472+0000] {processor.py:186} INFO - Started process (PID=1978) to work on /home/airflow/.local/lib/python3.12/site-packages/airflow/example_dags/example_params_trigger_ui.py
[2025-02-19T09:53:18.473+0000] {processor.py:914} INFO - Processing file /home/airflow/.local/lib/python3.12/site-packages/airflow/example_dags/example_params_trigger_ui.py for tasks to queue
[2025-02-19T09:53:18.475+0000] {logging_mixin.py:190} INFO - [2025-02-19T09:53:18.475+0000] {dagbag.py:587} INFO - Filling up the DagBag from /home/airflow/.local/lib/python3.12/site-packages/airflow/example_dags/example_params_trigger_ui.py
[2025-02-19T09:53:18.485+0000] {processor.py:925} INFO - DAG(s) 'example_params_trigger_ui' retrieved from /home/airflow/.local/lib/python3.12/site-packages/airflow/example_dags/example_params_trigger_ui.py
[2025-02-19T09:53:18.525+0000] {logging_mixin.py:190} INFO - [2025-02-19T09:53:18.525+0000] {dag.py:3229} INFO - Sync 1 DAGs
[2025-02-19T09:53:18.542+0000] {logging_mixin.py:190} INFO - [2025-02-19T09:53:18.541+0000] {dag.py:4156} INFO - Setting next_dagrun for example_params_trigger_ui to None, run_after=None
[2025-02-19T09:53:18.563+0000] {processor.py:208} INFO - Processing /home/airflow/.local/lib/python3.12/site-packages/airflow/example_dags/example_params_trigger_ui.py took 0.095 seconds
[2025-02-19T09:53:48.672+0000] {processor.py:186} INFO - Started process (PID=2042) to work on /home/airflow/.local/lib/python3.12/site-packages/airflow/example_dags/example_params_trigger_ui.py
[2025-02-19T09:53:48.673+0000] {processor.py:914} INFO - Processing file /home/airflow/.local/lib/python3.12/site-packages/airflow/example_dags/example_params_trigger_ui.py for tasks to queue
[2025-02-19T09:53:48.675+0000] {logging_mixin.py:190} INFO - [2025-02-19T09:53:48.674+0000] {dagbag.py:587} INFO - Filling up the DagBag from /home/airflow/.local/lib/python3.12/site-packages/airflow/example_dags/example_params_trigger_ui.py
[2025-02-19T09:53:48.683+0000] {processor.py:925} INFO - DAG(s) 'example_params_trigger_ui' retrieved from /home/airflow/.local/lib/python3.12/site-packages/airflow/example_dags/example_params_trigger_ui.py
[2025-02-19T09:53:48.716+0000] {logging_mixin.py:190} INFO - [2025-02-19T09:53:48.716+0000] {dag.py:3229} INFO - Sync 1 DAGs
[2025-02-19T09:53:48.728+0000] {logging_mixin.py:190} INFO - [2025-02-19T09:53:48.727+0000] {dag.py:4156} INFO - Setting next_dagrun for example_params_trigger_ui to None, run_after=None
[2025-02-19T09:53:48.744+0000] {processor.py:208} INFO - Processing /home/airflow/.local/lib/python3.12/site-packages/airflow/example_dags/example_params_trigger_ui.py took 0.076 seconds
[2025-02-19T09:54:19.218+0000] {processor.py:186} INFO - Started process (PID=2106) to work on /home/airflow/.local/lib/python3.12/site-packages/airflow/example_dags/example_params_trigger_ui.py
[2025-02-19T09:54:19.219+0000] {processor.py:914} INFO - Processing file /home/airflow/.local/lib/python3.12/site-packages/airflow/example_dags/example_params_trigger_ui.py for tasks to queue
[2025-02-19T09:54:19.221+0000] {logging_mixin.py:190} INFO - [2025-02-19T09:54:19.220+0000] {dagbag.py:587} INFO - Filling up the DagBag from /home/airflow/.local/lib/python3.12/site-packages/airflow/example_dags/example_params_trigger_ui.py
[2025-02-19T09:54:19.230+0000] {processor.py:925} INFO - DAG(s) 'example_params_trigger_ui' retrieved from /home/airflow/.local/lib/python3.12/site-packages/airflow/example_dags/example_params_trigger_ui.py
[2025-02-19T09:54:19.267+0000] {logging_mixin.py:190} INFO - [2025-02-19T09:54:19.266+0000] {dag.py:3229} INFO - Sync 1 DAGs
[2025-02-19T09:54:19.278+0000] {logging_mixin.py:190} INFO - [2025-02-19T09:54:19.278+0000] {dag.py:4156} INFO - Setting next_dagrun for example_params_trigger_ui to None, run_after=None
[2025-02-19T09:54:19.293+0000] {processor.py:208} INFO - Processing /home/airflow/.local/lib/python3.12/site-packages/airflow/example_dags/example_params_trigger_ui.py took 0.080 seconds
[2025-02-19T09:54:49.382+0000] {processor.py:186} INFO - Started process (PID=2170) to work on /home/airflow/.local/lib/python3.12/site-packages/airflow/example_dags/example_params_trigger_ui.py
[2025-02-19T09:54:49.384+0000] {processor.py:914} INFO - Processing file /home/airflow/.local/lib/python3.12/site-packages/airflow/example_dags/example_params_trigger_ui.py for tasks to queue
[2025-02-19T09:54:49.385+0000] {logging_mixin.py:190} INFO - [2025-02-19T09:54:49.385+0000] {dagbag.py:587} INFO - Filling up the DagBag from /home/airflow/.local/lib/python3.12/site-packages/airflow/example_dags/example_params_trigger_ui.py
[2025-02-19T09:54:49.394+0000] {processor.py:925} INFO - DAG(s) 'example_params_trigger_ui' retrieved from /home/airflow/.local/lib/python3.12/site-packages/airflow/example_dags/example_params_trigger_ui.py
[2025-02-19T09:54:49.427+0000] {logging_mixin.py:190} INFO - [2025-02-19T09:54:49.426+0000] {dag.py:3229} INFO - Sync 1 DAGs
[2025-02-19T09:54:49.438+0000] {logging_mixin.py:190} INFO - [2025-02-19T09:54:49.438+0000] {dag.py:4156} INFO - Setting next_dagrun for example_params_trigger_ui to None, run_after=None
[2025-02-19T09:54:49.451+0000] {processor.py:208} INFO - Processing /home/airflow/.local/lib/python3.12/site-packages/airflow/example_dags/example_params_trigger_ui.py took 0.073 seconds
[2025-02-19T09:55:19.798+0000] {processor.py:186} INFO - Started process (PID=2235) to work on /home/airflow/.local/lib/python3.12/site-packages/airflow/example_dags/example_params_trigger_ui.py
[2025-02-19T09:55:19.799+0000] {processor.py:914} INFO - Processing file /home/airflow/.local/lib/python3.12/site-packages/airflow/example_dags/example_params_trigger_ui.py for tasks to queue
[2025-02-19T09:55:19.801+0000] {logging_mixin.py:190} INFO - [2025-02-19T09:55:19.801+0000] {dagbag.py:587} INFO - Filling up the DagBag from /home/airflow/.local/lib/python3.12/site-packages/airflow/example_dags/example_params_trigger_ui.py
[2025-02-19T09:55:19.810+0000] {processor.py:925} INFO - DAG(s) 'example_params_trigger_ui' retrieved from /home/airflow/.local/lib/python3.12/site-packages/airflow/example_dags/example_params_trigger_ui.py
[2025-02-19T09:55:19.843+0000] {logging_mixin.py:190} INFO - [2025-02-19T09:55:19.843+0000] {dag.py:3229} INFO - Sync 1 DAGs
[2025-02-19T09:55:19.854+0000] {logging_mixin.py:190} INFO - [2025-02-19T09:55:19.854+0000] {dag.py:4156} INFO - Setting next_dagrun for example_params_trigger_ui to None, run_after=None
[2025-02-19T09:55:19.871+0000] {processor.py:208} INFO - Processing /home/airflow/.local/lib/python3.12/site-packages/airflow/example_dags/example_params_trigger_ui.py took 0.076 seconds
[2025-02-19T09:55:50.233+0000] {processor.py:186} INFO - Started process (PID=2299) to work on /home/airflow/.local/lib/python3.12/site-packages/airflow/example_dags/example_params_trigger_ui.py
[2025-02-19T09:55:50.234+0000] {processor.py:914} INFO - Processing file /home/airflow/.local/lib/python3.12/site-packages/airflow/example_dags/example_params_trigger_ui.py for tasks to queue
[2025-02-19T09:55:50.236+0000] {logging_mixin.py:190} INFO - [2025-02-19T09:55:50.236+0000] {dagbag.py:587} INFO - Filling up the DagBag from /home/airflow/.local/lib/python3.12/site-packages/airflow/example_dags/example_params_trigger_ui.py
[2025-02-19T09:55:50.247+0000] {processor.py:925} INFO - DAG(s) 'example_params_trigger_ui' retrieved from /home/airflow/.local/lib/python3.12/site-packages/airflow/example_dags/example_params_trigger_ui.py
[2025-02-19T09:55:50.284+0000] {logging_mixin.py:190} INFO - [2025-02-19T09:55:50.283+0000] {dag.py:3229} INFO - Sync 1 DAGs
[2025-02-19T09:55:50.296+0000] {logging_mixin.py:190} INFO - [2025-02-19T09:55:50.296+0000] {dag.py:4156} INFO - Setting next_dagrun for example_params_trigger_ui to None, run_after=None
[2025-02-19T09:55:50.314+0000] {processor.py:208} INFO - Processing /home/airflow/.local/lib/python3.12/site-packages/airflow/example_dags/example_params_trigger_ui.py took 0.087 seconds
[2025-02-19T09:56:20.538+0000] {processor.py:186} INFO - Started process (PID=2363) to work on /home/airflow/.local/lib/python3.12/site-packages/airflow/example_dags/example_params_trigger_ui.py
[2025-02-19T09:56:20.539+0000] {processor.py:914} INFO - Processing file /home/airflow/.local/lib/python3.12/site-packages/airflow/example_dags/example_params_trigger_ui.py for tasks to queue
[2025-02-19T09:56:20.541+0000] {logging_mixin.py:190} INFO - [2025-02-19T09:56:20.541+0000] {dagbag.py:587} INFO - Filling up the DagBag from /home/airflow/.local/lib/python3.12/site-packages/airflow/example_dags/example_params_trigger_ui.py
[2025-02-19T09:56:20.550+0000] {processor.py:925} INFO - DAG(s) 'example_params_trigger_ui' retrieved from /home/airflow/.local/lib/python3.12/site-packages/airflow/example_dags/example_params_trigger_ui.py
[2025-02-19T09:56:20.584+0000] {logging_mixin.py:190} INFO - [2025-02-19T09:56:20.583+0000] {dag.py:3229} INFO - Sync 1 DAGs
[2025-02-19T09:56:20.594+0000] {logging_mixin.py:190} INFO - [2025-02-19T09:56:20.594+0000] {dag.py:4156} INFO - Setting next_dagrun for example_params_trigger_ui to None, run_after=None
[2025-02-19T09:56:20.609+0000] {processor.py:208} INFO - Processing /home/airflow/.local/lib/python3.12/site-packages/airflow/example_dags/example_params_trigger_ui.py took 0.076 seconds
[2025-02-19T09:56:50.964+0000] {processor.py:186} INFO - Started process (PID=2428) to work on /home/airflow/.local/lib/python3.12/site-packages/airflow/example_dags/example_params_trigger_ui.py
[2025-02-19T09:56:50.965+0000] {processor.py:914} INFO - Processing file /home/airflow/.local/lib/python3.12/site-packages/airflow/example_dags/example_params_trigger_ui.py for tasks to queue
[2025-02-19T09:56:50.967+0000] {logging_mixin.py:190} INFO - [2025-02-19T09:56:50.967+0000] {dagbag.py:587} INFO - Filling up the DagBag from /home/airflow/.local/lib/python3.12/site-packages/airflow/example_dags/example_params_trigger_ui.py
[2025-02-19T09:56:50.976+0000] {processor.py:925} INFO - DAG(s) 'example_params_trigger_ui' retrieved from /home/airflow/.local/lib/python3.12/site-packages/airflow/example_dags/example_params_trigger_ui.py
[2025-02-19T09:56:51.010+0000] {logging_mixin.py:190} INFO - [2025-02-19T09:56:51.009+0000] {dag.py:3229} INFO - Sync 1 DAGs
[2025-02-19T09:56:51.022+0000] {logging_mixin.py:190} INFO - [2025-02-19T09:56:51.021+0000] {dag.py:4156} INFO - Setting next_dagrun for example_params_trigger_ui to None, run_after=None
[2025-02-19T09:56:51.036+0000] {processor.py:208} INFO - Processing /home/airflow/.local/lib/python3.12/site-packages/airflow/example_dags/example_params_trigger_ui.py took 0.075 seconds
[2025-02-19T09:57:22.115+0000] {processor.py:186} INFO - Started process (PID=2492) to work on /home/airflow/.local/lib/python3.12/site-packages/airflow/example_dags/example_params_trigger_ui.py
[2025-02-19T09:57:22.116+0000] {processor.py:914} INFO - Processing file /home/airflow/.local/lib/python3.12/site-packages/airflow/example_dags/example_params_trigger_ui.py for tasks to queue
[2025-02-19T09:57:22.118+0000] {logging_mixin.py:190} INFO - [2025-02-19T09:57:22.118+0000] {dagbag.py:587} INFO - Filling up the DagBag from /home/airflow/.local/lib/python3.12/site-packages/airflow/example_dags/example_params_trigger_ui.py
[2025-02-19T09:57:22.128+0000] {processor.py:925} INFO - DAG(s) 'example_params_trigger_ui' retrieved from /home/airflow/.local/lib/python3.12/site-packages/airflow/example_dags/example_params_trigger_ui.py
[2025-02-19T09:57:22.164+0000] {logging_mixin.py:190} INFO - [2025-02-19T09:57:22.164+0000] {dag.py:3229} INFO - Sync 1 DAGs
[2025-02-19T09:57:22.178+0000] {logging_mixin.py:190} INFO - [2025-02-19T09:57:22.177+0000] {dag.py:4156} INFO - Setting next_dagrun for example_params_trigger_ui to None, run_after=None
[2025-02-19T09:57:22.197+0000] {processor.py:208} INFO - Processing /home/airflow/.local/lib/python3.12/site-packages/airflow/example_dags/example_params_trigger_ui.py took 0.086 seconds
[2025-02-19T09:57:52.384+0000] {processor.py:186} INFO - Started process (PID=2556) to work on /home/airflow/.local/lib/python3.12/site-packages/airflow/example_dags/example_params_trigger_ui.py
[2025-02-19T09:57:52.385+0000] {processor.py:914} INFO - Processing file /home/airflow/.local/lib/python3.12/site-packages/airflow/example_dags/example_params_trigger_ui.py for tasks to queue
[2025-02-19T09:57:52.387+0000] {logging_mixin.py:190} INFO - [2025-02-19T09:57:52.386+0000] {dagbag.py:587} INFO - Filling up the DagBag from /home/airflow/.local/lib/python3.12/site-packages/airflow/example_dags/example_params_trigger_ui.py
[2025-02-19T09:57:52.394+0000] {processor.py:925} INFO - DAG(s) 'example_params_trigger_ui' retrieved from /home/airflow/.local/lib/python3.12/site-packages/airflow/example_dags/example_params_trigger_ui.py
[2025-02-19T09:57:52.428+0000] {logging_mixin.py:190} INFO - [2025-02-19T09:57:52.428+0000] {dag.py:3229} INFO - Sync 1 DAGs
[2025-02-19T09:57:52.439+0000] {logging_mixin.py:190} INFO - [2025-02-19T09:57:52.439+0000] {dag.py:4156} INFO - Setting next_dagrun for example_params_trigger_ui to None, run_after=None
[2025-02-19T09:57:52.455+0000] {processor.py:208} INFO - Processing /home/airflow/.local/lib/python3.12/site-packages/airflow/example_dags/example_params_trigger_ui.py took 0.075 seconds
[2025-02-19T09:58:23.148+0000] {processor.py:186} INFO - Started process (PID=2621) to work on /home/airflow/.local/lib/python3.12/site-packages/airflow/example_dags/example_params_trigger_ui.py
[2025-02-19T09:58:23.149+0000] {processor.py:914} INFO - Processing file /home/airflow/.local/lib/python3.12/site-packages/airflow/example_dags/example_params_trigger_ui.py for tasks to queue
[2025-02-19T09:58:23.151+0000] {logging_mixin.py:190} INFO - [2025-02-19T09:58:23.151+0000] {dagbag.py:587} INFO - Filling up the DagBag from /home/airflow/.local/lib/python3.12/site-packages/airflow/example_dags/example_params_trigger_ui.py
[2025-02-19T09:58:23.159+0000] {processor.py:925} INFO - DAG(s) 'example_params_trigger_ui' retrieved from /home/airflow/.local/lib/python3.12/site-packages/airflow/example_dags/example_params_trigger_ui.py
[2025-02-19T09:58:23.194+0000] {logging_mixin.py:190} INFO - [2025-02-19T09:58:23.193+0000] {dag.py:3229} INFO - Sync 1 DAGs
[2025-02-19T09:58:23.206+0000] {logging_mixin.py:190} INFO - [2025-02-19T09:58:23.205+0000] {dag.py:4156} INFO - Setting next_dagrun for example_params_trigger_ui to None, run_after=None
[2025-02-19T09:58:23.220+0000] {processor.py:208} INFO - Processing /home/airflow/.local/lib/python3.12/site-packages/airflow/example_dags/example_params_trigger_ui.py took 0.076 seconds
[2025-02-19T09:58:54.343+0000] {processor.py:186} INFO - Started process (PID=2690) to work on /home/airflow/.local/lib/python3.12/site-packages/airflow/example_dags/example_params_trigger_ui.py
[2025-02-19T09:58:54.344+0000] {processor.py:914} INFO - Processing file /home/airflow/.local/lib/python3.12/site-packages/airflow/example_dags/example_params_trigger_ui.py for tasks to queue
[2025-02-19T09:58:54.346+0000] {logging_mixin.py:190} INFO - [2025-02-19T09:58:54.346+0000] {dagbag.py:587} INFO - Filling up the DagBag from /home/airflow/.local/lib/python3.12/site-packages/airflow/example_dags/example_params_trigger_ui.py
[2025-02-19T09:58:54.354+0000] {processor.py:925} INFO - DAG(s) 'example_params_trigger_ui' retrieved from /home/airflow/.local/lib/python3.12/site-packages/airflow/example_dags/example_params_trigger_ui.py
[2025-02-19T09:58:54.386+0000] {logging_mixin.py:190} INFO - [2025-02-19T09:58:54.386+0000] {dag.py:3229} INFO - Sync 1 DAGs
[2025-02-19T09:58:54.397+0000] {logging_mixin.py:190} INFO - [2025-02-19T09:58:54.397+0000] {dag.py:4156} INFO - Setting next_dagrun for example_params_trigger_ui to None, run_after=None
[2025-02-19T09:58:54.413+0000] {processor.py:208} INFO - Processing /home/airflow/.local/lib/python3.12/site-packages/airflow/example_dags/example_params_trigger_ui.py took 0.074 seconds
[2025-02-19T09:59:25.379+0000] {processor.py:186} INFO - Started process (PID=2754) to work on /home/airflow/.local/lib/python3.12/site-packages/airflow/example_dags/example_params_trigger_ui.py
[2025-02-19T09:59:25.380+0000] {processor.py:914} INFO - Processing file /home/airflow/.local/lib/python3.12/site-packages/airflow/example_dags/example_params_trigger_ui.py for tasks to queue
[2025-02-19T09:59:25.382+0000] {logging_mixin.py:190} INFO - [2025-02-19T09:59:25.382+0000] {dagbag.py:587} INFO - Filling up the DagBag from /home/airflow/.local/lib/python3.12/site-packages/airflow/example_dags/example_params_trigger_ui.py
[2025-02-19T09:59:25.391+0000] {processor.py:925} INFO - DAG(s) 'example_params_trigger_ui' retrieved from /home/airflow/.local/lib/python3.12/site-packages/airflow/example_dags/example_params_trigger_ui.py
[2025-02-19T09:59:25.424+0000] {logging_mixin.py:190} INFO - [2025-02-19T09:59:25.424+0000] {dag.py:3229} INFO - Sync 1 DAGs
[2025-02-19T09:59:25.435+0000] {logging_mixin.py:190} INFO - [2025-02-19T09:59:25.435+0000] {dag.py:4156} INFO - Setting next_dagrun for example_params_trigger_ui to None, run_after=None
[2025-02-19T09:59:25.449+0000] {processor.py:208} INFO - Processing /home/airflow/.local/lib/python3.12/site-packages/airflow/example_dags/example_params_trigger_ui.py took 0.075 seconds
[2025-02-19T10:23:14.735+0000] {logging_mixin.py:190} INFO - [2025-02-19T10:23:14.735+0000] {settings.py:475} DEBUG - Setting up DB connection pool (PID 103)
[2025-02-19T10:23:14.737+0000] {logging_mixin.py:190} INFO - [2025-02-19T10:23:14.736+0000] {settings.py:579} DEBUG - settings.prepare_engine_args(): Using pool settings. pool_size=5, max_overflow=10, pool_recycle=1800, pid=103
[2025-02-19T10:23:14.741+0000] {processor.py:186} INFO - Started process (PID=103) to work on /home/airflow/.local/lib/python3.12/site-packages/airflow/example_dags/example_params_trigger_ui.py
[2025-02-19T10:23:14.742+0000] {processor.py:914} INFO - Processing file /home/airflow/.local/lib/python3.12/site-packages/airflow/example_dags/example_params_trigger_ui.py for tasks to queue
[2025-02-19T10:23:14.742+0000] {logging_mixin.py:190} INFO - [2025-02-19T10:23:14.742+0000] {dagbag.py:587} INFO - Filling up the DagBag from /home/airflow/.local/lib/python3.12/site-packages/airflow/example_dags/example_params_trigger_ui.py
[2025-02-19T10:23:14.743+0000] {logging_mixin.py:190} INFO - [2025-02-19T10:23:14.743+0000] {dagbag.py:368} DEBUG - Importing /home/airflow/.local/lib/python3.12/site-packages/airflow/example_dags/example_params_trigger_ui.py
[2025-02-19T10:23:14.760+0000] {logging_mixin.py:190} INFO - [2025-02-19T10:23:14.759+0000] {dagbag.py:553} DEBUG - Loaded DAG <DAG: example_params_trigger_ui>
[2025-02-19T10:23:14.760+0000] {processor.py:925} INFO - DAG(s) 'example_params_trigger_ui' retrieved from /home/airflow/.local/lib/python3.12/site-packages/airflow/example_dags/example_params_trigger_ui.py
[2025-02-19T10:23:14.761+0000] {logging_mixin.py:190} INFO - [2025-02-19T10:23:14.761+0000] {dagbag.py:710} DEBUG - Running dagbag.sync_to_db with retries. Try 1 of 3
[2025-02-19T10:23:14.761+0000] {logging_mixin.py:190} INFO - [2025-02-19T10:23:14.761+0000] {dagbag.py:715} DEBUG - Calling the DAG.bulk_sync_to_db method
[2025-02-19T10:23:14.774+0000] {logging_mixin.py:190} INFO - [2025-02-19T10:23:14.773+0000] {serialized_dag.py:168} DEBUG - Checking if DAG (example_params_trigger_ui) changed
[2025-02-19T10:23:14.780+0000] {logging_mixin.py:190} INFO - [2025-02-19T10:23:14.779+0000] {serialized_objects.py:780} DEBUG - Cast type <class 'airflow.models.param.ParamsDict'> to str in serialization.
[2025-02-19T10:23:14.785+0000] {logging_mixin.py:190} INFO - [2025-02-19T10:23:14.785+0000] {serialized_objects.py:780} DEBUG - Cast type <class 'airflow.models.param.ParamsDict'> to str in serialization.
[2025-02-19T10:23:14.790+0000] {logging_mixin.py:190} INFO - [2025-02-19T10:23:14.790+0000] {serialized_objects.py:780} DEBUG - Cast type <class 'airflow.models.param.ParamsDict'> to str in serialization.
[2025-02-19T10:23:14.794+0000] {logging_mixin.py:190} INFO - [2025-02-19T10:23:14.794+0000] {serialized_objects.py:780} DEBUG - Cast type <class 'airflow.models.param.ParamsDict'> to str in serialization.
[2025-02-19T10:23:14.797+0000] {logging_mixin.py:190} INFO - [2025-02-19T10:23:14.797+0000] {serialized_objects.py:780} DEBUG - Cast type <class 'airflow.models.param.ParamsDict'> to str in serialization.
[2025-02-19T10:23:14.801+0000] {logging_mixin.py:190} INFO - [2025-02-19T10:23:14.800+0000] {serialized_objects.py:780} DEBUG - Cast type <class 'airflow.models.param.ParamsDict'> to str in serialization.
[2025-02-19T10:23:14.807+0000] {logging_mixin.py:190} INFO - [2025-02-19T10:23:14.807+0000] {serialized_dag.py:179} DEBUG - Serialized DAG (example_params_trigger_ui) is unchanged. Skipping writing to DB
[2025-02-19T10:23:14.807+0000] {logging_mixin.py:190} INFO - [2025-02-19T10:23:14.807+0000] {dag.py:3229} INFO - Sync 1 DAGs
[2025-02-19T10:23:14.821+0000] {logging_mixin.py:190} INFO - [2025-02-19T10:23:14.820+0000] {dag.py:4156} INFO - Setting next_dagrun for example_params_trigger_ui to None, run_after=None
[2025-02-19T10:23:14.840+0000] {processor.py:208} INFO - Processing /home/airflow/.local/lib/python3.12/site-packages/airflow/example_dags/example_params_trigger_ui.py took 0.106 seconds
[2025-02-19T10:23:57.641+0000] {logging_mixin.py:190} INFO - [2025-02-19T10:23:57.640+0000] {settings.py:475} DEBUG - Setting up DB connection pool (PID 167)
[2025-02-19T10:23:57.682+0000] {logging_mixin.py:190} INFO - [2025-02-19T10:23:57.682+0000] {settings.py:579} DEBUG - settings.prepare_engine_args(): Using pool settings. pool_size=5, max_overflow=10, pool_recycle=1800, pid=167
[2025-02-19T10:23:57.687+0000] {processor.py:186} INFO - Started process (PID=167) to work on /home/airflow/.local/lib/python3.12/site-packages/airflow/example_dags/example_params_trigger_ui.py
[2025-02-19T10:23:57.687+0000] {processor.py:914} INFO - Processing file /home/airflow/.local/lib/python3.12/site-packages/airflow/example_dags/example_params_trigger_ui.py for tasks to queue
[2025-02-19T10:23:57.688+0000] {logging_mixin.py:190} INFO - [2025-02-19T10:23:57.687+0000] {dagbag.py:587} INFO - Filling up the DagBag from /home/airflow/.local/lib/python3.12/site-packages/airflow/example_dags/example_params_trigger_ui.py
[2025-02-19T10:23:57.688+0000] {logging_mixin.py:190} INFO - [2025-02-19T10:23:57.688+0000] {dagbag.py:368} DEBUG - Importing /home/airflow/.local/lib/python3.12/site-packages/airflow/example_dags/example_params_trigger_ui.py
[2025-02-19T10:23:57.698+0000] {logging_mixin.py:190} INFO - [2025-02-19T10:23:57.697+0000] {dagbag.py:553} DEBUG - Loaded DAG <DAG: example_params_trigger_ui>
[2025-02-19T10:23:57.698+0000] {processor.py:925} INFO - DAG(s) 'example_params_trigger_ui' retrieved from /home/airflow/.local/lib/python3.12/site-packages/airflow/example_dags/example_params_trigger_ui.py
[2025-02-19T10:23:57.699+0000] {logging_mixin.py:190} INFO - [2025-02-19T10:23:57.699+0000] {dagbag.py:710} DEBUG - Running dagbag.sync_to_db with retries. Try 1 of 3
[2025-02-19T10:23:57.699+0000] {logging_mixin.py:190} INFO - [2025-02-19T10:23:57.699+0000] {dagbag.py:715} DEBUG - Calling the DAG.bulk_sync_to_db method
[2025-02-19T10:23:57.707+0000] {logging_mixin.py:190} INFO - [2025-02-19T10:23:57.707+0000] {serialized_dag.py:168} DEBUG - Checking if DAG (example_params_trigger_ui) changed
[2025-02-19T10:23:57.712+0000] {logging_mixin.py:190} INFO - [2025-02-19T10:23:57.712+0000] {serialized_objects.py:780} DEBUG - Cast type <class 'airflow.models.param.ParamsDict'> to str in serialization.
[2025-02-19T10:23:57.716+0000] {logging_mixin.py:190} INFO - [2025-02-19T10:23:57.716+0000] {serialized_objects.py:780} DEBUG - Cast type <class 'airflow.models.param.ParamsDict'> to str in serialization.
[2025-02-19T10:23:57.720+0000] {logging_mixin.py:190} INFO - [2025-02-19T10:23:57.720+0000] {serialized_objects.py:780} DEBUG - Cast type <class 'airflow.models.param.ParamsDict'> to str in serialization.
[2025-02-19T10:23:57.724+0000] {logging_mixin.py:190} INFO - [2025-02-19T10:23:57.724+0000] {serialized_objects.py:780} DEBUG - Cast type <class 'airflow.models.param.ParamsDict'> to str in serialization.
[2025-02-19T10:23:57.727+0000] {logging_mixin.py:190} INFO - [2025-02-19T10:23:57.727+0000] {serialized_objects.py:780} DEBUG - Cast type <class 'airflow.models.param.ParamsDict'> to str in serialization.
[2025-02-19T10:23:57.731+0000] {logging_mixin.py:190} INFO - [2025-02-19T10:23:57.731+0000] {serialized_objects.py:780} DEBUG - Cast type <class 'airflow.models.param.ParamsDict'> to str in serialization.
[2025-02-19T10:23:57.736+0000] {logging_mixin.py:190} INFO - [2025-02-19T10:23:57.736+0000] {serialized_dag.py:179} DEBUG - Serialized DAG (example_params_trigger_ui) is unchanged. Skipping writing to DB
[2025-02-19T10:23:57.737+0000] {logging_mixin.py:190} INFO - [2025-02-19T10:23:57.737+0000] {dag.py:3229} INFO - Sync 1 DAGs
[2025-02-19T10:23:57.749+0000] {logging_mixin.py:190} INFO - [2025-02-19T10:23:57.749+0000] {dag.py:4156} INFO - Setting next_dagrun for example_params_trigger_ui to None, run_after=None
[2025-02-19T10:23:57.856+0000] {processor.py:208} INFO - Processing /home/airflow/.local/lib/python3.12/site-packages/airflow/example_dags/example_params_trigger_ui.py took 0.216 seconds
[2025-02-19T10:24:28.608+0000] {logging_mixin.py:190} INFO - [2025-02-19T10:24:28.607+0000] {settings.py:475} DEBUG - Setting up DB connection pool (PID 231)
[2025-02-19T10:24:28.609+0000] {logging_mixin.py:190} INFO - [2025-02-19T10:24:28.608+0000] {settings.py:579} DEBUG - settings.prepare_engine_args(): Using pool settings. pool_size=5, max_overflow=10, pool_recycle=1800, pid=231
[2025-02-19T10:24:28.613+0000] {processor.py:186} INFO - Started process (PID=231) to work on /home/airflow/.local/lib/python3.12/site-packages/airflow/example_dags/example_params_trigger_ui.py
[2025-02-19T10:24:28.613+0000] {processor.py:914} INFO - Processing file /home/airflow/.local/lib/python3.12/site-packages/airflow/example_dags/example_params_trigger_ui.py for tasks to queue
[2025-02-19T10:24:28.614+0000] {logging_mixin.py:190} INFO - [2025-02-19T10:24:28.614+0000] {dagbag.py:587} INFO - Filling up the DagBag from /home/airflow/.local/lib/python3.12/site-packages/airflow/example_dags/example_params_trigger_ui.py
[2025-02-19T10:24:28.615+0000] {logging_mixin.py:190} INFO - [2025-02-19T10:24:28.615+0000] {dagbag.py:368} DEBUG - Importing /home/airflow/.local/lib/python3.12/site-packages/airflow/example_dags/example_params_trigger_ui.py
[2025-02-19T10:24:28.625+0000] {logging_mixin.py:190} INFO - [2025-02-19T10:24:28.625+0000] {dagbag.py:553} DEBUG - Loaded DAG <DAG: example_params_trigger_ui>
[2025-02-19T10:24:28.626+0000] {processor.py:925} INFO - DAG(s) 'example_params_trigger_ui' retrieved from /home/airflow/.local/lib/python3.12/site-packages/airflow/example_dags/example_params_trigger_ui.py
[2025-02-19T10:24:28.626+0000] {logging_mixin.py:190} INFO - [2025-02-19T10:24:28.626+0000] {dagbag.py:710} DEBUG - Running dagbag.sync_to_db with retries. Try 1 of 3
[2025-02-19T10:24:28.626+0000] {logging_mixin.py:190} INFO - [2025-02-19T10:24:28.626+0000] {dagbag.py:715} DEBUG - Calling the DAG.bulk_sync_to_db method
[2025-02-19T10:24:28.637+0000] {logging_mixin.py:190} INFO - [2025-02-19T10:24:28.637+0000] {serialized_dag.py:168} DEBUG - Checking if DAG (example_params_trigger_ui) changed
[2025-02-19T10:24:28.642+0000] {logging_mixin.py:190} INFO - [2025-02-19T10:24:28.642+0000] {serialized_objects.py:780} DEBUG - Cast type <class 'airflow.models.param.ParamsDict'> to str in serialization.
[2025-02-19T10:24:28.646+0000] {logging_mixin.py:190} INFO - [2025-02-19T10:24:28.646+0000] {serialized_objects.py:780} DEBUG - Cast type <class 'airflow.models.param.ParamsDict'> to str in serialization.
[2025-02-19T10:24:28.650+0000] {logging_mixin.py:190} INFO - [2025-02-19T10:24:28.650+0000] {serialized_objects.py:780} DEBUG - Cast type <class 'airflow.models.param.ParamsDict'> to str in serialization.
[2025-02-19T10:24:28.654+0000] {logging_mixin.py:190} INFO - [2025-02-19T10:24:28.654+0000] {serialized_objects.py:780} DEBUG - Cast type <class 'airflow.models.param.ParamsDict'> to str in serialization.
[2025-02-19T10:24:28.658+0000] {logging_mixin.py:190} INFO - [2025-02-19T10:24:28.658+0000] {serialized_objects.py:780} DEBUG - Cast type <class 'airflow.models.param.ParamsDict'> to str in serialization.
[2025-02-19T10:24:28.661+0000] {logging_mixin.py:190} INFO - [2025-02-19T10:24:28.661+0000] {serialized_objects.py:780} DEBUG - Cast type <class 'airflow.models.param.ParamsDict'> to str in serialization.
[2025-02-19T10:24:28.667+0000] {logging_mixin.py:190} INFO - [2025-02-19T10:24:28.667+0000] {serialized_dag.py:179} DEBUG - Serialized DAG (example_params_trigger_ui) is unchanged. Skipping writing to DB
[2025-02-19T10:24:28.667+0000] {logging_mixin.py:190} INFO - [2025-02-19T10:24:28.667+0000] {dag.py:3229} INFO - Sync 1 DAGs
[2025-02-19T10:24:28.680+0000] {logging_mixin.py:190} INFO - [2025-02-19T10:24:28.680+0000] {dag.py:4156} INFO - Setting next_dagrun for example_params_trigger_ui to None, run_after=None
[2025-02-19T10:24:28.698+0000] {processor.py:208} INFO - Processing /home/airflow/.local/lib/python3.12/site-packages/airflow/example_dags/example_params_trigger_ui.py took 0.091 seconds
[2025-02-19T10:24:59.407+0000] {logging_mixin.py:190} INFO - [2025-02-19T10:24:59.406+0000] {settings.py:475} DEBUG - Setting up DB connection pool (PID 300)
[2025-02-19T10:24:59.408+0000] {logging_mixin.py:190} INFO - [2025-02-19T10:24:59.407+0000] {settings.py:579} DEBUG - settings.prepare_engine_args(): Using pool settings. pool_size=5, max_overflow=10, pool_recycle=1800, pid=300
[2025-02-19T10:24:59.413+0000] {processor.py:186} INFO - Started process (PID=300) to work on /home/airflow/.local/lib/python3.12/site-packages/airflow/example_dags/example_params_trigger_ui.py
[2025-02-19T10:24:59.413+0000] {processor.py:914} INFO - Processing file /home/airflow/.local/lib/python3.12/site-packages/airflow/example_dags/example_params_trigger_ui.py for tasks to queue
[2025-02-19T10:24:59.414+0000] {logging_mixin.py:190} INFO - [2025-02-19T10:24:59.414+0000] {dagbag.py:587} INFO - Filling up the DagBag from /home/airflow/.local/lib/python3.12/site-packages/airflow/example_dags/example_params_trigger_ui.py
[2025-02-19T10:24:59.415+0000] {logging_mixin.py:190} INFO - [2025-02-19T10:24:59.415+0000] {dagbag.py:368} DEBUG - Importing /home/airflow/.local/lib/python3.12/site-packages/airflow/example_dags/example_params_trigger_ui.py
[2025-02-19T10:24:59.427+0000] {logging_mixin.py:190} INFO - [2025-02-19T10:24:59.426+0000] {dagbag.py:553} DEBUG - Loaded DAG <DAG: example_params_trigger_ui>
[2025-02-19T10:24:59.427+0000] {processor.py:925} INFO - DAG(s) 'example_params_trigger_ui' retrieved from /home/airflow/.local/lib/python3.12/site-packages/airflow/example_dags/example_params_trigger_ui.py
[2025-02-19T10:24:59.428+0000] {logging_mixin.py:190} INFO - [2025-02-19T10:24:59.428+0000] {dagbag.py:710} DEBUG - Running dagbag.sync_to_db with retries. Try 1 of 3
[2025-02-19T10:24:59.428+0000] {logging_mixin.py:190} INFO - [2025-02-19T10:24:59.428+0000] {dagbag.py:715} DEBUG - Calling the DAG.bulk_sync_to_db method
[2025-02-19T10:24:59.440+0000] {logging_mixin.py:190} INFO - [2025-02-19T10:24:59.440+0000] {serialized_dag.py:168} DEBUG - Checking if DAG (example_params_trigger_ui) changed
[2025-02-19T10:24:59.448+0000] {logging_mixin.py:190} INFO - [2025-02-19T10:24:59.447+0000] {serialized_objects.py:780} DEBUG - Cast type <class 'airflow.models.param.ParamsDict'> to str in serialization.
[2025-02-19T10:24:59.454+0000] {logging_mixin.py:190} INFO - [2025-02-19T10:24:59.453+0000] {serialized_objects.py:780} DEBUG - Cast type <class 'airflow.models.param.ParamsDict'> to str in serialization.
[2025-02-19T10:24:59.458+0000] {logging_mixin.py:190} INFO - [2025-02-19T10:24:59.458+0000] {serialized_objects.py:780} DEBUG - Cast type <class 'airflow.models.param.ParamsDict'> to str in serialization.
[2025-02-19T10:24:59.463+0000] {logging_mixin.py:190} INFO - [2025-02-19T10:24:59.463+0000] {serialized_objects.py:780} DEBUG - Cast type <class 'airflow.models.param.ParamsDict'> to str in serialization.
[2025-02-19T10:24:59.468+0000] {logging_mixin.py:190} INFO - [2025-02-19T10:24:59.468+0000] {serialized_objects.py:780} DEBUG - Cast type <class 'airflow.models.param.ParamsDict'> to str in serialization.
[2025-02-19T10:24:59.472+0000] {logging_mixin.py:190} INFO - [2025-02-19T10:24:59.471+0000] {serialized_objects.py:780} DEBUG - Cast type <class 'airflow.models.param.ParamsDict'> to str in serialization.
[2025-02-19T10:24:59.480+0000] {logging_mixin.py:190} INFO - [2025-02-19T10:24:59.479+0000] {serialized_dag.py:179} DEBUG - Serialized DAG (example_params_trigger_ui) is unchanged. Skipping writing to DB
[2025-02-19T10:24:59.480+0000] {logging_mixin.py:190} INFO - [2025-02-19T10:24:59.480+0000] {dag.py:3229} INFO - Sync 1 DAGs
[2025-02-19T10:24:59.494+0000] {logging_mixin.py:190} INFO - [2025-02-19T10:24:59.494+0000] {dag.py:4156} INFO - Setting next_dagrun for example_params_trigger_ui to None, run_after=None
[2025-02-19T10:24:59.514+0000] {processor.py:208} INFO - Processing /home/airflow/.local/lib/python3.12/site-packages/airflow/example_dags/example_params_trigger_ui.py took 0.108 seconds
[2025-02-19T10:25:29.605+0000] {logging_mixin.py:190} INFO - [2025-02-19T10:25:29.605+0000] {settings.py:475} DEBUG - Setting up DB connection pool (PID 364)
[2025-02-19T10:25:29.607+0000] {logging_mixin.py:190} INFO - [2025-02-19T10:25:29.607+0000] {settings.py:579} DEBUG - settings.prepare_engine_args(): Using pool settings. pool_size=5, max_overflow=10, pool_recycle=1800, pid=364
[2025-02-19T10:25:29.611+0000] {processor.py:186} INFO - Started process (PID=364) to work on /home/airflow/.local/lib/python3.12/site-packages/airflow/example_dags/example_params_trigger_ui.py
[2025-02-19T10:25:29.612+0000] {processor.py:914} INFO - Processing file /home/airflow/.local/lib/python3.12/site-packages/airflow/example_dags/example_params_trigger_ui.py for tasks to queue
[2025-02-19T10:25:29.612+0000] {logging_mixin.py:190} INFO - [2025-02-19T10:25:29.612+0000] {dagbag.py:587} INFO - Filling up the DagBag from /home/airflow/.local/lib/python3.12/site-packages/airflow/example_dags/example_params_trigger_ui.py
[2025-02-19T10:25:29.613+0000] {logging_mixin.py:190} INFO - [2025-02-19T10:25:29.613+0000] {dagbag.py:368} DEBUG - Importing /home/airflow/.local/lib/python3.12/site-packages/airflow/example_dags/example_params_trigger_ui.py
[2025-02-19T10:25:29.624+0000] {logging_mixin.py:190} INFO - [2025-02-19T10:25:29.623+0000] {dagbag.py:553} DEBUG - Loaded DAG <DAG: example_params_trigger_ui>
[2025-02-19T10:25:29.624+0000] {processor.py:925} INFO - DAG(s) 'example_params_trigger_ui' retrieved from /home/airflow/.local/lib/python3.12/site-packages/airflow/example_dags/example_params_trigger_ui.py
[2025-02-19T10:25:29.625+0000] {logging_mixin.py:190} INFO - [2025-02-19T10:25:29.624+0000] {dagbag.py:710} DEBUG - Running dagbag.sync_to_db with retries. Try 1 of 3
[2025-02-19T10:25:29.625+0000] {logging_mixin.py:190} INFO - [2025-02-19T10:25:29.625+0000] {dagbag.py:715} DEBUG - Calling the DAG.bulk_sync_to_db method
[2025-02-19T10:25:29.636+0000] {logging_mixin.py:190} INFO - [2025-02-19T10:25:29.636+0000] {serialized_dag.py:168} DEBUG - Checking if DAG (example_params_trigger_ui) changed
[2025-02-19T10:25:29.642+0000] {logging_mixin.py:190} INFO - [2025-02-19T10:25:29.641+0000] {serialized_objects.py:780} DEBUG - Cast type <class 'airflow.models.param.ParamsDict'> to str in serialization.
[2025-02-19T10:25:29.645+0000] {logging_mixin.py:190} INFO - [2025-02-19T10:25:29.645+0000] {serialized_objects.py:780} DEBUG - Cast type <class 'airflow.models.param.ParamsDict'> to str in serialization.
[2025-02-19T10:25:29.649+0000] {logging_mixin.py:190} INFO - [2025-02-19T10:25:29.649+0000] {serialized_objects.py:780} DEBUG - Cast type <class 'airflow.models.param.ParamsDict'> to str in serialization.
[2025-02-19T10:25:29.654+0000] {logging_mixin.py:190} INFO - [2025-02-19T10:25:29.653+0000] {serialized_objects.py:780} DEBUG - Cast type <class 'airflow.models.param.ParamsDict'> to str in serialization.
[2025-02-19T10:25:29.657+0000] {logging_mixin.py:190} INFO - [2025-02-19T10:25:29.657+0000] {serialized_objects.py:780} DEBUG - Cast type <class 'airflow.models.param.ParamsDict'> to str in serialization.
[2025-02-19T10:25:29.660+0000] {logging_mixin.py:190} INFO - [2025-02-19T10:25:29.660+0000] {serialized_objects.py:780} DEBUG - Cast type <class 'airflow.models.param.ParamsDict'> to str in serialization.
[2025-02-19T10:25:29.666+0000] {logging_mixin.py:190} INFO - [2025-02-19T10:25:29.666+0000] {serialized_dag.py:179} DEBUG - Serialized DAG (example_params_trigger_ui) is unchanged. Skipping writing to DB
[2025-02-19T10:25:29.667+0000] {logging_mixin.py:190} INFO - [2025-02-19T10:25:29.667+0000] {dag.py:3229} INFO - Sync 1 DAGs
[2025-02-19T10:25:29.680+0000] {logging_mixin.py:190} INFO - [2025-02-19T10:25:29.679+0000] {dag.py:4156} INFO - Setting next_dagrun for example_params_trigger_ui to None, run_after=None
[2025-02-19T10:25:29.695+0000] {processor.py:208} INFO - Processing /home/airflow/.local/lib/python3.12/site-packages/airflow/example_dags/example_params_trigger_ui.py took 0.091 seconds
[2025-02-19T10:26:00.315+0000] {logging_mixin.py:190} INFO - [2025-02-19T10:26:00.314+0000] {settings.py:475} DEBUG - Setting up DB connection pool (PID 428)
[2025-02-19T10:26:00.316+0000] {logging_mixin.py:190} INFO - [2025-02-19T10:26:00.316+0000] {settings.py:579} DEBUG - settings.prepare_engine_args(): Using pool settings. pool_size=5, max_overflow=10, pool_recycle=1800, pid=428
[2025-02-19T10:26:00.321+0000] {processor.py:186} INFO - Started process (PID=428) to work on /home/airflow/.local/lib/python3.12/site-packages/airflow/example_dags/example_params_trigger_ui.py
[2025-02-19T10:26:00.321+0000] {processor.py:914} INFO - Processing file /home/airflow/.local/lib/python3.12/site-packages/airflow/example_dags/example_params_trigger_ui.py for tasks to queue
[2025-02-19T10:26:00.322+0000] {logging_mixin.py:190} INFO - [2025-02-19T10:26:00.322+0000] {dagbag.py:587} INFO - Filling up the DagBag from /home/airflow/.local/lib/python3.12/site-packages/airflow/example_dags/example_params_trigger_ui.py
[2025-02-19T10:26:00.323+0000] {logging_mixin.py:190} INFO - [2025-02-19T10:26:00.323+0000] {dagbag.py:368} DEBUG - Importing /home/airflow/.local/lib/python3.12/site-packages/airflow/example_dags/example_params_trigger_ui.py
[2025-02-19T10:26:00.334+0000] {logging_mixin.py:190} INFO - [2025-02-19T10:26:00.334+0000] {dagbag.py:553} DEBUG - Loaded DAG <DAG: example_params_trigger_ui>
[2025-02-19T10:26:00.335+0000] {processor.py:925} INFO - DAG(s) 'example_params_trigger_ui' retrieved from /home/airflow/.local/lib/python3.12/site-packages/airflow/example_dags/example_params_trigger_ui.py
[2025-02-19T10:26:00.335+0000] {logging_mixin.py:190} INFO - [2025-02-19T10:26:00.335+0000] {dagbag.py:710} DEBUG - Running dagbag.sync_to_db with retries. Try 1 of 3
[2025-02-19T10:26:00.335+0000] {logging_mixin.py:190} INFO - [2025-02-19T10:26:00.335+0000] {dagbag.py:715} DEBUG - Calling the DAG.bulk_sync_to_db method
[2025-02-19T10:26:00.346+0000] {logging_mixin.py:190} INFO - [2025-02-19T10:26:00.346+0000] {serialized_dag.py:168} DEBUG - Checking if DAG (example_params_trigger_ui) changed
[2025-02-19T10:26:00.352+0000] {logging_mixin.py:190} INFO - [2025-02-19T10:26:00.351+0000] {serialized_objects.py:780} DEBUG - Cast type <class 'airflow.models.param.ParamsDict'> to str in serialization.
[2025-02-19T10:26:00.356+0000] {logging_mixin.py:190} INFO - [2025-02-19T10:26:00.355+0000] {serialized_objects.py:780} DEBUG - Cast type <class 'airflow.models.param.ParamsDict'> to str in serialization.
[2025-02-19T10:26:00.362+0000] {logging_mixin.py:190} INFO - [2025-02-19T10:26:00.362+0000] {serialized_objects.py:780} DEBUG - Cast type <class 'airflow.models.param.ParamsDict'> to str in serialization.
[2025-02-19T10:26:00.369+0000] {logging_mixin.py:190} INFO - [2025-02-19T10:26:00.369+0000] {serialized_objects.py:780} DEBUG - Cast type <class 'airflow.models.param.ParamsDict'> to str in serialization.
[2025-02-19T10:26:00.373+0000] {logging_mixin.py:190} INFO - [2025-02-19T10:26:00.373+0000] {serialized_objects.py:780} DEBUG - Cast type <class 'airflow.models.param.ParamsDict'> to str in serialization.
[2025-02-19T10:26:00.377+0000] {logging_mixin.py:190} INFO - [2025-02-19T10:26:00.377+0000] {serialized_objects.py:780} DEBUG - Cast type <class 'airflow.models.param.ParamsDict'> to str in serialization.
[2025-02-19T10:26:00.383+0000] {logging_mixin.py:190} INFO - [2025-02-19T10:26:00.383+0000] {serialized_dag.py:179} DEBUG - Serialized DAG (example_params_trigger_ui) is unchanged. Skipping writing to DB
[2025-02-19T10:26:00.384+0000] {logging_mixin.py:190} INFO - [2025-02-19T10:26:00.384+0000] {dag.py:3229} INFO - Sync 1 DAGs
[2025-02-19T10:26:00.398+0000] {logging_mixin.py:190} INFO - [2025-02-19T10:26:00.398+0000] {dag.py:4156} INFO - Setting next_dagrun for example_params_trigger_ui to None, run_after=None
[2025-02-19T10:26:00.418+0000] {processor.py:208} INFO - Processing /home/airflow/.local/lib/python3.12/site-packages/airflow/example_dags/example_params_trigger_ui.py took 0.104 seconds
[2025-02-19T10:26:30.975+0000] {logging_mixin.py:190} INFO - [2025-02-19T10:26:30.975+0000] {settings.py:475} DEBUG - Setting up DB connection pool (PID 492)
[2025-02-19T10:26:30.976+0000] {logging_mixin.py:190} INFO - [2025-02-19T10:26:30.976+0000] {settings.py:579} DEBUG - settings.prepare_engine_args(): Using pool settings. pool_size=5, max_overflow=10, pool_recycle=1800, pid=492
[2025-02-19T10:26:30.982+0000] {processor.py:186} INFO - Started process (PID=492) to work on /home/airflow/.local/lib/python3.12/site-packages/airflow/example_dags/example_params_trigger_ui.py
[2025-02-19T10:26:30.982+0000] {processor.py:914} INFO - Processing file /home/airflow/.local/lib/python3.12/site-packages/airflow/example_dags/example_params_trigger_ui.py for tasks to queue
[2025-02-19T10:26:30.983+0000] {logging_mixin.py:190} INFO - [2025-02-19T10:26:30.983+0000] {dagbag.py:587} INFO - Filling up the DagBag from /home/airflow/.local/lib/python3.12/site-packages/airflow/example_dags/example_params_trigger_ui.py
[2025-02-19T10:26:30.984+0000] {logging_mixin.py:190} INFO - [2025-02-19T10:26:30.984+0000] {dagbag.py:368} DEBUG - Importing /home/airflow/.local/lib/python3.12/site-packages/airflow/example_dags/example_params_trigger_ui.py
[2025-02-19T10:26:30.994+0000] {logging_mixin.py:190} INFO - [2025-02-19T10:26:30.994+0000] {dagbag.py:553} DEBUG - Loaded DAG <DAG: example_params_trigger_ui>
[2025-02-19T10:26:30.995+0000] {processor.py:925} INFO - DAG(s) 'example_params_trigger_ui' retrieved from /home/airflow/.local/lib/python3.12/site-packages/airflow/example_dags/example_params_trigger_ui.py
[2025-02-19T10:26:30.995+0000] {logging_mixin.py:190} INFO - [2025-02-19T10:26:30.995+0000] {dagbag.py:710} DEBUG - Running dagbag.sync_to_db with retries. Try 1 of 3
[2025-02-19T10:26:30.995+0000] {logging_mixin.py:190} INFO - [2025-02-19T10:26:30.995+0000] {dagbag.py:715} DEBUG - Calling the DAG.bulk_sync_to_db method
[2025-02-19T10:26:31.007+0000] {logging_mixin.py:190} INFO - [2025-02-19T10:26:31.007+0000] {serialized_dag.py:168} DEBUG - Checking if DAG (example_params_trigger_ui) changed
[2025-02-19T10:26:31.013+0000] {logging_mixin.py:190} INFO - [2025-02-19T10:26:31.012+0000] {serialized_objects.py:780} DEBUG - Cast type <class 'airflow.models.param.ParamsDict'> to str in serialization.
[2025-02-19T10:26:31.017+0000] {logging_mixin.py:190} INFO - [2025-02-19T10:26:31.016+0000] {serialized_objects.py:780} DEBUG - Cast type <class 'airflow.models.param.ParamsDict'> to str in serialization.
[2025-02-19T10:26:31.021+0000] {logging_mixin.py:190} INFO - [2025-02-19T10:26:31.020+0000] {serialized_objects.py:780} DEBUG - Cast type <class 'airflow.models.param.ParamsDict'> to str in serialization.
[2025-02-19T10:26:31.025+0000] {logging_mixin.py:190} INFO - [2025-02-19T10:26:31.025+0000] {serialized_objects.py:780} DEBUG - Cast type <class 'airflow.models.param.ParamsDict'> to str in serialization.
[2025-02-19T10:26:31.028+0000] {logging_mixin.py:190} INFO - [2025-02-19T10:26:31.028+0000] {serialized_objects.py:780} DEBUG - Cast type <class 'airflow.models.param.ParamsDict'> to str in serialization.
[2025-02-19T10:26:31.032+0000] {logging_mixin.py:190} INFO - [2025-02-19T10:26:31.032+0000] {serialized_objects.py:780} DEBUG - Cast type <class 'airflow.models.param.ParamsDict'> to str in serialization.
[2025-02-19T10:26:31.038+0000] {logging_mixin.py:190} INFO - [2025-02-19T10:26:31.037+0000] {serialized_dag.py:179} DEBUG - Serialized DAG (example_params_trigger_ui) is unchanged. Skipping writing to DB
[2025-02-19T10:26:31.038+0000] {logging_mixin.py:190} INFO - [2025-02-19T10:26:31.038+0000] {dag.py:3229} INFO - Sync 1 DAGs
[2025-02-19T10:26:31.053+0000] {logging_mixin.py:190} INFO - [2025-02-19T10:26:31.052+0000] {dag.py:4156} INFO - Setting next_dagrun for example_params_trigger_ui to None, run_after=None
[2025-02-19T10:26:31.071+0000] {processor.py:208} INFO - Processing /home/airflow/.local/lib/python3.12/site-packages/airflow/example_dags/example_params_trigger_ui.py took 0.097 seconds
