[2025-02-19T09:38:29.705+0000] {processor.py:186} INFO - Started process (PID=98) to work on /home/airflow/.local/lib/python3.12/site-packages/airflow/example_dags/example_python_decorator.py
[2025-02-19T09:38:29.705+0000] {processor.py:914} INFO - Processing file /home/airflow/.local/lib/python3.12/site-packages/airflow/example_dags/example_python_decorator.py for tasks to queue
[2025-02-19T09:38:29.707+0000] {logging_mixin.py:190} INFO - [2025-02-19T09:38:29.707+0000] {dagbag.py:587} INFO - Filling up the DagBag from /home/airflow/.local/lib/python3.12/site-packages/airflow/example_dags/example_python_decorator.py
[2025-02-19T09:38:29.720+0000] {processor.py:925} INFO - DAG(s) 'example_python_decorator' retrieved from /home/airflow/.local/lib/python3.12/site-packages/airflow/example_dags/example_python_decorator.py
[2025-02-19T09:38:29.827+0000] {logging_mixin.py:190} INFO - [2025-02-19T09:38:29.827+0000] {dag.py:3229} INFO - Sync 1 DAGs
[2025-02-19T09:38:29.839+0000] {logging_mixin.py:190} INFO - [2025-02-19T09:38:29.839+0000] {dag.py:4156} INFO - Setting next_dagrun for example_python_decorator to None, run_after=None
[2025-02-19T09:38:30.015+0000] {processor.py:208} INFO - Processing /home/airflow/.local/lib/python3.12/site-packages/airflow/example_dags/example_python_decorator.py took 0.315 seconds
[2025-02-19T09:39:00.314+0000] {processor.py:186} INFO - Started process (PID=167) to work on /home/airflow/.local/lib/python3.12/site-packages/airflow/example_dags/example_python_decorator.py
[2025-02-19T09:39:00.315+0000] {processor.py:914} INFO - Processing file /home/airflow/.local/lib/python3.12/site-packages/airflow/example_dags/example_python_decorator.py for tasks to queue
[2025-02-19T09:39:00.317+0000] {logging_mixin.py:190} INFO - [2025-02-19T09:39:00.317+0000] {dagbag.py:587} INFO - Filling up the DagBag from /home/airflow/.local/lib/python3.12/site-packages/airflow/example_dags/example_python_decorator.py
[2025-02-19T09:39:00.330+0000] {processor.py:925} INFO - DAG(s) 'example_python_decorator' retrieved from /home/airflow/.local/lib/python3.12/site-packages/airflow/example_dags/example_python_decorator.py
[2025-02-19T09:39:00.350+0000] {logging_mixin.py:190} INFO - [2025-02-19T09:39:00.349+0000] {dag.py:3229} INFO - Sync 1 DAGs
[2025-02-19T09:39:00.362+0000] {logging_mixin.py:190} INFO - [2025-02-19T09:39:00.362+0000] {dag.py:4156} INFO - Setting next_dagrun for example_python_decorator to None, run_after=None
[2025-02-19T09:39:00.378+0000] {processor.py:208} INFO - Processing /home/airflow/.local/lib/python3.12/site-packages/airflow/example_dags/example_python_decorator.py took 0.068 seconds
[2025-02-19T09:39:30.673+0000] {processor.py:186} INFO - Started process (PID=231) to work on /home/airflow/.local/lib/python3.12/site-packages/airflow/example_dags/example_python_decorator.py
[2025-02-19T09:39:30.674+0000] {processor.py:914} INFO - Processing file /home/airflow/.local/lib/python3.12/site-packages/airflow/example_dags/example_python_decorator.py for tasks to queue
[2025-02-19T09:39:30.676+0000] {logging_mixin.py:190} INFO - [2025-02-19T09:39:30.676+0000] {dagbag.py:587} INFO - Filling up the DagBag from /home/airflow/.local/lib/python3.12/site-packages/airflow/example_dags/example_python_decorator.py
[2025-02-19T09:39:30.687+0000] {processor.py:925} INFO - DAG(s) 'example_python_decorator' retrieved from /home/airflow/.local/lib/python3.12/site-packages/airflow/example_dags/example_python_decorator.py
[2025-02-19T09:39:30.709+0000] {logging_mixin.py:190} INFO - [2025-02-19T09:39:30.709+0000] {dag.py:3229} INFO - Sync 1 DAGs
[2025-02-19T09:39:30.722+0000] {logging_mixin.py:190} INFO - [2025-02-19T09:39:30.722+0000] {dag.py:4156} INFO - Setting next_dagrun for example_python_decorator to None, run_after=None
[2025-02-19T09:39:30.740+0000] {processor.py:208} INFO - Processing /home/airflow/.local/lib/python3.12/site-packages/airflow/example_dags/example_python_decorator.py took 0.072 seconds
[2025-02-19T09:40:00.926+0000] {processor.py:186} INFO - Started process (PID=294) to work on /home/airflow/.local/lib/python3.12/site-packages/airflow/example_dags/example_python_decorator.py
[2025-02-19T09:40:00.927+0000] {processor.py:914} INFO - Processing file /home/airflow/.local/lib/python3.12/site-packages/airflow/example_dags/example_python_decorator.py for tasks to queue
[2025-02-19T09:40:00.929+0000] {logging_mixin.py:190} INFO - [2025-02-19T09:40:00.929+0000] {dagbag.py:587} INFO - Filling up the DagBag from /home/airflow/.local/lib/python3.12/site-packages/airflow/example_dags/example_python_decorator.py
[2025-02-19T09:40:00.939+0000] {processor.py:925} INFO - DAG(s) 'example_python_decorator' retrieved from /home/airflow/.local/lib/python3.12/site-packages/airflow/example_dags/example_python_decorator.py
[2025-02-19T09:40:00.958+0000] {logging_mixin.py:190} INFO - [2025-02-19T09:40:00.957+0000] {dag.py:3229} INFO - Sync 1 DAGs
[2025-02-19T09:40:00.970+0000] {logging_mixin.py:190} INFO - [2025-02-19T09:40:00.970+0000] {dag.py:4156} INFO - Setting next_dagrun for example_python_decorator to None, run_after=None
[2025-02-19T09:40:00.985+0000] {processor.py:208} INFO - Processing /home/airflow/.local/lib/python3.12/site-packages/airflow/example_dags/example_python_decorator.py took 0.063 seconds
[2025-02-19T09:40:32.060+0000] {processor.py:186} INFO - Started process (PID=359) to work on /home/airflow/.local/lib/python3.12/site-packages/airflow/example_dags/example_python_decorator.py
[2025-02-19T09:40:32.062+0000] {processor.py:914} INFO - Processing file /home/airflow/.local/lib/python3.12/site-packages/airflow/example_dags/example_python_decorator.py for tasks to queue
[2025-02-19T09:40:32.064+0000] {logging_mixin.py:190} INFO - [2025-02-19T09:40:32.064+0000] {dagbag.py:587} INFO - Filling up the DagBag from /home/airflow/.local/lib/python3.12/site-packages/airflow/example_dags/example_python_decorator.py
[2025-02-19T09:40:32.076+0000] {processor.py:925} INFO - DAG(s) 'example_python_decorator' retrieved from /home/airflow/.local/lib/python3.12/site-packages/airflow/example_dags/example_python_decorator.py
[2025-02-19T09:40:32.101+0000] {logging_mixin.py:190} INFO - [2025-02-19T09:40:32.095+0000] {dag.py:3229} INFO - Sync 1 DAGs
[2025-02-19T09:40:32.115+0000] {logging_mixin.py:190} INFO - [2025-02-19T09:40:32.115+0000] {dag.py:4156} INFO - Setting next_dagrun for example_python_decorator to None, run_after=None
[2025-02-19T09:40:32.135+0000] {processor.py:208} INFO - Processing /home/airflow/.local/lib/python3.12/site-packages/airflow/example_dags/example_python_decorator.py took 0.079 seconds
[2025-02-19T09:41:02.366+0000] {processor.py:186} INFO - Started process (PID=423) to work on /home/airflow/.local/lib/python3.12/site-packages/airflow/example_dags/example_python_decorator.py
[2025-02-19T09:41:02.367+0000] {processor.py:914} INFO - Processing file /home/airflow/.local/lib/python3.12/site-packages/airflow/example_dags/example_python_decorator.py for tasks to queue
[2025-02-19T09:41:02.368+0000] {logging_mixin.py:190} INFO - [2025-02-19T09:41:02.368+0000] {dagbag.py:587} INFO - Filling up the DagBag from /home/airflow/.local/lib/python3.12/site-packages/airflow/example_dags/example_python_decorator.py
[2025-02-19T09:41:02.379+0000] {processor.py:925} INFO - DAG(s) 'example_python_decorator' retrieved from /home/airflow/.local/lib/python3.12/site-packages/airflow/example_dags/example_python_decorator.py
[2025-02-19T09:41:02.399+0000] {logging_mixin.py:190} INFO - [2025-02-19T09:41:02.398+0000] {dag.py:3229} INFO - Sync 1 DAGs
[2025-02-19T09:41:02.410+0000] {logging_mixin.py:190} INFO - [2025-02-19T09:41:02.410+0000] {dag.py:4156} INFO - Setting next_dagrun for example_python_decorator to None, run_after=None
[2025-02-19T09:41:02.425+0000] {processor.py:208} INFO - Processing /home/airflow/.local/lib/python3.12/site-packages/airflow/example_dags/example_python_decorator.py took 0.063 seconds
[2025-02-19T09:41:32.735+0000] {processor.py:186} INFO - Started process (PID=487) to work on /home/airflow/.local/lib/python3.12/site-packages/airflow/example_dags/example_python_decorator.py
[2025-02-19T09:41:32.736+0000] {processor.py:914} INFO - Processing file /home/airflow/.local/lib/python3.12/site-packages/airflow/example_dags/example_python_decorator.py for tasks to queue
[2025-02-19T09:41:32.738+0000] {logging_mixin.py:190} INFO - [2025-02-19T09:41:32.738+0000] {dagbag.py:587} INFO - Filling up the DagBag from /home/airflow/.local/lib/python3.12/site-packages/airflow/example_dags/example_python_decorator.py
[2025-02-19T09:41:32.748+0000] {processor.py:925} INFO - DAG(s) 'example_python_decorator' retrieved from /home/airflow/.local/lib/python3.12/site-packages/airflow/example_dags/example_python_decorator.py
[2025-02-19T09:41:32.768+0000] {logging_mixin.py:190} INFO - [2025-02-19T09:41:32.768+0000] {dag.py:3229} INFO - Sync 1 DAGs
[2025-02-19T09:41:32.778+0000] {logging_mixin.py:190} INFO - [2025-02-19T09:41:32.778+0000] {dag.py:4156} INFO - Setting next_dagrun for example_python_decorator to None, run_after=None
[2025-02-19T09:41:32.792+0000] {processor.py:208} INFO - Processing /home/airflow/.local/lib/python3.12/site-packages/airflow/example_dags/example_python_decorator.py took 0.061 seconds
[2025-02-19T09:42:03.855+0000] {processor.py:186} INFO - Started process (PID=551) to work on /home/airflow/.local/lib/python3.12/site-packages/airflow/example_dags/example_python_decorator.py
[2025-02-19T09:42:03.856+0000] {processor.py:914} INFO - Processing file /home/airflow/.local/lib/python3.12/site-packages/airflow/example_dags/example_python_decorator.py for tasks to queue
[2025-02-19T09:42:03.859+0000] {logging_mixin.py:190} INFO - [2025-02-19T09:42:03.858+0000] {dagbag.py:587} INFO - Filling up the DagBag from /home/airflow/.local/lib/python3.12/site-packages/airflow/example_dags/example_python_decorator.py
[2025-02-19T09:42:03.871+0000] {processor.py:925} INFO - DAG(s) 'example_python_decorator' retrieved from /home/airflow/.local/lib/python3.12/site-packages/airflow/example_dags/example_python_decorator.py
[2025-02-19T09:42:03.890+0000] {logging_mixin.py:190} INFO - [2025-02-19T09:42:03.890+0000] {dag.py:3229} INFO - Sync 1 DAGs
[2025-02-19T09:42:03.901+0000] {logging_mixin.py:190} INFO - [2025-02-19T09:42:03.901+0000] {dag.py:4156} INFO - Setting next_dagrun for example_python_decorator to None, run_after=None
[2025-02-19T09:42:03.915+0000] {processor.py:208} INFO - Processing /home/airflow/.local/lib/python3.12/site-packages/airflow/example_dags/example_python_decorator.py took 0.064 seconds
[2025-02-19T09:42:34.070+0000] {processor.py:186} INFO - Started process (PID=614) to work on /home/airflow/.local/lib/python3.12/site-packages/airflow/example_dags/example_python_decorator.py
[2025-02-19T09:42:34.072+0000] {processor.py:914} INFO - Processing file /home/airflow/.local/lib/python3.12/site-packages/airflow/example_dags/example_python_decorator.py for tasks to queue
[2025-02-19T09:42:34.073+0000] {logging_mixin.py:190} INFO - [2025-02-19T09:42:34.073+0000] {dagbag.py:587} INFO - Filling up the DagBag from /home/airflow/.local/lib/python3.12/site-packages/airflow/example_dags/example_python_decorator.py
[2025-02-19T09:42:34.084+0000] {processor.py:925} INFO - DAG(s) 'example_python_decorator' retrieved from /home/airflow/.local/lib/python3.12/site-packages/airflow/example_dags/example_python_decorator.py
[2025-02-19T09:42:34.101+0000] {logging_mixin.py:190} INFO - [2025-02-19T09:42:34.101+0000] {dag.py:3229} INFO - Sync 1 DAGs
[2025-02-19T09:42:34.112+0000] {logging_mixin.py:190} INFO - [2025-02-19T09:42:34.112+0000] {dag.py:4156} INFO - Setting next_dagrun for example_python_decorator to None, run_after=None
[2025-02-19T09:42:34.129+0000] {processor.py:208} INFO - Processing /home/airflow/.local/lib/python3.12/site-packages/airflow/example_dags/example_python_decorator.py took 0.063 seconds
[2025-02-19T09:43:05.193+0000] {processor.py:186} INFO - Started process (PID=679) to work on /home/airflow/.local/lib/python3.12/site-packages/airflow/example_dags/example_python_decorator.py
[2025-02-19T09:43:05.194+0000] {processor.py:914} INFO - Processing file /home/airflow/.local/lib/python3.12/site-packages/airflow/example_dags/example_python_decorator.py for tasks to queue
[2025-02-19T09:43:05.196+0000] {logging_mixin.py:190} INFO - [2025-02-19T09:43:05.196+0000] {dagbag.py:587} INFO - Filling up the DagBag from /home/airflow/.local/lib/python3.12/site-packages/airflow/example_dags/example_python_decorator.py
[2025-02-19T09:43:05.208+0000] {processor.py:925} INFO - DAG(s) 'example_python_decorator' retrieved from /home/airflow/.local/lib/python3.12/site-packages/airflow/example_dags/example_python_decorator.py
[2025-02-19T09:43:05.228+0000] {logging_mixin.py:190} INFO - [2025-02-19T09:43:05.227+0000] {dag.py:3229} INFO - Sync 1 DAGs
[2025-02-19T09:43:05.240+0000] {logging_mixin.py:190} INFO - [2025-02-19T09:43:05.239+0000] {dag.py:4156} INFO - Setting next_dagrun for example_python_decorator to None, run_after=None
[2025-02-19T09:43:05.258+0000] {processor.py:208} INFO - Processing /home/airflow/.local/lib/python3.12/site-packages/airflow/example_dags/example_python_decorator.py took 0.069 seconds
[2025-02-19T09:43:35.469+0000] {processor.py:186} INFO - Started process (PID=742) to work on /home/airflow/.local/lib/python3.12/site-packages/airflow/example_dags/example_python_decorator.py
[2025-02-19T09:43:35.471+0000] {processor.py:914} INFO - Processing file /home/airflow/.local/lib/python3.12/site-packages/airflow/example_dags/example_python_decorator.py for tasks to queue
[2025-02-19T09:43:35.472+0000] {logging_mixin.py:190} INFO - [2025-02-19T09:43:35.472+0000] {dagbag.py:587} INFO - Filling up the DagBag from /home/airflow/.local/lib/python3.12/site-packages/airflow/example_dags/example_python_decorator.py
[2025-02-19T09:43:35.483+0000] {processor.py:925} INFO - DAG(s) 'example_python_decorator' retrieved from /home/airflow/.local/lib/python3.12/site-packages/airflow/example_dags/example_python_decorator.py
[2025-02-19T09:43:35.502+0000] {logging_mixin.py:190} INFO - [2025-02-19T09:43:35.501+0000] {dag.py:3229} INFO - Sync 1 DAGs
[2025-02-19T09:43:35.515+0000] {logging_mixin.py:190} INFO - [2025-02-19T09:43:35.515+0000] {dag.py:4156} INFO - Setting next_dagrun for example_python_decorator to None, run_after=None
[2025-02-19T09:43:35.530+0000] {processor.py:208} INFO - Processing /home/airflow/.local/lib/python3.12/site-packages/airflow/example_dags/example_python_decorator.py took 0.065 seconds
[2025-02-19T09:44:05.574+0000] {processor.py:186} INFO - Started process (PID=805) to work on /home/airflow/.local/lib/python3.12/site-packages/airflow/example_dags/example_python_decorator.py
[2025-02-19T09:44:05.575+0000] {processor.py:914} INFO - Processing file /home/airflow/.local/lib/python3.12/site-packages/airflow/example_dags/example_python_decorator.py for tasks to queue
[2025-02-19T09:44:05.577+0000] {logging_mixin.py:190} INFO - [2025-02-19T09:44:05.576+0000] {dagbag.py:587} INFO - Filling up the DagBag from /home/airflow/.local/lib/python3.12/site-packages/airflow/example_dags/example_python_decorator.py
[2025-02-19T09:44:05.587+0000] {processor.py:925} INFO - DAG(s) 'example_python_decorator' retrieved from /home/airflow/.local/lib/python3.12/site-packages/airflow/example_dags/example_python_decorator.py
[2025-02-19T09:44:05.604+0000] {logging_mixin.py:190} INFO - [2025-02-19T09:44:05.604+0000] {dag.py:3229} INFO - Sync 1 DAGs
[2025-02-19T09:44:05.616+0000] {logging_mixin.py:190} INFO - [2025-02-19T09:44:05.616+0000] {dag.py:4156} INFO - Setting next_dagrun for example_python_decorator to None, run_after=None
[2025-02-19T09:44:05.630+0000] {processor.py:208} INFO - Processing /home/airflow/.local/lib/python3.12/site-packages/airflow/example_dags/example_python_decorator.py took 0.060 seconds
[2025-02-19T09:44:36.816+0000] {processor.py:186} INFO - Started process (PID=871) to work on /home/airflow/.local/lib/python3.12/site-packages/airflow/example_dags/example_python_decorator.py
[2025-02-19T09:44:36.818+0000] {processor.py:914} INFO - Processing file /home/airflow/.local/lib/python3.12/site-packages/airflow/example_dags/example_python_decorator.py for tasks to queue
[2025-02-19T09:44:36.820+0000] {logging_mixin.py:190} INFO - [2025-02-19T09:44:36.819+0000] {dagbag.py:587} INFO - Filling up the DagBag from /home/airflow/.local/lib/python3.12/site-packages/airflow/example_dags/example_python_decorator.py
[2025-02-19T09:44:36.830+0000] {processor.py:925} INFO - DAG(s) 'example_python_decorator' retrieved from /home/airflow/.local/lib/python3.12/site-packages/airflow/example_dags/example_python_decorator.py
[2025-02-19T09:44:36.851+0000] {logging_mixin.py:190} INFO - [2025-02-19T09:44:36.850+0000] {dag.py:3229} INFO - Sync 1 DAGs
[2025-02-19T09:44:36.863+0000] {logging_mixin.py:190} INFO - [2025-02-19T09:44:36.863+0000] {dag.py:4156} INFO - Setting next_dagrun for example_python_decorator to None, run_after=None
[2025-02-19T09:44:36.878+0000] {processor.py:208} INFO - Processing /home/airflow/.local/lib/python3.12/site-packages/airflow/example_dags/example_python_decorator.py took 0.066 seconds
[2025-02-19T09:45:07.172+0000] {processor.py:186} INFO - Started process (PID=935) to work on /home/airflow/.local/lib/python3.12/site-packages/airflow/example_dags/example_python_decorator.py
[2025-02-19T09:45:07.173+0000] {processor.py:914} INFO - Processing file /home/airflow/.local/lib/python3.12/site-packages/airflow/example_dags/example_python_decorator.py for tasks to queue
[2025-02-19T09:45:07.175+0000] {logging_mixin.py:190} INFO - [2025-02-19T09:45:07.175+0000] {dagbag.py:587} INFO - Filling up the DagBag from /home/airflow/.local/lib/python3.12/site-packages/airflow/example_dags/example_python_decorator.py
[2025-02-19T09:45:07.186+0000] {processor.py:925} INFO - DAG(s) 'example_python_decorator' retrieved from /home/airflow/.local/lib/python3.12/site-packages/airflow/example_dags/example_python_decorator.py
[2025-02-19T09:45:07.206+0000] {logging_mixin.py:190} INFO - [2025-02-19T09:45:07.205+0000] {dag.py:3229} INFO - Sync 1 DAGs
[2025-02-19T09:45:07.217+0000] {logging_mixin.py:190} INFO - [2025-02-19T09:45:07.217+0000] {dag.py:4156} INFO - Setting next_dagrun for example_python_decorator to None, run_after=None
[2025-02-19T09:45:07.234+0000] {processor.py:208} INFO - Processing /home/airflow/.local/lib/python3.12/site-packages/airflow/example_dags/example_python_decorator.py took 0.066 seconds
[2025-02-19T09:45:38.312+0000] {processor.py:186} INFO - Started process (PID=999) to work on /home/airflow/.local/lib/python3.12/site-packages/airflow/example_dags/example_python_decorator.py
[2025-02-19T09:45:38.313+0000] {processor.py:914} INFO - Processing file /home/airflow/.local/lib/python3.12/site-packages/airflow/example_dags/example_python_decorator.py for tasks to queue
[2025-02-19T09:45:38.316+0000] {logging_mixin.py:190} INFO - [2025-02-19T09:45:38.316+0000] {dagbag.py:587} INFO - Filling up the DagBag from /home/airflow/.local/lib/python3.12/site-packages/airflow/example_dags/example_python_decorator.py
[2025-02-19T09:45:38.328+0000] {processor.py:925} INFO - DAG(s) 'example_python_decorator' retrieved from /home/airflow/.local/lib/python3.12/site-packages/airflow/example_dags/example_python_decorator.py
[2025-02-19T09:45:38.347+0000] {logging_mixin.py:190} INFO - [2025-02-19T09:45:38.346+0000] {dag.py:3229} INFO - Sync 1 DAGs
[2025-02-19T09:45:38.359+0000] {logging_mixin.py:190} INFO - [2025-02-19T09:45:38.359+0000] {dag.py:4156} INFO - Setting next_dagrun for example_python_decorator to None, run_after=None
[2025-02-19T09:45:38.376+0000] {processor.py:208} INFO - Processing /home/airflow/.local/lib/python3.12/site-packages/airflow/example_dags/example_python_decorator.py took 0.069 seconds
[2025-02-19T09:46:09.408+0000] {processor.py:186} INFO - Started process (PID=1063) to work on /home/airflow/.local/lib/python3.12/site-packages/airflow/example_dags/example_python_decorator.py
[2025-02-19T09:46:09.409+0000] {processor.py:914} INFO - Processing file /home/airflow/.local/lib/python3.12/site-packages/airflow/example_dags/example_python_decorator.py for tasks to queue
[2025-02-19T09:46:09.411+0000] {logging_mixin.py:190} INFO - [2025-02-19T09:46:09.411+0000] {dagbag.py:587} INFO - Filling up the DagBag from /home/airflow/.local/lib/python3.12/site-packages/airflow/example_dags/example_python_decorator.py
[2025-02-19T09:46:09.421+0000] {processor.py:925} INFO - DAG(s) 'example_python_decorator' retrieved from /home/airflow/.local/lib/python3.12/site-packages/airflow/example_dags/example_python_decorator.py
[2025-02-19T09:46:09.440+0000] {logging_mixin.py:190} INFO - [2025-02-19T09:46:09.440+0000] {dag.py:3229} INFO - Sync 1 DAGs
[2025-02-19T09:46:09.451+0000] {logging_mixin.py:190} INFO - [2025-02-19T09:46:09.451+0000] {dag.py:4156} INFO - Setting next_dagrun for example_python_decorator to None, run_after=None
[2025-02-19T09:46:09.464+0000] {processor.py:208} INFO - Processing /home/airflow/.local/lib/python3.12/site-packages/airflow/example_dags/example_python_decorator.py took 0.060 seconds
[2025-02-19T09:46:40.349+0000] {processor.py:186} INFO - Started process (PID=1127) to work on /home/airflow/.local/lib/python3.12/site-packages/airflow/example_dags/example_python_decorator.py
[2025-02-19T09:46:40.350+0000] {processor.py:914} INFO - Processing file /home/airflow/.local/lib/python3.12/site-packages/airflow/example_dags/example_python_decorator.py for tasks to queue
[2025-02-19T09:46:40.352+0000] {logging_mixin.py:190} INFO - [2025-02-19T09:46:40.351+0000] {dagbag.py:587} INFO - Filling up the DagBag from /home/airflow/.local/lib/python3.12/site-packages/airflow/example_dags/example_python_decorator.py
[2025-02-19T09:46:40.362+0000] {processor.py:925} INFO - DAG(s) 'example_python_decorator' retrieved from /home/airflow/.local/lib/python3.12/site-packages/airflow/example_dags/example_python_decorator.py
[2025-02-19T09:46:40.380+0000] {logging_mixin.py:190} INFO - [2025-02-19T09:46:40.380+0000] {dag.py:3229} INFO - Sync 1 DAGs
[2025-02-19T09:46:40.391+0000] {logging_mixin.py:190} INFO - [2025-02-19T09:46:40.391+0000] {dag.py:4156} INFO - Setting next_dagrun for example_python_decorator to None, run_after=None
[2025-02-19T09:46:40.404+0000] {processor.py:208} INFO - Processing /home/airflow/.local/lib/python3.12/site-packages/airflow/example_dags/example_python_decorator.py took 0.059 seconds
[2025-02-19T09:47:11.366+0000] {processor.py:186} INFO - Started process (PID=1191) to work on /home/airflow/.local/lib/python3.12/site-packages/airflow/example_dags/example_python_decorator.py
[2025-02-19T09:47:11.367+0000] {processor.py:914} INFO - Processing file /home/airflow/.local/lib/python3.12/site-packages/airflow/example_dags/example_python_decorator.py for tasks to queue
[2025-02-19T09:47:11.369+0000] {logging_mixin.py:190} INFO - [2025-02-19T09:47:11.369+0000] {dagbag.py:587} INFO - Filling up the DagBag from /home/airflow/.local/lib/python3.12/site-packages/airflow/example_dags/example_python_decorator.py
[2025-02-19T09:47:11.382+0000] {processor.py:925} INFO - DAG(s) 'example_python_decorator' retrieved from /home/airflow/.local/lib/python3.12/site-packages/airflow/example_dags/example_python_decorator.py
[2025-02-19T09:47:11.404+0000] {logging_mixin.py:190} INFO - [2025-02-19T09:47:11.404+0000] {dag.py:3229} INFO - Sync 1 DAGs
[2025-02-19T09:47:11.416+0000] {logging_mixin.py:190} INFO - [2025-02-19T09:47:11.416+0000] {dag.py:4156} INFO - Setting next_dagrun for example_python_decorator to None, run_after=None
[2025-02-19T09:47:11.433+0000] {processor.py:208} INFO - Processing /home/airflow/.local/lib/python3.12/site-packages/airflow/example_dags/example_python_decorator.py took 0.072 seconds
[2025-02-19T09:47:41.748+0000] {processor.py:186} INFO - Started process (PID=1255) to work on /home/airflow/.local/lib/python3.12/site-packages/airflow/example_dags/example_python_decorator.py
[2025-02-19T09:47:41.750+0000] {processor.py:914} INFO - Processing file /home/airflow/.local/lib/python3.12/site-packages/airflow/example_dags/example_python_decorator.py for tasks to queue
[2025-02-19T09:47:41.752+0000] {logging_mixin.py:190} INFO - [2025-02-19T09:47:41.751+0000] {dagbag.py:587} INFO - Filling up the DagBag from /home/airflow/.local/lib/python3.12/site-packages/airflow/example_dags/example_python_decorator.py
[2025-02-19T09:47:41.766+0000] {processor.py:925} INFO - DAG(s) 'example_python_decorator' retrieved from /home/airflow/.local/lib/python3.12/site-packages/airflow/example_dags/example_python_decorator.py
[2025-02-19T09:47:41.788+0000] {logging_mixin.py:190} INFO - [2025-02-19T09:47:41.787+0000] {dag.py:3229} INFO - Sync 1 DAGs
[2025-02-19T09:47:41.802+0000] {logging_mixin.py:190} INFO - [2025-02-19T09:47:41.802+0000] {dag.py:4156} INFO - Setting next_dagrun for example_python_decorator to None, run_after=None
[2025-02-19T09:47:41.820+0000] {processor.py:208} INFO - Processing /home/airflow/.local/lib/python3.12/site-packages/airflow/example_dags/example_python_decorator.py took 0.076 seconds
[2025-02-19T09:48:12.121+0000] {processor.py:186} INFO - Started process (PID=1320) to work on /home/airflow/.local/lib/python3.12/site-packages/airflow/example_dags/example_python_decorator.py
[2025-02-19T09:48:12.123+0000] {processor.py:914} INFO - Processing file /home/airflow/.local/lib/python3.12/site-packages/airflow/example_dags/example_python_decorator.py for tasks to queue
[2025-02-19T09:48:12.125+0000] {logging_mixin.py:190} INFO - [2025-02-19T09:48:12.124+0000] {dagbag.py:587} INFO - Filling up the DagBag from /home/airflow/.local/lib/python3.12/site-packages/airflow/example_dags/example_python_decorator.py
[2025-02-19T09:48:12.135+0000] {processor.py:925} INFO - DAG(s) 'example_python_decorator' retrieved from /home/airflow/.local/lib/python3.12/site-packages/airflow/example_dags/example_python_decorator.py
[2025-02-19T09:48:12.157+0000] {logging_mixin.py:190} INFO - [2025-02-19T09:48:12.156+0000] {dag.py:3229} INFO - Sync 1 DAGs
[2025-02-19T09:48:12.169+0000] {logging_mixin.py:190} INFO - [2025-02-19T09:48:12.169+0000] {dag.py:4156} INFO - Setting next_dagrun for example_python_decorator to None, run_after=None
[2025-02-19T09:48:12.187+0000] {processor.py:208} INFO - Processing /home/airflow/.local/lib/python3.12/site-packages/airflow/example_dags/example_python_decorator.py took 0.070 seconds
[2025-02-19T09:48:43.249+0000] {processor.py:186} INFO - Started process (PID=1384) to work on /home/airflow/.local/lib/python3.12/site-packages/airflow/example_dags/example_python_decorator.py
[2025-02-19T09:48:43.250+0000] {processor.py:914} INFO - Processing file /home/airflow/.local/lib/python3.12/site-packages/airflow/example_dags/example_python_decorator.py for tasks to queue
[2025-02-19T09:48:43.251+0000] {logging_mixin.py:190} INFO - [2025-02-19T09:48:43.251+0000] {dagbag.py:587} INFO - Filling up the DagBag from /home/airflow/.local/lib/python3.12/site-packages/airflow/example_dags/example_python_decorator.py
[2025-02-19T09:48:43.263+0000] {processor.py:925} INFO - DAG(s) 'example_python_decorator' retrieved from /home/airflow/.local/lib/python3.12/site-packages/airflow/example_dags/example_python_decorator.py
[2025-02-19T09:48:43.282+0000] {logging_mixin.py:190} INFO - [2025-02-19T09:48:43.281+0000] {dag.py:3229} INFO - Sync 1 DAGs
[2025-02-19T09:48:43.293+0000] {logging_mixin.py:190} INFO - [2025-02-19T09:48:43.293+0000] {dag.py:4156} INFO - Setting next_dagrun for example_python_decorator to None, run_after=None
[2025-02-19T09:48:43.308+0000] {processor.py:208} INFO - Processing /home/airflow/.local/lib/python3.12/site-packages/airflow/example_dags/example_python_decorator.py took 0.064 seconds
[2025-02-19T09:49:14.160+0000] {processor.py:186} INFO - Started process (PID=1448) to work on /home/airflow/.local/lib/python3.12/site-packages/airflow/example_dags/example_python_decorator.py
[2025-02-19T09:49:14.161+0000] {processor.py:914} INFO - Processing file /home/airflow/.local/lib/python3.12/site-packages/airflow/example_dags/example_python_decorator.py for tasks to queue
[2025-02-19T09:49:14.163+0000] {logging_mixin.py:190} INFO - [2025-02-19T09:49:14.163+0000] {dagbag.py:587} INFO - Filling up the DagBag from /home/airflow/.local/lib/python3.12/site-packages/airflow/example_dags/example_python_decorator.py
[2025-02-19T09:49:14.174+0000] {processor.py:925} INFO - DAG(s) 'example_python_decorator' retrieved from /home/airflow/.local/lib/python3.12/site-packages/airflow/example_dags/example_python_decorator.py
[2025-02-19T09:49:14.192+0000] {logging_mixin.py:190} INFO - [2025-02-19T09:49:14.192+0000] {dag.py:3229} INFO - Sync 1 DAGs
[2025-02-19T09:49:14.204+0000] {logging_mixin.py:190} INFO - [2025-02-19T09:49:14.203+0000] {dag.py:4156} INFO - Setting next_dagrun for example_python_decorator to None, run_after=None
[2025-02-19T09:49:14.218+0000] {processor.py:208} INFO - Processing /home/airflow/.local/lib/python3.12/site-packages/airflow/example_dags/example_python_decorator.py took 0.063 seconds
[2025-02-19T09:49:45.108+0000] {processor.py:186} INFO - Started process (PID=1512) to work on /home/airflow/.local/lib/python3.12/site-packages/airflow/example_dags/example_python_decorator.py
[2025-02-19T09:49:45.109+0000] {processor.py:914} INFO - Processing file /home/airflow/.local/lib/python3.12/site-packages/airflow/example_dags/example_python_decorator.py for tasks to queue
[2025-02-19T09:49:45.111+0000] {logging_mixin.py:190} INFO - [2025-02-19T09:49:45.111+0000] {dagbag.py:587} INFO - Filling up the DagBag from /home/airflow/.local/lib/python3.12/site-packages/airflow/example_dags/example_python_decorator.py
[2025-02-19T09:49:45.122+0000] {processor.py:925} INFO - DAG(s) 'example_python_decorator' retrieved from /home/airflow/.local/lib/python3.12/site-packages/airflow/example_dags/example_python_decorator.py
[2025-02-19T09:49:45.143+0000] {logging_mixin.py:190} INFO - [2025-02-19T09:49:45.143+0000] {dag.py:3229} INFO - Sync 1 DAGs
[2025-02-19T09:49:45.155+0000] {logging_mixin.py:190} INFO - [2025-02-19T09:49:45.155+0000] {dag.py:4156} INFO - Setting next_dagrun for example_python_decorator to None, run_after=None
[2025-02-19T09:49:45.170+0000] {processor.py:208} INFO - Processing /home/airflow/.local/lib/python3.12/site-packages/airflow/example_dags/example_python_decorator.py took 0.066 seconds
[2025-02-19T09:50:15.441+0000] {processor.py:186} INFO - Started process (PID=1576) to work on /home/airflow/.local/lib/python3.12/site-packages/airflow/example_dags/example_python_decorator.py
[2025-02-19T09:50:15.442+0000] {processor.py:914} INFO - Processing file /home/airflow/.local/lib/python3.12/site-packages/airflow/example_dags/example_python_decorator.py for tasks to queue
[2025-02-19T09:50:15.445+0000] {logging_mixin.py:190} INFO - [2025-02-19T09:50:15.444+0000] {dagbag.py:587} INFO - Filling up the DagBag from /home/airflow/.local/lib/python3.12/site-packages/airflow/example_dags/example_python_decorator.py
[2025-02-19T09:50:15.457+0000] {processor.py:925} INFO - DAG(s) 'example_python_decorator' retrieved from /home/airflow/.local/lib/python3.12/site-packages/airflow/example_dags/example_python_decorator.py
[2025-02-19T09:50:15.478+0000] {logging_mixin.py:190} INFO - [2025-02-19T09:50:15.477+0000] {dag.py:3229} INFO - Sync 1 DAGs
[2025-02-19T09:50:15.491+0000] {logging_mixin.py:190} INFO - [2025-02-19T09:50:15.491+0000] {dag.py:4156} INFO - Setting next_dagrun for example_python_decorator to None, run_after=None
[2025-02-19T09:50:15.511+0000] {processor.py:208} INFO - Processing /home/airflow/.local/lib/python3.12/site-packages/airflow/example_dags/example_python_decorator.py took 0.075 seconds
[2025-02-19T09:50:45.905+0000] {processor.py:186} INFO - Started process (PID=1640) to work on /home/airflow/.local/lib/python3.12/site-packages/airflow/example_dags/example_python_decorator.py
[2025-02-19T09:50:45.906+0000] {processor.py:914} INFO - Processing file /home/airflow/.local/lib/python3.12/site-packages/airflow/example_dags/example_python_decorator.py for tasks to queue
[2025-02-19T09:50:45.908+0000] {logging_mixin.py:190} INFO - [2025-02-19T09:50:45.908+0000] {dagbag.py:587} INFO - Filling up the DagBag from /home/airflow/.local/lib/python3.12/site-packages/airflow/example_dags/example_python_decorator.py
[2025-02-19T09:50:45.919+0000] {processor.py:925} INFO - DAG(s) 'example_python_decorator' retrieved from /home/airflow/.local/lib/python3.12/site-packages/airflow/example_dags/example_python_decorator.py
[2025-02-19T09:50:45.941+0000] {logging_mixin.py:190} INFO - [2025-02-19T09:50:45.941+0000] {dag.py:3229} INFO - Sync 1 DAGs
[2025-02-19T09:50:45.954+0000] {logging_mixin.py:190} INFO - [2025-02-19T09:50:45.954+0000] {dag.py:4156} INFO - Setting next_dagrun for example_python_decorator to None, run_after=None
[2025-02-19T09:50:45.976+0000] {processor.py:208} INFO - Processing /home/airflow/.local/lib/python3.12/site-packages/airflow/example_dags/example_python_decorator.py took 0.076 seconds
[2025-02-19T09:51:16.080+0000] {processor.py:186} INFO - Started process (PID=1703) to work on /home/airflow/.local/lib/python3.12/site-packages/airflow/example_dags/example_python_decorator.py
[2025-02-19T09:51:16.081+0000] {processor.py:914} INFO - Processing file /home/airflow/.local/lib/python3.12/site-packages/airflow/example_dags/example_python_decorator.py for tasks to queue
[2025-02-19T09:51:16.082+0000] {logging_mixin.py:190} INFO - [2025-02-19T09:51:16.082+0000] {dagbag.py:587} INFO - Filling up the DagBag from /home/airflow/.local/lib/python3.12/site-packages/airflow/example_dags/example_python_decorator.py
[2025-02-19T09:51:16.093+0000] {processor.py:925} INFO - DAG(s) 'example_python_decorator' retrieved from /home/airflow/.local/lib/python3.12/site-packages/airflow/example_dags/example_python_decorator.py
[2025-02-19T09:51:16.111+0000] {logging_mixin.py:190} INFO - [2025-02-19T09:51:16.110+0000] {dag.py:3229} INFO - Sync 1 DAGs
[2025-02-19T09:51:16.121+0000] {logging_mixin.py:190} INFO - [2025-02-19T09:51:16.121+0000] {dag.py:4156} INFO - Setting next_dagrun for example_python_decorator to None, run_after=None
[2025-02-19T09:51:16.134+0000] {processor.py:208} INFO - Processing /home/airflow/.local/lib/python3.12/site-packages/airflow/example_dags/example_python_decorator.py took 0.058 seconds
[2025-02-19T09:51:46.372+0000] {processor.py:186} INFO - Started process (PID=1767) to work on /home/airflow/.local/lib/python3.12/site-packages/airflow/example_dags/example_python_decorator.py
[2025-02-19T09:51:46.373+0000] {processor.py:914} INFO - Processing file /home/airflow/.local/lib/python3.12/site-packages/airflow/example_dags/example_python_decorator.py for tasks to queue
[2025-02-19T09:51:46.375+0000] {logging_mixin.py:190} INFO - [2025-02-19T09:51:46.374+0000] {dagbag.py:587} INFO - Filling up the DagBag from /home/airflow/.local/lib/python3.12/site-packages/airflow/example_dags/example_python_decorator.py
[2025-02-19T09:51:46.385+0000] {processor.py:925} INFO - DAG(s) 'example_python_decorator' retrieved from /home/airflow/.local/lib/python3.12/site-packages/airflow/example_dags/example_python_decorator.py
[2025-02-19T09:51:46.402+0000] {logging_mixin.py:190} INFO - [2025-02-19T09:51:46.402+0000] {dag.py:3229} INFO - Sync 1 DAGs
[2025-02-19T09:51:46.413+0000] {logging_mixin.py:190} INFO - [2025-02-19T09:51:46.413+0000] {dag.py:4156} INFO - Setting next_dagrun for example_python_decorator to None, run_after=None
[2025-02-19T09:51:46.428+0000] {processor.py:208} INFO - Processing /home/airflow/.local/lib/python3.12/site-packages/airflow/example_dags/example_python_decorator.py took 0.060 seconds
[2025-02-19T09:52:16.539+0000] {processor.py:186} INFO - Started process (PID=1830) to work on /home/airflow/.local/lib/python3.12/site-packages/airflow/example_dags/example_python_decorator.py
[2025-02-19T09:52:16.540+0000] {processor.py:914} INFO - Processing file /home/airflow/.local/lib/python3.12/site-packages/airflow/example_dags/example_python_decorator.py for tasks to queue
[2025-02-19T09:52:16.542+0000] {logging_mixin.py:190} INFO - [2025-02-19T09:52:16.542+0000] {dagbag.py:587} INFO - Filling up the DagBag from /home/airflow/.local/lib/python3.12/site-packages/airflow/example_dags/example_python_decorator.py
[2025-02-19T09:52:16.553+0000] {processor.py:925} INFO - DAG(s) 'example_python_decorator' retrieved from /home/airflow/.local/lib/python3.12/site-packages/airflow/example_dags/example_python_decorator.py
[2025-02-19T09:52:16.571+0000] {logging_mixin.py:190} INFO - [2025-02-19T09:52:16.571+0000] {dag.py:3229} INFO - Sync 1 DAGs
[2025-02-19T09:52:16.582+0000] {logging_mixin.py:190} INFO - [2025-02-19T09:52:16.582+0000] {dag.py:4156} INFO - Setting next_dagrun for example_python_decorator to None, run_after=None
[2025-02-19T09:52:16.597+0000] {processor.py:208} INFO - Processing /home/airflow/.local/lib/python3.12/site-packages/airflow/example_dags/example_python_decorator.py took 0.062 seconds
[2025-02-19T09:52:46.695+0000] {processor.py:186} INFO - Started process (PID=1894) to work on /home/airflow/.local/lib/python3.12/site-packages/airflow/example_dags/example_python_decorator.py
[2025-02-19T09:52:46.696+0000] {processor.py:914} INFO - Processing file /home/airflow/.local/lib/python3.12/site-packages/airflow/example_dags/example_python_decorator.py for tasks to queue
[2025-02-19T09:52:46.699+0000] {logging_mixin.py:190} INFO - [2025-02-19T09:52:46.698+0000] {dagbag.py:587} INFO - Filling up the DagBag from /home/airflow/.local/lib/python3.12/site-packages/airflow/example_dags/example_python_decorator.py
[2025-02-19T09:52:46.710+0000] {processor.py:925} INFO - DAG(s) 'example_python_decorator' retrieved from /home/airflow/.local/lib/python3.12/site-packages/airflow/example_dags/example_python_decorator.py
[2025-02-19T09:52:46.732+0000] {logging_mixin.py:190} INFO - [2025-02-19T09:52:46.732+0000] {dag.py:3229} INFO - Sync 1 DAGs
[2025-02-19T09:52:46.744+0000] {logging_mixin.py:190} INFO - [2025-02-19T09:52:46.744+0000] {dag.py:4156} INFO - Setting next_dagrun for example_python_decorator to None, run_after=None
[2025-02-19T09:52:46.759+0000] {processor.py:208} INFO - Processing /home/airflow/.local/lib/python3.12/site-packages/airflow/example_dags/example_python_decorator.py took 0.067 seconds
[2025-02-19T09:53:17.186+0000] {processor.py:186} INFO - Started process (PID=1958) to work on /home/airflow/.local/lib/python3.12/site-packages/airflow/example_dags/example_python_decorator.py
[2025-02-19T09:53:17.187+0000] {processor.py:914} INFO - Processing file /home/airflow/.local/lib/python3.12/site-packages/airflow/example_dags/example_python_decorator.py for tasks to queue
[2025-02-19T09:53:17.189+0000] {logging_mixin.py:190} INFO - [2025-02-19T09:53:17.189+0000] {dagbag.py:587} INFO - Filling up the DagBag from /home/airflow/.local/lib/python3.12/site-packages/airflow/example_dags/example_python_decorator.py
[2025-02-19T09:53:17.201+0000] {processor.py:925} INFO - DAG(s) 'example_python_decorator' retrieved from /home/airflow/.local/lib/python3.12/site-packages/airflow/example_dags/example_python_decorator.py
[2025-02-19T09:53:17.223+0000] {logging_mixin.py:190} INFO - [2025-02-19T09:53:17.223+0000] {dag.py:3229} INFO - Sync 1 DAGs
[2025-02-19T09:53:17.235+0000] {logging_mixin.py:190} INFO - [2025-02-19T09:53:17.235+0000] {dag.py:4156} INFO - Setting next_dagrun for example_python_decorator to None, run_after=None
[2025-02-19T09:53:17.255+0000] {processor.py:208} INFO - Processing /home/airflow/.local/lib/python3.12/site-packages/airflow/example_dags/example_python_decorator.py took 0.074 seconds
[2025-02-19T09:53:47.559+0000] {processor.py:186} INFO - Started process (PID=2022) to work on /home/airflow/.local/lib/python3.12/site-packages/airflow/example_dags/example_python_decorator.py
[2025-02-19T09:53:47.561+0000] {processor.py:914} INFO - Processing file /home/airflow/.local/lib/python3.12/site-packages/airflow/example_dags/example_python_decorator.py for tasks to queue
[2025-02-19T09:53:47.563+0000] {logging_mixin.py:190} INFO - [2025-02-19T09:53:47.562+0000] {dagbag.py:587} INFO - Filling up the DagBag from /home/airflow/.local/lib/python3.12/site-packages/airflow/example_dags/example_python_decorator.py
[2025-02-19T09:53:47.575+0000] {processor.py:925} INFO - DAG(s) 'example_python_decorator' retrieved from /home/airflow/.local/lib/python3.12/site-packages/airflow/example_dags/example_python_decorator.py
[2025-02-19T09:53:47.596+0000] {logging_mixin.py:190} INFO - [2025-02-19T09:53:47.595+0000] {dag.py:3229} INFO - Sync 1 DAGs
[2025-02-19T09:53:47.610+0000] {logging_mixin.py:190} INFO - [2025-02-19T09:53:47.609+0000] {dag.py:4156} INFO - Setting next_dagrun for example_python_decorator to None, run_after=None
[2025-02-19T09:53:47.626+0000] {processor.py:208} INFO - Processing /home/airflow/.local/lib/python3.12/site-packages/airflow/example_dags/example_python_decorator.py took 0.071 seconds
[2025-02-19T09:54:17.932+0000] {processor.py:186} INFO - Started process (PID=2086) to work on /home/airflow/.local/lib/python3.12/site-packages/airflow/example_dags/example_python_decorator.py
[2025-02-19T09:54:17.933+0000] {processor.py:914} INFO - Processing file /home/airflow/.local/lib/python3.12/site-packages/airflow/example_dags/example_python_decorator.py for tasks to queue
[2025-02-19T09:54:17.935+0000] {logging_mixin.py:190} INFO - [2025-02-19T09:54:17.935+0000] {dagbag.py:587} INFO - Filling up the DagBag from /home/airflow/.local/lib/python3.12/site-packages/airflow/example_dags/example_python_decorator.py
[2025-02-19T09:54:17.948+0000] {processor.py:925} INFO - DAG(s) 'example_python_decorator' retrieved from /home/airflow/.local/lib/python3.12/site-packages/airflow/example_dags/example_python_decorator.py
[2025-02-19T09:54:17.971+0000] {logging_mixin.py:190} INFO - [2025-02-19T09:54:17.970+0000] {dag.py:3229} INFO - Sync 1 DAGs
[2025-02-19T09:54:17.986+0000] {logging_mixin.py:190} INFO - [2025-02-19T09:54:17.986+0000] {dag.py:4156} INFO - Setting next_dagrun for example_python_decorator to None, run_after=None
[2025-02-19T09:54:18.005+0000] {processor.py:208} INFO - Processing /home/airflow/.local/lib/python3.12/site-packages/airflow/example_dags/example_python_decorator.py took 0.078 seconds
[2025-02-19T09:54:48.100+0000] {processor.py:186} INFO - Started process (PID=2150) to work on /home/airflow/.local/lib/python3.12/site-packages/airflow/example_dags/example_python_decorator.py
[2025-02-19T09:54:48.101+0000] {processor.py:914} INFO - Processing file /home/airflow/.local/lib/python3.12/site-packages/airflow/example_dags/example_python_decorator.py for tasks to queue
[2025-02-19T09:54:48.103+0000] {logging_mixin.py:190} INFO - [2025-02-19T09:54:48.103+0000] {dagbag.py:587} INFO - Filling up the DagBag from /home/airflow/.local/lib/python3.12/site-packages/airflow/example_dags/example_python_decorator.py
[2025-02-19T09:54:48.116+0000] {processor.py:925} INFO - DAG(s) 'example_python_decorator' retrieved from /home/airflow/.local/lib/python3.12/site-packages/airflow/example_dags/example_python_decorator.py
[2025-02-19T09:54:48.141+0000] {logging_mixin.py:190} INFO - [2025-02-19T09:54:48.140+0000] {dag.py:3229} INFO - Sync 1 DAGs
[2025-02-19T09:54:48.154+0000] {logging_mixin.py:190} INFO - [2025-02-19T09:54:48.154+0000] {dag.py:4156} INFO - Setting next_dagrun for example_python_decorator to None, run_after=None
[2025-02-19T09:54:48.173+0000] {processor.py:208} INFO - Processing /home/airflow/.local/lib/python3.12/site-packages/airflow/example_dags/example_python_decorator.py took 0.077 seconds
[2025-02-19T09:55:18.470+0000] {processor.py:186} INFO - Started process (PID=2215) to work on /home/airflow/.local/lib/python3.12/site-packages/airflow/example_dags/example_python_decorator.py
[2025-02-19T09:55:18.471+0000] {processor.py:914} INFO - Processing file /home/airflow/.local/lib/python3.12/site-packages/airflow/example_dags/example_python_decorator.py for tasks to queue
[2025-02-19T09:55:18.473+0000] {logging_mixin.py:190} INFO - [2025-02-19T09:55:18.472+0000] {dagbag.py:587} INFO - Filling up the DagBag from /home/airflow/.local/lib/python3.12/site-packages/airflow/example_dags/example_python_decorator.py
[2025-02-19T09:55:18.484+0000] {processor.py:925} INFO - DAG(s) 'example_python_decorator' retrieved from /home/airflow/.local/lib/python3.12/site-packages/airflow/example_dags/example_python_decorator.py
[2025-02-19T09:55:18.506+0000] {logging_mixin.py:190} INFO - [2025-02-19T09:55:18.505+0000] {dag.py:3229} INFO - Sync 1 DAGs
[2025-02-19T09:55:18.520+0000] {logging_mixin.py:190} INFO - [2025-02-19T09:55:18.519+0000] {dag.py:4156} INFO - Setting next_dagrun for example_python_decorator to None, run_after=None
[2025-02-19T09:55:18.537+0000] {processor.py:208} INFO - Processing /home/airflow/.local/lib/python3.12/site-packages/airflow/example_dags/example_python_decorator.py took 0.072 seconds
[2025-02-19T09:55:48.863+0000] {processor.py:186} INFO - Started process (PID=2279) to work on /home/airflow/.local/lib/python3.12/site-packages/airflow/example_dags/example_python_decorator.py
[2025-02-19T09:55:48.864+0000] {processor.py:914} INFO - Processing file /home/airflow/.local/lib/python3.12/site-packages/airflow/example_dags/example_python_decorator.py for tasks to queue
[2025-02-19T09:55:48.866+0000] {logging_mixin.py:190} INFO - [2025-02-19T09:55:48.866+0000] {dagbag.py:587} INFO - Filling up the DagBag from /home/airflow/.local/lib/python3.12/site-packages/airflow/example_dags/example_python_decorator.py
[2025-02-19T09:55:48.879+0000] {processor.py:925} INFO - DAG(s) 'example_python_decorator' retrieved from /home/airflow/.local/lib/python3.12/site-packages/airflow/example_dags/example_python_decorator.py
[2025-02-19T09:55:48.901+0000] {logging_mixin.py:190} INFO - [2025-02-19T09:55:48.901+0000] {dag.py:3229} INFO - Sync 1 DAGs
[2025-02-19T09:55:48.917+0000] {logging_mixin.py:190} INFO - [2025-02-19T09:55:48.916+0000] {dag.py:4156} INFO - Setting next_dagrun for example_python_decorator to None, run_after=None
[2025-02-19T09:55:48.936+0000] {processor.py:208} INFO - Processing /home/airflow/.local/lib/python3.12/site-packages/airflow/example_dags/example_python_decorator.py took 0.077 seconds
[2025-02-19T09:56:19.258+0000] {processor.py:186} INFO - Started process (PID=2343) to work on /home/airflow/.local/lib/python3.12/site-packages/airflow/example_dags/example_python_decorator.py
[2025-02-19T09:56:19.260+0000] {processor.py:914} INFO - Processing file /home/airflow/.local/lib/python3.12/site-packages/airflow/example_dags/example_python_decorator.py for tasks to queue
[2025-02-19T09:56:19.262+0000] {logging_mixin.py:190} INFO - [2025-02-19T09:56:19.261+0000] {dagbag.py:587} INFO - Filling up the DagBag from /home/airflow/.local/lib/python3.12/site-packages/airflow/example_dags/example_python_decorator.py
[2025-02-19T09:56:19.274+0000] {processor.py:925} INFO - DAG(s) 'example_python_decorator' retrieved from /home/airflow/.local/lib/python3.12/site-packages/airflow/example_dags/example_python_decorator.py
[2025-02-19T09:56:19.295+0000] {logging_mixin.py:190} INFO - [2025-02-19T09:56:19.294+0000] {dag.py:3229} INFO - Sync 1 DAGs
[2025-02-19T09:56:19.307+0000] {logging_mixin.py:190} INFO - [2025-02-19T09:56:19.307+0000] {dag.py:4156} INFO - Setting next_dagrun for example_python_decorator to None, run_after=None
[2025-02-19T09:56:19.324+0000] {processor.py:208} INFO - Processing /home/airflow/.local/lib/python3.12/site-packages/airflow/example_dags/example_python_decorator.py took 0.070 seconds
[2025-02-19T09:56:49.674+0000] {processor.py:186} INFO - Started process (PID=2408) to work on /home/airflow/.local/lib/python3.12/site-packages/airflow/example_dags/example_python_decorator.py
[2025-02-19T09:56:49.675+0000] {processor.py:914} INFO - Processing file /home/airflow/.local/lib/python3.12/site-packages/airflow/example_dags/example_python_decorator.py for tasks to queue
[2025-02-19T09:56:49.677+0000] {logging_mixin.py:190} INFO - [2025-02-19T09:56:49.676+0000] {dagbag.py:587} INFO - Filling up the DagBag from /home/airflow/.local/lib/python3.12/site-packages/airflow/example_dags/example_python_decorator.py
[2025-02-19T09:56:49.689+0000] {processor.py:925} INFO - DAG(s) 'example_python_decorator' retrieved from /home/airflow/.local/lib/python3.12/site-packages/airflow/example_dags/example_python_decorator.py
[2025-02-19T09:56:49.713+0000] {logging_mixin.py:190} INFO - [2025-02-19T09:56:49.713+0000] {dag.py:3229} INFO - Sync 1 DAGs
[2025-02-19T09:56:49.726+0000] {logging_mixin.py:190} INFO - [2025-02-19T09:56:49.726+0000] {dag.py:4156} INFO - Setting next_dagrun for example_python_decorator to None, run_after=None
[2025-02-19T09:56:49.743+0000] {processor.py:208} INFO - Processing /home/airflow/.local/lib/python3.12/site-packages/airflow/example_dags/example_python_decorator.py took 0.073 seconds
[2025-02-19T09:57:21.017+0000] {processor.py:186} INFO - Started process (PID=2474) to work on /home/airflow/.local/lib/python3.12/site-packages/airflow/example_dags/example_python_decorator.py
[2025-02-19T09:57:21.018+0000] {processor.py:914} INFO - Processing file /home/airflow/.local/lib/python3.12/site-packages/airflow/example_dags/example_python_decorator.py for tasks to queue
[2025-02-19T09:57:21.020+0000] {logging_mixin.py:190} INFO - [2025-02-19T09:57:21.020+0000] {dagbag.py:587} INFO - Filling up the DagBag from /home/airflow/.local/lib/python3.12/site-packages/airflow/example_dags/example_python_decorator.py
[2025-02-19T09:57:21.031+0000] {processor.py:925} INFO - DAG(s) 'example_python_decorator' retrieved from /home/airflow/.local/lib/python3.12/site-packages/airflow/example_dags/example_python_decorator.py
[2025-02-19T09:57:21.053+0000] {logging_mixin.py:190} INFO - [2025-02-19T09:57:21.053+0000] {dag.py:3229} INFO - Sync 1 DAGs
[2025-02-19T09:57:21.065+0000] {logging_mixin.py:190} INFO - [2025-02-19T09:57:21.065+0000] {dag.py:4156} INFO - Setting next_dagrun for example_python_decorator to None, run_after=None
[2025-02-19T09:57:21.082+0000] {processor.py:208} INFO - Processing /home/airflow/.local/lib/python3.12/site-packages/airflow/example_dags/example_python_decorator.py took 0.069 seconds
[2025-02-19T09:57:51.425+0000] {processor.py:186} INFO - Started process (PID=2538) to work on /home/airflow/.local/lib/python3.12/site-packages/airflow/example_dags/example_python_decorator.py
[2025-02-19T09:57:51.426+0000] {processor.py:914} INFO - Processing file /home/airflow/.local/lib/python3.12/site-packages/airflow/example_dags/example_python_decorator.py for tasks to queue
[2025-02-19T09:57:51.428+0000] {logging_mixin.py:190} INFO - [2025-02-19T09:57:51.428+0000] {dagbag.py:587} INFO - Filling up the DagBag from /home/airflow/.local/lib/python3.12/site-packages/airflow/example_dags/example_python_decorator.py
[2025-02-19T09:57:51.443+0000] {processor.py:925} INFO - DAG(s) 'example_python_decorator' retrieved from /home/airflow/.local/lib/python3.12/site-packages/airflow/example_dags/example_python_decorator.py
[2025-02-19T09:57:51.463+0000] {logging_mixin.py:190} INFO - [2025-02-19T09:57:51.463+0000] {dag.py:3229} INFO - Sync 1 DAGs
[2025-02-19T09:57:51.475+0000] {logging_mixin.py:190} INFO - [2025-02-19T09:57:51.475+0000] {dag.py:4156} INFO - Setting next_dagrun for example_python_decorator to None, run_after=None
[2025-02-19T09:57:51.490+0000] {processor.py:208} INFO - Processing /home/airflow/.local/lib/python3.12/site-packages/airflow/example_dags/example_python_decorator.py took 0.070 seconds
[2025-02-19T09:58:22.185+0000] {processor.py:186} INFO - Started process (PID=2603) to work on /home/airflow/.local/lib/python3.12/site-packages/airflow/example_dags/example_python_decorator.py
[2025-02-19T09:58:22.186+0000] {processor.py:914} INFO - Processing file /home/airflow/.local/lib/python3.12/site-packages/airflow/example_dags/example_python_decorator.py for tasks to queue
[2025-02-19T09:58:22.187+0000] {logging_mixin.py:190} INFO - [2025-02-19T09:58:22.187+0000] {dagbag.py:587} INFO - Filling up the DagBag from /home/airflow/.local/lib/python3.12/site-packages/airflow/example_dags/example_python_decorator.py
[2025-02-19T09:58:22.198+0000] {processor.py:925} INFO - DAG(s) 'example_python_decorator' retrieved from /home/airflow/.local/lib/python3.12/site-packages/airflow/example_dags/example_python_decorator.py
[2025-02-19T09:58:22.220+0000] {logging_mixin.py:190} INFO - [2025-02-19T09:58:22.219+0000] {dag.py:3229} INFO - Sync 1 DAGs
[2025-02-19T09:58:22.231+0000] {logging_mixin.py:190} INFO - [2025-02-19T09:58:22.231+0000] {dag.py:4156} INFO - Setting next_dagrun for example_python_decorator to None, run_after=None
[2025-02-19T09:58:22.246+0000] {processor.py:208} INFO - Processing /home/airflow/.local/lib/python3.12/site-packages/airflow/example_dags/example_python_decorator.py took 0.066 seconds
[2025-02-19T09:58:53.272+0000] {processor.py:186} INFO - Started process (PID=2672) to work on /home/airflow/.local/lib/python3.12/site-packages/airflow/example_dags/example_python_decorator.py
[2025-02-19T09:58:53.273+0000] {processor.py:914} INFO - Processing file /home/airflow/.local/lib/python3.12/site-packages/airflow/example_dags/example_python_decorator.py for tasks to queue
[2025-02-19T09:58:53.275+0000] {logging_mixin.py:190} INFO - [2025-02-19T09:58:53.274+0000] {dagbag.py:587} INFO - Filling up the DagBag from /home/airflow/.local/lib/python3.12/site-packages/airflow/example_dags/example_python_decorator.py
[2025-02-19T09:58:53.287+0000] {processor.py:925} INFO - DAG(s) 'example_python_decorator' retrieved from /home/airflow/.local/lib/python3.12/site-packages/airflow/example_dags/example_python_decorator.py
[2025-02-19T09:58:53.309+0000] {logging_mixin.py:190} INFO - [2025-02-19T09:58:53.309+0000] {dag.py:3229} INFO - Sync 1 DAGs
[2025-02-19T09:58:53.322+0000] {logging_mixin.py:190} INFO - [2025-02-19T09:58:53.321+0000] {dag.py:4156} INFO - Setting next_dagrun for example_python_decorator to None, run_after=None
[2025-02-19T09:58:53.337+0000] {processor.py:208} INFO - Processing /home/airflow/.local/lib/python3.12/site-packages/airflow/example_dags/example_python_decorator.py took 0.070 seconds
[2025-02-19T09:59:24.472+0000] {processor.py:186} INFO - Started process (PID=2736) to work on /home/airflow/.local/lib/python3.12/site-packages/airflow/example_dags/example_python_decorator.py
[2025-02-19T09:59:24.474+0000] {processor.py:914} INFO - Processing file /home/airflow/.local/lib/python3.12/site-packages/airflow/example_dags/example_python_decorator.py for tasks to queue
[2025-02-19T09:59:24.475+0000] {logging_mixin.py:190} INFO - [2025-02-19T09:59:24.475+0000] {dagbag.py:587} INFO - Filling up the DagBag from /home/airflow/.local/lib/python3.12/site-packages/airflow/example_dags/example_python_decorator.py
[2025-02-19T09:59:24.486+0000] {processor.py:925} INFO - DAG(s) 'example_python_decorator' retrieved from /home/airflow/.local/lib/python3.12/site-packages/airflow/example_dags/example_python_decorator.py
[2025-02-19T09:59:24.505+0000] {logging_mixin.py:190} INFO - [2025-02-19T09:59:24.504+0000] {dag.py:3229} INFO - Sync 1 DAGs
[2025-02-19T09:59:24.515+0000] {logging_mixin.py:190} INFO - [2025-02-19T09:59:24.515+0000] {dag.py:4156} INFO - Setting next_dagrun for example_python_decorator to None, run_after=None
[2025-02-19T09:59:24.532+0000] {processor.py:208} INFO - Processing /home/airflow/.local/lib/python3.12/site-packages/airflow/example_dags/example_python_decorator.py took 0.063 seconds
[2025-02-19T10:23:13.364+0000] {logging_mixin.py:190} INFO - [2025-02-19T10:23:13.363+0000] {settings.py:475} DEBUG - Setting up DB connection pool (PID 85)
[2025-02-19T10:23:13.366+0000] {logging_mixin.py:190} INFO - [2025-02-19T10:23:13.366+0000] {settings.py:579} DEBUG - settings.prepare_engine_args(): Using pool settings. pool_size=5, max_overflow=10, pool_recycle=1800, pid=85
[2025-02-19T10:23:13.371+0000] {processor.py:186} INFO - Started process (PID=85) to work on /home/airflow/.local/lib/python3.12/site-packages/airflow/example_dags/example_python_decorator.py
[2025-02-19T10:23:13.372+0000] {processor.py:914} INFO - Processing file /home/airflow/.local/lib/python3.12/site-packages/airflow/example_dags/example_python_decorator.py for tasks to queue
[2025-02-19T10:23:13.373+0000] {logging_mixin.py:190} INFO - [2025-02-19T10:23:13.372+0000] {dagbag.py:587} INFO - Filling up the DagBag from /home/airflow/.local/lib/python3.12/site-packages/airflow/example_dags/example_python_decorator.py
[2025-02-19T10:23:13.374+0000] {logging_mixin.py:190} INFO - [2025-02-19T10:23:13.373+0000] {dagbag.py:368} DEBUG - Importing /home/airflow/.local/lib/python3.12/site-packages/airflow/example_dags/example_python_decorator.py
[2025-02-19T10:23:13.388+0000] {logging_mixin.py:190} INFO - [2025-02-19T10:23:13.387+0000] {dagbag.py:553} DEBUG - Loaded DAG <DAG: example_python_decorator>
[2025-02-19T10:23:13.388+0000] {processor.py:925} INFO - DAG(s) 'example_python_decorator' retrieved from /home/airflow/.local/lib/python3.12/site-packages/airflow/example_dags/example_python_decorator.py
[2025-02-19T10:23:13.389+0000] {logging_mixin.py:190} INFO - [2025-02-19T10:23:13.389+0000] {dagbag.py:710} DEBUG - Running dagbag.sync_to_db with retries. Try 1 of 3
[2025-02-19T10:23:13.389+0000] {logging_mixin.py:190} INFO - [2025-02-19T10:23:13.389+0000] {dagbag.py:715} DEBUG - Calling the DAG.bulk_sync_to_db method
[2025-02-19T10:23:13.400+0000] {logging_mixin.py:190} INFO - [2025-02-19T10:23:13.400+0000] {serialized_dag.py:168} DEBUG - Checking if DAG (example_python_decorator) changed
[2025-02-19T10:23:13.412+0000] {logging_mixin.py:190} INFO - [2025-02-19T10:23:13.412+0000] {serialized_dag.py:182} DEBUG - Writing Serialized DAG: example_python_decorator to the DB
[2025-02-19T10:23:13.415+0000] {logging_mixin.py:190} INFO - [2025-02-19T10:23:13.415+0000] {serialized_dag.py:184} DEBUG - DAG: example_python_decorator written to the DB
[2025-02-19T10:23:13.415+0000] {logging_mixin.py:190} INFO - [2025-02-19T10:23:13.415+0000] {dagbag.py:744} DEBUG - Syncing DAG permissions: example_python_decorator to the DB
[2025-02-19T10:23:13.504+0000] {logging_mixin.py:190} INFO - [2025-02-19T10:23:13.504+0000] {override.py:1129} DEBUG - Not syncing DAG-level permissions for DAG 'example_python_decorator' as access control is unset.
[2025-02-19T10:23:13.504+0000] {logging_mixin.py:190} INFO - [2025-02-19T10:23:13.504+0000] {dag.py:3229} INFO - Sync 1 DAGs
[2025-02-19T10:23:13.516+0000] {logging_mixin.py:190} INFO - [2025-02-19T10:23:13.515+0000] {dag.py:4156} INFO - Setting next_dagrun for example_python_decorator to None, run_after=None
[2025-02-19T10:23:13.536+0000] {processor.py:208} INFO - Processing /home/airflow/.local/lib/python3.12/site-packages/airflow/example_dags/example_python_decorator.py took 0.172 seconds
[2025-02-19T10:23:55.777+0000] {logging_mixin.py:190} INFO - [2025-02-19T10:23:55.776+0000] {settings.py:475} DEBUG - Setting up DB connection pool (PID 149)
[2025-02-19T10:23:55.810+0000] {logging_mixin.py:190} INFO - [2025-02-19T10:23:55.810+0000] {settings.py:579} DEBUG - settings.prepare_engine_args(): Using pool settings. pool_size=5, max_overflow=10, pool_recycle=1800, pid=149
[2025-02-19T10:23:55.815+0000] {processor.py:186} INFO - Started process (PID=149) to work on /home/airflow/.local/lib/python3.12/site-packages/airflow/example_dags/example_python_decorator.py
[2025-02-19T10:23:55.815+0000] {processor.py:914} INFO - Processing file /home/airflow/.local/lib/python3.12/site-packages/airflow/example_dags/example_python_decorator.py for tasks to queue
[2025-02-19T10:23:55.816+0000] {logging_mixin.py:190} INFO - [2025-02-19T10:23:55.816+0000] {dagbag.py:587} INFO - Filling up the DagBag from /home/airflow/.local/lib/python3.12/site-packages/airflow/example_dags/example_python_decorator.py
[2025-02-19T10:23:55.817+0000] {logging_mixin.py:190} INFO - [2025-02-19T10:23:55.816+0000] {dagbag.py:368} DEBUG - Importing /home/airflow/.local/lib/python3.12/site-packages/airflow/example_dags/example_python_decorator.py
[2025-02-19T10:23:55.828+0000] {logging_mixin.py:190} INFO - [2025-02-19T10:23:55.827+0000] {dagbag.py:553} DEBUG - Loaded DAG <DAG: example_python_decorator>
[2025-02-19T10:23:55.829+0000] {processor.py:925} INFO - DAG(s) 'example_python_decorator' retrieved from /home/airflow/.local/lib/python3.12/site-packages/airflow/example_dags/example_python_decorator.py
[2025-02-19T10:23:55.829+0000] {logging_mixin.py:190} INFO - [2025-02-19T10:23:55.829+0000] {dagbag.py:710} DEBUG - Running dagbag.sync_to_db with retries. Try 1 of 3
[2025-02-19T10:23:55.829+0000] {logging_mixin.py:190} INFO - [2025-02-19T10:23:55.829+0000] {dagbag.py:715} DEBUG - Calling the DAG.bulk_sync_to_db method
[2025-02-19T10:23:55.839+0000] {logging_mixin.py:190} INFO - [2025-02-19T10:23:55.839+0000] {serialized_dag.py:168} DEBUG - Checking if DAG (example_python_decorator) changed
[2025-02-19T10:23:55.849+0000] {logging_mixin.py:190} INFO - [2025-02-19T10:23:55.848+0000] {serialized_dag.py:179} DEBUG - Serialized DAG (example_python_decorator) is unchanged. Skipping writing to DB
[2025-02-19T10:23:55.849+0000] {logging_mixin.py:190} INFO - [2025-02-19T10:23:55.849+0000] {dag.py:3229} INFO - Sync 1 DAGs
[2025-02-19T10:23:55.862+0000] {logging_mixin.py:190} INFO - [2025-02-19T10:23:55.862+0000] {dag.py:4156} INFO - Setting next_dagrun for example_python_decorator to None, run_after=None
[2025-02-19T10:23:56.176+0000] {processor.py:208} INFO - Processing /home/airflow/.local/lib/python3.12/site-packages/airflow/example_dags/example_python_decorator.py took 0.400 seconds
[2025-02-19T10:24:26.374+0000] {logging_mixin.py:190} INFO - [2025-02-19T10:24:26.374+0000] {settings.py:475} DEBUG - Setting up DB connection pool (PID 213)
[2025-02-19T10:24:26.375+0000] {logging_mixin.py:190} INFO - [2025-02-19T10:24:26.375+0000] {settings.py:579} DEBUG - settings.prepare_engine_args(): Using pool settings. pool_size=5, max_overflow=10, pool_recycle=1800, pid=213
[2025-02-19T10:24:26.380+0000] {processor.py:186} INFO - Started process (PID=213) to work on /home/airflow/.local/lib/python3.12/site-packages/airflow/example_dags/example_python_decorator.py
[2025-02-19T10:24:26.380+0000] {processor.py:914} INFO - Processing file /home/airflow/.local/lib/python3.12/site-packages/airflow/example_dags/example_python_decorator.py for tasks to queue
[2025-02-19T10:24:26.381+0000] {logging_mixin.py:190} INFO - [2025-02-19T10:24:26.381+0000] {dagbag.py:587} INFO - Filling up the DagBag from /home/airflow/.local/lib/python3.12/site-packages/airflow/example_dags/example_python_decorator.py
[2025-02-19T10:24:26.382+0000] {logging_mixin.py:190} INFO - [2025-02-19T10:24:26.382+0000] {dagbag.py:368} DEBUG - Importing /home/airflow/.local/lib/python3.12/site-packages/airflow/example_dags/example_python_decorator.py
[2025-02-19T10:24:26.396+0000] {logging_mixin.py:190} INFO - [2025-02-19T10:24:26.394+0000] {dagbag.py:553} DEBUG - Loaded DAG <DAG: example_python_decorator>
[2025-02-19T10:24:26.396+0000] {processor.py:925} INFO - DAG(s) 'example_python_decorator' retrieved from /home/airflow/.local/lib/python3.12/site-packages/airflow/example_dags/example_python_decorator.py
[2025-02-19T10:24:26.397+0000] {logging_mixin.py:190} INFO - [2025-02-19T10:24:26.396+0000] {dagbag.py:710} DEBUG - Running dagbag.sync_to_db with retries. Try 1 of 3
[2025-02-19T10:24:26.397+0000] {logging_mixin.py:190} INFO - [2025-02-19T10:24:26.397+0000] {dagbag.py:715} DEBUG - Calling the DAG.bulk_sync_to_db method
[2025-02-19T10:24:26.408+0000] {logging_mixin.py:190} INFO - [2025-02-19T10:24:26.407+0000] {serialized_dag.py:168} DEBUG - Checking if DAG (example_python_decorator) changed
[2025-02-19T10:24:26.418+0000] {logging_mixin.py:190} INFO - [2025-02-19T10:24:26.417+0000] {serialized_dag.py:179} DEBUG - Serialized DAG (example_python_decorator) is unchanged. Skipping writing to DB
[2025-02-19T10:24:26.418+0000] {logging_mixin.py:190} INFO - [2025-02-19T10:24:26.418+0000] {dag.py:3229} INFO - Sync 1 DAGs
[2025-02-19T10:24:26.432+0000] {logging_mixin.py:190} INFO - [2025-02-19T10:24:26.432+0000] {dag.py:4156} INFO - Setting next_dagrun for example_python_decorator to None, run_after=None
[2025-02-19T10:24:26.452+0000] {processor.py:208} INFO - Processing /home/airflow/.local/lib/python3.12/site-packages/airflow/example_dags/example_python_decorator.py took 0.078 seconds
[2025-02-19T10:24:57.108+0000] {logging_mixin.py:190} INFO - [2025-02-19T10:24:57.108+0000] {settings.py:475} DEBUG - Setting up DB connection pool (PID 282)
[2025-02-19T10:24:57.110+0000] {logging_mixin.py:190} INFO - [2025-02-19T10:24:57.109+0000] {settings.py:579} DEBUG - settings.prepare_engine_args(): Using pool settings. pool_size=5, max_overflow=10, pool_recycle=1800, pid=282
[2025-02-19T10:24:57.115+0000] {processor.py:186} INFO - Started process (PID=282) to work on /home/airflow/.local/lib/python3.12/site-packages/airflow/example_dags/example_python_decorator.py
[2025-02-19T10:24:57.115+0000] {processor.py:914} INFO - Processing file /home/airflow/.local/lib/python3.12/site-packages/airflow/example_dags/example_python_decorator.py for tasks to queue
[2025-02-19T10:24:57.116+0000] {logging_mixin.py:190} INFO - [2025-02-19T10:24:57.116+0000] {dagbag.py:587} INFO - Filling up the DagBag from /home/airflow/.local/lib/python3.12/site-packages/airflow/example_dags/example_python_decorator.py
[2025-02-19T10:24:57.117+0000] {logging_mixin.py:190} INFO - [2025-02-19T10:24:57.117+0000] {dagbag.py:368} DEBUG - Importing /home/airflow/.local/lib/python3.12/site-packages/airflow/example_dags/example_python_decorator.py
[2025-02-19T10:24:57.132+0000] {logging_mixin.py:190} INFO - [2025-02-19T10:24:57.130+0000] {dagbag.py:553} DEBUG - Loaded DAG <DAG: example_python_decorator>
[2025-02-19T10:24:57.132+0000] {processor.py:925} INFO - DAG(s) 'example_python_decorator' retrieved from /home/airflow/.local/lib/python3.12/site-packages/airflow/example_dags/example_python_decorator.py
[2025-02-19T10:24:57.133+0000] {logging_mixin.py:190} INFO - [2025-02-19T10:24:57.133+0000] {dagbag.py:710} DEBUG - Running dagbag.sync_to_db with retries. Try 1 of 3
[2025-02-19T10:24:57.133+0000] {logging_mixin.py:190} INFO - [2025-02-19T10:24:57.133+0000] {dagbag.py:715} DEBUG - Calling the DAG.bulk_sync_to_db method
[2025-02-19T10:24:57.145+0000] {logging_mixin.py:190} INFO - [2025-02-19T10:24:57.145+0000] {serialized_dag.py:168} DEBUG - Checking if DAG (example_python_decorator) changed
[2025-02-19T10:24:57.156+0000] {logging_mixin.py:190} INFO - [2025-02-19T10:24:57.155+0000] {serialized_dag.py:179} DEBUG - Serialized DAG (example_python_decorator) is unchanged. Skipping writing to DB
[2025-02-19T10:24:57.156+0000] {logging_mixin.py:190} INFO - [2025-02-19T10:24:57.156+0000] {dag.py:3229} INFO - Sync 1 DAGs
[2025-02-19T10:24:57.170+0000] {logging_mixin.py:190} INFO - [2025-02-19T10:24:57.170+0000] {dag.py:4156} INFO - Setting next_dagrun for example_python_decorator to None, run_after=None
[2025-02-19T10:24:57.190+0000] {processor.py:208} INFO - Processing /home/airflow/.local/lib/python3.12/site-packages/airflow/example_dags/example_python_decorator.py took 0.083 seconds
[2025-02-19T10:25:27.353+0000] {logging_mixin.py:190} INFO - [2025-02-19T10:25:27.353+0000] {settings.py:475} DEBUG - Setting up DB connection pool (PID 345)
[2025-02-19T10:25:27.354+0000] {logging_mixin.py:190} INFO - [2025-02-19T10:25:27.354+0000] {settings.py:579} DEBUG - settings.prepare_engine_args(): Using pool settings. pool_size=5, max_overflow=10, pool_recycle=1800, pid=345
[2025-02-19T10:25:27.359+0000] {processor.py:186} INFO - Started process (PID=345) to work on /home/airflow/.local/lib/python3.12/site-packages/airflow/example_dags/example_python_decorator.py
[2025-02-19T10:25:27.359+0000] {processor.py:914} INFO - Processing file /home/airflow/.local/lib/python3.12/site-packages/airflow/example_dags/example_python_decorator.py for tasks to queue
[2025-02-19T10:25:27.360+0000] {logging_mixin.py:190} INFO - [2025-02-19T10:25:27.360+0000] {dagbag.py:587} INFO - Filling up the DagBag from /home/airflow/.local/lib/python3.12/site-packages/airflow/example_dags/example_python_decorator.py
[2025-02-19T10:25:27.361+0000] {logging_mixin.py:190} INFO - [2025-02-19T10:25:27.361+0000] {dagbag.py:368} DEBUG - Importing /home/airflow/.local/lib/python3.12/site-packages/airflow/example_dags/example_python_decorator.py
[2025-02-19T10:25:27.372+0000] {logging_mixin.py:190} INFO - [2025-02-19T10:25:27.371+0000] {dagbag.py:553} DEBUG - Loaded DAG <DAG: example_python_decorator>
[2025-02-19T10:25:27.372+0000] {processor.py:925} INFO - DAG(s) 'example_python_decorator' retrieved from /home/airflow/.local/lib/python3.12/site-packages/airflow/example_dags/example_python_decorator.py
[2025-02-19T10:25:27.373+0000] {logging_mixin.py:190} INFO - [2025-02-19T10:25:27.373+0000] {dagbag.py:710} DEBUG - Running dagbag.sync_to_db with retries. Try 1 of 3
[2025-02-19T10:25:27.373+0000] {logging_mixin.py:190} INFO - [2025-02-19T10:25:27.373+0000] {dagbag.py:715} DEBUG - Calling the DAG.bulk_sync_to_db method
[2025-02-19T10:25:27.382+0000] {logging_mixin.py:190} INFO - [2025-02-19T10:25:27.381+0000] {serialized_dag.py:168} DEBUG - Checking if DAG (example_python_decorator) changed
[2025-02-19T10:25:27.391+0000] {logging_mixin.py:190} INFO - [2025-02-19T10:25:27.390+0000] {serialized_dag.py:179} DEBUG - Serialized DAG (example_python_decorator) is unchanged. Skipping writing to DB
[2025-02-19T10:25:27.391+0000] {logging_mixin.py:190} INFO - [2025-02-19T10:25:27.391+0000] {dag.py:3229} INFO - Sync 1 DAGs
[2025-02-19T10:25:27.404+0000] {logging_mixin.py:190} INFO - [2025-02-19T10:25:27.404+0000] {dag.py:4156} INFO - Setting next_dagrun for example_python_decorator to None, run_after=None
[2025-02-19T10:25:27.421+0000] {processor.py:208} INFO - Processing /home/airflow/.local/lib/python3.12/site-packages/airflow/example_dags/example_python_decorator.py took 0.068 seconds
[2025-02-19T10:25:58.243+0000] {logging_mixin.py:190} INFO - [2025-02-19T10:25:58.243+0000] {settings.py:475} DEBUG - Setting up DB connection pool (PID 410)
[2025-02-19T10:25:58.244+0000] {logging_mixin.py:190} INFO - [2025-02-19T10:25:58.244+0000] {settings.py:579} DEBUG - settings.prepare_engine_args(): Using pool settings. pool_size=5, max_overflow=10, pool_recycle=1800, pid=410
[2025-02-19T10:25:58.249+0000] {processor.py:186} INFO - Started process (PID=410) to work on /home/airflow/.local/lib/python3.12/site-packages/airflow/example_dags/example_python_decorator.py
[2025-02-19T10:25:58.249+0000] {processor.py:914} INFO - Processing file /home/airflow/.local/lib/python3.12/site-packages/airflow/example_dags/example_python_decorator.py for tasks to queue
[2025-02-19T10:25:58.250+0000] {logging_mixin.py:190} INFO - [2025-02-19T10:25:58.250+0000] {dagbag.py:587} INFO - Filling up the DagBag from /home/airflow/.local/lib/python3.12/site-packages/airflow/example_dags/example_python_decorator.py
[2025-02-19T10:25:58.251+0000] {logging_mixin.py:190} INFO - [2025-02-19T10:25:58.251+0000] {dagbag.py:368} DEBUG - Importing /home/airflow/.local/lib/python3.12/site-packages/airflow/example_dags/example_python_decorator.py
[2025-02-19T10:25:58.264+0000] {logging_mixin.py:190} INFO - [2025-02-19T10:25:58.262+0000] {dagbag.py:553} DEBUG - Loaded DAG <DAG: example_python_decorator>
[2025-02-19T10:25:58.264+0000] {processor.py:925} INFO - DAG(s) 'example_python_decorator' retrieved from /home/airflow/.local/lib/python3.12/site-packages/airflow/example_dags/example_python_decorator.py
[2025-02-19T10:25:58.265+0000] {logging_mixin.py:190} INFO - [2025-02-19T10:25:58.264+0000] {dagbag.py:710} DEBUG - Running dagbag.sync_to_db with retries. Try 1 of 3
[2025-02-19T10:25:58.265+0000] {logging_mixin.py:190} INFO - [2025-02-19T10:25:58.265+0000] {dagbag.py:715} DEBUG - Calling the DAG.bulk_sync_to_db method
[2025-02-19T10:25:58.275+0000] {logging_mixin.py:190} INFO - [2025-02-19T10:25:58.274+0000] {serialized_dag.py:168} DEBUG - Checking if DAG (example_python_decorator) changed
[2025-02-19T10:25:58.284+0000] {logging_mixin.py:190} INFO - [2025-02-19T10:25:58.283+0000] {serialized_dag.py:179} DEBUG - Serialized DAG (example_python_decorator) is unchanged. Skipping writing to DB
[2025-02-19T10:25:58.284+0000] {logging_mixin.py:190} INFO - [2025-02-19T10:25:58.284+0000] {dag.py:3229} INFO - Sync 1 DAGs
[2025-02-19T10:25:58.297+0000] {logging_mixin.py:190} INFO - [2025-02-19T10:25:58.296+0000] {dag.py:4156} INFO - Setting next_dagrun for example_python_decorator to None, run_after=None
[2025-02-19T10:25:58.313+0000] {processor.py:208} INFO - Processing /home/airflow/.local/lib/python3.12/site-packages/airflow/example_dags/example_python_decorator.py took 0.070 seconds
[2025-02-19T10:26:28.940+0000] {logging_mixin.py:190} INFO - [2025-02-19T10:26:28.939+0000] {settings.py:475} DEBUG - Setting up DB connection pool (PID 474)
[2025-02-19T10:26:28.941+0000] {logging_mixin.py:190} INFO - [2025-02-19T10:26:28.941+0000] {settings.py:579} DEBUG - settings.prepare_engine_args(): Using pool settings. pool_size=5, max_overflow=10, pool_recycle=1800, pid=474
[2025-02-19T10:26:28.945+0000] {processor.py:186} INFO - Started process (PID=474) to work on /home/airflow/.local/lib/python3.12/site-packages/airflow/example_dags/example_python_decorator.py
[2025-02-19T10:26:28.946+0000] {processor.py:914} INFO - Processing file /home/airflow/.local/lib/python3.12/site-packages/airflow/example_dags/example_python_decorator.py for tasks to queue
[2025-02-19T10:26:28.947+0000] {logging_mixin.py:190} INFO - [2025-02-19T10:26:28.946+0000] {dagbag.py:587} INFO - Filling up the DagBag from /home/airflow/.local/lib/python3.12/site-packages/airflow/example_dags/example_python_decorator.py
[2025-02-19T10:26:28.947+0000] {logging_mixin.py:190} INFO - [2025-02-19T10:26:28.947+0000] {dagbag.py:368} DEBUG - Importing /home/airflow/.local/lib/python3.12/site-packages/airflow/example_dags/example_python_decorator.py
[2025-02-19T10:26:28.959+0000] {logging_mixin.py:190} INFO - [2025-02-19T10:26:28.958+0000] {dagbag.py:553} DEBUG - Loaded DAG <DAG: example_python_decorator>
[2025-02-19T10:26:28.959+0000] {processor.py:925} INFO - DAG(s) 'example_python_decorator' retrieved from /home/airflow/.local/lib/python3.12/site-packages/airflow/example_dags/example_python_decorator.py
[2025-02-19T10:26:28.960+0000] {logging_mixin.py:190} INFO - [2025-02-19T10:26:28.960+0000] {dagbag.py:710} DEBUG - Running dagbag.sync_to_db with retries. Try 1 of 3
[2025-02-19T10:26:28.960+0000] {logging_mixin.py:190} INFO - [2025-02-19T10:26:28.960+0000] {dagbag.py:715} DEBUG - Calling the DAG.bulk_sync_to_db method
[2025-02-19T10:26:28.971+0000] {logging_mixin.py:190} INFO - [2025-02-19T10:26:28.971+0000] {serialized_dag.py:168} DEBUG - Checking if DAG (example_python_decorator) changed
[2025-02-19T10:26:28.980+0000] {logging_mixin.py:190} INFO - [2025-02-19T10:26:28.980+0000] {serialized_dag.py:179} DEBUG - Serialized DAG (example_python_decorator) is unchanged. Skipping writing to DB
[2025-02-19T10:26:28.981+0000] {logging_mixin.py:190} INFO - [2025-02-19T10:26:28.981+0000] {dag.py:3229} INFO - Sync 1 DAGs
[2025-02-19T10:26:28.993+0000] {logging_mixin.py:190} INFO - [2025-02-19T10:26:28.993+0000] {dag.py:4156} INFO - Setting next_dagrun for example_python_decorator to None, run_after=None
[2025-02-19T10:26:29.014+0000] {processor.py:208} INFO - Processing /home/airflow/.local/lib/python3.12/site-packages/airflow/example_dags/example_python_decorator.py took 0.075 seconds
