[2025-02-19T09:38:27.538+0000] {processor.py:186} INFO - Started process (PID=90) to work on /home/airflow/.local/lib/python3.12/site-packages/airflow/example_dags/example_xcom.py
[2025-02-19T09:38:27.539+0000] {processor.py:914} INFO - Processing file /home/airflow/.local/lib/python3.12/site-packages/airflow/example_dags/example_xcom.py for tasks to queue
[2025-02-19T09:38:27.541+0000] {logging_mixin.py:190} INFO - [2025-02-19T09:38:27.541+0000] {dagbag.py:587} INFO - Filling up the DagBag from /home/airflow/.local/lib/python3.12/site-packages/airflow/example_dags/example_xcom.py
[2025-02-19T09:38:27.555+0000] {processor.py:925} INFO - DAG(s) 'example_xcom' retrieved from /home/airflow/.local/lib/python3.12/site-packages/airflow/example_dags/example_xcom.py
[2025-02-19T09:38:27.579+0000] {logging_mixin.py:190} INFO - [2025-02-19T09:38:27.579+0000] {dag.py:3229} INFO - Sync 1 DAGs
[2025-02-19T09:38:27.604+0000] {logging_mixin.py:190} INFO - [2025-02-19T09:38:27.604+0000] {dag.py:4156} INFO - Setting next_dagrun for example_xcom to 2021-01-01 00:00:00+00:00, run_after=2021-01-01 00:00:00+00:00
[2025-02-19T09:38:27.650+0000] {processor.py:208} INFO - Processing /home/airflow/.local/lib/python3.12/site-packages/airflow/example_dags/example_xcom.py took 0.117 seconds
[2025-02-19T09:38:57.722+0000] {processor.py:186} INFO - Started process (PID=159) to work on /home/airflow/.local/lib/python3.12/site-packages/airflow/example_dags/example_xcom.py
[2025-02-19T09:38:57.723+0000] {processor.py:914} INFO - Processing file /home/airflow/.local/lib/python3.12/site-packages/airflow/example_dags/example_xcom.py for tasks to queue
[2025-02-19T09:38:57.725+0000] {logging_mixin.py:190} INFO - [2025-02-19T09:38:57.724+0000] {dagbag.py:587} INFO - Filling up the DagBag from /home/airflow/.local/lib/python3.12/site-packages/airflow/example_dags/example_xcom.py
[2025-02-19T09:38:57.734+0000] {processor.py:925} INFO - DAG(s) 'example_xcom' retrieved from /home/airflow/.local/lib/python3.12/site-packages/airflow/example_dags/example_xcom.py
[2025-02-19T09:38:57.755+0000] {logging_mixin.py:190} INFO - [2025-02-19T09:38:57.754+0000] {dag.py:3229} INFO - Sync 1 DAGs
[2025-02-19T09:38:57.781+0000] {logging_mixin.py:190} INFO - [2025-02-19T09:38:57.781+0000] {dag.py:4156} INFO - Setting next_dagrun for example_xcom to 2021-01-01 00:00:00+00:00, run_after=2021-01-01 00:00:00+00:00
[2025-02-19T09:38:57.800+0000] {processor.py:208} INFO - Processing /home/airflow/.local/lib/python3.12/site-packages/airflow/example_dags/example_xcom.py took 0.084 seconds
[2025-02-19T09:39:28.214+0000] {processor.py:186} INFO - Started process (PID=223) to work on /home/airflow/.local/lib/python3.12/site-packages/airflow/example_dags/example_xcom.py
[2025-02-19T09:39:28.215+0000] {processor.py:914} INFO - Processing file /home/airflow/.local/lib/python3.12/site-packages/airflow/example_dags/example_xcom.py for tasks to queue
[2025-02-19T09:39:28.218+0000] {logging_mixin.py:190} INFO - [2025-02-19T09:39:28.217+0000] {dagbag.py:587} INFO - Filling up the DagBag from /home/airflow/.local/lib/python3.12/site-packages/airflow/example_dags/example_xcom.py
[2025-02-19T09:39:28.226+0000] {processor.py:925} INFO - DAG(s) 'example_xcom' retrieved from /home/airflow/.local/lib/python3.12/site-packages/airflow/example_dags/example_xcom.py
[2025-02-19T09:39:28.246+0000] {logging_mixin.py:190} INFO - [2025-02-19T09:39:28.245+0000] {dag.py:3229} INFO - Sync 1 DAGs
[2025-02-19T09:39:28.264+0000] {logging_mixin.py:190} INFO - [2025-02-19T09:39:28.264+0000] {dag.py:4156} INFO - Setting next_dagrun for example_xcom to 2021-01-01 00:00:00+00:00, run_after=2021-01-01 00:00:00+00:00
[2025-02-19T09:39:28.281+0000] {processor.py:208} INFO - Processing /home/airflow/.local/lib/python3.12/site-packages/airflow/example_dags/example_xcom.py took 0.072 seconds
[2025-02-19T09:39:58.382+0000] {processor.py:186} INFO - Started process (PID=287) to work on /home/airflow/.local/lib/python3.12/site-packages/airflow/example_dags/example_xcom.py
[2025-02-19T09:39:58.383+0000] {processor.py:914} INFO - Processing file /home/airflow/.local/lib/python3.12/site-packages/airflow/example_dags/example_xcom.py for tasks to queue
[2025-02-19T09:39:58.385+0000] {logging_mixin.py:190} INFO - [2025-02-19T09:39:58.384+0000] {dagbag.py:587} INFO - Filling up the DagBag from /home/airflow/.local/lib/python3.12/site-packages/airflow/example_dags/example_xcom.py
[2025-02-19T09:39:58.392+0000] {processor.py:925} INFO - DAG(s) 'example_xcom' retrieved from /home/airflow/.local/lib/python3.12/site-packages/airflow/example_dags/example_xcom.py
[2025-02-19T09:39:58.408+0000] {logging_mixin.py:190} INFO - [2025-02-19T09:39:58.407+0000] {dag.py:3229} INFO - Sync 1 DAGs
[2025-02-19T09:39:58.424+0000] {logging_mixin.py:190} INFO - [2025-02-19T09:39:58.424+0000] {dag.py:4156} INFO - Setting next_dagrun for example_xcom to 2021-01-01 00:00:00+00:00, run_after=2021-01-01 00:00:00+00:00
[2025-02-19T09:39:58.437+0000] {processor.py:208} INFO - Processing /home/airflow/.local/lib/python3.12/site-packages/airflow/example_dags/example_xcom.py took 0.059 seconds
[2025-02-19T09:40:28.543+0000] {processor.py:186} INFO - Started process (PID=351) to work on /home/airflow/.local/lib/python3.12/site-packages/airflow/example_dags/example_xcom.py
[2025-02-19T09:40:28.544+0000] {processor.py:914} INFO - Processing file /home/airflow/.local/lib/python3.12/site-packages/airflow/example_dags/example_xcom.py for tasks to queue
[2025-02-19T09:40:28.546+0000] {logging_mixin.py:190} INFO - [2025-02-19T09:40:28.546+0000] {dagbag.py:587} INFO - Filling up the DagBag from /home/airflow/.local/lib/python3.12/site-packages/airflow/example_dags/example_xcom.py
[2025-02-19T09:40:28.554+0000] {processor.py:925} INFO - DAG(s) 'example_xcom' retrieved from /home/airflow/.local/lib/python3.12/site-packages/airflow/example_dags/example_xcom.py
[2025-02-19T09:40:28.572+0000] {logging_mixin.py:190} INFO - [2025-02-19T09:40:28.572+0000] {dag.py:3229} INFO - Sync 1 DAGs
[2025-02-19T09:40:28.591+0000] {logging_mixin.py:190} INFO - [2025-02-19T09:40:28.590+0000] {dag.py:4156} INFO - Setting next_dagrun for example_xcom to 2021-01-01 00:00:00+00:00, run_after=2021-01-01 00:00:00+00:00
[2025-02-19T09:40:28.608+0000] {processor.py:208} INFO - Processing /home/airflow/.local/lib/python3.12/site-packages/airflow/example_dags/example_xcom.py took 0.070 seconds
[2025-02-19T09:40:58.858+0000] {processor.py:186} INFO - Started process (PID=415) to work on /home/airflow/.local/lib/python3.12/site-packages/airflow/example_dags/example_xcom.py
[2025-02-19T09:40:58.859+0000] {processor.py:914} INFO - Processing file /home/airflow/.local/lib/python3.12/site-packages/airflow/example_dags/example_xcom.py for tasks to queue
[2025-02-19T09:40:58.861+0000] {logging_mixin.py:190} INFO - [2025-02-19T09:40:58.860+0000] {dagbag.py:587} INFO - Filling up the DagBag from /home/airflow/.local/lib/python3.12/site-packages/airflow/example_dags/example_xcom.py
[2025-02-19T09:40:58.868+0000] {processor.py:925} INFO - DAG(s) 'example_xcom' retrieved from /home/airflow/.local/lib/python3.12/site-packages/airflow/example_dags/example_xcom.py
[2025-02-19T09:40:58.883+0000] {logging_mixin.py:190} INFO - [2025-02-19T09:40:58.883+0000] {dag.py:3229} INFO - Sync 1 DAGs
[2025-02-19T09:40:58.901+0000] {logging_mixin.py:190} INFO - [2025-02-19T09:40:58.901+0000] {dag.py:4156} INFO - Setting next_dagrun for example_xcom to 2021-01-01 00:00:00+00:00, run_after=2021-01-01 00:00:00+00:00
[2025-02-19T09:40:58.915+0000] {processor.py:208} INFO - Processing /home/airflow/.local/lib/python3.12/site-packages/airflow/example_dags/example_xcom.py took 0.062 seconds
[2025-02-19T09:41:29.217+0000] {processor.py:186} INFO - Started process (PID=479) to work on /home/airflow/.local/lib/python3.12/site-packages/airflow/example_dags/example_xcom.py
[2025-02-19T09:41:29.218+0000] {processor.py:914} INFO - Processing file /home/airflow/.local/lib/python3.12/site-packages/airflow/example_dags/example_xcom.py for tasks to queue
[2025-02-19T09:41:29.221+0000] {logging_mixin.py:190} INFO - [2025-02-19T09:41:29.221+0000] {dagbag.py:587} INFO - Filling up the DagBag from /home/airflow/.local/lib/python3.12/site-packages/airflow/example_dags/example_xcom.py
[2025-02-19T09:41:29.229+0000] {processor.py:925} INFO - DAG(s) 'example_xcom' retrieved from /home/airflow/.local/lib/python3.12/site-packages/airflow/example_dags/example_xcom.py
[2025-02-19T09:41:29.249+0000] {logging_mixin.py:190} INFO - [2025-02-19T09:41:29.249+0000] {dag.py:3229} INFO - Sync 1 DAGs
[2025-02-19T09:41:29.272+0000] {logging_mixin.py:190} INFO - [2025-02-19T09:41:29.271+0000] {dag.py:4156} INFO - Setting next_dagrun for example_xcom to 2021-01-01 00:00:00+00:00, run_after=2021-01-01 00:00:00+00:00
[2025-02-19T09:41:29.288+0000] {processor.py:208} INFO - Processing /home/airflow/.local/lib/python3.12/site-packages/airflow/example_dags/example_xcom.py took 0.075 seconds
[2025-02-19T09:41:59.346+0000] {processor.py:186} INFO - Started process (PID=543) to work on /home/airflow/.local/lib/python3.12/site-packages/airflow/example_dags/example_xcom.py
[2025-02-19T09:41:59.347+0000] {processor.py:914} INFO - Processing file /home/airflow/.local/lib/python3.12/site-packages/airflow/example_dags/example_xcom.py for tasks to queue
[2025-02-19T09:41:59.349+0000] {logging_mixin.py:190} INFO - [2025-02-19T09:41:59.348+0000] {dagbag.py:587} INFO - Filling up the DagBag from /home/airflow/.local/lib/python3.12/site-packages/airflow/example_dags/example_xcom.py
[2025-02-19T09:41:59.355+0000] {processor.py:925} INFO - DAG(s) 'example_xcom' retrieved from /home/airflow/.local/lib/python3.12/site-packages/airflow/example_dags/example_xcom.py
[2025-02-19T09:41:59.372+0000] {logging_mixin.py:190} INFO - [2025-02-19T09:41:59.372+0000] {dag.py:3229} INFO - Sync 1 DAGs
[2025-02-19T09:41:59.390+0000] {logging_mixin.py:190} INFO - [2025-02-19T09:41:59.389+0000] {dag.py:4156} INFO - Setting next_dagrun for example_xcom to 2021-01-01 00:00:00+00:00, run_after=2021-01-01 00:00:00+00:00
[2025-02-19T09:41:59.404+0000] {processor.py:208} INFO - Processing /home/airflow/.local/lib/python3.12/site-packages/airflow/example_dags/example_xcom.py took 0.062 seconds
[2025-02-19T09:42:29.465+0000] {processor.py:186} INFO - Started process (PID=607) to work on /home/airflow/.local/lib/python3.12/site-packages/airflow/example_dags/example_xcom.py
[2025-02-19T09:42:29.466+0000] {processor.py:914} INFO - Processing file /home/airflow/.local/lib/python3.12/site-packages/airflow/example_dags/example_xcom.py for tasks to queue
[2025-02-19T09:42:29.468+0000] {logging_mixin.py:190} INFO - [2025-02-19T09:42:29.468+0000] {dagbag.py:587} INFO - Filling up the DagBag from /home/airflow/.local/lib/python3.12/site-packages/airflow/example_dags/example_xcom.py
[2025-02-19T09:42:29.475+0000] {processor.py:925} INFO - DAG(s) 'example_xcom' retrieved from /home/airflow/.local/lib/python3.12/site-packages/airflow/example_dags/example_xcom.py
[2025-02-19T09:42:29.491+0000] {logging_mixin.py:190} INFO - [2025-02-19T09:42:29.491+0000] {dag.py:3229} INFO - Sync 1 DAGs
[2025-02-19T09:42:29.508+0000] {logging_mixin.py:190} INFO - [2025-02-19T09:42:29.507+0000] {dag.py:4156} INFO - Setting next_dagrun for example_xcom to 2021-01-01 00:00:00+00:00, run_after=2021-01-01 00:00:00+00:00
[2025-02-19T09:42:29.523+0000] {processor.py:208} INFO - Processing /home/airflow/.local/lib/python3.12/site-packages/airflow/example_dags/example_xcom.py took 0.063 seconds
[2025-02-19T09:42:59.698+0000] {processor.py:186} INFO - Started process (PID=671) to work on /home/airflow/.local/lib/python3.12/site-packages/airflow/example_dags/example_xcom.py
[2025-02-19T09:42:59.699+0000] {processor.py:914} INFO - Processing file /home/airflow/.local/lib/python3.12/site-packages/airflow/example_dags/example_xcom.py for tasks to queue
[2025-02-19T09:42:59.702+0000] {logging_mixin.py:190} INFO - [2025-02-19T09:42:59.701+0000] {dagbag.py:587} INFO - Filling up the DagBag from /home/airflow/.local/lib/python3.12/site-packages/airflow/example_dags/example_xcom.py
[2025-02-19T09:42:59.710+0000] {processor.py:925} INFO - DAG(s) 'example_xcom' retrieved from /home/airflow/.local/lib/python3.12/site-packages/airflow/example_dags/example_xcom.py
[2025-02-19T09:42:59.728+0000] {logging_mixin.py:190} INFO - [2025-02-19T09:42:59.727+0000] {dag.py:3229} INFO - Sync 1 DAGs
[2025-02-19T09:42:59.745+0000] {logging_mixin.py:190} INFO - [2025-02-19T09:42:59.744+0000] {dag.py:4156} INFO - Setting next_dagrun for example_xcom to 2021-01-01 00:00:00+00:00, run_after=2021-01-01 00:00:00+00:00
[2025-02-19T09:42:59.760+0000] {processor.py:208} INFO - Processing /home/airflow/.local/lib/python3.12/site-packages/airflow/example_dags/example_xcom.py took 0.067 seconds
[2025-02-19T09:43:30.818+0000] {processor.py:186} INFO - Started process (PID=735) to work on /home/airflow/.local/lib/python3.12/site-packages/airflow/example_dags/example_xcom.py
[2025-02-19T09:43:30.819+0000] {processor.py:914} INFO - Processing file /home/airflow/.local/lib/python3.12/site-packages/airflow/example_dags/example_xcom.py for tasks to queue
[2025-02-19T09:43:30.821+0000] {logging_mixin.py:190} INFO - [2025-02-19T09:43:30.821+0000] {dagbag.py:587} INFO - Filling up the DagBag from /home/airflow/.local/lib/python3.12/site-packages/airflow/example_dags/example_xcom.py
[2025-02-19T09:43:30.829+0000] {processor.py:925} INFO - DAG(s) 'example_xcom' retrieved from /home/airflow/.local/lib/python3.12/site-packages/airflow/example_dags/example_xcom.py
[2025-02-19T09:43:30.846+0000] {logging_mixin.py:190} INFO - [2025-02-19T09:43:30.846+0000] {dag.py:3229} INFO - Sync 1 DAGs
[2025-02-19T09:43:30.865+0000] {logging_mixin.py:190} INFO - [2025-02-19T09:43:30.865+0000] {dag.py:4156} INFO - Setting next_dagrun for example_xcom to 2021-01-01 00:00:00+00:00, run_after=2021-01-01 00:00:00+00:00
[2025-02-19T09:43:30.877+0000] {processor.py:208} INFO - Processing /home/airflow/.local/lib/python3.12/site-packages/airflow/example_dags/example_xcom.py took 0.063 seconds
[2025-02-19T09:44:01.119+0000] {processor.py:186} INFO - Started process (PID=799) to work on /home/airflow/.local/lib/python3.12/site-packages/airflow/example_dags/example_xcom.py
[2025-02-19T09:44:01.120+0000] {processor.py:914} INFO - Processing file /home/airflow/.local/lib/python3.12/site-packages/airflow/example_dags/example_xcom.py for tasks to queue
[2025-02-19T09:44:01.122+0000] {logging_mixin.py:190} INFO - [2025-02-19T09:44:01.122+0000] {dagbag.py:587} INFO - Filling up the DagBag from /home/airflow/.local/lib/python3.12/site-packages/airflow/example_dags/example_xcom.py
[2025-02-19T09:44:01.129+0000] {processor.py:925} INFO - DAG(s) 'example_xcom' retrieved from /home/airflow/.local/lib/python3.12/site-packages/airflow/example_dags/example_xcom.py
[2025-02-19T09:44:01.146+0000] {logging_mixin.py:190} INFO - [2025-02-19T09:44:01.146+0000] {dag.py:3229} INFO - Sync 1 DAGs
[2025-02-19T09:44:01.164+0000] {logging_mixin.py:190} INFO - [2025-02-19T09:44:01.164+0000] {dag.py:4156} INFO - Setting next_dagrun for example_xcom to 2021-01-01 00:00:00+00:00, run_after=2021-01-01 00:00:00+00:00
[2025-02-19T09:44:01.179+0000] {processor.py:208} INFO - Processing /home/airflow/.local/lib/python3.12/site-packages/airflow/example_dags/example_xcom.py took 0.065 seconds
[2025-02-19T09:44:31.289+0000] {processor.py:186} INFO - Started process (PID=863) to work on /home/airflow/.local/lib/python3.12/site-packages/airflow/example_dags/example_xcom.py
[2025-02-19T09:44:31.290+0000] {processor.py:914} INFO - Processing file /home/airflow/.local/lib/python3.12/site-packages/airflow/example_dags/example_xcom.py for tasks to queue
[2025-02-19T09:44:31.292+0000] {logging_mixin.py:190} INFO - [2025-02-19T09:44:31.291+0000] {dagbag.py:587} INFO - Filling up the DagBag from /home/airflow/.local/lib/python3.12/site-packages/airflow/example_dags/example_xcom.py
[2025-02-19T09:44:31.299+0000] {processor.py:925} INFO - DAG(s) 'example_xcom' retrieved from /home/airflow/.local/lib/python3.12/site-packages/airflow/example_dags/example_xcom.py
[2025-02-19T09:44:31.317+0000] {logging_mixin.py:190} INFO - [2025-02-19T09:44:31.316+0000] {dag.py:3229} INFO - Sync 1 DAGs
[2025-02-19T09:44:31.333+0000] {logging_mixin.py:190} INFO - [2025-02-19T09:44:31.333+0000] {dag.py:4156} INFO - Setting next_dagrun for example_xcom to 2021-01-01 00:00:00+00:00, run_after=2021-01-01 00:00:00+00:00
[2025-02-19T09:44:31.350+0000] {processor.py:208} INFO - Processing /home/airflow/.local/lib/python3.12/site-packages/airflow/example_dags/example_xcom.py took 0.066 seconds
[2025-02-19T09:45:01.555+0000] {processor.py:186} INFO - Started process (PID=927) to work on /home/airflow/.local/lib/python3.12/site-packages/airflow/example_dags/example_xcom.py
[2025-02-19T09:45:01.557+0000] {processor.py:914} INFO - Processing file /home/airflow/.local/lib/python3.12/site-packages/airflow/example_dags/example_xcom.py for tasks to queue
[2025-02-19T09:45:01.559+0000] {logging_mixin.py:190} INFO - [2025-02-19T09:45:01.558+0000] {dagbag.py:587} INFO - Filling up the DagBag from /home/airflow/.local/lib/python3.12/site-packages/airflow/example_dags/example_xcom.py
[2025-02-19T09:45:01.567+0000] {processor.py:925} INFO - DAG(s) 'example_xcom' retrieved from /home/airflow/.local/lib/python3.12/site-packages/airflow/example_dags/example_xcom.py
[2025-02-19T09:45:01.585+0000] {logging_mixin.py:190} INFO - [2025-02-19T09:45:01.584+0000] {dag.py:3229} INFO - Sync 1 DAGs
[2025-02-19T09:45:01.604+0000] {logging_mixin.py:190} INFO - [2025-02-19T09:45:01.604+0000] {dag.py:4156} INFO - Setting next_dagrun for example_xcom to 2021-01-01 00:00:00+00:00, run_after=2021-01-01 00:00:00+00:00
[2025-02-19T09:45:01.622+0000] {processor.py:208} INFO - Processing /home/airflow/.local/lib/python3.12/site-packages/airflow/example_dags/example_xcom.py took 0.071 seconds
[2025-02-19T09:45:31.698+0000] {processor.py:186} INFO - Started process (PID=991) to work on /home/airflow/.local/lib/python3.12/site-packages/airflow/example_dags/example_xcom.py
[2025-02-19T09:45:31.699+0000] {processor.py:914} INFO - Processing file /home/airflow/.local/lib/python3.12/site-packages/airflow/example_dags/example_xcom.py for tasks to queue
[2025-02-19T09:45:31.701+0000] {logging_mixin.py:190} INFO - [2025-02-19T09:45:31.701+0000] {dagbag.py:587} INFO - Filling up the DagBag from /home/airflow/.local/lib/python3.12/site-packages/airflow/example_dags/example_xcom.py
[2025-02-19T09:45:31.708+0000] {processor.py:925} INFO - DAG(s) 'example_xcom' retrieved from /home/airflow/.local/lib/python3.12/site-packages/airflow/example_dags/example_xcom.py
[2025-02-19T09:45:31.724+0000] {logging_mixin.py:190} INFO - [2025-02-19T09:45:31.723+0000] {dag.py:3229} INFO - Sync 1 DAGs
[2025-02-19T09:45:31.740+0000] {logging_mixin.py:190} INFO - [2025-02-19T09:45:31.740+0000] {dag.py:4156} INFO - Setting next_dagrun for example_xcom to 2021-01-01 00:00:00+00:00, run_after=2021-01-01 00:00:00+00:00
[2025-02-19T09:45:31.755+0000] {processor.py:208} INFO - Processing /home/airflow/.local/lib/python3.12/site-packages/airflow/example_dags/example_xcom.py took 0.061 seconds
[2025-02-19T09:46:01.890+0000] {processor.py:186} INFO - Started process (PID=1055) to work on /home/airflow/.local/lib/python3.12/site-packages/airflow/example_dags/example_xcom.py
[2025-02-19T09:46:01.891+0000] {processor.py:914} INFO - Processing file /home/airflow/.local/lib/python3.12/site-packages/airflow/example_dags/example_xcom.py for tasks to queue
[2025-02-19T09:46:01.892+0000] {logging_mixin.py:190} INFO - [2025-02-19T09:46:01.892+0000] {dagbag.py:587} INFO - Filling up the DagBag from /home/airflow/.local/lib/python3.12/site-packages/airflow/example_dags/example_xcom.py
[2025-02-19T09:46:01.899+0000] {processor.py:925} INFO - DAG(s) 'example_xcom' retrieved from /home/airflow/.local/lib/python3.12/site-packages/airflow/example_dags/example_xcom.py
[2025-02-19T09:46:01.915+0000] {logging_mixin.py:190} INFO - [2025-02-19T09:46:01.915+0000] {dag.py:3229} INFO - Sync 1 DAGs
[2025-02-19T09:46:01.932+0000] {logging_mixin.py:190} INFO - [2025-02-19T09:46:01.932+0000] {dag.py:4156} INFO - Setting next_dagrun for example_xcom to 2021-01-01 00:00:00+00:00, run_after=2021-01-01 00:00:00+00:00
[2025-02-19T09:46:01.947+0000] {processor.py:208} INFO - Processing /home/airflow/.local/lib/python3.12/site-packages/airflow/example_dags/example_xcom.py took 0.062 seconds
[2025-02-19T09:46:32.825+0000] {processor.py:186} INFO - Started process (PID=1119) to work on /home/airflow/.local/lib/python3.12/site-packages/airflow/example_dags/example_xcom.py
[2025-02-19T09:46:32.826+0000] {processor.py:914} INFO - Processing file /home/airflow/.local/lib/python3.12/site-packages/airflow/example_dags/example_xcom.py for tasks to queue
[2025-02-19T09:46:32.828+0000] {logging_mixin.py:190} INFO - [2025-02-19T09:46:32.828+0000] {dagbag.py:587} INFO - Filling up the DagBag from /home/airflow/.local/lib/python3.12/site-packages/airflow/example_dags/example_xcom.py
[2025-02-19T09:46:32.835+0000] {processor.py:925} INFO - DAG(s) 'example_xcom' retrieved from /home/airflow/.local/lib/python3.12/site-packages/airflow/example_dags/example_xcom.py
[2025-02-19T09:46:32.852+0000] {logging_mixin.py:190} INFO - [2025-02-19T09:46:32.852+0000] {dag.py:3229} INFO - Sync 1 DAGs
[2025-02-19T09:46:32.871+0000] {logging_mixin.py:190} INFO - [2025-02-19T09:46:32.870+0000] {dag.py:4156} INFO - Setting next_dagrun for example_xcom to 2021-01-01 00:00:00+00:00, run_after=2021-01-01 00:00:00+00:00
[2025-02-19T09:46:32.885+0000] {processor.py:208} INFO - Processing /home/airflow/.local/lib/python3.12/site-packages/airflow/example_dags/example_xcom.py took 0.064 seconds
[2025-02-19T09:47:03.769+0000] {processor.py:186} INFO - Started process (PID=1183) to work on /home/airflow/.local/lib/python3.12/site-packages/airflow/example_dags/example_xcom.py
[2025-02-19T09:47:03.770+0000] {processor.py:914} INFO - Processing file /home/airflow/.local/lib/python3.12/site-packages/airflow/example_dags/example_xcom.py for tasks to queue
[2025-02-19T09:47:03.772+0000] {logging_mixin.py:190} INFO - [2025-02-19T09:47:03.772+0000] {dagbag.py:587} INFO - Filling up the DagBag from /home/airflow/.local/lib/python3.12/site-packages/airflow/example_dags/example_xcom.py
[2025-02-19T09:47:03.783+0000] {processor.py:925} INFO - DAG(s) 'example_xcom' retrieved from /home/airflow/.local/lib/python3.12/site-packages/airflow/example_dags/example_xcom.py
[2025-02-19T09:47:03.802+0000] {logging_mixin.py:190} INFO - [2025-02-19T09:47:03.802+0000] {dag.py:3229} INFO - Sync 1 DAGs
[2025-02-19T09:47:03.822+0000] {logging_mixin.py:190} INFO - [2025-02-19T09:47:03.822+0000] {dag.py:4156} INFO - Setting next_dagrun for example_xcom to 2021-01-01 00:00:00+00:00, run_after=2021-01-01 00:00:00+00:00
[2025-02-19T09:47:03.837+0000] {processor.py:208} INFO - Processing /home/airflow/.local/lib/python3.12/site-packages/airflow/example_dags/example_xcom.py took 0.073 seconds
[2025-02-19T09:47:34.155+0000] {processor.py:186} INFO - Started process (PID=1247) to work on /home/airflow/.local/lib/python3.12/site-packages/airflow/example_dags/example_xcom.py
[2025-02-19T09:47:34.157+0000] {processor.py:914} INFO - Processing file /home/airflow/.local/lib/python3.12/site-packages/airflow/example_dags/example_xcom.py for tasks to queue
[2025-02-19T09:47:34.158+0000] {logging_mixin.py:190} INFO - [2025-02-19T09:47:34.158+0000] {dagbag.py:587} INFO - Filling up the DagBag from /home/airflow/.local/lib/python3.12/site-packages/airflow/example_dags/example_xcom.py
[2025-02-19T09:47:34.167+0000] {processor.py:925} INFO - DAG(s) 'example_xcom' retrieved from /home/airflow/.local/lib/python3.12/site-packages/airflow/example_dags/example_xcom.py
[2025-02-19T09:47:34.186+0000] {logging_mixin.py:190} INFO - [2025-02-19T09:47:34.186+0000] {dag.py:3229} INFO - Sync 1 DAGs
[2025-02-19T09:47:34.206+0000] {logging_mixin.py:190} INFO - [2025-02-19T09:47:34.206+0000] {dag.py:4156} INFO - Setting next_dagrun for example_xcom to 2021-01-01 00:00:00+00:00, run_after=2021-01-01 00:00:00+00:00
[2025-02-19T09:47:34.226+0000] {processor.py:208} INFO - Processing /home/airflow/.local/lib/python3.12/site-packages/airflow/example_dags/example_xcom.py took 0.075 seconds
[2025-02-19T09:48:04.556+0000] {processor.py:186} INFO - Started process (PID=1312) to work on /home/airflow/.local/lib/python3.12/site-packages/airflow/example_dags/example_xcom.py
[2025-02-19T09:48:04.557+0000] {processor.py:914} INFO - Processing file /home/airflow/.local/lib/python3.12/site-packages/airflow/example_dags/example_xcom.py for tasks to queue
[2025-02-19T09:48:04.559+0000] {logging_mixin.py:190} INFO - [2025-02-19T09:48:04.559+0000] {dagbag.py:587} INFO - Filling up the DagBag from /home/airflow/.local/lib/python3.12/site-packages/airflow/example_dags/example_xcom.py
[2025-02-19T09:48:04.566+0000] {processor.py:925} INFO - DAG(s) 'example_xcom' retrieved from /home/airflow/.local/lib/python3.12/site-packages/airflow/example_dags/example_xcom.py
[2025-02-19T09:48:04.585+0000] {logging_mixin.py:190} INFO - [2025-02-19T09:48:04.584+0000] {dag.py:3229} INFO - Sync 1 DAGs
[2025-02-19T09:48:04.605+0000] {logging_mixin.py:190} INFO - [2025-02-19T09:48:04.605+0000] {dag.py:4156} INFO - Setting next_dagrun for example_xcom to 2021-01-01 00:00:00+00:00, run_after=2021-01-01 00:00:00+00:00
[2025-02-19T09:48:04.622+0000] {processor.py:208} INFO - Processing /home/airflow/.local/lib/python3.12/site-packages/airflow/example_dags/example_xcom.py took 0.070 seconds
[2025-02-19T09:48:34.702+0000] {processor.py:186} INFO - Started process (PID=1376) to work on /home/airflow/.local/lib/python3.12/site-packages/airflow/example_dags/example_xcom.py
[2025-02-19T09:48:34.704+0000] {processor.py:914} INFO - Processing file /home/airflow/.local/lib/python3.12/site-packages/airflow/example_dags/example_xcom.py for tasks to queue
[2025-02-19T09:48:34.706+0000] {logging_mixin.py:190} INFO - [2025-02-19T09:48:34.705+0000] {dagbag.py:587} INFO - Filling up the DagBag from /home/airflow/.local/lib/python3.12/site-packages/airflow/example_dags/example_xcom.py
[2025-02-19T09:48:34.713+0000] {processor.py:925} INFO - DAG(s) 'example_xcom' retrieved from /home/airflow/.local/lib/python3.12/site-packages/airflow/example_dags/example_xcom.py
[2025-02-19T09:48:34.730+0000] {logging_mixin.py:190} INFO - [2025-02-19T09:48:34.730+0000] {dag.py:3229} INFO - Sync 1 DAGs
[2025-02-19T09:48:34.747+0000] {logging_mixin.py:190} INFO - [2025-02-19T09:48:34.747+0000] {dag.py:4156} INFO - Setting next_dagrun for example_xcom to 2021-01-01 00:00:00+00:00, run_after=2021-01-01 00:00:00+00:00
[2025-02-19T09:48:34.761+0000] {processor.py:208} INFO - Processing /home/airflow/.local/lib/python3.12/site-packages/airflow/example_dags/example_xcom.py took 0.063 seconds
[2025-02-19T09:49:05.620+0000] {processor.py:186} INFO - Started process (PID=1440) to work on /home/airflow/.local/lib/python3.12/site-packages/airflow/example_dags/example_xcom.py
[2025-02-19T09:49:05.621+0000] {processor.py:914} INFO - Processing file /home/airflow/.local/lib/python3.12/site-packages/airflow/example_dags/example_xcom.py for tasks to queue
[2025-02-19T09:49:05.623+0000] {logging_mixin.py:190} INFO - [2025-02-19T09:49:05.623+0000] {dagbag.py:587} INFO - Filling up the DagBag from /home/airflow/.local/lib/python3.12/site-packages/airflow/example_dags/example_xcom.py
[2025-02-19T09:49:05.630+0000] {processor.py:925} INFO - DAG(s) 'example_xcom' retrieved from /home/airflow/.local/lib/python3.12/site-packages/airflow/example_dags/example_xcom.py
[2025-02-19T09:49:05.649+0000] {logging_mixin.py:190} INFO - [2025-02-19T09:49:05.649+0000] {dag.py:3229} INFO - Sync 1 DAGs
[2025-02-19T09:49:05.669+0000] {logging_mixin.py:190} INFO - [2025-02-19T09:49:05.669+0000] {dag.py:4156} INFO - Setting next_dagrun for example_xcom to 2021-01-01 00:00:00+00:00, run_after=2021-01-01 00:00:00+00:00
[2025-02-19T09:49:05.684+0000] {processor.py:208} INFO - Processing /home/airflow/.local/lib/python3.12/site-packages/airflow/example_dags/example_xcom.py took 0.069 seconds
[2025-02-19T09:49:36.542+0000] {processor.py:186} INFO - Started process (PID=1504) to work on /home/airflow/.local/lib/python3.12/site-packages/airflow/example_dags/example_xcom.py
[2025-02-19T09:49:36.543+0000] {processor.py:914} INFO - Processing file /home/airflow/.local/lib/python3.12/site-packages/airflow/example_dags/example_xcom.py for tasks to queue
[2025-02-19T09:49:36.544+0000] {logging_mixin.py:190} INFO - [2025-02-19T09:49:36.544+0000] {dagbag.py:587} INFO - Filling up the DagBag from /home/airflow/.local/lib/python3.12/site-packages/airflow/example_dags/example_xcom.py
[2025-02-19T09:49:36.552+0000] {processor.py:925} INFO - DAG(s) 'example_xcom' retrieved from /home/airflow/.local/lib/python3.12/site-packages/airflow/example_dags/example_xcom.py
[2025-02-19T09:49:36.568+0000] {logging_mixin.py:190} INFO - [2025-02-19T09:49:36.568+0000] {dag.py:3229} INFO - Sync 1 DAGs
[2025-02-19T09:49:36.587+0000] {logging_mixin.py:190} INFO - [2025-02-19T09:49:36.586+0000] {dag.py:4156} INFO - Setting next_dagrun for example_xcom to 2021-01-01 00:00:00+00:00, run_after=2021-01-01 00:00:00+00:00
[2025-02-19T09:49:36.600+0000] {processor.py:208} INFO - Processing /home/airflow/.local/lib/python3.12/site-packages/airflow/example_dags/example_xcom.py took 0.062 seconds
[2025-02-19T09:50:06.841+0000] {processor.py:186} INFO - Started process (PID=1568) to work on /home/airflow/.local/lib/python3.12/site-packages/airflow/example_dags/example_xcom.py
[2025-02-19T09:50:06.842+0000] {processor.py:914} INFO - Processing file /home/airflow/.local/lib/python3.12/site-packages/airflow/example_dags/example_xcom.py for tasks to queue
[2025-02-19T09:50:06.844+0000] {logging_mixin.py:190} INFO - [2025-02-19T09:50:06.844+0000] {dagbag.py:587} INFO - Filling up the DagBag from /home/airflow/.local/lib/python3.12/site-packages/airflow/example_dags/example_xcom.py
[2025-02-19T09:50:06.852+0000] {processor.py:925} INFO - DAG(s) 'example_xcom' retrieved from /home/airflow/.local/lib/python3.12/site-packages/airflow/example_dags/example_xcom.py
[2025-02-19T09:50:06.870+0000] {logging_mixin.py:190} INFO - [2025-02-19T09:50:06.870+0000] {dag.py:3229} INFO - Sync 1 DAGs
[2025-02-19T09:50:06.891+0000] {logging_mixin.py:190} INFO - [2025-02-19T09:50:06.890+0000] {dag.py:4156} INFO - Setting next_dagrun for example_xcom to 2021-01-01 00:00:00+00:00, run_after=2021-01-01 00:00:00+00:00
[2025-02-19T09:50:06.908+0000] {processor.py:208} INFO - Processing /home/airflow/.local/lib/python3.12/site-packages/airflow/example_dags/example_xcom.py took 0.072 seconds
[2025-02-19T09:50:37.193+0000] {processor.py:186} INFO - Started process (PID=1632) to work on /home/airflow/.local/lib/python3.12/site-packages/airflow/example_dags/example_xcom.py
[2025-02-19T09:50:37.195+0000] {processor.py:914} INFO - Processing file /home/airflow/.local/lib/python3.12/site-packages/airflow/example_dags/example_xcom.py for tasks to queue
[2025-02-19T09:50:37.198+0000] {logging_mixin.py:190} INFO - [2025-02-19T09:50:37.197+0000] {dagbag.py:587} INFO - Filling up the DagBag from /home/airflow/.local/lib/python3.12/site-packages/airflow/example_dags/example_xcom.py
[2025-02-19T09:50:37.206+0000] {processor.py:925} INFO - DAG(s) 'example_xcom' retrieved from /home/airflow/.local/lib/python3.12/site-packages/airflow/example_dags/example_xcom.py
[2025-02-19T09:50:37.223+0000] {logging_mixin.py:190} INFO - [2025-02-19T09:50:37.222+0000] {dag.py:3229} INFO - Sync 1 DAGs
[2025-02-19T09:50:37.242+0000] {logging_mixin.py:190} INFO - [2025-02-19T09:50:37.242+0000] {dag.py:4156} INFO - Setting next_dagrun for example_xcom to 2021-01-01 00:00:00+00:00, run_after=2021-01-01 00:00:00+00:00
[2025-02-19T09:50:37.258+0000] {processor.py:208} INFO - Processing /home/airflow/.local/lib/python3.12/site-packages/airflow/example_dags/example_xcom.py took 0.072 seconds
[2025-02-19T09:51:07.579+0000] {processor.py:186} INFO - Started process (PID=1696) to work on /home/airflow/.local/lib/python3.12/site-packages/airflow/example_dags/example_xcom.py
[2025-02-19T09:51:07.580+0000] {processor.py:914} INFO - Processing file /home/airflow/.local/lib/python3.12/site-packages/airflow/example_dags/example_xcom.py for tasks to queue
[2025-02-19T09:51:07.582+0000] {logging_mixin.py:190} INFO - [2025-02-19T09:51:07.581+0000] {dagbag.py:587} INFO - Filling up the DagBag from /home/airflow/.local/lib/python3.12/site-packages/airflow/example_dags/example_xcom.py
[2025-02-19T09:51:07.589+0000] {processor.py:925} INFO - DAG(s) 'example_xcom' retrieved from /home/airflow/.local/lib/python3.12/site-packages/airflow/example_dags/example_xcom.py
[2025-02-19T09:51:07.606+0000] {logging_mixin.py:190} INFO - [2025-02-19T09:51:07.606+0000] {dag.py:3229} INFO - Sync 1 DAGs
[2025-02-19T09:51:07.624+0000] {logging_mixin.py:190} INFO - [2025-02-19T09:51:07.624+0000] {dag.py:4156} INFO - Setting next_dagrun for example_xcom to 2021-01-01 00:00:00+00:00, run_after=2021-01-01 00:00:00+00:00
[2025-02-19T09:51:07.638+0000] {processor.py:208} INFO - Processing /home/airflow/.local/lib/python3.12/site-packages/airflow/example_dags/example_xcom.py took 0.063 seconds
[2025-02-19T09:51:37.814+0000] {processor.py:186} INFO - Started process (PID=1760) to work on /home/airflow/.local/lib/python3.12/site-packages/airflow/example_dags/example_xcom.py
[2025-02-19T09:51:37.815+0000] {processor.py:914} INFO - Processing file /home/airflow/.local/lib/python3.12/site-packages/airflow/example_dags/example_xcom.py for tasks to queue
[2025-02-19T09:51:37.816+0000] {logging_mixin.py:190} INFO - [2025-02-19T09:51:37.816+0000] {dagbag.py:587} INFO - Filling up the DagBag from /home/airflow/.local/lib/python3.12/site-packages/airflow/example_dags/example_xcom.py
[2025-02-19T09:51:37.824+0000] {processor.py:925} INFO - DAG(s) 'example_xcom' retrieved from /home/airflow/.local/lib/python3.12/site-packages/airflow/example_dags/example_xcom.py
[2025-02-19T09:51:37.841+0000] {logging_mixin.py:190} INFO - [2025-02-19T09:51:37.840+0000] {dag.py:3229} INFO - Sync 1 DAGs
[2025-02-19T09:51:37.859+0000] {logging_mixin.py:190} INFO - [2025-02-19T09:51:37.859+0000] {dag.py:4156} INFO - Setting next_dagrun for example_xcom to 2021-01-01 00:00:00+00:00, run_after=2021-01-01 00:00:00+00:00
[2025-02-19T09:51:37.873+0000] {processor.py:208} INFO - Processing /home/airflow/.local/lib/python3.12/site-packages/airflow/example_dags/example_xcom.py took 0.064 seconds
[2025-02-19T09:52:08.192+0000] {processor.py:186} INFO - Started process (PID=1824) to work on /home/airflow/.local/lib/python3.12/site-packages/airflow/example_dags/example_xcom.py
[2025-02-19T09:52:08.193+0000] {processor.py:914} INFO - Processing file /home/airflow/.local/lib/python3.12/site-packages/airflow/example_dags/example_xcom.py for tasks to queue
[2025-02-19T09:52:08.194+0000] {logging_mixin.py:190} INFO - [2025-02-19T09:52:08.194+0000] {dagbag.py:587} INFO - Filling up the DagBag from /home/airflow/.local/lib/python3.12/site-packages/airflow/example_dags/example_xcom.py
[2025-02-19T09:52:08.202+0000] {processor.py:925} INFO - DAG(s) 'example_xcom' retrieved from /home/airflow/.local/lib/python3.12/site-packages/airflow/example_dags/example_xcom.py
[2025-02-19T09:52:08.220+0000] {logging_mixin.py:190} INFO - [2025-02-19T09:52:08.220+0000] {dag.py:3229} INFO - Sync 1 DAGs
[2025-02-19T09:52:08.238+0000] {logging_mixin.py:190} INFO - [2025-02-19T09:52:08.238+0000] {dag.py:4156} INFO - Setting next_dagrun for example_xcom to 2021-01-01 00:00:00+00:00, run_after=2021-01-01 00:00:00+00:00
[2025-02-19T09:52:08.253+0000] {processor.py:208} INFO - Processing /home/airflow/.local/lib/python3.12/site-packages/airflow/example_dags/example_xcom.py took 0.065 seconds
[2025-02-19T09:52:38.291+0000] {processor.py:186} INFO - Started process (PID=1888) to work on /home/airflow/.local/lib/python3.12/site-packages/airflow/example_dags/example_xcom.py
[2025-02-19T09:52:38.292+0000] {processor.py:914} INFO - Processing file /home/airflow/.local/lib/python3.12/site-packages/airflow/example_dags/example_xcom.py for tasks to queue
[2025-02-19T09:52:38.294+0000] {logging_mixin.py:190} INFO - [2025-02-19T09:52:38.293+0000] {dagbag.py:587} INFO - Filling up the DagBag from /home/airflow/.local/lib/python3.12/site-packages/airflow/example_dags/example_xcom.py
[2025-02-19T09:52:38.300+0000] {processor.py:925} INFO - DAG(s) 'example_xcom' retrieved from /home/airflow/.local/lib/python3.12/site-packages/airflow/example_dags/example_xcom.py
[2025-02-19T09:52:38.318+0000] {logging_mixin.py:190} INFO - [2025-02-19T09:52:38.318+0000] {dag.py:3229} INFO - Sync 1 DAGs
[2025-02-19T09:52:38.335+0000] {logging_mixin.py:190} INFO - [2025-02-19T09:52:38.335+0000] {dag.py:4156} INFO - Setting next_dagrun for example_xcom to 2021-01-01 00:00:00+00:00, run_after=2021-01-01 00:00:00+00:00
[2025-02-19T09:52:38.349+0000] {processor.py:208} INFO - Processing /home/airflow/.local/lib/python3.12/site-packages/airflow/example_dags/example_xcom.py took 0.062 seconds
[2025-02-19T09:53:08.820+0000] {processor.py:186} INFO - Started process (PID=1952) to work on /home/airflow/.local/lib/python3.12/site-packages/airflow/example_dags/example_xcom.py
[2025-02-19T09:53:08.821+0000] {processor.py:914} INFO - Processing file /home/airflow/.local/lib/python3.12/site-packages/airflow/example_dags/example_xcom.py for tasks to queue
[2025-02-19T09:53:08.823+0000] {logging_mixin.py:190} INFO - [2025-02-19T09:53:08.822+0000] {dagbag.py:587} INFO - Filling up the DagBag from /home/airflow/.local/lib/python3.12/site-packages/airflow/example_dags/example_xcom.py
[2025-02-19T09:53:08.831+0000] {processor.py:925} INFO - DAG(s) 'example_xcom' retrieved from /home/airflow/.local/lib/python3.12/site-packages/airflow/example_dags/example_xcom.py
[2025-02-19T09:53:08.849+0000] {logging_mixin.py:190} INFO - [2025-02-19T09:53:08.848+0000] {dag.py:3229} INFO - Sync 1 DAGs
[2025-02-19T09:53:08.870+0000] {logging_mixin.py:190} INFO - [2025-02-19T09:53:08.870+0000] {dag.py:4156} INFO - Setting next_dagrun for example_xcom to 2021-01-01 00:00:00+00:00, run_after=2021-01-01 00:00:00+00:00
[2025-02-19T09:53:08.888+0000] {processor.py:208} INFO - Processing /home/airflow/.local/lib/python3.12/site-packages/airflow/example_dags/example_xcom.py took 0.073 seconds
[2025-02-19T09:53:39.194+0000] {processor.py:186} INFO - Started process (PID=2016) to work on /home/airflow/.local/lib/python3.12/site-packages/airflow/example_dags/example_xcom.py
[2025-02-19T09:53:39.196+0000] {processor.py:914} INFO - Processing file /home/airflow/.local/lib/python3.12/site-packages/airflow/example_dags/example_xcom.py for tasks to queue
[2025-02-19T09:53:39.197+0000] {logging_mixin.py:190} INFO - [2025-02-19T09:53:39.197+0000] {dagbag.py:587} INFO - Filling up the DagBag from /home/airflow/.local/lib/python3.12/site-packages/airflow/example_dags/example_xcom.py
[2025-02-19T09:53:39.205+0000] {processor.py:925} INFO - DAG(s) 'example_xcom' retrieved from /home/airflow/.local/lib/python3.12/site-packages/airflow/example_dags/example_xcom.py
[2025-02-19T09:53:39.224+0000] {logging_mixin.py:190} INFO - [2025-02-19T09:53:39.224+0000] {dag.py:3229} INFO - Sync 1 DAGs
[2025-02-19T09:53:39.244+0000] {logging_mixin.py:190} INFO - [2025-02-19T09:53:39.244+0000] {dag.py:4156} INFO - Setting next_dagrun for example_xcom to 2021-01-01 00:00:00+00:00, run_after=2021-01-01 00:00:00+00:00
[2025-02-19T09:53:39.259+0000] {processor.py:208} INFO - Processing /home/airflow/.local/lib/python3.12/site-packages/airflow/example_dags/example_xcom.py took 0.069 seconds
[2025-02-19T09:54:09.503+0000] {processor.py:186} INFO - Started process (PID=2080) to work on /home/airflow/.local/lib/python3.12/site-packages/airflow/example_dags/example_xcom.py
[2025-02-19T09:54:09.504+0000] {processor.py:914} INFO - Processing file /home/airflow/.local/lib/python3.12/site-packages/airflow/example_dags/example_xcom.py for tasks to queue
[2025-02-19T09:54:09.506+0000] {logging_mixin.py:190} INFO - [2025-02-19T09:54:09.506+0000] {dagbag.py:587} INFO - Filling up the DagBag from /home/airflow/.local/lib/python3.12/site-packages/airflow/example_dags/example_xcom.py
[2025-02-19T09:54:09.513+0000] {processor.py:925} INFO - DAG(s) 'example_xcom' retrieved from /home/airflow/.local/lib/python3.12/site-packages/airflow/example_dags/example_xcom.py
[2025-02-19T09:54:09.531+0000] {logging_mixin.py:190} INFO - [2025-02-19T09:54:09.531+0000] {dag.py:3229} INFO - Sync 1 DAGs
[2025-02-19T09:54:09.549+0000] {logging_mixin.py:190} INFO - [2025-02-19T09:54:09.549+0000] {dag.py:4156} INFO - Setting next_dagrun for example_xcom to 2021-01-01 00:00:00+00:00, run_after=2021-01-01 00:00:00+00:00
[2025-02-19T09:54:09.563+0000] {processor.py:208} INFO - Processing /home/airflow/.local/lib/python3.12/site-packages/airflow/example_dags/example_xcom.py took 0.064 seconds
[2025-02-19T09:54:39.735+0000] {processor.py:186} INFO - Started process (PID=2144) to work on /home/airflow/.local/lib/python3.12/site-packages/airflow/example_dags/example_xcom.py
[2025-02-19T09:54:39.736+0000] {processor.py:914} INFO - Processing file /home/airflow/.local/lib/python3.12/site-packages/airflow/example_dags/example_xcom.py for tasks to queue
[2025-02-19T09:54:39.738+0000] {logging_mixin.py:190} INFO - [2025-02-19T09:54:39.738+0000] {dagbag.py:587} INFO - Filling up the DagBag from /home/airflow/.local/lib/python3.12/site-packages/airflow/example_dags/example_xcom.py
[2025-02-19T09:54:39.745+0000] {processor.py:925} INFO - DAG(s) 'example_xcom' retrieved from /home/airflow/.local/lib/python3.12/site-packages/airflow/example_dags/example_xcom.py
[2025-02-19T09:54:39.764+0000] {logging_mixin.py:190} INFO - [2025-02-19T09:54:39.763+0000] {dag.py:3229} INFO - Sync 1 DAGs
[2025-02-19T09:54:39.782+0000] {logging_mixin.py:190} INFO - [2025-02-19T09:54:39.782+0000] {dag.py:4156} INFO - Setting next_dagrun for example_xcom to 2021-01-01 00:00:00+00:00, run_after=2021-01-01 00:00:00+00:00
[2025-02-19T09:54:39.798+0000] {processor.py:208} INFO - Processing /home/airflow/.local/lib/python3.12/site-packages/airflow/example_dags/example_xcom.py took 0.067 seconds
[2025-02-19T09:55:10.074+0000] {processor.py:186} INFO - Started process (PID=2208) to work on /home/airflow/.local/lib/python3.12/site-packages/airflow/example_dags/example_xcom.py
[2025-02-19T09:55:10.075+0000] {processor.py:914} INFO - Processing file /home/airflow/.local/lib/python3.12/site-packages/airflow/example_dags/example_xcom.py for tasks to queue
[2025-02-19T09:55:10.077+0000] {logging_mixin.py:190} INFO - [2025-02-19T09:55:10.077+0000] {dagbag.py:587} INFO - Filling up the DagBag from /home/airflow/.local/lib/python3.12/site-packages/airflow/example_dags/example_xcom.py
[2025-02-19T09:55:10.085+0000] {processor.py:925} INFO - DAG(s) 'example_xcom' retrieved from /home/airflow/.local/lib/python3.12/site-packages/airflow/example_dags/example_xcom.py
[2025-02-19T09:55:10.107+0000] {logging_mixin.py:190} INFO - [2025-02-19T09:55:10.106+0000] {dag.py:3229} INFO - Sync 1 DAGs
[2025-02-19T09:55:10.131+0000] {logging_mixin.py:190} INFO - [2025-02-19T09:55:10.131+0000] {dag.py:4156} INFO - Setting next_dagrun for example_xcom to 2021-01-01 00:00:00+00:00, run_after=2021-01-01 00:00:00+00:00
[2025-02-19T09:55:10.149+0000] {processor.py:208} INFO - Processing /home/airflow/.local/lib/python3.12/site-packages/airflow/example_dags/example_xcom.py took 0.080 seconds
[2025-02-19T09:55:40.427+0000] {processor.py:186} INFO - Started process (PID=2272) to work on /home/airflow/.local/lib/python3.12/site-packages/airflow/example_dags/example_xcom.py
[2025-02-19T09:55:40.428+0000] {processor.py:914} INFO - Processing file /home/airflow/.local/lib/python3.12/site-packages/airflow/example_dags/example_xcom.py for tasks to queue
[2025-02-19T09:55:40.430+0000] {logging_mixin.py:190} INFO - [2025-02-19T09:55:40.429+0000] {dagbag.py:587} INFO - Filling up the DagBag from /home/airflow/.local/lib/python3.12/site-packages/airflow/example_dags/example_xcom.py
[2025-02-19T09:55:40.437+0000] {processor.py:925} INFO - DAG(s) 'example_xcom' retrieved from /home/airflow/.local/lib/python3.12/site-packages/airflow/example_dags/example_xcom.py
[2025-02-19T09:55:40.453+0000] {logging_mixin.py:190} INFO - [2025-02-19T09:55:40.453+0000] {dag.py:3229} INFO - Sync 1 DAGs
[2025-02-19T09:55:40.472+0000] {logging_mixin.py:190} INFO - [2025-02-19T09:55:40.472+0000] {dag.py:4156} INFO - Setting next_dagrun for example_xcom to 2021-01-01 00:00:00+00:00, run_after=2021-01-01 00:00:00+00:00
[2025-02-19T09:55:40.486+0000] {processor.py:208} INFO - Processing /home/airflow/.local/lib/python3.12/site-packages/airflow/example_dags/example_xcom.py took 0.064 seconds
[2025-02-19T09:56:10.903+0000] {processor.py:186} INFO - Started process (PID=2337) to work on /home/airflow/.local/lib/python3.12/site-packages/airflow/example_dags/example_xcom.py
[2025-02-19T09:56:10.904+0000] {processor.py:914} INFO - Processing file /home/airflow/.local/lib/python3.12/site-packages/airflow/example_dags/example_xcom.py for tasks to queue
[2025-02-19T09:56:10.906+0000] {logging_mixin.py:190} INFO - [2025-02-19T09:56:10.906+0000] {dagbag.py:587} INFO - Filling up the DagBag from /home/airflow/.local/lib/python3.12/site-packages/airflow/example_dags/example_xcom.py
[2025-02-19T09:56:10.914+0000] {processor.py:925} INFO - DAG(s) 'example_xcom' retrieved from /home/airflow/.local/lib/python3.12/site-packages/airflow/example_dags/example_xcom.py
[2025-02-19T09:56:10.933+0000] {logging_mixin.py:190} INFO - [2025-02-19T09:56:10.933+0000] {dag.py:3229} INFO - Sync 1 DAGs
[2025-02-19T09:56:10.952+0000] {logging_mixin.py:190} INFO - [2025-02-19T09:56:10.952+0000] {dag.py:4156} INFO - Setting next_dagrun for example_xcom to 2021-01-01 00:00:00+00:00, run_after=2021-01-01 00:00:00+00:00
[2025-02-19T09:56:10.969+0000] {processor.py:208} INFO - Processing /home/airflow/.local/lib/python3.12/site-packages/airflow/example_dags/example_xcom.py took 0.071 seconds
[2025-02-19T09:56:41.277+0000] {processor.py:186} INFO - Started process (PID=2401) to work on /home/airflow/.local/lib/python3.12/site-packages/airflow/example_dags/example_xcom.py
[2025-02-19T09:56:41.278+0000] {processor.py:914} INFO - Processing file /home/airflow/.local/lib/python3.12/site-packages/airflow/example_dags/example_xcom.py for tasks to queue
[2025-02-19T09:56:41.280+0000] {logging_mixin.py:190} INFO - [2025-02-19T09:56:41.280+0000] {dagbag.py:587} INFO - Filling up the DagBag from /home/airflow/.local/lib/python3.12/site-packages/airflow/example_dags/example_xcom.py
[2025-02-19T09:56:41.289+0000] {processor.py:925} INFO - DAG(s) 'example_xcom' retrieved from /home/airflow/.local/lib/python3.12/site-packages/airflow/example_dags/example_xcom.py
[2025-02-19T09:56:41.310+0000] {logging_mixin.py:190} INFO - [2025-02-19T09:56:41.309+0000] {dag.py:3229} INFO - Sync 1 DAGs
[2025-02-19T09:56:41.335+0000] {logging_mixin.py:190} INFO - [2025-02-19T09:56:41.334+0000] {dag.py:4156} INFO - Setting next_dagrun for example_xcom to 2021-01-01 00:00:00+00:00, run_after=2021-01-01 00:00:00+00:00
[2025-02-19T09:56:41.353+0000] {processor.py:208} INFO - Processing /home/airflow/.local/lib/python3.12/site-packages/airflow/example_dags/example_xcom.py took 0.081 seconds
[2025-02-19T09:57:12.347+0000] {processor.py:186} INFO - Started process (PID=2466) to work on /home/airflow/.local/lib/python3.12/site-packages/airflow/example_dags/example_xcom.py
[2025-02-19T09:57:12.347+0000] {processor.py:914} INFO - Processing file /home/airflow/.local/lib/python3.12/site-packages/airflow/example_dags/example_xcom.py for tasks to queue
[2025-02-19T09:57:12.349+0000] {logging_mixin.py:190} INFO - [2025-02-19T09:57:12.349+0000] {dagbag.py:587} INFO - Filling up the DagBag from /home/airflow/.local/lib/python3.12/site-packages/airflow/example_dags/example_xcom.py
[2025-02-19T09:57:12.357+0000] {processor.py:925} INFO - DAG(s) 'example_xcom' retrieved from /home/airflow/.local/lib/python3.12/site-packages/airflow/example_dags/example_xcom.py
[2025-02-19T09:57:12.377+0000] {logging_mixin.py:190} INFO - [2025-02-19T09:57:12.377+0000] {dag.py:3229} INFO - Sync 1 DAGs
[2025-02-19T09:57:12.396+0000] {logging_mixin.py:190} INFO - [2025-02-19T09:57:12.396+0000] {dag.py:4156} INFO - Setting next_dagrun for example_xcom to 2021-01-01 00:00:00+00:00, run_after=2021-01-01 00:00:00+00:00
[2025-02-19T09:57:12.414+0000] {processor.py:208} INFO - Processing /home/airflow/.local/lib/python3.12/site-packages/airflow/example_dags/example_xcom.py took 0.072 seconds
[2025-02-19T09:57:42.869+0000] {processor.py:186} INFO - Started process (PID=2530) to work on /home/airflow/.local/lib/python3.12/site-packages/airflow/example_dags/example_xcom.py
[2025-02-19T09:57:42.870+0000] {processor.py:914} INFO - Processing file /home/airflow/.local/lib/python3.12/site-packages/airflow/example_dags/example_xcom.py for tasks to queue
[2025-02-19T09:57:42.872+0000] {logging_mixin.py:190} INFO - [2025-02-19T09:57:42.872+0000] {dagbag.py:587} INFO - Filling up the DagBag from /home/airflow/.local/lib/python3.12/site-packages/airflow/example_dags/example_xcom.py
[2025-02-19T09:57:42.881+0000] {processor.py:925} INFO - DAG(s) 'example_xcom' retrieved from /home/airflow/.local/lib/python3.12/site-packages/airflow/example_dags/example_xcom.py
[2025-02-19T09:57:42.899+0000] {logging_mixin.py:190} INFO - [2025-02-19T09:57:42.899+0000] {dag.py:3229} INFO - Sync 1 DAGs
[2025-02-19T09:57:42.918+0000] {logging_mixin.py:190} INFO - [2025-02-19T09:57:42.917+0000] {dag.py:4156} INFO - Setting next_dagrun for example_xcom to 2021-01-01 00:00:00+00:00, run_after=2021-01-01 00:00:00+00:00
[2025-02-19T09:57:42.932+0000] {processor.py:208} INFO - Processing /home/airflow/.local/lib/python3.12/site-packages/airflow/example_dags/example_xcom.py took 0.068 seconds
[2025-02-19T09:58:13.550+0000] {processor.py:186} INFO - Started process (PID=2595) to work on /home/airflow/.local/lib/python3.12/site-packages/airflow/example_dags/example_xcom.py
[2025-02-19T09:58:13.552+0000] {processor.py:914} INFO - Processing file /home/airflow/.local/lib/python3.12/site-packages/airflow/example_dags/example_xcom.py for tasks to queue
[2025-02-19T09:58:13.554+0000] {logging_mixin.py:190} INFO - [2025-02-19T09:58:13.554+0000] {dagbag.py:587} INFO - Filling up the DagBag from /home/airflow/.local/lib/python3.12/site-packages/airflow/example_dags/example_xcom.py
[2025-02-19T09:58:13.562+0000] {processor.py:925} INFO - DAG(s) 'example_xcom' retrieved from /home/airflow/.local/lib/python3.12/site-packages/airflow/example_dags/example_xcom.py
[2025-02-19T09:58:13.581+0000] {logging_mixin.py:190} INFO - [2025-02-19T09:58:13.581+0000] {dag.py:3229} INFO - Sync 1 DAGs
[2025-02-19T09:58:13.602+0000] {logging_mixin.py:190} INFO - [2025-02-19T09:58:13.602+0000] {dag.py:4156} INFO - Setting next_dagrun for example_xcom to 2021-01-01 00:00:00+00:00, run_after=2021-01-01 00:00:00+00:00
[2025-02-19T09:58:13.619+0000] {processor.py:208} INFO - Processing /home/airflow/.local/lib/python3.12/site-packages/airflow/example_dags/example_xcom.py took 0.073 seconds
[2025-02-19T09:58:43.717+0000] {processor.py:186} INFO - Started process (PID=2664) to work on /home/airflow/.local/lib/python3.12/site-packages/airflow/example_dags/example_xcom.py
[2025-02-19T09:58:43.718+0000] {processor.py:914} INFO - Processing file /home/airflow/.local/lib/python3.12/site-packages/airflow/example_dags/example_xcom.py for tasks to queue
[2025-02-19T09:58:43.720+0000] {logging_mixin.py:190} INFO - [2025-02-19T09:58:43.720+0000] {dagbag.py:587} INFO - Filling up the DagBag from /home/airflow/.local/lib/python3.12/site-packages/airflow/example_dags/example_xcom.py
[2025-02-19T09:58:43.729+0000] {processor.py:925} INFO - DAG(s) 'example_xcom' retrieved from /home/airflow/.local/lib/python3.12/site-packages/airflow/example_dags/example_xcom.py
[2025-02-19T09:58:43.747+0000] {logging_mixin.py:190} INFO - [2025-02-19T09:58:43.746+0000] {dag.py:3229} INFO - Sync 1 DAGs
[2025-02-19T09:58:43.765+0000] {logging_mixin.py:190} INFO - [2025-02-19T09:58:43.765+0000] {dag.py:4156} INFO - Setting next_dagrun for example_xcom to 2021-01-01 00:00:00+00:00, run_after=2021-01-01 00:00:00+00:00
[2025-02-19T09:58:43.782+0000] {processor.py:208} INFO - Processing /home/airflow/.local/lib/python3.12/site-packages/airflow/example_dags/example_xcom.py took 0.069 seconds
[2025-02-19T09:59:13.911+0000] {processor.py:186} INFO - Started process (PID=2728) to work on /home/airflow/.local/lib/python3.12/site-packages/airflow/example_dags/example_xcom.py
[2025-02-19T09:59:13.912+0000] {processor.py:914} INFO - Processing file /home/airflow/.local/lib/python3.12/site-packages/airflow/example_dags/example_xcom.py for tasks to queue
[2025-02-19T09:59:13.914+0000] {logging_mixin.py:190} INFO - [2025-02-19T09:59:13.914+0000] {dagbag.py:587} INFO - Filling up the DagBag from /home/airflow/.local/lib/python3.12/site-packages/airflow/example_dags/example_xcom.py
[2025-02-19T09:59:13.922+0000] {processor.py:925} INFO - DAG(s) 'example_xcom' retrieved from /home/airflow/.local/lib/python3.12/site-packages/airflow/example_dags/example_xcom.py
[2025-02-19T09:59:13.940+0000] {logging_mixin.py:190} INFO - [2025-02-19T09:59:13.940+0000] {dag.py:3229} INFO - Sync 1 DAGs
[2025-02-19T09:59:13.960+0000] {logging_mixin.py:190} INFO - [2025-02-19T09:59:13.960+0000] {dag.py:4156} INFO - Setting next_dagrun for example_xcom to 2021-01-01 00:00:00+00:00, run_after=2021-01-01 00:00:00+00:00
[2025-02-19T09:59:13.977+0000] {processor.py:208} INFO - Processing /home/airflow/.local/lib/python3.12/site-packages/airflow/example_dags/example_xcom.py took 0.071 seconds
[2025-02-19T10:23:12.289+0000] {logging_mixin.py:190} INFO - [2025-02-19T10:23:12.288+0000] {settings.py:475} DEBUG - Setting up DB connection pool (PID 71)
[2025-02-19T10:23:12.291+0000] {logging_mixin.py:190} INFO - [2025-02-19T10:23:12.290+0000] {settings.py:579} DEBUG - settings.prepare_engine_args(): Using pool settings. pool_size=5, max_overflow=10, pool_recycle=1800, pid=71
[2025-02-19T10:23:12.295+0000] {processor.py:186} INFO - Started process (PID=71) to work on /home/airflow/.local/lib/python3.12/site-packages/airflow/example_dags/example_xcom.py
[2025-02-19T10:23:12.295+0000] {processor.py:914} INFO - Processing file /home/airflow/.local/lib/python3.12/site-packages/airflow/example_dags/example_xcom.py for tasks to queue
[2025-02-19T10:23:12.296+0000] {logging_mixin.py:190} INFO - [2025-02-19T10:23:12.296+0000] {dagbag.py:587} INFO - Filling up the DagBag from /home/airflow/.local/lib/python3.12/site-packages/airflow/example_dags/example_xcom.py
[2025-02-19T10:23:12.297+0000] {logging_mixin.py:190} INFO - [2025-02-19T10:23:12.297+0000] {dagbag.py:368} DEBUG - Importing /home/airflow/.local/lib/python3.12/site-packages/airflow/example_dags/example_xcom.py
[2025-02-19T10:23:12.307+0000] {logging_mixin.py:190} INFO - [2025-02-19T10:23:12.305+0000] {dagbag.py:553} DEBUG - Loaded DAG <DAG: example_xcom>
[2025-02-19T10:23:12.308+0000] {processor.py:925} INFO - DAG(s) 'example_xcom' retrieved from /home/airflow/.local/lib/python3.12/site-packages/airflow/example_dags/example_xcom.py
[2025-02-19T10:23:12.309+0000] {logging_mixin.py:190} INFO - [2025-02-19T10:23:12.309+0000] {dagbag.py:710} DEBUG - Running dagbag.sync_to_db with retries. Try 1 of 3
[2025-02-19T10:23:12.309+0000] {logging_mixin.py:190} INFO - [2025-02-19T10:23:12.309+0000] {dagbag.py:715} DEBUG - Calling the DAG.bulk_sync_to_db method
[2025-02-19T10:23:12.321+0000] {logging_mixin.py:190} INFO - [2025-02-19T10:23:12.321+0000] {serialized_dag.py:168} DEBUG - Checking if DAG (example_xcom) changed
[2025-02-19T10:23:12.332+0000] {logging_mixin.py:190} INFO - [2025-02-19T10:23:12.331+0000] {serialized_dag.py:179} DEBUG - Serialized DAG (example_xcom) is unchanged. Skipping writing to DB
[2025-02-19T10:23:12.332+0000] {logging_mixin.py:190} INFO - [2025-02-19T10:23:12.332+0000] {dag.py:3229} INFO - Sync 1 DAGs
[2025-02-19T10:23:12.357+0000] {logging_mixin.py:190} INFO - [2025-02-19T10:23:12.357+0000] {dag.py:4156} INFO - Setting next_dagrun for example_xcom to 2021-01-01 00:00:00+00:00, run_after=2021-01-01 00:00:00+00:00
[2025-02-19T10:23:12.378+0000] {processor.py:208} INFO - Processing /home/airflow/.local/lib/python3.12/site-packages/airflow/example_dags/example_xcom.py took 0.090 seconds
[2025-02-19T10:23:54.729+0000] {logging_mixin.py:190} INFO - [2025-02-19T10:23:54.729+0000] {settings.py:475} DEBUG - Setting up DB connection pool (PID 141)
[2025-02-19T10:23:54.740+0000] {logging_mixin.py:190} INFO - [2025-02-19T10:23:54.740+0000] {settings.py:579} DEBUG - settings.prepare_engine_args(): Using pool settings. pool_size=5, max_overflow=10, pool_recycle=1800, pid=141
[2025-02-19T10:23:54.745+0000] {processor.py:186} INFO - Started process (PID=141) to work on /home/airflow/.local/lib/python3.12/site-packages/airflow/example_dags/example_xcom.py
[2025-02-19T10:23:54.746+0000] {processor.py:914} INFO - Processing file /home/airflow/.local/lib/python3.12/site-packages/airflow/example_dags/example_xcom.py for tasks to queue
[2025-02-19T10:23:54.747+0000] {logging_mixin.py:190} INFO - [2025-02-19T10:23:54.746+0000] {dagbag.py:587} INFO - Filling up the DagBag from /home/airflow/.local/lib/python3.12/site-packages/airflow/example_dags/example_xcom.py
[2025-02-19T10:23:54.748+0000] {logging_mixin.py:190} INFO - [2025-02-19T10:23:54.747+0000] {dagbag.py:368} DEBUG - Importing /home/airflow/.local/lib/python3.12/site-packages/airflow/example_dags/example_xcom.py
[2025-02-19T10:23:54.757+0000] {logging_mixin.py:190} INFO - [2025-02-19T10:23:54.756+0000] {dagbag.py:553} DEBUG - Loaded DAG <DAG: example_xcom>
[2025-02-19T10:23:54.757+0000] {processor.py:925} INFO - DAG(s) 'example_xcom' retrieved from /home/airflow/.local/lib/python3.12/site-packages/airflow/example_dags/example_xcom.py
[2025-02-19T10:23:54.758+0000] {logging_mixin.py:190} INFO - [2025-02-19T10:23:54.758+0000] {dagbag.py:710} DEBUG - Running dagbag.sync_to_db with retries. Try 1 of 3
[2025-02-19T10:23:54.758+0000] {logging_mixin.py:190} INFO - [2025-02-19T10:23:54.758+0000] {dagbag.py:715} DEBUG - Calling the DAG.bulk_sync_to_db method
[2025-02-19T10:23:54.770+0000] {logging_mixin.py:190} INFO - [2025-02-19T10:23:54.769+0000] {serialized_dag.py:168} DEBUG - Checking if DAG (example_xcom) changed
[2025-02-19T10:23:54.779+0000] {logging_mixin.py:190} INFO - [2025-02-19T10:23:54.779+0000] {serialized_dag.py:179} DEBUG - Serialized DAG (example_xcom) is unchanged. Skipping writing to DB
[2025-02-19T10:23:54.780+0000] {logging_mixin.py:190} INFO - [2025-02-19T10:23:54.780+0000] {dag.py:3229} INFO - Sync 1 DAGs
[2025-02-19T10:23:54.804+0000] {logging_mixin.py:190} INFO - [2025-02-19T10:23:54.804+0000] {dag.py:4156} INFO - Setting next_dagrun for example_xcom to 2021-01-01 00:00:00+00:00, run_after=2021-01-01 00:00:00+00:00
[2025-02-19T10:23:54.904+0000] {processor.py:208} INFO - Processing /home/airflow/.local/lib/python3.12/site-packages/airflow/example_dags/example_xcom.py took 0.175 seconds
[2025-02-19T10:24:25.643+0000] {logging_mixin.py:190} INFO - [2025-02-19T10:24:25.643+0000] {settings.py:475} DEBUG - Setting up DB connection pool (PID 205)
[2025-02-19T10:24:25.644+0000] {logging_mixin.py:190} INFO - [2025-02-19T10:24:25.644+0000] {settings.py:579} DEBUG - settings.prepare_engine_args(): Using pool settings. pool_size=5, max_overflow=10, pool_recycle=1800, pid=205
[2025-02-19T10:24:25.648+0000] {processor.py:186} INFO - Started process (PID=205) to work on /home/airflow/.local/lib/python3.12/site-packages/airflow/example_dags/example_xcom.py
[2025-02-19T10:24:25.649+0000] {processor.py:914} INFO - Processing file /home/airflow/.local/lib/python3.12/site-packages/airflow/example_dags/example_xcom.py for tasks to queue
[2025-02-19T10:24:25.649+0000] {logging_mixin.py:190} INFO - [2025-02-19T10:24:25.649+0000] {dagbag.py:587} INFO - Filling up the DagBag from /home/airflow/.local/lib/python3.12/site-packages/airflow/example_dags/example_xcom.py
[2025-02-19T10:24:25.650+0000] {logging_mixin.py:190} INFO - [2025-02-19T10:24:25.650+0000] {dagbag.py:368} DEBUG - Importing /home/airflow/.local/lib/python3.12/site-packages/airflow/example_dags/example_xcom.py
[2025-02-19T10:24:25.658+0000] {logging_mixin.py:190} INFO - [2025-02-19T10:24:25.657+0000] {dagbag.py:553} DEBUG - Loaded DAG <DAG: example_xcom>
[2025-02-19T10:24:25.658+0000] {processor.py:925} INFO - DAG(s) 'example_xcom' retrieved from /home/airflow/.local/lib/python3.12/site-packages/airflow/example_dags/example_xcom.py
[2025-02-19T10:24:25.659+0000] {logging_mixin.py:190} INFO - [2025-02-19T10:24:25.659+0000] {dagbag.py:710} DEBUG - Running dagbag.sync_to_db with retries. Try 1 of 3
[2025-02-19T10:24:25.659+0000] {logging_mixin.py:190} INFO - [2025-02-19T10:24:25.659+0000] {dagbag.py:715} DEBUG - Calling the DAG.bulk_sync_to_db method
[2025-02-19T10:24:25.669+0000] {logging_mixin.py:190} INFO - [2025-02-19T10:24:25.669+0000] {serialized_dag.py:168} DEBUG - Checking if DAG (example_xcom) changed
[2025-02-19T10:24:25.679+0000] {logging_mixin.py:190} INFO - [2025-02-19T10:24:25.678+0000] {serialized_dag.py:179} DEBUG - Serialized DAG (example_xcom) is unchanged. Skipping writing to DB
[2025-02-19T10:24:25.679+0000] {logging_mixin.py:190} INFO - [2025-02-19T10:24:25.679+0000] {dag.py:3229} INFO - Sync 1 DAGs
[2025-02-19T10:24:25.705+0000] {logging_mixin.py:190} INFO - [2025-02-19T10:24:25.704+0000] {dag.py:4156} INFO - Setting next_dagrun for example_xcom to 2021-01-01 00:00:00+00:00, run_after=2021-01-01 00:00:00+00:00
[2025-02-19T10:24:25.726+0000] {processor.py:208} INFO - Processing /home/airflow/.local/lib/python3.12/site-packages/airflow/example_dags/example_xcom.py took 0.083 seconds
[2025-02-19T10:24:56.475+0000] {logging_mixin.py:190} INFO - [2025-02-19T10:24:56.474+0000] {settings.py:475} DEBUG - Setting up DB connection pool (PID 274)
[2025-02-19T10:24:56.476+0000] {logging_mixin.py:190} INFO - [2025-02-19T10:24:56.476+0000] {settings.py:579} DEBUG - settings.prepare_engine_args(): Using pool settings. pool_size=5, max_overflow=10, pool_recycle=1800, pid=274
[2025-02-19T10:24:56.480+0000] {processor.py:186} INFO - Started process (PID=274) to work on /home/airflow/.local/lib/python3.12/site-packages/airflow/example_dags/example_xcom.py
[2025-02-19T10:24:56.481+0000] {processor.py:914} INFO - Processing file /home/airflow/.local/lib/python3.12/site-packages/airflow/example_dags/example_xcom.py for tasks to queue
[2025-02-19T10:24:56.482+0000] {logging_mixin.py:190} INFO - [2025-02-19T10:24:56.482+0000] {dagbag.py:587} INFO - Filling up the DagBag from /home/airflow/.local/lib/python3.12/site-packages/airflow/example_dags/example_xcom.py
[2025-02-19T10:24:56.483+0000] {logging_mixin.py:190} INFO - [2025-02-19T10:24:56.482+0000] {dagbag.py:368} DEBUG - Importing /home/airflow/.local/lib/python3.12/site-packages/airflow/example_dags/example_xcom.py
[2025-02-19T10:24:56.491+0000] {logging_mixin.py:190} INFO - [2025-02-19T10:24:56.490+0000] {dagbag.py:553} DEBUG - Loaded DAG <DAG: example_xcom>
[2025-02-19T10:24:56.492+0000] {processor.py:925} INFO - DAG(s) 'example_xcom' retrieved from /home/airflow/.local/lib/python3.12/site-packages/airflow/example_dags/example_xcom.py
[2025-02-19T10:24:56.492+0000] {logging_mixin.py:190} INFO - [2025-02-19T10:24:56.492+0000] {dagbag.py:710} DEBUG - Running dagbag.sync_to_db with retries. Try 1 of 3
[2025-02-19T10:24:56.492+0000] {logging_mixin.py:190} INFO - [2025-02-19T10:24:56.492+0000] {dagbag.py:715} DEBUG - Calling the DAG.bulk_sync_to_db method
[2025-02-19T10:24:56.504+0000] {logging_mixin.py:190} INFO - [2025-02-19T10:24:56.504+0000] {serialized_dag.py:168} DEBUG - Checking if DAG (example_xcom) changed
[2025-02-19T10:24:56.513+0000] {logging_mixin.py:190} INFO - [2025-02-19T10:24:56.512+0000] {serialized_dag.py:179} DEBUG - Serialized DAG (example_xcom) is unchanged. Skipping writing to DB
[2025-02-19T10:24:56.513+0000] {logging_mixin.py:190} INFO - [2025-02-19T10:24:56.513+0000] {dag.py:3229} INFO - Sync 1 DAGs
[2025-02-19T10:24:56.534+0000] {logging_mixin.py:190} INFO - [2025-02-19T10:24:56.534+0000] {dag.py:4156} INFO - Setting next_dagrun for example_xcom to 2021-01-01 00:00:00+00:00, run_after=2021-01-01 00:00:00+00:00
[2025-02-19T10:24:56.553+0000] {processor.py:208} INFO - Processing /home/airflow/.local/lib/python3.12/site-packages/airflow/example_dags/example_xcom.py took 0.079 seconds
[2025-02-19T10:25:26.745+0000] {logging_mixin.py:190} INFO - [2025-02-19T10:25:26.745+0000] {settings.py:475} DEBUG - Setting up DB connection pool (PID 338)
[2025-02-19T10:25:26.746+0000] {logging_mixin.py:190} INFO - [2025-02-19T10:25:26.746+0000] {settings.py:579} DEBUG - settings.prepare_engine_args(): Using pool settings. pool_size=5, max_overflow=10, pool_recycle=1800, pid=338
[2025-02-19T10:25:26.752+0000] {processor.py:186} INFO - Started process (PID=338) to work on /home/airflow/.local/lib/python3.12/site-packages/airflow/example_dags/example_xcom.py
[2025-02-19T10:25:26.752+0000] {processor.py:914} INFO - Processing file /home/airflow/.local/lib/python3.12/site-packages/airflow/example_dags/example_xcom.py for tasks to queue
[2025-02-19T10:25:26.753+0000] {logging_mixin.py:190} INFO - [2025-02-19T10:25:26.753+0000] {dagbag.py:587} INFO - Filling up the DagBag from /home/airflow/.local/lib/python3.12/site-packages/airflow/example_dags/example_xcom.py
[2025-02-19T10:25:26.754+0000] {logging_mixin.py:190} INFO - [2025-02-19T10:25:26.754+0000] {dagbag.py:368} DEBUG - Importing /home/airflow/.local/lib/python3.12/site-packages/airflow/example_dags/example_xcom.py
[2025-02-19T10:25:26.763+0000] {logging_mixin.py:190} INFO - [2025-02-19T10:25:26.762+0000] {dagbag.py:553} DEBUG - Loaded DAG <DAG: example_xcom>
[2025-02-19T10:25:26.763+0000] {processor.py:925} INFO - DAG(s) 'example_xcom' retrieved from /home/airflow/.local/lib/python3.12/site-packages/airflow/example_dags/example_xcom.py
[2025-02-19T10:25:26.764+0000] {logging_mixin.py:190} INFO - [2025-02-19T10:25:26.764+0000] {dagbag.py:710} DEBUG - Running dagbag.sync_to_db with retries. Try 1 of 3
[2025-02-19T10:25:26.764+0000] {logging_mixin.py:190} INFO - [2025-02-19T10:25:26.764+0000] {dagbag.py:715} DEBUG - Calling the DAG.bulk_sync_to_db method
[2025-02-19T10:25:26.774+0000] {logging_mixin.py:190} INFO - [2025-02-19T10:25:26.774+0000] {serialized_dag.py:168} DEBUG - Checking if DAG (example_xcom) changed
[2025-02-19T10:25:26.784+0000] {logging_mixin.py:190} INFO - [2025-02-19T10:25:26.784+0000] {serialized_dag.py:179} DEBUG - Serialized DAG (example_xcom) is unchanged. Skipping writing to DB
[2025-02-19T10:25:26.784+0000] {logging_mixin.py:190} INFO - [2025-02-19T10:25:26.784+0000] {dag.py:3229} INFO - Sync 1 DAGs
[2025-02-19T10:25:26.808+0000] {logging_mixin.py:190} INFO - [2025-02-19T10:25:26.807+0000] {dag.py:4156} INFO - Setting next_dagrun for example_xcom to 2021-01-01 00:00:00+00:00, run_after=2021-01-01 00:00:00+00:00
[2025-02-19T10:25:26.828+0000] {processor.py:208} INFO - Processing /home/airflow/.local/lib/python3.12/site-packages/airflow/example_dags/example_xcom.py took 0.083 seconds
[2025-02-19T10:25:57.524+0000] {logging_mixin.py:190} INFO - [2025-02-19T10:25:57.523+0000] {settings.py:475} DEBUG - Setting up DB connection pool (PID 402)
[2025-02-19T10:25:57.525+0000] {logging_mixin.py:190} INFO - [2025-02-19T10:25:57.525+0000] {settings.py:579} DEBUG - settings.prepare_engine_args(): Using pool settings. pool_size=5, max_overflow=10, pool_recycle=1800, pid=402
[2025-02-19T10:25:57.530+0000] {processor.py:186} INFO - Started process (PID=402) to work on /home/airflow/.local/lib/python3.12/site-packages/airflow/example_dags/example_xcom.py
[2025-02-19T10:25:57.530+0000] {processor.py:914} INFO - Processing file /home/airflow/.local/lib/python3.12/site-packages/airflow/example_dags/example_xcom.py for tasks to queue
[2025-02-19T10:25:57.531+0000] {logging_mixin.py:190} INFO - [2025-02-19T10:25:57.531+0000] {dagbag.py:587} INFO - Filling up the DagBag from /home/airflow/.local/lib/python3.12/site-packages/airflow/example_dags/example_xcom.py
[2025-02-19T10:25:57.532+0000] {logging_mixin.py:190} INFO - [2025-02-19T10:25:57.532+0000] {dagbag.py:368} DEBUG - Importing /home/airflow/.local/lib/python3.12/site-packages/airflow/example_dags/example_xcom.py
[2025-02-19T10:25:57.541+0000] {logging_mixin.py:190} INFO - [2025-02-19T10:25:57.540+0000] {dagbag.py:553} DEBUG - Loaded DAG <DAG: example_xcom>
[2025-02-19T10:25:57.541+0000] {processor.py:925} INFO - DAG(s) 'example_xcom' retrieved from /home/airflow/.local/lib/python3.12/site-packages/airflow/example_dags/example_xcom.py
[2025-02-19T10:25:57.542+0000] {logging_mixin.py:190} INFO - [2025-02-19T10:25:57.541+0000] {dagbag.py:710} DEBUG - Running dagbag.sync_to_db with retries. Try 1 of 3
[2025-02-19T10:25:57.542+0000] {logging_mixin.py:190} INFO - [2025-02-19T10:25:57.542+0000] {dagbag.py:715} DEBUG - Calling the DAG.bulk_sync_to_db method
[2025-02-19T10:25:57.553+0000] {logging_mixin.py:190} INFO - [2025-02-19T10:25:57.553+0000] {serialized_dag.py:168} DEBUG - Checking if DAG (example_xcom) changed
[2025-02-19T10:25:57.562+0000] {logging_mixin.py:190} INFO - [2025-02-19T10:25:57.562+0000] {serialized_dag.py:179} DEBUG - Serialized DAG (example_xcom) is unchanged. Skipping writing to DB
[2025-02-19T10:25:57.562+0000] {logging_mixin.py:190} INFO - [2025-02-19T10:25:57.562+0000] {dag.py:3229} INFO - Sync 1 DAGs
[2025-02-19T10:25:57.583+0000] {logging_mixin.py:190} INFO - [2025-02-19T10:25:57.583+0000] {dag.py:4156} INFO - Setting next_dagrun for example_xcom to 2021-01-01 00:00:00+00:00, run_after=2021-01-01 00:00:00+00:00
[2025-02-19T10:25:57.602+0000] {processor.py:208} INFO - Processing /home/airflow/.local/lib/python3.12/site-packages/airflow/example_dags/example_xcom.py took 0.079 seconds
[2025-02-19T10:26:28.256+0000] {logging_mixin.py:190} INFO - [2025-02-19T10:26:28.255+0000] {settings.py:475} DEBUG - Setting up DB connection pool (PID 466)
[2025-02-19T10:26:28.257+0000] {logging_mixin.py:190} INFO - [2025-02-19T10:26:28.257+0000] {settings.py:579} DEBUG - settings.prepare_engine_args(): Using pool settings. pool_size=5, max_overflow=10, pool_recycle=1800, pid=466
[2025-02-19T10:26:28.261+0000] {processor.py:186} INFO - Started process (PID=466) to work on /home/airflow/.local/lib/python3.12/site-packages/airflow/example_dags/example_xcom.py
[2025-02-19T10:26:28.262+0000] {processor.py:914} INFO - Processing file /home/airflow/.local/lib/python3.12/site-packages/airflow/example_dags/example_xcom.py for tasks to queue
[2025-02-19T10:26:28.262+0000] {logging_mixin.py:190} INFO - [2025-02-19T10:26:28.262+0000] {dagbag.py:587} INFO - Filling up the DagBag from /home/airflow/.local/lib/python3.12/site-packages/airflow/example_dags/example_xcom.py
[2025-02-19T10:26:28.263+0000] {logging_mixin.py:190} INFO - [2025-02-19T10:26:28.263+0000] {dagbag.py:368} DEBUG - Importing /home/airflow/.local/lib/python3.12/site-packages/airflow/example_dags/example_xcom.py
[2025-02-19T10:26:28.271+0000] {logging_mixin.py:190} INFO - [2025-02-19T10:26:28.270+0000] {dagbag.py:553} DEBUG - Loaded DAG <DAG: example_xcom>
[2025-02-19T10:26:28.272+0000] {processor.py:925} INFO - DAG(s) 'example_xcom' retrieved from /home/airflow/.local/lib/python3.12/site-packages/airflow/example_dags/example_xcom.py
[2025-02-19T10:26:28.272+0000] {logging_mixin.py:190} INFO - [2025-02-19T10:26:28.272+0000] {dagbag.py:710} DEBUG - Running dagbag.sync_to_db with retries. Try 1 of 3
[2025-02-19T10:26:28.272+0000] {logging_mixin.py:190} INFO - [2025-02-19T10:26:28.272+0000] {dagbag.py:715} DEBUG - Calling the DAG.bulk_sync_to_db method
[2025-02-19T10:26:28.283+0000] {logging_mixin.py:190} INFO - [2025-02-19T10:26:28.283+0000] {serialized_dag.py:168} DEBUG - Checking if DAG (example_xcom) changed
[2025-02-19T10:26:28.292+0000] {logging_mixin.py:190} INFO - [2025-02-19T10:26:28.291+0000] {serialized_dag.py:179} DEBUG - Serialized DAG (example_xcom) is unchanged. Skipping writing to DB
[2025-02-19T10:26:28.292+0000] {logging_mixin.py:190} INFO - [2025-02-19T10:26:28.292+0000] {dag.py:3229} INFO - Sync 1 DAGs
[2025-02-19T10:26:28.310+0000] {logging_mixin.py:190} INFO - [2025-02-19T10:26:28.310+0000] {dag.py:4156} INFO - Setting next_dagrun for example_xcom to 2021-01-01 00:00:00+00:00, run_after=2021-01-01 00:00:00+00:00
[2025-02-19T10:26:28.327+0000] {processor.py:208} INFO - Processing /home/airflow/.local/lib/python3.12/site-packages/airflow/example_dags/example_xcom.py took 0.072 seconds
