[2025-02-19T09:38:31.881+0000] {processor.py:186} INFO - Started process (PID=120) to work on /home/airflow/.local/lib/python3.12/site-packages/airflow/example_dags/tutorial.py
[2025-02-19T09:38:31.882+0000] {processor.py:914} INFO - Processing file /home/airflow/.local/lib/python3.12/site-packages/airflow/example_dags/tutorial.py for tasks to queue
[2025-02-19T09:38:31.885+0000] {logging_mixin.py:190} INFO - [2025-02-19T09:38:31.884+0000] {dagbag.py:587} INFO - Filling up the DagBag from /home/airflow/.local/lib/python3.12/site-packages/airflow/example_dags/tutorial.py
[2025-02-19T09:38:31.897+0000] {processor.py:925} INFO - DAG(s) 'tutorial' retrieved from /home/airflow/.local/lib/python3.12/site-packages/airflow/example_dags/tutorial.py
[2025-02-19T09:38:31.916+0000] {logging_mixin.py:190} INFO - [2025-02-19T09:38:31.915+0000] {dag.py:3229} INFO - Sync 1 DAGs
[2025-02-19T09:38:31.939+0000] {logging_mixin.py:190} INFO - [2025-02-19T09:38:31.939+0000] {dag.py:4156} INFO - Setting next_dagrun for tutorial to 2025-02-18 00:00:00+00:00, run_after=2025-02-19 00:00:00+00:00
[2025-02-19T09:38:31.969+0000] {processor.py:208} INFO - Processing /home/airflow/.local/lib/python3.12/site-packages/airflow/example_dags/tutorial.py took 0.093 seconds
[2025-02-19T09:39:02.664+0000] {processor.py:186} INFO - Started process (PID=189) to work on /home/airflow/.local/lib/python3.12/site-packages/airflow/example_dags/tutorial.py
[2025-02-19T09:39:02.666+0000] {processor.py:914} INFO - Processing file /home/airflow/.local/lib/python3.12/site-packages/airflow/example_dags/tutorial.py for tasks to queue
[2025-02-19T09:39:02.668+0000] {logging_mixin.py:190} INFO - [2025-02-19T09:39:02.667+0000] {dagbag.py:587} INFO - Filling up the DagBag from /home/airflow/.local/lib/python3.12/site-packages/airflow/example_dags/tutorial.py
[2025-02-19T09:39:02.675+0000] {processor.py:925} INFO - DAG(s) 'tutorial' retrieved from /home/airflow/.local/lib/python3.12/site-packages/airflow/example_dags/tutorial.py
[2025-02-19T09:39:02.695+0000] {logging_mixin.py:190} INFO - [2025-02-19T09:39:02.694+0000] {dag.py:3229} INFO - Sync 1 DAGs
[2025-02-19T09:39:02.718+0000] {logging_mixin.py:190} INFO - [2025-02-19T09:39:02.718+0000] {dag.py:4156} INFO - Setting next_dagrun for tutorial to 2025-02-18 00:00:00+00:00, run_after=2025-02-19 00:00:00+00:00
[2025-02-19T09:39:02.738+0000] {processor.py:208} INFO - Processing /home/airflow/.local/lib/python3.12/site-packages/airflow/example_dags/tutorial.py took 0.079 seconds
[2025-02-19T09:39:32.917+0000] {processor.py:186} INFO - Started process (PID=253) to work on /home/airflow/.local/lib/python3.12/site-packages/airflow/example_dags/tutorial.py
[2025-02-19T09:39:32.918+0000] {processor.py:914} INFO - Processing file /home/airflow/.local/lib/python3.12/site-packages/airflow/example_dags/tutorial.py for tasks to queue
[2025-02-19T09:39:32.920+0000] {logging_mixin.py:190} INFO - [2025-02-19T09:39:32.920+0000] {dagbag.py:587} INFO - Filling up the DagBag from /home/airflow/.local/lib/python3.12/site-packages/airflow/example_dags/tutorial.py
[2025-02-19T09:39:32.926+0000] {processor.py:925} INFO - DAG(s) 'tutorial' retrieved from /home/airflow/.local/lib/python3.12/site-packages/airflow/example_dags/tutorial.py
[2025-02-19T09:39:32.942+0000] {logging_mixin.py:190} INFO - [2025-02-19T09:39:32.941+0000] {dag.py:3229} INFO - Sync 1 DAGs
[2025-02-19T09:39:32.959+0000] {logging_mixin.py:190} INFO - [2025-02-19T09:39:32.959+0000] {dag.py:4156} INFO - Setting next_dagrun for tutorial to 2025-02-18 00:00:00+00:00, run_after=2025-02-19 00:00:00+00:00
[2025-02-19T09:39:32.973+0000] {processor.py:208} INFO - Processing /home/airflow/.local/lib/python3.12/site-packages/airflow/example_dags/tutorial.py took 0.061 seconds
[2025-02-19T09:40:03.114+0000] {processor.py:186} INFO - Started process (PID=317) to work on /home/airflow/.local/lib/python3.12/site-packages/airflow/example_dags/tutorial.py
[2025-02-19T09:40:03.115+0000] {processor.py:914} INFO - Processing file /home/airflow/.local/lib/python3.12/site-packages/airflow/example_dags/tutorial.py for tasks to queue
[2025-02-19T09:40:03.117+0000] {logging_mixin.py:190} INFO - [2025-02-19T09:40:03.116+0000] {dagbag.py:587} INFO - Filling up the DagBag from /home/airflow/.local/lib/python3.12/site-packages/airflow/example_dags/tutorial.py
[2025-02-19T09:40:03.123+0000] {processor.py:925} INFO - DAG(s) 'tutorial' retrieved from /home/airflow/.local/lib/python3.12/site-packages/airflow/example_dags/tutorial.py
[2025-02-19T09:40:03.140+0000] {logging_mixin.py:190} INFO - [2025-02-19T09:40:03.140+0000] {dag.py:3229} INFO - Sync 1 DAGs
[2025-02-19T09:40:03.160+0000] {logging_mixin.py:190} INFO - [2025-02-19T09:40:03.160+0000] {dag.py:4156} INFO - Setting next_dagrun for tutorial to 2025-02-18 00:00:00+00:00, run_after=2025-02-19 00:00:00+00:00
[2025-02-19T09:40:03.175+0000] {processor.py:208} INFO - Processing /home/airflow/.local/lib/python3.12/site-packages/airflow/example_dags/tutorial.py took 0.065 seconds
[2025-02-19T09:40:33.457+0000] {processor.py:186} INFO - Started process (PID=381) to work on /home/airflow/.local/lib/python3.12/site-packages/airflow/example_dags/tutorial.py
[2025-02-19T09:40:33.459+0000] {processor.py:914} INFO - Processing file /home/airflow/.local/lib/python3.12/site-packages/airflow/example_dags/tutorial.py for tasks to queue
[2025-02-19T09:40:33.461+0000] {logging_mixin.py:190} INFO - [2025-02-19T09:40:33.461+0000] {dagbag.py:587} INFO - Filling up the DagBag from /home/airflow/.local/lib/python3.12/site-packages/airflow/example_dags/tutorial.py
[2025-02-19T09:40:33.469+0000] {processor.py:925} INFO - DAG(s) 'tutorial' retrieved from /home/airflow/.local/lib/python3.12/site-packages/airflow/example_dags/tutorial.py
[2025-02-19T09:40:33.489+0000] {logging_mixin.py:190} INFO - [2025-02-19T09:40:33.488+0000] {dag.py:3229} INFO - Sync 1 DAGs
[2025-02-19T09:40:33.510+0000] {logging_mixin.py:190} INFO - [2025-02-19T09:40:33.510+0000] {dag.py:4156} INFO - Setting next_dagrun for tutorial to 2025-02-18 00:00:00+00:00, run_after=2025-02-19 00:00:00+00:00
[2025-02-19T09:40:33.529+0000] {processor.py:208} INFO - Processing /home/airflow/.local/lib/python3.12/site-packages/airflow/example_dags/tutorial.py took 0.076 seconds
[2025-02-19T09:41:03.558+0000] {processor.py:186} INFO - Started process (PID=445) to work on /home/airflow/.local/lib/python3.12/site-packages/airflow/example_dags/tutorial.py
[2025-02-19T09:41:03.559+0000] {processor.py:914} INFO - Processing file /home/airflow/.local/lib/python3.12/site-packages/airflow/example_dags/tutorial.py for tasks to queue
[2025-02-19T09:41:03.561+0000] {logging_mixin.py:190} INFO - [2025-02-19T09:41:03.561+0000] {dagbag.py:587} INFO - Filling up the DagBag from /home/airflow/.local/lib/python3.12/site-packages/airflow/example_dags/tutorial.py
[2025-02-19T09:41:03.566+0000] {processor.py:925} INFO - DAG(s) 'tutorial' retrieved from /home/airflow/.local/lib/python3.12/site-packages/airflow/example_dags/tutorial.py
[2025-02-19T09:41:03.580+0000] {logging_mixin.py:190} INFO - [2025-02-19T09:41:03.580+0000] {dag.py:3229} INFO - Sync 1 DAGs
[2025-02-19T09:41:03.597+0000] {logging_mixin.py:190} INFO - [2025-02-19T09:41:03.597+0000] {dag.py:4156} INFO - Setting next_dagrun for tutorial to 2025-02-18 00:00:00+00:00, run_after=2025-02-19 00:00:00+00:00
[2025-02-19T09:41:03.611+0000] {processor.py:208} INFO - Processing /home/airflow/.local/lib/python3.12/site-packages/airflow/example_dags/tutorial.py took 0.057 seconds
[2025-02-19T09:41:33.948+0000] {processor.py:186} INFO - Started process (PID=509) to work on /home/airflow/.local/lib/python3.12/site-packages/airflow/example_dags/tutorial.py
[2025-02-19T09:41:33.950+0000] {processor.py:914} INFO - Processing file /home/airflow/.local/lib/python3.12/site-packages/airflow/example_dags/tutorial.py for tasks to queue
[2025-02-19T09:41:33.951+0000] {logging_mixin.py:190} INFO - [2025-02-19T09:41:33.951+0000] {dagbag.py:587} INFO - Filling up the DagBag from /home/airflow/.local/lib/python3.12/site-packages/airflow/example_dags/tutorial.py
[2025-02-19T09:41:33.957+0000] {processor.py:925} INFO - DAG(s) 'tutorial' retrieved from /home/airflow/.local/lib/python3.12/site-packages/airflow/example_dags/tutorial.py
[2025-02-19T09:41:33.975+0000] {logging_mixin.py:190} INFO - [2025-02-19T09:41:33.974+0000] {dag.py:3229} INFO - Sync 1 DAGs
[2025-02-19T09:41:33.992+0000] {logging_mixin.py:190} INFO - [2025-02-19T09:41:33.992+0000] {dag.py:4156} INFO - Setting next_dagrun for tutorial to 2025-02-18 00:00:00+00:00, run_after=2025-02-19 00:00:00+00:00
[2025-02-19T09:41:34.008+0000] {processor.py:208} INFO - Processing /home/airflow/.local/lib/python3.12/site-packages/airflow/example_dags/tutorial.py took 0.064 seconds
[2025-02-19T09:42:04.944+0000] {processor.py:186} INFO - Started process (PID=573) to work on /home/airflow/.local/lib/python3.12/site-packages/airflow/example_dags/tutorial.py
[2025-02-19T09:42:04.945+0000] {processor.py:914} INFO - Processing file /home/airflow/.local/lib/python3.12/site-packages/airflow/example_dags/tutorial.py for tasks to queue
[2025-02-19T09:42:04.946+0000] {logging_mixin.py:190} INFO - [2025-02-19T09:42:04.946+0000] {dagbag.py:587} INFO - Filling up the DagBag from /home/airflow/.local/lib/python3.12/site-packages/airflow/example_dags/tutorial.py
[2025-02-19T09:42:04.953+0000] {processor.py:925} INFO - DAG(s) 'tutorial' retrieved from /home/airflow/.local/lib/python3.12/site-packages/airflow/example_dags/tutorial.py
[2025-02-19T09:42:04.969+0000] {logging_mixin.py:190} INFO - [2025-02-19T09:42:04.968+0000] {dag.py:3229} INFO - Sync 1 DAGs
[2025-02-19T09:42:04.988+0000] {logging_mixin.py:190} INFO - [2025-02-19T09:42:04.987+0000] {dag.py:4156} INFO - Setting next_dagrun for tutorial to 2025-02-18 00:00:00+00:00, run_after=2025-02-19 00:00:00+00:00
[2025-02-19T09:42:05.005+0000] {processor.py:208} INFO - Processing /home/airflow/.local/lib/python3.12/site-packages/airflow/example_dags/tutorial.py took 0.066 seconds
[2025-02-19T09:42:35.312+0000] {processor.py:186} INFO - Started process (PID=637) to work on /home/airflow/.local/lib/python3.12/site-packages/airflow/example_dags/tutorial.py
[2025-02-19T09:42:35.314+0000] {processor.py:914} INFO - Processing file /home/airflow/.local/lib/python3.12/site-packages/airflow/example_dags/tutorial.py for tasks to queue
[2025-02-19T09:42:35.315+0000] {logging_mixin.py:190} INFO - [2025-02-19T09:42:35.315+0000] {dagbag.py:587} INFO - Filling up the DagBag from /home/airflow/.local/lib/python3.12/site-packages/airflow/example_dags/tutorial.py
[2025-02-19T09:42:35.322+0000] {processor.py:925} INFO - DAG(s) 'tutorial' retrieved from /home/airflow/.local/lib/python3.12/site-packages/airflow/example_dags/tutorial.py
[2025-02-19T09:42:35.340+0000] {logging_mixin.py:190} INFO - [2025-02-19T09:42:35.340+0000] {dag.py:3229} INFO - Sync 1 DAGs
[2025-02-19T09:42:35.358+0000] {logging_mixin.py:190} INFO - [2025-02-19T09:42:35.358+0000] {dag.py:4156} INFO - Setting next_dagrun for tutorial to 2025-02-18 00:00:00+00:00, run_after=2025-02-19 00:00:00+00:00
[2025-02-19T09:42:35.373+0000] {processor.py:208} INFO - Processing /home/airflow/.local/lib/python3.12/site-packages/airflow/example_dags/tutorial.py took 0.064 seconds
[2025-02-19T09:43:06.509+0000] {processor.py:186} INFO - Started process (PID=701) to work on /home/airflow/.local/lib/python3.12/site-packages/airflow/example_dags/tutorial.py
[2025-02-19T09:43:06.510+0000] {processor.py:914} INFO - Processing file /home/airflow/.local/lib/python3.12/site-packages/airflow/example_dags/tutorial.py for tasks to queue
[2025-02-19T09:43:06.512+0000] {logging_mixin.py:190} INFO - [2025-02-19T09:43:06.512+0000] {dagbag.py:587} INFO - Filling up the DagBag from /home/airflow/.local/lib/python3.12/site-packages/airflow/example_dags/tutorial.py
[2025-02-19T09:43:06.519+0000] {processor.py:925} INFO - DAG(s) 'tutorial' retrieved from /home/airflow/.local/lib/python3.12/site-packages/airflow/example_dags/tutorial.py
[2025-02-19T09:43:06.538+0000] {logging_mixin.py:190} INFO - [2025-02-19T09:43:06.537+0000] {dag.py:3229} INFO - Sync 1 DAGs
[2025-02-19T09:43:06.559+0000] {logging_mixin.py:190} INFO - [2025-02-19T09:43:06.559+0000] {dag.py:4156} INFO - Setting next_dagrun for tutorial to 2025-02-18 00:00:00+00:00, run_after=2025-02-19 00:00:00+00:00
[2025-02-19T09:43:06.577+0000] {processor.py:208} INFO - Processing /home/airflow/.local/lib/python3.12/site-packages/airflow/example_dags/tutorial.py took 0.073 seconds
[2025-02-19T09:43:36.707+0000] {processor.py:186} INFO - Started process (PID=765) to work on /home/airflow/.local/lib/python3.12/site-packages/airflow/example_dags/tutorial.py
[2025-02-19T09:43:36.708+0000] {processor.py:914} INFO - Processing file /home/airflow/.local/lib/python3.12/site-packages/airflow/example_dags/tutorial.py for tasks to queue
[2025-02-19T09:43:36.709+0000] {logging_mixin.py:190} INFO - [2025-02-19T09:43:36.709+0000] {dagbag.py:587} INFO - Filling up the DagBag from /home/airflow/.local/lib/python3.12/site-packages/airflow/example_dags/tutorial.py
[2025-02-19T09:43:36.716+0000] {processor.py:925} INFO - DAG(s) 'tutorial' retrieved from /home/airflow/.local/lib/python3.12/site-packages/airflow/example_dags/tutorial.py
[2025-02-19T09:43:36.733+0000] {logging_mixin.py:190} INFO - [2025-02-19T09:43:36.733+0000] {dag.py:3229} INFO - Sync 1 DAGs
[2025-02-19T09:43:36.753+0000] {logging_mixin.py:190} INFO - [2025-02-19T09:43:36.753+0000] {dag.py:4156} INFO - Setting next_dagrun for tutorial to 2025-02-18 00:00:00+00:00, run_after=2025-02-19 00:00:00+00:00
[2025-02-19T09:43:36.770+0000] {processor.py:208} INFO - Processing /home/airflow/.local/lib/python3.12/site-packages/airflow/example_dags/tutorial.py took 0.067 seconds
[2025-02-19T09:44:06.950+0000] {processor.py:186} INFO - Started process (PID=829) to work on /home/airflow/.local/lib/python3.12/site-packages/airflow/example_dags/tutorial.py
[2025-02-19T09:44:06.951+0000] {processor.py:914} INFO - Processing file /home/airflow/.local/lib/python3.12/site-packages/airflow/example_dags/tutorial.py for tasks to queue
[2025-02-19T09:44:06.952+0000] {logging_mixin.py:190} INFO - [2025-02-19T09:44:06.952+0000] {dagbag.py:587} INFO - Filling up the DagBag from /home/airflow/.local/lib/python3.12/site-packages/airflow/example_dags/tutorial.py
[2025-02-19T09:44:06.958+0000] {processor.py:925} INFO - DAG(s) 'tutorial' retrieved from /home/airflow/.local/lib/python3.12/site-packages/airflow/example_dags/tutorial.py
[2025-02-19T09:44:06.974+0000] {logging_mixin.py:190} INFO - [2025-02-19T09:44:06.974+0000] {dag.py:3229} INFO - Sync 1 DAGs
[2025-02-19T09:44:06.991+0000] {logging_mixin.py:190} INFO - [2025-02-19T09:44:06.991+0000] {dag.py:4156} INFO - Setting next_dagrun for tutorial to 2025-02-18 00:00:00+00:00, run_after=2025-02-19 00:00:00+00:00
[2025-02-19T09:44:07.006+0000] {processor.py:208} INFO - Processing /home/airflow/.local/lib/python3.12/site-packages/airflow/example_dags/tutorial.py took 0.060 seconds
[2025-02-19T09:44:37.984+0000] {processor.py:186} INFO - Started process (PID=893) to work on /home/airflow/.local/lib/python3.12/site-packages/airflow/example_dags/tutorial.py
[2025-02-19T09:44:37.985+0000] {processor.py:914} INFO - Processing file /home/airflow/.local/lib/python3.12/site-packages/airflow/example_dags/tutorial.py for tasks to queue
[2025-02-19T09:44:37.986+0000] {logging_mixin.py:190} INFO - [2025-02-19T09:44:37.986+0000] {dagbag.py:587} INFO - Filling up the DagBag from /home/airflow/.local/lib/python3.12/site-packages/airflow/example_dags/tutorial.py
[2025-02-19T09:44:37.993+0000] {processor.py:925} INFO - DAG(s) 'tutorial' retrieved from /home/airflow/.local/lib/python3.12/site-packages/airflow/example_dags/tutorial.py
[2025-02-19T09:44:38.011+0000] {logging_mixin.py:190} INFO - [2025-02-19T09:44:38.010+0000] {dag.py:3229} INFO - Sync 1 DAGs
[2025-02-19T09:44:38.030+0000] {logging_mixin.py:190} INFO - [2025-02-19T09:44:38.030+0000] {dag.py:4156} INFO - Setting next_dagrun for tutorial to 2025-02-18 00:00:00+00:00, run_after=2025-02-19 00:00:00+00:00
[2025-02-19T09:44:38.048+0000] {processor.py:208} INFO - Processing /home/airflow/.local/lib/python3.12/site-packages/airflow/example_dags/tutorial.py took 0.068 seconds
[2025-02-19T09:45:08.308+0000] {processor.py:186} INFO - Started process (PID=957) to work on /home/airflow/.local/lib/python3.12/site-packages/airflow/example_dags/tutorial.py
[2025-02-19T09:45:08.309+0000] {processor.py:914} INFO - Processing file /home/airflow/.local/lib/python3.12/site-packages/airflow/example_dags/tutorial.py for tasks to queue
[2025-02-19T09:45:08.310+0000] {logging_mixin.py:190} INFO - [2025-02-19T09:45:08.310+0000] {dagbag.py:587} INFO - Filling up the DagBag from /home/airflow/.local/lib/python3.12/site-packages/airflow/example_dags/tutorial.py
[2025-02-19T09:45:08.317+0000] {processor.py:925} INFO - DAG(s) 'tutorial' retrieved from /home/airflow/.local/lib/python3.12/site-packages/airflow/example_dags/tutorial.py
[2025-02-19T09:45:08.333+0000] {logging_mixin.py:190} INFO - [2025-02-19T09:45:08.333+0000] {dag.py:3229} INFO - Sync 1 DAGs
[2025-02-19T09:45:08.351+0000] {logging_mixin.py:190} INFO - [2025-02-19T09:45:08.350+0000] {dag.py:4156} INFO - Setting next_dagrun for tutorial to 2025-02-18 00:00:00+00:00, run_after=2025-02-19 00:00:00+00:00
[2025-02-19T09:45:08.365+0000] {processor.py:208} INFO - Processing /home/airflow/.local/lib/python3.12/site-packages/airflow/example_dags/tutorial.py took 0.062 seconds
[2025-02-19T09:45:39.595+0000] {processor.py:186} INFO - Started process (PID=1021) to work on /home/airflow/.local/lib/python3.12/site-packages/airflow/example_dags/tutorial.py
[2025-02-19T09:45:39.596+0000] {processor.py:914} INFO - Processing file /home/airflow/.local/lib/python3.12/site-packages/airflow/example_dags/tutorial.py for tasks to queue
[2025-02-19T09:45:39.598+0000] {logging_mixin.py:190} INFO - [2025-02-19T09:45:39.597+0000] {dagbag.py:587} INFO - Filling up the DagBag from /home/airflow/.local/lib/python3.12/site-packages/airflow/example_dags/tutorial.py
[2025-02-19T09:45:39.605+0000] {processor.py:925} INFO - DAG(s) 'tutorial' retrieved from /home/airflow/.local/lib/python3.12/site-packages/airflow/example_dags/tutorial.py
[2025-02-19T09:45:39.626+0000] {logging_mixin.py:190} INFO - [2025-02-19T09:45:39.626+0000] {dag.py:3229} INFO - Sync 1 DAGs
[2025-02-19T09:45:39.647+0000] {logging_mixin.py:190} INFO - [2025-02-19T09:45:39.647+0000] {dag.py:4156} INFO - Setting next_dagrun for tutorial to 2025-02-18 00:00:00+00:00, run_after=2025-02-19 00:00:00+00:00
[2025-02-19T09:45:39.665+0000] {processor.py:208} INFO - Processing /home/airflow/.local/lib/python3.12/site-packages/airflow/example_dags/tutorial.py took 0.075 seconds
[2025-02-19T09:46:10.555+0000] {processor.py:186} INFO - Started process (PID=1085) to work on /home/airflow/.local/lib/python3.12/site-packages/airflow/example_dags/tutorial.py
[2025-02-19T09:46:10.557+0000] {processor.py:914} INFO - Processing file /home/airflow/.local/lib/python3.12/site-packages/airflow/example_dags/tutorial.py for tasks to queue
[2025-02-19T09:46:10.559+0000] {logging_mixin.py:190} INFO - [2025-02-19T09:46:10.558+0000] {dagbag.py:587} INFO - Filling up the DagBag from /home/airflow/.local/lib/python3.12/site-packages/airflow/example_dags/tutorial.py
[2025-02-19T09:46:10.565+0000] {processor.py:925} INFO - DAG(s) 'tutorial' retrieved from /home/airflow/.local/lib/python3.12/site-packages/airflow/example_dags/tutorial.py
[2025-02-19T09:46:10.581+0000] {logging_mixin.py:190} INFO - [2025-02-19T09:46:10.581+0000] {dag.py:3229} INFO - Sync 1 DAGs
[2025-02-19T09:46:10.599+0000] {logging_mixin.py:190} INFO - [2025-02-19T09:46:10.599+0000] {dag.py:4156} INFO - Setting next_dagrun for tutorial to 2025-02-18 00:00:00+00:00, run_after=2025-02-19 00:00:00+00:00
[2025-02-19T09:46:10.614+0000] {processor.py:208} INFO - Processing /home/airflow/.local/lib/python3.12/site-packages/airflow/example_dags/tutorial.py took 0.064 seconds
[2025-02-19T09:46:41.464+0000] {processor.py:186} INFO - Started process (PID=1149) to work on /home/airflow/.local/lib/python3.12/site-packages/airflow/example_dags/tutorial.py
[2025-02-19T09:46:41.465+0000] {processor.py:914} INFO - Processing file /home/airflow/.local/lib/python3.12/site-packages/airflow/example_dags/tutorial.py for tasks to queue
[2025-02-19T09:46:41.467+0000] {logging_mixin.py:190} INFO - [2025-02-19T09:46:41.467+0000] {dagbag.py:587} INFO - Filling up the DagBag from /home/airflow/.local/lib/python3.12/site-packages/airflow/example_dags/tutorial.py
[2025-02-19T09:46:41.473+0000] {processor.py:925} INFO - DAG(s) 'tutorial' retrieved from /home/airflow/.local/lib/python3.12/site-packages/airflow/example_dags/tutorial.py
[2025-02-19T09:46:41.489+0000] {logging_mixin.py:190} INFO - [2025-02-19T09:46:41.489+0000] {dag.py:3229} INFO - Sync 1 DAGs
[2025-02-19T09:46:41.506+0000] {logging_mixin.py:190} INFO - [2025-02-19T09:46:41.506+0000] {dag.py:4156} INFO - Setting next_dagrun for tutorial to 2025-02-18 00:00:00+00:00, run_after=2025-02-19 00:00:00+00:00
[2025-02-19T09:46:41.520+0000] {processor.py:208} INFO - Processing /home/airflow/.local/lib/python3.12/site-packages/airflow/example_dags/tutorial.py took 0.060 seconds
[2025-02-19T09:47:12.710+0000] {processor.py:186} INFO - Started process (PID=1213) to work on /home/airflow/.local/lib/python3.12/site-packages/airflow/example_dags/tutorial.py
[2025-02-19T09:47:12.712+0000] {processor.py:914} INFO - Processing file /home/airflow/.local/lib/python3.12/site-packages/airflow/example_dags/tutorial.py for tasks to queue
[2025-02-19T09:47:12.715+0000] {logging_mixin.py:190} INFO - [2025-02-19T09:47:12.715+0000] {dagbag.py:587} INFO - Filling up the DagBag from /home/airflow/.local/lib/python3.12/site-packages/airflow/example_dags/tutorial.py
[2025-02-19T09:47:12.725+0000] {processor.py:925} INFO - DAG(s) 'tutorial' retrieved from /home/airflow/.local/lib/python3.12/site-packages/airflow/example_dags/tutorial.py
[2025-02-19T09:47:12.742+0000] {logging_mixin.py:190} INFO - [2025-02-19T09:47:12.742+0000] {dag.py:3229} INFO - Sync 1 DAGs
[2025-02-19T09:47:12.764+0000] {logging_mixin.py:190} INFO - [2025-02-19T09:47:12.764+0000] {dag.py:4156} INFO - Setting next_dagrun for tutorial to 2025-02-18 00:00:00+00:00, run_after=2025-02-19 00:00:00+00:00
[2025-02-19T09:47:12.782+0000] {processor.py:208} INFO - Processing /home/airflow/.local/lib/python3.12/site-packages/airflow/example_dags/tutorial.py took 0.077 seconds
[2025-02-19T09:47:43.139+0000] {processor.py:186} INFO - Started process (PID=1277) to work on /home/airflow/.local/lib/python3.12/site-packages/airflow/example_dags/tutorial.py
[2025-02-19T09:47:43.140+0000] {processor.py:914} INFO - Processing file /home/airflow/.local/lib/python3.12/site-packages/airflow/example_dags/tutorial.py for tasks to queue
[2025-02-19T09:47:43.142+0000] {logging_mixin.py:190} INFO - [2025-02-19T09:47:43.142+0000] {dagbag.py:587} INFO - Filling up the DagBag from /home/airflow/.local/lib/python3.12/site-packages/airflow/example_dags/tutorial.py
[2025-02-19T09:47:43.149+0000] {processor.py:925} INFO - DAG(s) 'tutorial' retrieved from /home/airflow/.local/lib/python3.12/site-packages/airflow/example_dags/tutorial.py
[2025-02-19T09:47:43.168+0000] {logging_mixin.py:190} INFO - [2025-02-19T09:47:43.167+0000] {dag.py:3229} INFO - Sync 1 DAGs
[2025-02-19T09:47:43.192+0000] {logging_mixin.py:190} INFO - [2025-02-19T09:47:43.192+0000] {dag.py:4156} INFO - Setting next_dagrun for tutorial to 2025-02-18 00:00:00+00:00, run_after=2025-02-19 00:00:00+00:00
[2025-02-19T09:47:43.212+0000] {processor.py:208} INFO - Processing /home/airflow/.local/lib/python3.12/site-packages/airflow/example_dags/tutorial.py took 0.077 seconds
[2025-02-19T09:48:13.257+0000] {processor.py:186} INFO - Started process (PID=1342) to work on /home/airflow/.local/lib/python3.12/site-packages/airflow/example_dags/tutorial.py
[2025-02-19T09:48:13.258+0000] {processor.py:914} INFO - Processing file /home/airflow/.local/lib/python3.12/site-packages/airflow/example_dags/tutorial.py for tasks to queue
[2025-02-19T09:48:13.259+0000] {logging_mixin.py:190} INFO - [2025-02-19T09:48:13.259+0000] {dagbag.py:587} INFO - Filling up the DagBag from /home/airflow/.local/lib/python3.12/site-packages/airflow/example_dags/tutorial.py
[2025-02-19T09:48:13.265+0000] {processor.py:925} INFO - DAG(s) 'tutorial' retrieved from /home/airflow/.local/lib/python3.12/site-packages/airflow/example_dags/tutorial.py
[2025-02-19T09:48:13.283+0000] {logging_mixin.py:190} INFO - [2025-02-19T09:48:13.283+0000] {dag.py:3229} INFO - Sync 1 DAGs
[2025-02-19T09:48:13.301+0000] {logging_mixin.py:190} INFO - [2025-02-19T09:48:13.300+0000] {dag.py:4156} INFO - Setting next_dagrun for tutorial to 2025-02-18 00:00:00+00:00, run_after=2025-02-19 00:00:00+00:00
[2025-02-19T09:48:13.316+0000] {processor.py:208} INFO - Processing /home/airflow/.local/lib/python3.12/site-packages/airflow/example_dags/tutorial.py took 0.064 seconds
[2025-02-19T09:48:44.312+0000] {processor.py:186} INFO - Started process (PID=1406) to work on /home/airflow/.local/lib/python3.12/site-packages/airflow/example_dags/tutorial.py
[2025-02-19T09:48:44.313+0000] {processor.py:914} INFO - Processing file /home/airflow/.local/lib/python3.12/site-packages/airflow/example_dags/tutorial.py for tasks to queue
[2025-02-19T09:48:44.315+0000] {logging_mixin.py:190} INFO - [2025-02-19T09:48:44.315+0000] {dagbag.py:587} INFO - Filling up the DagBag from /home/airflow/.local/lib/python3.12/site-packages/airflow/example_dags/tutorial.py
[2025-02-19T09:48:44.321+0000] {processor.py:925} INFO - DAG(s) 'tutorial' retrieved from /home/airflow/.local/lib/python3.12/site-packages/airflow/example_dags/tutorial.py
[2025-02-19T09:48:44.338+0000] {logging_mixin.py:190} INFO - [2025-02-19T09:48:44.337+0000] {dag.py:3229} INFO - Sync 1 DAGs
[2025-02-19T09:48:44.356+0000] {logging_mixin.py:190} INFO - [2025-02-19T09:48:44.356+0000] {dag.py:4156} INFO - Setting next_dagrun for tutorial to 2025-02-18 00:00:00+00:00, run_after=2025-02-19 00:00:00+00:00
[2025-02-19T09:48:44.372+0000] {processor.py:208} INFO - Processing /home/airflow/.local/lib/python3.12/site-packages/airflow/example_dags/tutorial.py took 0.064 seconds
[2025-02-19T09:49:15.312+0000] {processor.py:186} INFO - Started process (PID=1470) to work on /home/airflow/.local/lib/python3.12/site-packages/airflow/example_dags/tutorial.py
[2025-02-19T09:49:15.313+0000] {processor.py:914} INFO - Processing file /home/airflow/.local/lib/python3.12/site-packages/airflow/example_dags/tutorial.py for tasks to queue
[2025-02-19T09:49:15.315+0000] {logging_mixin.py:190} INFO - [2025-02-19T09:49:15.314+0000] {dagbag.py:587} INFO - Filling up the DagBag from /home/airflow/.local/lib/python3.12/site-packages/airflow/example_dags/tutorial.py
[2025-02-19T09:49:15.321+0000] {processor.py:925} INFO - DAG(s) 'tutorial' retrieved from /home/airflow/.local/lib/python3.12/site-packages/airflow/example_dags/tutorial.py
[2025-02-19T09:49:15.338+0000] {logging_mixin.py:190} INFO - [2025-02-19T09:49:15.337+0000] {dag.py:3229} INFO - Sync 1 DAGs
[2025-02-19T09:49:15.356+0000] {logging_mixin.py:190} INFO - [2025-02-19T09:49:15.356+0000] {dag.py:4156} INFO - Setting next_dagrun for tutorial to 2025-02-18 00:00:00+00:00, run_after=2025-02-19 00:00:00+00:00
[2025-02-19T09:49:15.372+0000] {processor.py:208} INFO - Processing /home/airflow/.local/lib/python3.12/site-packages/airflow/example_dags/tutorial.py took 0.064 seconds
[2025-02-19T09:49:46.291+0000] {processor.py:186} INFO - Started process (PID=1534) to work on /home/airflow/.local/lib/python3.12/site-packages/airflow/example_dags/tutorial.py
[2025-02-19T09:49:46.292+0000] {processor.py:914} INFO - Processing file /home/airflow/.local/lib/python3.12/site-packages/airflow/example_dags/tutorial.py for tasks to queue
[2025-02-19T09:49:46.294+0000] {logging_mixin.py:190} INFO - [2025-02-19T09:49:46.294+0000] {dagbag.py:587} INFO - Filling up the DagBag from /home/airflow/.local/lib/python3.12/site-packages/airflow/example_dags/tutorial.py
[2025-02-19T09:49:46.301+0000] {processor.py:925} INFO - DAG(s) 'tutorial' retrieved from /home/airflow/.local/lib/python3.12/site-packages/airflow/example_dags/tutorial.py
[2025-02-19T09:49:46.319+0000] {logging_mixin.py:190} INFO - [2025-02-19T09:49:46.319+0000] {dag.py:3229} INFO - Sync 1 DAGs
[2025-02-19T09:49:46.340+0000] {logging_mixin.py:190} INFO - [2025-02-19T09:49:46.340+0000] {dag.py:4156} INFO - Setting next_dagrun for tutorial to 2025-02-18 00:00:00+00:00, run_after=2025-02-19 00:00:00+00:00
[2025-02-19T09:49:46.354+0000] {processor.py:208} INFO - Processing /home/airflow/.local/lib/python3.12/site-packages/airflow/example_dags/tutorial.py took 0.068 seconds
[2025-02-19T09:50:16.762+0000] {processor.py:186} INFO - Started process (PID=1598) to work on /home/airflow/.local/lib/python3.12/site-packages/airflow/example_dags/tutorial.py
[2025-02-19T09:50:16.763+0000] {processor.py:914} INFO - Processing file /home/airflow/.local/lib/python3.12/site-packages/airflow/example_dags/tutorial.py for tasks to queue
[2025-02-19T09:50:16.766+0000] {logging_mixin.py:190} INFO - [2025-02-19T09:50:16.766+0000] {dagbag.py:587} INFO - Filling up the DagBag from /home/airflow/.local/lib/python3.12/site-packages/airflow/example_dags/tutorial.py
[2025-02-19T09:50:16.775+0000] {processor.py:925} INFO - DAG(s) 'tutorial' retrieved from /home/airflow/.local/lib/python3.12/site-packages/airflow/example_dags/tutorial.py
[2025-02-19T09:50:16.793+0000] {logging_mixin.py:190} INFO - [2025-02-19T09:50:16.793+0000] {dag.py:3229} INFO - Sync 1 DAGs
[2025-02-19T09:50:16.814+0000] {logging_mixin.py:190} INFO - [2025-02-19T09:50:16.814+0000] {dag.py:4156} INFO - Setting next_dagrun for tutorial to 2025-02-18 00:00:00+00:00, run_after=2025-02-19 00:00:00+00:00
[2025-02-19T09:50:16.835+0000] {processor.py:208} INFO - Processing /home/airflow/.local/lib/python3.12/site-packages/airflow/example_dags/tutorial.py took 0.079 seconds
[2025-02-19T09:50:47.299+0000] {processor.py:186} INFO - Started process (PID=1662) to work on /home/airflow/.local/lib/python3.12/site-packages/airflow/example_dags/tutorial.py
[2025-02-19T09:50:47.300+0000] {processor.py:914} INFO - Processing file /home/airflow/.local/lib/python3.12/site-packages/airflow/example_dags/tutorial.py for tasks to queue
[2025-02-19T09:50:47.302+0000] {logging_mixin.py:190} INFO - [2025-02-19T09:50:47.302+0000] {dagbag.py:587} INFO - Filling up the DagBag from /home/airflow/.local/lib/python3.12/site-packages/airflow/example_dags/tutorial.py
[2025-02-19T09:50:47.309+0000] {processor.py:925} INFO - DAG(s) 'tutorial' retrieved from /home/airflow/.local/lib/python3.12/site-packages/airflow/example_dags/tutorial.py
[2025-02-19T09:50:47.328+0000] {logging_mixin.py:190} INFO - [2025-02-19T09:50:47.328+0000] {dag.py:3229} INFO - Sync 1 DAGs
[2025-02-19T09:50:47.348+0000] {logging_mixin.py:190} INFO - [2025-02-19T09:50:47.348+0000] {dag.py:4156} INFO - Setting next_dagrun for tutorial to 2025-02-18 00:00:00+00:00, run_after=2025-02-19 00:00:00+00:00
[2025-02-19T09:50:47.362+0000] {processor.py:208} INFO - Processing /home/airflow/.local/lib/python3.12/site-packages/airflow/example_dags/tutorial.py took 0.067 seconds
[2025-02-19T09:51:17.570+0000] {processor.py:186} INFO - Started process (PID=1726) to work on /home/airflow/.local/lib/python3.12/site-packages/airflow/example_dags/tutorial.py
[2025-02-19T09:51:17.571+0000] {processor.py:914} INFO - Processing file /home/airflow/.local/lib/python3.12/site-packages/airflow/example_dags/tutorial.py for tasks to queue
[2025-02-19T09:51:17.573+0000] {logging_mixin.py:190} INFO - [2025-02-19T09:51:17.573+0000] {dagbag.py:587} INFO - Filling up the DagBag from /home/airflow/.local/lib/python3.12/site-packages/airflow/example_dags/tutorial.py
[2025-02-19T09:51:17.580+0000] {processor.py:925} INFO - DAG(s) 'tutorial' retrieved from /home/airflow/.local/lib/python3.12/site-packages/airflow/example_dags/tutorial.py
[2025-02-19T09:51:17.598+0000] {logging_mixin.py:190} INFO - [2025-02-19T09:51:17.598+0000] {dag.py:3229} INFO - Sync 1 DAGs
[2025-02-19T09:51:17.619+0000] {logging_mixin.py:190} INFO - [2025-02-19T09:51:17.619+0000] {dag.py:4156} INFO - Setting next_dagrun for tutorial to 2025-02-18 00:00:00+00:00, run_after=2025-02-19 00:00:00+00:00
[2025-02-19T09:51:17.638+0000] {processor.py:208} INFO - Processing /home/airflow/.local/lib/python3.12/site-packages/airflow/example_dags/tutorial.py took 0.072 seconds
[2025-02-19T09:51:47.701+0000] {processor.py:186} INFO - Started process (PID=1790) to work on /home/airflow/.local/lib/python3.12/site-packages/airflow/example_dags/tutorial.py
[2025-02-19T09:51:47.702+0000] {processor.py:914} INFO - Processing file /home/airflow/.local/lib/python3.12/site-packages/airflow/example_dags/tutorial.py for tasks to queue
[2025-02-19T09:51:47.704+0000] {logging_mixin.py:190} INFO - [2025-02-19T09:51:47.704+0000] {dagbag.py:587} INFO - Filling up the DagBag from /home/airflow/.local/lib/python3.12/site-packages/airflow/example_dags/tutorial.py
[2025-02-19T09:51:47.711+0000] {processor.py:925} INFO - DAG(s) 'tutorial' retrieved from /home/airflow/.local/lib/python3.12/site-packages/airflow/example_dags/tutorial.py
[2025-02-19T09:51:47.728+0000] {logging_mixin.py:190} INFO - [2025-02-19T09:51:47.728+0000] {dag.py:3229} INFO - Sync 1 DAGs
[2025-02-19T09:51:47.748+0000] {logging_mixin.py:190} INFO - [2025-02-19T09:51:47.748+0000] {dag.py:4156} INFO - Setting next_dagrun for tutorial to 2025-02-18 00:00:00+00:00, run_after=2025-02-19 00:00:00+00:00
[2025-02-19T09:51:47.764+0000] {processor.py:208} INFO - Processing /home/airflow/.local/lib/python3.12/site-packages/airflow/example_dags/tutorial.py took 0.067 seconds
[2025-02-19T09:52:18.121+0000] {processor.py:186} INFO - Started process (PID=1854) to work on /home/airflow/.local/lib/python3.12/site-packages/airflow/example_dags/tutorial.py
[2025-02-19T09:52:18.122+0000] {processor.py:914} INFO - Processing file /home/airflow/.local/lib/python3.12/site-packages/airflow/example_dags/tutorial.py for tasks to queue
[2025-02-19T09:52:18.124+0000] {logging_mixin.py:190} INFO - [2025-02-19T09:52:18.124+0000] {dagbag.py:587} INFO - Filling up the DagBag from /home/airflow/.local/lib/python3.12/site-packages/airflow/example_dags/tutorial.py
[2025-02-19T09:52:18.130+0000] {processor.py:925} INFO - DAG(s) 'tutorial' retrieved from /home/airflow/.local/lib/python3.12/site-packages/airflow/example_dags/tutorial.py
[2025-02-19T09:52:18.146+0000] {logging_mixin.py:190} INFO - [2025-02-19T09:52:18.146+0000] {dag.py:3229} INFO - Sync 1 DAGs
[2025-02-19T09:52:18.163+0000] {logging_mixin.py:190} INFO - [2025-02-19T09:52:18.163+0000] {dag.py:4156} INFO - Setting next_dagrun for tutorial to 2025-02-18 00:00:00+00:00, run_after=2025-02-19 00:00:00+00:00
[2025-02-19T09:52:18.176+0000] {processor.py:208} INFO - Processing /home/airflow/.local/lib/python3.12/site-packages/airflow/example_dags/tutorial.py took 0.059 seconds
[2025-02-19T09:52:48.405+0000] {processor.py:186} INFO - Started process (PID=1918) to work on /home/airflow/.local/lib/python3.12/site-packages/airflow/example_dags/tutorial.py
[2025-02-19T09:52:48.406+0000] {processor.py:914} INFO - Processing file /home/airflow/.local/lib/python3.12/site-packages/airflow/example_dags/tutorial.py for tasks to queue
[2025-02-19T09:52:48.408+0000] {logging_mixin.py:190} INFO - [2025-02-19T09:52:48.408+0000] {dagbag.py:587} INFO - Filling up the DagBag from /home/airflow/.local/lib/python3.12/site-packages/airflow/example_dags/tutorial.py
[2025-02-19T09:52:48.416+0000] {processor.py:925} INFO - DAG(s) 'tutorial' retrieved from /home/airflow/.local/lib/python3.12/site-packages/airflow/example_dags/tutorial.py
[2025-02-19T09:52:48.435+0000] {logging_mixin.py:190} INFO - [2025-02-19T09:52:48.435+0000] {dag.py:3229} INFO - Sync 1 DAGs
[2025-02-19T09:52:48.455+0000] {logging_mixin.py:190} INFO - [2025-02-19T09:52:48.455+0000] {dag.py:4156} INFO - Setting next_dagrun for tutorial to 2025-02-18 00:00:00+00:00, run_after=2025-02-19 00:00:00+00:00
[2025-02-19T09:52:48.473+0000] {processor.py:208} INFO - Processing /home/airflow/.local/lib/python3.12/site-packages/airflow/example_dags/tutorial.py took 0.073 seconds
[2025-02-19T09:53:18.805+0000] {processor.py:186} INFO - Started process (PID=1982) to work on /home/airflow/.local/lib/python3.12/site-packages/airflow/example_dags/tutorial.py
[2025-02-19T09:53:18.806+0000] {processor.py:914} INFO - Processing file /home/airflow/.local/lib/python3.12/site-packages/airflow/example_dags/tutorial.py for tasks to queue
[2025-02-19T09:53:18.808+0000] {logging_mixin.py:190} INFO - [2025-02-19T09:53:18.808+0000] {dagbag.py:587} INFO - Filling up the DagBag from /home/airflow/.local/lib/python3.12/site-packages/airflow/example_dags/tutorial.py
[2025-02-19T09:53:18.815+0000] {processor.py:925} INFO - DAG(s) 'tutorial' retrieved from /home/airflow/.local/lib/python3.12/site-packages/airflow/example_dags/tutorial.py
[2025-02-19T09:53:18.836+0000] {logging_mixin.py:190} INFO - [2025-02-19T09:53:18.836+0000] {dag.py:3229} INFO - Sync 1 DAGs
[2025-02-19T09:53:18.859+0000] {logging_mixin.py:190} INFO - [2025-02-19T09:53:18.859+0000] {dag.py:4156} INFO - Setting next_dagrun for tutorial to 2025-02-18 00:00:00+00:00, run_after=2025-02-19 00:00:00+00:00
[2025-02-19T09:53:18.880+0000] {processor.py:208} INFO - Processing /home/airflow/.local/lib/python3.12/site-packages/airflow/example_dags/tutorial.py took 0.079 seconds
[2025-02-19T09:53:49.872+0000] {processor.py:186} INFO - Started process (PID=2046) to work on /home/airflow/.local/lib/python3.12/site-packages/airflow/example_dags/tutorial.py
[2025-02-19T09:53:49.873+0000] {processor.py:914} INFO - Processing file /home/airflow/.local/lib/python3.12/site-packages/airflow/example_dags/tutorial.py for tasks to queue
[2025-02-19T09:53:49.875+0000] {logging_mixin.py:190} INFO - [2025-02-19T09:53:49.875+0000] {dagbag.py:587} INFO - Filling up the DagBag from /home/airflow/.local/lib/python3.12/site-packages/airflow/example_dags/tutorial.py
[2025-02-19T09:53:49.882+0000] {processor.py:925} INFO - DAG(s) 'tutorial' retrieved from /home/airflow/.local/lib/python3.12/site-packages/airflow/example_dags/tutorial.py
[2025-02-19T09:53:49.899+0000] {logging_mixin.py:190} INFO - [2025-02-19T09:53:49.898+0000] {dag.py:3229} INFO - Sync 1 DAGs
[2025-02-19T09:53:49.917+0000] {logging_mixin.py:190} INFO - [2025-02-19T09:53:49.917+0000] {dag.py:4156} INFO - Setting next_dagrun for tutorial to 2025-02-18 00:00:00+00:00, run_after=2025-02-19 00:00:00+00:00
[2025-02-19T09:53:49.933+0000] {processor.py:208} INFO - Processing /home/airflow/.local/lib/python3.12/site-packages/airflow/example_dags/tutorial.py took 0.066 seconds
[2025-02-19T09:54:20.494+0000] {processor.py:186} INFO - Started process (PID=2110) to work on /home/airflow/.local/lib/python3.12/site-packages/airflow/example_dags/tutorial.py
[2025-02-19T09:54:20.496+0000] {processor.py:914} INFO - Processing file /home/airflow/.local/lib/python3.12/site-packages/airflow/example_dags/tutorial.py for tasks to queue
[2025-02-19T09:54:20.498+0000] {logging_mixin.py:190} INFO - [2025-02-19T09:54:20.498+0000] {dagbag.py:587} INFO - Filling up the DagBag from /home/airflow/.local/lib/python3.12/site-packages/airflow/example_dags/tutorial.py
[2025-02-19T09:54:20.506+0000] {processor.py:925} INFO - DAG(s) 'tutorial' retrieved from /home/airflow/.local/lib/python3.12/site-packages/airflow/example_dags/tutorial.py
[2025-02-19T09:54:20.527+0000] {logging_mixin.py:190} INFO - [2025-02-19T09:54:20.527+0000] {dag.py:3229} INFO - Sync 1 DAGs
[2025-02-19T09:54:20.550+0000] {logging_mixin.py:190} INFO - [2025-02-19T09:54:20.550+0000] {dag.py:4156} INFO - Setting next_dagrun for tutorial to 2025-02-18 00:00:00+00:00, run_after=2025-02-19 00:00:00+00:00
[2025-02-19T09:54:20.573+0000] {processor.py:208} INFO - Processing /home/airflow/.local/lib/python3.12/site-packages/airflow/example_dags/tutorial.py took 0.083 seconds
[2025-02-19T09:54:50.735+0000] {processor.py:186} INFO - Started process (PID=2174) to work on /home/airflow/.local/lib/python3.12/site-packages/airflow/example_dags/tutorial.py
[2025-02-19T09:54:50.737+0000] {processor.py:914} INFO - Processing file /home/airflow/.local/lib/python3.12/site-packages/airflow/example_dags/tutorial.py for tasks to queue
[2025-02-19T09:54:50.739+0000] {logging_mixin.py:190} INFO - [2025-02-19T09:54:50.738+0000] {dagbag.py:587} INFO - Filling up the DagBag from /home/airflow/.local/lib/python3.12/site-packages/airflow/example_dags/tutorial.py
[2025-02-19T09:54:50.745+0000] {processor.py:925} INFO - DAG(s) 'tutorial' retrieved from /home/airflow/.local/lib/python3.12/site-packages/airflow/example_dags/tutorial.py
[2025-02-19T09:54:50.765+0000] {logging_mixin.py:190} INFO - [2025-02-19T09:54:50.764+0000] {dag.py:3229} INFO - Sync 1 DAGs
[2025-02-19T09:54:50.784+0000] {logging_mixin.py:190} INFO - [2025-02-19T09:54:50.784+0000] {dag.py:4156} INFO - Setting next_dagrun for tutorial to 2025-02-18 00:00:00+00:00, run_after=2025-02-19 00:00:00+00:00
[2025-02-19T09:54:50.800+0000] {processor.py:208} INFO - Processing /home/airflow/.local/lib/python3.12/site-packages/airflow/example_dags/tutorial.py took 0.070 seconds
[2025-02-19T09:55:21.012+0000] {processor.py:186} INFO - Started process (PID=2239) to work on /home/airflow/.local/lib/python3.12/site-packages/airflow/example_dags/tutorial.py
[2025-02-19T09:55:21.013+0000] {processor.py:914} INFO - Processing file /home/airflow/.local/lib/python3.12/site-packages/airflow/example_dags/tutorial.py for tasks to queue
[2025-02-19T09:55:21.015+0000] {logging_mixin.py:190} INFO - [2025-02-19T09:55:21.015+0000] {dagbag.py:587} INFO - Filling up the DagBag from /home/airflow/.local/lib/python3.12/site-packages/airflow/example_dags/tutorial.py
[2025-02-19T09:55:21.022+0000] {processor.py:925} INFO - DAG(s) 'tutorial' retrieved from /home/airflow/.local/lib/python3.12/site-packages/airflow/example_dags/tutorial.py
[2025-02-19T09:55:21.040+0000] {logging_mixin.py:190} INFO - [2025-02-19T09:55:21.040+0000] {dag.py:3229} INFO - Sync 1 DAGs
[2025-02-19T09:55:21.061+0000] {logging_mixin.py:190} INFO - [2025-02-19T09:55:21.060+0000] {dag.py:4156} INFO - Setting next_dagrun for tutorial to 2025-02-18 00:00:00+00:00, run_after=2025-02-19 00:00:00+00:00
[2025-02-19T09:55:21.080+0000] {processor.py:208} INFO - Processing /home/airflow/.local/lib/python3.12/site-packages/airflow/example_dags/tutorial.py took 0.074 seconds
[2025-02-19T09:55:51.469+0000] {processor.py:186} INFO - Started process (PID=2303) to work on /home/airflow/.local/lib/python3.12/site-packages/airflow/example_dags/tutorial.py
[2025-02-19T09:55:51.470+0000] {processor.py:914} INFO - Processing file /home/airflow/.local/lib/python3.12/site-packages/airflow/example_dags/tutorial.py for tasks to queue
[2025-02-19T09:55:51.472+0000] {logging_mixin.py:190} INFO - [2025-02-19T09:55:51.472+0000] {dagbag.py:587} INFO - Filling up the DagBag from /home/airflow/.local/lib/python3.12/site-packages/airflow/example_dags/tutorial.py
[2025-02-19T09:55:51.480+0000] {processor.py:925} INFO - DAG(s) 'tutorial' retrieved from /home/airflow/.local/lib/python3.12/site-packages/airflow/example_dags/tutorial.py
[2025-02-19T09:55:51.498+0000] {logging_mixin.py:190} INFO - [2025-02-19T09:55:51.498+0000] {dag.py:3229} INFO - Sync 1 DAGs
[2025-02-19T09:55:51.521+0000] {logging_mixin.py:190} INFO - [2025-02-19T09:55:51.521+0000] {dag.py:4156} INFO - Setting next_dagrun for tutorial to 2025-02-18 00:00:00+00:00, run_after=2025-02-19 00:00:00+00:00
[2025-02-19T09:55:51.539+0000] {processor.py:208} INFO - Processing /home/airflow/.local/lib/python3.12/site-packages/airflow/example_dags/tutorial.py took 0.077 seconds
[2025-02-19T09:56:21.740+0000] {processor.py:186} INFO - Started process (PID=2367) to work on /home/airflow/.local/lib/python3.12/site-packages/airflow/example_dags/tutorial.py
[2025-02-19T09:56:21.741+0000] {processor.py:914} INFO - Processing file /home/airflow/.local/lib/python3.12/site-packages/airflow/example_dags/tutorial.py for tasks to queue
[2025-02-19T09:56:21.743+0000] {logging_mixin.py:190} INFO - [2025-02-19T09:56:21.743+0000] {dagbag.py:587} INFO - Filling up the DagBag from /home/airflow/.local/lib/python3.12/site-packages/airflow/example_dags/tutorial.py
[2025-02-19T09:56:21.751+0000] {processor.py:925} INFO - DAG(s) 'tutorial' retrieved from /home/airflow/.local/lib/python3.12/site-packages/airflow/example_dags/tutorial.py
[2025-02-19T09:56:21.771+0000] {logging_mixin.py:190} INFO - [2025-02-19T09:56:21.771+0000] {dag.py:3229} INFO - Sync 1 DAGs
[2025-02-19T09:56:21.792+0000] {logging_mixin.py:190} INFO - [2025-02-19T09:56:21.792+0000] {dag.py:4156} INFO - Setting next_dagrun for tutorial to 2025-02-18 00:00:00+00:00, run_after=2025-02-19 00:00:00+00:00
[2025-02-19T09:56:21.809+0000] {processor.py:208} INFO - Processing /home/airflow/.local/lib/python3.12/site-packages/airflow/example_dags/tutorial.py took 0.075 seconds
[2025-02-19T09:56:52.086+0000] {processor.py:186} INFO - Started process (PID=2432) to work on /home/airflow/.local/lib/python3.12/site-packages/airflow/example_dags/tutorial.py
[2025-02-19T09:56:52.087+0000] {processor.py:914} INFO - Processing file /home/airflow/.local/lib/python3.12/site-packages/airflow/example_dags/tutorial.py for tasks to queue
[2025-02-19T09:56:52.088+0000] {logging_mixin.py:190} INFO - [2025-02-19T09:56:52.088+0000] {dagbag.py:587} INFO - Filling up the DagBag from /home/airflow/.local/lib/python3.12/site-packages/airflow/example_dags/tutorial.py
[2025-02-19T09:56:52.095+0000] {processor.py:925} INFO - DAG(s) 'tutorial' retrieved from /home/airflow/.local/lib/python3.12/site-packages/airflow/example_dags/tutorial.py
[2025-02-19T09:56:52.113+0000] {logging_mixin.py:190} INFO - [2025-02-19T09:56:52.113+0000] {dag.py:3229} INFO - Sync 1 DAGs
[2025-02-19T09:56:52.133+0000] {logging_mixin.py:190} INFO - [2025-02-19T09:56:52.133+0000] {dag.py:4156} INFO - Setting next_dagrun for tutorial to 2025-02-18 00:00:00+00:00, run_after=2025-02-19 00:00:00+00:00
[2025-02-19T09:56:52.151+0000] {processor.py:208} INFO - Processing /home/airflow/.local/lib/python3.12/site-packages/airflow/example_dags/tutorial.py took 0.070 seconds
[2025-02-19T09:57:22.370+0000] {processor.py:186} INFO - Started process (PID=2496) to work on /home/airflow/.local/lib/python3.12/site-packages/airflow/example_dags/tutorial.py
[2025-02-19T09:57:22.371+0000] {processor.py:914} INFO - Processing file /home/airflow/.local/lib/python3.12/site-packages/airflow/example_dags/tutorial.py for tasks to queue
[2025-02-19T09:57:22.373+0000] {logging_mixin.py:190} INFO - [2025-02-19T09:57:22.372+0000] {dagbag.py:587} INFO - Filling up the DagBag from /home/airflow/.local/lib/python3.12/site-packages/airflow/example_dags/tutorial.py
[2025-02-19T09:57:22.380+0000] {processor.py:925} INFO - DAG(s) 'tutorial' retrieved from /home/airflow/.local/lib/python3.12/site-packages/airflow/example_dags/tutorial.py
[2025-02-19T09:57:22.397+0000] {logging_mixin.py:190} INFO - [2025-02-19T09:57:22.397+0000] {dag.py:3229} INFO - Sync 1 DAGs
[2025-02-19T09:57:22.418+0000] {logging_mixin.py:190} INFO - [2025-02-19T09:57:22.418+0000] {dag.py:4156} INFO - Setting next_dagrun for tutorial to 2025-02-18 00:00:00+00:00, run_after=2025-02-19 00:00:00+00:00
[2025-02-19T09:57:22.439+0000] {processor.py:208} INFO - Processing /home/airflow/.local/lib/python3.12/site-packages/airflow/example_dags/tutorial.py took 0.074 seconds
[2025-02-19T09:57:52.610+0000] {processor.py:186} INFO - Started process (PID=2560) to work on /home/airflow/.local/lib/python3.12/site-packages/airflow/example_dags/tutorial.py
[2025-02-19T09:57:52.611+0000] {processor.py:914} INFO - Processing file /home/airflow/.local/lib/python3.12/site-packages/airflow/example_dags/tutorial.py for tasks to queue
[2025-02-19T09:57:52.613+0000] {logging_mixin.py:190} INFO - [2025-02-19T09:57:52.613+0000] {dagbag.py:587} INFO - Filling up the DagBag from /home/airflow/.local/lib/python3.12/site-packages/airflow/example_dags/tutorial.py
[2025-02-19T09:57:52.620+0000] {processor.py:925} INFO - DAG(s) 'tutorial' retrieved from /home/airflow/.local/lib/python3.12/site-packages/airflow/example_dags/tutorial.py
[2025-02-19T09:57:52.637+0000] {logging_mixin.py:190} INFO - [2025-02-19T09:57:52.636+0000] {dag.py:3229} INFO - Sync 1 DAGs
[2025-02-19T09:57:52.654+0000] {logging_mixin.py:190} INFO - [2025-02-19T09:57:52.654+0000] {dag.py:4156} INFO - Setting next_dagrun for tutorial to 2025-02-18 00:00:00+00:00, run_after=2025-02-19 00:00:00+00:00
[2025-02-19T09:57:52.668+0000] {processor.py:208} INFO - Processing /home/airflow/.local/lib/python3.12/site-packages/airflow/example_dags/tutorial.py took 0.063 seconds
[2025-02-19T09:58:23.364+0000] {processor.py:186} INFO - Started process (PID=2625) to work on /home/airflow/.local/lib/python3.12/site-packages/airflow/example_dags/tutorial.py
[2025-02-19T09:58:23.365+0000] {processor.py:914} INFO - Processing file /home/airflow/.local/lib/python3.12/site-packages/airflow/example_dags/tutorial.py for tasks to queue
[2025-02-19T09:58:23.367+0000] {logging_mixin.py:190} INFO - [2025-02-19T09:58:23.366+0000] {dagbag.py:587} INFO - Filling up the DagBag from /home/airflow/.local/lib/python3.12/site-packages/airflow/example_dags/tutorial.py
[2025-02-19T09:58:23.373+0000] {processor.py:925} INFO - DAG(s) 'tutorial' retrieved from /home/airflow/.local/lib/python3.12/site-packages/airflow/example_dags/tutorial.py
[2025-02-19T09:58:23.389+0000] {logging_mixin.py:190} INFO - [2025-02-19T09:58:23.389+0000] {dag.py:3229} INFO - Sync 1 DAGs
[2025-02-19T09:58:23.409+0000] {logging_mixin.py:190} INFO - [2025-02-19T09:58:23.409+0000] {dag.py:4156} INFO - Setting next_dagrun for tutorial to 2025-02-18 00:00:00+00:00, run_after=2025-02-19 00:00:00+00:00
[2025-02-19T09:58:23.424+0000] {processor.py:208} INFO - Processing /home/airflow/.local/lib/python3.12/site-packages/airflow/example_dags/tutorial.py took 0.064 seconds
[2025-02-19T09:58:54.595+0000] {processor.py:186} INFO - Started process (PID=2694) to work on /home/airflow/.local/lib/python3.12/site-packages/airflow/example_dags/tutorial.py
[2025-02-19T09:58:54.596+0000] {processor.py:914} INFO - Processing file /home/airflow/.local/lib/python3.12/site-packages/airflow/example_dags/tutorial.py for tasks to queue
[2025-02-19T09:58:54.597+0000] {logging_mixin.py:190} INFO - [2025-02-19T09:58:54.597+0000] {dagbag.py:587} INFO - Filling up the DagBag from /home/airflow/.local/lib/python3.12/site-packages/airflow/example_dags/tutorial.py
[2025-02-19T09:58:54.605+0000] {processor.py:925} INFO - DAG(s) 'tutorial' retrieved from /home/airflow/.local/lib/python3.12/site-packages/airflow/example_dags/tutorial.py
[2025-02-19T09:58:54.623+0000] {logging_mixin.py:190} INFO - [2025-02-19T09:58:54.622+0000] {dag.py:3229} INFO - Sync 1 DAGs
[2025-02-19T09:58:54.641+0000] {logging_mixin.py:190} INFO - [2025-02-19T09:58:54.641+0000] {dag.py:4156} INFO - Setting next_dagrun for tutorial to 2025-02-18 00:00:00+00:00, run_after=2025-02-19 00:00:00+00:00
[2025-02-19T09:58:54.656+0000] {processor.py:208} INFO - Processing /home/airflow/.local/lib/python3.12/site-packages/airflow/example_dags/tutorial.py took 0.065 seconds
[2025-02-19T09:59:25.565+0000] {processor.py:186} INFO - Started process (PID=2758) to work on /home/airflow/.local/lib/python3.12/site-packages/airflow/example_dags/tutorial.py
[2025-02-19T09:59:25.566+0000] {processor.py:914} INFO - Processing file /home/airflow/.local/lib/python3.12/site-packages/airflow/example_dags/tutorial.py for tasks to queue
[2025-02-19T09:59:25.567+0000] {logging_mixin.py:190} INFO - [2025-02-19T09:59:25.567+0000] {dagbag.py:587} INFO - Filling up the DagBag from /home/airflow/.local/lib/python3.12/site-packages/airflow/example_dags/tutorial.py
[2025-02-19T09:59:25.573+0000] {processor.py:925} INFO - DAG(s) 'tutorial' retrieved from /home/airflow/.local/lib/python3.12/site-packages/airflow/example_dags/tutorial.py
[2025-02-19T09:59:25.589+0000] {logging_mixin.py:190} INFO - [2025-02-19T09:59:25.589+0000] {dag.py:3229} INFO - Sync 1 DAGs
[2025-02-19T09:59:25.609+0000] {logging_mixin.py:190} INFO - [2025-02-19T09:59:25.609+0000] {dag.py:4156} INFO - Setting next_dagrun for tutorial to 2025-02-18 00:00:00+00:00, run_after=2025-02-19 00:00:00+00:00
[2025-02-19T09:59:25.627+0000] {processor.py:208} INFO - Processing /home/airflow/.local/lib/python3.12/site-packages/airflow/example_dags/tutorial.py took 0.067 seconds
[2025-02-19T10:23:15.053+0000] {logging_mixin.py:190} INFO - [2025-02-19T10:23:15.053+0000] {settings.py:475} DEBUG - Setting up DB connection pool (PID 107)
[2025-02-19T10:23:15.055+0000] {logging_mixin.py:190} INFO - [2025-02-19T10:23:15.055+0000] {settings.py:579} DEBUG - settings.prepare_engine_args(): Using pool settings. pool_size=5, max_overflow=10, pool_recycle=1800, pid=107
[2025-02-19T10:23:15.059+0000] {processor.py:186} INFO - Started process (PID=107) to work on /home/airflow/.local/lib/python3.12/site-packages/airflow/example_dags/tutorial.py
[2025-02-19T10:23:15.060+0000] {processor.py:914} INFO - Processing file /home/airflow/.local/lib/python3.12/site-packages/airflow/example_dags/tutorial.py for tasks to queue
[2025-02-19T10:23:15.061+0000] {logging_mixin.py:190} INFO - [2025-02-19T10:23:15.060+0000] {dagbag.py:587} INFO - Filling up the DagBag from /home/airflow/.local/lib/python3.12/site-packages/airflow/example_dags/tutorial.py
[2025-02-19T10:23:15.061+0000] {logging_mixin.py:190} INFO - [2025-02-19T10:23:15.061+0000] {dagbag.py:368} DEBUG - Importing /home/airflow/.local/lib/python3.12/site-packages/airflow/example_dags/tutorial.py
[2025-02-19T10:23:15.070+0000] {logging_mixin.py:190} INFO - [2025-02-19T10:23:15.069+0000] {dagbag.py:553} DEBUG - Loaded DAG <DAG: tutorial>
[2025-02-19T10:23:15.070+0000] {processor.py:925} INFO - DAG(s) 'tutorial' retrieved from /home/airflow/.local/lib/python3.12/site-packages/airflow/example_dags/tutorial.py
[2025-02-19T10:23:15.071+0000] {logging_mixin.py:190} INFO - [2025-02-19T10:23:15.071+0000] {dagbag.py:710} DEBUG - Running dagbag.sync_to_db with retries. Try 1 of 3
[2025-02-19T10:23:15.071+0000] {logging_mixin.py:190} INFO - [2025-02-19T10:23:15.071+0000] {dagbag.py:715} DEBUG - Calling the DAG.bulk_sync_to_db method
[2025-02-19T10:23:15.083+0000] {logging_mixin.py:190} INFO - [2025-02-19T10:23:15.082+0000] {serialized_dag.py:168} DEBUG - Checking if DAG (tutorial) changed
[2025-02-19T10:23:15.091+0000] {logging_mixin.py:190} INFO - [2025-02-19T10:23:15.091+0000] {serialized_dag.py:179} DEBUG - Serialized DAG (tutorial) is unchanged. Skipping writing to DB
[2025-02-19T10:23:15.091+0000] {logging_mixin.py:190} INFO - [2025-02-19T10:23:15.091+0000] {dag.py:3229} INFO - Sync 1 DAGs
[2025-02-19T10:23:15.113+0000] {logging_mixin.py:190} INFO - [2025-02-19T10:23:15.113+0000] {dag.py:4156} INFO - Setting next_dagrun for tutorial to 2025-02-18 00:00:00+00:00, run_after=2025-02-19 00:00:00+00:00
[2025-02-19T10:23:15.133+0000] {processor.py:208} INFO - Processing /home/airflow/.local/lib/python3.12/site-packages/airflow/example_dags/tutorial.py took 0.080 seconds
[2025-02-19T10:23:57.993+0000] {logging_mixin.py:190} INFO - [2025-02-19T10:23:57.993+0000] {settings.py:475} DEBUG - Setting up DB connection pool (PID 171)
[2025-02-19T10:23:57.994+0000] {logging_mixin.py:190} INFO - [2025-02-19T10:23:57.994+0000] {settings.py:579} DEBUG - settings.prepare_engine_args(): Using pool settings. pool_size=5, max_overflow=10, pool_recycle=1800, pid=171
[2025-02-19T10:23:57.999+0000] {processor.py:186} INFO - Started process (PID=171) to work on /home/airflow/.local/lib/python3.12/site-packages/airflow/example_dags/tutorial.py
[2025-02-19T10:23:57.999+0000] {processor.py:914} INFO - Processing file /home/airflow/.local/lib/python3.12/site-packages/airflow/example_dags/tutorial.py for tasks to queue
[2025-02-19T10:23:58.000+0000] {logging_mixin.py:190} INFO - [2025-02-19T10:23:58.000+0000] {dagbag.py:587} INFO - Filling up the DagBag from /home/airflow/.local/lib/python3.12/site-packages/airflow/example_dags/tutorial.py
[2025-02-19T10:23:58.003+0000] {logging_mixin.py:190} INFO - [2025-02-19T10:23:58.002+0000] {dagbag.py:368} DEBUG - Importing /home/airflow/.local/lib/python3.12/site-packages/airflow/example_dags/tutorial.py
[2025-02-19T10:23:58.011+0000] {logging_mixin.py:190} INFO - [2025-02-19T10:23:58.010+0000] {dagbag.py:553} DEBUG - Loaded DAG <DAG: tutorial>
[2025-02-19T10:23:58.011+0000] {processor.py:925} INFO - DAG(s) 'tutorial' retrieved from /home/airflow/.local/lib/python3.12/site-packages/airflow/example_dags/tutorial.py
[2025-02-19T10:23:58.012+0000] {logging_mixin.py:190} INFO - [2025-02-19T10:23:58.012+0000] {dagbag.py:710} DEBUG - Running dagbag.sync_to_db with retries. Try 1 of 3
[2025-02-19T10:23:58.012+0000] {logging_mixin.py:190} INFO - [2025-02-19T10:23:58.012+0000] {dagbag.py:715} DEBUG - Calling the DAG.bulk_sync_to_db method
[2025-02-19T10:23:58.023+0000] {logging_mixin.py:190} INFO - [2025-02-19T10:23:58.023+0000] {serialized_dag.py:168} DEBUG - Checking if DAG (tutorial) changed
[2025-02-19T10:23:58.032+0000] {logging_mixin.py:190} INFO - [2025-02-19T10:23:58.031+0000] {serialized_dag.py:179} DEBUG - Serialized DAG (tutorial) is unchanged. Skipping writing to DB
[2025-02-19T10:23:58.032+0000] {logging_mixin.py:190} INFO - [2025-02-19T10:23:58.032+0000] {dag.py:3229} INFO - Sync 1 DAGs
[2025-02-19T10:23:58.054+0000] {logging_mixin.py:190} INFO - [2025-02-19T10:23:58.053+0000] {dag.py:4156} INFO - Setting next_dagrun for tutorial to 2025-02-18 00:00:00+00:00, run_after=2025-02-19 00:00:00+00:00
[2025-02-19T10:23:58.071+0000] {processor.py:208} INFO - Processing /home/airflow/.local/lib/python3.12/site-packages/airflow/example_dags/tutorial.py took 0.079 seconds
[2025-02-19T10:24:28.888+0000] {logging_mixin.py:190} INFO - [2025-02-19T10:24:28.888+0000] {settings.py:475} DEBUG - Setting up DB connection pool (PID 235)
[2025-02-19T10:24:28.889+0000] {logging_mixin.py:190} INFO - [2025-02-19T10:24:28.889+0000] {settings.py:579} DEBUG - settings.prepare_engine_args(): Using pool settings. pool_size=5, max_overflow=10, pool_recycle=1800, pid=235
[2025-02-19T10:24:28.893+0000] {processor.py:186} INFO - Started process (PID=235) to work on /home/airflow/.local/lib/python3.12/site-packages/airflow/example_dags/tutorial.py
[2025-02-19T10:24:28.893+0000] {processor.py:914} INFO - Processing file /home/airflow/.local/lib/python3.12/site-packages/airflow/example_dags/tutorial.py for tasks to queue
[2025-02-19T10:24:28.894+0000] {logging_mixin.py:190} INFO - [2025-02-19T10:24:28.894+0000] {dagbag.py:587} INFO - Filling up the DagBag from /home/airflow/.local/lib/python3.12/site-packages/airflow/example_dags/tutorial.py
[2025-02-19T10:24:28.895+0000] {logging_mixin.py:190} INFO - [2025-02-19T10:24:28.895+0000] {dagbag.py:368} DEBUG - Importing /home/airflow/.local/lib/python3.12/site-packages/airflow/example_dags/tutorial.py
[2025-02-19T10:24:28.903+0000] {logging_mixin.py:190} INFO - [2025-02-19T10:24:28.902+0000] {dagbag.py:553} DEBUG - Loaded DAG <DAG: tutorial>
[2025-02-19T10:24:28.903+0000] {processor.py:925} INFO - DAG(s) 'tutorial' retrieved from /home/airflow/.local/lib/python3.12/site-packages/airflow/example_dags/tutorial.py
[2025-02-19T10:24:28.904+0000] {logging_mixin.py:190} INFO - [2025-02-19T10:24:28.904+0000] {dagbag.py:710} DEBUG - Running dagbag.sync_to_db with retries. Try 1 of 3
[2025-02-19T10:24:28.904+0000] {logging_mixin.py:190} INFO - [2025-02-19T10:24:28.904+0000] {dagbag.py:715} DEBUG - Calling the DAG.bulk_sync_to_db method
[2025-02-19T10:24:28.914+0000] {logging_mixin.py:190} INFO - [2025-02-19T10:24:28.913+0000] {serialized_dag.py:168} DEBUG - Checking if DAG (tutorial) changed
[2025-02-19T10:24:28.923+0000] {logging_mixin.py:190} INFO - [2025-02-19T10:24:28.923+0000] {serialized_dag.py:179} DEBUG - Serialized DAG (tutorial) is unchanged. Skipping writing to DB
[2025-02-19T10:24:28.924+0000] {logging_mixin.py:190} INFO - [2025-02-19T10:24:28.924+0000] {dag.py:3229} INFO - Sync 1 DAGs
[2025-02-19T10:24:28.943+0000] {logging_mixin.py:190} INFO - [2025-02-19T10:24:28.943+0000] {dag.py:4156} INFO - Setting next_dagrun for tutorial to 2025-02-18 00:00:00+00:00, run_after=2025-02-19 00:00:00+00:00
[2025-02-19T10:24:28.957+0000] {processor.py:208} INFO - Processing /home/airflow/.local/lib/python3.12/site-packages/airflow/example_dags/tutorial.py took 0.070 seconds
[2025-02-19T10:24:59.758+0000] {logging_mixin.py:190} INFO - [2025-02-19T10:24:59.757+0000] {settings.py:475} DEBUG - Setting up DB connection pool (PID 304)
[2025-02-19T10:24:59.760+0000] {logging_mixin.py:190} INFO - [2025-02-19T10:24:59.760+0000] {settings.py:579} DEBUG - settings.prepare_engine_args(): Using pool settings. pool_size=5, max_overflow=10, pool_recycle=1800, pid=304
[2025-02-19T10:24:59.765+0000] {processor.py:186} INFO - Started process (PID=304) to work on /home/airflow/.local/lib/python3.12/site-packages/airflow/example_dags/tutorial.py
[2025-02-19T10:24:59.766+0000] {processor.py:914} INFO - Processing file /home/airflow/.local/lib/python3.12/site-packages/airflow/example_dags/tutorial.py for tasks to queue
[2025-02-19T10:24:59.767+0000] {logging_mixin.py:190} INFO - [2025-02-19T10:24:59.767+0000] {dagbag.py:587} INFO - Filling up the DagBag from /home/airflow/.local/lib/python3.12/site-packages/airflow/example_dags/tutorial.py
[2025-02-19T10:24:59.769+0000] {logging_mixin.py:190} INFO - [2025-02-19T10:24:59.768+0000] {dagbag.py:368} DEBUG - Importing /home/airflow/.local/lib/python3.12/site-packages/airflow/example_dags/tutorial.py
[2025-02-19T10:24:59.779+0000] {logging_mixin.py:190} INFO - [2025-02-19T10:24:59.778+0000] {dagbag.py:553} DEBUG - Loaded DAG <DAG: tutorial>
[2025-02-19T10:24:59.779+0000] {processor.py:925} INFO - DAG(s) 'tutorial' retrieved from /home/airflow/.local/lib/python3.12/site-packages/airflow/example_dags/tutorial.py
[2025-02-19T10:24:59.780+0000] {logging_mixin.py:190} INFO - [2025-02-19T10:24:59.780+0000] {dagbag.py:710} DEBUG - Running dagbag.sync_to_db with retries. Try 1 of 3
[2025-02-19T10:24:59.780+0000] {logging_mixin.py:190} INFO - [2025-02-19T10:24:59.780+0000] {dagbag.py:715} DEBUG - Calling the DAG.bulk_sync_to_db method
[2025-02-19T10:24:59.793+0000] {logging_mixin.py:190} INFO - [2025-02-19T10:24:59.792+0000] {serialized_dag.py:168} DEBUG - Checking if DAG (tutorial) changed
[2025-02-19T10:24:59.802+0000] {logging_mixin.py:190} INFO - [2025-02-19T10:24:59.802+0000] {serialized_dag.py:179} DEBUG - Serialized DAG (tutorial) is unchanged. Skipping writing to DB
[2025-02-19T10:24:59.802+0000] {logging_mixin.py:190} INFO - [2025-02-19T10:24:59.802+0000] {dag.py:3229} INFO - Sync 1 DAGs
[2025-02-19T10:24:59.826+0000] {logging_mixin.py:190} INFO - [2025-02-19T10:24:59.825+0000] {dag.py:4156} INFO - Setting next_dagrun for tutorial to 2025-02-18 00:00:00+00:00, run_after=2025-02-19 00:00:00+00:00
[2025-02-19T10:24:59.849+0000] {processor.py:208} INFO - Processing /home/airflow/.local/lib/python3.12/site-packages/airflow/example_dags/tutorial.py took 0.092 seconds
[2025-02-19T10:25:30.835+0000] {logging_mixin.py:190} INFO - [2025-02-19T10:25:30.835+0000] {settings.py:475} DEBUG - Setting up DB connection pool (PID 368)
[2025-02-19T10:25:30.837+0000] {logging_mixin.py:190} INFO - [2025-02-19T10:25:30.836+0000] {settings.py:579} DEBUG - settings.prepare_engine_args(): Using pool settings. pool_size=5, max_overflow=10, pool_recycle=1800, pid=368
[2025-02-19T10:25:30.841+0000] {processor.py:186} INFO - Started process (PID=368) to work on /home/airflow/.local/lib/python3.12/site-packages/airflow/example_dags/tutorial.py
[2025-02-19T10:25:30.842+0000] {processor.py:914} INFO - Processing file /home/airflow/.local/lib/python3.12/site-packages/airflow/example_dags/tutorial.py for tasks to queue
[2025-02-19T10:25:30.842+0000] {logging_mixin.py:190} INFO - [2025-02-19T10:25:30.842+0000] {dagbag.py:587} INFO - Filling up the DagBag from /home/airflow/.local/lib/python3.12/site-packages/airflow/example_dags/tutorial.py
[2025-02-19T10:25:30.843+0000] {logging_mixin.py:190} INFO - [2025-02-19T10:25:30.843+0000] {dagbag.py:368} DEBUG - Importing /home/airflow/.local/lib/python3.12/site-packages/airflow/example_dags/tutorial.py
[2025-02-19T10:25:30.851+0000] {logging_mixin.py:190} INFO - [2025-02-19T10:25:30.851+0000] {dagbag.py:553} DEBUG - Loaded DAG <DAG: tutorial>
[2025-02-19T10:25:30.852+0000] {processor.py:925} INFO - DAG(s) 'tutorial' retrieved from /home/airflow/.local/lib/python3.12/site-packages/airflow/example_dags/tutorial.py
[2025-02-19T10:25:30.852+0000] {logging_mixin.py:190} INFO - [2025-02-19T10:25:30.852+0000] {dagbag.py:710} DEBUG - Running dagbag.sync_to_db with retries. Try 1 of 3
[2025-02-19T10:25:30.852+0000] {logging_mixin.py:190} INFO - [2025-02-19T10:25:30.852+0000] {dagbag.py:715} DEBUG - Calling the DAG.bulk_sync_to_db method
[2025-02-19T10:25:30.863+0000] {logging_mixin.py:190} INFO - [2025-02-19T10:25:30.863+0000] {serialized_dag.py:168} DEBUG - Checking if DAG (tutorial) changed
[2025-02-19T10:25:30.871+0000] {logging_mixin.py:190} INFO - [2025-02-19T10:25:30.871+0000] {serialized_dag.py:179} DEBUG - Serialized DAG (tutorial) is unchanged. Skipping writing to DB
[2025-02-19T10:25:30.872+0000] {logging_mixin.py:190} INFO - [2025-02-19T10:25:30.872+0000] {dag.py:3229} INFO - Sync 1 DAGs
[2025-02-19T10:25:30.893+0000] {logging_mixin.py:190} INFO - [2025-02-19T10:25:30.892+0000] {dag.py:4156} INFO - Setting next_dagrun for tutorial to 2025-02-18 00:00:00+00:00, run_after=2025-02-19 00:00:00+00:00
[2025-02-19T10:25:30.911+0000] {processor.py:208} INFO - Processing /home/airflow/.local/lib/python3.12/site-packages/airflow/example_dags/tutorial.py took 0.076 seconds
[2025-02-19T10:26:01.582+0000] {logging_mixin.py:190} INFO - [2025-02-19T10:26:01.582+0000] {settings.py:475} DEBUG - Setting up DB connection pool (PID 432)
[2025-02-19T10:26:01.584+0000] {logging_mixin.py:190} INFO - [2025-02-19T10:26:01.583+0000] {settings.py:579} DEBUG - settings.prepare_engine_args(): Using pool settings. pool_size=5, max_overflow=10, pool_recycle=1800, pid=432
[2025-02-19T10:26:01.589+0000] {processor.py:186} INFO - Started process (PID=432) to work on /home/airflow/.local/lib/python3.12/site-packages/airflow/example_dags/tutorial.py
[2025-02-19T10:26:01.589+0000] {processor.py:914} INFO - Processing file /home/airflow/.local/lib/python3.12/site-packages/airflow/example_dags/tutorial.py for tasks to queue
[2025-02-19T10:26:01.590+0000] {logging_mixin.py:190} INFO - [2025-02-19T10:26:01.590+0000] {dagbag.py:587} INFO - Filling up the DagBag from /home/airflow/.local/lib/python3.12/site-packages/airflow/example_dags/tutorial.py
[2025-02-19T10:26:01.591+0000] {logging_mixin.py:190} INFO - [2025-02-19T10:26:01.591+0000] {dagbag.py:368} DEBUG - Importing /home/airflow/.local/lib/python3.12/site-packages/airflow/example_dags/tutorial.py
[2025-02-19T10:26:01.599+0000] {logging_mixin.py:190} INFO - [2025-02-19T10:26:01.599+0000] {dagbag.py:553} DEBUG - Loaded DAG <DAG: tutorial>
[2025-02-19T10:26:01.600+0000] {processor.py:925} INFO - DAG(s) 'tutorial' retrieved from /home/airflow/.local/lib/python3.12/site-packages/airflow/example_dags/tutorial.py
[2025-02-19T10:26:01.600+0000] {logging_mixin.py:190} INFO - [2025-02-19T10:26:01.600+0000] {dagbag.py:710} DEBUG - Running dagbag.sync_to_db with retries. Try 1 of 3
[2025-02-19T10:26:01.601+0000] {logging_mixin.py:190} INFO - [2025-02-19T10:26:01.601+0000] {dagbag.py:715} DEBUG - Calling the DAG.bulk_sync_to_db method
[2025-02-19T10:26:01.612+0000] {logging_mixin.py:190} INFO - [2025-02-19T10:26:01.612+0000] {serialized_dag.py:168} DEBUG - Checking if DAG (tutorial) changed
[2025-02-19T10:26:01.621+0000] {logging_mixin.py:190} INFO - [2025-02-19T10:26:01.621+0000] {serialized_dag.py:179} DEBUG - Serialized DAG (tutorial) is unchanged. Skipping writing to DB
[2025-02-19T10:26:01.622+0000] {logging_mixin.py:190} INFO - [2025-02-19T10:26:01.621+0000] {dag.py:3229} INFO - Sync 1 DAGs
[2025-02-19T10:26:01.643+0000] {logging_mixin.py:190} INFO - [2025-02-19T10:26:01.643+0000] {dag.py:4156} INFO - Setting next_dagrun for tutorial to 2025-02-18 00:00:00+00:00, run_after=2025-02-19 00:00:00+00:00
[2025-02-19T10:26:01.662+0000] {processor.py:208} INFO - Processing /home/airflow/.local/lib/python3.12/site-packages/airflow/example_dags/tutorial.py took 0.080 seconds
[2025-02-19T10:26:32.218+0000] {logging_mixin.py:190} INFO - [2025-02-19T10:26:32.218+0000] {settings.py:475} DEBUG - Setting up DB connection pool (PID 496)
[2025-02-19T10:26:32.219+0000] {logging_mixin.py:190} INFO - [2025-02-19T10:26:32.219+0000] {settings.py:579} DEBUG - settings.prepare_engine_args(): Using pool settings. pool_size=5, max_overflow=10, pool_recycle=1800, pid=496
[2025-02-19T10:26:32.224+0000] {processor.py:186} INFO - Started process (PID=496) to work on /home/airflow/.local/lib/python3.12/site-packages/airflow/example_dags/tutorial.py
[2025-02-19T10:26:32.225+0000] {processor.py:914} INFO - Processing file /home/airflow/.local/lib/python3.12/site-packages/airflow/example_dags/tutorial.py for tasks to queue
[2025-02-19T10:26:32.225+0000] {logging_mixin.py:190} INFO - [2025-02-19T10:26:32.225+0000] {dagbag.py:587} INFO - Filling up the DagBag from /home/airflow/.local/lib/python3.12/site-packages/airflow/example_dags/tutorial.py
[2025-02-19T10:26:32.226+0000] {logging_mixin.py:190} INFO - [2025-02-19T10:26:32.226+0000] {dagbag.py:368} DEBUG - Importing /home/airflow/.local/lib/python3.12/site-packages/airflow/example_dags/tutorial.py
[2025-02-19T10:26:32.234+0000] {logging_mixin.py:190} INFO - [2025-02-19T10:26:32.234+0000] {dagbag.py:553} DEBUG - Loaded DAG <DAG: tutorial>
[2025-02-19T10:26:32.235+0000] {processor.py:925} INFO - DAG(s) 'tutorial' retrieved from /home/airflow/.local/lib/python3.12/site-packages/airflow/example_dags/tutorial.py
[2025-02-19T10:26:32.235+0000] {logging_mixin.py:190} INFO - [2025-02-19T10:26:32.235+0000] {dagbag.py:710} DEBUG - Running dagbag.sync_to_db with retries. Try 1 of 3
[2025-02-19T10:26:32.235+0000] {logging_mixin.py:190} INFO - [2025-02-19T10:26:32.235+0000] {dagbag.py:715} DEBUG - Calling the DAG.bulk_sync_to_db method
[2025-02-19T10:26:32.246+0000] {logging_mixin.py:190} INFO - [2025-02-19T10:26:32.245+0000] {serialized_dag.py:168} DEBUG - Checking if DAG (tutorial) changed
[2025-02-19T10:26:32.255+0000] {logging_mixin.py:190} INFO - [2025-02-19T10:26:32.254+0000] {serialized_dag.py:179} DEBUG - Serialized DAG (tutorial) is unchanged. Skipping writing to DB
[2025-02-19T10:26:32.255+0000] {logging_mixin.py:190} INFO - [2025-02-19T10:26:32.255+0000] {dag.py:3229} INFO - Sync 1 DAGs
[2025-02-19T10:26:32.276+0000] {logging_mixin.py:190} INFO - [2025-02-19T10:26:32.276+0000] {dag.py:4156} INFO - Setting next_dagrun for tutorial to 2025-02-18 00:00:00+00:00, run_after=2025-02-19 00:00:00+00:00
[2025-02-19T10:26:32.296+0000] {processor.py:208} INFO - Processing /home/airflow/.local/lib/python3.12/site-packages/airflow/example_dags/tutorial.py took 0.078 seconds
