[2025-02-19T09:38:27.807+0000] {processor.py:186} INFO - Started process (PID=92) to work on /home/airflow/.local/lib/python3.12/site-packages/airflow/example_dags/tutorial_dag.py
[2025-02-19T09:38:27.808+0000] {processor.py:914} INFO - Processing file /home/airflow/.local/lib/python3.12/site-packages/airflow/example_dags/tutorial_dag.py for tasks to queue
[2025-02-19T09:38:27.810+0000] {logging_mixin.py:190} INFO - [2025-02-19T09:38:27.810+0000] {dagbag.py:587} INFO - Filling up the DagBag from /home/airflow/.local/lib/python3.12/site-packages/airflow/example_dags/tutorial_dag.py
[2025-02-19T09:38:27.820+0000] {processor.py:925} INFO - DAG(s) 'tutorial_dag' retrieved from /home/airflow/.local/lib/python3.12/site-packages/airflow/example_dags/tutorial_dag.py
[2025-02-19T09:38:27.841+0000] {logging_mixin.py:190} INFO - [2025-02-19T09:38:27.840+0000] {dag.py:3229} INFO - Sync 1 DAGs
[2025-02-19T09:38:27.857+0000] {logging_mixin.py:190} INFO - [2025-02-19T09:38:27.856+0000] {dag.py:4156} INFO - Setting next_dagrun for tutorial_dag to None, run_after=None
[2025-02-19T09:38:27.897+0000] {processor.py:208} INFO - Processing /home/airflow/.local/lib/python3.12/site-packages/airflow/example_dags/tutorial_dag.py took 0.095 seconds
[2025-02-19T09:38:58.843+0000] {processor.py:186} INFO - Started process (PID=161) to work on /home/airflow/.local/lib/python3.12/site-packages/airflow/example_dags/tutorial_dag.py
[2025-02-19T09:38:58.844+0000] {processor.py:914} INFO - Processing file /home/airflow/.local/lib/python3.12/site-packages/airflow/example_dags/tutorial_dag.py for tasks to queue
[2025-02-19T09:38:58.847+0000] {logging_mixin.py:190} INFO - [2025-02-19T09:38:58.846+0000] {dagbag.py:587} INFO - Filling up the DagBag from /home/airflow/.local/lib/python3.12/site-packages/airflow/example_dags/tutorial_dag.py
[2025-02-19T09:38:58.855+0000] {processor.py:925} INFO - DAG(s) 'tutorial_dag' retrieved from /home/airflow/.local/lib/python3.12/site-packages/airflow/example_dags/tutorial_dag.py
[2025-02-19T09:38:58.874+0000] {logging_mixin.py:190} INFO - [2025-02-19T09:38:58.874+0000] {dag.py:3229} INFO - Sync 1 DAGs
[2025-02-19T09:38:58.888+0000] {logging_mixin.py:190} INFO - [2025-02-19T09:38:58.888+0000] {dag.py:4156} INFO - Setting next_dagrun for tutorial_dag to None, run_after=None
[2025-02-19T09:38:58.908+0000] {processor.py:208} INFO - Processing /home/airflow/.local/lib/python3.12/site-packages/airflow/example_dags/tutorial_dag.py took 0.071 seconds
[2025-02-19T09:39:29.231+0000] {processor.py:186} INFO - Started process (PID=225) to work on /home/airflow/.local/lib/python3.12/site-packages/airflow/example_dags/tutorial_dag.py
[2025-02-19T09:39:29.232+0000] {processor.py:914} INFO - Processing file /home/airflow/.local/lib/python3.12/site-packages/airflow/example_dags/tutorial_dag.py for tasks to queue
[2025-02-19T09:39:29.234+0000] {logging_mixin.py:190} INFO - [2025-02-19T09:39:29.233+0000] {dagbag.py:587} INFO - Filling up the DagBag from /home/airflow/.local/lib/python3.12/site-packages/airflow/example_dags/tutorial_dag.py
[2025-02-19T09:39:29.240+0000] {processor.py:925} INFO - DAG(s) 'tutorial_dag' retrieved from /home/airflow/.local/lib/python3.12/site-packages/airflow/example_dags/tutorial_dag.py
[2025-02-19T09:39:29.261+0000] {logging_mixin.py:190} INFO - [2025-02-19T09:39:29.260+0000] {dag.py:3229} INFO - Sync 1 DAGs
[2025-02-19T09:39:29.274+0000] {logging_mixin.py:190} INFO - [2025-02-19T09:39:29.273+0000] {dag.py:4156} INFO - Setting next_dagrun for tutorial_dag to None, run_after=None
[2025-02-19T09:39:29.293+0000] {processor.py:208} INFO - Processing /home/airflow/.local/lib/python3.12/site-packages/airflow/example_dags/tutorial_dag.py took 0.067 seconds
[2025-02-19T09:39:59.400+0000] {processor.py:186} INFO - Started process (PID=289) to work on /home/airflow/.local/lib/python3.12/site-packages/airflow/example_dags/tutorial_dag.py
[2025-02-19T09:39:59.414+0000] {processor.py:914} INFO - Processing file /home/airflow/.local/lib/python3.12/site-packages/airflow/example_dags/tutorial_dag.py for tasks to queue
[2025-02-19T09:39:59.416+0000] {logging_mixin.py:190} INFO - [2025-02-19T09:39:59.416+0000] {dagbag.py:587} INFO - Filling up the DagBag from /home/airflow/.local/lib/python3.12/site-packages/airflow/example_dags/tutorial_dag.py
[2025-02-19T09:39:59.422+0000] {processor.py:925} INFO - DAG(s) 'tutorial_dag' retrieved from /home/airflow/.local/lib/python3.12/site-packages/airflow/example_dags/tutorial_dag.py
[2025-02-19T09:39:59.440+0000] {logging_mixin.py:190} INFO - [2025-02-19T09:39:59.440+0000] {dag.py:3229} INFO - Sync 1 DAGs
[2025-02-19T09:39:59.452+0000] {logging_mixin.py:190} INFO - [2025-02-19T09:39:59.452+0000] {dag.py:4156} INFO - Setting next_dagrun for tutorial_dag to None, run_after=None
[2025-02-19T09:39:59.469+0000] {processor.py:208} INFO - Processing /home/airflow/.local/lib/python3.12/site-packages/airflow/example_dags/tutorial_dag.py took 0.074 seconds
[2025-02-19T09:40:29.561+0000] {processor.py:186} INFO - Started process (PID=353) to work on /home/airflow/.local/lib/python3.12/site-packages/airflow/example_dags/tutorial_dag.py
[2025-02-19T09:40:29.562+0000] {processor.py:914} INFO - Processing file /home/airflow/.local/lib/python3.12/site-packages/airflow/example_dags/tutorial_dag.py for tasks to queue
[2025-02-19T09:40:29.564+0000] {logging_mixin.py:190} INFO - [2025-02-19T09:40:29.564+0000] {dagbag.py:587} INFO - Filling up the DagBag from /home/airflow/.local/lib/python3.12/site-packages/airflow/example_dags/tutorial_dag.py
[2025-02-19T09:40:29.570+0000] {processor.py:925} INFO - DAG(s) 'tutorial_dag' retrieved from /home/airflow/.local/lib/python3.12/site-packages/airflow/example_dags/tutorial_dag.py
[2025-02-19T09:40:29.587+0000] {logging_mixin.py:190} INFO - [2025-02-19T09:40:29.587+0000] {dag.py:3229} INFO - Sync 1 DAGs
[2025-02-19T09:40:29.599+0000] {logging_mixin.py:190} INFO - [2025-02-19T09:40:29.598+0000] {dag.py:4156} INFO - Setting next_dagrun for tutorial_dag to None, run_after=None
[2025-02-19T09:40:29.616+0000] {processor.py:208} INFO - Processing /home/airflow/.local/lib/python3.12/site-packages/airflow/example_dags/tutorial_dag.py took 0.060 seconds
[2025-02-19T09:40:59.915+0000] {processor.py:186} INFO - Started process (PID=417) to work on /home/airflow/.local/lib/python3.12/site-packages/airflow/example_dags/tutorial_dag.py
[2025-02-19T09:40:59.928+0000] {processor.py:914} INFO - Processing file /home/airflow/.local/lib/python3.12/site-packages/airflow/example_dags/tutorial_dag.py for tasks to queue
[2025-02-19T09:40:59.930+0000] {logging_mixin.py:190} INFO - [2025-02-19T09:40:59.930+0000] {dagbag.py:587} INFO - Filling up the DagBag from /home/airflow/.local/lib/python3.12/site-packages/airflow/example_dags/tutorial_dag.py
[2025-02-19T09:40:59.936+0000] {processor.py:925} INFO - DAG(s) 'tutorial_dag' retrieved from /home/airflow/.local/lib/python3.12/site-packages/airflow/example_dags/tutorial_dag.py
[2025-02-19T09:40:59.953+0000] {logging_mixin.py:190} INFO - [2025-02-19T09:40:59.953+0000] {dag.py:3229} INFO - Sync 1 DAGs
[2025-02-19T09:40:59.965+0000] {logging_mixin.py:190} INFO - [2025-02-19T09:40:59.965+0000] {dag.py:4156} INFO - Setting next_dagrun for tutorial_dag to None, run_after=None
[2025-02-19T09:40:59.981+0000] {processor.py:208} INFO - Processing /home/airflow/.local/lib/python3.12/site-packages/airflow/example_dags/tutorial_dag.py took 0.072 seconds
[2025-02-19T09:41:30.294+0000] {processor.py:186} INFO - Started process (PID=481) to work on /home/airflow/.local/lib/python3.12/site-packages/airflow/example_dags/tutorial_dag.py
[2025-02-19T09:41:30.303+0000] {processor.py:914} INFO - Processing file /home/airflow/.local/lib/python3.12/site-packages/airflow/example_dags/tutorial_dag.py for tasks to queue
[2025-02-19T09:41:30.305+0000] {logging_mixin.py:190} INFO - [2025-02-19T09:41:30.305+0000] {dagbag.py:587} INFO - Filling up the DagBag from /home/airflow/.local/lib/python3.12/site-packages/airflow/example_dags/tutorial_dag.py
[2025-02-19T09:41:30.312+0000] {processor.py:925} INFO - DAG(s) 'tutorial_dag' retrieved from /home/airflow/.local/lib/python3.12/site-packages/airflow/example_dags/tutorial_dag.py
[2025-02-19T09:41:30.330+0000] {logging_mixin.py:190} INFO - [2025-02-19T09:41:30.329+0000] {dag.py:3229} INFO - Sync 1 DAGs
[2025-02-19T09:41:30.342+0000] {logging_mixin.py:190} INFO - [2025-02-19T09:41:30.342+0000] {dag.py:4156} INFO - Setting next_dagrun for tutorial_dag to None, run_after=None
[2025-02-19T09:41:30.358+0000] {processor.py:208} INFO - Processing /home/airflow/.local/lib/python3.12/site-packages/airflow/example_dags/tutorial_dag.py took 0.068 seconds
[2025-02-19T09:42:00.442+0000] {processor.py:186} INFO - Started process (PID=545) to work on /home/airflow/.local/lib/python3.12/site-packages/airflow/example_dags/tutorial_dag.py
[2025-02-19T09:42:00.443+0000] {processor.py:914} INFO - Processing file /home/airflow/.local/lib/python3.12/site-packages/airflow/example_dags/tutorial_dag.py for tasks to queue
[2025-02-19T09:42:00.445+0000] {logging_mixin.py:190} INFO - [2025-02-19T09:42:00.445+0000] {dagbag.py:587} INFO - Filling up the DagBag from /home/airflow/.local/lib/python3.12/site-packages/airflow/example_dags/tutorial_dag.py
[2025-02-19T09:42:00.451+0000] {processor.py:925} INFO - DAG(s) 'tutorial_dag' retrieved from /home/airflow/.local/lib/python3.12/site-packages/airflow/example_dags/tutorial_dag.py
[2025-02-19T09:42:00.467+0000] {logging_mixin.py:190} INFO - [2025-02-19T09:42:00.466+0000] {dag.py:3229} INFO - Sync 1 DAGs
[2025-02-19T09:42:00.477+0000] {logging_mixin.py:190} INFO - [2025-02-19T09:42:00.477+0000] {dag.py:4156} INFO - Setting next_dagrun for tutorial_dag to None, run_after=None
[2025-02-19T09:42:00.492+0000] {processor.py:208} INFO - Processing /home/airflow/.local/lib/python3.12/site-packages/airflow/example_dags/tutorial_dag.py took 0.055 seconds
[2025-02-19T09:42:30.559+0000] {processor.py:186} INFO - Started process (PID=609) to work on /home/airflow/.local/lib/python3.12/site-packages/airflow/example_dags/tutorial_dag.py
[2025-02-19T09:42:30.572+0000] {processor.py:914} INFO - Processing file /home/airflow/.local/lib/python3.12/site-packages/airflow/example_dags/tutorial_dag.py for tasks to queue
[2025-02-19T09:42:30.574+0000] {logging_mixin.py:190} INFO - [2025-02-19T09:42:30.573+0000] {dagbag.py:587} INFO - Filling up the DagBag from /home/airflow/.local/lib/python3.12/site-packages/airflow/example_dags/tutorial_dag.py
[2025-02-19T09:42:30.579+0000] {processor.py:925} INFO - DAG(s) 'tutorial_dag' retrieved from /home/airflow/.local/lib/python3.12/site-packages/airflow/example_dags/tutorial_dag.py
[2025-02-19T09:42:30.596+0000] {logging_mixin.py:190} INFO - [2025-02-19T09:42:30.596+0000] {dag.py:3229} INFO - Sync 1 DAGs
[2025-02-19T09:42:30.608+0000] {logging_mixin.py:190} INFO - [2025-02-19T09:42:30.608+0000] {dag.py:4156} INFO - Setting next_dagrun for tutorial_dag to None, run_after=None
[2025-02-19T09:42:30.623+0000] {processor.py:208} INFO - Processing /home/airflow/.local/lib/python3.12/site-packages/airflow/example_dags/tutorial_dag.py took 0.069 seconds
[2025-02-19T09:43:00.717+0000] {processor.py:186} INFO - Started process (PID=673) to work on /home/airflow/.local/lib/python3.12/site-packages/airflow/example_dags/tutorial_dag.py
[2025-02-19T09:43:00.718+0000] {processor.py:914} INFO - Processing file /home/airflow/.local/lib/python3.12/site-packages/airflow/example_dags/tutorial_dag.py for tasks to queue
[2025-02-19T09:43:00.720+0000] {logging_mixin.py:190} INFO - [2025-02-19T09:43:00.720+0000] {dagbag.py:587} INFO - Filling up the DagBag from /home/airflow/.local/lib/python3.12/site-packages/airflow/example_dags/tutorial_dag.py
[2025-02-19T09:43:00.726+0000] {processor.py:925} INFO - DAG(s) 'tutorial_dag' retrieved from /home/airflow/.local/lib/python3.12/site-packages/airflow/example_dags/tutorial_dag.py
[2025-02-19T09:43:00.744+0000] {logging_mixin.py:190} INFO - [2025-02-19T09:43:00.744+0000] {dag.py:3229} INFO - Sync 1 DAGs
[2025-02-19T09:43:00.757+0000] {logging_mixin.py:190} INFO - [2025-02-19T09:43:00.757+0000] {dag.py:4156} INFO - Setting next_dagrun for tutorial_dag to None, run_after=None
[2025-02-19T09:43:00.772+0000] {processor.py:208} INFO - Processing /home/airflow/.local/lib/python3.12/site-packages/airflow/example_dags/tutorial_dag.py took 0.060 seconds
[2025-02-19T09:43:30.907+0000] {processor.py:186} INFO - Started process (PID=737) to work on /home/airflow/.local/lib/python3.12/site-packages/airflow/example_dags/tutorial_dag.py
[2025-02-19T09:43:30.908+0000] {processor.py:914} INFO - Processing file /home/airflow/.local/lib/python3.12/site-packages/airflow/example_dags/tutorial_dag.py for tasks to queue
[2025-02-19T09:43:30.910+0000] {logging_mixin.py:190} INFO - [2025-02-19T09:43:30.910+0000] {dagbag.py:587} INFO - Filling up the DagBag from /home/airflow/.local/lib/python3.12/site-packages/airflow/example_dags/tutorial_dag.py
[2025-02-19T09:43:30.916+0000] {processor.py:925} INFO - DAG(s) 'tutorial_dag' retrieved from /home/airflow/.local/lib/python3.12/site-packages/airflow/example_dags/tutorial_dag.py
[2025-02-19T09:43:30.933+0000] {logging_mixin.py:190} INFO - [2025-02-19T09:43:30.932+0000] {dag.py:3229} INFO - Sync 1 DAGs
[2025-02-19T09:43:30.944+0000] {logging_mixin.py:190} INFO - [2025-02-19T09:43:30.944+0000] {dag.py:4156} INFO - Setting next_dagrun for tutorial_dag to None, run_after=None
[2025-02-19T09:43:30.961+0000] {processor.py:208} INFO - Processing /home/airflow/.local/lib/python3.12/site-packages/airflow/example_dags/tutorial_dag.py took 0.057 seconds
[2025-02-19T09:44:01.273+0000] {processor.py:186} INFO - Started process (PID=801) to work on /home/airflow/.local/lib/python3.12/site-packages/airflow/example_dags/tutorial_dag.py
[2025-02-19T09:44:01.274+0000] {processor.py:914} INFO - Processing file /home/airflow/.local/lib/python3.12/site-packages/airflow/example_dags/tutorial_dag.py for tasks to queue
[2025-02-19T09:44:01.276+0000] {logging_mixin.py:190} INFO - [2025-02-19T09:44:01.276+0000] {dagbag.py:587} INFO - Filling up the DagBag from /home/airflow/.local/lib/python3.12/site-packages/airflow/example_dags/tutorial_dag.py
[2025-02-19T09:44:01.282+0000] {processor.py:925} INFO - DAG(s) 'tutorial_dag' retrieved from /home/airflow/.local/lib/python3.12/site-packages/airflow/example_dags/tutorial_dag.py
[2025-02-19T09:44:01.299+0000] {logging_mixin.py:190} INFO - [2025-02-19T09:44:01.298+0000] {dag.py:3229} INFO - Sync 1 DAGs
[2025-02-19T09:44:01.310+0000] {logging_mixin.py:190} INFO - [2025-02-19T09:44:01.310+0000] {dag.py:4156} INFO - Setting next_dagrun for tutorial_dag to None, run_after=None
[2025-02-19T09:44:01.328+0000] {processor.py:208} INFO - Processing /home/airflow/.local/lib/python3.12/site-packages/airflow/example_dags/tutorial_dag.py took 0.059 seconds
[2025-02-19T09:44:31.375+0000] {processor.py:186} INFO - Started process (PID=865) to work on /home/airflow/.local/lib/python3.12/site-packages/airflow/example_dags/tutorial_dag.py
[2025-02-19T09:44:31.376+0000] {processor.py:914} INFO - Processing file /home/airflow/.local/lib/python3.12/site-packages/airflow/example_dags/tutorial_dag.py for tasks to queue
[2025-02-19T09:44:31.378+0000] {logging_mixin.py:190} INFO - [2025-02-19T09:44:31.377+0000] {dagbag.py:587} INFO - Filling up the DagBag from /home/airflow/.local/lib/python3.12/site-packages/airflow/example_dags/tutorial_dag.py
[2025-02-19T09:44:31.383+0000] {processor.py:925} INFO - DAG(s) 'tutorial_dag' retrieved from /home/airflow/.local/lib/python3.12/site-packages/airflow/example_dags/tutorial_dag.py
[2025-02-19T09:44:31.401+0000] {logging_mixin.py:190} INFO - [2025-02-19T09:44:31.400+0000] {dag.py:3229} INFO - Sync 1 DAGs
[2025-02-19T09:44:31.413+0000] {logging_mixin.py:190} INFO - [2025-02-19T09:44:31.412+0000] {dag.py:4156} INFO - Setting next_dagrun for tutorial_dag to None, run_after=None
[2025-02-19T09:44:31.428+0000] {processor.py:208} INFO - Processing /home/airflow/.local/lib/python3.12/site-packages/airflow/example_dags/tutorial_dag.py took 0.057 seconds
[2025-02-19T09:45:01.717+0000] {processor.py:186} INFO - Started process (PID=929) to work on /home/airflow/.local/lib/python3.12/site-packages/airflow/example_dags/tutorial_dag.py
[2025-02-19T09:45:01.719+0000] {processor.py:914} INFO - Processing file /home/airflow/.local/lib/python3.12/site-packages/airflow/example_dags/tutorial_dag.py for tasks to queue
[2025-02-19T09:45:01.721+0000] {logging_mixin.py:190} INFO - [2025-02-19T09:45:01.720+0000] {dagbag.py:587} INFO - Filling up the DagBag from /home/airflow/.local/lib/python3.12/site-packages/airflow/example_dags/tutorial_dag.py
[2025-02-19T09:45:01.727+0000] {processor.py:925} INFO - DAG(s) 'tutorial_dag' retrieved from /home/airflow/.local/lib/python3.12/site-packages/airflow/example_dags/tutorial_dag.py
[2025-02-19T09:45:01.745+0000] {logging_mixin.py:190} INFO - [2025-02-19T09:45:01.744+0000] {dag.py:3229} INFO - Sync 1 DAGs
[2025-02-19T09:45:01.757+0000] {logging_mixin.py:190} INFO - [2025-02-19T09:45:01.757+0000] {dag.py:4156} INFO - Setting next_dagrun for tutorial_dag to None, run_after=None
[2025-02-19T09:45:01.774+0000] {processor.py:208} INFO - Processing /home/airflow/.local/lib/python3.12/site-packages/airflow/example_dags/tutorial_dag.py took 0.061 seconds
[2025-02-19T09:45:31.836+0000] {processor.py:186} INFO - Started process (PID=993) to work on /home/airflow/.local/lib/python3.12/site-packages/airflow/example_dags/tutorial_dag.py
[2025-02-19T09:45:31.837+0000] {processor.py:914} INFO - Processing file /home/airflow/.local/lib/python3.12/site-packages/airflow/example_dags/tutorial_dag.py for tasks to queue
[2025-02-19T09:45:31.838+0000] {logging_mixin.py:190} INFO - [2025-02-19T09:45:31.838+0000] {dagbag.py:587} INFO - Filling up the DagBag from /home/airflow/.local/lib/python3.12/site-packages/airflow/example_dags/tutorial_dag.py
[2025-02-19T09:45:31.843+0000] {processor.py:925} INFO - DAG(s) 'tutorial_dag' retrieved from /home/airflow/.local/lib/python3.12/site-packages/airflow/example_dags/tutorial_dag.py
[2025-02-19T09:45:31.860+0000] {logging_mixin.py:190} INFO - [2025-02-19T09:45:31.859+0000] {dag.py:3229} INFO - Sync 1 DAGs
[2025-02-19T09:45:31.871+0000] {logging_mixin.py:190} INFO - [2025-02-19T09:45:31.871+0000] {dag.py:4156} INFO - Setting next_dagrun for tutorial_dag to None, run_after=None
[2025-02-19T09:45:31.883+0000] {processor.py:208} INFO - Processing /home/airflow/.local/lib/python3.12/site-packages/airflow/example_dags/tutorial_dag.py took 0.051 seconds
[2025-02-19T09:46:01.971+0000] {processor.py:186} INFO - Started process (PID=1057) to work on /home/airflow/.local/lib/python3.12/site-packages/airflow/example_dags/tutorial_dag.py
[2025-02-19T09:46:01.972+0000] {processor.py:914} INFO - Processing file /home/airflow/.local/lib/python3.12/site-packages/airflow/example_dags/tutorial_dag.py for tasks to queue
[2025-02-19T09:46:01.974+0000] {logging_mixin.py:190} INFO - [2025-02-19T09:46:01.974+0000] {dagbag.py:587} INFO - Filling up the DagBag from /home/airflow/.local/lib/python3.12/site-packages/airflow/example_dags/tutorial_dag.py
[2025-02-19T09:46:01.979+0000] {processor.py:925} INFO - DAG(s) 'tutorial_dag' retrieved from /home/airflow/.local/lib/python3.12/site-packages/airflow/example_dags/tutorial_dag.py
[2025-02-19T09:46:01.995+0000] {logging_mixin.py:190} INFO - [2025-02-19T09:46:01.995+0000] {dag.py:3229} INFO - Sync 1 DAGs
[2025-02-19T09:46:02.005+0000] {logging_mixin.py:190} INFO - [2025-02-19T09:46:02.005+0000] {dag.py:4156} INFO - Setting next_dagrun for tutorial_dag to None, run_after=None
[2025-02-19T09:46:02.021+0000] {processor.py:208} INFO - Processing /home/airflow/.local/lib/python3.12/site-packages/airflow/example_dags/tutorial_dag.py took 0.054 seconds
[2025-02-19T09:46:32.908+0000] {processor.py:186} INFO - Started process (PID=1121) to work on /home/airflow/.local/lib/python3.12/site-packages/airflow/example_dags/tutorial_dag.py
[2025-02-19T09:46:32.909+0000] {processor.py:914} INFO - Processing file /home/airflow/.local/lib/python3.12/site-packages/airflow/example_dags/tutorial_dag.py for tasks to queue
[2025-02-19T09:46:32.911+0000] {logging_mixin.py:190} INFO - [2025-02-19T09:46:32.910+0000] {dagbag.py:587} INFO - Filling up the DagBag from /home/airflow/.local/lib/python3.12/site-packages/airflow/example_dags/tutorial_dag.py
[2025-02-19T09:46:32.916+0000] {processor.py:925} INFO - DAG(s) 'tutorial_dag' retrieved from /home/airflow/.local/lib/python3.12/site-packages/airflow/example_dags/tutorial_dag.py
[2025-02-19T09:46:32.932+0000] {logging_mixin.py:190} INFO - [2025-02-19T09:46:32.931+0000] {dag.py:3229} INFO - Sync 1 DAGs
[2025-02-19T09:46:32.941+0000] {logging_mixin.py:190} INFO - [2025-02-19T09:46:32.941+0000] {dag.py:4156} INFO - Setting next_dagrun for tutorial_dag to None, run_after=None
[2025-02-19T09:46:32.957+0000] {processor.py:208} INFO - Processing /home/airflow/.local/lib/python3.12/site-packages/airflow/example_dags/tutorial_dag.py took 0.053 seconds
[2025-02-19T09:47:03.864+0000] {processor.py:186} INFO - Started process (PID=1185) to work on /home/airflow/.local/lib/python3.12/site-packages/airflow/example_dags/tutorial_dag.py
[2025-02-19T09:47:03.865+0000] {processor.py:914} INFO - Processing file /home/airflow/.local/lib/python3.12/site-packages/airflow/example_dags/tutorial_dag.py for tasks to queue
[2025-02-19T09:47:03.868+0000] {logging_mixin.py:190} INFO - [2025-02-19T09:47:03.867+0000] {dagbag.py:587} INFO - Filling up the DagBag from /home/airflow/.local/lib/python3.12/site-packages/airflow/example_dags/tutorial_dag.py
[2025-02-19T09:47:03.873+0000] {processor.py:925} INFO - DAG(s) 'tutorial_dag' retrieved from /home/airflow/.local/lib/python3.12/site-packages/airflow/example_dags/tutorial_dag.py
[2025-02-19T09:47:03.891+0000] {logging_mixin.py:190} INFO - [2025-02-19T09:47:03.890+0000] {dag.py:3229} INFO - Sync 1 DAGs
[2025-02-19T09:47:03.904+0000] {logging_mixin.py:190} INFO - [2025-02-19T09:47:03.904+0000] {dag.py:4156} INFO - Setting next_dagrun for tutorial_dag to None, run_after=None
[2025-02-19T09:47:03.925+0000] {processor.py:208} INFO - Processing /home/airflow/.local/lib/python3.12/site-packages/airflow/example_dags/tutorial_dag.py took 0.065 seconds
[2025-02-19T09:47:34.253+0000] {processor.py:186} INFO - Started process (PID=1249) to work on /home/airflow/.local/lib/python3.12/site-packages/airflow/example_dags/tutorial_dag.py
[2025-02-19T09:47:34.254+0000] {processor.py:914} INFO - Processing file /home/airflow/.local/lib/python3.12/site-packages/airflow/example_dags/tutorial_dag.py for tasks to queue
[2025-02-19T09:47:34.256+0000] {logging_mixin.py:190} INFO - [2025-02-19T09:47:34.255+0000] {dagbag.py:587} INFO - Filling up the DagBag from /home/airflow/.local/lib/python3.12/site-packages/airflow/example_dags/tutorial_dag.py
[2025-02-19T09:47:34.262+0000] {processor.py:925} INFO - DAG(s) 'tutorial_dag' retrieved from /home/airflow/.local/lib/python3.12/site-packages/airflow/example_dags/tutorial_dag.py
[2025-02-19T09:47:34.280+0000] {logging_mixin.py:190} INFO - [2025-02-19T09:47:34.279+0000] {dag.py:3229} INFO - Sync 1 DAGs
[2025-02-19T09:47:34.292+0000] {logging_mixin.py:190} INFO - [2025-02-19T09:47:34.292+0000] {dag.py:4156} INFO - Setting next_dagrun for tutorial_dag to None, run_after=None
[2025-02-19T09:47:34.309+0000] {processor.py:208} INFO - Processing /home/airflow/.local/lib/python3.12/site-packages/airflow/example_dags/tutorial_dag.py took 0.061 seconds
[2025-02-19T09:48:04.649+0000] {processor.py:186} INFO - Started process (PID=1314) to work on /home/airflow/.local/lib/python3.12/site-packages/airflow/example_dags/tutorial_dag.py
[2025-02-19T09:48:04.650+0000] {processor.py:914} INFO - Processing file /home/airflow/.local/lib/python3.12/site-packages/airflow/example_dags/tutorial_dag.py for tasks to queue
[2025-02-19T09:48:04.652+0000] {logging_mixin.py:190} INFO - [2025-02-19T09:48:04.651+0000] {dagbag.py:587} INFO - Filling up the DagBag from /home/airflow/.local/lib/python3.12/site-packages/airflow/example_dags/tutorial_dag.py
[2025-02-19T09:48:04.658+0000] {processor.py:925} INFO - DAG(s) 'tutorial_dag' retrieved from /home/airflow/.local/lib/python3.12/site-packages/airflow/example_dags/tutorial_dag.py
[2025-02-19T09:48:04.678+0000] {logging_mixin.py:190} INFO - [2025-02-19T09:48:04.677+0000] {dag.py:3229} INFO - Sync 1 DAGs
[2025-02-19T09:48:04.690+0000] {logging_mixin.py:190} INFO - [2025-02-19T09:48:04.689+0000] {dag.py:4156} INFO - Setting next_dagrun for tutorial_dag to None, run_after=None
[2025-02-19T09:48:04.706+0000] {processor.py:208} INFO - Processing /home/airflow/.local/lib/python3.12/site-packages/airflow/example_dags/tutorial_dag.py took 0.062 seconds
[2025-02-19T09:48:34.789+0000] {processor.py:186} INFO - Started process (PID=1378) to work on /home/airflow/.local/lib/python3.12/site-packages/airflow/example_dags/tutorial_dag.py
[2025-02-19T09:48:34.790+0000] {processor.py:914} INFO - Processing file /home/airflow/.local/lib/python3.12/site-packages/airflow/example_dags/tutorial_dag.py for tasks to queue
[2025-02-19T09:48:34.792+0000] {logging_mixin.py:190} INFO - [2025-02-19T09:48:34.792+0000] {dagbag.py:587} INFO - Filling up the DagBag from /home/airflow/.local/lib/python3.12/site-packages/airflow/example_dags/tutorial_dag.py
[2025-02-19T09:48:34.797+0000] {processor.py:925} INFO - DAG(s) 'tutorial_dag' retrieved from /home/airflow/.local/lib/python3.12/site-packages/airflow/example_dags/tutorial_dag.py
[2025-02-19T09:48:34.812+0000] {logging_mixin.py:190} INFO - [2025-02-19T09:48:34.811+0000] {dag.py:3229} INFO - Sync 1 DAGs
[2025-02-19T09:48:34.822+0000] {logging_mixin.py:190} INFO - [2025-02-19T09:48:34.822+0000] {dag.py:4156} INFO - Setting next_dagrun for tutorial_dag to None, run_after=None
[2025-02-19T09:48:34.837+0000] {processor.py:208} INFO - Processing /home/airflow/.local/lib/python3.12/site-packages/airflow/example_dags/tutorial_dag.py took 0.052 seconds
[2025-02-19T09:49:05.711+0000] {processor.py:186} INFO - Started process (PID=1442) to work on /home/airflow/.local/lib/python3.12/site-packages/airflow/example_dags/tutorial_dag.py
[2025-02-19T09:49:05.712+0000] {processor.py:914} INFO - Processing file /home/airflow/.local/lib/python3.12/site-packages/airflow/example_dags/tutorial_dag.py for tasks to queue
[2025-02-19T09:49:05.713+0000] {logging_mixin.py:190} INFO - [2025-02-19T09:49:05.713+0000] {dagbag.py:587} INFO - Filling up the DagBag from /home/airflow/.local/lib/python3.12/site-packages/airflow/example_dags/tutorial_dag.py
[2025-02-19T09:49:05.719+0000] {processor.py:925} INFO - DAG(s) 'tutorial_dag' retrieved from /home/airflow/.local/lib/python3.12/site-packages/airflow/example_dags/tutorial_dag.py
[2025-02-19T09:49:05.737+0000] {logging_mixin.py:190} INFO - [2025-02-19T09:49:05.736+0000] {dag.py:3229} INFO - Sync 1 DAGs
[2025-02-19T09:49:05.748+0000] {logging_mixin.py:190} INFO - [2025-02-19T09:49:05.748+0000] {dag.py:4156} INFO - Setting next_dagrun for tutorial_dag to None, run_after=None
[2025-02-19T09:49:05.764+0000] {processor.py:208} INFO - Processing /home/airflow/.local/lib/python3.12/site-packages/airflow/example_dags/tutorial_dag.py took 0.057 seconds
[2025-02-19T09:49:36.625+0000] {processor.py:186} INFO - Started process (PID=1506) to work on /home/airflow/.local/lib/python3.12/site-packages/airflow/example_dags/tutorial_dag.py
[2025-02-19T09:49:36.627+0000] {processor.py:914} INFO - Processing file /home/airflow/.local/lib/python3.12/site-packages/airflow/example_dags/tutorial_dag.py for tasks to queue
[2025-02-19T09:49:36.629+0000] {logging_mixin.py:190} INFO - [2025-02-19T09:49:36.629+0000] {dagbag.py:587} INFO - Filling up the DagBag from /home/airflow/.local/lib/python3.12/site-packages/airflow/example_dags/tutorial_dag.py
[2025-02-19T09:49:36.634+0000] {processor.py:925} INFO - DAG(s) 'tutorial_dag' retrieved from /home/airflow/.local/lib/python3.12/site-packages/airflow/example_dags/tutorial_dag.py
[2025-02-19T09:49:36.651+0000] {logging_mixin.py:190} INFO - [2025-02-19T09:49:36.650+0000] {dag.py:3229} INFO - Sync 1 DAGs
[2025-02-19T09:49:36.662+0000] {logging_mixin.py:190} INFO - [2025-02-19T09:49:36.661+0000] {dag.py:4156} INFO - Setting next_dagrun for tutorial_dag to None, run_after=None
[2025-02-19T09:49:36.678+0000] {processor.py:208} INFO - Processing /home/airflow/.local/lib/python3.12/site-packages/airflow/example_dags/tutorial_dag.py took 0.057 seconds
[2025-02-19T09:50:06.934+0000] {processor.py:186} INFO - Started process (PID=1570) to work on /home/airflow/.local/lib/python3.12/site-packages/airflow/example_dags/tutorial_dag.py
[2025-02-19T09:50:06.935+0000] {processor.py:914} INFO - Processing file /home/airflow/.local/lib/python3.12/site-packages/airflow/example_dags/tutorial_dag.py for tasks to queue
[2025-02-19T09:50:06.937+0000] {logging_mixin.py:190} INFO - [2025-02-19T09:50:06.937+0000] {dagbag.py:587} INFO - Filling up the DagBag from /home/airflow/.local/lib/python3.12/site-packages/airflow/example_dags/tutorial_dag.py
[2025-02-19T09:50:06.943+0000] {processor.py:925} INFO - DAG(s) 'tutorial_dag' retrieved from /home/airflow/.local/lib/python3.12/site-packages/airflow/example_dags/tutorial_dag.py
[2025-02-19T09:50:06.962+0000] {logging_mixin.py:190} INFO - [2025-02-19T09:50:06.961+0000] {dag.py:3229} INFO - Sync 1 DAGs
[2025-02-19T09:50:06.975+0000] {logging_mixin.py:190} INFO - [2025-02-19T09:50:06.974+0000] {dag.py:4156} INFO - Setting next_dagrun for tutorial_dag to None, run_after=None
[2025-02-19T09:50:06.993+0000] {processor.py:208} INFO - Processing /home/airflow/.local/lib/python3.12/site-packages/airflow/example_dags/tutorial_dag.py took 0.063 seconds
[2025-02-19T09:50:37.358+0000] {processor.py:186} INFO - Started process (PID=1634) to work on /home/airflow/.local/lib/python3.12/site-packages/airflow/example_dags/tutorial_dag.py
[2025-02-19T09:50:37.360+0000] {processor.py:914} INFO - Processing file /home/airflow/.local/lib/python3.12/site-packages/airflow/example_dags/tutorial_dag.py for tasks to queue
[2025-02-19T09:50:37.361+0000] {logging_mixin.py:190} INFO - [2025-02-19T09:50:37.361+0000] {dagbag.py:587} INFO - Filling up the DagBag from /home/airflow/.local/lib/python3.12/site-packages/airflow/example_dags/tutorial_dag.py
[2025-02-19T09:50:37.368+0000] {processor.py:925} INFO - DAG(s) 'tutorial_dag' retrieved from /home/airflow/.local/lib/python3.12/site-packages/airflow/example_dags/tutorial_dag.py
[2025-02-19T09:50:37.384+0000] {logging_mixin.py:190} INFO - [2025-02-19T09:50:37.384+0000] {dag.py:3229} INFO - Sync 1 DAGs
[2025-02-19T09:50:37.396+0000] {logging_mixin.py:190} INFO - [2025-02-19T09:50:37.395+0000] {dag.py:4156} INFO - Setting next_dagrun for tutorial_dag to None, run_after=None
[2025-02-19T09:50:37.412+0000] {processor.py:208} INFO - Processing /home/airflow/.local/lib/python3.12/site-packages/airflow/example_dags/tutorial_dag.py took 0.058 seconds
[2025-02-19T09:51:07.662+0000] {processor.py:186} INFO - Started process (PID=1698) to work on /home/airflow/.local/lib/python3.12/site-packages/airflow/example_dags/tutorial_dag.py
[2025-02-19T09:51:07.664+0000] {processor.py:914} INFO - Processing file /home/airflow/.local/lib/python3.12/site-packages/airflow/example_dags/tutorial_dag.py for tasks to queue
[2025-02-19T09:51:07.665+0000] {logging_mixin.py:190} INFO - [2025-02-19T09:51:07.665+0000] {dagbag.py:587} INFO - Filling up the DagBag from /home/airflow/.local/lib/python3.12/site-packages/airflow/example_dags/tutorial_dag.py
[2025-02-19T09:51:07.671+0000] {processor.py:925} INFO - DAG(s) 'tutorial_dag' retrieved from /home/airflow/.local/lib/python3.12/site-packages/airflow/example_dags/tutorial_dag.py
[2025-02-19T09:51:07.686+0000] {logging_mixin.py:190} INFO - [2025-02-19T09:51:07.686+0000] {dag.py:3229} INFO - Sync 1 DAGs
[2025-02-19T09:51:07.696+0000] {logging_mixin.py:190} INFO - [2025-02-19T09:51:07.696+0000] {dag.py:4156} INFO - Setting next_dagrun for tutorial_dag to None, run_after=None
[2025-02-19T09:51:07.713+0000] {processor.py:208} INFO - Processing /home/airflow/.local/lib/python3.12/site-packages/airflow/example_dags/tutorial_dag.py took 0.054 seconds
[2025-02-19T09:51:37.897+0000] {processor.py:186} INFO - Started process (PID=1762) to work on /home/airflow/.local/lib/python3.12/site-packages/airflow/example_dags/tutorial_dag.py
[2025-02-19T09:51:37.898+0000] {processor.py:914} INFO - Processing file /home/airflow/.local/lib/python3.12/site-packages/airflow/example_dags/tutorial_dag.py for tasks to queue
[2025-02-19T09:51:37.899+0000] {logging_mixin.py:190} INFO - [2025-02-19T09:51:37.899+0000] {dagbag.py:587} INFO - Filling up the DagBag from /home/airflow/.local/lib/python3.12/site-packages/airflow/example_dags/tutorial_dag.py
[2025-02-19T09:51:37.905+0000] {processor.py:925} INFO - DAG(s) 'tutorial_dag' retrieved from /home/airflow/.local/lib/python3.12/site-packages/airflow/example_dags/tutorial_dag.py
[2025-02-19T09:51:37.922+0000] {logging_mixin.py:190} INFO - [2025-02-19T09:51:37.921+0000] {dag.py:3229} INFO - Sync 1 DAGs
[2025-02-19T09:51:37.933+0000] {logging_mixin.py:190} INFO - [2025-02-19T09:51:37.933+0000] {dag.py:4156} INFO - Setting next_dagrun for tutorial_dag to None, run_after=None
[2025-02-19T09:51:37.947+0000] {processor.py:208} INFO - Processing /home/airflow/.local/lib/python3.12/site-packages/airflow/example_dags/tutorial_dag.py took 0.055 seconds
[2025-02-19T09:52:08.350+0000] {processor.py:186} INFO - Started process (PID=1826) to work on /home/airflow/.local/lib/python3.12/site-packages/airflow/example_dags/tutorial_dag.py
[2025-02-19T09:52:08.351+0000] {processor.py:914} INFO - Processing file /home/airflow/.local/lib/python3.12/site-packages/airflow/example_dags/tutorial_dag.py for tasks to queue
[2025-02-19T09:52:08.354+0000] {logging_mixin.py:190} INFO - [2025-02-19T09:52:08.353+0000] {dagbag.py:587} INFO - Filling up the DagBag from /home/airflow/.local/lib/python3.12/site-packages/airflow/example_dags/tutorial_dag.py
[2025-02-19T09:52:08.360+0000] {processor.py:925} INFO - DAG(s) 'tutorial_dag' retrieved from /home/airflow/.local/lib/python3.12/site-packages/airflow/example_dags/tutorial_dag.py
[2025-02-19T09:52:08.377+0000] {logging_mixin.py:190} INFO - [2025-02-19T09:52:08.377+0000] {dag.py:3229} INFO - Sync 1 DAGs
[2025-02-19T09:52:08.389+0000] {logging_mixin.py:190} INFO - [2025-02-19T09:52:08.388+0000] {dag.py:4156} INFO - Setting next_dagrun for tutorial_dag to None, run_after=None
[2025-02-19T09:52:08.404+0000] {processor.py:208} INFO - Processing /home/airflow/.local/lib/python3.12/site-packages/airflow/example_dags/tutorial_dag.py took 0.058 seconds
[2025-02-19T09:52:38.444+0000] {processor.py:186} INFO - Started process (PID=1890) to work on /home/airflow/.local/lib/python3.12/site-packages/airflow/example_dags/tutorial_dag.py
[2025-02-19T09:52:38.445+0000] {processor.py:914} INFO - Processing file /home/airflow/.local/lib/python3.12/site-packages/airflow/example_dags/tutorial_dag.py for tasks to queue
[2025-02-19T09:52:38.447+0000] {logging_mixin.py:190} INFO - [2025-02-19T09:52:38.447+0000] {dagbag.py:587} INFO - Filling up the DagBag from /home/airflow/.local/lib/python3.12/site-packages/airflow/example_dags/tutorial_dag.py
[2025-02-19T09:52:38.453+0000] {processor.py:925} INFO - DAG(s) 'tutorial_dag' retrieved from /home/airflow/.local/lib/python3.12/site-packages/airflow/example_dags/tutorial_dag.py
[2025-02-19T09:52:38.470+0000] {logging_mixin.py:190} INFO - [2025-02-19T09:52:38.469+0000] {dag.py:3229} INFO - Sync 1 DAGs
[2025-02-19T09:52:38.481+0000] {logging_mixin.py:190} INFO - [2025-02-19T09:52:38.481+0000] {dag.py:4156} INFO - Setting next_dagrun for tutorial_dag to None, run_after=None
[2025-02-19T09:52:38.495+0000] {processor.py:208} INFO - Processing /home/airflow/.local/lib/python3.12/site-packages/airflow/example_dags/tutorial_dag.py took 0.056 seconds
[2025-02-19T09:53:08.928+0000] {processor.py:186} INFO - Started process (PID=1954) to work on /home/airflow/.local/lib/python3.12/site-packages/airflow/example_dags/tutorial_dag.py
[2025-02-19T09:53:08.929+0000] {processor.py:914} INFO - Processing file /home/airflow/.local/lib/python3.12/site-packages/airflow/example_dags/tutorial_dag.py for tasks to queue
[2025-02-19T09:53:08.931+0000] {logging_mixin.py:190} INFO - [2025-02-19T09:53:08.931+0000] {dagbag.py:587} INFO - Filling up the DagBag from /home/airflow/.local/lib/python3.12/site-packages/airflow/example_dags/tutorial_dag.py
[2025-02-19T09:53:08.938+0000] {processor.py:925} INFO - DAG(s) 'tutorial_dag' retrieved from /home/airflow/.local/lib/python3.12/site-packages/airflow/example_dags/tutorial_dag.py
[2025-02-19T09:53:08.955+0000] {logging_mixin.py:190} INFO - [2025-02-19T09:53:08.954+0000] {dag.py:3229} INFO - Sync 1 DAGs
[2025-02-19T09:53:08.967+0000] {logging_mixin.py:190} INFO - [2025-02-19T09:53:08.967+0000] {dag.py:4156} INFO - Setting next_dagrun for tutorial_dag to None, run_after=None
[2025-02-19T09:53:08.984+0000] {processor.py:208} INFO - Processing /home/airflow/.local/lib/python3.12/site-packages/airflow/example_dags/tutorial_dag.py took 0.061 seconds
[2025-02-19T09:53:39.285+0000] {processor.py:186} INFO - Started process (PID=2018) to work on /home/airflow/.local/lib/python3.12/site-packages/airflow/example_dags/tutorial_dag.py
[2025-02-19T09:53:39.286+0000] {processor.py:914} INFO - Processing file /home/airflow/.local/lib/python3.12/site-packages/airflow/example_dags/tutorial_dag.py for tasks to queue
[2025-02-19T09:53:39.288+0000] {logging_mixin.py:190} INFO - [2025-02-19T09:53:39.288+0000] {dagbag.py:587} INFO - Filling up the DagBag from /home/airflow/.local/lib/python3.12/site-packages/airflow/example_dags/tutorial_dag.py
[2025-02-19T09:53:39.294+0000] {processor.py:925} INFO - DAG(s) 'tutorial_dag' retrieved from /home/airflow/.local/lib/python3.12/site-packages/airflow/example_dags/tutorial_dag.py
[2025-02-19T09:53:39.312+0000] {logging_mixin.py:190} INFO - [2025-02-19T09:53:39.311+0000] {dag.py:3229} INFO - Sync 1 DAGs
[2025-02-19T09:53:39.325+0000] {logging_mixin.py:190} INFO - [2025-02-19T09:53:39.325+0000] {dag.py:4156} INFO - Setting next_dagrun for tutorial_dag to None, run_after=None
[2025-02-19T09:53:39.340+0000] {processor.py:208} INFO - Processing /home/airflow/.local/lib/python3.12/site-packages/airflow/example_dags/tutorial_dag.py took 0.059 seconds
[2025-02-19T09:54:09.650+0000] {processor.py:186} INFO - Started process (PID=2082) to work on /home/airflow/.local/lib/python3.12/site-packages/airflow/example_dags/tutorial_dag.py
[2025-02-19T09:54:09.651+0000] {processor.py:914} INFO - Processing file /home/airflow/.local/lib/python3.12/site-packages/airflow/example_dags/tutorial_dag.py for tasks to queue
[2025-02-19T09:54:09.653+0000] {logging_mixin.py:190} INFO - [2025-02-19T09:54:09.653+0000] {dagbag.py:587} INFO - Filling up the DagBag from /home/airflow/.local/lib/python3.12/site-packages/airflow/example_dags/tutorial_dag.py
[2025-02-19T09:54:09.660+0000] {processor.py:925} INFO - DAG(s) 'tutorial_dag' retrieved from /home/airflow/.local/lib/python3.12/site-packages/airflow/example_dags/tutorial_dag.py
[2025-02-19T09:54:09.677+0000] {logging_mixin.py:190} INFO - [2025-02-19T09:54:09.676+0000] {dag.py:3229} INFO - Sync 1 DAGs
[2025-02-19T09:54:09.688+0000] {logging_mixin.py:190} INFO - [2025-02-19T09:54:09.688+0000] {dag.py:4156} INFO - Setting next_dagrun for tutorial_dag to None, run_after=None
[2025-02-19T09:54:09.705+0000] {processor.py:208} INFO - Processing /home/airflow/.local/lib/python3.12/site-packages/airflow/example_dags/tutorial_dag.py took 0.059 seconds
[2025-02-19T09:54:39.823+0000] {processor.py:186} INFO - Started process (PID=2146) to work on /home/airflow/.local/lib/python3.12/site-packages/airflow/example_dags/tutorial_dag.py
[2025-02-19T09:54:39.824+0000] {processor.py:914} INFO - Processing file /home/airflow/.local/lib/python3.12/site-packages/airflow/example_dags/tutorial_dag.py for tasks to queue
[2025-02-19T09:54:39.826+0000] {logging_mixin.py:190} INFO - [2025-02-19T09:54:39.826+0000] {dagbag.py:587} INFO - Filling up the DagBag from /home/airflow/.local/lib/python3.12/site-packages/airflow/example_dags/tutorial_dag.py
[2025-02-19T09:54:39.832+0000] {processor.py:925} INFO - DAG(s) 'tutorial_dag' retrieved from /home/airflow/.local/lib/python3.12/site-packages/airflow/example_dags/tutorial_dag.py
[2025-02-19T09:54:39.847+0000] {logging_mixin.py:190} INFO - [2025-02-19T09:54:39.847+0000] {dag.py:3229} INFO - Sync 1 DAGs
[2025-02-19T09:54:39.859+0000] {logging_mixin.py:190} INFO - [2025-02-19T09:54:39.858+0000] {dag.py:4156} INFO - Setting next_dagrun for tutorial_dag to None, run_after=None
[2025-02-19T09:54:39.874+0000] {processor.py:208} INFO - Processing /home/airflow/.local/lib/python3.12/site-packages/airflow/example_dags/tutorial_dag.py took 0.055 seconds
[2025-02-19T09:55:10.176+0000] {processor.py:186} INFO - Started process (PID=2210) to work on /home/airflow/.local/lib/python3.12/site-packages/airflow/example_dags/tutorial_dag.py
[2025-02-19T09:55:10.177+0000] {processor.py:914} INFO - Processing file /home/airflow/.local/lib/python3.12/site-packages/airflow/example_dags/tutorial_dag.py for tasks to queue
[2025-02-19T09:55:10.179+0000] {logging_mixin.py:190} INFO - [2025-02-19T09:55:10.178+0000] {dagbag.py:587} INFO - Filling up the DagBag from /home/airflow/.local/lib/python3.12/site-packages/airflow/example_dags/tutorial_dag.py
[2025-02-19T09:55:10.185+0000] {processor.py:925} INFO - DAG(s) 'tutorial_dag' retrieved from /home/airflow/.local/lib/python3.12/site-packages/airflow/example_dags/tutorial_dag.py
[2025-02-19T09:55:10.204+0000] {logging_mixin.py:190} INFO - [2025-02-19T09:55:10.203+0000] {dag.py:3229} INFO - Sync 1 DAGs
[2025-02-19T09:55:10.216+0000] {logging_mixin.py:190} INFO - [2025-02-19T09:55:10.215+0000] {dag.py:4156} INFO - Setting next_dagrun for tutorial_dag to None, run_after=None
[2025-02-19T09:55:10.231+0000] {processor.py:208} INFO - Processing /home/airflow/.local/lib/python3.12/site-packages/airflow/example_dags/tutorial_dag.py took 0.059 seconds
[2025-02-19T09:55:40.581+0000] {processor.py:186} INFO - Started process (PID=2274) to work on /home/airflow/.local/lib/python3.12/site-packages/airflow/example_dags/tutorial_dag.py
[2025-02-19T09:55:40.582+0000] {processor.py:914} INFO - Processing file /home/airflow/.local/lib/python3.12/site-packages/airflow/example_dags/tutorial_dag.py for tasks to queue
[2025-02-19T09:55:40.584+0000] {logging_mixin.py:190} INFO - [2025-02-19T09:55:40.583+0000] {dagbag.py:587} INFO - Filling up the DagBag from /home/airflow/.local/lib/python3.12/site-packages/airflow/example_dags/tutorial_dag.py
[2025-02-19T09:55:40.589+0000] {processor.py:925} INFO - DAG(s) 'tutorial_dag' retrieved from /home/airflow/.local/lib/python3.12/site-packages/airflow/example_dags/tutorial_dag.py
[2025-02-19T09:55:40.609+0000] {logging_mixin.py:190} INFO - [2025-02-19T09:55:40.608+0000] {dag.py:3229} INFO - Sync 1 DAGs
[2025-02-19T09:55:40.621+0000] {logging_mixin.py:190} INFO - [2025-02-19T09:55:40.621+0000] {dag.py:4156} INFO - Setting next_dagrun for tutorial_dag to None, run_after=None
[2025-02-19T09:55:40.637+0000] {processor.py:208} INFO - Processing /home/airflow/.local/lib/python3.12/site-packages/airflow/example_dags/tutorial_dag.py took 0.060 seconds
[2025-02-19T09:56:10.994+0000] {processor.py:186} INFO - Started process (PID=2339) to work on /home/airflow/.local/lib/python3.12/site-packages/airflow/example_dags/tutorial_dag.py
[2025-02-19T09:56:10.996+0000] {processor.py:914} INFO - Processing file /home/airflow/.local/lib/python3.12/site-packages/airflow/example_dags/tutorial_dag.py for tasks to queue
[2025-02-19T09:56:10.998+0000] {logging_mixin.py:190} INFO - [2025-02-19T09:56:10.997+0000] {dagbag.py:587} INFO - Filling up the DagBag from /home/airflow/.local/lib/python3.12/site-packages/airflow/example_dags/tutorial_dag.py
[2025-02-19T09:56:11.004+0000] {processor.py:925} INFO - DAG(s) 'tutorial_dag' retrieved from /home/airflow/.local/lib/python3.12/site-packages/airflow/example_dags/tutorial_dag.py
[2025-02-19T09:56:11.021+0000] {logging_mixin.py:190} INFO - [2025-02-19T09:56:11.020+0000] {dag.py:3229} INFO - Sync 1 DAGs
[2025-02-19T09:56:11.032+0000] {logging_mixin.py:190} INFO - [2025-02-19T09:56:11.032+0000] {dag.py:4156} INFO - Setting next_dagrun for tutorial_dag to None, run_after=None
[2025-02-19T09:56:11.050+0000] {processor.py:208} INFO - Processing /home/airflow/.local/lib/python3.12/site-packages/airflow/example_dags/tutorial_dag.py took 0.059 seconds
[2025-02-19T09:56:41.382+0000] {processor.py:186} INFO - Started process (PID=2403) to work on /home/airflow/.local/lib/python3.12/site-packages/airflow/example_dags/tutorial_dag.py
[2025-02-19T09:56:41.383+0000] {processor.py:914} INFO - Processing file /home/airflow/.local/lib/python3.12/site-packages/airflow/example_dags/tutorial_dag.py for tasks to queue
[2025-02-19T09:56:41.385+0000] {logging_mixin.py:190} INFO - [2025-02-19T09:56:41.385+0000] {dagbag.py:587} INFO - Filling up the DagBag from /home/airflow/.local/lib/python3.12/site-packages/airflow/example_dags/tutorial_dag.py
[2025-02-19T09:56:41.392+0000] {processor.py:925} INFO - DAG(s) 'tutorial_dag' retrieved from /home/airflow/.local/lib/python3.12/site-packages/airflow/example_dags/tutorial_dag.py
[2025-02-19T09:56:41.412+0000] {logging_mixin.py:190} INFO - [2025-02-19T09:56:41.411+0000] {dag.py:3229} INFO - Sync 1 DAGs
[2025-02-19T09:56:41.426+0000] {logging_mixin.py:190} INFO - [2025-02-19T09:56:41.425+0000] {dag.py:4156} INFO - Setting next_dagrun for tutorial_dag to None, run_after=None
[2025-02-19T09:56:41.446+0000] {processor.py:208} INFO - Processing /home/airflow/.local/lib/python3.12/site-packages/airflow/example_dags/tutorial_dag.py took 0.069 seconds
[2025-02-19T09:57:12.520+0000] {processor.py:186} INFO - Started process (PID=2468) to work on /home/airflow/.local/lib/python3.12/site-packages/airflow/example_dags/tutorial_dag.py
[2025-02-19T09:57:12.521+0000] {processor.py:914} INFO - Processing file /home/airflow/.local/lib/python3.12/site-packages/airflow/example_dags/tutorial_dag.py for tasks to queue
[2025-02-19T09:57:12.522+0000] {logging_mixin.py:190} INFO - [2025-02-19T09:57:12.522+0000] {dagbag.py:587} INFO - Filling up the DagBag from /home/airflow/.local/lib/python3.12/site-packages/airflow/example_dags/tutorial_dag.py
[2025-02-19T09:57:12.528+0000] {processor.py:925} INFO - DAG(s) 'tutorial_dag' retrieved from /home/airflow/.local/lib/python3.12/site-packages/airflow/example_dags/tutorial_dag.py
[2025-02-19T09:57:12.547+0000] {logging_mixin.py:190} INFO - [2025-02-19T09:57:12.546+0000] {dag.py:3229} INFO - Sync 1 DAGs
[2025-02-19T09:57:12.559+0000] {logging_mixin.py:190} INFO - [2025-02-19T09:57:12.559+0000] {dag.py:4156} INFO - Setting next_dagrun for tutorial_dag to None, run_after=None
[2025-02-19T09:57:12.577+0000] {processor.py:208} INFO - Processing /home/airflow/.local/lib/python3.12/site-packages/airflow/example_dags/tutorial_dag.py took 0.062 seconds
[2025-02-19T09:57:42.957+0000] {processor.py:186} INFO - Started process (PID=2532) to work on /home/airflow/.local/lib/python3.12/site-packages/airflow/example_dags/tutorial_dag.py
[2025-02-19T09:57:42.958+0000] {processor.py:914} INFO - Processing file /home/airflow/.local/lib/python3.12/site-packages/airflow/example_dags/tutorial_dag.py for tasks to queue
[2025-02-19T09:57:42.960+0000] {logging_mixin.py:190} INFO - [2025-02-19T09:57:42.960+0000] {dagbag.py:587} INFO - Filling up the DagBag from /home/airflow/.local/lib/python3.12/site-packages/airflow/example_dags/tutorial_dag.py
[2025-02-19T09:57:42.967+0000] {processor.py:925} INFO - DAG(s) 'tutorial_dag' retrieved from /home/airflow/.local/lib/python3.12/site-packages/airflow/example_dags/tutorial_dag.py
[2025-02-19T09:57:42.985+0000] {logging_mixin.py:190} INFO - [2025-02-19T09:57:42.985+0000] {dag.py:3229} INFO - Sync 1 DAGs
[2025-02-19T09:57:42.997+0000] {logging_mixin.py:190} INFO - [2025-02-19T09:57:42.997+0000] {dag.py:4156} INFO - Setting next_dagrun for tutorial_dag to None, run_after=None
[2025-02-19T09:57:43.015+0000] {processor.py:208} INFO - Processing /home/airflow/.local/lib/python3.12/site-packages/airflow/example_dags/tutorial_dag.py took 0.063 seconds
[2025-02-19T09:58:13.638+0000] {processor.py:186} INFO - Started process (PID=2597) to work on /home/airflow/.local/lib/python3.12/site-packages/airflow/example_dags/tutorial_dag.py
[2025-02-19T09:58:13.639+0000] {processor.py:914} INFO - Processing file /home/airflow/.local/lib/python3.12/site-packages/airflow/example_dags/tutorial_dag.py for tasks to queue
[2025-02-19T09:58:13.641+0000] {logging_mixin.py:190} INFO - [2025-02-19T09:58:13.640+0000] {dagbag.py:587} INFO - Filling up the DagBag from /home/airflow/.local/lib/python3.12/site-packages/airflow/example_dags/tutorial_dag.py
[2025-02-19T09:58:13.647+0000] {processor.py:925} INFO - DAG(s) 'tutorial_dag' retrieved from /home/airflow/.local/lib/python3.12/site-packages/airflow/example_dags/tutorial_dag.py
[2025-02-19T09:58:13.666+0000] {logging_mixin.py:190} INFO - [2025-02-19T09:58:13.665+0000] {dag.py:3229} INFO - Sync 1 DAGs
[2025-02-19T09:58:13.680+0000] {logging_mixin.py:190} INFO - [2025-02-19T09:58:13.680+0000] {dag.py:4156} INFO - Setting next_dagrun for tutorial_dag to None, run_after=None
[2025-02-19T09:58:13.697+0000] {processor.py:208} INFO - Processing /home/airflow/.local/lib/python3.12/site-packages/airflow/example_dags/tutorial_dag.py took 0.063 seconds
[2025-02-19T09:58:43.807+0000] {processor.py:186} INFO - Started process (PID=2666) to work on /home/airflow/.local/lib/python3.12/site-packages/airflow/example_dags/tutorial_dag.py
[2025-02-19T09:58:43.808+0000] {processor.py:914} INFO - Processing file /home/airflow/.local/lib/python3.12/site-packages/airflow/example_dags/tutorial_dag.py for tasks to queue
[2025-02-19T09:58:43.810+0000] {logging_mixin.py:190} INFO - [2025-02-19T09:58:43.810+0000] {dagbag.py:587} INFO - Filling up the DagBag from /home/airflow/.local/lib/python3.12/site-packages/airflow/example_dags/tutorial_dag.py
[2025-02-19T09:58:43.816+0000] {processor.py:925} INFO - DAG(s) 'tutorial_dag' retrieved from /home/airflow/.local/lib/python3.12/site-packages/airflow/example_dags/tutorial_dag.py
[2025-02-19T09:58:43.834+0000] {logging_mixin.py:190} INFO - [2025-02-19T09:58:43.833+0000] {dag.py:3229} INFO - Sync 1 DAGs
[2025-02-19T09:58:43.846+0000] {logging_mixin.py:190} INFO - [2025-02-19T09:58:43.845+0000] {dag.py:4156} INFO - Setting next_dagrun for tutorial_dag to None, run_after=None
[2025-02-19T09:58:43.862+0000] {processor.py:208} INFO - Processing /home/airflow/.local/lib/python3.12/site-packages/airflow/example_dags/tutorial_dag.py took 0.060 seconds
[2025-02-19T09:59:14.003+0000] {processor.py:186} INFO - Started process (PID=2730) to work on /home/airflow/.local/lib/python3.12/site-packages/airflow/example_dags/tutorial_dag.py
[2025-02-19T09:59:14.004+0000] {processor.py:914} INFO - Processing file /home/airflow/.local/lib/python3.12/site-packages/airflow/example_dags/tutorial_dag.py for tasks to queue
[2025-02-19T09:59:14.006+0000] {logging_mixin.py:190} INFO - [2025-02-19T09:59:14.006+0000] {dagbag.py:587} INFO - Filling up the DagBag from /home/airflow/.local/lib/python3.12/site-packages/airflow/example_dags/tutorial_dag.py
[2025-02-19T09:59:14.012+0000] {processor.py:925} INFO - DAG(s) 'tutorial_dag' retrieved from /home/airflow/.local/lib/python3.12/site-packages/airflow/example_dags/tutorial_dag.py
[2025-02-19T09:59:14.030+0000] {logging_mixin.py:190} INFO - [2025-02-19T09:59:14.029+0000] {dag.py:3229} INFO - Sync 1 DAGs
[2025-02-19T09:59:14.041+0000] {logging_mixin.py:190} INFO - [2025-02-19T09:59:14.041+0000] {dag.py:4156} INFO - Setting next_dagrun for tutorial_dag to None, run_after=None
[2025-02-19T09:59:14.059+0000] {processor.py:208} INFO - Processing /home/airflow/.local/lib/python3.12/site-packages/airflow/example_dags/tutorial_dag.py took 0.060 seconds
[2025-02-19T10:23:12.473+0000] {logging_mixin.py:190} INFO - [2025-02-19T10:23:12.473+0000] {settings.py:475} DEBUG - Setting up DB connection pool (PID 73)
[2025-02-19T10:23:12.475+0000] {logging_mixin.py:190} INFO - [2025-02-19T10:23:12.474+0000] {settings.py:579} DEBUG - settings.prepare_engine_args(): Using pool settings. pool_size=5, max_overflow=10, pool_recycle=1800, pid=73
[2025-02-19T10:23:12.479+0000] {processor.py:186} INFO - Started process (PID=73) to work on /home/airflow/.local/lib/python3.12/site-packages/airflow/example_dags/tutorial_dag.py
[2025-02-19T10:23:12.480+0000] {processor.py:914} INFO - Processing file /home/airflow/.local/lib/python3.12/site-packages/airflow/example_dags/tutorial_dag.py for tasks to queue
[2025-02-19T10:23:12.480+0000] {logging_mixin.py:190} INFO - [2025-02-19T10:23:12.480+0000] {dagbag.py:587} INFO - Filling up the DagBag from /home/airflow/.local/lib/python3.12/site-packages/airflow/example_dags/tutorial_dag.py
[2025-02-19T10:23:12.481+0000] {logging_mixin.py:190} INFO - [2025-02-19T10:23:12.481+0000] {dagbag.py:368} DEBUG - Importing /home/airflow/.local/lib/python3.12/site-packages/airflow/example_dags/tutorial_dag.py
[2025-02-19T10:23:12.489+0000] {logging_mixin.py:190} INFO - [2025-02-19T10:23:12.488+0000] {dagbag.py:553} DEBUG - Loaded DAG <DAG: tutorial_dag>
[2025-02-19T10:23:12.490+0000] {processor.py:925} INFO - DAG(s) 'tutorial_dag' retrieved from /home/airflow/.local/lib/python3.12/site-packages/airflow/example_dags/tutorial_dag.py
[2025-02-19T10:23:12.490+0000] {logging_mixin.py:190} INFO - [2025-02-19T10:23:12.490+0000] {dagbag.py:710} DEBUG - Running dagbag.sync_to_db with retries. Try 1 of 3
[2025-02-19T10:23:12.490+0000] {logging_mixin.py:190} INFO - [2025-02-19T10:23:12.490+0000] {dagbag.py:715} DEBUG - Calling the DAG.bulk_sync_to_db method
[2025-02-19T10:23:12.501+0000] {logging_mixin.py:190} INFO - [2025-02-19T10:23:12.501+0000] {serialized_dag.py:168} DEBUG - Checking if DAG (tutorial_dag) changed
[2025-02-19T10:23:12.510+0000] {logging_mixin.py:190} INFO - [2025-02-19T10:23:12.510+0000] {serialized_dag.py:179} DEBUG - Serialized DAG (tutorial_dag) is unchanged. Skipping writing to DB
[2025-02-19T10:23:12.510+0000] {logging_mixin.py:190} INFO - [2025-02-19T10:23:12.510+0000] {dag.py:3229} INFO - Sync 1 DAGs
[2025-02-19T10:23:12.526+0000] {logging_mixin.py:190} INFO - [2025-02-19T10:23:12.526+0000] {dag.py:4156} INFO - Setting next_dagrun for tutorial_dag to None, run_after=None
[2025-02-19T10:23:12.546+0000] {processor.py:208} INFO - Processing /home/airflow/.local/lib/python3.12/site-packages/airflow/example_dags/tutorial_dag.py took 0.073 seconds
[2025-02-19T10:23:54.929+0000] {logging_mixin.py:190} INFO - [2025-02-19T10:23:54.928+0000] {settings.py:475} DEBUG - Setting up DB connection pool (PID 143)
[2025-02-19T10:23:54.930+0000] {logging_mixin.py:190} INFO - [2025-02-19T10:23:54.930+0000] {settings.py:579} DEBUG - settings.prepare_engine_args(): Using pool settings. pool_size=5, max_overflow=10, pool_recycle=1800, pid=143
[2025-02-19T10:23:54.935+0000] {processor.py:186} INFO - Started process (PID=143) to work on /home/airflow/.local/lib/python3.12/site-packages/airflow/example_dags/tutorial_dag.py
[2025-02-19T10:23:54.935+0000] {processor.py:914} INFO - Processing file /home/airflow/.local/lib/python3.12/site-packages/airflow/example_dags/tutorial_dag.py for tasks to queue
[2025-02-19T10:23:54.936+0000] {logging_mixin.py:190} INFO - [2025-02-19T10:23:54.936+0000] {dagbag.py:587} INFO - Filling up the DagBag from /home/airflow/.local/lib/python3.12/site-packages/airflow/example_dags/tutorial_dag.py
[2025-02-19T10:23:54.937+0000] {logging_mixin.py:190} INFO - [2025-02-19T10:23:54.937+0000] {dagbag.py:368} DEBUG - Importing /home/airflow/.local/lib/python3.12/site-packages/airflow/example_dags/tutorial_dag.py
[2025-02-19T10:23:54.944+0000] {logging_mixin.py:190} INFO - [2025-02-19T10:23:54.943+0000] {dagbag.py:553} DEBUG - Loaded DAG <DAG: tutorial_dag>
[2025-02-19T10:23:54.944+0000] {processor.py:925} INFO - DAG(s) 'tutorial_dag' retrieved from /home/airflow/.local/lib/python3.12/site-packages/airflow/example_dags/tutorial_dag.py
[2025-02-19T10:23:54.945+0000] {logging_mixin.py:190} INFO - [2025-02-19T10:23:54.945+0000] {dagbag.py:710} DEBUG - Running dagbag.sync_to_db with retries. Try 1 of 3
[2025-02-19T10:23:54.945+0000] {logging_mixin.py:190} INFO - [2025-02-19T10:23:54.945+0000] {dagbag.py:715} DEBUG - Calling the DAG.bulk_sync_to_db method
[2025-02-19T10:23:54.956+0000] {logging_mixin.py:190} INFO - [2025-02-19T10:23:54.955+0000] {serialized_dag.py:168} DEBUG - Checking if DAG (tutorial_dag) changed
[2025-02-19T10:23:54.967+0000] {logging_mixin.py:190} INFO - [2025-02-19T10:23:54.966+0000] {serialized_dag.py:179} DEBUG - Serialized DAG (tutorial_dag) is unchanged. Skipping writing to DB
[2025-02-19T10:23:54.967+0000] {logging_mixin.py:190} INFO - [2025-02-19T10:23:54.967+0000] {dag.py:3229} INFO - Sync 1 DAGs
[2025-02-19T10:23:54.984+0000] {logging_mixin.py:190} INFO - [2025-02-19T10:23:54.983+0000] {dag.py:4156} INFO - Setting next_dagrun for tutorial_dag to None, run_after=None
[2025-02-19T10:23:55.041+0000] {processor.py:208} INFO - Processing /home/airflow/.local/lib/python3.12/site-packages/airflow/example_dags/tutorial_dag.py took 0.112 seconds
[2025-02-19T10:24:25.871+0000] {logging_mixin.py:190} INFO - [2025-02-19T10:24:25.870+0000] {settings.py:475} DEBUG - Setting up DB connection pool (PID 207)
[2025-02-19T10:24:25.872+0000] {logging_mixin.py:190} INFO - [2025-02-19T10:24:25.871+0000] {settings.py:579} DEBUG - settings.prepare_engine_args(): Using pool settings. pool_size=5, max_overflow=10, pool_recycle=1800, pid=207
[2025-02-19T10:24:25.877+0000] {processor.py:186} INFO - Started process (PID=207) to work on /home/airflow/.local/lib/python3.12/site-packages/airflow/example_dags/tutorial_dag.py
[2025-02-19T10:24:25.878+0000] {processor.py:914} INFO - Processing file /home/airflow/.local/lib/python3.12/site-packages/airflow/example_dags/tutorial_dag.py for tasks to queue
[2025-02-19T10:24:25.878+0000] {logging_mixin.py:190} INFO - [2025-02-19T10:24:25.878+0000] {dagbag.py:587} INFO - Filling up the DagBag from /home/airflow/.local/lib/python3.12/site-packages/airflow/example_dags/tutorial_dag.py
[2025-02-19T10:24:25.880+0000] {logging_mixin.py:190} INFO - [2025-02-19T10:24:25.879+0000] {dagbag.py:368} DEBUG - Importing /home/airflow/.local/lib/python3.12/site-packages/airflow/example_dags/tutorial_dag.py
[2025-02-19T10:24:25.887+0000] {logging_mixin.py:190} INFO - [2025-02-19T10:24:25.886+0000] {dagbag.py:553} DEBUG - Loaded DAG <DAG: tutorial_dag>
[2025-02-19T10:24:25.887+0000] {processor.py:925} INFO - DAG(s) 'tutorial_dag' retrieved from /home/airflow/.local/lib/python3.12/site-packages/airflow/example_dags/tutorial_dag.py
[2025-02-19T10:24:25.888+0000] {logging_mixin.py:190} INFO - [2025-02-19T10:24:25.888+0000] {dagbag.py:710} DEBUG - Running dagbag.sync_to_db with retries. Try 1 of 3
[2025-02-19T10:24:25.888+0000] {logging_mixin.py:190} INFO - [2025-02-19T10:24:25.888+0000] {dagbag.py:715} DEBUG - Calling the DAG.bulk_sync_to_db method
[2025-02-19T10:24:25.900+0000] {logging_mixin.py:190} INFO - [2025-02-19T10:24:25.899+0000] {serialized_dag.py:168} DEBUG - Checking if DAG (tutorial_dag) changed
[2025-02-19T10:24:25.909+0000] {logging_mixin.py:190} INFO - [2025-02-19T10:24:25.909+0000] {serialized_dag.py:179} DEBUG - Serialized DAG (tutorial_dag) is unchanged. Skipping writing to DB
[2025-02-19T10:24:25.909+0000] {logging_mixin.py:190} INFO - [2025-02-19T10:24:25.909+0000] {dag.py:3229} INFO - Sync 1 DAGs
[2025-02-19T10:24:25.925+0000] {logging_mixin.py:190} INFO - [2025-02-19T10:24:25.925+0000] {dag.py:4156} INFO - Setting next_dagrun for tutorial_dag to None, run_after=None
[2025-02-19T10:24:25.947+0000] {processor.py:208} INFO - Processing /home/airflow/.local/lib/python3.12/site-packages/airflow/example_dags/tutorial_dag.py took 0.077 seconds
[2025-02-19T10:24:56.579+0000] {logging_mixin.py:190} INFO - [2025-02-19T10:24:56.579+0000] {settings.py:475} DEBUG - Setting up DB connection pool (PID 276)
[2025-02-19T10:24:56.581+0000] {logging_mixin.py:190} INFO - [2025-02-19T10:24:56.581+0000] {settings.py:579} DEBUG - settings.prepare_engine_args(): Using pool settings. pool_size=5, max_overflow=10, pool_recycle=1800, pid=276
[2025-02-19T10:24:56.585+0000] {processor.py:186} INFO - Started process (PID=276) to work on /home/airflow/.local/lib/python3.12/site-packages/airflow/example_dags/tutorial_dag.py
[2025-02-19T10:24:56.585+0000] {processor.py:914} INFO - Processing file /home/airflow/.local/lib/python3.12/site-packages/airflow/example_dags/tutorial_dag.py for tasks to queue
[2025-02-19T10:24:56.586+0000] {logging_mixin.py:190} INFO - [2025-02-19T10:24:56.586+0000] {dagbag.py:587} INFO - Filling up the DagBag from /home/airflow/.local/lib/python3.12/site-packages/airflow/example_dags/tutorial_dag.py
[2025-02-19T10:24:56.587+0000] {logging_mixin.py:190} INFO - [2025-02-19T10:24:56.587+0000] {dagbag.py:368} DEBUG - Importing /home/airflow/.local/lib/python3.12/site-packages/airflow/example_dags/tutorial_dag.py
[2025-02-19T10:24:56.594+0000] {logging_mixin.py:190} INFO - [2025-02-19T10:24:56.593+0000] {dagbag.py:553} DEBUG - Loaded DAG <DAG: tutorial_dag>
[2025-02-19T10:24:56.594+0000] {processor.py:925} INFO - DAG(s) 'tutorial_dag' retrieved from /home/airflow/.local/lib/python3.12/site-packages/airflow/example_dags/tutorial_dag.py
[2025-02-19T10:24:56.595+0000] {logging_mixin.py:190} INFO - [2025-02-19T10:24:56.595+0000] {dagbag.py:710} DEBUG - Running dagbag.sync_to_db with retries. Try 1 of 3
[2025-02-19T10:24:56.595+0000] {logging_mixin.py:190} INFO - [2025-02-19T10:24:56.595+0000] {dagbag.py:715} DEBUG - Calling the DAG.bulk_sync_to_db method
[2025-02-19T10:24:56.607+0000] {logging_mixin.py:190} INFO - [2025-02-19T10:24:56.606+0000] {serialized_dag.py:168} DEBUG - Checking if DAG (tutorial_dag) changed
[2025-02-19T10:24:56.614+0000] {logging_mixin.py:190} INFO - [2025-02-19T10:24:56.614+0000] {serialized_dag.py:179} DEBUG - Serialized DAG (tutorial_dag) is unchanged. Skipping writing to DB
[2025-02-19T10:24:56.615+0000] {logging_mixin.py:190} INFO - [2025-02-19T10:24:56.615+0000] {dag.py:3229} INFO - Sync 1 DAGs
[2025-02-19T10:24:56.629+0000] {logging_mixin.py:190} INFO - [2025-02-19T10:24:56.628+0000] {dag.py:4156} INFO - Setting next_dagrun for tutorial_dag to None, run_after=None
[2025-02-19T10:24:56.647+0000] {processor.py:208} INFO - Processing /home/airflow/.local/lib/python3.12/site-packages/airflow/example_dags/tutorial_dag.py took 0.069 seconds
[2025-02-19T10:25:26.853+0000] {logging_mixin.py:190} INFO - [2025-02-19T10:25:26.852+0000] {settings.py:475} DEBUG - Setting up DB connection pool (PID 340)
[2025-02-19T10:25:26.854+0000] {logging_mixin.py:190} INFO - [2025-02-19T10:25:26.854+0000] {settings.py:579} DEBUG - settings.prepare_engine_args(): Using pool settings. pool_size=5, max_overflow=10, pool_recycle=1800, pid=340
[2025-02-19T10:25:26.860+0000] {processor.py:186} INFO - Started process (PID=340) to work on /home/airflow/.local/lib/python3.12/site-packages/airflow/example_dags/tutorial_dag.py
[2025-02-19T10:25:26.860+0000] {processor.py:914} INFO - Processing file /home/airflow/.local/lib/python3.12/site-packages/airflow/example_dags/tutorial_dag.py for tasks to queue
[2025-02-19T10:25:26.861+0000] {logging_mixin.py:190} INFO - [2025-02-19T10:25:26.861+0000] {dagbag.py:587} INFO - Filling up the DagBag from /home/airflow/.local/lib/python3.12/site-packages/airflow/example_dags/tutorial_dag.py
[2025-02-19T10:25:26.862+0000] {logging_mixin.py:190} INFO - [2025-02-19T10:25:26.862+0000] {dagbag.py:368} DEBUG - Importing /home/airflow/.local/lib/python3.12/site-packages/airflow/example_dags/tutorial_dag.py
[2025-02-19T10:25:26.870+0000] {logging_mixin.py:190} INFO - [2025-02-19T10:25:26.869+0000] {dagbag.py:553} DEBUG - Loaded DAG <DAG: tutorial_dag>
[2025-02-19T10:25:26.871+0000] {processor.py:925} INFO - DAG(s) 'tutorial_dag' retrieved from /home/airflow/.local/lib/python3.12/site-packages/airflow/example_dags/tutorial_dag.py
[2025-02-19T10:25:26.872+0000] {logging_mixin.py:190} INFO - [2025-02-19T10:25:26.871+0000] {dagbag.py:710} DEBUG - Running dagbag.sync_to_db with retries. Try 1 of 3
[2025-02-19T10:25:26.872+0000] {logging_mixin.py:190} INFO - [2025-02-19T10:25:26.872+0000] {dagbag.py:715} DEBUG - Calling the DAG.bulk_sync_to_db method
[2025-02-19T10:25:26.883+0000] {logging_mixin.py:190} INFO - [2025-02-19T10:25:26.882+0000] {serialized_dag.py:168} DEBUG - Checking if DAG (tutorial_dag) changed
[2025-02-19T10:25:26.891+0000] {logging_mixin.py:190} INFO - [2025-02-19T10:25:26.891+0000] {serialized_dag.py:179} DEBUG - Serialized DAG (tutorial_dag) is unchanged. Skipping writing to DB
[2025-02-19T10:25:26.892+0000] {logging_mixin.py:190} INFO - [2025-02-19T10:25:26.892+0000] {dag.py:3229} INFO - Sync 1 DAGs
[2025-02-19T10:25:26.906+0000] {logging_mixin.py:190} INFO - [2025-02-19T10:25:26.905+0000] {dag.py:4156} INFO - Setting next_dagrun for tutorial_dag to None, run_after=None
[2025-02-19T10:25:26.926+0000] {processor.py:208} INFO - Processing /home/airflow/.local/lib/python3.12/site-packages/airflow/example_dags/tutorial_dag.py took 0.073 seconds
[2025-02-19T10:25:57.626+0000] {logging_mixin.py:190} INFO - [2025-02-19T10:25:57.625+0000] {settings.py:475} DEBUG - Setting up DB connection pool (PID 404)
[2025-02-19T10:25:57.627+0000] {logging_mixin.py:190} INFO - [2025-02-19T10:25:57.627+0000] {settings.py:579} DEBUG - settings.prepare_engine_args(): Using pool settings. pool_size=5, max_overflow=10, pool_recycle=1800, pid=404
[2025-02-19T10:25:57.631+0000] {processor.py:186} INFO - Started process (PID=404) to work on /home/airflow/.local/lib/python3.12/site-packages/airflow/example_dags/tutorial_dag.py
[2025-02-19T10:25:57.632+0000] {processor.py:914} INFO - Processing file /home/airflow/.local/lib/python3.12/site-packages/airflow/example_dags/tutorial_dag.py for tasks to queue
[2025-02-19T10:25:57.633+0000] {logging_mixin.py:190} INFO - [2025-02-19T10:25:57.632+0000] {dagbag.py:587} INFO - Filling up the DagBag from /home/airflow/.local/lib/python3.12/site-packages/airflow/example_dags/tutorial_dag.py
[2025-02-19T10:25:57.633+0000] {logging_mixin.py:190} INFO - [2025-02-19T10:25:57.633+0000] {dagbag.py:368} DEBUG - Importing /home/airflow/.local/lib/python3.12/site-packages/airflow/example_dags/tutorial_dag.py
[2025-02-19T10:25:57.640+0000] {logging_mixin.py:190} INFO - [2025-02-19T10:25:57.639+0000] {dagbag.py:553} DEBUG - Loaded DAG <DAG: tutorial_dag>
[2025-02-19T10:25:57.641+0000] {processor.py:925} INFO - DAG(s) 'tutorial_dag' retrieved from /home/airflow/.local/lib/python3.12/site-packages/airflow/example_dags/tutorial_dag.py
[2025-02-19T10:25:57.641+0000] {logging_mixin.py:190} INFO - [2025-02-19T10:25:57.641+0000] {dagbag.py:710} DEBUG - Running dagbag.sync_to_db with retries. Try 1 of 3
[2025-02-19T10:25:57.641+0000] {logging_mixin.py:190} INFO - [2025-02-19T10:25:57.641+0000] {dagbag.py:715} DEBUG - Calling the DAG.bulk_sync_to_db method
[2025-02-19T10:25:57.652+0000] {logging_mixin.py:190} INFO - [2025-02-19T10:25:57.652+0000] {serialized_dag.py:168} DEBUG - Checking if DAG (tutorial_dag) changed
[2025-02-19T10:25:57.661+0000] {logging_mixin.py:190} INFO - [2025-02-19T10:25:57.660+0000] {serialized_dag.py:179} DEBUG - Serialized DAG (tutorial_dag) is unchanged. Skipping writing to DB
[2025-02-19T10:25:57.661+0000] {logging_mixin.py:190} INFO - [2025-02-19T10:25:57.661+0000] {dag.py:3229} INFO - Sync 1 DAGs
[2025-02-19T10:25:57.674+0000] {logging_mixin.py:190} INFO - [2025-02-19T10:25:57.673+0000] {dag.py:4156} INFO - Setting next_dagrun for tutorial_dag to None, run_after=None
[2025-02-19T10:25:57.692+0000] {processor.py:208} INFO - Processing /home/airflow/.local/lib/python3.12/site-packages/airflow/example_dags/tutorial_dag.py took 0.066 seconds
[2025-02-19T10:26:28.348+0000] {logging_mixin.py:190} INFO - [2025-02-19T10:26:28.348+0000] {settings.py:475} DEBUG - Setting up DB connection pool (PID 468)
[2025-02-19T10:26:28.349+0000] {logging_mixin.py:190} INFO - [2025-02-19T10:26:28.349+0000] {settings.py:579} DEBUG - settings.prepare_engine_args(): Using pool settings. pool_size=5, max_overflow=10, pool_recycle=1800, pid=468
[2025-02-19T10:26:28.353+0000] {processor.py:186} INFO - Started process (PID=468) to work on /home/airflow/.local/lib/python3.12/site-packages/airflow/example_dags/tutorial_dag.py
[2025-02-19T10:26:28.353+0000] {processor.py:914} INFO - Processing file /home/airflow/.local/lib/python3.12/site-packages/airflow/example_dags/tutorial_dag.py for tasks to queue
[2025-02-19T10:26:28.354+0000] {logging_mixin.py:190} INFO - [2025-02-19T10:26:28.354+0000] {dagbag.py:587} INFO - Filling up the DagBag from /home/airflow/.local/lib/python3.12/site-packages/airflow/example_dags/tutorial_dag.py
[2025-02-19T10:26:28.355+0000] {logging_mixin.py:190} INFO - [2025-02-19T10:26:28.355+0000] {dagbag.py:368} DEBUG - Importing /home/airflow/.local/lib/python3.12/site-packages/airflow/example_dags/tutorial_dag.py
[2025-02-19T10:26:28.361+0000] {logging_mixin.py:190} INFO - [2025-02-19T10:26:28.360+0000] {dagbag.py:553} DEBUG - Loaded DAG <DAG: tutorial_dag>
[2025-02-19T10:26:28.362+0000] {processor.py:925} INFO - DAG(s) 'tutorial_dag' retrieved from /home/airflow/.local/lib/python3.12/site-packages/airflow/example_dags/tutorial_dag.py
[2025-02-19T10:26:28.362+0000] {logging_mixin.py:190} INFO - [2025-02-19T10:26:28.362+0000] {dagbag.py:710} DEBUG - Running dagbag.sync_to_db with retries. Try 1 of 3
[2025-02-19T10:26:28.362+0000] {logging_mixin.py:190} INFO - [2025-02-19T10:26:28.362+0000] {dagbag.py:715} DEBUG - Calling the DAG.bulk_sync_to_db method
[2025-02-19T10:26:28.373+0000] {logging_mixin.py:190} INFO - [2025-02-19T10:26:28.373+0000] {serialized_dag.py:168} DEBUG - Checking if DAG (tutorial_dag) changed
[2025-02-19T10:26:28.380+0000] {logging_mixin.py:190} INFO - [2025-02-19T10:26:28.380+0000] {serialized_dag.py:179} DEBUG - Serialized DAG (tutorial_dag) is unchanged. Skipping writing to DB
[2025-02-19T10:26:28.381+0000] {logging_mixin.py:190} INFO - [2025-02-19T10:26:28.381+0000] {dag.py:3229} INFO - Sync 1 DAGs
[2025-02-19T10:26:28.393+0000] {logging_mixin.py:190} INFO - [2025-02-19T10:26:28.393+0000] {dag.py:4156} INFO - Setting next_dagrun for tutorial_dag to None, run_after=None
[2025-02-19T10:26:28.411+0000] {processor.py:208} INFO - Processing /home/airflow/.local/lib/python3.12/site-packages/airflow/example_dags/tutorial_dag.py took 0.063 seconds
