[2025-02-19T09:38:26.689+0000] {processor.py:186} INFO - Started process (PID=80) to work on /home/airflow/.local/lib/python3.12/site-packages/airflow/example_dags/tutorial_taskflow_api_virtualenv.py
[2025-02-19T09:38:26.690+0000] {processor.py:914} INFO - Processing file /home/airflow/.local/lib/python3.12/site-packages/airflow/example_dags/tutorial_taskflow_api_virtualenv.py for tasks to queue
[2025-02-19T09:38:26.692+0000] {logging_mixin.py:190} INFO - [2025-02-19T09:38:26.692+0000] {dagbag.py:587} INFO - Filling up the DagBag from /home/airflow/.local/lib/python3.12/site-packages/airflow/example_dags/tutorial_taskflow_api_virtualenv.py
[2025-02-19T09:38:26.705+0000] {processor.py:925} INFO - DAG(s) 'tutorial_taskflow_api_virtualenv' retrieved from /home/airflow/.local/lib/python3.12/site-packages/airflow/example_dags/tutorial_taskflow_api_virtualenv.py
[2025-02-19T09:38:26.818+0000] {logging_mixin.py:190} INFO - [2025-02-19T09:38:26.818+0000] {dag.py:3229} INFO - Sync 1 DAGs
[2025-02-19T09:38:26.830+0000] {logging_mixin.py:190} INFO - [2025-02-19T09:38:26.830+0000] {dag.py:4156} INFO - Setting next_dagrun for tutorial_taskflow_api_virtualenv to None, run_after=None
[2025-02-19T09:38:27.061+0000] {processor.py:208} INFO - Processing /home/airflow/.local/lib/python3.12/site-packages/airflow/example_dags/tutorial_taskflow_api_virtualenv.py took 0.377 seconds
[2025-02-19T09:38:57.162+0000] {processor.py:186} INFO - Started process (PID=150) to work on /home/airflow/.local/lib/python3.12/site-packages/airflow/example_dags/tutorial_taskflow_api_virtualenv.py
[2025-02-19T09:38:57.163+0000] {processor.py:914} INFO - Processing file /home/airflow/.local/lib/python3.12/site-packages/airflow/example_dags/tutorial_taskflow_api_virtualenv.py for tasks to queue
[2025-02-19T09:38:57.165+0000] {logging_mixin.py:190} INFO - [2025-02-19T09:38:57.165+0000] {dagbag.py:587} INFO - Filling up the DagBag from /home/airflow/.local/lib/python3.12/site-packages/airflow/example_dags/tutorial_taskflow_api_virtualenv.py
[2025-02-19T09:38:57.175+0000] {processor.py:925} INFO - DAG(s) 'tutorial_taskflow_api_virtualenv' retrieved from /home/airflow/.local/lib/python3.12/site-packages/airflow/example_dags/tutorial_taskflow_api_virtualenv.py
[2025-02-19T09:38:57.194+0000] {logging_mixin.py:190} INFO - [2025-02-19T09:38:57.193+0000] {dag.py:3229} INFO - Sync 1 DAGs
[2025-02-19T09:38:57.212+0000] {logging_mixin.py:190} INFO - [2025-02-19T09:38:57.211+0000] {dag.py:4156} INFO - Setting next_dagrun for tutorial_taskflow_api_virtualenv to None, run_after=None
[2025-02-19T09:38:57.230+0000] {processor.py:208} INFO - Processing /home/airflow/.local/lib/python3.12/site-packages/airflow/example_dags/tutorial_taskflow_api_virtualenv.py took 0.073 seconds
[2025-02-19T09:39:27.726+0000] {processor.py:186} INFO - Started process (PID=214) to work on /home/airflow/.local/lib/python3.12/site-packages/airflow/example_dags/tutorial_taskflow_api_virtualenv.py
[2025-02-19T09:39:27.728+0000] {processor.py:914} INFO - Processing file /home/airflow/.local/lib/python3.12/site-packages/airflow/example_dags/tutorial_taskflow_api_virtualenv.py for tasks to queue
[2025-02-19T09:39:27.730+0000] {logging_mixin.py:190} INFO - [2025-02-19T09:39:27.729+0000] {dagbag.py:587} INFO - Filling up the DagBag from /home/airflow/.local/lib/python3.12/site-packages/airflow/example_dags/tutorial_taskflow_api_virtualenv.py
[2025-02-19T09:39:27.739+0000] {processor.py:925} INFO - DAG(s) 'tutorial_taskflow_api_virtualenv' retrieved from /home/airflow/.local/lib/python3.12/site-packages/airflow/example_dags/tutorial_taskflow_api_virtualenv.py
[2025-02-19T09:39:27.756+0000] {logging_mixin.py:190} INFO - [2025-02-19T09:39:27.756+0000] {dag.py:3229} INFO - Sync 1 DAGs
[2025-02-19T09:39:27.767+0000] {logging_mixin.py:190} INFO - [2025-02-19T09:39:27.767+0000] {dag.py:4156} INFO - Setting next_dagrun for tutorial_taskflow_api_virtualenv to None, run_after=None
[2025-02-19T09:39:27.782+0000] {processor.py:208} INFO - Processing /home/airflow/.local/lib/python3.12/site-packages/airflow/example_dags/tutorial_taskflow_api_virtualenv.py took 0.060 seconds
[2025-02-19T09:39:57.957+0000] {processor.py:186} INFO - Started process (PID=278) to work on /home/airflow/.local/lib/python3.12/site-packages/airflow/example_dags/tutorial_taskflow_api_virtualenv.py
[2025-02-19T09:39:57.958+0000] {processor.py:914} INFO - Processing file /home/airflow/.local/lib/python3.12/site-packages/airflow/example_dags/tutorial_taskflow_api_virtualenv.py for tasks to queue
[2025-02-19T09:39:57.960+0000] {logging_mixin.py:190} INFO - [2025-02-19T09:39:57.960+0000] {dagbag.py:587} INFO - Filling up the DagBag from /home/airflow/.local/lib/python3.12/site-packages/airflow/example_dags/tutorial_taskflow_api_virtualenv.py
[2025-02-19T09:39:57.969+0000] {processor.py:925} INFO - DAG(s) 'tutorial_taskflow_api_virtualenv' retrieved from /home/airflow/.local/lib/python3.12/site-packages/airflow/example_dags/tutorial_taskflow_api_virtualenv.py
[2025-02-19T09:39:57.986+0000] {logging_mixin.py:190} INFO - [2025-02-19T09:39:57.985+0000] {dag.py:3229} INFO - Sync 1 DAGs
[2025-02-19T09:39:57.996+0000] {logging_mixin.py:190} INFO - [2025-02-19T09:39:57.995+0000] {dag.py:4156} INFO - Setting next_dagrun for tutorial_taskflow_api_virtualenv to None, run_after=None
[2025-02-19T09:39:58.011+0000] {processor.py:208} INFO - Processing /home/airflow/.local/lib/python3.12/site-packages/airflow/example_dags/tutorial_taskflow_api_virtualenv.py took 0.058 seconds
[2025-02-19T09:40:28.106+0000] {processor.py:186} INFO - Started process (PID=341) to work on /home/airflow/.local/lib/python3.12/site-packages/airflow/example_dags/tutorial_taskflow_api_virtualenv.py
[2025-02-19T09:40:28.107+0000] {processor.py:914} INFO - Processing file /home/airflow/.local/lib/python3.12/site-packages/airflow/example_dags/tutorial_taskflow_api_virtualenv.py for tasks to queue
[2025-02-19T09:40:28.110+0000] {logging_mixin.py:190} INFO - [2025-02-19T09:40:28.109+0000] {dagbag.py:587} INFO - Filling up the DagBag from /home/airflow/.local/lib/python3.12/site-packages/airflow/example_dags/tutorial_taskflow_api_virtualenv.py
[2025-02-19T09:40:28.119+0000] {processor.py:925} INFO - DAG(s) 'tutorial_taskflow_api_virtualenv' retrieved from /home/airflow/.local/lib/python3.12/site-packages/airflow/example_dags/tutorial_taskflow_api_virtualenv.py
[2025-02-19T09:40:28.136+0000] {logging_mixin.py:190} INFO - [2025-02-19T09:40:28.135+0000] {dag.py:3229} INFO - Sync 1 DAGs
[2025-02-19T09:40:28.147+0000] {logging_mixin.py:190} INFO - [2025-02-19T09:40:28.147+0000] {dag.py:4156} INFO - Setting next_dagrun for tutorial_taskflow_api_virtualenv to None, run_after=None
[2025-02-19T09:40:28.162+0000] {processor.py:208} INFO - Processing /home/airflow/.local/lib/python3.12/site-packages/airflow/example_dags/tutorial_taskflow_api_virtualenv.py took 0.060 seconds
[2025-02-19T09:40:58.385+0000] {processor.py:186} INFO - Started process (PID=405) to work on /home/airflow/.local/lib/python3.12/site-packages/airflow/example_dags/tutorial_taskflow_api_virtualenv.py
[2025-02-19T09:40:58.386+0000] {processor.py:914} INFO - Processing file /home/airflow/.local/lib/python3.12/site-packages/airflow/example_dags/tutorial_taskflow_api_virtualenv.py for tasks to queue
[2025-02-19T09:40:58.388+0000] {logging_mixin.py:190} INFO - [2025-02-19T09:40:58.388+0000] {dagbag.py:587} INFO - Filling up the DagBag from /home/airflow/.local/lib/python3.12/site-packages/airflow/example_dags/tutorial_taskflow_api_virtualenv.py
[2025-02-19T09:40:58.396+0000] {processor.py:925} INFO - DAG(s) 'tutorial_taskflow_api_virtualenv' retrieved from /home/airflow/.local/lib/python3.12/site-packages/airflow/example_dags/tutorial_taskflow_api_virtualenv.py
[2025-02-19T09:40:58.411+0000] {logging_mixin.py:190} INFO - [2025-02-19T09:40:58.411+0000] {dag.py:3229} INFO - Sync 1 DAGs
[2025-02-19T09:40:58.420+0000] {logging_mixin.py:190} INFO - [2025-02-19T09:40:58.420+0000] {dag.py:4156} INFO - Setting next_dagrun for tutorial_taskflow_api_virtualenv to None, run_after=None
[2025-02-19T09:40:58.434+0000] {processor.py:208} INFO - Processing /home/airflow/.local/lib/python3.12/site-packages/airflow/example_dags/tutorial_taskflow_api_virtualenv.py took 0.053 seconds
[2025-02-19T09:41:28.743+0000] {processor.py:186} INFO - Started process (PID=469) to work on /home/airflow/.local/lib/python3.12/site-packages/airflow/example_dags/tutorial_taskflow_api_virtualenv.py
[2025-02-19T09:41:28.744+0000] {processor.py:914} INFO - Processing file /home/airflow/.local/lib/python3.12/site-packages/airflow/example_dags/tutorial_taskflow_api_virtualenv.py for tasks to queue
[2025-02-19T09:41:28.746+0000] {logging_mixin.py:190} INFO - [2025-02-19T09:41:28.746+0000] {dagbag.py:587} INFO - Filling up the DagBag from /home/airflow/.local/lib/python3.12/site-packages/airflow/example_dags/tutorial_taskflow_api_virtualenv.py
[2025-02-19T09:41:28.756+0000] {processor.py:925} INFO - DAG(s) 'tutorial_taskflow_api_virtualenv' retrieved from /home/airflow/.local/lib/python3.12/site-packages/airflow/example_dags/tutorial_taskflow_api_virtualenv.py
[2025-02-19T09:41:28.774+0000] {logging_mixin.py:190} INFO - [2025-02-19T09:41:28.773+0000] {dag.py:3229} INFO - Sync 1 DAGs
[2025-02-19T09:41:28.787+0000] {logging_mixin.py:190} INFO - [2025-02-19T09:41:28.787+0000] {dag.py:4156} INFO - Setting next_dagrun for tutorial_taskflow_api_virtualenv to None, run_after=None
[2025-02-19T09:41:28.806+0000] {processor.py:208} INFO - Processing /home/airflow/.local/lib/python3.12/site-packages/airflow/example_dags/tutorial_taskflow_api_virtualenv.py took 0.067 seconds
[2025-02-19T09:41:58.879+0000] {processor.py:186} INFO - Started process (PID=533) to work on /home/airflow/.local/lib/python3.12/site-packages/airflow/example_dags/tutorial_taskflow_api_virtualenv.py
[2025-02-19T09:41:58.880+0000] {processor.py:914} INFO - Processing file /home/airflow/.local/lib/python3.12/site-packages/airflow/example_dags/tutorial_taskflow_api_virtualenv.py for tasks to queue
[2025-02-19T09:41:58.882+0000] {logging_mixin.py:190} INFO - [2025-02-19T09:41:58.882+0000] {dagbag.py:587} INFO - Filling up the DagBag from /home/airflow/.local/lib/python3.12/site-packages/airflow/example_dags/tutorial_taskflow_api_virtualenv.py
[2025-02-19T09:41:58.891+0000] {processor.py:925} INFO - DAG(s) 'tutorial_taskflow_api_virtualenv' retrieved from /home/airflow/.local/lib/python3.12/site-packages/airflow/example_dags/tutorial_taskflow_api_virtualenv.py
[2025-02-19T09:41:58.907+0000] {logging_mixin.py:190} INFO - [2025-02-19T09:41:58.906+0000] {dag.py:3229} INFO - Sync 1 DAGs
[2025-02-19T09:41:58.918+0000] {logging_mixin.py:190} INFO - [2025-02-19T09:41:58.918+0000] {dag.py:4156} INFO - Setting next_dagrun for tutorial_taskflow_api_virtualenv to None, run_after=None
[2025-02-19T09:41:58.932+0000] {processor.py:208} INFO - Processing /home/airflow/.local/lib/python3.12/site-packages/airflow/example_dags/tutorial_taskflow_api_virtualenv.py took 0.057 seconds
[2025-02-19T09:42:29.048+0000] {processor.py:186} INFO - Started process (PID=597) to work on /home/airflow/.local/lib/python3.12/site-packages/airflow/example_dags/tutorial_taskflow_api_virtualenv.py
[2025-02-19T09:42:29.049+0000] {processor.py:914} INFO - Processing file /home/airflow/.local/lib/python3.12/site-packages/airflow/example_dags/tutorial_taskflow_api_virtualenv.py for tasks to queue
[2025-02-19T09:42:29.051+0000] {logging_mixin.py:190} INFO - [2025-02-19T09:42:29.051+0000] {dagbag.py:587} INFO - Filling up the DagBag from /home/airflow/.local/lib/python3.12/site-packages/airflow/example_dags/tutorial_taskflow_api_virtualenv.py
[2025-02-19T09:42:29.060+0000] {processor.py:925} INFO - DAG(s) 'tutorial_taskflow_api_virtualenv' retrieved from /home/airflow/.local/lib/python3.12/site-packages/airflow/example_dags/tutorial_taskflow_api_virtualenv.py
[2025-02-19T09:42:29.076+0000] {logging_mixin.py:190} INFO - [2025-02-19T09:42:29.075+0000] {dag.py:3229} INFO - Sync 1 DAGs
[2025-02-19T09:42:29.088+0000] {logging_mixin.py:190} INFO - [2025-02-19T09:42:29.088+0000] {dag.py:4156} INFO - Setting next_dagrun for tutorial_taskflow_api_virtualenv to None, run_after=None
[2025-02-19T09:42:29.100+0000] {processor.py:208} INFO - Processing /home/airflow/.local/lib/python3.12/site-packages/airflow/example_dags/tutorial_taskflow_api_virtualenv.py took 0.056 seconds
[2025-02-19T09:42:59.210+0000] {processor.py:186} INFO - Started process (PID=661) to work on /home/airflow/.local/lib/python3.12/site-packages/airflow/example_dags/tutorial_taskflow_api_virtualenv.py
[2025-02-19T09:42:59.211+0000] {processor.py:914} INFO - Processing file /home/airflow/.local/lib/python3.12/site-packages/airflow/example_dags/tutorial_taskflow_api_virtualenv.py for tasks to queue
[2025-02-19T09:42:59.213+0000] {logging_mixin.py:190} INFO - [2025-02-19T09:42:59.213+0000] {dagbag.py:587} INFO - Filling up the DagBag from /home/airflow/.local/lib/python3.12/site-packages/airflow/example_dags/tutorial_taskflow_api_virtualenv.py
[2025-02-19T09:42:59.222+0000] {processor.py:925} INFO - DAG(s) 'tutorial_taskflow_api_virtualenv' retrieved from /home/airflow/.local/lib/python3.12/site-packages/airflow/example_dags/tutorial_taskflow_api_virtualenv.py
[2025-02-19T09:42:59.239+0000] {logging_mixin.py:190} INFO - [2025-02-19T09:42:59.239+0000] {dag.py:3229} INFO - Sync 1 DAGs
[2025-02-19T09:42:59.251+0000] {logging_mixin.py:190} INFO - [2025-02-19T09:42:59.250+0000] {dag.py:4156} INFO - Setting next_dagrun for tutorial_taskflow_api_virtualenv to None, run_after=None
[2025-02-19T09:42:59.265+0000] {processor.py:208} INFO - Processing /home/airflow/.local/lib/python3.12/site-packages/airflow/example_dags/tutorial_taskflow_api_virtualenv.py took 0.058 seconds
[2025-02-19T09:43:30.310+0000] {processor.py:186} INFO - Started process (PID=725) to work on /home/airflow/.local/lib/python3.12/site-packages/airflow/example_dags/tutorial_taskflow_api_virtualenv.py
[2025-02-19T09:43:30.311+0000] {processor.py:914} INFO - Processing file /home/airflow/.local/lib/python3.12/site-packages/airflow/example_dags/tutorial_taskflow_api_virtualenv.py for tasks to queue
[2025-02-19T09:43:30.313+0000] {logging_mixin.py:190} INFO - [2025-02-19T09:43:30.313+0000] {dagbag.py:587} INFO - Filling up the DagBag from /home/airflow/.local/lib/python3.12/site-packages/airflow/example_dags/tutorial_taskflow_api_virtualenv.py
[2025-02-19T09:43:30.322+0000] {processor.py:925} INFO - DAG(s) 'tutorial_taskflow_api_virtualenv' retrieved from /home/airflow/.local/lib/python3.12/site-packages/airflow/example_dags/tutorial_taskflow_api_virtualenv.py
[2025-02-19T09:43:30.340+0000] {logging_mixin.py:190} INFO - [2025-02-19T09:43:30.339+0000] {dag.py:3229} INFO - Sync 1 DAGs
[2025-02-19T09:43:30.350+0000] {logging_mixin.py:190} INFO - [2025-02-19T09:43:30.350+0000] {dag.py:4156} INFO - Setting next_dagrun for tutorial_taskflow_api_virtualenv to None, run_after=None
[2025-02-19T09:43:30.364+0000] {processor.py:208} INFO - Processing /home/airflow/.local/lib/python3.12/site-packages/airflow/example_dags/tutorial_taskflow_api_virtualenv.py took 0.058 seconds
[2025-02-19T09:44:00.691+0000] {processor.py:186} INFO - Started process (PID=789) to work on /home/airflow/.local/lib/python3.12/site-packages/airflow/example_dags/tutorial_taskflow_api_virtualenv.py
[2025-02-19T09:44:00.692+0000] {processor.py:914} INFO - Processing file /home/airflow/.local/lib/python3.12/site-packages/airflow/example_dags/tutorial_taskflow_api_virtualenv.py for tasks to queue
[2025-02-19T09:44:00.694+0000] {logging_mixin.py:190} INFO - [2025-02-19T09:44:00.694+0000] {dagbag.py:587} INFO - Filling up the DagBag from /home/airflow/.local/lib/python3.12/site-packages/airflow/example_dags/tutorial_taskflow_api_virtualenv.py
[2025-02-19T09:44:00.704+0000] {processor.py:925} INFO - DAG(s) 'tutorial_taskflow_api_virtualenv' retrieved from /home/airflow/.local/lib/python3.12/site-packages/airflow/example_dags/tutorial_taskflow_api_virtualenv.py
[2025-02-19T09:44:00.721+0000] {logging_mixin.py:190} INFO - [2025-02-19T09:44:00.720+0000] {dag.py:3229} INFO - Sync 1 DAGs
[2025-02-19T09:44:00.731+0000] {logging_mixin.py:190} INFO - [2025-02-19T09:44:00.730+0000] {dag.py:4156} INFO - Setting next_dagrun for tutorial_taskflow_api_virtualenv to None, run_after=None
[2025-02-19T09:44:00.747+0000] {processor.py:208} INFO - Processing /home/airflow/.local/lib/python3.12/site-packages/airflow/example_dags/tutorial_taskflow_api_virtualenv.py took 0.061 seconds
[2025-02-19T09:44:30.871+0000] {processor.py:186} INFO - Started process (PID=853) to work on /home/airflow/.local/lib/python3.12/site-packages/airflow/example_dags/tutorial_taskflow_api_virtualenv.py
[2025-02-19T09:44:30.872+0000] {processor.py:914} INFO - Processing file /home/airflow/.local/lib/python3.12/site-packages/airflow/example_dags/tutorial_taskflow_api_virtualenv.py for tasks to queue
[2025-02-19T09:44:30.874+0000] {logging_mixin.py:190} INFO - [2025-02-19T09:44:30.874+0000] {dagbag.py:587} INFO - Filling up the DagBag from /home/airflow/.local/lib/python3.12/site-packages/airflow/example_dags/tutorial_taskflow_api_virtualenv.py
[2025-02-19T09:44:30.883+0000] {processor.py:925} INFO - DAG(s) 'tutorial_taskflow_api_virtualenv' retrieved from /home/airflow/.local/lib/python3.12/site-packages/airflow/example_dags/tutorial_taskflow_api_virtualenv.py
[2025-02-19T09:44:30.898+0000] {logging_mixin.py:190} INFO - [2025-02-19T09:44:30.898+0000] {dag.py:3229} INFO - Sync 1 DAGs
[2025-02-19T09:44:30.910+0000] {logging_mixin.py:190} INFO - [2025-02-19T09:44:30.910+0000] {dag.py:4156} INFO - Setting next_dagrun for tutorial_taskflow_api_virtualenv to None, run_after=None
[2025-02-19T09:44:30.925+0000] {processor.py:208} INFO - Processing /home/airflow/.local/lib/python3.12/site-packages/airflow/example_dags/tutorial_taskflow_api_virtualenv.py took 0.058 seconds
[2025-02-19T09:45:01.108+0000] {processor.py:186} INFO - Started process (PID=917) to work on /home/airflow/.local/lib/python3.12/site-packages/airflow/example_dags/tutorial_taskflow_api_virtualenv.py
[2025-02-19T09:45:01.109+0000] {processor.py:914} INFO - Processing file /home/airflow/.local/lib/python3.12/site-packages/airflow/example_dags/tutorial_taskflow_api_virtualenv.py for tasks to queue
[2025-02-19T09:45:01.111+0000] {logging_mixin.py:190} INFO - [2025-02-19T09:45:01.111+0000] {dagbag.py:587} INFO - Filling up the DagBag from /home/airflow/.local/lib/python3.12/site-packages/airflow/example_dags/tutorial_taskflow_api_virtualenv.py
[2025-02-19T09:45:01.121+0000] {processor.py:925} INFO - DAG(s) 'tutorial_taskflow_api_virtualenv' retrieved from /home/airflow/.local/lib/python3.12/site-packages/airflow/example_dags/tutorial_taskflow_api_virtualenv.py
[2025-02-19T09:45:01.140+0000] {logging_mixin.py:190} INFO - [2025-02-19T09:45:01.139+0000] {dag.py:3229} INFO - Sync 1 DAGs
[2025-02-19T09:45:01.151+0000] {logging_mixin.py:190} INFO - [2025-02-19T09:45:01.151+0000] {dag.py:4156} INFO - Setting next_dagrun for tutorial_taskflow_api_virtualenv to None, run_after=None
[2025-02-19T09:45:01.168+0000] {processor.py:208} INFO - Processing /home/airflow/.local/lib/python3.12/site-packages/airflow/example_dags/tutorial_taskflow_api_virtualenv.py took 0.065 seconds
[2025-02-19T09:45:31.298+0000] {processor.py:186} INFO - Started process (PID=981) to work on /home/airflow/.local/lib/python3.12/site-packages/airflow/example_dags/tutorial_taskflow_api_virtualenv.py
[2025-02-19T09:45:31.299+0000] {processor.py:914} INFO - Processing file /home/airflow/.local/lib/python3.12/site-packages/airflow/example_dags/tutorial_taskflow_api_virtualenv.py for tasks to queue
[2025-02-19T09:45:31.300+0000] {logging_mixin.py:190} INFO - [2025-02-19T09:45:31.300+0000] {dagbag.py:587} INFO - Filling up the DagBag from /home/airflow/.local/lib/python3.12/site-packages/airflow/example_dags/tutorial_taskflow_api_virtualenv.py
[2025-02-19T09:45:31.309+0000] {processor.py:925} INFO - DAG(s) 'tutorial_taskflow_api_virtualenv' retrieved from /home/airflow/.local/lib/python3.12/site-packages/airflow/example_dags/tutorial_taskflow_api_virtualenv.py
[2025-02-19T09:45:31.327+0000] {logging_mixin.py:190} INFO - [2025-02-19T09:45:31.326+0000] {dag.py:3229} INFO - Sync 1 DAGs
[2025-02-19T09:45:31.338+0000] {logging_mixin.py:190} INFO - [2025-02-19T09:45:31.337+0000] {dag.py:4156} INFO - Setting next_dagrun for tutorial_taskflow_api_virtualenv to None, run_after=None
[2025-02-19T09:45:31.353+0000] {processor.py:208} INFO - Processing /home/airflow/.local/lib/python3.12/site-packages/airflow/example_dags/tutorial_taskflow_api_virtualenv.py took 0.059 seconds
[2025-02-19T09:46:01.500+0000] {processor.py:186} INFO - Started process (PID=1045) to work on /home/airflow/.local/lib/python3.12/site-packages/airflow/example_dags/tutorial_taskflow_api_virtualenv.py
[2025-02-19T09:46:01.501+0000] {processor.py:914} INFO - Processing file /home/airflow/.local/lib/python3.12/site-packages/airflow/example_dags/tutorial_taskflow_api_virtualenv.py for tasks to queue
[2025-02-19T09:46:01.503+0000] {logging_mixin.py:190} INFO - [2025-02-19T09:46:01.503+0000] {dagbag.py:587} INFO - Filling up the DagBag from /home/airflow/.local/lib/python3.12/site-packages/airflow/example_dags/tutorial_taskflow_api_virtualenv.py
[2025-02-19T09:46:01.512+0000] {processor.py:925} INFO - DAG(s) 'tutorial_taskflow_api_virtualenv' retrieved from /home/airflow/.local/lib/python3.12/site-packages/airflow/example_dags/tutorial_taskflow_api_virtualenv.py
[2025-02-19T09:46:01.529+0000] {logging_mixin.py:190} INFO - [2025-02-19T09:46:01.528+0000] {dag.py:3229} INFO - Sync 1 DAGs
[2025-02-19T09:46:01.539+0000] {logging_mixin.py:190} INFO - [2025-02-19T09:46:01.538+0000] {dag.py:4156} INFO - Setting next_dagrun for tutorial_taskflow_api_virtualenv to None, run_after=None
[2025-02-19T09:46:01.551+0000] {processor.py:208} INFO - Processing /home/airflow/.local/lib/python3.12/site-packages/airflow/example_dags/tutorial_taskflow_api_virtualenv.py took 0.055 seconds
[2025-02-19T09:46:32.434+0000] {processor.py:186} INFO - Started process (PID=1109) to work on /home/airflow/.local/lib/python3.12/site-packages/airflow/example_dags/tutorial_taskflow_api_virtualenv.py
[2025-02-19T09:46:32.435+0000] {processor.py:914} INFO - Processing file /home/airflow/.local/lib/python3.12/site-packages/airflow/example_dags/tutorial_taskflow_api_virtualenv.py for tasks to queue
[2025-02-19T09:46:32.437+0000] {logging_mixin.py:190} INFO - [2025-02-19T09:46:32.437+0000] {dagbag.py:587} INFO - Filling up the DagBag from /home/airflow/.local/lib/python3.12/site-packages/airflow/example_dags/tutorial_taskflow_api_virtualenv.py
[2025-02-19T09:46:32.445+0000] {processor.py:925} INFO - DAG(s) 'tutorial_taskflow_api_virtualenv' retrieved from /home/airflow/.local/lib/python3.12/site-packages/airflow/example_dags/tutorial_taskflow_api_virtualenv.py
[2025-02-19T09:46:32.461+0000] {logging_mixin.py:190} INFO - [2025-02-19T09:46:32.461+0000] {dag.py:3229} INFO - Sync 1 DAGs
[2025-02-19T09:46:32.472+0000] {logging_mixin.py:190} INFO - [2025-02-19T09:46:32.472+0000] {dag.py:4156} INFO - Setting next_dagrun for tutorial_taskflow_api_virtualenv to None, run_after=None
[2025-02-19T09:46:32.486+0000] {processor.py:208} INFO - Processing /home/airflow/.local/lib/python3.12/site-packages/airflow/example_dags/tutorial_taskflow_api_virtualenv.py took 0.056 seconds
[2025-02-19T09:47:03.304+0000] {processor.py:186} INFO - Started process (PID=1173) to work on /home/airflow/.local/lib/python3.12/site-packages/airflow/example_dags/tutorial_taskflow_api_virtualenv.py
[2025-02-19T09:47:03.305+0000] {processor.py:914} INFO - Processing file /home/airflow/.local/lib/python3.12/site-packages/airflow/example_dags/tutorial_taskflow_api_virtualenv.py for tasks to queue
[2025-02-19T09:47:03.307+0000] {logging_mixin.py:190} INFO - [2025-02-19T09:47:03.307+0000] {dagbag.py:587} INFO - Filling up the DagBag from /home/airflow/.local/lib/python3.12/site-packages/airflow/example_dags/tutorial_taskflow_api_virtualenv.py
[2025-02-19T09:47:03.317+0000] {processor.py:925} INFO - DAG(s) 'tutorial_taskflow_api_virtualenv' retrieved from /home/airflow/.local/lib/python3.12/site-packages/airflow/example_dags/tutorial_taskflow_api_virtualenv.py
[2025-02-19T09:47:03.337+0000] {logging_mixin.py:190} INFO - [2025-02-19T09:47:03.337+0000] {dag.py:3229} INFO - Sync 1 DAGs
[2025-02-19T09:47:03.349+0000] {logging_mixin.py:190} INFO - [2025-02-19T09:47:03.349+0000] {dag.py:4156} INFO - Setting next_dagrun for tutorial_taskflow_api_virtualenv to None, run_after=None
[2025-02-19T09:47:03.365+0000] {processor.py:208} INFO - Processing /home/airflow/.local/lib/python3.12/site-packages/airflow/example_dags/tutorial_taskflow_api_virtualenv.py took 0.065 seconds
[2025-02-19T09:47:33.670+0000] {processor.py:186} INFO - Started process (PID=1237) to work on /home/airflow/.local/lib/python3.12/site-packages/airflow/example_dags/tutorial_taskflow_api_virtualenv.py
[2025-02-19T09:47:33.672+0000] {processor.py:914} INFO - Processing file /home/airflow/.local/lib/python3.12/site-packages/airflow/example_dags/tutorial_taskflow_api_virtualenv.py for tasks to queue
[2025-02-19T09:47:33.674+0000] {logging_mixin.py:190} INFO - [2025-02-19T09:47:33.673+0000] {dagbag.py:587} INFO - Filling up the DagBag from /home/airflow/.local/lib/python3.12/site-packages/airflow/example_dags/tutorial_taskflow_api_virtualenv.py
[2025-02-19T09:47:33.684+0000] {processor.py:925} INFO - DAG(s) 'tutorial_taskflow_api_virtualenv' retrieved from /home/airflow/.local/lib/python3.12/site-packages/airflow/example_dags/tutorial_taskflow_api_virtualenv.py
[2025-02-19T09:47:33.705+0000] {logging_mixin.py:190} INFO - [2025-02-19T09:47:33.704+0000] {dag.py:3229} INFO - Sync 1 DAGs
[2025-02-19T09:47:33.718+0000] {logging_mixin.py:190} INFO - [2025-02-19T09:47:33.718+0000] {dag.py:4156} INFO - Setting next_dagrun for tutorial_taskflow_api_virtualenv to None, run_after=None
[2025-02-19T09:47:33.735+0000] {processor.py:208} INFO - Processing /home/airflow/.local/lib/python3.12/site-packages/airflow/example_dags/tutorial_taskflow_api_virtualenv.py took 0.069 seconds
[2025-02-19T09:48:04.085+0000] {processor.py:186} INFO - Started process (PID=1302) to work on /home/airflow/.local/lib/python3.12/site-packages/airflow/example_dags/tutorial_taskflow_api_virtualenv.py
[2025-02-19T09:48:04.086+0000] {processor.py:914} INFO - Processing file /home/airflow/.local/lib/python3.12/site-packages/airflow/example_dags/tutorial_taskflow_api_virtualenv.py for tasks to queue
[2025-02-19T09:48:04.088+0000] {logging_mixin.py:190} INFO - [2025-02-19T09:48:04.088+0000] {dagbag.py:587} INFO - Filling up the DagBag from /home/airflow/.local/lib/python3.12/site-packages/airflow/example_dags/tutorial_taskflow_api_virtualenv.py
[2025-02-19T09:48:04.099+0000] {processor.py:925} INFO - DAG(s) 'tutorial_taskflow_api_virtualenv' retrieved from /home/airflow/.local/lib/python3.12/site-packages/airflow/example_dags/tutorial_taskflow_api_virtualenv.py
[2025-02-19T09:48:04.119+0000] {logging_mixin.py:190} INFO - [2025-02-19T09:48:04.118+0000] {dag.py:3229} INFO - Sync 1 DAGs
[2025-02-19T09:48:04.133+0000] {logging_mixin.py:190} INFO - [2025-02-19T09:48:04.133+0000] {dag.py:4156} INFO - Setting next_dagrun for tutorial_taskflow_api_virtualenv to None, run_after=None
[2025-02-19T09:48:04.154+0000] {processor.py:208} INFO - Processing /home/airflow/.local/lib/python3.12/site-packages/airflow/example_dags/tutorial_taskflow_api_virtualenv.py took 0.074 seconds
[2025-02-19T09:48:34.203+0000] {processor.py:186} INFO - Started process (PID=1366) to work on /home/airflow/.local/lib/python3.12/site-packages/airflow/example_dags/tutorial_taskflow_api_virtualenv.py
[2025-02-19T09:48:34.204+0000] {processor.py:914} INFO - Processing file /home/airflow/.local/lib/python3.12/site-packages/airflow/example_dags/tutorial_taskflow_api_virtualenv.py for tasks to queue
[2025-02-19T09:48:34.206+0000] {logging_mixin.py:190} INFO - [2025-02-19T09:48:34.205+0000] {dagbag.py:587} INFO - Filling up the DagBag from /home/airflow/.local/lib/python3.12/site-packages/airflow/example_dags/tutorial_taskflow_api_virtualenv.py
[2025-02-19T09:48:34.215+0000] {processor.py:925} INFO - DAG(s) 'tutorial_taskflow_api_virtualenv' retrieved from /home/airflow/.local/lib/python3.12/site-packages/airflow/example_dags/tutorial_taskflow_api_virtualenv.py
[2025-02-19T09:48:34.231+0000] {logging_mixin.py:190} INFO - [2025-02-19T09:48:34.230+0000] {dag.py:3229} INFO - Sync 1 DAGs
[2025-02-19T09:48:34.242+0000] {logging_mixin.py:190} INFO - [2025-02-19T09:48:34.242+0000] {dag.py:4156} INFO - Setting next_dagrun for tutorial_taskflow_api_virtualenv to None, run_after=None
[2025-02-19T09:48:34.256+0000] {processor.py:208} INFO - Processing /home/airflow/.local/lib/python3.12/site-packages/airflow/example_dags/tutorial_taskflow_api_virtualenv.py took 0.057 seconds
[2025-02-19T09:49:05.136+0000] {processor.py:186} INFO - Started process (PID=1430) to work on /home/airflow/.local/lib/python3.12/site-packages/airflow/example_dags/tutorial_taskflow_api_virtualenv.py
[2025-02-19T09:49:05.137+0000] {processor.py:914} INFO - Processing file /home/airflow/.local/lib/python3.12/site-packages/airflow/example_dags/tutorial_taskflow_api_virtualenv.py for tasks to queue
[2025-02-19T09:49:05.139+0000] {logging_mixin.py:190} INFO - [2025-02-19T09:49:05.139+0000] {dagbag.py:587} INFO - Filling up the DagBag from /home/airflow/.local/lib/python3.12/site-packages/airflow/example_dags/tutorial_taskflow_api_virtualenv.py
[2025-02-19T09:49:05.149+0000] {processor.py:925} INFO - DAG(s) 'tutorial_taskflow_api_virtualenv' retrieved from /home/airflow/.local/lib/python3.12/site-packages/airflow/example_dags/tutorial_taskflow_api_virtualenv.py
[2025-02-19T09:49:05.166+0000] {logging_mixin.py:190} INFO - [2025-02-19T09:49:05.165+0000] {dag.py:3229} INFO - Sync 1 DAGs
[2025-02-19T09:49:05.177+0000] {logging_mixin.py:190} INFO - [2025-02-19T09:49:05.176+0000] {dag.py:4156} INFO - Setting next_dagrun for tutorial_taskflow_api_virtualenv to None, run_after=None
[2025-02-19T09:49:05.190+0000] {processor.py:208} INFO - Processing /home/airflow/.local/lib/python3.12/site-packages/airflow/example_dags/tutorial_taskflow_api_virtualenv.py took 0.059 seconds
[2025-02-19T09:49:36.135+0000] {processor.py:186} INFO - Started process (PID=1494) to work on /home/airflow/.local/lib/python3.12/site-packages/airflow/example_dags/tutorial_taskflow_api_virtualenv.py
[2025-02-19T09:49:36.137+0000] {processor.py:914} INFO - Processing file /home/airflow/.local/lib/python3.12/site-packages/airflow/example_dags/tutorial_taskflow_api_virtualenv.py for tasks to queue
[2025-02-19T09:49:36.138+0000] {logging_mixin.py:190} INFO - [2025-02-19T09:49:36.138+0000] {dagbag.py:587} INFO - Filling up the DagBag from /home/airflow/.local/lib/python3.12/site-packages/airflow/example_dags/tutorial_taskflow_api_virtualenv.py
[2025-02-19T09:49:36.147+0000] {processor.py:925} INFO - DAG(s) 'tutorial_taskflow_api_virtualenv' retrieved from /home/airflow/.local/lib/python3.12/site-packages/airflow/example_dags/tutorial_taskflow_api_virtualenv.py
[2025-02-19T09:49:36.163+0000] {logging_mixin.py:190} INFO - [2025-02-19T09:49:36.163+0000] {dag.py:3229} INFO - Sync 1 DAGs
[2025-02-19T09:49:36.174+0000] {logging_mixin.py:190} INFO - [2025-02-19T09:49:36.174+0000] {dag.py:4156} INFO - Setting next_dagrun for tutorial_taskflow_api_virtualenv to None, run_after=None
[2025-02-19T09:49:36.189+0000] {processor.py:208} INFO - Processing /home/airflow/.local/lib/python3.12/site-packages/airflow/example_dags/tutorial_taskflow_api_virtualenv.py took 0.058 seconds
[2025-02-19T09:50:06.333+0000] {processor.py:186} INFO - Started process (PID=1558) to work on /home/airflow/.local/lib/python3.12/site-packages/airflow/example_dags/tutorial_taskflow_api_virtualenv.py
[2025-02-19T09:50:06.334+0000] {processor.py:914} INFO - Processing file /home/airflow/.local/lib/python3.12/site-packages/airflow/example_dags/tutorial_taskflow_api_virtualenv.py for tasks to queue
[2025-02-19T09:50:06.336+0000] {logging_mixin.py:190} INFO - [2025-02-19T09:50:06.336+0000] {dagbag.py:587} INFO - Filling up the DagBag from /home/airflow/.local/lib/python3.12/site-packages/airflow/example_dags/tutorial_taskflow_api_virtualenv.py
[2025-02-19T09:50:06.346+0000] {processor.py:925} INFO - DAG(s) 'tutorial_taskflow_api_virtualenv' retrieved from /home/airflow/.local/lib/python3.12/site-packages/airflow/example_dags/tutorial_taskflow_api_virtualenv.py
[2025-02-19T09:50:06.364+0000] {logging_mixin.py:190} INFO - [2025-02-19T09:50:06.363+0000] {dag.py:3229} INFO - Sync 1 DAGs
[2025-02-19T09:50:06.376+0000] {logging_mixin.py:190} INFO - [2025-02-19T09:50:06.376+0000] {dag.py:4156} INFO - Setting next_dagrun for tutorial_taskflow_api_virtualenv to None, run_after=None
[2025-02-19T09:50:06.392+0000] {processor.py:208} INFO - Processing /home/airflow/.local/lib/python3.12/site-packages/airflow/example_dags/tutorial_taskflow_api_virtualenv.py took 0.064 seconds
[2025-02-19T09:50:36.630+0000] {processor.py:186} INFO - Started process (PID=1622) to work on /home/airflow/.local/lib/python3.12/site-packages/airflow/example_dags/tutorial_taskflow_api_virtualenv.py
[2025-02-19T09:50:36.631+0000] {processor.py:914} INFO - Processing file /home/airflow/.local/lib/python3.12/site-packages/airflow/example_dags/tutorial_taskflow_api_virtualenv.py for tasks to queue
[2025-02-19T09:50:36.633+0000] {logging_mixin.py:190} INFO - [2025-02-19T09:50:36.633+0000] {dagbag.py:587} INFO - Filling up the DagBag from /home/airflow/.local/lib/python3.12/site-packages/airflow/example_dags/tutorial_taskflow_api_virtualenv.py
[2025-02-19T09:50:36.643+0000] {processor.py:925} INFO - DAG(s) 'tutorial_taskflow_api_virtualenv' retrieved from /home/airflow/.local/lib/python3.12/site-packages/airflow/example_dags/tutorial_taskflow_api_virtualenv.py
[2025-02-19T09:50:36.663+0000] {logging_mixin.py:190} INFO - [2025-02-19T09:50:36.662+0000] {dag.py:3229} INFO - Sync 1 DAGs
[2025-02-19T09:50:36.675+0000] {logging_mixin.py:190} INFO - [2025-02-19T09:50:36.674+0000] {dag.py:4156} INFO - Setting next_dagrun for tutorial_taskflow_api_virtualenv to None, run_after=None
[2025-02-19T09:50:36.692+0000] {processor.py:208} INFO - Processing /home/airflow/.local/lib/python3.12/site-packages/airflow/example_dags/tutorial_taskflow_api_virtualenv.py took 0.066 seconds
[2025-02-19T09:51:07.184+0000] {processor.py:186} INFO - Started process (PID=1686) to work on /home/airflow/.local/lib/python3.12/site-packages/airflow/example_dags/tutorial_taskflow_api_virtualenv.py
[2025-02-19T09:51:07.185+0000] {processor.py:914} INFO - Processing file /home/airflow/.local/lib/python3.12/site-packages/airflow/example_dags/tutorial_taskflow_api_virtualenv.py for tasks to queue
[2025-02-19T09:51:07.187+0000] {logging_mixin.py:190} INFO - [2025-02-19T09:51:07.187+0000] {dagbag.py:587} INFO - Filling up the DagBag from /home/airflow/.local/lib/python3.12/site-packages/airflow/example_dags/tutorial_taskflow_api_virtualenv.py
[2025-02-19T09:51:07.195+0000] {processor.py:925} INFO - DAG(s) 'tutorial_taskflow_api_virtualenv' retrieved from /home/airflow/.local/lib/python3.12/site-packages/airflow/example_dags/tutorial_taskflow_api_virtualenv.py
[2025-02-19T09:51:07.212+0000] {logging_mixin.py:190} INFO - [2025-02-19T09:51:07.211+0000] {dag.py:3229} INFO - Sync 1 DAGs
[2025-02-19T09:51:07.222+0000] {logging_mixin.py:190} INFO - [2025-02-19T09:51:07.222+0000] {dag.py:4156} INFO - Setting next_dagrun for tutorial_taskflow_api_virtualenv to None, run_after=None
[2025-02-19T09:51:07.236+0000] {processor.py:208} INFO - Processing /home/airflow/.local/lib/python3.12/site-packages/airflow/example_dags/tutorial_taskflow_api_virtualenv.py took 0.056 seconds
[2025-02-19T09:51:37.330+0000] {processor.py:186} INFO - Started process (PID=1750) to work on /home/airflow/.local/lib/python3.12/site-packages/airflow/example_dags/tutorial_taskflow_api_virtualenv.py
[2025-02-19T09:51:37.331+0000] {processor.py:914} INFO - Processing file /home/airflow/.local/lib/python3.12/site-packages/airflow/example_dags/tutorial_taskflow_api_virtualenv.py for tasks to queue
[2025-02-19T09:51:37.332+0000] {logging_mixin.py:190} INFO - [2025-02-19T09:51:37.332+0000] {dagbag.py:587} INFO - Filling up the DagBag from /home/airflow/.local/lib/python3.12/site-packages/airflow/example_dags/tutorial_taskflow_api_virtualenv.py
[2025-02-19T09:51:37.341+0000] {processor.py:925} INFO - DAG(s) 'tutorial_taskflow_api_virtualenv' retrieved from /home/airflow/.local/lib/python3.12/site-packages/airflow/example_dags/tutorial_taskflow_api_virtualenv.py
[2025-02-19T09:51:37.357+0000] {logging_mixin.py:190} INFO - [2025-02-19T09:51:37.356+0000] {dag.py:3229} INFO - Sync 1 DAGs
[2025-02-19T09:51:37.367+0000] {logging_mixin.py:190} INFO - [2025-02-19T09:51:37.367+0000] {dag.py:4156} INFO - Setting next_dagrun for tutorial_taskflow_api_virtualenv to None, run_after=None
[2025-02-19T09:51:37.379+0000] {processor.py:208} INFO - Processing /home/airflow/.local/lib/python3.12/site-packages/airflow/example_dags/tutorial_taskflow_api_virtualenv.py took 0.053 seconds
[2025-02-19T09:52:07.629+0000] {processor.py:186} INFO - Started process (PID=1814) to work on /home/airflow/.local/lib/python3.12/site-packages/airflow/example_dags/tutorial_taskflow_api_virtualenv.py
[2025-02-19T09:52:07.630+0000] {processor.py:914} INFO - Processing file /home/airflow/.local/lib/python3.12/site-packages/airflow/example_dags/tutorial_taskflow_api_virtualenv.py for tasks to queue
[2025-02-19T09:52:07.632+0000] {logging_mixin.py:190} INFO - [2025-02-19T09:52:07.631+0000] {dagbag.py:587} INFO - Filling up the DagBag from /home/airflow/.local/lib/python3.12/site-packages/airflow/example_dags/tutorial_taskflow_api_virtualenv.py
[2025-02-19T09:52:07.641+0000] {processor.py:925} INFO - DAG(s) 'tutorial_taskflow_api_virtualenv' retrieved from /home/airflow/.local/lib/python3.12/site-packages/airflow/example_dags/tutorial_taskflow_api_virtualenv.py
[2025-02-19T09:52:07.662+0000] {logging_mixin.py:190} INFO - [2025-02-19T09:52:07.661+0000] {dag.py:3229} INFO - Sync 1 DAGs
[2025-02-19T09:52:07.674+0000] {logging_mixin.py:190} INFO - [2025-02-19T09:52:07.674+0000] {dag.py:4156} INFO - Setting next_dagrun for tutorial_taskflow_api_virtualenv to None, run_after=None
[2025-02-19T09:52:07.690+0000] {processor.py:208} INFO - Processing /home/airflow/.local/lib/python3.12/site-packages/airflow/example_dags/tutorial_taskflow_api_virtualenv.py took 0.066 seconds
[2025-02-19T09:52:37.882+0000] {processor.py:186} INFO - Started process (PID=1878) to work on /home/airflow/.local/lib/python3.12/site-packages/airflow/example_dags/tutorial_taskflow_api_virtualenv.py
[2025-02-19T09:52:37.883+0000] {processor.py:914} INFO - Processing file /home/airflow/.local/lib/python3.12/site-packages/airflow/example_dags/tutorial_taskflow_api_virtualenv.py for tasks to queue
[2025-02-19T09:52:37.885+0000] {logging_mixin.py:190} INFO - [2025-02-19T09:52:37.885+0000] {dagbag.py:587} INFO - Filling up the DagBag from /home/airflow/.local/lib/python3.12/site-packages/airflow/example_dags/tutorial_taskflow_api_virtualenv.py
[2025-02-19T09:52:37.894+0000] {processor.py:925} INFO - DAG(s) 'tutorial_taskflow_api_virtualenv' retrieved from /home/airflow/.local/lib/python3.12/site-packages/airflow/example_dags/tutorial_taskflow_api_virtualenv.py
[2025-02-19T09:52:37.912+0000] {logging_mixin.py:190} INFO - [2025-02-19T09:52:37.911+0000] {dag.py:3229} INFO - Sync 1 DAGs
[2025-02-19T09:52:37.924+0000] {logging_mixin.py:190} INFO - [2025-02-19T09:52:37.923+0000] {dag.py:4156} INFO - Setting next_dagrun for tutorial_taskflow_api_virtualenv to None, run_after=None
[2025-02-19T09:52:37.940+0000] {processor.py:208} INFO - Processing /home/airflow/.local/lib/python3.12/site-packages/airflow/example_dags/tutorial_taskflow_api_virtualenv.py took 0.062 seconds
[2025-02-19T09:53:08.241+0000] {processor.py:186} INFO - Started process (PID=1942) to work on /home/airflow/.local/lib/python3.12/site-packages/airflow/example_dags/tutorial_taskflow_api_virtualenv.py
[2025-02-19T09:53:08.242+0000] {processor.py:914} INFO - Processing file /home/airflow/.local/lib/python3.12/site-packages/airflow/example_dags/tutorial_taskflow_api_virtualenv.py for tasks to queue
[2025-02-19T09:53:08.243+0000] {logging_mixin.py:190} INFO - [2025-02-19T09:53:08.243+0000] {dagbag.py:587} INFO - Filling up the DagBag from /home/airflow/.local/lib/python3.12/site-packages/airflow/example_dags/tutorial_taskflow_api_virtualenv.py
[2025-02-19T09:53:08.254+0000] {processor.py:925} INFO - DAG(s) 'tutorial_taskflow_api_virtualenv' retrieved from /home/airflow/.local/lib/python3.12/site-packages/airflow/example_dags/tutorial_taskflow_api_virtualenv.py
[2025-02-19T09:53:08.274+0000] {logging_mixin.py:190} INFO - [2025-02-19T09:53:08.273+0000] {dag.py:3229} INFO - Sync 1 DAGs
[2025-02-19T09:53:08.286+0000] {logging_mixin.py:190} INFO - [2025-02-19T09:53:08.286+0000] {dag.py:4156} INFO - Setting next_dagrun for tutorial_taskflow_api_virtualenv to None, run_after=None
[2025-02-19T09:53:08.304+0000] {processor.py:208} INFO - Processing /home/airflow/.local/lib/python3.12/site-packages/airflow/example_dags/tutorial_taskflow_api_virtualenv.py took 0.068 seconds
[2025-02-19T09:53:38.651+0000] {processor.py:186} INFO - Started process (PID=2006) to work on /home/airflow/.local/lib/python3.12/site-packages/airflow/example_dags/tutorial_taskflow_api_virtualenv.py
[2025-02-19T09:53:38.653+0000] {processor.py:914} INFO - Processing file /home/airflow/.local/lib/python3.12/site-packages/airflow/example_dags/tutorial_taskflow_api_virtualenv.py for tasks to queue
[2025-02-19T09:53:38.655+0000] {logging_mixin.py:190} INFO - [2025-02-19T09:53:38.654+0000] {dagbag.py:587} INFO - Filling up the DagBag from /home/airflow/.local/lib/python3.12/site-packages/airflow/example_dags/tutorial_taskflow_api_virtualenv.py
[2025-02-19T09:53:38.664+0000] {processor.py:925} INFO - DAG(s) 'tutorial_taskflow_api_virtualenv' retrieved from /home/airflow/.local/lib/python3.12/site-packages/airflow/example_dags/tutorial_taskflow_api_virtualenv.py
[2025-02-19T09:53:38.682+0000] {logging_mixin.py:190} INFO - [2025-02-19T09:53:38.681+0000] {dag.py:3229} INFO - Sync 1 DAGs
[2025-02-19T09:53:38.693+0000] {logging_mixin.py:190} INFO - [2025-02-19T09:53:38.693+0000] {dag.py:4156} INFO - Setting next_dagrun for tutorial_taskflow_api_virtualenv to None, run_after=None
[2025-02-19T09:53:38.708+0000] {processor.py:208} INFO - Processing /home/airflow/.local/lib/python3.12/site-packages/airflow/example_dags/tutorial_taskflow_api_virtualenv.py took 0.061 seconds
[2025-02-19T09:54:08.942+0000] {processor.py:186} INFO - Started process (PID=2070) to work on /home/airflow/.local/lib/python3.12/site-packages/airflow/example_dags/tutorial_taskflow_api_virtualenv.py
[2025-02-19T09:54:08.944+0000] {processor.py:914} INFO - Processing file /home/airflow/.local/lib/python3.12/site-packages/airflow/example_dags/tutorial_taskflow_api_virtualenv.py for tasks to queue
[2025-02-19T09:54:08.945+0000] {logging_mixin.py:190} INFO - [2025-02-19T09:54:08.945+0000] {dagbag.py:587} INFO - Filling up the DagBag from /home/airflow/.local/lib/python3.12/site-packages/airflow/example_dags/tutorial_taskflow_api_virtualenv.py
[2025-02-19T09:54:08.954+0000] {processor.py:925} INFO - DAG(s) 'tutorial_taskflow_api_virtualenv' retrieved from /home/airflow/.local/lib/python3.12/site-packages/airflow/example_dags/tutorial_taskflow_api_virtualenv.py
[2025-02-19T09:54:08.973+0000] {logging_mixin.py:190} INFO - [2025-02-19T09:54:08.972+0000] {dag.py:3229} INFO - Sync 1 DAGs
[2025-02-19T09:54:08.985+0000] {logging_mixin.py:190} INFO - [2025-02-19T09:54:08.985+0000] {dag.py:4156} INFO - Setting next_dagrun for tutorial_taskflow_api_virtualenv to None, run_after=None
[2025-02-19T09:54:09.003+0000] {processor.py:208} INFO - Processing /home/airflow/.local/lib/python3.12/site-packages/airflow/example_dags/tutorial_taskflow_api_virtualenv.py took 0.065 seconds
[2025-02-19T09:54:39.319+0000] {processor.py:186} INFO - Started process (PID=2134) to work on /home/airflow/.local/lib/python3.12/site-packages/airflow/example_dags/tutorial_taskflow_api_virtualenv.py
[2025-02-19T09:54:39.320+0000] {processor.py:914} INFO - Processing file /home/airflow/.local/lib/python3.12/site-packages/airflow/example_dags/tutorial_taskflow_api_virtualenv.py for tasks to queue
[2025-02-19T09:54:39.321+0000] {logging_mixin.py:190} INFO - [2025-02-19T09:54:39.321+0000] {dagbag.py:587} INFO - Filling up the DagBag from /home/airflow/.local/lib/python3.12/site-packages/airflow/example_dags/tutorial_taskflow_api_virtualenv.py
[2025-02-19T09:54:39.330+0000] {processor.py:925} INFO - DAG(s) 'tutorial_taskflow_api_virtualenv' retrieved from /home/airflow/.local/lib/python3.12/site-packages/airflow/example_dags/tutorial_taskflow_api_virtualenv.py
[2025-02-19T09:54:39.350+0000] {logging_mixin.py:190} INFO - [2025-02-19T09:54:39.349+0000] {dag.py:3229} INFO - Sync 1 DAGs
[2025-02-19T09:54:39.361+0000] {logging_mixin.py:190} INFO - [2025-02-19T09:54:39.361+0000] {dag.py:4156} INFO - Setting next_dagrun for tutorial_taskflow_api_virtualenv to None, run_after=None
[2025-02-19T09:54:39.379+0000] {processor.py:208} INFO - Processing /home/airflow/.local/lib/python3.12/site-packages/airflow/example_dags/tutorial_taskflow_api_virtualenv.py took 0.065 seconds
[2025-02-19T09:55:09.558+0000] {processor.py:186} INFO - Started process (PID=2198) to work on /home/airflow/.local/lib/python3.12/site-packages/airflow/example_dags/tutorial_taskflow_api_virtualenv.py
[2025-02-19T09:55:09.559+0000] {processor.py:914} INFO - Processing file /home/airflow/.local/lib/python3.12/site-packages/airflow/example_dags/tutorial_taskflow_api_virtualenv.py for tasks to queue
[2025-02-19T09:55:09.561+0000] {logging_mixin.py:190} INFO - [2025-02-19T09:55:09.560+0000] {dagbag.py:587} INFO - Filling up the DagBag from /home/airflow/.local/lib/python3.12/site-packages/airflow/example_dags/tutorial_taskflow_api_virtualenv.py
[2025-02-19T09:55:09.570+0000] {processor.py:925} INFO - DAG(s) 'tutorial_taskflow_api_virtualenv' retrieved from /home/airflow/.local/lib/python3.12/site-packages/airflow/example_dags/tutorial_taskflow_api_virtualenv.py
[2025-02-19T09:55:09.586+0000] {logging_mixin.py:190} INFO - [2025-02-19T09:55:09.586+0000] {dag.py:3229} INFO - Sync 1 DAGs
[2025-02-19T09:55:09.597+0000] {logging_mixin.py:190} INFO - [2025-02-19T09:55:09.597+0000] {dag.py:4156} INFO - Setting next_dagrun for tutorial_taskflow_api_virtualenv to None, run_after=None
[2025-02-19T09:55:09.612+0000] {processor.py:208} INFO - Processing /home/airflow/.local/lib/python3.12/site-packages/airflow/example_dags/tutorial_taskflow_api_virtualenv.py took 0.058 seconds
[2025-02-19T09:55:39.888+0000] {processor.py:186} INFO - Started process (PID=2262) to work on /home/airflow/.local/lib/python3.12/site-packages/airflow/example_dags/tutorial_taskflow_api_virtualenv.py
[2025-02-19T09:55:39.889+0000] {processor.py:914} INFO - Processing file /home/airflow/.local/lib/python3.12/site-packages/airflow/example_dags/tutorial_taskflow_api_virtualenv.py for tasks to queue
[2025-02-19T09:55:39.891+0000] {logging_mixin.py:190} INFO - [2025-02-19T09:55:39.891+0000] {dagbag.py:587} INFO - Filling up the DagBag from /home/airflow/.local/lib/python3.12/site-packages/airflow/example_dags/tutorial_taskflow_api_virtualenv.py
[2025-02-19T09:55:39.900+0000] {processor.py:925} INFO - DAG(s) 'tutorial_taskflow_api_virtualenv' retrieved from /home/airflow/.local/lib/python3.12/site-packages/airflow/example_dags/tutorial_taskflow_api_virtualenv.py
[2025-02-19T09:55:39.917+0000] {logging_mixin.py:190} INFO - [2025-02-19T09:55:39.916+0000] {dag.py:3229} INFO - Sync 1 DAGs
[2025-02-19T09:55:39.927+0000] {logging_mixin.py:190} INFO - [2025-02-19T09:55:39.927+0000] {dag.py:4156} INFO - Setting next_dagrun for tutorial_taskflow_api_virtualenv to None, run_after=None
[2025-02-19T09:55:39.944+0000] {processor.py:208} INFO - Processing /home/airflow/.local/lib/python3.12/site-packages/airflow/example_dags/tutorial_taskflow_api_virtualenv.py took 0.060 seconds
[2025-02-19T09:56:10.390+0000] {processor.py:186} INFO - Started process (PID=2326) to work on /home/airflow/.local/lib/python3.12/site-packages/airflow/example_dags/tutorial_taskflow_api_virtualenv.py
[2025-02-19T09:56:10.391+0000] {processor.py:914} INFO - Processing file /home/airflow/.local/lib/python3.12/site-packages/airflow/example_dags/tutorial_taskflow_api_virtualenv.py for tasks to queue
[2025-02-19T09:56:10.393+0000] {logging_mixin.py:190} INFO - [2025-02-19T09:56:10.393+0000] {dagbag.py:587} INFO - Filling up the DagBag from /home/airflow/.local/lib/python3.12/site-packages/airflow/example_dags/tutorial_taskflow_api_virtualenv.py
[2025-02-19T09:56:10.402+0000] {processor.py:925} INFO - DAG(s) 'tutorial_taskflow_api_virtualenv' retrieved from /home/airflow/.local/lib/python3.12/site-packages/airflow/example_dags/tutorial_taskflow_api_virtualenv.py
[2025-02-19T09:56:10.418+0000] {logging_mixin.py:190} INFO - [2025-02-19T09:56:10.418+0000] {dag.py:3229} INFO - Sync 1 DAGs
[2025-02-19T09:56:10.430+0000] {logging_mixin.py:190} INFO - [2025-02-19T09:56:10.429+0000] {dag.py:4156} INFO - Setting next_dagrun for tutorial_taskflow_api_virtualenv to None, run_after=None
[2025-02-19T09:56:10.444+0000] {processor.py:208} INFO - Processing /home/airflow/.local/lib/python3.12/site-packages/airflow/example_dags/tutorial_taskflow_api_virtualenv.py took 0.058 seconds
[2025-02-19T09:56:40.539+0000] {processor.py:186} INFO - Started process (PID=2390) to work on /home/airflow/.local/lib/python3.12/site-packages/airflow/example_dags/tutorial_taskflow_api_virtualenv.py
[2025-02-19T09:56:40.541+0000] {processor.py:914} INFO - Processing file /home/airflow/.local/lib/python3.12/site-packages/airflow/example_dags/tutorial_taskflow_api_virtualenv.py for tasks to queue
[2025-02-19T09:56:40.543+0000] {logging_mixin.py:190} INFO - [2025-02-19T09:56:40.543+0000] {dagbag.py:587} INFO - Filling up the DagBag from /home/airflow/.local/lib/python3.12/site-packages/airflow/example_dags/tutorial_taskflow_api_virtualenv.py
[2025-02-19T09:56:40.557+0000] {processor.py:925} INFO - DAG(s) 'tutorial_taskflow_api_virtualenv' retrieved from /home/airflow/.local/lib/python3.12/site-packages/airflow/example_dags/tutorial_taskflow_api_virtualenv.py
[2025-02-19T09:56:40.581+0000] {logging_mixin.py:190} INFO - [2025-02-19T09:56:40.580+0000] {dag.py:3229} INFO - Sync 1 DAGs
[2025-02-19T09:56:40.596+0000] {logging_mixin.py:190} INFO - [2025-02-19T09:56:40.596+0000] {dag.py:4156} INFO - Setting next_dagrun for tutorial_taskflow_api_virtualenv to None, run_after=None
[2025-02-19T09:56:40.615+0000] {processor.py:208} INFO - Processing /home/airflow/.local/lib/python3.12/site-packages/airflow/example_dags/tutorial_taskflow_api_virtualenv.py took 0.083 seconds
[2025-02-19T09:57:10.894+0000] {processor.py:186} INFO - Started process (PID=2455) to work on /home/airflow/.local/lib/python3.12/site-packages/airflow/example_dags/tutorial_taskflow_api_virtualenv.py
[2025-02-19T09:57:10.895+0000] {processor.py:914} INFO - Processing file /home/airflow/.local/lib/python3.12/site-packages/airflow/example_dags/tutorial_taskflow_api_virtualenv.py for tasks to queue
[2025-02-19T09:57:10.897+0000] {logging_mixin.py:190} INFO - [2025-02-19T09:57:10.896+0000] {dagbag.py:587} INFO - Filling up the DagBag from /home/airflow/.local/lib/python3.12/site-packages/airflow/example_dags/tutorial_taskflow_api_virtualenv.py
[2025-02-19T09:57:10.906+0000] {processor.py:925} INFO - DAG(s) 'tutorial_taskflow_api_virtualenv' retrieved from /home/airflow/.local/lib/python3.12/site-packages/airflow/example_dags/tutorial_taskflow_api_virtualenv.py
[2025-02-19T09:57:10.922+0000] {logging_mixin.py:190} INFO - [2025-02-19T09:57:10.922+0000] {dag.py:3229} INFO - Sync 1 DAGs
[2025-02-19T09:57:10.933+0000] {logging_mixin.py:190} INFO - [2025-02-19T09:57:10.933+0000] {dag.py:4156} INFO - Setting next_dagrun for tutorial_taskflow_api_virtualenv to None, run_after=None
[2025-02-19T09:57:10.948+0000] {processor.py:208} INFO - Processing /home/airflow/.local/lib/python3.12/site-packages/airflow/example_dags/tutorial_taskflow_api_virtualenv.py took 0.058 seconds
[2025-02-19T09:57:41.329+0000] {processor.py:186} INFO - Started process (PID=2520) to work on /home/airflow/.local/lib/python3.12/site-packages/airflow/example_dags/tutorial_taskflow_api_virtualenv.py
[2025-02-19T09:57:41.330+0000] {processor.py:914} INFO - Processing file /home/airflow/.local/lib/python3.12/site-packages/airflow/example_dags/tutorial_taskflow_api_virtualenv.py for tasks to queue
[2025-02-19T09:57:41.332+0000] {logging_mixin.py:190} INFO - [2025-02-19T09:57:41.331+0000] {dagbag.py:587} INFO - Filling up the DagBag from /home/airflow/.local/lib/python3.12/site-packages/airflow/example_dags/tutorial_taskflow_api_virtualenv.py
[2025-02-19T09:57:41.341+0000] {processor.py:925} INFO - DAG(s) 'tutorial_taskflow_api_virtualenv' retrieved from /home/airflow/.local/lib/python3.12/site-packages/airflow/example_dags/tutorial_taskflow_api_virtualenv.py
[2025-02-19T09:57:41.356+0000] {logging_mixin.py:190} INFO - [2025-02-19T09:57:41.355+0000] {dag.py:3229} INFO - Sync 1 DAGs
[2025-02-19T09:57:41.366+0000] {logging_mixin.py:190} INFO - [2025-02-19T09:57:41.366+0000] {dag.py:4156} INFO - Setting next_dagrun for tutorial_taskflow_api_virtualenv to None, run_after=None
[2025-02-19T09:57:41.379+0000] {processor.py:208} INFO - Processing /home/airflow/.local/lib/python3.12/site-packages/airflow/example_dags/tutorial_taskflow_api_virtualenv.py took 0.055 seconds
[2025-02-19T09:58:11.826+0000] {processor.py:186} INFO - Started process (PID=2585) to work on /home/airflow/.local/lib/python3.12/site-packages/airflow/example_dags/tutorial_taskflow_api_virtualenv.py
[2025-02-19T09:58:11.828+0000] {processor.py:914} INFO - Processing file /home/airflow/.local/lib/python3.12/site-packages/airflow/example_dags/tutorial_taskflow_api_virtualenv.py for tasks to queue
[2025-02-19T09:58:11.831+0000] {logging_mixin.py:190} INFO - [2025-02-19T09:58:11.830+0000] {dagbag.py:587} INFO - Filling up the DagBag from /home/airflow/.local/lib/python3.12/site-packages/airflow/example_dags/tutorial_taskflow_api_virtualenv.py
[2025-02-19T09:58:11.851+0000] {processor.py:925} INFO - DAG(s) 'tutorial_taskflow_api_virtualenv' retrieved from /home/airflow/.local/lib/python3.12/site-packages/airflow/example_dags/tutorial_taskflow_api_virtualenv.py
[2025-02-19T09:58:11.874+0000] {logging_mixin.py:190} INFO - [2025-02-19T09:58:11.874+0000] {dag.py:3229} INFO - Sync 1 DAGs
[2025-02-19T09:58:11.894+0000] {logging_mixin.py:190} INFO - [2025-02-19T09:58:11.894+0000] {dag.py:4156} INFO - Setting next_dagrun for tutorial_taskflow_api_virtualenv to None, run_after=None
[2025-02-19T09:58:11.922+0000] {processor.py:208} INFO - Processing /home/airflow/.local/lib/python3.12/site-packages/airflow/example_dags/tutorial_taskflow_api_virtualenv.py took 0.104 seconds
[2025-02-19T09:58:42.129+0000] {processor.py:186} INFO - Started process (PID=2654) to work on /home/airflow/.local/lib/python3.12/site-packages/airflow/example_dags/tutorial_taskflow_api_virtualenv.py
[2025-02-19T09:58:42.130+0000] {processor.py:914} INFO - Processing file /home/airflow/.local/lib/python3.12/site-packages/airflow/example_dags/tutorial_taskflow_api_virtualenv.py for tasks to queue
[2025-02-19T09:58:42.132+0000] {logging_mixin.py:190} INFO - [2025-02-19T09:58:42.131+0000] {dagbag.py:587} INFO - Filling up the DagBag from /home/airflow/.local/lib/python3.12/site-packages/airflow/example_dags/tutorial_taskflow_api_virtualenv.py
[2025-02-19T09:58:42.140+0000] {processor.py:925} INFO - DAG(s) 'tutorial_taskflow_api_virtualenv' retrieved from /home/airflow/.local/lib/python3.12/site-packages/airflow/example_dags/tutorial_taskflow_api_virtualenv.py
[2025-02-19T09:58:42.158+0000] {logging_mixin.py:190} INFO - [2025-02-19T09:58:42.157+0000] {dag.py:3229} INFO - Sync 1 DAGs
[2025-02-19T09:58:42.170+0000] {logging_mixin.py:190} INFO - [2025-02-19T09:58:42.170+0000] {dag.py:4156} INFO - Setting next_dagrun for tutorial_taskflow_api_virtualenv to None, run_after=None
[2025-02-19T09:58:42.184+0000] {processor.py:208} INFO - Processing /home/airflow/.local/lib/python3.12/site-packages/airflow/example_dags/tutorial_taskflow_api_virtualenv.py took 0.060 seconds
[2025-02-19T09:59:12.459+0000] {processor.py:186} INFO - Started process (PID=2718) to work on /home/airflow/.local/lib/python3.12/site-packages/airflow/example_dags/tutorial_taskflow_api_virtualenv.py
[2025-02-19T09:59:12.460+0000] {processor.py:914} INFO - Processing file /home/airflow/.local/lib/python3.12/site-packages/airflow/example_dags/tutorial_taskflow_api_virtualenv.py for tasks to queue
[2025-02-19T09:59:12.462+0000] {logging_mixin.py:190} INFO - [2025-02-19T09:59:12.462+0000] {dagbag.py:587} INFO - Filling up the DagBag from /home/airflow/.local/lib/python3.12/site-packages/airflow/example_dags/tutorial_taskflow_api_virtualenv.py
[2025-02-19T09:59:12.473+0000] {processor.py:925} INFO - DAG(s) 'tutorial_taskflow_api_virtualenv' retrieved from /home/airflow/.local/lib/python3.12/site-packages/airflow/example_dags/tutorial_taskflow_api_virtualenv.py
[2025-02-19T09:59:12.491+0000] {logging_mixin.py:190} INFO - [2025-02-19T09:59:12.490+0000] {dag.py:3229} INFO - Sync 1 DAGs
[2025-02-19T09:59:12.503+0000] {logging_mixin.py:190} INFO - [2025-02-19T09:59:12.503+0000] {dag.py:4156} INFO - Setting next_dagrun for tutorial_taskflow_api_virtualenv to None, run_after=None
[2025-02-19T09:59:12.521+0000] {processor.py:208} INFO - Processing /home/airflow/.local/lib/python3.12/site-packages/airflow/example_dags/tutorial_taskflow_api_virtualenv.py took 0.067 seconds
[2025-02-19T10:23:11.736+0000] {logging_mixin.py:190} INFO - [2025-02-19T10:23:11.736+0000] {settings.py:475} DEBUG - Setting up DB connection pool (PID 61)
[2025-02-19T10:23:11.737+0000] {logging_mixin.py:190} INFO - [2025-02-19T10:23:11.737+0000] {settings.py:579} DEBUG - settings.prepare_engine_args(): Using pool settings. pool_size=5, max_overflow=10, pool_recycle=1800, pid=61
[2025-02-19T10:23:11.742+0000] {processor.py:186} INFO - Started process (PID=61) to work on /home/airflow/.local/lib/python3.12/site-packages/airflow/example_dags/tutorial_taskflow_api_virtualenv.py
[2025-02-19T10:23:11.743+0000] {processor.py:914} INFO - Processing file /home/airflow/.local/lib/python3.12/site-packages/airflow/example_dags/tutorial_taskflow_api_virtualenv.py for tasks to queue
[2025-02-19T10:23:11.743+0000] {logging_mixin.py:190} INFO - [2025-02-19T10:23:11.743+0000] {dagbag.py:587} INFO - Filling up the DagBag from /home/airflow/.local/lib/python3.12/site-packages/airflow/example_dags/tutorial_taskflow_api_virtualenv.py
[2025-02-19T10:23:11.744+0000] {logging_mixin.py:190} INFO - [2025-02-19T10:23:11.744+0000] {dagbag.py:368} DEBUG - Importing /home/airflow/.local/lib/python3.12/site-packages/airflow/example_dags/tutorial_taskflow_api_virtualenv.py
[2025-02-19T10:23:11.756+0000] {logging_mixin.py:190} INFO - [2025-02-19T10:23:11.755+0000] {dagbag.py:553} DEBUG - Loaded DAG <DAG: tutorial_taskflow_api_virtualenv>
[2025-02-19T10:23:11.757+0000] {processor.py:925} INFO - DAG(s) 'tutorial_taskflow_api_virtualenv' retrieved from /home/airflow/.local/lib/python3.12/site-packages/airflow/example_dags/tutorial_taskflow_api_virtualenv.py
[2025-02-19T10:23:11.758+0000] {logging_mixin.py:190} INFO - [2025-02-19T10:23:11.757+0000] {dagbag.py:710} DEBUG - Running dagbag.sync_to_db with retries. Try 1 of 3
[2025-02-19T10:23:11.758+0000] {logging_mixin.py:190} INFO - [2025-02-19T10:23:11.758+0000] {dagbag.py:715} DEBUG - Calling the DAG.bulk_sync_to_db method
[2025-02-19T10:23:11.768+0000] {logging_mixin.py:190} INFO - [2025-02-19T10:23:11.768+0000] {serialized_dag.py:168} DEBUG - Checking if DAG (tutorial_taskflow_api_virtualenv) changed
[2025-02-19T10:23:11.776+0000] {logging_mixin.py:190} INFO - [2025-02-19T10:23:11.776+0000] {serialized_dag.py:182} DEBUG - Writing Serialized DAG: tutorial_taskflow_api_virtualenv to the DB
[2025-02-19T10:23:11.780+0000] {logging_mixin.py:190} INFO - [2025-02-19T10:23:11.780+0000] {serialized_dag.py:184} DEBUG - DAG: tutorial_taskflow_api_virtualenv written to the DB
[2025-02-19T10:23:11.780+0000] {logging_mixin.py:190} INFO - [2025-02-19T10:23:11.780+0000] {dagbag.py:744} DEBUG - Syncing DAG permissions: tutorial_taskflow_api_virtualenv to the DB
[2025-02-19T10:23:11.869+0000] {logging_mixin.py:190} INFO - [2025-02-19T10:23:11.868+0000] {override.py:1129} DEBUG - Not syncing DAG-level permissions for DAG 'tutorial_taskflow_api_virtualenv' as access control is unset.
[2025-02-19T10:23:11.869+0000] {logging_mixin.py:190} INFO - [2025-02-19T10:23:11.869+0000] {dag.py:3229} INFO - Sync 1 DAGs
[2025-02-19T10:23:11.884+0000] {logging_mixin.py:190} INFO - [2025-02-19T10:23:11.883+0000] {dag.py:4156} INFO - Setting next_dagrun for tutorial_taskflow_api_virtualenv to None, run_after=None
[2025-02-19T10:23:11.904+0000] {processor.py:208} INFO - Processing /home/airflow/.local/lib/python3.12/site-packages/airflow/example_dags/tutorial_taskflow_api_virtualenv.py took 0.168 seconds
[2025-02-19T10:23:54.018+0000] {logging_mixin.py:190} INFO - [2025-02-19T10:23:54.018+0000] {settings.py:475} DEBUG - Setting up DB connection pool (PID 131)
[2025-02-19T10:23:54.024+0000] {logging_mixin.py:190} INFO - [2025-02-19T10:23:54.024+0000] {settings.py:579} DEBUG - settings.prepare_engine_args(): Using pool settings. pool_size=5, max_overflow=10, pool_recycle=1800, pid=131
[2025-02-19T10:23:54.028+0000] {processor.py:186} INFO - Started process (PID=131) to work on /home/airflow/.local/lib/python3.12/site-packages/airflow/example_dags/tutorial_taskflow_api_virtualenv.py
[2025-02-19T10:23:54.029+0000] {processor.py:914} INFO - Processing file /home/airflow/.local/lib/python3.12/site-packages/airflow/example_dags/tutorial_taskflow_api_virtualenv.py for tasks to queue
[2025-02-19T10:23:54.029+0000] {logging_mixin.py:190} INFO - [2025-02-19T10:23:54.029+0000] {dagbag.py:587} INFO - Filling up the DagBag from /home/airflow/.local/lib/python3.12/site-packages/airflow/example_dags/tutorial_taskflow_api_virtualenv.py
[2025-02-19T10:23:54.030+0000] {logging_mixin.py:190} INFO - [2025-02-19T10:23:54.030+0000] {dagbag.py:368} DEBUG - Importing /home/airflow/.local/lib/python3.12/site-packages/airflow/example_dags/tutorial_taskflow_api_virtualenv.py
[2025-02-19T10:23:54.041+0000] {logging_mixin.py:190} INFO - [2025-02-19T10:23:54.040+0000] {dagbag.py:553} DEBUG - Loaded DAG <DAG: tutorial_taskflow_api_virtualenv>
[2025-02-19T10:23:54.041+0000] {processor.py:925} INFO - DAG(s) 'tutorial_taskflow_api_virtualenv' retrieved from /home/airflow/.local/lib/python3.12/site-packages/airflow/example_dags/tutorial_taskflow_api_virtualenv.py
[2025-02-19T10:23:54.042+0000] {logging_mixin.py:190} INFO - [2025-02-19T10:23:54.042+0000] {dagbag.py:710} DEBUG - Running dagbag.sync_to_db with retries. Try 1 of 3
[2025-02-19T10:23:54.042+0000] {logging_mixin.py:190} INFO - [2025-02-19T10:23:54.042+0000] {dagbag.py:715} DEBUG - Calling the DAG.bulk_sync_to_db method
[2025-02-19T10:23:54.053+0000] {logging_mixin.py:190} INFO - [2025-02-19T10:23:54.052+0000] {serialized_dag.py:168} DEBUG - Checking if DAG (tutorial_taskflow_api_virtualenv) changed
[2025-02-19T10:23:54.063+0000] {logging_mixin.py:190} INFO - [2025-02-19T10:23:54.063+0000] {serialized_dag.py:179} DEBUG - Serialized DAG (tutorial_taskflow_api_virtualenv) is unchanged. Skipping writing to DB
[2025-02-19T10:23:54.063+0000] {logging_mixin.py:190} INFO - [2025-02-19T10:23:54.063+0000] {dag.py:3229} INFO - Sync 1 DAGs
[2025-02-19T10:23:54.088+0000] {logging_mixin.py:190} INFO - [2025-02-19T10:23:54.088+0000] {dag.py:4156} INFO - Setting next_dagrun for tutorial_taskflow_api_virtualenv to None, run_after=None
[2025-02-19T10:23:54.119+0000] {processor.py:208} INFO - Processing /home/airflow/.local/lib/python3.12/site-packages/airflow/example_dags/tutorial_taskflow_api_virtualenv.py took 0.102 seconds
[2025-02-19T10:24:25.065+0000] {logging_mixin.py:190} INFO - [2025-02-19T10:24:25.064+0000] {settings.py:475} DEBUG - Setting up DB connection pool (PID 195)
[2025-02-19T10:24:25.066+0000] {logging_mixin.py:190} INFO - [2025-02-19T10:24:25.066+0000] {settings.py:579} DEBUG - settings.prepare_engine_args(): Using pool settings. pool_size=5, max_overflow=10, pool_recycle=1800, pid=195
[2025-02-19T10:24:25.070+0000] {processor.py:186} INFO - Started process (PID=195) to work on /home/airflow/.local/lib/python3.12/site-packages/airflow/example_dags/tutorial_taskflow_api_virtualenv.py
[2025-02-19T10:24:25.071+0000] {processor.py:914} INFO - Processing file /home/airflow/.local/lib/python3.12/site-packages/airflow/example_dags/tutorial_taskflow_api_virtualenv.py for tasks to queue
[2025-02-19T10:24:25.071+0000] {logging_mixin.py:190} INFO - [2025-02-19T10:24:25.071+0000] {dagbag.py:587} INFO - Filling up the DagBag from /home/airflow/.local/lib/python3.12/site-packages/airflow/example_dags/tutorial_taskflow_api_virtualenv.py
[2025-02-19T10:24:25.072+0000] {logging_mixin.py:190} INFO - [2025-02-19T10:24:25.072+0000] {dagbag.py:368} DEBUG - Importing /home/airflow/.local/lib/python3.12/site-packages/airflow/example_dags/tutorial_taskflow_api_virtualenv.py
[2025-02-19T10:24:25.083+0000] {logging_mixin.py:190} INFO - [2025-02-19T10:24:25.082+0000] {dagbag.py:553} DEBUG - Loaded DAG <DAG: tutorial_taskflow_api_virtualenv>
[2025-02-19T10:24:25.083+0000] {processor.py:925} INFO - DAG(s) 'tutorial_taskflow_api_virtualenv' retrieved from /home/airflow/.local/lib/python3.12/site-packages/airflow/example_dags/tutorial_taskflow_api_virtualenv.py
[2025-02-19T10:24:25.083+0000] {logging_mixin.py:190} INFO - [2025-02-19T10:24:25.083+0000] {dagbag.py:710} DEBUG - Running dagbag.sync_to_db with retries. Try 1 of 3
[2025-02-19T10:24:25.084+0000] {logging_mixin.py:190} INFO - [2025-02-19T10:24:25.084+0000] {dagbag.py:715} DEBUG - Calling the DAG.bulk_sync_to_db method
[2025-02-19T10:24:25.094+0000] {logging_mixin.py:190} INFO - [2025-02-19T10:24:25.093+0000] {serialized_dag.py:168} DEBUG - Checking if DAG (tutorial_taskflow_api_virtualenv) changed
[2025-02-19T10:24:25.101+0000] {logging_mixin.py:190} INFO - [2025-02-19T10:24:25.101+0000] {serialized_dag.py:179} DEBUG - Serialized DAG (tutorial_taskflow_api_virtualenv) is unchanged. Skipping writing to DB
[2025-02-19T10:24:25.101+0000] {logging_mixin.py:190} INFO - [2025-02-19T10:24:25.101+0000] {dag.py:3229} INFO - Sync 1 DAGs
[2025-02-19T10:24:25.113+0000] {logging_mixin.py:190} INFO - [2025-02-19T10:24:25.112+0000] {dag.py:4156} INFO - Setting next_dagrun for tutorial_taskflow_api_virtualenv to None, run_after=None
[2025-02-19T10:24:25.129+0000] {processor.py:208} INFO - Processing /home/airflow/.local/lib/python3.12/site-packages/airflow/example_dags/tutorial_taskflow_api_virtualenv.py took 0.065 seconds
[2025-02-19T10:24:55.979+0000] {logging_mixin.py:190} INFO - [2025-02-19T10:24:55.978+0000] {settings.py:475} DEBUG - Setting up DB connection pool (PID 264)
[2025-02-19T10:24:55.980+0000] {logging_mixin.py:190} INFO - [2025-02-19T10:24:55.980+0000] {settings.py:579} DEBUG - settings.prepare_engine_args(): Using pool settings. pool_size=5, max_overflow=10, pool_recycle=1800, pid=264
[2025-02-19T10:24:55.985+0000] {processor.py:186} INFO - Started process (PID=264) to work on /home/airflow/.local/lib/python3.12/site-packages/airflow/example_dags/tutorial_taskflow_api_virtualenv.py
[2025-02-19T10:24:55.986+0000] {processor.py:914} INFO - Processing file /home/airflow/.local/lib/python3.12/site-packages/airflow/example_dags/tutorial_taskflow_api_virtualenv.py for tasks to queue
[2025-02-19T10:24:55.986+0000] {logging_mixin.py:190} INFO - [2025-02-19T10:24:55.986+0000] {dagbag.py:587} INFO - Filling up the DagBag from /home/airflow/.local/lib/python3.12/site-packages/airflow/example_dags/tutorial_taskflow_api_virtualenv.py
[2025-02-19T10:24:55.987+0000] {logging_mixin.py:190} INFO - [2025-02-19T10:24:55.987+0000] {dagbag.py:368} DEBUG - Importing /home/airflow/.local/lib/python3.12/site-packages/airflow/example_dags/tutorial_taskflow_api_virtualenv.py
[2025-02-19T10:24:55.999+0000] {logging_mixin.py:190} INFO - [2025-02-19T10:24:55.998+0000] {dagbag.py:553} DEBUG - Loaded DAG <DAG: tutorial_taskflow_api_virtualenv>
[2025-02-19T10:24:55.999+0000] {processor.py:925} INFO - DAG(s) 'tutorial_taskflow_api_virtualenv' retrieved from /home/airflow/.local/lib/python3.12/site-packages/airflow/example_dags/tutorial_taskflow_api_virtualenv.py
[2025-02-19T10:24:56.000+0000] {logging_mixin.py:190} INFO - [2025-02-19T10:24:56.000+0000] {dagbag.py:710} DEBUG - Running dagbag.sync_to_db with retries. Try 1 of 3
[2025-02-19T10:24:56.000+0000] {logging_mixin.py:190} INFO - [2025-02-19T10:24:56.000+0000] {dagbag.py:715} DEBUG - Calling the DAG.bulk_sync_to_db method
[2025-02-19T10:24:56.012+0000] {logging_mixin.py:190} INFO - [2025-02-19T10:24:56.012+0000] {serialized_dag.py:168} DEBUG - Checking if DAG (tutorial_taskflow_api_virtualenv) changed
[2025-02-19T10:24:56.021+0000] {logging_mixin.py:190} INFO - [2025-02-19T10:24:56.021+0000] {serialized_dag.py:179} DEBUG - Serialized DAG (tutorial_taskflow_api_virtualenv) is unchanged. Skipping writing to DB
[2025-02-19T10:24:56.022+0000] {logging_mixin.py:190} INFO - [2025-02-19T10:24:56.021+0000] {dag.py:3229} INFO - Sync 1 DAGs
[2025-02-19T10:24:56.035+0000] {logging_mixin.py:190} INFO - [2025-02-19T10:24:56.035+0000] {dag.py:4156} INFO - Setting next_dagrun for tutorial_taskflow_api_virtualenv to None, run_after=None
[2025-02-19T10:24:56.057+0000] {processor.py:208} INFO - Processing /home/airflow/.local/lib/python3.12/site-packages/airflow/example_dags/tutorial_taskflow_api_virtualenv.py took 0.078 seconds
[2025-02-19T10:25:26.127+0000] {logging_mixin.py:190} INFO - [2025-02-19T10:25:26.127+0000] {settings.py:475} DEBUG - Setting up DB connection pool (PID 328)
[2025-02-19T10:25:26.128+0000] {logging_mixin.py:190} INFO - [2025-02-19T10:25:26.128+0000] {settings.py:579} DEBUG - settings.prepare_engine_args(): Using pool settings. pool_size=5, max_overflow=10, pool_recycle=1800, pid=328
[2025-02-19T10:25:26.133+0000] {processor.py:186} INFO - Started process (PID=328) to work on /home/airflow/.local/lib/python3.12/site-packages/airflow/example_dags/tutorial_taskflow_api_virtualenv.py
[2025-02-19T10:25:26.133+0000] {processor.py:914} INFO - Processing file /home/airflow/.local/lib/python3.12/site-packages/airflow/example_dags/tutorial_taskflow_api_virtualenv.py for tasks to queue
[2025-02-19T10:25:26.134+0000] {logging_mixin.py:190} INFO - [2025-02-19T10:25:26.134+0000] {dagbag.py:587} INFO - Filling up the DagBag from /home/airflow/.local/lib/python3.12/site-packages/airflow/example_dags/tutorial_taskflow_api_virtualenv.py
[2025-02-19T10:25:26.135+0000] {logging_mixin.py:190} INFO - [2025-02-19T10:25:26.135+0000] {dagbag.py:368} DEBUG - Importing /home/airflow/.local/lib/python3.12/site-packages/airflow/example_dags/tutorial_taskflow_api_virtualenv.py
[2025-02-19T10:25:26.146+0000] {logging_mixin.py:190} INFO - [2025-02-19T10:25:26.145+0000] {dagbag.py:553} DEBUG - Loaded DAG <DAG: tutorial_taskflow_api_virtualenv>
[2025-02-19T10:25:26.147+0000] {processor.py:925} INFO - DAG(s) 'tutorial_taskflow_api_virtualenv' retrieved from /home/airflow/.local/lib/python3.12/site-packages/airflow/example_dags/tutorial_taskflow_api_virtualenv.py
[2025-02-19T10:25:26.147+0000] {logging_mixin.py:190} INFO - [2025-02-19T10:25:26.147+0000] {dagbag.py:710} DEBUG - Running dagbag.sync_to_db with retries. Try 1 of 3
[2025-02-19T10:25:26.148+0000] {logging_mixin.py:190} INFO - [2025-02-19T10:25:26.147+0000] {dagbag.py:715} DEBUG - Calling the DAG.bulk_sync_to_db method
[2025-02-19T10:25:26.159+0000] {logging_mixin.py:190} INFO - [2025-02-19T10:25:26.159+0000] {serialized_dag.py:168} DEBUG - Checking if DAG (tutorial_taskflow_api_virtualenv) changed
[2025-02-19T10:25:26.167+0000] {logging_mixin.py:190} INFO - [2025-02-19T10:25:26.167+0000] {serialized_dag.py:179} DEBUG - Serialized DAG (tutorial_taskflow_api_virtualenv) is unchanged. Skipping writing to DB
[2025-02-19T10:25:26.167+0000] {logging_mixin.py:190} INFO - [2025-02-19T10:25:26.167+0000] {dag.py:3229} INFO - Sync 1 DAGs
[2025-02-19T10:25:26.180+0000] {logging_mixin.py:190} INFO - [2025-02-19T10:25:26.180+0000] {dag.py:4156} INFO - Setting next_dagrun for tutorial_taskflow_api_virtualenv to None, run_after=None
[2025-02-19T10:25:26.199+0000] {processor.py:208} INFO - Processing /home/airflow/.local/lib/python3.12/site-packages/airflow/example_dags/tutorial_taskflow_api_virtualenv.py took 0.072 seconds
[2025-02-19T10:25:56.833+0000] {logging_mixin.py:190} INFO - [2025-02-19T10:25:56.833+0000] {settings.py:475} DEBUG - Setting up DB connection pool (PID 392)
[2025-02-19T10:25:56.834+0000] {logging_mixin.py:190} INFO - [2025-02-19T10:25:56.834+0000] {settings.py:579} DEBUG - settings.prepare_engine_args(): Using pool settings. pool_size=5, max_overflow=10, pool_recycle=1800, pid=392
[2025-02-19T10:25:56.840+0000] {processor.py:186} INFO - Started process (PID=392) to work on /home/airflow/.local/lib/python3.12/site-packages/airflow/example_dags/tutorial_taskflow_api_virtualenv.py
[2025-02-19T10:25:56.840+0000] {processor.py:914} INFO - Processing file /home/airflow/.local/lib/python3.12/site-packages/airflow/example_dags/tutorial_taskflow_api_virtualenv.py for tasks to queue
[2025-02-19T10:25:56.841+0000] {logging_mixin.py:190} INFO - [2025-02-19T10:25:56.841+0000] {dagbag.py:587} INFO - Filling up the DagBag from /home/airflow/.local/lib/python3.12/site-packages/airflow/example_dags/tutorial_taskflow_api_virtualenv.py
[2025-02-19T10:25:56.842+0000] {logging_mixin.py:190} INFO - [2025-02-19T10:25:56.842+0000] {dagbag.py:368} DEBUG - Importing /home/airflow/.local/lib/python3.12/site-packages/airflow/example_dags/tutorial_taskflow_api_virtualenv.py
[2025-02-19T10:25:56.854+0000] {logging_mixin.py:190} INFO - [2025-02-19T10:25:56.853+0000] {dagbag.py:553} DEBUG - Loaded DAG <DAG: tutorial_taskflow_api_virtualenv>
[2025-02-19T10:25:56.854+0000] {processor.py:925} INFO - DAG(s) 'tutorial_taskflow_api_virtualenv' retrieved from /home/airflow/.local/lib/python3.12/site-packages/airflow/example_dags/tutorial_taskflow_api_virtualenv.py
[2025-02-19T10:25:56.855+0000] {logging_mixin.py:190} INFO - [2025-02-19T10:25:56.855+0000] {dagbag.py:710} DEBUG - Running dagbag.sync_to_db with retries. Try 1 of 3
[2025-02-19T10:25:56.855+0000] {logging_mixin.py:190} INFO - [2025-02-19T10:25:56.855+0000] {dagbag.py:715} DEBUG - Calling the DAG.bulk_sync_to_db method
[2025-02-19T10:25:56.867+0000] {logging_mixin.py:190} INFO - [2025-02-19T10:25:56.867+0000] {serialized_dag.py:168} DEBUG - Checking if DAG (tutorial_taskflow_api_virtualenv) changed
[2025-02-19T10:25:56.876+0000] {logging_mixin.py:190} INFO - [2025-02-19T10:25:56.876+0000] {serialized_dag.py:179} DEBUG - Serialized DAG (tutorial_taskflow_api_virtualenv) is unchanged. Skipping writing to DB
[2025-02-19T10:25:56.877+0000] {logging_mixin.py:190} INFO - [2025-02-19T10:25:56.876+0000] {dag.py:3229} INFO - Sync 1 DAGs
[2025-02-19T10:25:56.889+0000] {logging_mixin.py:190} INFO - [2025-02-19T10:25:56.888+0000] {dag.py:4156} INFO - Setting next_dagrun for tutorial_taskflow_api_virtualenv to None, run_after=None
[2025-02-19T10:25:56.906+0000] {processor.py:208} INFO - Processing /home/airflow/.local/lib/python3.12/site-packages/airflow/example_dags/tutorial_taskflow_api_virtualenv.py took 0.073 seconds
[2025-02-19T10:26:27.549+0000] {logging_mixin.py:190} INFO - [2025-02-19T10:26:27.548+0000] {settings.py:475} DEBUG - Setting up DB connection pool (PID 456)
[2025-02-19T10:26:27.550+0000] {logging_mixin.py:190} INFO - [2025-02-19T10:26:27.550+0000] {settings.py:579} DEBUG - settings.prepare_engine_args(): Using pool settings. pool_size=5, max_overflow=10, pool_recycle=1800, pid=456
[2025-02-19T10:26:27.557+0000] {processor.py:186} INFO - Started process (PID=456) to work on /home/airflow/.local/lib/python3.12/site-packages/airflow/example_dags/tutorial_taskflow_api_virtualenv.py
[2025-02-19T10:26:27.558+0000] {processor.py:914} INFO - Processing file /home/airflow/.local/lib/python3.12/site-packages/airflow/example_dags/tutorial_taskflow_api_virtualenv.py for tasks to queue
[2025-02-19T10:26:27.559+0000] {logging_mixin.py:190} INFO - [2025-02-19T10:26:27.559+0000] {dagbag.py:587} INFO - Filling up the DagBag from /home/airflow/.local/lib/python3.12/site-packages/airflow/example_dags/tutorial_taskflow_api_virtualenv.py
[2025-02-19T10:26:27.560+0000] {logging_mixin.py:190} INFO - [2025-02-19T10:26:27.560+0000] {dagbag.py:368} DEBUG - Importing /home/airflow/.local/lib/python3.12/site-packages/airflow/example_dags/tutorial_taskflow_api_virtualenv.py
[2025-02-19T10:26:27.575+0000] {logging_mixin.py:190} INFO - [2025-02-19T10:26:27.574+0000] {dagbag.py:553} DEBUG - Loaded DAG <DAG: tutorial_taskflow_api_virtualenv>
[2025-02-19T10:26:27.576+0000] {processor.py:925} INFO - DAG(s) 'tutorial_taskflow_api_virtualenv' retrieved from /home/airflow/.local/lib/python3.12/site-packages/airflow/example_dags/tutorial_taskflow_api_virtualenv.py
[2025-02-19T10:26:27.576+0000] {logging_mixin.py:190} INFO - [2025-02-19T10:26:27.576+0000] {dagbag.py:710} DEBUG - Running dagbag.sync_to_db with retries. Try 1 of 3
[2025-02-19T10:26:27.577+0000] {logging_mixin.py:190} INFO - [2025-02-19T10:26:27.576+0000] {dagbag.py:715} DEBUG - Calling the DAG.bulk_sync_to_db method
[2025-02-19T10:26:27.588+0000] {logging_mixin.py:190} INFO - [2025-02-19T10:26:27.588+0000] {serialized_dag.py:168} DEBUG - Checking if DAG (tutorial_taskflow_api_virtualenv) changed
[2025-02-19T10:26:27.598+0000] {logging_mixin.py:190} INFO - [2025-02-19T10:26:27.598+0000] {serialized_dag.py:179} DEBUG - Serialized DAG (tutorial_taskflow_api_virtualenv) is unchanged. Skipping writing to DB
[2025-02-19T10:26:27.598+0000] {logging_mixin.py:190} INFO - [2025-02-19T10:26:27.598+0000] {dag.py:3229} INFO - Sync 1 DAGs
[2025-02-19T10:26:27.612+0000] {logging_mixin.py:190} INFO - [2025-02-19T10:26:27.612+0000] {dag.py:4156} INFO - Setting next_dagrun for tutorial_taskflow_api_virtualenv to None, run_after=None
[2025-02-19T10:26:27.635+0000] {processor.py:208} INFO - Processing /home/airflow/.local/lib/python3.12/site-packages/airflow/example_dags/tutorial_taskflow_api_virtualenv.py took 0.087 seconds
