[2025-02-19T09:38:31.392+0000] {processor.py:186} INFO - Started process (PID=113) to work on /home/airflow/.local/lib/python3.12/site-packages/airflow/example_dags/tutorial_taskflow_api.py
[2025-02-19T09:38:31.392+0000] {processor.py:914} INFO - Processing file /home/airflow/.local/lib/python3.12/site-packages/airflow/example_dags/tutorial_taskflow_api.py for tasks to queue
[2025-02-19T09:38:31.395+0000] {logging_mixin.py:190} INFO - [2025-02-19T09:38:31.394+0000] {dagbag.py:587} INFO - Filling up the DagBag from /home/airflow/.local/lib/python3.12/site-packages/airflow/example_dags/tutorial_taskflow_api.py
[2025-02-19T09:38:31.402+0000] {processor.py:925} INFO - DAG(s) 'tutorial_taskflow_api' retrieved from /home/airflow/.local/lib/python3.12/site-packages/airflow/example_dags/tutorial_taskflow_api.py
[2025-02-19T09:38:31.423+0000] {logging_mixin.py:190} INFO - [2025-02-19T09:38:31.422+0000] {dag.py:3229} INFO - Sync 1 DAGs
[2025-02-19T09:38:31.435+0000] {logging_mixin.py:190} INFO - [2025-02-19T09:38:31.435+0000] {dag.py:4156} INFO - Setting next_dagrun for tutorial_taskflow_api to None, run_after=None
[2025-02-19T09:38:31.453+0000] {processor.py:208} INFO - Processing /home/airflow/.local/lib/python3.12/site-packages/airflow/example_dags/tutorial_taskflow_api.py took 0.067 seconds
[2025-02-19T09:39:02.190+0000] {processor.py:186} INFO - Started process (PID=182) to work on /home/airflow/.local/lib/python3.12/site-packages/airflow/example_dags/tutorial_taskflow_api.py
[2025-02-19T09:39:02.192+0000] {processor.py:914} INFO - Processing file /home/airflow/.local/lib/python3.12/site-packages/airflow/example_dags/tutorial_taskflow_api.py for tasks to queue
[2025-02-19T09:39:02.194+0000] {logging_mixin.py:190} INFO - [2025-02-19T09:39:02.193+0000] {dagbag.py:587} INFO - Filling up the DagBag from /home/airflow/.local/lib/python3.12/site-packages/airflow/example_dags/tutorial_taskflow_api.py
[2025-02-19T09:39:02.203+0000] {processor.py:925} INFO - DAG(s) 'tutorial_taskflow_api' retrieved from /home/airflow/.local/lib/python3.12/site-packages/airflow/example_dags/tutorial_taskflow_api.py
[2025-02-19T09:39:02.223+0000] {logging_mixin.py:190} INFO - [2025-02-19T09:39:02.222+0000] {dag.py:3229} INFO - Sync 1 DAGs
[2025-02-19T09:39:02.235+0000] {logging_mixin.py:190} INFO - [2025-02-19T09:39:02.234+0000] {dag.py:4156} INFO - Setting next_dagrun for tutorial_taskflow_api to None, run_after=None
[2025-02-19T09:39:02.254+0000] {processor.py:208} INFO - Processing /home/airflow/.local/lib/python3.12/site-packages/airflow/example_dags/tutorial_taskflow_api.py took 0.069 seconds
[2025-02-19T09:39:32.497+0000] {processor.py:186} INFO - Started process (PID=246) to work on /home/airflow/.local/lib/python3.12/site-packages/airflow/example_dags/tutorial_taskflow_api.py
[2025-02-19T09:39:32.498+0000] {processor.py:914} INFO - Processing file /home/airflow/.local/lib/python3.12/site-packages/airflow/example_dags/tutorial_taskflow_api.py for tasks to queue
[2025-02-19T09:39:32.500+0000] {logging_mixin.py:190} INFO - [2025-02-19T09:39:32.500+0000] {dagbag.py:587} INFO - Filling up the DagBag from /home/airflow/.local/lib/python3.12/site-packages/airflow/example_dags/tutorial_taskflow_api.py
[2025-02-19T09:39:32.506+0000] {processor.py:925} INFO - DAG(s) 'tutorial_taskflow_api' retrieved from /home/airflow/.local/lib/python3.12/site-packages/airflow/example_dags/tutorial_taskflow_api.py
[2025-02-19T09:39:32.523+0000] {logging_mixin.py:190} INFO - [2025-02-19T09:39:32.523+0000] {dag.py:3229} INFO - Sync 1 DAGs
[2025-02-19T09:39:32.535+0000] {logging_mixin.py:190} INFO - [2025-02-19T09:39:32.535+0000] {dag.py:4156} INFO - Setting next_dagrun for tutorial_taskflow_api to None, run_after=None
[2025-02-19T09:39:32.549+0000] {processor.py:208} INFO - Processing /home/airflow/.local/lib/python3.12/site-packages/airflow/example_dags/tutorial_taskflow_api.py took 0.056 seconds
[2025-02-19T09:40:02.760+0000] {processor.py:186} INFO - Started process (PID=310) to work on /home/airflow/.local/lib/python3.12/site-packages/airflow/example_dags/tutorial_taskflow_api.py
[2025-02-19T09:40:02.761+0000] {processor.py:914} INFO - Processing file /home/airflow/.local/lib/python3.12/site-packages/airflow/example_dags/tutorial_taskflow_api.py for tasks to queue
[2025-02-19T09:40:02.763+0000] {logging_mixin.py:190} INFO - [2025-02-19T09:40:02.763+0000] {dagbag.py:587} INFO - Filling up the DagBag from /home/airflow/.local/lib/python3.12/site-packages/airflow/example_dags/tutorial_taskflow_api.py
[2025-02-19T09:40:02.769+0000] {processor.py:925} INFO - DAG(s) 'tutorial_taskflow_api' retrieved from /home/airflow/.local/lib/python3.12/site-packages/airflow/example_dags/tutorial_taskflow_api.py
[2025-02-19T09:40:02.787+0000] {logging_mixin.py:190} INFO - [2025-02-19T09:40:02.786+0000] {dag.py:3229} INFO - Sync 1 DAGs
[2025-02-19T09:40:02.798+0000] {logging_mixin.py:190} INFO - [2025-02-19T09:40:02.798+0000] {dag.py:4156} INFO - Setting next_dagrun for tutorial_taskflow_api to None, run_after=None
[2025-02-19T09:40:02.815+0000] {processor.py:208} INFO - Processing /home/airflow/.local/lib/python3.12/site-packages/airflow/example_dags/tutorial_taskflow_api.py took 0.059 seconds
[2025-02-19T09:40:32.998+0000] {processor.py:186} INFO - Started process (PID=374) to work on /home/airflow/.local/lib/python3.12/site-packages/airflow/example_dags/tutorial_taskflow_api.py
[2025-02-19T09:40:33.000+0000] {processor.py:914} INFO - Processing file /home/airflow/.local/lib/python3.12/site-packages/airflow/example_dags/tutorial_taskflow_api.py for tasks to queue
[2025-02-19T09:40:33.002+0000] {logging_mixin.py:190} INFO - [2025-02-19T09:40:33.001+0000] {dagbag.py:587} INFO - Filling up the DagBag from /home/airflow/.local/lib/python3.12/site-packages/airflow/example_dags/tutorial_taskflow_api.py
[2025-02-19T09:40:33.009+0000] {processor.py:925} INFO - DAG(s) 'tutorial_taskflow_api' retrieved from /home/airflow/.local/lib/python3.12/site-packages/airflow/example_dags/tutorial_taskflow_api.py
[2025-02-19T09:40:33.027+0000] {logging_mixin.py:190} INFO - [2025-02-19T09:40:33.026+0000] {dag.py:3229} INFO - Sync 1 DAGs
[2025-02-19T09:40:33.039+0000] {logging_mixin.py:190} INFO - [2025-02-19T09:40:33.039+0000] {dag.py:4156} INFO - Setting next_dagrun for tutorial_taskflow_api to None, run_after=None
[2025-02-19T09:40:33.056+0000] {processor.py:208} INFO - Processing /home/airflow/.local/lib/python3.12/site-packages/airflow/example_dags/tutorial_taskflow_api.py took 0.063 seconds
[2025-02-19T09:41:03.177+0000] {processor.py:186} INFO - Started process (PID=438) to work on /home/airflow/.local/lib/python3.12/site-packages/airflow/example_dags/tutorial_taskflow_api.py
[2025-02-19T09:41:03.178+0000] {processor.py:914} INFO - Processing file /home/airflow/.local/lib/python3.12/site-packages/airflow/example_dags/tutorial_taskflow_api.py for tasks to queue
[2025-02-19T09:41:03.180+0000] {logging_mixin.py:190} INFO - [2025-02-19T09:41:03.180+0000] {dagbag.py:587} INFO - Filling up the DagBag from /home/airflow/.local/lib/python3.12/site-packages/airflow/example_dags/tutorial_taskflow_api.py
[2025-02-19T09:41:03.186+0000] {processor.py:925} INFO - DAG(s) 'tutorial_taskflow_api' retrieved from /home/airflow/.local/lib/python3.12/site-packages/airflow/example_dags/tutorial_taskflow_api.py
[2025-02-19T09:41:03.202+0000] {logging_mixin.py:190} INFO - [2025-02-19T09:41:03.201+0000] {dag.py:3229} INFO - Sync 1 DAGs
[2025-02-19T09:41:03.213+0000] {logging_mixin.py:190} INFO - [2025-02-19T09:41:03.213+0000] {dag.py:4156} INFO - Setting next_dagrun for tutorial_taskflow_api to None, run_after=None
[2025-02-19T09:41:03.230+0000] {processor.py:208} INFO - Processing /home/airflow/.local/lib/python3.12/site-packages/airflow/example_dags/tutorial_taskflow_api.py took 0.057 seconds
[2025-02-19T09:41:33.514+0000] {processor.py:186} INFO - Started process (PID=502) to work on /home/airflow/.local/lib/python3.12/site-packages/airflow/example_dags/tutorial_taskflow_api.py
[2025-02-19T09:41:33.515+0000] {processor.py:914} INFO - Processing file /home/airflow/.local/lib/python3.12/site-packages/airflow/example_dags/tutorial_taskflow_api.py for tasks to queue
[2025-02-19T09:41:33.517+0000] {logging_mixin.py:190} INFO - [2025-02-19T09:41:33.517+0000] {dagbag.py:587} INFO - Filling up the DagBag from /home/airflow/.local/lib/python3.12/site-packages/airflow/example_dags/tutorial_taskflow_api.py
[2025-02-19T09:41:33.523+0000] {processor.py:925} INFO - DAG(s) 'tutorial_taskflow_api' retrieved from /home/airflow/.local/lib/python3.12/site-packages/airflow/example_dags/tutorial_taskflow_api.py
[2025-02-19T09:41:33.538+0000] {logging_mixin.py:190} INFO - [2025-02-19T09:41:33.537+0000] {dag.py:3229} INFO - Sync 1 DAGs
[2025-02-19T09:41:33.548+0000] {logging_mixin.py:190} INFO - [2025-02-19T09:41:33.548+0000] {dag.py:4156} INFO - Setting next_dagrun for tutorial_taskflow_api to None, run_after=None
[2025-02-19T09:41:33.564+0000] {processor.py:208} INFO - Processing /home/airflow/.local/lib/python3.12/site-packages/airflow/example_dags/tutorial_taskflow_api.py took 0.054 seconds
[2025-02-19T09:42:04.598+0000] {processor.py:186} INFO - Started process (PID=566) to work on /home/airflow/.local/lib/python3.12/site-packages/airflow/example_dags/tutorial_taskflow_api.py
[2025-02-19T09:42:04.600+0000] {processor.py:914} INFO - Processing file /home/airflow/.local/lib/python3.12/site-packages/airflow/example_dags/tutorial_taskflow_api.py for tasks to queue
[2025-02-19T09:42:04.602+0000] {logging_mixin.py:190} INFO - [2025-02-19T09:42:04.601+0000] {dagbag.py:587} INFO - Filling up the DagBag from /home/airflow/.local/lib/python3.12/site-packages/airflow/example_dags/tutorial_taskflow_api.py
[2025-02-19T09:42:04.610+0000] {processor.py:925} INFO - DAG(s) 'tutorial_taskflow_api' retrieved from /home/airflow/.local/lib/python3.12/site-packages/airflow/example_dags/tutorial_taskflow_api.py
[2025-02-19T09:42:04.630+0000] {logging_mixin.py:190} INFO - [2025-02-19T09:42:04.630+0000] {dag.py:3229} INFO - Sync 1 DAGs
[2025-02-19T09:42:04.643+0000] {logging_mixin.py:190} INFO - [2025-02-19T09:42:04.643+0000] {dag.py:4156} INFO - Setting next_dagrun for tutorial_taskflow_api to None, run_after=None
[2025-02-19T09:42:04.663+0000] {processor.py:208} INFO - Processing /home/airflow/.local/lib/python3.12/site-packages/airflow/example_dags/tutorial_taskflow_api.py took 0.070 seconds
[2025-02-19T09:42:34.916+0000] {processor.py:186} INFO - Started process (PID=630) to work on /home/airflow/.local/lib/python3.12/site-packages/airflow/example_dags/tutorial_taskflow_api.py
[2025-02-19T09:42:34.917+0000] {processor.py:914} INFO - Processing file /home/airflow/.local/lib/python3.12/site-packages/airflow/example_dags/tutorial_taskflow_api.py for tasks to queue
[2025-02-19T09:42:34.918+0000] {logging_mixin.py:190} INFO - [2025-02-19T09:42:34.918+0000] {dagbag.py:587} INFO - Filling up the DagBag from /home/airflow/.local/lib/python3.12/site-packages/airflow/example_dags/tutorial_taskflow_api.py
[2025-02-19T09:42:34.924+0000] {processor.py:925} INFO - DAG(s) 'tutorial_taskflow_api' retrieved from /home/airflow/.local/lib/python3.12/site-packages/airflow/example_dags/tutorial_taskflow_api.py
[2025-02-19T09:42:34.940+0000] {logging_mixin.py:190} INFO - [2025-02-19T09:42:34.939+0000] {dag.py:3229} INFO - Sync 1 DAGs
[2025-02-19T09:42:34.951+0000] {logging_mixin.py:190} INFO - [2025-02-19T09:42:34.950+0000] {dag.py:4156} INFO - Setting next_dagrun for tutorial_taskflow_api to None, run_after=None
[2025-02-19T09:42:34.968+0000] {processor.py:208} INFO - Processing /home/airflow/.local/lib/python3.12/site-packages/airflow/example_dags/tutorial_taskflow_api.py took 0.056 seconds
[2025-02-19T09:43:06.170+0000] {processor.py:186} INFO - Started process (PID=694) to work on /home/airflow/.local/lib/python3.12/site-packages/airflow/example_dags/tutorial_taskflow_api.py
[2025-02-19T09:43:06.172+0000] {processor.py:914} INFO - Processing file /home/airflow/.local/lib/python3.12/site-packages/airflow/example_dags/tutorial_taskflow_api.py for tasks to queue
[2025-02-19T09:43:06.174+0000] {logging_mixin.py:190} INFO - [2025-02-19T09:43:06.174+0000] {dagbag.py:587} INFO - Filling up the DagBag from /home/airflow/.local/lib/python3.12/site-packages/airflow/example_dags/tutorial_taskflow_api.py
[2025-02-19T09:43:06.181+0000] {processor.py:925} INFO - DAG(s) 'tutorial_taskflow_api' retrieved from /home/airflow/.local/lib/python3.12/site-packages/airflow/example_dags/tutorial_taskflow_api.py
[2025-02-19T09:43:06.200+0000] {logging_mixin.py:190} INFO - [2025-02-19T09:43:06.199+0000] {dag.py:3229} INFO - Sync 1 DAGs
[2025-02-19T09:43:06.211+0000] {logging_mixin.py:190} INFO - [2025-02-19T09:43:06.211+0000] {dag.py:4156} INFO - Setting next_dagrun for tutorial_taskflow_api to None, run_after=None
[2025-02-19T09:43:06.228+0000] {processor.py:208} INFO - Processing /home/airflow/.local/lib/python3.12/site-packages/airflow/example_dags/tutorial_taskflow_api.py took 0.063 seconds
[2025-02-19T09:43:36.374+0000] {processor.py:186} INFO - Started process (PID=758) to work on /home/airflow/.local/lib/python3.12/site-packages/airflow/example_dags/tutorial_taskflow_api.py
[2025-02-19T09:43:36.375+0000] {processor.py:914} INFO - Processing file /home/airflow/.local/lib/python3.12/site-packages/airflow/example_dags/tutorial_taskflow_api.py for tasks to queue
[2025-02-19T09:43:36.377+0000] {logging_mixin.py:190} INFO - [2025-02-19T09:43:36.377+0000] {dagbag.py:587} INFO - Filling up the DagBag from /home/airflow/.local/lib/python3.12/site-packages/airflow/example_dags/tutorial_taskflow_api.py
[2025-02-19T09:43:36.384+0000] {processor.py:925} INFO - DAG(s) 'tutorial_taskflow_api' retrieved from /home/airflow/.local/lib/python3.12/site-packages/airflow/example_dags/tutorial_taskflow_api.py
[2025-02-19T09:43:36.401+0000] {logging_mixin.py:190} INFO - [2025-02-19T09:43:36.401+0000] {dag.py:3229} INFO - Sync 1 DAGs
[2025-02-19T09:43:36.413+0000] {logging_mixin.py:190} INFO - [2025-02-19T09:43:36.412+0000] {dag.py:4156} INFO - Setting next_dagrun for tutorial_taskflow_api to None, run_after=None
[2025-02-19T09:43:36.429+0000] {processor.py:208} INFO - Processing /home/airflow/.local/lib/python3.12/site-packages/airflow/example_dags/tutorial_taskflow_api.py took 0.059 seconds
[2025-02-19T09:44:06.638+0000] {processor.py:186} INFO - Started process (PID=822) to work on /home/airflow/.local/lib/python3.12/site-packages/airflow/example_dags/tutorial_taskflow_api.py
[2025-02-19T09:44:06.639+0000] {processor.py:914} INFO - Processing file /home/airflow/.local/lib/python3.12/site-packages/airflow/example_dags/tutorial_taskflow_api.py for tasks to queue
[2025-02-19T09:44:06.641+0000] {logging_mixin.py:190} INFO - [2025-02-19T09:44:06.640+0000] {dagbag.py:587} INFO - Filling up the DagBag from /home/airflow/.local/lib/python3.12/site-packages/airflow/example_dags/tutorial_taskflow_api.py
[2025-02-19T09:44:06.647+0000] {processor.py:925} INFO - DAG(s) 'tutorial_taskflow_api' retrieved from /home/airflow/.local/lib/python3.12/site-packages/airflow/example_dags/tutorial_taskflow_api.py
[2025-02-19T09:44:06.664+0000] {logging_mixin.py:190} INFO - [2025-02-19T09:44:06.663+0000] {dag.py:3229} INFO - Sync 1 DAGs
[2025-02-19T09:44:06.674+0000] {logging_mixin.py:190} INFO - [2025-02-19T09:44:06.674+0000] {dag.py:4156} INFO - Setting next_dagrun for tutorial_taskflow_api to None, run_after=None
[2025-02-19T09:44:06.689+0000] {processor.py:208} INFO - Processing /home/airflow/.local/lib/python3.12/site-packages/airflow/example_dags/tutorial_taskflow_api.py took 0.055 seconds
[2025-02-19T09:44:37.592+0000] {processor.py:186} INFO - Started process (PID=886) to work on /home/airflow/.local/lib/python3.12/site-packages/airflow/example_dags/tutorial_taskflow_api.py
[2025-02-19T09:44:37.593+0000] {processor.py:914} INFO - Processing file /home/airflow/.local/lib/python3.12/site-packages/airflow/example_dags/tutorial_taskflow_api.py for tasks to queue
[2025-02-19T09:44:37.595+0000] {logging_mixin.py:190} INFO - [2025-02-19T09:44:37.595+0000] {dagbag.py:587} INFO - Filling up the DagBag from /home/airflow/.local/lib/python3.12/site-packages/airflow/example_dags/tutorial_taskflow_api.py
[2025-02-19T09:44:37.601+0000] {processor.py:925} INFO - DAG(s) 'tutorial_taskflow_api' retrieved from /home/airflow/.local/lib/python3.12/site-packages/airflow/example_dags/tutorial_taskflow_api.py
[2025-02-19T09:44:37.617+0000] {logging_mixin.py:190} INFO - [2025-02-19T09:44:37.617+0000] {dag.py:3229} INFO - Sync 1 DAGs
[2025-02-19T09:44:37.629+0000] {logging_mixin.py:190} INFO - [2025-02-19T09:44:37.629+0000] {dag.py:4156} INFO - Setting next_dagrun for tutorial_taskflow_api to None, run_after=None
[2025-02-19T09:44:37.643+0000] {processor.py:208} INFO - Processing /home/airflow/.local/lib/python3.12/site-packages/airflow/example_dags/tutorial_taskflow_api.py took 0.055 seconds
[2025-02-19T09:45:07.975+0000] {processor.py:186} INFO - Started process (PID=950) to work on /home/airflow/.local/lib/python3.12/site-packages/airflow/example_dags/tutorial_taskflow_api.py
[2025-02-19T09:45:07.976+0000] {processor.py:914} INFO - Processing file /home/airflow/.local/lib/python3.12/site-packages/airflow/example_dags/tutorial_taskflow_api.py for tasks to queue
[2025-02-19T09:45:07.978+0000] {logging_mixin.py:190} INFO - [2025-02-19T09:45:07.978+0000] {dagbag.py:587} INFO - Filling up the DagBag from /home/airflow/.local/lib/python3.12/site-packages/airflow/example_dags/tutorial_taskflow_api.py
[2025-02-19T09:45:07.985+0000] {processor.py:925} INFO - DAG(s) 'tutorial_taskflow_api' retrieved from /home/airflow/.local/lib/python3.12/site-packages/airflow/example_dags/tutorial_taskflow_api.py
[2025-02-19T09:45:08.003+0000] {logging_mixin.py:190} INFO - [2025-02-19T09:45:08.002+0000] {dag.py:3229} INFO - Sync 1 DAGs
[2025-02-19T09:45:08.014+0000] {logging_mixin.py:190} INFO - [2025-02-19T09:45:08.014+0000] {dag.py:4156} INFO - Setting next_dagrun for tutorial_taskflow_api to None, run_after=None
[2025-02-19T09:45:08.030+0000] {processor.py:208} INFO - Processing /home/airflow/.local/lib/python3.12/site-packages/airflow/example_dags/tutorial_taskflow_api.py took 0.059 seconds
[2025-02-19T09:45:39.262+0000] {processor.py:186} INFO - Started process (PID=1014) to work on /home/airflow/.local/lib/python3.12/site-packages/airflow/example_dags/tutorial_taskflow_api.py
[2025-02-19T09:45:39.263+0000] {processor.py:914} INFO - Processing file /home/airflow/.local/lib/python3.12/site-packages/airflow/example_dags/tutorial_taskflow_api.py for tasks to queue
[2025-02-19T09:45:39.265+0000] {logging_mixin.py:190} INFO - [2025-02-19T09:45:39.265+0000] {dagbag.py:587} INFO - Filling up the DagBag from /home/airflow/.local/lib/python3.12/site-packages/airflow/example_dags/tutorial_taskflow_api.py
[2025-02-19T09:45:39.272+0000] {processor.py:925} INFO - DAG(s) 'tutorial_taskflow_api' retrieved from /home/airflow/.local/lib/python3.12/site-packages/airflow/example_dags/tutorial_taskflow_api.py
[2025-02-19T09:45:39.290+0000] {logging_mixin.py:190} INFO - [2025-02-19T09:45:39.289+0000] {dag.py:3229} INFO - Sync 1 DAGs
[2025-02-19T09:45:39.303+0000] {logging_mixin.py:190} INFO - [2025-02-19T09:45:39.303+0000] {dag.py:4156} INFO - Setting next_dagrun for tutorial_taskflow_api to None, run_after=None
[2025-02-19T09:45:39.322+0000] {processor.py:208} INFO - Processing /home/airflow/.local/lib/python3.12/site-packages/airflow/example_dags/tutorial_taskflow_api.py took 0.064 seconds
[2025-02-19T09:46:10.233+0000] {processor.py:186} INFO - Started process (PID=1078) to work on /home/airflow/.local/lib/python3.12/site-packages/airflow/example_dags/tutorial_taskflow_api.py
[2025-02-19T09:46:10.235+0000] {processor.py:914} INFO - Processing file /home/airflow/.local/lib/python3.12/site-packages/airflow/example_dags/tutorial_taskflow_api.py for tasks to queue
[2025-02-19T09:46:10.237+0000] {logging_mixin.py:190} INFO - [2025-02-19T09:46:10.236+0000] {dagbag.py:587} INFO - Filling up the DagBag from /home/airflow/.local/lib/python3.12/site-packages/airflow/example_dags/tutorial_taskflow_api.py
[2025-02-19T09:46:10.243+0000] {processor.py:925} INFO - DAG(s) 'tutorial_taskflow_api' retrieved from /home/airflow/.local/lib/python3.12/site-packages/airflow/example_dags/tutorial_taskflow_api.py
[2025-02-19T09:46:10.259+0000] {logging_mixin.py:190} INFO - [2025-02-19T09:46:10.259+0000] {dag.py:3229} INFO - Sync 1 DAGs
[2025-02-19T09:46:10.270+0000] {logging_mixin.py:190} INFO - [2025-02-19T09:46:10.270+0000] {dag.py:4156} INFO - Setting next_dagrun for tutorial_taskflow_api to None, run_after=None
[2025-02-19T09:46:10.286+0000] {processor.py:208} INFO - Processing /home/airflow/.local/lib/python3.12/site-packages/airflow/example_dags/tutorial_taskflow_api.py took 0.057 seconds
[2025-02-19T09:46:41.090+0000] {processor.py:186} INFO - Started process (PID=1142) to work on /home/airflow/.local/lib/python3.12/site-packages/airflow/example_dags/tutorial_taskflow_api.py
[2025-02-19T09:46:41.091+0000] {processor.py:914} INFO - Processing file /home/airflow/.local/lib/python3.12/site-packages/airflow/example_dags/tutorial_taskflow_api.py for tasks to queue
[2025-02-19T09:46:41.093+0000] {logging_mixin.py:190} INFO - [2025-02-19T09:46:41.092+0000] {dagbag.py:587} INFO - Filling up the DagBag from /home/airflow/.local/lib/python3.12/site-packages/airflow/example_dags/tutorial_taskflow_api.py
[2025-02-19T09:46:41.099+0000] {processor.py:925} INFO - DAG(s) 'tutorial_taskflow_api' retrieved from /home/airflow/.local/lib/python3.12/site-packages/airflow/example_dags/tutorial_taskflow_api.py
[2025-02-19T09:46:41.114+0000] {logging_mixin.py:190} INFO - [2025-02-19T09:46:41.114+0000] {dag.py:3229} INFO - Sync 1 DAGs
[2025-02-19T09:46:41.125+0000] {logging_mixin.py:190} INFO - [2025-02-19T09:46:41.125+0000] {dag.py:4156} INFO - Setting next_dagrun for tutorial_taskflow_api to None, run_after=None
[2025-02-19T09:46:41.139+0000] {processor.py:208} INFO - Processing /home/airflow/.local/lib/python3.12/site-packages/airflow/example_dags/tutorial_taskflow_api.py took 0.054 seconds
[2025-02-19T09:47:12.335+0000] {processor.py:186} INFO - Started process (PID=1206) to work on /home/airflow/.local/lib/python3.12/site-packages/airflow/example_dags/tutorial_taskflow_api.py
[2025-02-19T09:47:12.337+0000] {processor.py:914} INFO - Processing file /home/airflow/.local/lib/python3.12/site-packages/airflow/example_dags/tutorial_taskflow_api.py for tasks to queue
[2025-02-19T09:47:12.339+0000] {logging_mixin.py:190} INFO - [2025-02-19T09:47:12.339+0000] {dagbag.py:587} INFO - Filling up the DagBag from /home/airflow/.local/lib/python3.12/site-packages/airflow/example_dags/tutorial_taskflow_api.py
[2025-02-19T09:47:12.346+0000] {processor.py:925} INFO - DAG(s) 'tutorial_taskflow_api' retrieved from /home/airflow/.local/lib/python3.12/site-packages/airflow/example_dags/tutorial_taskflow_api.py
[2025-02-19T09:47:12.365+0000] {logging_mixin.py:190} INFO - [2025-02-19T09:47:12.364+0000] {dag.py:3229} INFO - Sync 1 DAGs
[2025-02-19T09:47:12.380+0000] {logging_mixin.py:190} INFO - [2025-02-19T09:47:12.379+0000] {dag.py:4156} INFO - Setting next_dagrun for tutorial_taskflow_api to None, run_after=None
[2025-02-19T09:47:12.397+0000] {processor.py:208} INFO - Processing /home/airflow/.local/lib/python3.12/site-packages/airflow/example_dags/tutorial_taskflow_api.py took 0.066 seconds
[2025-02-19T09:47:42.667+0000] {processor.py:186} INFO - Started process (PID=1270) to work on /home/airflow/.local/lib/python3.12/site-packages/airflow/example_dags/tutorial_taskflow_api.py
[2025-02-19T09:47:42.668+0000] {processor.py:914} INFO - Processing file /home/airflow/.local/lib/python3.12/site-packages/airflow/example_dags/tutorial_taskflow_api.py for tasks to queue
[2025-02-19T09:47:42.670+0000] {logging_mixin.py:190} INFO - [2025-02-19T09:47:42.670+0000] {dagbag.py:587} INFO - Filling up the DagBag from /home/airflow/.local/lib/python3.12/site-packages/airflow/example_dags/tutorial_taskflow_api.py
[2025-02-19T09:47:42.677+0000] {processor.py:925} INFO - DAG(s) 'tutorial_taskflow_api' retrieved from /home/airflow/.local/lib/python3.12/site-packages/airflow/example_dags/tutorial_taskflow_api.py
[2025-02-19T09:47:42.695+0000] {logging_mixin.py:190} INFO - [2025-02-19T09:47:42.694+0000] {dag.py:3229} INFO - Sync 1 DAGs
[2025-02-19T09:47:42.711+0000] {logging_mixin.py:190} INFO - [2025-02-19T09:47:42.710+0000] {dag.py:4156} INFO - Setting next_dagrun for tutorial_taskflow_api to None, run_after=None
[2025-02-19T09:47:42.730+0000] {processor.py:208} INFO - Processing /home/airflow/.local/lib/python3.12/site-packages/airflow/example_dags/tutorial_taskflow_api.py took 0.067 seconds
[2025-02-19T09:48:12.928+0000] {processor.py:186} INFO - Started process (PID=1335) to work on /home/airflow/.local/lib/python3.12/site-packages/airflow/example_dags/tutorial_taskflow_api.py
[2025-02-19T09:48:12.929+0000] {processor.py:914} INFO - Processing file /home/airflow/.local/lib/python3.12/site-packages/airflow/example_dags/tutorial_taskflow_api.py for tasks to queue
[2025-02-19T09:48:12.932+0000] {logging_mixin.py:190} INFO - [2025-02-19T09:48:12.931+0000] {dagbag.py:587} INFO - Filling up the DagBag from /home/airflow/.local/lib/python3.12/site-packages/airflow/example_dags/tutorial_taskflow_api.py
[2025-02-19T09:48:12.940+0000] {processor.py:925} INFO - DAG(s) 'tutorial_taskflow_api' retrieved from /home/airflow/.local/lib/python3.12/site-packages/airflow/example_dags/tutorial_taskflow_api.py
[2025-02-19T09:48:12.959+0000] {logging_mixin.py:190} INFO - [2025-02-19T09:48:12.958+0000] {dag.py:3229} INFO - Sync 1 DAGs
[2025-02-19T09:48:12.971+0000] {logging_mixin.py:190} INFO - [2025-02-19T09:48:12.971+0000] {dag.py:4156} INFO - Setting next_dagrun for tutorial_taskflow_api to None, run_after=None
[2025-02-19T09:48:12.987+0000] {processor.py:208} INFO - Processing /home/airflow/.local/lib/python3.12/site-packages/airflow/example_dags/tutorial_taskflow_api.py took 0.063 seconds
[2025-02-19T09:48:44.014+0000] {processor.py:186} INFO - Started process (PID=1399) to work on /home/airflow/.local/lib/python3.12/site-packages/airflow/example_dags/tutorial_taskflow_api.py
[2025-02-19T09:48:44.015+0000] {processor.py:914} INFO - Processing file /home/airflow/.local/lib/python3.12/site-packages/airflow/example_dags/tutorial_taskflow_api.py for tasks to queue
[2025-02-19T09:48:44.017+0000] {logging_mixin.py:190} INFO - [2025-02-19T09:48:44.017+0000] {dagbag.py:587} INFO - Filling up the DagBag from /home/airflow/.local/lib/python3.12/site-packages/airflow/example_dags/tutorial_taskflow_api.py
[2025-02-19T09:48:44.023+0000] {processor.py:925} INFO - DAG(s) 'tutorial_taskflow_api' retrieved from /home/airflow/.local/lib/python3.12/site-packages/airflow/example_dags/tutorial_taskflow_api.py
[2025-02-19T09:48:44.040+0000] {logging_mixin.py:190} INFO - [2025-02-19T09:48:44.039+0000] {dag.py:3229} INFO - Sync 1 DAGs
[2025-02-19T09:48:44.051+0000] {logging_mixin.py:190} INFO - [2025-02-19T09:48:44.050+0000] {dag.py:4156} INFO - Setting next_dagrun for tutorial_taskflow_api to None, run_after=None
[2025-02-19T09:48:44.065+0000] {processor.py:208} INFO - Processing /home/airflow/.local/lib/python3.12/site-packages/airflow/example_dags/tutorial_taskflow_api.py took 0.055 seconds
[2025-02-19T09:49:14.993+0000] {processor.py:186} INFO - Started process (PID=1463) to work on /home/airflow/.local/lib/python3.12/site-packages/airflow/example_dags/tutorial_taskflow_api.py
[2025-02-19T09:49:14.994+0000] {processor.py:914} INFO - Processing file /home/airflow/.local/lib/python3.12/site-packages/airflow/example_dags/tutorial_taskflow_api.py for tasks to queue
[2025-02-19T09:49:14.996+0000] {logging_mixin.py:190} INFO - [2025-02-19T09:49:14.996+0000] {dagbag.py:587} INFO - Filling up the DagBag from /home/airflow/.local/lib/python3.12/site-packages/airflow/example_dags/tutorial_taskflow_api.py
[2025-02-19T09:49:15.002+0000] {processor.py:925} INFO - DAG(s) 'tutorial_taskflow_api' retrieved from /home/airflow/.local/lib/python3.12/site-packages/airflow/example_dags/tutorial_taskflow_api.py
[2025-02-19T09:49:15.019+0000] {logging_mixin.py:190} INFO - [2025-02-19T09:49:15.018+0000] {dag.py:3229} INFO - Sync 1 DAGs
[2025-02-19T09:49:15.030+0000] {logging_mixin.py:190} INFO - [2025-02-19T09:49:15.030+0000] {dag.py:4156} INFO - Setting next_dagrun for tutorial_taskflow_api to None, run_after=None
[2025-02-19T09:49:15.045+0000] {processor.py:208} INFO - Processing /home/airflow/.local/lib/python3.12/site-packages/airflow/example_dags/tutorial_taskflow_api.py took 0.056 seconds
[2025-02-19T09:49:45.974+0000] {processor.py:186} INFO - Started process (PID=1527) to work on /home/airflow/.local/lib/python3.12/site-packages/airflow/example_dags/tutorial_taskflow_api.py
[2025-02-19T09:49:45.976+0000] {processor.py:914} INFO - Processing file /home/airflow/.local/lib/python3.12/site-packages/airflow/example_dags/tutorial_taskflow_api.py for tasks to queue
[2025-02-19T09:49:45.978+0000] {logging_mixin.py:190} INFO - [2025-02-19T09:49:45.977+0000] {dagbag.py:587} INFO - Filling up the DagBag from /home/airflow/.local/lib/python3.12/site-packages/airflow/example_dags/tutorial_taskflow_api.py
[2025-02-19T09:49:45.984+0000] {processor.py:925} INFO - DAG(s) 'tutorial_taskflow_api' retrieved from /home/airflow/.local/lib/python3.12/site-packages/airflow/example_dags/tutorial_taskflow_api.py
[2025-02-19T09:49:46.002+0000] {logging_mixin.py:190} INFO - [2025-02-19T09:49:46.002+0000] {dag.py:3229} INFO - Sync 1 DAGs
[2025-02-19T09:49:46.013+0000] {logging_mixin.py:190} INFO - [2025-02-19T09:49:46.013+0000] {dag.py:4156} INFO - Setting next_dagrun for tutorial_taskflow_api to None, run_after=None
[2025-02-19T09:49:46.027+0000] {processor.py:208} INFO - Processing /home/airflow/.local/lib/python3.12/site-packages/airflow/example_dags/tutorial_taskflow_api.py took 0.056 seconds
[2025-02-19T09:50:16.425+0000] {processor.py:186} INFO - Started process (PID=1591) to work on /home/airflow/.local/lib/python3.12/site-packages/airflow/example_dags/tutorial_taskflow_api.py
[2025-02-19T09:50:16.426+0000] {processor.py:914} INFO - Processing file /home/airflow/.local/lib/python3.12/site-packages/airflow/example_dags/tutorial_taskflow_api.py for tasks to queue
[2025-02-19T09:50:16.428+0000] {logging_mixin.py:190} INFO - [2025-02-19T09:50:16.428+0000] {dagbag.py:587} INFO - Filling up the DagBag from /home/airflow/.local/lib/python3.12/site-packages/airflow/example_dags/tutorial_taskflow_api.py
[2025-02-19T09:50:16.435+0000] {processor.py:925} INFO - DAG(s) 'tutorial_taskflow_api' retrieved from /home/airflow/.local/lib/python3.12/site-packages/airflow/example_dags/tutorial_taskflow_api.py
[2025-02-19T09:50:16.453+0000] {logging_mixin.py:190} INFO - [2025-02-19T09:50:16.452+0000] {dag.py:3229} INFO - Sync 1 DAGs
[2025-02-19T09:50:16.464+0000] {logging_mixin.py:190} INFO - [2025-02-19T09:50:16.464+0000] {dag.py:4156} INFO - Setting next_dagrun for tutorial_taskflow_api to None, run_after=None
[2025-02-19T09:50:16.481+0000] {processor.py:208} INFO - Processing /home/airflow/.local/lib/python3.12/site-packages/airflow/example_dags/tutorial_taskflow_api.py took 0.061 seconds
[2025-02-19T09:50:46.863+0000] {processor.py:186} INFO - Started process (PID=1655) to work on /home/airflow/.local/lib/python3.12/site-packages/airflow/example_dags/tutorial_taskflow_api.py
[2025-02-19T09:50:46.864+0000] {processor.py:914} INFO - Processing file /home/airflow/.local/lib/python3.12/site-packages/airflow/example_dags/tutorial_taskflow_api.py for tasks to queue
[2025-02-19T09:50:46.866+0000] {logging_mixin.py:190} INFO - [2025-02-19T09:50:46.866+0000] {dagbag.py:587} INFO - Filling up the DagBag from /home/airflow/.local/lib/python3.12/site-packages/airflow/example_dags/tutorial_taskflow_api.py
[2025-02-19T09:50:46.873+0000] {processor.py:925} INFO - DAG(s) 'tutorial_taskflow_api' retrieved from /home/airflow/.local/lib/python3.12/site-packages/airflow/example_dags/tutorial_taskflow_api.py
[2025-02-19T09:50:46.891+0000] {logging_mixin.py:190} INFO - [2025-02-19T09:50:46.890+0000] {dag.py:3229} INFO - Sync 1 DAGs
[2025-02-19T09:50:46.902+0000] {logging_mixin.py:190} INFO - [2025-02-19T09:50:46.902+0000] {dag.py:4156} INFO - Setting next_dagrun for tutorial_taskflow_api to None, run_after=None
[2025-02-19T09:50:46.918+0000] {processor.py:208} INFO - Processing /home/airflow/.local/lib/python3.12/site-packages/airflow/example_dags/tutorial_taskflow_api.py took 0.060 seconds
[2025-02-19T09:51:17.085+0000] {processor.py:186} INFO - Started process (PID=1719) to work on /home/airflow/.local/lib/python3.12/site-packages/airflow/example_dags/tutorial_taskflow_api.py
[2025-02-19T09:51:17.087+0000] {processor.py:914} INFO - Processing file /home/airflow/.local/lib/python3.12/site-packages/airflow/example_dags/tutorial_taskflow_api.py for tasks to queue
[2025-02-19T09:51:17.089+0000] {logging_mixin.py:190} INFO - [2025-02-19T09:51:17.088+0000] {dagbag.py:587} INFO - Filling up the DagBag from /home/airflow/.local/lib/python3.12/site-packages/airflow/example_dags/tutorial_taskflow_api.py
[2025-02-19T09:51:17.095+0000] {processor.py:925} INFO - DAG(s) 'tutorial_taskflow_api' retrieved from /home/airflow/.local/lib/python3.12/site-packages/airflow/example_dags/tutorial_taskflow_api.py
[2025-02-19T09:51:17.111+0000] {logging_mixin.py:190} INFO - [2025-02-19T09:51:17.111+0000] {dag.py:3229} INFO - Sync 1 DAGs
[2025-02-19T09:51:17.123+0000] {logging_mixin.py:190} INFO - [2025-02-19T09:51:17.123+0000] {dag.py:4156} INFO - Setting next_dagrun for tutorial_taskflow_api to None, run_after=None
[2025-02-19T09:51:17.140+0000] {processor.py:208} INFO - Processing /home/airflow/.local/lib/python3.12/site-packages/airflow/example_dags/tutorial_taskflow_api.py took 0.059 seconds
[2025-02-19T09:51:47.365+0000] {processor.py:186} INFO - Started process (PID=1783) to work on /home/airflow/.local/lib/python3.12/site-packages/airflow/example_dags/tutorial_taskflow_api.py
[2025-02-19T09:51:47.366+0000] {processor.py:914} INFO - Processing file /home/airflow/.local/lib/python3.12/site-packages/airflow/example_dags/tutorial_taskflow_api.py for tasks to queue
[2025-02-19T09:51:47.368+0000] {logging_mixin.py:190} INFO - [2025-02-19T09:51:47.368+0000] {dagbag.py:587} INFO - Filling up the DagBag from /home/airflow/.local/lib/python3.12/site-packages/airflow/example_dags/tutorial_taskflow_api.py
[2025-02-19T09:51:47.375+0000] {processor.py:925} INFO - DAG(s) 'tutorial_taskflow_api' retrieved from /home/airflow/.local/lib/python3.12/site-packages/airflow/example_dags/tutorial_taskflow_api.py
[2025-02-19T09:51:47.392+0000] {logging_mixin.py:190} INFO - [2025-02-19T09:51:47.391+0000] {dag.py:3229} INFO - Sync 1 DAGs
[2025-02-19T09:51:47.403+0000] {logging_mixin.py:190} INFO - [2025-02-19T09:51:47.403+0000] {dag.py:4156} INFO - Setting next_dagrun for tutorial_taskflow_api to None, run_after=None
[2025-02-19T09:51:47.418+0000] {processor.py:208} INFO - Processing /home/airflow/.local/lib/python3.12/site-packages/airflow/example_dags/tutorial_taskflow_api.py took 0.058 seconds
[2025-02-19T09:52:17.710+0000] {processor.py:186} INFO - Started process (PID=1847) to work on /home/airflow/.local/lib/python3.12/site-packages/airflow/example_dags/tutorial_taskflow_api.py
[2025-02-19T09:52:17.711+0000] {processor.py:914} INFO - Processing file /home/airflow/.local/lib/python3.12/site-packages/airflow/example_dags/tutorial_taskflow_api.py for tasks to queue
[2025-02-19T09:52:17.713+0000] {logging_mixin.py:190} INFO - [2025-02-19T09:52:17.713+0000] {dagbag.py:587} INFO - Filling up the DagBag from /home/airflow/.local/lib/python3.12/site-packages/airflow/example_dags/tutorial_taskflow_api.py
[2025-02-19T09:52:17.719+0000] {processor.py:925} INFO - DAG(s) 'tutorial_taskflow_api' retrieved from /home/airflow/.local/lib/python3.12/site-packages/airflow/example_dags/tutorial_taskflow_api.py
[2025-02-19T09:52:17.735+0000] {logging_mixin.py:190} INFO - [2025-02-19T09:52:17.734+0000] {dag.py:3229} INFO - Sync 1 DAGs
[2025-02-19T09:52:17.745+0000] {logging_mixin.py:190} INFO - [2025-02-19T09:52:17.745+0000] {dag.py:4156} INFO - Setting next_dagrun for tutorial_taskflow_api to None, run_after=None
[2025-02-19T09:52:17.761+0000] {processor.py:208} INFO - Processing /home/airflow/.local/lib/python3.12/site-packages/airflow/example_dags/tutorial_taskflow_api.py took 0.055 seconds
[2025-02-19T09:52:48.062+0000] {processor.py:186} INFO - Started process (PID=1911) to work on /home/airflow/.local/lib/python3.12/site-packages/airflow/example_dags/tutorial_taskflow_api.py
[2025-02-19T09:52:48.064+0000] {processor.py:914} INFO - Processing file /home/airflow/.local/lib/python3.12/site-packages/airflow/example_dags/tutorial_taskflow_api.py for tasks to queue
[2025-02-19T09:52:48.065+0000] {logging_mixin.py:190} INFO - [2025-02-19T09:52:48.065+0000] {dagbag.py:587} INFO - Filling up the DagBag from /home/airflow/.local/lib/python3.12/site-packages/airflow/example_dags/tutorial_taskflow_api.py
[2025-02-19T09:52:48.072+0000] {processor.py:925} INFO - DAG(s) 'tutorial_taskflow_api' retrieved from /home/airflow/.local/lib/python3.12/site-packages/airflow/example_dags/tutorial_taskflow_api.py
[2025-02-19T09:52:48.090+0000] {logging_mixin.py:190} INFO - [2025-02-19T09:52:48.089+0000] {dag.py:3229} INFO - Sync 1 DAGs
[2025-02-19T09:52:48.101+0000] {logging_mixin.py:190} INFO - [2025-02-19T09:52:48.101+0000] {dag.py:4156} INFO - Setting next_dagrun for tutorial_taskflow_api to None, run_after=None
[2025-02-19T09:52:48.116+0000] {processor.py:208} INFO - Processing /home/airflow/.local/lib/python3.12/site-packages/airflow/example_dags/tutorial_taskflow_api.py took 0.058 seconds
[2025-02-19T09:53:18.316+0000] {processor.py:186} INFO - Started process (PID=1975) to work on /home/airflow/.local/lib/python3.12/site-packages/airflow/example_dags/tutorial_taskflow_api.py
[2025-02-19T09:53:18.318+0000] {processor.py:914} INFO - Processing file /home/airflow/.local/lib/python3.12/site-packages/airflow/example_dags/tutorial_taskflow_api.py for tasks to queue
[2025-02-19T09:53:18.320+0000] {logging_mixin.py:190} INFO - [2025-02-19T09:53:18.320+0000] {dagbag.py:587} INFO - Filling up the DagBag from /home/airflow/.local/lib/python3.12/site-packages/airflow/example_dags/tutorial_taskflow_api.py
[2025-02-19T09:53:18.327+0000] {processor.py:925} INFO - DAG(s) 'tutorial_taskflow_api' retrieved from /home/airflow/.local/lib/python3.12/site-packages/airflow/example_dags/tutorial_taskflow_api.py
[2025-02-19T09:53:18.346+0000] {logging_mixin.py:190} INFO - [2025-02-19T09:53:18.346+0000] {dag.py:3229} INFO - Sync 1 DAGs
[2025-02-19T09:53:18.358+0000] {logging_mixin.py:190} INFO - [2025-02-19T09:53:18.358+0000] {dag.py:4156} INFO - Setting next_dagrun for tutorial_taskflow_api to None, run_after=None
[2025-02-19T09:53:18.376+0000] {processor.py:208} INFO - Processing /home/airflow/.local/lib/python3.12/site-packages/airflow/example_dags/tutorial_taskflow_api.py took 0.064 seconds
[2025-02-19T09:53:48.541+0000] {processor.py:186} INFO - Started process (PID=2039) to work on /home/airflow/.local/lib/python3.12/site-packages/airflow/example_dags/tutorial_taskflow_api.py
[2025-02-19T09:53:48.542+0000] {processor.py:914} INFO - Processing file /home/airflow/.local/lib/python3.12/site-packages/airflow/example_dags/tutorial_taskflow_api.py for tasks to queue
[2025-02-19T09:53:48.544+0000] {logging_mixin.py:190} INFO - [2025-02-19T09:53:48.543+0000] {dagbag.py:587} INFO - Filling up the DagBag from /home/airflow/.local/lib/python3.12/site-packages/airflow/example_dags/tutorial_taskflow_api.py
[2025-02-19T09:53:48.551+0000] {processor.py:925} INFO - DAG(s) 'tutorial_taskflow_api' retrieved from /home/airflow/.local/lib/python3.12/site-packages/airflow/example_dags/tutorial_taskflow_api.py
[2025-02-19T09:53:48.567+0000] {logging_mixin.py:190} INFO - [2025-02-19T09:53:48.566+0000] {dag.py:3229} INFO - Sync 1 DAGs
[2025-02-19T09:53:48.578+0000] {logging_mixin.py:190} INFO - [2025-02-19T09:53:48.578+0000] {dag.py:4156} INFO - Setting next_dagrun for tutorial_taskflow_api to None, run_after=None
[2025-02-19T09:53:48.593+0000] {processor.py:208} INFO - Processing /home/airflow/.local/lib/python3.12/site-packages/airflow/example_dags/tutorial_taskflow_api.py took 0.056 seconds
[2025-02-19T09:54:19.030+0000] {processor.py:186} INFO - Started process (PID=2103) to work on /home/airflow/.local/lib/python3.12/site-packages/airflow/example_dags/tutorial_taskflow_api.py
[2025-02-19T09:54:19.031+0000] {processor.py:914} INFO - Processing file /home/airflow/.local/lib/python3.12/site-packages/airflow/example_dags/tutorial_taskflow_api.py for tasks to queue
[2025-02-19T09:54:19.033+0000] {logging_mixin.py:190} INFO - [2025-02-19T09:54:19.033+0000] {dagbag.py:587} INFO - Filling up the DagBag from /home/airflow/.local/lib/python3.12/site-packages/airflow/example_dags/tutorial_taskflow_api.py
[2025-02-19T09:54:19.040+0000] {processor.py:925} INFO - DAG(s) 'tutorial_taskflow_api' retrieved from /home/airflow/.local/lib/python3.12/site-packages/airflow/example_dags/tutorial_taskflow_api.py
[2025-02-19T09:54:19.062+0000] {logging_mixin.py:190} INFO - [2025-02-19T09:54:19.061+0000] {dag.py:3229} INFO - Sync 1 DAGs
[2025-02-19T09:54:19.075+0000] {logging_mixin.py:190} INFO - [2025-02-19T09:54:19.075+0000] {dag.py:4156} INFO - Setting next_dagrun for tutorial_taskflow_api to None, run_after=None
[2025-02-19T09:54:19.093+0000] {processor.py:208} INFO - Processing /home/airflow/.local/lib/python3.12/site-packages/airflow/example_dags/tutorial_taskflow_api.py took 0.068 seconds
[2025-02-19T09:54:49.227+0000] {processor.py:186} INFO - Started process (PID=2167) to work on /home/airflow/.local/lib/python3.12/site-packages/airflow/example_dags/tutorial_taskflow_api.py
[2025-02-19T09:54:49.228+0000] {processor.py:914} INFO - Processing file /home/airflow/.local/lib/python3.12/site-packages/airflow/example_dags/tutorial_taskflow_api.py for tasks to queue
[2025-02-19T09:54:49.230+0000] {logging_mixin.py:190} INFO - [2025-02-19T09:54:49.230+0000] {dagbag.py:587} INFO - Filling up the DagBag from /home/airflow/.local/lib/python3.12/site-packages/airflow/example_dags/tutorial_taskflow_api.py
[2025-02-19T09:54:49.236+0000] {processor.py:925} INFO - DAG(s) 'tutorial_taskflow_api' retrieved from /home/airflow/.local/lib/python3.12/site-packages/airflow/example_dags/tutorial_taskflow_api.py
[2025-02-19T09:54:49.253+0000] {logging_mixin.py:190} INFO - [2025-02-19T09:54:49.253+0000] {dag.py:3229} INFO - Sync 1 DAGs
[2025-02-19T09:54:49.264+0000] {logging_mixin.py:190} INFO - [2025-02-19T09:54:49.263+0000] {dag.py:4156} INFO - Setting next_dagrun for tutorial_taskflow_api to None, run_after=None
[2025-02-19T09:54:49.278+0000] {processor.py:208} INFO - Processing /home/airflow/.local/lib/python3.12/site-packages/airflow/example_dags/tutorial_taskflow_api.py took 0.055 seconds
[2025-02-19T09:55:19.689+0000] {processor.py:186} INFO - Started process (PID=2232) to work on /home/airflow/.local/lib/python3.12/site-packages/airflow/example_dags/tutorial_taskflow_api.py
[2025-02-19T09:55:19.690+0000] {processor.py:914} INFO - Processing file /home/airflow/.local/lib/python3.12/site-packages/airflow/example_dags/tutorial_taskflow_api.py for tasks to queue
[2025-02-19T09:55:19.692+0000] {logging_mixin.py:190} INFO - [2025-02-19T09:55:19.692+0000] {dagbag.py:587} INFO - Filling up the DagBag from /home/airflow/.local/lib/python3.12/site-packages/airflow/example_dags/tutorial_taskflow_api.py
[2025-02-19T09:55:19.699+0000] {processor.py:925} INFO - DAG(s) 'tutorial_taskflow_api' retrieved from /home/airflow/.local/lib/python3.12/site-packages/airflow/example_dags/tutorial_taskflow_api.py
[2025-02-19T09:55:19.719+0000] {logging_mixin.py:190} INFO - [2025-02-19T09:55:19.718+0000] {dag.py:3229} INFO - Sync 1 DAGs
[2025-02-19T09:55:19.729+0000] {logging_mixin.py:190} INFO - [2025-02-19T09:55:19.729+0000] {dag.py:4156} INFO - Setting next_dagrun for tutorial_taskflow_api to None, run_after=None
[2025-02-19T09:55:19.744+0000] {processor.py:208} INFO - Processing /home/airflow/.local/lib/python3.12/site-packages/airflow/example_dags/tutorial_taskflow_api.py took 0.060 seconds
[2025-02-19T09:55:50.060+0000] {processor.py:186} INFO - Started process (PID=2296) to work on /home/airflow/.local/lib/python3.12/site-packages/airflow/example_dags/tutorial_taskflow_api.py
[2025-02-19T09:55:50.062+0000] {processor.py:914} INFO - Processing file /home/airflow/.local/lib/python3.12/site-packages/airflow/example_dags/tutorial_taskflow_api.py for tasks to queue
[2025-02-19T09:55:50.064+0000] {logging_mixin.py:190} INFO - [2025-02-19T09:55:50.064+0000] {dagbag.py:587} INFO - Filling up the DagBag from /home/airflow/.local/lib/python3.12/site-packages/airflow/example_dags/tutorial_taskflow_api.py
[2025-02-19T09:55:50.070+0000] {processor.py:925} INFO - DAG(s) 'tutorial_taskflow_api' retrieved from /home/airflow/.local/lib/python3.12/site-packages/airflow/example_dags/tutorial_taskflow_api.py
[2025-02-19T09:55:50.087+0000] {logging_mixin.py:190} INFO - [2025-02-19T09:55:50.086+0000] {dag.py:3229} INFO - Sync 1 DAGs
[2025-02-19T09:55:50.100+0000] {logging_mixin.py:190} INFO - [2025-02-19T09:55:50.099+0000] {dag.py:4156} INFO - Setting next_dagrun for tutorial_taskflow_api to None, run_after=None
[2025-02-19T09:55:50.115+0000] {processor.py:208} INFO - Processing /home/airflow/.local/lib/python3.12/site-packages/airflow/example_dags/tutorial_taskflow_api.py took 0.059 seconds
[2025-02-19T09:56:20.386+0000] {processor.py:186} INFO - Started process (PID=2360) to work on /home/airflow/.local/lib/python3.12/site-packages/airflow/example_dags/tutorial_taskflow_api.py
[2025-02-19T09:56:20.387+0000] {processor.py:914} INFO - Processing file /home/airflow/.local/lib/python3.12/site-packages/airflow/example_dags/tutorial_taskflow_api.py for tasks to queue
[2025-02-19T09:56:20.388+0000] {logging_mixin.py:190} INFO - [2025-02-19T09:56:20.388+0000] {dagbag.py:587} INFO - Filling up the DagBag from /home/airflow/.local/lib/python3.12/site-packages/airflow/example_dags/tutorial_taskflow_api.py
[2025-02-19T09:56:20.394+0000] {processor.py:925} INFO - DAG(s) 'tutorial_taskflow_api' retrieved from /home/airflow/.local/lib/python3.12/site-packages/airflow/example_dags/tutorial_taskflow_api.py
[2025-02-19T09:56:20.411+0000] {logging_mixin.py:190} INFO - [2025-02-19T09:56:20.410+0000] {dag.py:3229} INFO - Sync 1 DAGs
[2025-02-19T09:56:20.422+0000] {logging_mixin.py:190} INFO - [2025-02-19T09:56:20.422+0000] {dag.py:4156} INFO - Setting next_dagrun for tutorial_taskflow_api to None, run_after=None
[2025-02-19T09:56:20.435+0000] {processor.py:208} INFO - Processing /home/airflow/.local/lib/python3.12/site-packages/airflow/example_dags/tutorial_taskflow_api.py took 0.053 seconds
[2025-02-19T09:56:50.825+0000] {processor.py:186} INFO - Started process (PID=2425) to work on /home/airflow/.local/lib/python3.12/site-packages/airflow/example_dags/tutorial_taskflow_api.py
[2025-02-19T09:56:50.826+0000] {processor.py:914} INFO - Processing file /home/airflow/.local/lib/python3.12/site-packages/airflow/example_dags/tutorial_taskflow_api.py for tasks to queue
[2025-02-19T09:56:50.828+0000] {logging_mixin.py:190} INFO - [2025-02-19T09:56:50.828+0000] {dagbag.py:587} INFO - Filling up the DagBag from /home/airflow/.local/lib/python3.12/site-packages/airflow/example_dags/tutorial_taskflow_api.py
[2025-02-19T09:56:50.834+0000] {processor.py:925} INFO - DAG(s) 'tutorial_taskflow_api' retrieved from /home/airflow/.local/lib/python3.12/site-packages/airflow/example_dags/tutorial_taskflow_api.py
[2025-02-19T09:56:50.853+0000] {logging_mixin.py:190} INFO - [2025-02-19T09:56:50.852+0000] {dag.py:3229} INFO - Sync 1 DAGs
[2025-02-19T09:56:50.864+0000] {logging_mixin.py:190} INFO - [2025-02-19T09:56:50.864+0000] {dag.py:4156} INFO - Setting next_dagrun for tutorial_taskflow_api to None, run_after=None
[2025-02-19T09:56:50.878+0000] {processor.py:208} INFO - Processing /home/airflow/.local/lib/python3.12/site-packages/airflow/example_dags/tutorial_taskflow_api.py took 0.057 seconds
[2025-02-19T09:57:21.919+0000] {processor.py:186} INFO - Started process (PID=2489) to work on /home/airflow/.local/lib/python3.12/site-packages/airflow/example_dags/tutorial_taskflow_api.py
[2025-02-19T09:57:21.920+0000] {processor.py:914} INFO - Processing file /home/airflow/.local/lib/python3.12/site-packages/airflow/example_dags/tutorial_taskflow_api.py for tasks to queue
[2025-02-19T09:57:21.922+0000] {logging_mixin.py:190} INFO - [2025-02-19T09:57:21.922+0000] {dagbag.py:587} INFO - Filling up the DagBag from /home/airflow/.local/lib/python3.12/site-packages/airflow/example_dags/tutorial_taskflow_api.py
[2025-02-19T09:57:21.930+0000] {processor.py:925} INFO - DAG(s) 'tutorial_taskflow_api' retrieved from /home/airflow/.local/lib/python3.12/site-packages/airflow/example_dags/tutorial_taskflow_api.py
[2025-02-19T09:57:21.947+0000] {logging_mixin.py:190} INFO - [2025-02-19T09:57:21.946+0000] {dag.py:3229} INFO - Sync 1 DAGs
[2025-02-19T09:57:21.959+0000] {logging_mixin.py:190} INFO - [2025-02-19T09:57:21.959+0000] {dag.py:4156} INFO - Setting next_dagrun for tutorial_taskflow_api to None, run_after=None
[2025-02-19T09:57:21.976+0000] {processor.py:208} INFO - Processing /home/airflow/.local/lib/python3.12/site-packages/airflow/example_dags/tutorial_taskflow_api.py took 0.062 seconds
[2025-02-19T09:57:52.285+0000] {processor.py:186} INFO - Started process (PID=2553) to work on /home/airflow/.local/lib/python3.12/site-packages/airflow/example_dags/tutorial_taskflow_api.py
[2025-02-19T09:57:52.286+0000] {processor.py:914} INFO - Processing file /home/airflow/.local/lib/python3.12/site-packages/airflow/example_dags/tutorial_taskflow_api.py for tasks to queue
[2025-02-19T09:57:52.288+0000] {logging_mixin.py:190} INFO - [2025-02-19T09:57:52.288+0000] {dagbag.py:587} INFO - Filling up the DagBag from /home/airflow/.local/lib/python3.12/site-packages/airflow/example_dags/tutorial_taskflow_api.py
[2025-02-19T09:57:52.294+0000] {processor.py:925} INFO - DAG(s) 'tutorial_taskflow_api' retrieved from /home/airflow/.local/lib/python3.12/site-packages/airflow/example_dags/tutorial_taskflow_api.py
[2025-02-19T09:57:52.313+0000] {logging_mixin.py:190} INFO - [2025-02-19T09:57:52.312+0000] {dag.py:3229} INFO - Sync 1 DAGs
[2025-02-19T09:57:52.324+0000] {logging_mixin.py:190} INFO - [2025-02-19T09:57:52.324+0000] {dag.py:4156} INFO - Setting next_dagrun for tutorial_taskflow_api to None, run_after=None
[2025-02-19T09:57:52.341+0000] {processor.py:208} INFO - Processing /home/airflow/.local/lib/python3.12/site-packages/airflow/example_dags/tutorial_taskflow_api.py took 0.060 seconds
[2025-02-19T09:58:23.037+0000] {processor.py:186} INFO - Started process (PID=2618) to work on /home/airflow/.local/lib/python3.12/site-packages/airflow/example_dags/tutorial_taskflow_api.py
[2025-02-19T09:58:23.038+0000] {processor.py:914} INFO - Processing file /home/airflow/.local/lib/python3.12/site-packages/airflow/example_dags/tutorial_taskflow_api.py for tasks to queue
[2025-02-19T09:58:23.039+0000] {logging_mixin.py:190} INFO - [2025-02-19T09:58:23.039+0000] {dagbag.py:587} INFO - Filling up the DagBag from /home/airflow/.local/lib/python3.12/site-packages/airflow/example_dags/tutorial_taskflow_api.py
[2025-02-19T09:58:23.046+0000] {processor.py:925} INFO - DAG(s) 'tutorial_taskflow_api' retrieved from /home/airflow/.local/lib/python3.12/site-packages/airflow/example_dags/tutorial_taskflow_api.py
[2025-02-19T09:58:23.065+0000] {logging_mixin.py:190} INFO - [2025-02-19T09:58:23.064+0000] {dag.py:3229} INFO - Sync 1 DAGs
[2025-02-19T09:58:23.076+0000] {logging_mixin.py:190} INFO - [2025-02-19T09:58:23.076+0000] {dag.py:4156} INFO - Setting next_dagrun for tutorial_taskflow_api to None, run_after=None
[2025-02-19T09:58:23.091+0000] {processor.py:208} INFO - Processing /home/airflow/.local/lib/python3.12/site-packages/airflow/example_dags/tutorial_taskflow_api.py took 0.059 seconds
[2025-02-19T09:58:54.153+0000] {processor.py:186} INFO - Started process (PID=2687) to work on /home/airflow/.local/lib/python3.12/site-packages/airflow/example_dags/tutorial_taskflow_api.py
[2025-02-19T09:58:54.154+0000] {processor.py:914} INFO - Processing file /home/airflow/.local/lib/python3.12/site-packages/airflow/example_dags/tutorial_taskflow_api.py for tasks to queue
[2025-02-19T09:58:54.156+0000] {logging_mixin.py:190} INFO - [2025-02-19T09:58:54.156+0000] {dagbag.py:587} INFO - Filling up the DagBag from /home/airflow/.local/lib/python3.12/site-packages/airflow/example_dags/tutorial_taskflow_api.py
[2025-02-19T09:58:54.163+0000] {processor.py:925} INFO - DAG(s) 'tutorial_taskflow_api' retrieved from /home/airflow/.local/lib/python3.12/site-packages/airflow/example_dags/tutorial_taskflow_api.py
[2025-02-19T09:58:54.183+0000] {logging_mixin.py:190} INFO - [2025-02-19T09:58:54.182+0000] {dag.py:3229} INFO - Sync 1 DAGs
[2025-02-19T09:58:54.195+0000] {logging_mixin.py:190} INFO - [2025-02-19T09:58:54.195+0000] {dag.py:4156} INFO - Setting next_dagrun for tutorial_taskflow_api to None, run_after=None
[2025-02-19T09:58:54.215+0000] {processor.py:208} INFO - Processing /home/airflow/.local/lib/python3.12/site-packages/airflow/example_dags/tutorial_taskflow_api.py took 0.066 seconds
[2025-02-19T09:59:25.244+0000] {processor.py:186} INFO - Started process (PID=2751) to work on /home/airflow/.local/lib/python3.12/site-packages/airflow/example_dags/tutorial_taskflow_api.py
[2025-02-19T09:59:25.245+0000] {processor.py:914} INFO - Processing file /home/airflow/.local/lib/python3.12/site-packages/airflow/example_dags/tutorial_taskflow_api.py for tasks to queue
[2025-02-19T09:59:25.247+0000] {logging_mixin.py:190} INFO - [2025-02-19T09:59:25.247+0000] {dagbag.py:587} INFO - Filling up the DagBag from /home/airflow/.local/lib/python3.12/site-packages/airflow/example_dags/tutorial_taskflow_api.py
[2025-02-19T09:59:25.253+0000] {processor.py:925} INFO - DAG(s) 'tutorial_taskflow_api' retrieved from /home/airflow/.local/lib/python3.12/site-packages/airflow/example_dags/tutorial_taskflow_api.py
[2025-02-19T09:59:25.270+0000] {logging_mixin.py:190} INFO - [2025-02-19T09:59:25.270+0000] {dag.py:3229} INFO - Sync 1 DAGs
[2025-02-19T09:59:25.282+0000] {logging_mixin.py:190} INFO - [2025-02-19T09:59:25.282+0000] {dag.py:4156} INFO - Setting next_dagrun for tutorial_taskflow_api to None, run_after=None
[2025-02-19T09:59:25.297+0000] {processor.py:208} INFO - Processing /home/airflow/.local/lib/python3.12/site-packages/airflow/example_dags/tutorial_taskflow_api.py took 0.057 seconds
[2025-02-19T10:23:14.586+0000] {logging_mixin.py:190} INFO - [2025-02-19T10:23:14.585+0000] {settings.py:475} DEBUG - Setting up DB connection pool (PID 100)
[2025-02-19T10:23:14.588+0000] {logging_mixin.py:190} INFO - [2025-02-19T10:23:14.587+0000] {settings.py:579} DEBUG - settings.prepare_engine_args(): Using pool settings. pool_size=5, max_overflow=10, pool_recycle=1800, pid=100
[2025-02-19T10:23:14.592+0000] {processor.py:186} INFO - Started process (PID=100) to work on /home/airflow/.local/lib/python3.12/site-packages/airflow/example_dags/tutorial_taskflow_api.py
[2025-02-19T10:23:14.592+0000] {processor.py:914} INFO - Processing file /home/airflow/.local/lib/python3.12/site-packages/airflow/example_dags/tutorial_taskflow_api.py for tasks to queue
[2025-02-19T10:23:14.593+0000] {logging_mixin.py:190} INFO - [2025-02-19T10:23:14.593+0000] {dagbag.py:587} INFO - Filling up the DagBag from /home/airflow/.local/lib/python3.12/site-packages/airflow/example_dags/tutorial_taskflow_api.py
[2025-02-19T10:23:14.594+0000] {logging_mixin.py:190} INFO - [2025-02-19T10:23:14.594+0000] {dagbag.py:368} DEBUG - Importing /home/airflow/.local/lib/python3.12/site-packages/airflow/example_dags/tutorial_taskflow_api.py
[2025-02-19T10:23:14.603+0000] {logging_mixin.py:190} INFO - [2025-02-19T10:23:14.602+0000] {dagbag.py:553} DEBUG - Loaded DAG <DAG: tutorial_taskflow_api>
[2025-02-19T10:23:14.603+0000] {processor.py:925} INFO - DAG(s) 'tutorial_taskflow_api' retrieved from /home/airflow/.local/lib/python3.12/site-packages/airflow/example_dags/tutorial_taskflow_api.py
[2025-02-19T10:23:14.603+0000] {logging_mixin.py:190} INFO - [2025-02-19T10:23:14.603+0000] {dagbag.py:710} DEBUG - Running dagbag.sync_to_db with retries. Try 1 of 3
[2025-02-19T10:23:14.604+0000] {logging_mixin.py:190} INFO - [2025-02-19T10:23:14.604+0000] {dagbag.py:715} DEBUG - Calling the DAG.bulk_sync_to_db method
[2025-02-19T10:23:14.614+0000] {logging_mixin.py:190} INFO - [2025-02-19T10:23:14.614+0000] {serialized_dag.py:168} DEBUG - Checking if DAG (tutorial_taskflow_api) changed
[2025-02-19T10:23:14.622+0000] {logging_mixin.py:190} INFO - [2025-02-19T10:23:14.622+0000] {serialized_dag.py:179} DEBUG - Serialized DAG (tutorial_taskflow_api) is unchanged. Skipping writing to DB
[2025-02-19T10:23:14.623+0000] {logging_mixin.py:190} INFO - [2025-02-19T10:23:14.622+0000] {dag.py:3229} INFO - Sync 1 DAGs
[2025-02-19T10:23:14.637+0000] {logging_mixin.py:190} INFO - [2025-02-19T10:23:14.636+0000] {dag.py:4156} INFO - Setting next_dagrun for tutorial_taskflow_api to None, run_after=None
[2025-02-19T10:23:14.655+0000] {processor.py:208} INFO - Processing /home/airflow/.local/lib/python3.12/site-packages/airflow/example_dags/tutorial_taskflow_api.py took 0.070 seconds
[2025-02-19T10:23:57.057+0000] {logging_mixin.py:190} INFO - [2025-02-19T10:23:57.057+0000] {settings.py:475} DEBUG - Setting up DB connection pool (PID 164)
[2025-02-19T10:23:57.058+0000] {logging_mixin.py:190} INFO - [2025-02-19T10:23:57.058+0000] {settings.py:579} DEBUG - settings.prepare_engine_args(): Using pool settings. pool_size=5, max_overflow=10, pool_recycle=1800, pid=164
[2025-02-19T10:23:57.063+0000] {processor.py:186} INFO - Started process (PID=164) to work on /home/airflow/.local/lib/python3.12/site-packages/airflow/example_dags/tutorial_taskflow_api.py
[2025-02-19T10:23:57.063+0000] {processor.py:914} INFO - Processing file /home/airflow/.local/lib/python3.12/site-packages/airflow/example_dags/tutorial_taskflow_api.py for tasks to queue
[2025-02-19T10:23:57.065+0000] {logging_mixin.py:190} INFO - [2025-02-19T10:23:57.064+0000] {dagbag.py:587} INFO - Filling up the DagBag from /home/airflow/.local/lib/python3.12/site-packages/airflow/example_dags/tutorial_taskflow_api.py
[2025-02-19T10:23:57.066+0000] {logging_mixin.py:190} INFO - [2025-02-19T10:23:57.065+0000] {dagbag.py:368} DEBUG - Importing /home/airflow/.local/lib/python3.12/site-packages/airflow/example_dags/tutorial_taskflow_api.py
[2025-02-19T10:23:57.073+0000] {logging_mixin.py:190} INFO - [2025-02-19T10:23:57.072+0000] {dagbag.py:553} DEBUG - Loaded DAG <DAG: tutorial_taskflow_api>
[2025-02-19T10:23:57.074+0000] {processor.py:925} INFO - DAG(s) 'tutorial_taskflow_api' retrieved from /home/airflow/.local/lib/python3.12/site-packages/airflow/example_dags/tutorial_taskflow_api.py
[2025-02-19T10:23:57.074+0000] {logging_mixin.py:190} INFO - [2025-02-19T10:23:57.074+0000] {dagbag.py:710} DEBUG - Running dagbag.sync_to_db with retries. Try 1 of 3
[2025-02-19T10:23:57.075+0000] {logging_mixin.py:190} INFO - [2025-02-19T10:23:57.074+0000] {dagbag.py:715} DEBUG - Calling the DAG.bulk_sync_to_db method
[2025-02-19T10:23:57.085+0000] {logging_mixin.py:190} INFO - [2025-02-19T10:23:57.084+0000] {serialized_dag.py:168} DEBUG - Checking if DAG (tutorial_taskflow_api) changed
[2025-02-19T10:23:57.094+0000] {logging_mixin.py:190} INFO - [2025-02-19T10:23:57.094+0000] {serialized_dag.py:179} DEBUG - Serialized DAG (tutorial_taskflow_api) is unchanged. Skipping writing to DB
[2025-02-19T10:23:57.095+0000] {logging_mixin.py:190} INFO - [2025-02-19T10:23:57.094+0000] {dag.py:3229} INFO - Sync 1 DAGs
[2025-02-19T10:23:57.109+0000] {logging_mixin.py:190} INFO - [2025-02-19T10:23:57.109+0000] {dag.py:4156} INFO - Setting next_dagrun for tutorial_taskflow_api to None, run_after=None
[2025-02-19T10:23:57.127+0000] {processor.py:208} INFO - Processing /home/airflow/.local/lib/python3.12/site-packages/airflow/example_dags/tutorial_taskflow_api.py took 0.070 seconds
[2025-02-19T10:24:27.488+0000] {logging_mixin.py:190} INFO - [2025-02-19T10:24:27.487+0000] {settings.py:475} DEBUG - Setting up DB connection pool (PID 228)
[2025-02-19T10:24:27.489+0000] {logging_mixin.py:190} INFO - [2025-02-19T10:24:27.489+0000] {settings.py:579} DEBUG - settings.prepare_engine_args(): Using pool settings. pool_size=5, max_overflow=10, pool_recycle=1800, pid=228
[2025-02-19T10:24:27.493+0000] {processor.py:186} INFO - Started process (PID=228) to work on /home/airflow/.local/lib/python3.12/site-packages/airflow/example_dags/tutorial_taskflow_api.py
[2025-02-19T10:24:27.493+0000] {processor.py:914} INFO - Processing file /home/airflow/.local/lib/python3.12/site-packages/airflow/example_dags/tutorial_taskflow_api.py for tasks to queue
[2025-02-19T10:24:27.494+0000] {logging_mixin.py:190} INFO - [2025-02-19T10:24:27.494+0000] {dagbag.py:587} INFO - Filling up the DagBag from /home/airflow/.local/lib/python3.12/site-packages/airflow/example_dags/tutorial_taskflow_api.py
[2025-02-19T10:24:27.495+0000] {logging_mixin.py:190} INFO - [2025-02-19T10:24:27.495+0000] {dagbag.py:368} DEBUG - Importing /home/airflow/.local/lib/python3.12/site-packages/airflow/example_dags/tutorial_taskflow_api.py
[2025-02-19T10:24:27.502+0000] {logging_mixin.py:190} INFO - [2025-02-19T10:24:27.501+0000] {dagbag.py:553} DEBUG - Loaded DAG <DAG: tutorial_taskflow_api>
[2025-02-19T10:24:27.502+0000] {processor.py:925} INFO - DAG(s) 'tutorial_taskflow_api' retrieved from /home/airflow/.local/lib/python3.12/site-packages/airflow/example_dags/tutorial_taskflow_api.py
[2025-02-19T10:24:27.502+0000] {logging_mixin.py:190} INFO - [2025-02-19T10:24:27.502+0000] {dagbag.py:710} DEBUG - Running dagbag.sync_to_db with retries. Try 1 of 3
[2025-02-19T10:24:27.503+0000] {logging_mixin.py:190} INFO - [2025-02-19T10:24:27.502+0000] {dagbag.py:715} DEBUG - Calling the DAG.bulk_sync_to_db method
[2025-02-19T10:24:27.513+0000] {logging_mixin.py:190} INFO - [2025-02-19T10:24:27.512+0000] {serialized_dag.py:168} DEBUG - Checking if DAG (tutorial_taskflow_api) changed
[2025-02-19T10:24:27.521+0000] {logging_mixin.py:190} INFO - [2025-02-19T10:24:27.521+0000] {serialized_dag.py:179} DEBUG - Serialized DAG (tutorial_taskflow_api) is unchanged. Skipping writing to DB
[2025-02-19T10:24:27.521+0000] {logging_mixin.py:190} INFO - [2025-02-19T10:24:27.521+0000] {dag.py:3229} INFO - Sync 1 DAGs
[2025-02-19T10:24:27.533+0000] {logging_mixin.py:190} INFO - [2025-02-19T10:24:27.533+0000] {dag.py:4156} INFO - Setting next_dagrun for tutorial_taskflow_api to None, run_after=None
[2025-02-19T10:24:27.549+0000] {processor.py:208} INFO - Processing /home/airflow/.local/lib/python3.12/site-packages/airflow/example_dags/tutorial_taskflow_api.py took 0.061 seconds
[2025-02-19T10:24:58.163+0000] {logging_mixin.py:190} INFO - [2025-02-19T10:24:58.163+0000] {settings.py:475} DEBUG - Setting up DB connection pool (PID 297)
[2025-02-19T10:24:58.165+0000] {logging_mixin.py:190} INFO - [2025-02-19T10:24:58.164+0000] {settings.py:579} DEBUG - settings.prepare_engine_args(): Using pool settings. pool_size=5, max_overflow=10, pool_recycle=1800, pid=297
[2025-02-19T10:24:58.170+0000] {processor.py:186} INFO - Started process (PID=297) to work on /home/airflow/.local/lib/python3.12/site-packages/airflow/example_dags/tutorial_taskflow_api.py
[2025-02-19T10:24:58.170+0000] {processor.py:914} INFO - Processing file /home/airflow/.local/lib/python3.12/site-packages/airflow/example_dags/tutorial_taskflow_api.py for tasks to queue
[2025-02-19T10:24:58.171+0000] {logging_mixin.py:190} INFO - [2025-02-19T10:24:58.171+0000] {dagbag.py:587} INFO - Filling up the DagBag from /home/airflow/.local/lib/python3.12/site-packages/airflow/example_dags/tutorial_taskflow_api.py
[2025-02-19T10:24:58.172+0000] {logging_mixin.py:190} INFO - [2025-02-19T10:24:58.172+0000] {dagbag.py:368} DEBUG - Importing /home/airflow/.local/lib/python3.12/site-packages/airflow/example_dags/tutorial_taskflow_api.py
[2025-02-19T10:24:58.181+0000] {logging_mixin.py:190} INFO - [2025-02-19T10:24:58.180+0000] {dagbag.py:553} DEBUG - Loaded DAG <DAG: tutorial_taskflow_api>
[2025-02-19T10:24:58.182+0000] {processor.py:925} INFO - DAG(s) 'tutorial_taskflow_api' retrieved from /home/airflow/.local/lib/python3.12/site-packages/airflow/example_dags/tutorial_taskflow_api.py
[2025-02-19T10:24:58.183+0000] {logging_mixin.py:190} INFO - [2025-02-19T10:24:58.182+0000] {dagbag.py:710} DEBUG - Running dagbag.sync_to_db with retries. Try 1 of 3
[2025-02-19T10:24:58.183+0000] {logging_mixin.py:190} INFO - [2025-02-19T10:24:58.183+0000] {dagbag.py:715} DEBUG - Calling the DAG.bulk_sync_to_db method
[2025-02-19T10:24:58.195+0000] {logging_mixin.py:190} INFO - [2025-02-19T10:24:58.194+0000] {serialized_dag.py:168} DEBUG - Checking if DAG (tutorial_taskflow_api) changed
[2025-02-19T10:24:58.203+0000] {logging_mixin.py:190} INFO - [2025-02-19T10:24:58.203+0000] {serialized_dag.py:179} DEBUG - Serialized DAG (tutorial_taskflow_api) is unchanged. Skipping writing to DB
[2025-02-19T10:24:58.204+0000] {logging_mixin.py:190} INFO - [2025-02-19T10:24:58.203+0000] {dag.py:3229} INFO - Sync 1 DAGs
[2025-02-19T10:24:58.218+0000] {logging_mixin.py:190} INFO - [2025-02-19T10:24:58.218+0000] {dag.py:4156} INFO - Setting next_dagrun for tutorial_taskflow_api to None, run_after=None
[2025-02-19T10:24:58.242+0000] {processor.py:208} INFO - Processing /home/airflow/.local/lib/python3.12/site-packages/airflow/example_dags/tutorial_taskflow_api.py took 0.079 seconds
[2025-02-19T10:25:28.423+0000] {logging_mixin.py:190} INFO - [2025-02-19T10:25:28.423+0000] {settings.py:475} DEBUG - Setting up DB connection pool (PID 361)
[2025-02-19T10:25:28.425+0000] {logging_mixin.py:190} INFO - [2025-02-19T10:25:28.424+0000] {settings.py:579} DEBUG - settings.prepare_engine_args(): Using pool settings. pool_size=5, max_overflow=10, pool_recycle=1800, pid=361
[2025-02-19T10:25:28.429+0000] {processor.py:186} INFO - Started process (PID=361) to work on /home/airflow/.local/lib/python3.12/site-packages/airflow/example_dags/tutorial_taskflow_api.py
[2025-02-19T10:25:28.429+0000] {processor.py:914} INFO - Processing file /home/airflow/.local/lib/python3.12/site-packages/airflow/example_dags/tutorial_taskflow_api.py for tasks to queue
[2025-02-19T10:25:28.430+0000] {logging_mixin.py:190} INFO - [2025-02-19T10:25:28.430+0000] {dagbag.py:587} INFO - Filling up the DagBag from /home/airflow/.local/lib/python3.12/site-packages/airflow/example_dags/tutorial_taskflow_api.py
[2025-02-19T10:25:28.431+0000] {logging_mixin.py:190} INFO - [2025-02-19T10:25:28.431+0000] {dagbag.py:368} DEBUG - Importing /home/airflow/.local/lib/python3.12/site-packages/airflow/example_dags/tutorial_taskflow_api.py
[2025-02-19T10:25:28.438+0000] {logging_mixin.py:190} INFO - [2025-02-19T10:25:28.437+0000] {dagbag.py:553} DEBUG - Loaded DAG <DAG: tutorial_taskflow_api>
[2025-02-19T10:25:28.439+0000] {processor.py:925} INFO - DAG(s) 'tutorial_taskflow_api' retrieved from /home/airflow/.local/lib/python3.12/site-packages/airflow/example_dags/tutorial_taskflow_api.py
[2025-02-19T10:25:28.439+0000] {logging_mixin.py:190} INFO - [2025-02-19T10:25:28.439+0000] {dagbag.py:710} DEBUG - Running dagbag.sync_to_db with retries. Try 1 of 3
[2025-02-19T10:25:28.439+0000] {logging_mixin.py:190} INFO - [2025-02-19T10:25:28.439+0000] {dagbag.py:715} DEBUG - Calling the DAG.bulk_sync_to_db method
[2025-02-19T10:25:28.450+0000] {logging_mixin.py:190} INFO - [2025-02-19T10:25:28.449+0000] {serialized_dag.py:168} DEBUG - Checking if DAG (tutorial_taskflow_api) changed
[2025-02-19T10:25:28.457+0000] {logging_mixin.py:190} INFO - [2025-02-19T10:25:28.457+0000] {serialized_dag.py:179} DEBUG - Serialized DAG (tutorial_taskflow_api) is unchanged. Skipping writing to DB
[2025-02-19T10:25:28.458+0000] {logging_mixin.py:190} INFO - [2025-02-19T10:25:28.458+0000] {dag.py:3229} INFO - Sync 1 DAGs
[2025-02-19T10:25:28.471+0000] {logging_mixin.py:190} INFO - [2025-02-19T10:25:28.471+0000] {dag.py:4156} INFO - Setting next_dagrun for tutorial_taskflow_api to None, run_after=None
[2025-02-19T10:25:28.488+0000] {processor.py:208} INFO - Processing /home/airflow/.local/lib/python3.12/site-packages/airflow/example_dags/tutorial_taskflow_api.py took 0.065 seconds
[2025-02-19T10:25:59.166+0000] {logging_mixin.py:190} INFO - [2025-02-19T10:25:59.166+0000] {settings.py:475} DEBUG - Setting up DB connection pool (PID 425)
[2025-02-19T10:25:59.167+0000] {logging_mixin.py:190} INFO - [2025-02-19T10:25:59.167+0000] {settings.py:579} DEBUG - settings.prepare_engine_args(): Using pool settings. pool_size=5, max_overflow=10, pool_recycle=1800, pid=425
[2025-02-19T10:25:59.172+0000] {processor.py:186} INFO - Started process (PID=425) to work on /home/airflow/.local/lib/python3.12/site-packages/airflow/example_dags/tutorial_taskflow_api.py
[2025-02-19T10:25:59.172+0000] {processor.py:914} INFO - Processing file /home/airflow/.local/lib/python3.12/site-packages/airflow/example_dags/tutorial_taskflow_api.py for tasks to queue
[2025-02-19T10:25:59.173+0000] {logging_mixin.py:190} INFO - [2025-02-19T10:25:59.173+0000] {dagbag.py:587} INFO - Filling up the DagBag from /home/airflow/.local/lib/python3.12/site-packages/airflow/example_dags/tutorial_taskflow_api.py
[2025-02-19T10:25:59.174+0000] {logging_mixin.py:190} INFO - [2025-02-19T10:25:59.174+0000] {dagbag.py:368} DEBUG - Importing /home/airflow/.local/lib/python3.12/site-packages/airflow/example_dags/tutorial_taskflow_api.py
[2025-02-19T10:25:59.181+0000] {logging_mixin.py:190} INFO - [2025-02-19T10:25:59.180+0000] {dagbag.py:553} DEBUG - Loaded DAG <DAG: tutorial_taskflow_api>
[2025-02-19T10:25:59.181+0000] {processor.py:925} INFO - DAG(s) 'tutorial_taskflow_api' retrieved from /home/airflow/.local/lib/python3.12/site-packages/airflow/example_dags/tutorial_taskflow_api.py
[2025-02-19T10:25:59.182+0000] {logging_mixin.py:190} INFO - [2025-02-19T10:25:59.182+0000] {dagbag.py:710} DEBUG - Running dagbag.sync_to_db with retries. Try 1 of 3
[2025-02-19T10:25:59.182+0000] {logging_mixin.py:190} INFO - [2025-02-19T10:25:59.182+0000] {dagbag.py:715} DEBUG - Calling the DAG.bulk_sync_to_db method
[2025-02-19T10:25:59.192+0000] {logging_mixin.py:190} INFO - [2025-02-19T10:25:59.192+0000] {serialized_dag.py:168} DEBUG - Checking if DAG (tutorial_taskflow_api) changed
[2025-02-19T10:25:59.200+0000] {logging_mixin.py:190} INFO - [2025-02-19T10:25:59.200+0000] {serialized_dag.py:179} DEBUG - Serialized DAG (tutorial_taskflow_api) is unchanged. Skipping writing to DB
[2025-02-19T10:25:59.200+0000] {logging_mixin.py:190} INFO - [2025-02-19T10:25:59.200+0000] {dag.py:3229} INFO - Sync 1 DAGs
[2025-02-19T10:25:59.212+0000] {logging_mixin.py:190} INFO - [2025-02-19T10:25:59.212+0000] {dag.py:4156} INFO - Setting next_dagrun for tutorial_taskflow_api to None, run_after=None
[2025-02-19T10:25:59.229+0000] {processor.py:208} INFO - Processing /home/airflow/.local/lib/python3.12/site-packages/airflow/example_dags/tutorial_taskflow_api.py took 0.063 seconds
[2025-02-19T10:26:29.830+0000] {logging_mixin.py:190} INFO - [2025-02-19T10:26:29.829+0000] {settings.py:475} DEBUG - Setting up DB connection pool (PID 489)
[2025-02-19T10:26:29.831+0000] {logging_mixin.py:190} INFO - [2025-02-19T10:26:29.831+0000] {settings.py:579} DEBUG - settings.prepare_engine_args(): Using pool settings. pool_size=5, max_overflow=10, pool_recycle=1800, pid=489
[2025-02-19T10:26:29.836+0000] {processor.py:186} INFO - Started process (PID=489) to work on /home/airflow/.local/lib/python3.12/site-packages/airflow/example_dags/tutorial_taskflow_api.py
[2025-02-19T10:26:29.836+0000] {processor.py:914} INFO - Processing file /home/airflow/.local/lib/python3.12/site-packages/airflow/example_dags/tutorial_taskflow_api.py for tasks to queue
[2025-02-19T10:26:29.837+0000] {logging_mixin.py:190} INFO - [2025-02-19T10:26:29.837+0000] {dagbag.py:587} INFO - Filling up the DagBag from /home/airflow/.local/lib/python3.12/site-packages/airflow/example_dags/tutorial_taskflow_api.py
[2025-02-19T10:26:29.838+0000] {logging_mixin.py:190} INFO - [2025-02-19T10:26:29.838+0000] {dagbag.py:368} DEBUG - Importing /home/airflow/.local/lib/python3.12/site-packages/airflow/example_dags/tutorial_taskflow_api.py
[2025-02-19T10:26:29.845+0000] {logging_mixin.py:190} INFO - [2025-02-19T10:26:29.844+0000] {dagbag.py:553} DEBUG - Loaded DAG <DAG: tutorial_taskflow_api>
[2025-02-19T10:26:29.846+0000] {processor.py:925} INFO - DAG(s) 'tutorial_taskflow_api' retrieved from /home/airflow/.local/lib/python3.12/site-packages/airflow/example_dags/tutorial_taskflow_api.py
[2025-02-19T10:26:29.846+0000] {logging_mixin.py:190} INFO - [2025-02-19T10:26:29.846+0000] {dagbag.py:710} DEBUG - Running dagbag.sync_to_db with retries. Try 1 of 3
[2025-02-19T10:26:29.846+0000] {logging_mixin.py:190} INFO - [2025-02-19T10:26:29.846+0000] {dagbag.py:715} DEBUG - Calling the DAG.bulk_sync_to_db method
[2025-02-19T10:26:29.856+0000] {logging_mixin.py:190} INFO - [2025-02-19T10:26:29.856+0000] {serialized_dag.py:168} DEBUG - Checking if DAG (tutorial_taskflow_api) changed
[2025-02-19T10:26:29.864+0000] {logging_mixin.py:190} INFO - [2025-02-19T10:26:29.863+0000] {serialized_dag.py:179} DEBUG - Serialized DAG (tutorial_taskflow_api) is unchanged. Skipping writing to DB
[2025-02-19T10:26:29.864+0000] {logging_mixin.py:190} INFO - [2025-02-19T10:26:29.864+0000] {dag.py:3229} INFO - Sync 1 DAGs
[2025-02-19T10:26:29.876+0000] {logging_mixin.py:190} INFO - [2025-02-19T10:26:29.876+0000] {dag.py:4156} INFO - Setting next_dagrun for tutorial_taskflow_api to None, run_after=None
[2025-02-19T10:26:29.891+0000] {processor.py:208} INFO - Processing /home/airflow/.local/lib/python3.12/site-packages/airflow/example_dags/tutorial_taskflow_api.py took 0.061 seconds
