[2025-02-19T09:38:30.921+0000] {local_task_job_runner.py:123} INFO - ::group::Pre task execution logs
[2025-02-19T09:38:30.938+0000] {taskinstance.py:2612} INFO - Dependencies all met for dep_context=non-requeueable deps ti=<TaskInstance: etl_pipeline.ingest_csv scheduled__2025-02-18T00:00:00+00:00 [queued]>
[2025-02-19T09:38:30.948+0000] {taskinstance.py:2612} INFO - Dependencies all met for dep_context=requeueable deps ti=<TaskInstance: etl_pipeline.ingest_csv scheduled__2025-02-18T00:00:00+00:00 [queued]>
[2025-02-19T09:38:30.948+0000] {taskinstance.py:2865} INFO - Starting attempt 1 of 3
[2025-02-19T09:38:30.974+0000] {taskinstance.py:2888} INFO - Executing <Task(PythonOperator): ingest_csv> on 2025-02-18 00:00:00+00:00
[2025-02-19T09:38:30.985+0000] {warnings.py:112} WARNING - /home/***/.local/lib/python3.12/site-packages/***/task/task_runner/standard_task_runner.py:70: DeprecationWarning: This process (pid=74) is multi-threaded, use of fork() may lead to deadlocks in the child.
  pid = os.fork()

[2025-02-19T09:38:30.987+0000] {standard_task_runner.py:72} INFO - Started process 83 to run task
[2025-02-19T09:38:30.989+0000] {standard_task_runner.py:104} INFO - Running: ['***', 'tasks', 'run', 'etl_pipeline', 'ingest_csv', 'scheduled__2025-02-18T00:00:00+00:00', '--job-id', '62', '--raw', '--subdir', 'DAGS_FOLDER/etl_pipeline.py', '--cfg-path', '/tmp/tmpswfg_v0l']
[2025-02-19T09:38:30.990+0000] {standard_task_runner.py:105} INFO - Job 62: Subtask ingest_csv
[2025-02-19T09:38:31.079+0000] {task_command.py:467} INFO - Running <TaskInstance: etl_pipeline.ingest_csv scheduled__2025-02-18T00:00:00+00:00 [running]> on host fb45ff33766c
[2025-02-19T09:38:31.177+0000] {taskinstance.py:3131} INFO - Exporting env vars: AIRFLOW_CTX_DAG_EMAIL='your_email@example.com' AIRFLOW_CTX_DAG_OWNER='***' AIRFLOW_CTX_DAG_ID='etl_pipeline' AIRFLOW_CTX_TASK_ID='ingest_csv' AIRFLOW_CTX_EXECUTION_DATE='2025-02-18T00:00:00+00:00' AIRFLOW_CTX_TRY_NUMBER='1' AIRFLOW_CTX_DAG_RUN_ID='scheduled__2025-02-18T00:00:00+00:00'
[2025-02-19T09:38:31.178+0000] {logging_mixin.py:190} INFO - Task instance is in running state
[2025-02-19T09:38:31.179+0000] {logging_mixin.py:190} INFO -  Previous state of the Task instance: queued
[2025-02-19T09:38:31.179+0000] {logging_mixin.py:190} INFO - Current task name:ingest_csv state:running start_date:2025-02-19 09:38:30.939090+00:00
[2025-02-19T09:38:31.179+0000] {logging_mixin.py:190} INFO - Dag name:etl_pipeline and current dag run status:running
[2025-02-19T09:38:31.180+0000] {taskinstance.py:731} INFO - ::endgroup::
[2025-02-19T09:38:31.548+0000] {etl_pipeline.py:34} INFO - CSV ingested and saved to /tmp/CO2_per_capita.csv
[2025-02-19T09:38:31.548+0000] {python.py:240} INFO - Done. Returned value was: /tmp/CO2_per_capita.csv
[2025-02-19T09:38:31.569+0000] {taskinstance.py:340} INFO - ::group::Post task execution logs
[2025-02-19T09:38:31.570+0000] {taskinstance.py:352} INFO - Marking task as SUCCESS. dag_id=etl_pipeline, task_id=ingest_csv, run_id=scheduled__2025-02-18T00:00:00+00:00, execution_date=20250218T000000, start_date=20250219T093830, end_date=20250219T093831
[2025-02-19T09:38:31.577+0000] {logging_mixin.py:190} INFO - Task instance in success state
[2025-02-19T09:38:31.578+0000] {logging_mixin.py:190} INFO -  Previous state of the Task instance: running
[2025-02-19T09:38:31.578+0000] {logging_mixin.py:190} INFO - Dag name:etl_pipeline queued_at:2025-02-19 09:38:17.399182+00:00
[2025-02-19T09:38:31.578+0000] {logging_mixin.py:190} INFO - Task hostname:fb45ff33766c operator:PythonOperator
[2025-02-19T09:38:31.604+0000] {local_task_job_runner.py:266} INFO - Task exited with return code 0
[2025-02-19T09:38:31.612+0000] {local_task_job_runner.py:245} INFO - ::endgroup::
